[0.585s] Invoking command in '/home/inouemakoto/interbotix_ws/build/moveit_service': PYTHONPATH=/home/inouemakoto/interbotix_ws/build/moveit_service/prefix_override:/home/inouemakoto/interbotix_ws/install/moveit_service/lib/python3.10/site-packages:${PYTHONPATH} /usr/bin/python3 setup.py develop --editable --build-directory /home/inouemakoto/interbotix_ws/build/moveit_service/build --no-deps install_data
[0.822s] running develop
[0.822s] /usr/lib/python3/dist-packages/setuptools/command/easy_install.py:158: EasyInstallDeprecationWarning: easy_install command is deprecated. Use build and pip and other standards-based tools.
[0.822s]   warnings.warn(
[0.823s] /usr/lib/python3/dist-packages/setuptools/command/install.py:34: SetuptoolsDeprecationWarning: setup.py install is deprecated. Use build and pip and other standards-based tools.
[0.823s]   warnings.warn(
[0.877s] /usr/lib/python3/dist-packages/pkg_resources/__init__.py:116: PkgResourcesDeprecationWarning: 1.16.0-unknown is an invalid version and will not be supported in a future release
[0.877s]   warnings.warn(
[0.877s] /usr/lib/python3/dist-packages/pkg_resources/__init__.py:116: PkgResourcesDeprecationWarning: 0.1.43ubuntu1 is an invalid version and will not be supported in a future release
[0.877s]   warnings.warn(
[0.878s] /usr/lib/python3/dist-packages/pkg_resources/__init__.py:116: PkgResourcesDeprecationWarning: 1.1build1 is an invalid version and will not be supported in a future release
[0.878s]   warnings.warn(
[0.878s] /usr/lib/python3/dist-packages/pkg_resources/__init__.py:116: PkgResourcesDeprecationWarning: 1.12.1-git20200711.33e2d80-dfsg1-0.6 is an invalid version and will not be supported in a future release
[0.878s]   warnings.warn(
[0.977s] running egg_info
[0.977s] writing moveit_service.egg-info/PKG-INFO
[0.977s] writing dependency_links to moveit_service.egg-info/dependency_links.txt
[0.977s] writing entry points to moveit_service.egg-info/entry_points.txt
[0.977s] writing requirements to moveit_service.egg-info/requires.txt
[0.978s] writing top-level names to moveit_service.egg-info/top_level.txt
[0.978s] package init file 'moveit_service/__init__.py' not found (or not a regular file)
[0.979s] reading manifest file 'moveit_service.egg-info/SOURCES.txt'
[0.979s] writing manifest file 'moveit_service.egg-info/SOURCES.txt'
[1.012s] running build_ext
[1.012s] Creating /home/inouemakoto/interbotix_ws/install/moveit_service/lib/python3.10/site-packages/moveit-service.egg-link (link to .)
[1.013s] Installing moveit_order script to /home/inouemakoto/interbotix_ws/install/moveit_service/lib/moveit_service
[1.013s] 
[1.013s] Installed /home/inouemakoto/interbotix_ws/build/moveit_service
[1.013s] running install_data
[1.036s] Invoked command in '/home/inouemakoto/interbotix_ws/build/moveit_service' returned '0': PYTHONPATH=/home/inouemakoto/interbotix_ws/build/moveit_service/prefix_override:/home/inouemakoto/interbotix_ws/install/moveit_service/lib/python3.10/site-packages:${PYTHONPATH} /usr/bin/python3 setup.py develop --editable --build-directory /home/inouemakoto/interbotix_ws/build/moveit_service/build --no-deps install_data
