[0.283s] Invoking command in '/home/inouemakoto/interbotix_ws/build/vx300s_moveit_config': CMAKE_PREFIX_PATH=${CMAKE_PREFIX_PATH}:/home/inouemakoto/interbotix_ws/install/interbotix_xs_modules:/home/inouemakoto/interbotix_ws/install/interbotix_common_modules:/home/inouemakoto/install/interbotix_xs_modules:/home/inouemakoto/install/interbotix_common_modules:/home/inouemakoto/ws_moveit2/install/moveit_configs_utils:/home/inouemakoto/ws_moveit2/install/launch_param_builder:/opt/ros/humble /usr/bin/cmake /home/inouemakoto/interbotix_ws/src/vx300s_moveit_config -DCMAKE_BUILD_TYPE=Debug -DCMAKE_INSTALL_PREFIX=/home/inouemakoto/interbotix_ws/install/vx300s_moveit_config
[0.295s] -- Found ament_cmake: 1.3.4 (/opt/ros/humble/share/ament_cmake/cmake)
[0.464s] -- Found moveit_ros_planning_interface: 2.5.4 (/home/inouemakoto/ws_moveit2/install/moveit_ros_planning_interface/share/moveit_ros_planning_interface/cmake)
[0.475s] -- Found Boost: /usr/lib/x86_64-linux-gnu/cmake/Boost-1.74.0/BoostConfig.cmake (found version "1.74.0") found components: date_time filesystem program_options system thread 
[0.505s] -- Found rosidl_generator_c: 3.1.4 (/opt/ros/humble/share/rosidl_generator_c/cmake)
[0.507s] -- Found rosidl_adapter: 3.1.4 (/opt/ros/humble/share/rosidl_adapter/cmake)
[0.513s] -- Found rosidl_generator_cpp: 3.1.4 (/opt/ros/humble/share/rosidl_generator_cpp/cmake)
[0.530s] -- Using all available rosidl_typesupport_c: rosidl_typesupport_fastrtps_c;rosidl_typesupport_introspection_c
[0.550s] -- Using all available rosidl_typesupport_cpp: rosidl_typesupport_fastrtps_cpp;rosidl_typesupport_introspection_cpp
[1.579s] -- Found Boost: /usr/lib/x86_64-linux-gnu/cmake/Boost-1.74.0/BoostConfig.cmake (found version "1.74.0") found components: chrono date_time filesystem iostreams program_options regex serialization system thread 
[1.586s] -- Found parameter_traits: 0.3.3 (/opt/ros/humble/share/parameter_traits/cmake)
[1.654s] -- Found rmw_implementation_cmake: 6.1.1 (/opt/ros/humble/share/rmw_implementation_cmake/cmake)
[1.662s] -- Found rmw_fastrtps_cpp: 6.2.2 (/opt/ros/humble/share/rmw_fastrtps_cpp/cmake)
[1.820s] -- Using RMW implementation 'rmw_fastrtps_cpp' as default
[1.968s] -- Found rclcpp_lifecycle: 16.0.4 (/opt/ros/humble/share/rclcpp_lifecycle/cmake)
[2.036s] -- Found Boost: /usr/lib/x86_64-linux-gnu/cmake/Boost-1.74.0/BoostConfig.cmake (found version "1.74.0") found components: filesystem 
[2.095s] -- library: /usr/lib/x86_64-linux-gnu/libcurl.so
[2.247s] -- Ensuring Eigen3 include directory is part of orocos-kdl CMake target
[2.727s] -- Found Boost: /usr/lib/x86_64-linux-gnu/cmake/Boost-1.74.0/BoostConfig.cmake (found version "1.74.0") found components: system filesystem date_time program_options thread chrono 
[3.253s] -- Found Boost: /usr/lib/x86_64-linux-gnu/cmake/Boost-1.74.0/BoostConfig.cmake (found version "1.74.0") found components: thread system filesystem regex date_time program_options 
[3.489s] -- Found Boost: /usr/lib/x86_64-linux-gnu/cmake/Boost-1.74.0/BoostConfig.cmake (found version "1.74.0") found components: system filesystem date_time program_options thread 
[3.908s] -- Found control_msgs: 4.4.0 (/opt/ros/humble/share/control_msgs/cmake)
[4.102s] -- Found Boost: /usr/lib/x86_64-linux-gnu/cmake/Boost-1.74.0/BoostConfig.cmake (found version "1.74.0") found components: system 
[4.178s] -- Configuring done
[4.184s] -- Generating done
[4.185s] -- Build files have been written to: /home/inouemakoto/interbotix_ws/build/vx300s_moveit_config
[4.193s] Invoked command in '/home/inouemakoto/interbotix_ws/build/vx300s_moveit_config' returned '0': CMAKE_PREFIX_PATH=${CMAKE_PREFIX_PATH}:/home/inouemakoto/interbotix_ws/install/interbotix_xs_modules:/home/inouemakoto/interbotix_ws/install/interbotix_common_modules:/home/inouemakoto/install/interbotix_xs_modules:/home/inouemakoto/install/interbotix_common_modules:/home/inouemakoto/ws_moveit2/install/moveit_configs_utils:/home/inouemakoto/ws_moveit2/install/launch_param_builder:/opt/ros/humble /usr/bin/cmake /home/inouemakoto/interbotix_ws/src/vx300s_moveit_config -DCMAKE_BUILD_TYPE=Debug -DCMAKE_INSTALL_PREFIX=/home/inouemakoto/interbotix_ws/install/vx300s_moveit_config
[4.194s] Invoking command in '/home/inouemakoto/interbotix_ws/build/vx300s_moveit_config': CMAKE_PREFIX_PATH=${CMAKE_PREFIX_PATH}:/home/inouemakoto/interbotix_ws/install/interbotix_xs_modules:/home/inouemakoto/interbotix_ws/install/interbotix_common_modules:/home/inouemakoto/install/interbotix_xs_modules:/home/inouemakoto/install/interbotix_common_modules:/home/inouemakoto/ws_moveit2/install/moveit_configs_utils:/home/inouemakoto/ws_moveit2/install/launch_param_builder:/opt/ros/humble /usr/bin/cmake --build /home/inouemakoto/interbotix_ws/build/vx300s_moveit_config -- -j20 -l20
[4.237s] Invoked command in '/home/inouemakoto/interbotix_ws/build/vx300s_moveit_config' returned '0': CMAKE_PREFIX_PATH=${CMAKE_PREFIX_PATH}:/home/inouemakoto/interbotix_ws/install/interbotix_xs_modules:/home/inouemakoto/interbotix_ws/install/interbotix_common_modules:/home/inouemakoto/install/interbotix_xs_modules:/home/inouemakoto/install/interbotix_common_modules:/home/inouemakoto/ws_moveit2/install/moveit_configs_utils:/home/inouemakoto/ws_moveit2/install/launch_param_builder:/opt/ros/humble /usr/bin/cmake --build /home/inouemakoto/interbotix_ws/build/vx300s_moveit_config -- -j20 -l20
[4.268s] Invoking command in '/home/inouemakoto/interbotix_ws/build/vx300s_moveit_config': CMAKE_PREFIX_PATH=${CMAKE_PREFIX_PATH}:/home/inouemakoto/interbotix_ws/install/interbotix_xs_modules:/home/inouemakoto/interbotix_ws/install/interbotix_common_modules:/home/inouemakoto/install/interbotix_xs_modules:/home/inouemakoto/install/interbotix_common_modules:/home/inouemakoto/ws_moveit2/install/moveit_configs_utils:/home/inouemakoto/ws_moveit2/install/launch_param_builder:/opt/ros/humble /usr/bin/cmake --install /home/inouemakoto/interbotix_ws/build/vx300s_moveit_config
[4.277s] -- Install configuration: "Debug"
[4.277s] -- Up-to-date: /home/inouemakoto/interbotix_ws/install/vx300s_moveit_config/share/vx300s_moveit_config//launch
[4.277s] -- Up-to-date: /home/inouemakoto/interbotix_ws/install/vx300s_moveit_config/share/vx300s_moveit_config//launch/moveit_demo.launch.py
[4.277s] -- Up-to-date: /home/inouemakoto/interbotix_ws/install/vx300s_moveit_config/share/vx300s_moveit_config//config
[4.277s] -- Up-to-date: /home/inouemakoto/interbotix_ws/install/vx300s_moveit_config/share/vx300s_moveit_config//config/vx300s.srdf.xacro
[4.277s] -- Up-to-date: /home/inouemakoto/interbotix_ws/install/vx300s_moveit_config/share/vx300s_moveit_config//config/ompl_planning.yaml
[4.277s] -- Up-to-date: /home/inouemakoto/interbotix_ws/install/vx300s_moveit_config/share/vx300s_moveit_config//config/vx300s_ros2_controllers.yaml
[4.277s] -- Up-to-date: /home/inouemakoto/interbotix_ws/install/vx300s_moveit_config/share/vx300s_moveit_config//config/modes.yaml
[4.278s] -- Up-to-date: /home/inouemakoto/interbotix_ws/install/vx300s_moveit_config/share/vx300s_moveit_config//config/vx300s_joint_limits.yaml
[4.278s] -- Up-to-date: /home/inouemakoto/interbotix_ws/install/vx300s_moveit_config/share/vx300s_moveit_config//config/vx300s_controllers.yaml
[4.278s] -- Up-to-date: /home/inouemakoto/interbotix_ws/install/vx300s_moveit_config/share/vx300s_moveit_config//config/chomp_planning.yaml
[4.278s] -- Up-to-date: /home/inouemakoto/interbotix_ws/install/vx300s_moveit_config/share/vx300s_moveit_config//config/kinematics.yaml
[4.278s] -- Up-to-date: /home/inouemakoto/interbotix_ws/install/vx300s_moveit_config/share/ament_index/resource_index/package_run_dependencies/vx300s_moveit_config
[4.278s] -- Installing: /home/inouemakoto/interbotix_ws/install/vx300s_moveit_config/share/ament_index/resource_index/parent_prefix_path/vx300s_moveit_config
[4.278s] -- Up-to-date: /home/inouemakoto/interbotix_ws/install/vx300s_moveit_config/share/vx300s_moveit_config/environment/ament_prefix_path.sh
[4.278s] -- Installing: /home/inouemakoto/interbotix_ws/install/vx300s_moveit_config/share/vx300s_moveit_config/environment/ament_prefix_path.dsv
[4.278s] -- Up-to-date: /home/inouemakoto/interbotix_ws/install/vx300s_moveit_config/share/vx300s_moveit_config/environment/path.sh
[4.278s] -- Installing: /home/inouemakoto/interbotix_ws/install/vx300s_moveit_config/share/vx300s_moveit_config/environment/path.dsv
[4.278s] -- Up-to-date: /home/inouemakoto/interbotix_ws/install/vx300s_moveit_config/share/vx300s_moveit_config/local_setup.bash
[4.278s] -- Up-to-date: /home/inouemakoto/interbotix_ws/install/vx300s_moveit_config/share/vx300s_moveit_config/local_setup.sh
[4.278s] -- Up-to-date: /home/inouemakoto/interbotix_ws/install/vx300s_moveit_config/share/vx300s_moveit_config/local_setup.zsh
[4.278s] -- Installing: /home/inouemakoto/interbotix_ws/install/vx300s_moveit_config/share/vx300s_moveit_config/local_setup.dsv
[4.278s] -- Installing: /home/inouemakoto/interbotix_ws/install/vx300s_moveit_config/share/vx300s_moveit_config/package.dsv
[4.279s] -- Up-to-date: /home/inouemakoto/interbotix_ws/install/vx300s_moveit_config/share/ament_index/resource_index/packages/vx300s_moveit_config
[4.279s] -- Up-to-date: /home/inouemakoto/interbotix_ws/install/vx300s_moveit_config/share/vx300s_moveit_config/cmake/vx300s_moveit_configConfig.cmake
[4.279s] -- Up-to-date: /home/inouemakoto/interbotix_ws/install/vx300s_moveit_config/share/vx300s_moveit_config/cmake/vx300s_moveit_configConfig-version.cmake
[4.279s] -- Up-to-date: /home/inouemakoto/interbotix_ws/install/vx300s_moveit_config/share/vx300s_moveit_config/package.xml
[4.281s] Invoked command in '/home/inouemakoto/interbotix_ws/build/vx300s_moveit_config' returned '0': CMAKE_PREFIX_PATH=${CMAKE_PREFIX_PATH}:/home/inouemakoto/interbotix_ws/install/interbotix_xs_modules:/home/inouemakoto/interbotix_ws/install/interbotix_common_modules:/home/inouemakoto/install/interbotix_xs_modules:/home/inouemakoto/install/interbotix_common_modules:/home/inouemakoto/ws_moveit2/install/moveit_configs_utils:/home/inouemakoto/ws_moveit2/install/launch_param_builder:/opt/ros/humble /usr/bin/cmake --install /home/inouemakoto/interbotix_ws/build/vx300s_moveit_config
