running egg_info
creating ../../../../build/interbotix_rpi_modules/interbotix_rpi_modules.egg-info
writing ../../../../build/interbotix_rpi_modules/interbotix_rpi_modules.egg-info/PKG-INFO
writing dependency_links to ../../../../build/interbotix_rpi_modules/interbotix_rpi_modules.egg-info/dependency_links.txt
writing entry points to ../../../../build/interbotix_rpi_modules/interbotix_rpi_modules.egg-info/entry_points.txt
writing requirements to ../../../../build/interbotix_rpi_modules/interbotix_rpi_modules.egg-info/requires.txt
writing top-level names to ../../../../build/interbotix_rpi_modules/interbotix_rpi_modules.egg-info/top_level.txt
writing manifest file '../../../../build/interbotix_rpi_modules/interbotix_rpi_modules.egg-info/SOURCES.txt'
reading manifest file '../../../../build/interbotix_rpi_modules/interbotix_rpi_modules.egg-info/SOURCES.txt'
writing manifest file '../../../../build/interbotix_rpi_modules/interbotix_rpi_modules.egg-info/SOURCES.txt'
running build
running build_py
creating /home/inouemakoto/interbotix_ws/build/interbotix_rpi_modules/build
creating /home/inouemakoto/interbotix_ws/build/interbotix_rpi_modules/build/lib
creating /home/inouemakoto/interbotix_ws/build/interbotix_rpi_modules/build/lib/interbotix_rpi_modules
copying interbotix_rpi_modules/neopixels.py -> /home/inouemakoto/interbotix_ws/build/interbotix_rpi_modules/build/lib/interbotix_rpi_modules
copying interbotix_rpi_modules/__init__.py -> /home/inouemakoto/interbotix_ws/build/interbotix_rpi_modules/build/lib/interbotix_rpi_modules
running install
running install_lib
creating /home/inouemakoto/interbotix_ws/install/interbotix_rpi_modules/lib/python3.10/site-packages/interbotix_rpi_modules
copying /home/inouemakoto/interbotix_ws/build/interbotix_rpi_modules/build/lib/interbotix_rpi_modules/neopixels.py -> /home/inouemakoto/interbotix_ws/install/interbotix_rpi_modules/lib/python3.10/site-packages/interbotix_rpi_modules
copying /home/inouemakoto/interbotix_ws/build/interbotix_rpi_modules/build/lib/interbotix_rpi_modules/__init__.py -> /home/inouemakoto/interbotix_ws/install/interbotix_rpi_modules/lib/python3.10/site-packages/interbotix_rpi_modules
byte-compiling /home/inouemakoto/interbotix_ws/install/interbotix_rpi_modules/lib/python3.10/site-packages/interbotix_rpi_modules/neopixels.py to neopixels.cpython-310.pyc
byte-compiling /home/inouemakoto/interbotix_ws/install/interbotix_rpi_modules/lib/python3.10/site-packages/interbotix_rpi_modules/__init__.py to __init__.cpython-310.pyc
running install_data
creating /home/inouemakoto/interbotix_ws/install/interbotix_rpi_modules/share/ament_index
creating /home/inouemakoto/interbotix_ws/install/interbotix_rpi_modules/share/ament_index/resource_index
creating /home/inouemakoto/interbotix_ws/install/interbotix_rpi_modules/share/ament_index/resource_index/packages
copying resource/interbotix_rpi_modules -> /home/inouemakoto/interbotix_ws/install/interbotix_rpi_modules/share/ament_index/resource_index/packages
copying package.xml -> /home/inouemakoto/interbotix_ws/install/interbotix_rpi_modules/share/interbotix_rpi_modules
running install_egg_info
Copying ../../../../build/interbotix_rpi_modules/interbotix_rpi_modules.egg-info to /home/inouemakoto/interbotix_ws/install/interbotix_rpi_modules/lib/python3.10/site-packages/interbotix_rpi_modules-0.0.0-py3.10.egg-info
running install_scripts
writing list of installed files to '/home/inouemakoto/interbotix_ws/build/interbotix_rpi_modules/install.log'
