running develop
/usr/lib/python3/dist-packages/setuptools/command/easy_install.py:158: EasyInstallDeprecationWarning: easy_install command is deprecated. Use build and pip and other standards-based tools.
  warnings.warn(
/usr/lib/python3/dist-packages/setuptools/command/install.py:34: SetuptoolsDeprecationWarning: setup.py install is deprecated. Use build and pip and other standards-based tools.
  warnings.warn(
/usr/lib/python3/dist-packages/pkg_resources/__init__.py:116: PkgResourcesDeprecationWarning: 1.16.0-unknown is an invalid version and will not be supported in a future release
  warnings.warn(
/usr/lib/python3/dist-packages/pkg_resources/__init__.py:116: PkgResourcesDeprecationWarning: 1.1build1 is an invalid version and will not be supported in a future release
  warnings.warn(
/usr/lib/python3/dist-packages/pkg_resources/__init__.py:116: PkgResourcesDeprecationWarning: 1.12.1-git20200711.33e2d80-dfsg1-0.6 is an invalid version and will not be supported in a future release
  warnings.warn(
running egg_info
writing ../../build/moveit_service/moveit_service.egg-info/PKG-INFO
writing dependency_links to ../../build/moveit_service/moveit_service.egg-info/dependency_links.txt
writing entry points to ../../build/moveit_service/moveit_service.egg-info/entry_points.txt
writing requirements to ../../build/moveit_service/moveit_service.egg-info/requires.txt
writing top-level names to ../../build/moveit_service/moveit_service.egg-info/top_level.txt
package init file 'moveit_service/__init__.py' not found (or not a regular file)
reading manifest file '../../build/moveit_service/moveit_service.egg-info/SOURCES.txt'
writing manifest file '../../build/moveit_service/moveit_service.egg-info/SOURCES.txt'
running build
running build_py
copying moveit_service/moveit_debug.py -> /home/inouemakoto/interbotix_ws/build/moveit_service/build/lib/moveit_service
running install
/usr/lib/python3/dist-packages/setuptools/command/install.py:34: SetuptoolsDeprecationWarning: setup.py install is deprecated. Use build and pip and other standards-based tools.
  warnings.warn(
running install_lib
copying /home/inouemakoto/interbotix_ws/build/moveit_service/build/lib/moveit_service/moveit_debug.py -> /home/inouemakoto/interbotix_ws/install/moveit_service/lib/python3.10/site-packages/moveit_service
byte-compiling /home/inouemakoto/interbotix_ws/install/moveit_service/lib/python3.10/site-packages/moveit_service/moveit_debug.py to moveit_debug.cpython-310.pyc
running install_data
running install_egg_info
removing '/home/inouemakoto/interbotix_ws/install/moveit_service/lib/python3.10/site-packages/moveit_service-0.0.0-py3.10.egg-info' (and everything under it)
Copying ../../build/moveit_service/moveit_service.egg-info to /home/inouemakoto/interbotix_ws/install/moveit_service/lib/python3.10/site-packages/moveit_service-0.0.0-py3.10.egg-info
running install_scripts
Installing moveit_debug script to /home/inouemakoto/interbotix_ws/install/moveit_service/lib/moveit_service
Installing moveit_order script to /home/inouemakoto/interbotix_ws/install/moveit_service/lib/moveit_service
writing list of installed files to '/home/inouemakoto/interbotix_ws/build/moveit_service/install.log'
