[0.245s] Invoking command in '/home/inouemakoto/interbotix_ws/src/build/interbotix_tf_tools': CMAKE_PREFIX_PATH=${CMAKE_PREFIX_PATH}:/home/inouemakoto/interbotix_ws/install/interbotix_xs_modules:/home/inouemakoto/interbotix_ws/install/interbotix_common_modules:/opt/ros/humble /usr/bin/cmake /home/inouemakoto/interbotix_ws/src/interbotix_ros_toolboxes/interbotix_common_toolbox/interbotix_tf_tools -DCMAKE_INSTALL_PREFIX=/home/inouemakoto/interbotix_ws/src/install/interbotix_tf_tools
[0.288s] -- The C compiler identification is GNU 11.3.0
[0.337s] -- The CXX compiler identification is GNU 11.3.0
[0.343s] -- Detecting C compiler ABI info
[0.403s] -- Detecting C compiler ABI info - done
[0.410s] -- Check for working C compiler: /usr/bin/cc - skipped
[0.410s] -- Detecting C compile features
[0.410s] -- Detecting C compile features - done
[0.413s] -- Detecting CXX compiler ABI info
[0.481s] -- Detecting CXX compiler ABI info - done
[0.488s] -- Check for working CXX compiler: /usr/bin/c++ - skipped
[0.488s] -- Detecting CXX compile features
[0.488s] -- Detecting CXX compile features - done
[0.492s] -- Found ament_cmake: 1.3.4 (/opt/ros/humble/share/ament_cmake/cmake)
[0.655s] -- Found Python3: /usr/bin/python3.10 (found version "3.10.6") found components: Interpreter 
[0.754s] -- Found geometry_msgs: 4.2.3 (/opt/ros/humble/share/geometry_msgs/cmake)
[0.798s] -- Found rosidl_generator_c: 3.1.4 (/opt/ros/humble/share/rosidl_generator_c/cmake)
[0.804s] -- Found rosidl_adapter: 3.1.4 (/opt/ros/humble/share/rosidl_adapter/cmake)
[0.815s] -- Found rosidl_generator_cpp: 3.1.4 (/opt/ros/humble/share/rosidl_generator_cpp/cmake)
[0.832s] -- Using all available rosidl_typesupport_c: rosidl_typesupport_fastrtps_c;rosidl_typesupport_introspection_c
[0.855s] -- Using all available rosidl_typesupport_cpp: rosidl_typesupport_fastrtps_cpp;rosidl_typesupport_introspection_cpp
[0.971s] -- Found rclcpp: 16.0.4 (/opt/ros/humble/share/rclcpp/cmake)
[1.039s] -- Found rmw_implementation_cmake: 6.1.1 (/opt/ros/humble/share/rmw_implementation_cmake/cmake)
[1.043s] -- Found rmw_fastrtps_cpp: 6.2.2 (/opt/ros/humble/share/rmw_fastrtps_cpp/cmake)
[1.124s] -- Found OpenSSL: /usr/lib/x86_64-linux-gnu/libcrypto.so (found version "3.0.2")  
[1.148s] -- Found FastRTPS: /opt/ros/humble/include  
[1.191s] -- Using RMW implementation 'rmw_fastrtps_cpp' as default
[1.204s] -- Looking for pthread.h
[1.262s] -- Looking for pthread.h - found
[1.262s] -- Performing Test CMAKE_HAVE_LIBC_PTHREAD
[1.330s] -- Performing Test CMAKE_HAVE_LIBC_PTHREAD - Success
[1.332s] -- Found Threads: TRUE  
[1.472s] -- Found rclcpp_components: 16.0.4 (/opt/ros/humble/share/rclcpp_components/cmake)
[1.534s] -- Found tf2_msgs: 0.25.2 (/opt/ros/humble/share/tf2_msgs/cmake)
[1.663s] -- Found tf2_ros: 0.25.2 (/opt/ros/humble/share/tf2_ros/cmake)
[1.750s] -- Found ament_lint_auto: 0.12.6 (/opt/ros/humble/share/ament_lint_auto/cmake)
[1.832s] -- Added test 'copyright' to check source files copyright and LICENSE
[1.833s] -- Added test 'cppcheck' to perform static code analysis on C / C++ code
[1.833s] -- Configured cppcheck include dirs: /home/inouemakoto/interbotix_ws/src/interbotix_ros_toolboxes/interbotix_common_toolbox/interbotix_tf_tools/include
[1.833s] -- Configured cppcheck exclude dirs and/or files: 
[1.834s] -- Added test 'cpplint' to check C / C++ code against the Google style
[1.834s] -- Configured cpplint exclude dirs and/or files: 
[1.835s] -- Added test 'flake8' to check Python code syntax and style conventions
[1.836s] -- Added test 'lint_cmake' to check CMake code style
[1.836s] -- Added test 'pep257' to check Python code against some of the docstring style conventions in PEP 257
[1.837s] -- Added test 'uncrustify' to check C / C++ code style
[1.837s] -- Configured uncrustify additional arguments: 
[1.838s] -- Added test 'xmllint' to check XML markup files
[1.839s] -- Configuring done
[1.848s] -- Generating done
[1.849s] -- Build files have been written to: /home/inouemakoto/interbotix_ws/src/build/interbotix_tf_tools
[1.857s] Invoked command in '/home/inouemakoto/interbotix_ws/src/build/interbotix_tf_tools' returned '0': CMAKE_PREFIX_PATH=${CMAKE_PREFIX_PATH}:/home/inouemakoto/interbotix_ws/install/interbotix_xs_modules:/home/inouemakoto/interbotix_ws/install/interbotix_common_modules:/opt/ros/humble /usr/bin/cmake /home/inouemakoto/interbotix_ws/src/interbotix_ros_toolboxes/interbotix_common_toolbox/interbotix_tf_tools -DCMAKE_INSTALL_PREFIX=/home/inouemakoto/interbotix_ws/src/install/interbotix_tf_tools
[1.858s] Invoking command in '/home/inouemakoto/interbotix_ws/src/build/interbotix_tf_tools': CMAKE_PREFIX_PATH=${CMAKE_PREFIX_PATH}:/home/inouemakoto/interbotix_ws/install/interbotix_xs_modules:/home/inouemakoto/interbotix_ws/install/interbotix_common_modules:/opt/ros/humble /usr/bin/cmake --build /home/inouemakoto/interbotix_ws/src/build/interbotix_tf_tools -- -j20 -l20
[1.895s] [ 50%] [32mBuilding CXX object CMakeFiles/tf_rebroadcaster.dir/src/tf_rebroadcaster.cpp.o[0m
[11.346s] [100%] [32m[1mLinking CXX shared library libtf_rebroadcaster.so[0m
[11.702s] [100%] Built target tf_rebroadcaster
