[1.026s] Invoking command in '/home/inouemakoto/interbotix_ws/build/original_interface': CMAKE_PREFIX_PATH=${CMAKE_PREFIX_PATH}:/home/inouemakoto/interbotix_ws/install/yolov5_ros2:/home/inouemakoto/interbotix_ws/install/interbotix_landmark_modules:/home/inouemakoto/interbotix_ws/install/interbotix_perception_modules:/home/inouemakoto/interbotix_ws/install/pick_vision:/home/inouemakoto/interbotix_ws/install/moveit_service:/home/inouemakoto/interbotix_ws/install/opencv_tests:/home/inouemakoto/interbotix_ws/install/opencv_ros2:/home/inouemakoto/interbotix_ws/install/makoto:/home/inouemakoto/interbotix_ws/install/interbotix_xs_modules:/home/inouemakoto/interbotix_ws/install/interbotix_rpi_modules:/home/inouemakoto/interbotix_ws/install/interbotix_common_modules:/home/inouemakoto/interbotix_ws/install/camera:/home/inouemakoto/ws_moveit2/install/moveit_configs_utils:/home/inouemakoto/ws_moveit2/install/launch_param_builder:/home/inouemakoto/install/moveit_service:/home/inouemakoto/install/interbotix_xs_modules:/home/inouemakoto/install/interbotix_moveit_interface_msgs:/home/inouemakoto/install/interbotix_common_modules:/opt/ros/humble /usr/bin/cmake /home/inouemakoto/interbotix_ws/src/original_interface -DCMAKE_INSTALL_PREFIX=/home/inouemakoto/interbotix_ws/install/original_interface
[5.333s] -- The C compiler identification is GNU 11.4.0
[5.333s] -- The CXX compiler identification is GNU 11.4.0
[5.333s] -- Detecting C compiler ABI info
[5.333s] -- Detecting C compiler ABI info - done
[5.333s] -- Check for working C compiler: /usr/bin/cc - skipped
[5.334s] -- Detecting C compile features
[5.335s] -- Detecting C compile features - done
[5.335s] -- Detecting CXX compiler ABI info
[5.336s] -- Detecting CXX compiler ABI info - done
[5.336s] -- Check for working CXX compiler: /usr/bin/c++ - skipped
[5.336s] -- Detecting CXX compile features
[5.336s] -- Detecting CXX compile features - done
[5.336s] -- Found ament_cmake: 1.3.5 (/opt/ros/humble/share/ament_cmake/cmake)
[5.336s] -- Found Python3: /usr/bin/python3.10 (found version "3.10.12") found components: Interpreter 
[5.336s] -- Found rosidl_default_generators: 1.2.0 (/opt/ros/humble/share/rosidl_default_generators/cmake)
[5.336s] -- Using all available rosidl_typesupport_c: rosidl_typesupport_fastrtps_c;rosidl_typesupport_introspection_c
[5.336s] -- Found rosidl_adapter: 3.1.5 (/opt/ros/humble/share/rosidl_adapter/cmake)
[5.337s] -- Using all available rosidl_typesupport_cpp: rosidl_typesupport_fastrtps_cpp;rosidl_typesupport_introspection_cpp
[5.337s] -- Found ament_cmake_ros: 0.10.0 (/opt/ros/humble/share/ament_cmake_ros/cmake)
[5.337s] -- Using all available rosidl_typesupport_c: rosidl_typesupport_fastrtps_c;rosidl_typesupport_introspection_c
[5.337s] -- Using all available rosidl_typesupport_cpp: rosidl_typesupport_fastrtps_cpp;rosidl_typesupport_introspection_cpp
[5.337s] -- Found PythonInterp: /usr/bin/python3 (found suitable version "3.10.12", minimum required is "3.6") 
[5.337s] -- Found python_cmake_module: 0.10.0 (/opt/ros/humble/share/python_cmake_module/cmake)
[5.387s] -- Found PythonLibs: /usr/lib/x86_64-linux-gnu/libpython3.10.so (found suitable version "3.10.12", minimum required is "3.5") 
[5.387s] -- Using PYTHON_EXECUTABLE: /usr/bin/python3
[5.387s] -- Using PYTHON_INCLUDE_DIRS: /usr/include/python3.10
[5.387s] -- Using PYTHON_LIBRARIES: /usr/lib/x86_64-linux-gnu/libpython3.10.so
[5.426s] -- Found PythonExtra: .so  
[5.661s] -- Found ament_lint_auto: 0.12.8 (/opt/ros/humble/share/ament_lint_auto/cmake)
[5.789s] -- Added test 'lint_cmake' to check CMake code style
[5.794s] -- Added test 'xmllint' to check XML markup files
[5.802s] -- Configuring done
[5.847s] -- Generating done
[5.852s] -- Build files have been written to: /home/inouemakoto/interbotix_ws/build/original_interface
[5.863s] Invoked command in '/home/inouemakoto/interbotix_ws/build/original_interface' returned '0': CMAKE_PREFIX_PATH=${CMAKE_PREFIX_PATH}:/home/inouemakoto/interbotix_ws/install/yolov5_ros2:/home/inouemakoto/interbotix_ws/install/interbotix_landmark_modules:/home/inouemakoto/interbotix_ws/install/interbotix_perception_modules:/home/inouemakoto/interbotix_ws/install/pick_vision:/home/inouemakoto/interbotix_ws/install/moveit_service:/home/inouemakoto/interbotix_ws/install/opencv_tests:/home/inouemakoto/interbotix_ws/install/opencv_ros2:/home/inouemakoto/interbotix_ws/install/makoto:/home/inouemakoto/interbotix_ws/install/interbotix_xs_modules:/home/inouemakoto/interbotix_ws/install/interbotix_rpi_modules:/home/inouemakoto/interbotix_ws/install/interbotix_common_modules:/home/inouemakoto/interbotix_ws/install/camera:/home/inouemakoto/ws_moveit2/install/moveit_configs_utils:/home/inouemakoto/ws_moveit2/install/launch_param_builder:/home/inouemakoto/install/moveit_service:/home/inouemakoto/install/interbotix_xs_modules:/home/inouemakoto/install/interbotix_moveit_interface_msgs:/home/inouemakoto/install/interbotix_common_modules:/opt/ros/humble /usr/bin/cmake /home/inouemakoto/interbotix_ws/src/original_interface -DCMAKE_INSTALL_PREFIX=/home/inouemakoto/interbotix_ws/install/original_interface
[5.869s] Invoking command in '/home/inouemakoto/interbotix_ws/build/original_interface': CMAKE_PREFIX_PATH=${CMAKE_PREFIX_PATH}:/home/inouemakoto/interbotix_ws/install/yolov5_ros2:/home/inouemakoto/interbotix_ws/install/interbotix_landmark_modules:/home/inouemakoto/interbotix_ws/install/interbotix_perception_modules:/home/inouemakoto/interbotix_ws/install/pick_vision:/home/inouemakoto/interbotix_ws/install/moveit_service:/home/inouemakoto/interbotix_ws/install/opencv_tests:/home/inouemakoto/interbotix_ws/install/opencv_ros2:/home/inouemakoto/interbotix_ws/install/makoto:/home/inouemakoto/interbotix_ws/install/interbotix_xs_modules:/home/inouemakoto/interbotix_ws/install/interbotix_rpi_modules:/home/inouemakoto/interbotix_ws/install/interbotix_common_modules:/home/inouemakoto/interbotix_ws/install/camera:/home/inouemakoto/ws_moveit2/install/moveit_configs_utils:/home/inouemakoto/ws_moveit2/install/launch_param_builder:/home/inouemakoto/install/moveit_service:/home/inouemakoto/install/interbotix_xs_modules:/home/inouemakoto/install/interbotix_moveit_interface_msgs:/home/inouemakoto/install/interbotix_common_modules:/opt/ros/humble /usr/bin/cmake --build /home/inouemakoto/interbotix_ws/build/original_interface -- -j20 -l20
[6.127s] [  3%] Built target original_interface__cpp
[6.128s] [35m[1mConsolidate compiler generated dependencies of target original_interface__rosidl_generator_c[0m
[6.128s] [35m[1mConsolidate compiler generated dependencies of target original_interface__rosidl_typesupport_cpp[0m
[6.128s] [35m[1mConsolidate compiler generated dependencies of target original_interface__rosidl_typesupport_introspection_cpp[0m
[6.128s] [35m[1mConsolidate compiler generated dependencies of target original_interface__rosidl_typesupport_fastrtps_cpp[0m
[6.128s] [ 12%] Built target original_interface__rosidl_generator_c
[6.128s] [ 22%] Built target original_interface__rosidl_typesupport_cpp
[6.128s] [ 32%] Built target original_interface__rosidl_typesupport_introspection_cpp
[6.128s] [ 32%] Built target ament_cmake_python_copy_original_interface
[6.128s] [35m[1mConsolidate compiler generated dependencies of target original_interface__rosidl_typesupport_introspection_c[0m
[6.128s] [35m[1mConsolidate compiler generated dependencies of target original_interface__rosidl_typesupport_fastrtps_c[0m
[6.128s] [35m[1mConsolidate compiler generated dependencies of target original_interface__rosidl_typesupport_c[0m
[6.129s] [ 41%] Built target original_interface__rosidl_typesupport_fastrtps_cpp
[6.129s] [ 51%] Built target original_interface__rosidl_typesupport_introspection_c
[6.129s] [ 64%] Built target original_interface__rosidl_typesupport_fastrtps_c
[6.129s] [ 70%] Built target original_interface__rosidl_typesupport_c
[6.129s] [ 70%] Built target original_interface
[6.129s] [ 74%] Built target original_interface__py
[6.153s] [35m[1mConsolidate compiler generated dependencies of target original_interface__rosidl_generator_py[0m
[6.185s] [ 80%] Built target original_interface__rosidl_generator_py
[6.213s] [35m[1mConsolidate compiler generated dependencies of target original_interface__rosidl_typesupport_c__pyext[0m
[6.237s] [35m[1mConsolidate compiler generated dependencies of target original_interface__rosidl_typesupport_introspection_c__pyext[0m
[6.244s] [35m[1mConsolidate compiler generated dependencies of target original_interface__rosidl_typesupport_fastrtps_c__pyext[0m
[6.269s] [ 83%] [32m[1mLinking C shared library rosidl_generator_py/original_interface/original_interface_s__rosidl_typesupport_c.cpython-310-x86_64-linux-gnu.so[0m
[6.285s] [ 87%] [32m[1mLinking C shared library rosidl_generator_py/original_interface/original_interface_s__rosidl_typesupport_introspection_c.cpython-310-x86_64-linux-gnu.so[0m
[6.290s] [ 90%] [32m[1mLinking C shared library rosidl_generator_py/original_interface/original_interface_s__rosidl_typesupport_fastrtps_c.cpython-310-x86_64-linux-gnu.so[0m
[6.376s] [ 93%] Built target original_interface__rosidl_typesupport_introspection_c__pyext
[6.401s] [ 96%] Built target original_interface__rosidl_typesupport_c__pyext
[6.405s] [100%] Built target original_interface__rosidl_typesupport_fastrtps_c__pyext
[6.458s] running egg_info
[6.483s] writing original_interface.egg-info/PKG-INFO
[6.483s] writing dependency_links to original_interface.egg-info/dependency_links.txt
[6.484s] writing top-level names to original_interface.egg-info/top_level.txt
[6.587s] reading manifest file 'original_interface.egg-info/SOURCES.txt'
[6.588s] writing manifest file 'original_interface.egg-info/SOURCES.txt'
[6.651s] [100%] Built target ament_cmake_python_build_original_interface_egg
[6.916s] Invoked command in '/home/inouemakoto/interbotix_ws/build/original_interface' returned '0': CMAKE_PREFIX_PATH=${CMAKE_PREFIX_PATH}:/home/inouemakoto/interbotix_ws/install/yolov5_ros2:/home/inouemakoto/interbotix_ws/install/interbotix_landmark_modules:/home/inouemakoto/interbotix_ws/install/interbotix_perception_modules:/home/inouemakoto/interbotix_ws/install/pick_vision:/home/inouemakoto/interbotix_ws/install/moveit_service:/home/inouemakoto/interbotix_ws/install/opencv_tests:/home/inouemakoto/interbotix_ws/install/opencv_ros2:/home/inouemakoto/interbotix_ws/install/makoto:/home/inouemakoto/interbotix_ws/install/interbotix_xs_modules:/home/inouemakoto/interbotix_ws/install/interbotix_rpi_modules:/home/inouemakoto/interbotix_ws/install/interbotix_common_modules:/home/inouemakoto/interbotix_ws/install/camera:/home/inouemakoto/ws_moveit2/install/moveit_configs_utils:/home/inouemakoto/ws_moveit2/install/launch_param_builder:/home/inouemakoto/install/moveit_service:/home/inouemakoto/install/interbotix_xs_modules:/home/inouemakoto/install/interbotix_moveit_interface_msgs:/home/inouemakoto/install/interbotix_common_modules:/opt/ros/humble /usr/bin/cmake --build /home/inouemakoto/interbotix_ws/build/original_interface -- -j20 -l20
[8.347s] Invoking command in '/home/inouemakoto/interbotix_ws/build/original_interface': CMAKE_PREFIX_PATH=${CMAKE_PREFIX_PATH}:/home/inouemakoto/interbotix_ws/install/yolov5_ros2:/home/inouemakoto/interbotix_ws/install/interbotix_landmark_modules:/home/inouemakoto/interbotix_ws/install/interbotix_perception_modules:/home/inouemakoto/interbotix_ws/install/pick_vision:/home/inouemakoto/interbotix_ws/install/moveit_service:/home/inouemakoto/interbotix_ws/install/opencv_tests:/home/inouemakoto/interbotix_ws/install/opencv_ros2:/home/inouemakoto/interbotix_ws/install/makoto:/home/inouemakoto/interbotix_ws/install/interbotix_xs_modules:/home/inouemakoto/interbotix_ws/install/interbotix_rpi_modules:/home/inouemakoto/interbotix_ws/install/interbotix_common_modules:/home/inouemakoto/interbotix_ws/install/camera:/home/inouemakoto/ws_moveit2/install/moveit_configs_utils:/home/inouemakoto/ws_moveit2/install/launch_param_builder:/home/inouemakoto/install/moveit_service:/home/inouemakoto/install/interbotix_xs_modules:/home/inouemakoto/install/interbotix_moveit_interface_msgs:/home/inouemakoto/install/interbotix_common_modules:/opt/ros/humble /usr/bin/cmake --install /home/inouemakoto/interbotix_ws/build/original_interface
