[  3%] Built target interbotix_moveit_interface_msgs__cpp
[ 12%] Built target interbotix_moveit_interface_msgs__rosidl_generator_c
[ 12%] Built target ament_cmake_python_copy_interbotix_moveit_interface_msgs
[ 22%] Built target interbotix_moveit_interface_msgs__rosidl_typesupport_cpp
[ 32%] Built target interbotix_moveit_interface_msgs__rosidl_typesupport_fastrtps_cpp
[ 41%] Built target interbotix_moveit_interface_msgs__rosidl_typesupport_introspection_cpp
[ 51%] Built target interbotix_moveit_interface_msgs__rosidl_typesupport_c
[ 61%] Built target interbotix_moveit_interface_msgs__rosidl_typesupport_introspection_c
[ 70%] Built target interbotix_moveit_interface_msgs__rosidl_typesupport_fastrtps_c
gmake[2]: *** wait: No child processes.  Stop.
gmake[2]: *** Waiting for unfinished jobs....
gmake[2]: *** wait: No child processes.  Stop.
gmake[1]: *** [CMakeFiles/Makefile2:186: CMakeFiles/interbotix_moveit_interface_msgs.dir/all] Error 2
Traceback (most recent call last):
  File "/home/inouemakoto/interbotix_ws/build/interbotix_moveit_interface_msgs/ament_cmake_python/interbotix_moveit_interface_msgs/setup.py", line 1, in <module>
    from setuptools import find_packages
  File "/home/inouemakoto/.local/lib/python3.10/site-packages/setuptools/__init__.py", line 10, in <module>
    import distutils.core
  File "/usr/lib/python3.10/distutils/core.py", line 18, in <module>
    from distutils.config import PyPIRCCommand
  File "/usr/lib/python3.10/distutils/config.py", line 7, in <module>
    from configparser import RawConfigParser
  File "<frozen importlib._bootstrap>", line 1027, in _find_and_load
  File "<frozen importlib._bootstrap>", line 1006, in _find_and_load_unlocked
  File "<frozen importlib._bootstrap>", line 688, in _load_unlocked
  File "<frozen importlib._bootstrap_external>", line 879, in exec_module
  File "<frozen importlib._bootstrap_external>", line 1012, in get_code
  File "<frozen importlib._bootstrap_external>", line 672, in _compile_bytecode
KeyboardInterrupt
gmake[2]: *** [CMakeFiles/ament_cmake_python_build_interbotix_moveit_interface_msgs_egg.dir/build.make:70: CMakeFiles/ament_cmake_python_build_interbotix_moveit_interface_msgs_egg] Interrupt
gmake[1]: *** [CMakeFiles/Makefile2:447: CMakeFiles/ament_cmake_python_build_interbotix_moveit_interface_msgs_egg.dir/all] Interrupt
gmake: *** [Makefile:146: all] Interrupt
