[0.328s] Invoking command in '/home/inouemakoto/interbotix_ws/build/move_group_node': CMAKE_PREFIX_PATH=${CMAKE_PREFIX_PATH}:/home/inouemakoto/interbotix_ws/install/moveit_service:/home/inouemakoto/interbotix_ws/install/interbotix_xs_modules:/home/inouemakoto/interbotix_ws/install/interbotix_common_modules:/home/inouemakoto/ws_moveit2/install/moveit_configs_utils:/home/inouemakoto/ws_moveit2/install/launch_param_builder:/home/inouemakoto/install/interbotix_xs_modules:/home/inouemakoto/install/interbotix_common_modules:/opt/ros/humble /usr/bin/cmake --build /home/inouemakoto/interbotix_ws/build/move_group_node -- -j20 -l20
[0.678s] [100%] Built target run_move_group
[0.683s] Invoked command in '/home/inouemakoto/interbotix_ws/build/move_group_node' returned '0': CMAKE_PREFIX_PATH=${CMAKE_PREFIX_PATH}:/home/inouemakoto/interbotix_ws/install/moveit_service:/home/inouemakoto/interbotix_ws/install/interbotix_xs_modules:/home/inouemakoto/interbotix_ws/install/interbotix_common_modules:/home/inouemakoto/ws_moveit2/install/moveit_configs_utils:/home/inouemakoto/ws_moveit2/install/launch_param_builder:/home/inouemakoto/install/interbotix_xs_modules:/home/inouemakoto/install/interbotix_common_modules:/opt/ros/humble /usr/bin/cmake --build /home/inouemakoto/interbotix_ws/build/move_group_node -- -j20 -l20
[0.744s] Invoking command in '/home/inouemakoto/interbotix_ws/build/move_group_node': CMAKE_PREFIX_PATH=${CMAKE_PREFIX_PATH}:/home/inouemakoto/interbotix_ws/install/moveit_service:/home/inouemakoto/interbotix_ws/install/interbotix_xs_modules:/home/inouemakoto/interbotix_ws/install/interbotix_common_modules:/home/inouemakoto/ws_moveit2/install/moveit_configs_utils:/home/inouemakoto/ws_moveit2/install/launch_param_builder:/home/inouemakoto/install/interbotix_xs_modules:/home/inouemakoto/install/interbotix_common_modules:/opt/ros/humble /usr/bin/cmake --install /home/inouemakoto/interbotix_ws/build/move_group_node
[0.770s] -- Install configuration: "Debug"
[0.770s] -- Up-to-date: /home/inouemakoto/interbotix_ws/install/move_group_node/lib/move_group_node/run_move_group
[0.770s] -- Up-to-date: /home/inouemakoto/interbotix_ws/install/move_group_node/share/ament_index/resource_index/package_run_dependencies/move_group_node
[0.770s] -- Up-to-date: /home/inouemakoto/interbotix_ws/install/move_group_node/share/ament_index/resource_index/parent_prefix_path/move_group_node
[0.770s] -- Up-to-date: /home/inouemakoto/interbotix_ws/install/move_group_node/share/move_group_node/environment/ament_prefix_path.sh
[0.771s] -- Up-to-date: /home/inouemakoto/interbotix_ws/install/move_group_node/share/move_group_node/environment/ament_prefix_path.dsv
[0.771s] -- Up-to-date: /home/inouemakoto/interbotix_ws/install/move_group_node/share/move_group_node/environment/path.sh
[0.771s] -- Up-to-date: /home/inouemakoto/interbotix_ws/install/move_group_node/share/move_group_node/environment/path.dsv
[0.771s] -- Up-to-date: /home/inouemakoto/interbotix_ws/install/move_group_node/share/move_group_node/local_setup.bash
[0.771s] -- Up-to-date: /home/inouemakoto/interbotix_ws/install/move_group_node/share/move_group_node/local_setup.sh
[0.771s] -- Up-to-date: /home/inouemakoto/interbotix_ws/install/move_group_node/share/move_group_node/local_setup.zsh
[0.771s] -- Up-to-date: /home/inouemakoto/interbotix_ws/install/move_group_node/share/move_group_node/local_setup.dsv
[0.771s] -- Installing: /home/inouemakoto/interbotix_ws/install/move_group_node/share/move_group_node/package.dsv
[0.771s] -- Up-to-date: /home/inouemakoto/interbotix_ws/install/move_group_node/share/ament_index/resource_index/packages/move_group_node
[0.772s] -- Up-to-date: /home/inouemakoto/interbotix_ws/install/move_group_node/share/move_group_node/cmake/move_group_nodeConfig.cmake
[0.772s] -- Up-to-date: /home/inouemakoto/interbotix_ws/install/move_group_node/share/move_group_node/cmake/move_group_nodeConfig-version.cmake
[0.772s] -- Up-to-date: /home/inouemakoto/interbotix_ws/install/move_group_node/share/move_group_node/package.xml
[0.790s] Invoked command in '/home/inouemakoto/interbotix_ws/build/move_group_node' returned '0': CMAKE_PREFIX_PATH=${CMAKE_PREFIX_PATH}:/home/inouemakoto/interbotix_ws/install/moveit_service:/home/inouemakoto/interbotix_ws/install/interbotix_xs_modules:/home/inouemakoto/interbotix_ws/install/interbotix_common_modules:/home/inouemakoto/ws_moveit2/install/moveit_configs_utils:/home/inouemakoto/ws_moveit2/install/launch_param_builder:/home/inouemakoto/install/interbotix_xs_modules:/home/inouemakoto/install/interbotix_common_modules:/opt/ros/humble /usr/bin/cmake --install /home/inouemakoto/interbotix_ws/build/move_group_node
