running egg_info
writing ../../../../build/interbotix_perception_modules/interbotix_perception_modules.egg-info/PKG-INFO
writing dependency_links to ../../../../build/interbotix_perception_modules/interbotix_perception_modules.egg-info/dependency_links.txt
writing entry points to ../../../../build/interbotix_perception_modules/interbotix_perception_modules.egg-info/entry_points.txt
writing requirements to ../../../../build/interbotix_perception_modules/interbotix_perception_modules.egg-info/requires.txt
writing top-level names to ../../../../build/interbotix_perception_modules/interbotix_perception_modules.egg-info/top_level.txt
reading manifest file '../../../../build/interbotix_perception_modules/interbotix_perception_modules.egg-info/SOURCES.txt'
/home/inouemakoto/.local/lib/python3.10/site-packages/setuptools/_distutils/cmd.py:66: SetuptoolsDeprecationWarning: setup.py install is deprecated.
!!

        ********************************************************************************
        Please avoid running ``setup.py`` directly.
        Instead, use pypa/build, pypa/installer or other
        standards-based tools.

        See https://blog.ganssle.io/articles/2021/10/setup-py-deprecated.html for details.
        ********************************************************************************

!!
  self.initialize_options()
writing manifest file '../../../../build/interbotix_perception_modules/interbotix_perception_modules.egg-info/SOURCES.txt'
running build
running build_py
running install
running install_lib
running install_data
running install_egg_info
removing '/home/inouemakoto/interbotix_ws/install/interbotix_perception_modules/lib/python3.10/site-packages/interbotix_perception_modules-0.0.0-py3.10.egg-info' (and everything under it)
Copying ../../../../build/interbotix_perception_modules/interbotix_perception_modules.egg-info to /home/inouemakoto/interbotix_ws/install/interbotix_perception_modules/lib/python3.10/site-packages/interbotix_perception_modules-0.0.0-py3.10.egg-info
running install_scripts
Installing armtag_tuner_gui script to /home/inouemakoto/interbotix_ws/install/interbotix_perception_modules/lib/interbotix_perception_modules
Installing picture_snapper script to /home/inouemakoto/interbotix_ws/install/interbotix_perception_modules/lib/interbotix_perception_modules
Installing pointcloud_tuner_gui script to /home/inouemakoto/interbotix_ws/install/interbotix_perception_modules/lib/interbotix_perception_modules
writing list of installed files to '/home/inouemakoto/interbotix_ws/build/interbotix_perception_modules/install.log'
