-- Found ament_cmake: 1.3.5 (/opt/ros/humble/share/ament_cmake/cmake)
-- Found rosidl_default_generators: 1.2.0 (/opt/ros/humble/share/rosidl_default_generators/cmake)
-- Using all available rosidl_typesupport_c: rosidl_typesupport_fastrtps_c;rosidl_typesupport_introspection_c
-- Found rosidl_adapter: 3.1.5 (/opt/ros/humble/share/rosidl_adapter/cmake)
-- Using all available rosidl_typesupport_cpp: rosidl_typesupport_fastrtps_cpp;rosidl_typesupport_introspection_cpp
-- Found ament_cmake_ros: 0.10.0 (/opt/ros/humble/share/ament_cmake_ros/cmake)
-- Using all available rosidl_typesupport_c: rosidl_typesupport_fastrtps_c;rosidl_typesupport_introspection_c
-- Using all available rosidl_typesupport_cpp: rosidl_typesupport_fastrtps_cpp;rosidl_typesupport_introspection_cpp
-- Found PythonInterp: /usr/bin/python3 (found suitable version "3.10.12", minimum required is "3.6") 
-- Found python_cmake_module: 0.10.0 (/opt/ros/humble/share/python_cmake_module/cmake)
-- Found PythonLibs: /usr/lib/x86_64-linux-gnu/libpython3.10.so (found suitable version "3.10.12", minimum required is "3.5") 
-- Using PYTHON_EXECUTABLE: /usr/bin/python3
-- Using PYTHON_INCLUDE_DIRS: /usr/include/python3.10
-- Using PYTHON_LIBRARIES: /usr/lib/x86_64-linux-gnu/libpython3.10.so
-- Found PythonExtra: .so  
-- Found ament_lint_auto: 0.12.8 (/opt/ros/humble/share/ament_lint_auto/cmake)
-- Added test 'lint_cmake' to check CMake code style
-- Added test 'xmllint' to check XML markup files
-- Configuring done
-- Generating done
-- Build files have been written to: /home/inouemakoto/interbotix_ws/build/original_interface
[  3%] [34m[1mGenerating C code for ROS interfaces[0m
[  6%] [34m[1mGenerating C++ code for ROS interfaces[0m
[  6%] Built target ament_cmake_python_copy_original_interface
[  6%] Built target original_interface__cpp
[ 19%] [32mBuilding C object CMakeFiles/original_interface__rosidl_generator_c.dir/rosidl_generator_c/original_interface/srv/detail/target_pos__functions.c.o[0m
[ 19%] [34m[1mGenerating C++ introspection for ROS interfaces[0m
[ 19%] [34m[1mGenerating C++ type support dispatch for ROS interfaces[0m
[ 19%] [34m[1mGenerating C++ type support for eProsima Fast-RTPS[0m
running egg_info
creating original_interface.egg-info
writing original_interface.egg-info/PKG-INFO
writing dependency_links to original_interface.egg-info/dependency_links.txt
writing top-level names to original_interface.egg-info/top_level.txt
writing manifest file 'original_interface.egg-info/SOURCES.txt'
reading manifest file 'original_interface.egg-info/SOURCES.txt'
writing manifest file 'original_interface.egg-info/SOURCES.txt'
[ 19%] Built target ament_cmake_python_build_original_interface_egg
[ 22%] [32m[1mLinking C shared library liboriginal_interface__rosidl_generator_c.so[0m
[ 22%] Built target original_interface__rosidl_generator_c
[ 32%] [34m[1mGenerating C type support for eProsima Fast-RTPS[0m
[ 32%] [34m[1mGenerating C introspection for ROS interfaces[0m
[ 32%] [34m[1mGenerating C type support dispatch for ROS interfaces[0m
[ 35%] [32mBuilding CXX object CMakeFiles/original_interface__rosidl_typesupport_cpp.dir/rosidl_typesupport_cpp/original_interface/srv/target_pos__type_support.cpp.o[0m
[ 38%] [32mBuilding CXX object CMakeFiles/original_interface__rosidl_typesupport_introspection_cpp.dir/rosidl_typesupport_introspection_cpp/original_interface/srv/detail/target_pos__type_support.cpp.o[0m
[ 41%] [32mBuilding CXX object CMakeFiles/original_interface__rosidl_typesupport_fastrtps_cpp.dir/rosidl_typesupport_fastrtps_cpp/original_interface/srv/detail/dds_fastrtps/target_pos__type_support.cpp.o[0m
[ 45%] [32mBuilding CXX object CMakeFiles/original_interface__rosidl_typesupport_c.dir/rosidl_typesupport_c/original_interface/srv/target_pos__type_support.cpp.o[0m
[ 54%] [32m[1mLinking CXX shared library liboriginal_interface__rosidl_typesupport_c.so[0m
[ 54%] [32mBuilding C object CMakeFiles/original_interface__rosidl_typesupport_introspection_c.dir/rosidl_typesupport_introspection_c/original_interface/srv/detail/target_pos__type_support.c.o[0m
[ 54%] [32mBuilding CXX object CMakeFiles/original_interface__rosidl_typesupport_fastrtps_c.dir/rosidl_typesupport_fastrtps_c/original_interface/srv/detail/target_pos__type_support_c.cpp.o[0m
[ 58%] [32m[1mLinking C shared library liboriginal_interface__rosidl_typesupport_introspection_c.so[0m
[ 58%] Built target original_interface__rosidl_typesupport_c
[ 58%] Built target original_interface__rosidl_typesupport_introspection_c
[ 61%] [32m[1mLinking CXX shared library liboriginal_interface__rosidl_typesupport_cpp.so[0m
[ 61%] Built target original_interface__rosidl_typesupport_cpp
[ 64%] [32m[1mLinking CXX shared library liboriginal_interface__rosidl_typesupport_introspection_cpp.so[0m
[ 67%] [32m[1mLinking CXX shared library liboriginal_interface__rosidl_typesupport_fastrtps_cpp.so[0m
[ 67%] Built target original_interface__rosidl_typesupport_introspection_cpp
[ 67%] Built target original_interface__rosidl_typesupport_fastrtps_cpp
[ 70%] [32m[1mLinking CXX shared library liboriginal_interface__rosidl_typesupport_fastrtps_c.so[0m
[ 70%] Built target original_interface__rosidl_typesupport_fastrtps_c
[ 70%] Built target original_interface
[ 74%] [34m[1mGenerating Python code for ROS interfaces[0m
[ 74%] Built target original_interface__py
[ 77%] [32mBuilding C object CMakeFiles/original_interface__rosidl_generator_py.dir/rosidl_generator_py/original_interface/srv/_target_pos_s.c.o[0m
[ 80%] [32m[1mLinking C shared library rosidl_generator_py/original_interface/liboriginal_interface__rosidl_generator_py.so[0m
[ 80%] Built target original_interface__rosidl_generator_py
[ 90%] [32mBuilding C object CMakeFiles/original_interface__rosidl_typesupport_c__pyext.dir/rosidl_generator_py/original_interface/_original_interface_s.ep.rosidl_typesupport_c.c.o[0m
[ 90%] [32mBuilding C object CMakeFiles/original_interface__rosidl_typesupport_introspection_c__pyext.dir/rosidl_generator_py/original_interface/_original_interface_s.ep.rosidl_typesupport_introspection_c.c.o[0m
[ 90%] [32mBuilding C object CMakeFiles/original_interface__rosidl_typesupport_fastrtps_c__pyext.dir/rosidl_generator_py/original_interface/_original_interface_s.ep.rosidl_typesupport_fastrtps_c.c.o[0m
[100%] [32m[1mLinking C shared library rosidl_generator_py/original_interface/original_interface_s__rosidl_typesupport_fastrtps_c.cpython-310-x86_64-linux-gnu.so[0m
[100%] [32m[1mLinking C shared library rosidl_generator_py/original_interface/original_interface_s__rosidl_typesupport_c.cpython-310-x86_64-linux-gnu.so[0m
[100%] [32m[1mLinking C shared library rosidl_generator_py/original_interface/original_interface_s__rosidl_typesupport_introspection_c.cpython-310-x86_64-linux-gnu.so[0m
[100%] Built target original_interface__rosidl_typesupport_fastrtps_c__pyext
[100%] Built target original_interface__rosidl_typesupport_c__pyext
[100%] Built target original_interface__rosidl_typesupport_introspection_c__pyext
-- Install configuration: ""
-- Installing: /home/inouemakoto/interbotix_ws/install/original_interface/share/ament_index/resource_index/rosidl_interfaces/original_interface
-- Installing: /home/inouemakoto/interbotix_ws/install/original_interface/include/original_interface/original_interface
-- Installing: /home/inouemakoto/interbotix_ws/install/original_interface/include/original_interface/original_interface/srv
-- Installing: /home/inouemakoto/interbotix_ws/install/original_interface/include/original_interface/original_interface/srv/target_pos.h
-- Installing: /home/inouemakoto/interbotix_ws/install/original_interface/include/original_interface/original_interface/srv/detail
-- Installing: /home/inouemakoto/interbotix_ws/install/original_interface/include/original_interface/original_interface/srv/detail/target_pos__type_support.h
-- Installing: /home/inouemakoto/interbotix_ws/install/original_interface/include/original_interface/original_interface/srv/detail/target_pos__functions.h
-- Installing: /home/inouemakoto/interbotix_ws/install/original_interface/include/original_interface/original_interface/srv/detail/target_pos__functions.c
-- Installing: /home/inouemakoto/interbotix_ws/install/original_interface/include/original_interface/original_interface/srv/detail/target_pos__struct.h
-- Installing: /home/inouemakoto/interbotix_ws/install/original_interface/include/original_interface/original_interface/msg
-- Installing: /home/inouemakoto/interbotix_ws/install/original_interface/include/original_interface/original_interface/msg/rosidl_generator_c__visibility_control.h
-- Installing: /home/inouemakoto/interbotix_ws/install/original_interface/share/original_interface/environment/library_path.sh
-- Installing: /home/inouemakoto/interbotix_ws/install/original_interface/share/original_interface/environment/library_path.dsv
-- Installing: /home/inouemakoto/interbotix_ws/install/original_interface/lib/liboriginal_interface__rosidl_generator_c.so
-- Set runtime path of "/home/inouemakoto/interbotix_ws/install/original_interface/lib/liboriginal_interface__rosidl_generator_c.so" to ""
-- Up-to-date: /home/inouemakoto/interbotix_ws/install/original_interface/include/original_interface/original_interface
-- Up-to-date: /home/inouemakoto/interbotix_ws/install/original_interface/include/original_interface/original_interface/srv
-- Up-to-date: /home/inouemakoto/interbotix_ws/install/original_interface/include/original_interface/original_interface/srv/detail
-- Installing: /home/inouemakoto/interbotix_ws/install/original_interface/include/original_interface/original_interface/srv/detail/target_pos__rosidl_typesupport_fastrtps_c.h
-- Up-to-date: /home/inouemakoto/interbotix_ws/install/original_interface/include/original_interface/original_interface/msg
-- Installing: /home/inouemakoto/interbotix_ws/install/original_interface/include/original_interface/original_interface/msg/rosidl_typesupport_fastrtps_c__visibility_control.h
-- Installing: /home/inouemakoto/interbotix_ws/install/original_interface/lib/liboriginal_interface__rosidl_typesupport_fastrtps_c.so
-- Set runtime path of "/home/inouemakoto/interbotix_ws/install/original_interface/lib/liboriginal_interface__rosidl_typesupport_fastrtps_c.so" to ""
-- Up-to-date: /home/inouemakoto/interbotix_ws/install/original_interface/include/original_interface/original_interface
-- Up-to-date: /home/inouemakoto/interbotix_ws/install/original_interface/include/original_interface/original_interface/srv
-- Up-to-date: /home/inouemakoto/interbotix_ws/install/original_interface/include/original_interface/original_interface/srv/detail
-- Installing: /home/inouemakoto/interbotix_ws/install/original_interface/include/original_interface/original_interface/srv/detail/target_pos__rosidl_typesupport_introspection_c.h
-- Installing: /home/inouemakoto/interbotix_ws/install/original_interface/include/original_interface/original_interface/srv/detail/target_pos__type_support.c
-- Up-to-date: /home/inouemakoto/interbotix_ws/install/original_interface/include/original_interface/original_interface/msg
-- Installing: /home/inouemakoto/interbotix_ws/install/original_interface/include/original_interface/original_interface/msg/rosidl_typesupport_introspection_c__visibility_control.h
-- Installing: /home/inouemakoto/interbotix_ws/install/original_interface/lib/liboriginal_interface__rosidl_typesupport_introspection_c.so
-- Set runtime path of "/home/inouemakoto/interbotix_ws/install/original_interface/lib/liboriginal_interface__rosidl_typesupport_introspection_c.so" to ""
-- Installing: /home/inouemakoto/interbotix_ws/install/original_interface/lib/liboriginal_interface__rosidl_typesupport_c.so
-- Set runtime path of "/home/inouemakoto/interbotix_ws/install/original_interface/lib/liboriginal_interface__rosidl_typesupport_c.so" to ""
-- Up-to-date: /home/inouemakoto/interbotix_ws/install/original_interface/include/original_interface/original_interface
-- Up-to-date: /home/inouemakoto/interbotix_ws/install/original_interface/include/original_interface/original_interface/srv
-- Installing: /home/inouemakoto/interbotix_ws/install/original_interface/include/original_interface/original_interface/srv/target_pos.hpp
-- Up-to-date: /home/inouemakoto/interbotix_ws/install/original_interface/include/original_interface/original_interface/srv/detail
-- Installing: /home/inouemakoto/interbotix_ws/install/original_interface/include/original_interface/original_interface/srv/detail/target_pos__traits.hpp
-- Installing: /home/inouemakoto/interbotix_ws/install/original_interface/include/original_interface/original_interface/srv/detail/target_pos__struct.hpp
-- Installing: /home/inouemakoto/interbotix_ws/install/original_interface/include/original_interface/original_interface/srv/detail/target_pos__builder.hpp
-- Up-to-date: /home/inouemakoto/interbotix_ws/install/original_interface/include/original_interface/original_interface
-- Up-to-date: /home/inouemakoto/interbotix_ws/install/original_interface/include/original_interface/original_interface/srv
-- Up-to-date: /home/inouemakoto/interbotix_ws/install/original_interface/include/original_interface/original_interface/srv/detail
-- Installing: /home/inouemakoto/interbotix_ws/install/original_interface/include/original_interface/original_interface/srv/detail/dds_fastrtps
-- Installing: /home/inouemakoto/interbotix_ws/install/original_interface/include/original_interface/original_interface/srv/detail/target_pos__rosidl_typesupport_fastrtps_cpp.hpp
-- Up-to-date: /home/inouemakoto/interbotix_ws/install/original_interface/include/original_interface/original_interface/msg
-- Installing: /home/inouemakoto/interbotix_ws/install/original_interface/include/original_interface/original_interface/msg/rosidl_typesupport_fastrtps_cpp__visibility_control.h
-- Installing: /home/inouemakoto/interbotix_ws/install/original_interface/lib/liboriginal_interface__rosidl_typesupport_fastrtps_cpp.so
-- Set runtime path of "/home/inouemakoto/interbotix_ws/install/original_interface/lib/liboriginal_interface__rosidl_typesupport_fastrtps_cpp.so" to ""
-- Up-to-date: /home/inouemakoto/interbotix_ws/install/original_interface/include/original_interface/original_interface
-- Up-to-date: /home/inouemakoto/interbotix_ws/install/original_interface/include/original_interface/original_interface/srv
-- Up-to-date: /home/inouemakoto/interbotix_ws/install/original_interface/include/original_interface/original_interface/srv/detail
-- Installing: /home/inouemakoto/interbotix_ws/install/original_interface/include/original_interface/original_interface/srv/detail/target_pos__type_support.cpp
-- Installing: /home/inouemakoto/interbotix_ws/install/original_interface/include/original_interface/original_interface/srv/detail/target_pos__rosidl_typesupport_introspection_cpp.hpp
-- Installing: /home/inouemakoto/interbotix_ws/install/original_interface/lib/liboriginal_interface__rosidl_typesupport_introspection_cpp.so
-- Set runtime path of "/home/inouemakoto/interbotix_ws/install/original_interface/lib/liboriginal_interface__rosidl_typesupport_introspection_cpp.so" to ""
-- Installing: /home/inouemakoto/interbotix_ws/install/original_interface/lib/liboriginal_interface__rosidl_typesupport_cpp.so
-- Set runtime path of "/home/inouemakoto/interbotix_ws/install/original_interface/lib/liboriginal_interface__rosidl_typesupport_cpp.so" to ""
-- Installing: /home/inouemakoto/interbotix_ws/install/original_interface/share/original_interface/environment/pythonpath.sh
-- Installing: /home/inouemakoto/interbotix_ws/install/original_interface/share/original_interface/environment/pythonpath.dsv
-- Installing: /home/inouemakoto/interbotix_ws/install/original_interface/local/lib/python3.10/dist-packages/original_interface-0.0.0-py3.10.egg-info
-- Installing: /home/inouemakoto/interbotix_ws/install/original_interface/local/lib/python3.10/dist-packages/original_interface-0.0.0-py3.10.egg-info/top_level.txt
-- Installing: /home/inouemakoto/interbotix_ws/install/original_interface/local/lib/python3.10/dist-packages/original_interface-0.0.0-py3.10.egg-info/dependency_links.txt
-- Installing: /home/inouemakoto/interbotix_ws/install/original_interface/local/lib/python3.10/dist-packages/original_interface-0.0.0-py3.10.egg-info/SOURCES.txt
-- Installing: /home/inouemakoto/interbotix_ws/install/original_interface/local/lib/python3.10/dist-packages/original_interface-0.0.0-py3.10.egg-info/PKG-INFO
-- Installing: /home/inouemakoto/interbotix_ws/install/original_interface/local/lib/python3.10/dist-packages/original_interface
-- Installing: /home/inouemakoto/interbotix_ws/install/original_interface/local/lib/python3.10/dist-packages/original_interface/liboriginal_interface__rosidl_generator_py.so
-- Installing: /home/inouemakoto/interbotix_ws/install/original_interface/local/lib/python3.10/dist-packages/original_interface/original_interface_s__rosidl_typesupport_c.cpython-310-x86_64-linux-gnu.so
-- Installing: /home/inouemakoto/interbotix_ws/install/original_interface/local/lib/python3.10/dist-packages/original_interface/srv
-- Installing: /home/inouemakoto/interbotix_ws/install/original_interface/local/lib/python3.10/dist-packages/original_interface/srv/_target_pos.py
-- Installing: /home/inouemakoto/interbotix_ws/install/original_interface/local/lib/python3.10/dist-packages/original_interface/srv/_target_pos_s.c
-- Installing: /home/inouemakoto/interbotix_ws/install/original_interface/local/lib/python3.10/dist-packages/original_interface/srv/__init__.py
-- Installing: /home/inouemakoto/interbotix_ws/install/original_interface/local/lib/python3.10/dist-packages/original_interface/original_interface_s__rosidl_typesupport_fastrtps_c.cpython-310-x86_64-linux-gnu.so
-- Installing: /home/inouemakoto/interbotix_ws/install/original_interface/local/lib/python3.10/dist-packages/original_interface/original_interface_s__rosidl_typesupport_introspection_c.cpython-310-x86_64-linux-gnu.so
-- Installing: /home/inouemakoto/interbotix_ws/install/original_interface/local/lib/python3.10/dist-packages/original_interface/_original_interface_s.ep.rosidl_typesupport_introspection_c.c
-- Installing: /home/inouemakoto/interbotix_ws/install/original_interface/local/lib/python3.10/dist-packages/original_interface/__init__.py
-- Installing: /home/inouemakoto/interbotix_ws/install/original_interface/local/lib/python3.10/dist-packages/original_interface/_original_interface_s.ep.rosidl_typesupport_fastrtps_c.c
-- Installing: /home/inouemakoto/interbotix_ws/install/original_interface/local/lib/python3.10/dist-packages/original_interface/_original_interface_s.ep.rosidl_typesupport_c.c
Listing '/home/inouemakoto/interbotix_ws/install/original_interface/local/lib/python3.10/dist-packages/original_interface'...
Compiling '/home/inouemakoto/interbotix_ws/install/original_interface/local/lib/python3.10/dist-packages/original_interface/__init__.py'...
Listing '/home/inouemakoto/interbotix_ws/install/original_interface/local/lib/python3.10/dist-packages/original_interface/srv'...
Compiling '/home/inouemakoto/interbotix_ws/install/original_interface/local/lib/python3.10/dist-packages/original_interface/srv/__init__.py'...
Compiling '/home/inouemakoto/interbotix_ws/install/original_interface/local/lib/python3.10/dist-packages/original_interface/srv/_target_pos.py'...
-- Installing: /home/inouemakoto/interbotix_ws/install/original_interface/local/lib/python3.10/dist-packages/original_interface/original_interface_s__rosidl_typesupport_fastrtps_c.cpython-310-x86_64-linux-gnu.so
-- Set runtime path of "/home/inouemakoto/interbotix_ws/install/original_interface/local/lib/python3.10/dist-packages/original_interface/original_interface_s__rosidl_typesupport_fastrtps_c.cpython-310-x86_64-linux-gnu.so" to ""
-- Installing: /home/inouemakoto/interbotix_ws/install/original_interface/local/lib/python3.10/dist-packages/original_interface/original_interface_s__rosidl_typesupport_introspection_c.cpython-310-x86_64-linux-gnu.so
-- Set runtime path of "/home/inouemakoto/interbotix_ws/install/original_interface/local/lib/python3.10/dist-packages/original_interface/original_interface_s__rosidl_typesupport_introspection_c.cpython-310-x86_64-linux-gnu.so" to ""
-- Installing: /home/inouemakoto/interbotix_ws/install/original_interface/local/lib/python3.10/dist-packages/original_interface/original_interface_s__rosidl_typesupport_c.cpython-310-x86_64-linux-gnu.so
-- Set runtime path of "/home/inouemakoto/interbotix_ws/install/original_interface/local/lib/python3.10/dist-packages/original_interface/original_interface_s__rosidl_typesupport_c.cpython-310-x86_64-linux-gnu.so" to ""
-- Installing: /home/inouemakoto/interbotix_ws/install/original_interface/lib/liboriginal_interface__rosidl_generator_py.so
-- Set runtime path of "/home/inouemakoto/interbotix_ws/install/original_interface/lib/liboriginal_interface__rosidl_generator_py.so" to ""
-- Installing: /home/inouemakoto/interbotix_ws/install/original_interface/share/original_interface/srv/TargetPos.idl
-- Installing: /home/inouemakoto/interbotix_ws/install/original_interface/share/original_interface/srv/TargetPos.srv
-- Installing: /home/inouemakoto/interbotix_ws/install/original_interface/share/original_interface/srv/TargetPos_Request.msg
-- Installing: /home/inouemakoto/interbotix_ws/install/original_interface/share/original_interface/srv/TargetPos_Response.msg
-- Installing: /home/inouemakoto/interbotix_ws/install/original_interface/share/ament_index/resource_index/package_run_dependencies/original_interface
-- Installing: /home/inouemakoto/interbotix_ws/install/original_interface/share/ament_index/resource_index/parent_prefix_path/original_interface
-- Installing: /home/inouemakoto/interbotix_ws/install/original_interface/share/original_interface/environment/ament_prefix_path.sh
-- Installing: /home/inouemakoto/interbotix_ws/install/original_interface/share/original_interface/environment/ament_prefix_path.dsv
-- Installing: /home/inouemakoto/interbotix_ws/install/original_interface/share/original_interface/environment/path.sh
-- Installing: /home/inouemakoto/interbotix_ws/install/original_interface/share/original_interface/environment/path.dsv
-- Installing: /home/inouemakoto/interbotix_ws/install/original_interface/share/original_interface/local_setup.bash
-- Installing: /home/inouemakoto/interbotix_ws/install/original_interface/share/original_interface/local_setup.sh
-- Installing: /home/inouemakoto/interbotix_ws/install/original_interface/share/original_interface/local_setup.zsh
-- Installing: /home/inouemakoto/interbotix_ws/install/original_interface/share/original_interface/local_setup.dsv
-- Installing: /home/inouemakoto/interbotix_ws/install/original_interface/share/original_interface/package.dsv
-- Installing: /home/inouemakoto/interbotix_ws/install/original_interface/share/ament_index/resource_index/packages/original_interface
-- Installing: /home/inouemakoto/interbotix_ws/install/original_interface/share/original_interface/cmake/export_original_interface__rosidl_generator_cExport.cmake
-- Installing: /home/inouemakoto/interbotix_ws/install/original_interface/share/original_interface/cmake/export_original_interface__rosidl_generator_cExport-noconfig.cmake
-- Installing: /home/inouemakoto/interbotix_ws/install/original_interface/share/original_interface/cmake/export_original_interface__rosidl_typesupport_fastrtps_cExport.cmake
-- Installing: /home/inouemakoto/interbotix_ws/install/original_interface/share/original_interface/cmake/export_original_interface__rosidl_typesupport_fastrtps_cExport-noconfig.cmake
-- Installing: /home/inouemakoto/interbotix_ws/install/original_interface/share/original_interface/cmake/original_interface__rosidl_typesupport_introspection_cExport.cmake
-- Installing: /home/inouemakoto/interbotix_ws/install/original_interface/share/original_interface/cmake/original_interface__rosidl_typesupport_introspection_cExport-noconfig.cmake
-- Installing: /home/inouemakoto/interbotix_ws/install/original_interface/share/original_interface/cmake/original_interface__rosidl_typesupport_cExport.cmake
-- Installing: /home/inouemakoto/interbotix_ws/install/original_interface/share/original_interface/cmake/original_interface__rosidl_typesupport_cExport-noconfig.cmake
-- Installing: /home/inouemakoto/interbotix_ws/install/original_interface/share/original_interface/cmake/export_original_interface__rosidl_generator_cppExport.cmake
-- Installing: /home/inouemakoto/interbotix_ws/install/original_interface/share/original_interface/cmake/export_original_interface__rosidl_typesupport_fastrtps_cppExport.cmake
-- Installing: /home/inouemakoto/interbotix_ws/install/original_interface/share/original_interface/cmake/export_original_interface__rosidl_typesupport_fastrtps_cppExport-noconfig.cmake
-- Installing: /home/inouemakoto/interbotix_ws/install/original_interface/share/original_interface/cmake/original_interface__rosidl_typesupport_introspection_cppExport.cmake
-- Installing: /home/inouemakoto/interbotix_ws/install/original_interface/share/original_interface/cmake/original_interface__rosidl_typesupport_introspection_cppExport-noconfig.cmake
-- Installing: /home/inouemakoto/interbotix_ws/install/original_interface/share/original_interface/cmake/original_interface__rosidl_typesupport_cppExport.cmake
-- Installing: /home/inouemakoto/interbotix_ws/install/original_interface/share/original_interface/cmake/original_interface__rosidl_typesupport_cppExport-noconfig.cmake
-- Installing: /home/inouemakoto/interbotix_ws/install/original_interface/share/original_interface/cmake/export_original_interface__rosidl_generator_pyExport.cmake
-- Installing: /home/inouemakoto/interbotix_ws/install/original_interface/share/original_interface/cmake/export_original_interface__rosidl_generator_pyExport-noconfig.cmake
-- Installing: /home/inouemakoto/interbotix_ws/install/original_interface/share/original_interface/cmake/rosidl_cmake-extras.cmake
-- Installing: /home/inouemakoto/interbotix_ws/install/original_interface/share/original_interface/cmake/ament_cmake_export_include_directories-extras.cmake
-- Installing: /home/inouemakoto/interbotix_ws/install/original_interface/share/original_interface/cmake/ament_cmake_export_libraries-extras.cmake
-- Installing: /home/inouemakoto/interbotix_ws/install/original_interface/share/original_interface/cmake/ament_cmake_export_targets-extras.cmake
-- Installing: /home/inouemakoto/interbotix_ws/install/original_interface/share/original_interface/cmake/rosidl_cmake_export_typesupport_targets-extras.cmake
-- Installing: /home/inouemakoto/interbotix_ws/install/original_interface/share/original_interface/cmake/ament_cmake_export_dependencies-extras.cmake
-- Installing: /home/inouemakoto/interbotix_ws/install/original_interface/share/original_interface/cmake/rosidl_cmake_export_typesupport_libraries-extras.cmake
-- Installing: /home/inouemakoto/interbotix_ws/install/original_interface/share/original_interface/cmake/original_interfaceConfig.cmake
-- Installing: /home/inouemakoto/interbotix_ws/install/original_interface/share/original_interface/cmake/original_interfaceConfig-version.cmake
-- Installing: /home/inouemakoto/interbotix_ws/install/original_interface/share/original_interface/package.xml
