[1.133s] Invoking command in '/home/inouemakoto/interbotix_ws/src/moveit_service': PYTHONPATH=/home/inouemakoto/interbotix_ws/build/moveit_service/prefix_override:/home/inouemakoto/interbotix_ws/install/moveit_service/lib/python3.10/site-packages:${PYTHONPATH} /usr/bin/python3 setup.py egg_info --egg-base ../../build/moveit_service build --build-base /home/inouemakoto/interbotix_ws/build/moveit_service/build install --record /home/inouemakoto/interbotix_ws/build/moveit_service/install.log --single-version-externally-managed
[1.362s] running egg_info
[1.362s] writing ../../build/moveit_service/moveit_service.egg-info/PKG-INFO
[1.363s] writing dependency_links to ../../build/moveit_service/moveit_service.egg-info/dependency_links.txt
[1.363s] writing entry points to ../../build/moveit_service/moveit_service.egg-info/entry_points.txt
[1.363s] writing requirements to ../../build/moveit_service/moveit_service.egg-info/requires.txt
[1.363s] writing top-level names to ../../build/moveit_service/moveit_service.egg-info/top_level.txt
[1.364s] package init file 'moveit_service/__init__.py' not found (or not a regular file)
[1.364s] reading manifest file '../../build/moveit_service/moveit_service.egg-info/SOURCES.txt'
[1.365s] writing manifest file '../../build/moveit_service/moveit_service.egg-info/SOURCES.txt'
[1.365s] running build
[1.365s] running build_py
[1.365s] running install
[1.365s] /usr/lib/python3/dist-packages/setuptools/command/install.py:34: SetuptoolsDeprecationWarning: setup.py install is deprecated. Use build and pip and other standards-based tools.
[1.365s]   warnings.warn(
[1.365s] running install_lib
[1.366s] running install_data
[1.366s] running install_egg_info
[1.368s] removing '/home/inouemakoto/interbotix_ws/install/moveit_service/lib/python3.10/site-packages/moveit_service-0.0.0-py3.10.egg-info' (and everything under it)
[1.368s] Copying ../../build/moveit_service/moveit_service.egg-info to /home/inouemakoto/interbotix_ws/install/moveit_service/lib/python3.10/site-packages/moveit_service-0.0.0-py3.10.egg-info
[1.368s] running install_scripts
[1.389s] Installing moveit_order script to /home/inouemakoto/interbotix_ws/install/moveit_service/lib/moveit_service
[1.389s] writing list of installed files to '/home/inouemakoto/interbotix_ws/build/moveit_service/install.log'
[1.456s] Invoked command in '/home/inouemakoto/interbotix_ws/src/moveit_service' returned '0': PYTHONPATH=/home/inouemakoto/interbotix_ws/build/moveit_service/prefix_override:/home/inouemakoto/interbotix_ws/install/moveit_service/lib/python3.10/site-packages:${PYTHONPATH} /usr/bin/python3 setup.py egg_info --egg-base ../../build/moveit_service build --build-base /home/inouemakoto/interbotix_ws/build/moveit_service/build install --record /home/inouemakoto/interbotix_ws/build/moveit_service/install.log --single-version-externally-managed
