[0.050s] Invoking command in '/home/inouemakoto/interbotix_ws/src/build/interbotix_xs_msgs': CMAKE_PREFIX_PATH=${CMAKE_PREFIX_PATH}:/home/inouemakoto/interbotix_ws/install/interbotix_xs_modules:/home/inouemakoto/interbotix_ws/install/interbotix_common_modules:/opt/ros/humble /usr/bin/cmake --build /home/inouemakoto/interbotix_ws/src/build/interbotix_xs_msgs -- -j20 -l20
[0.278s] [35m[1mConsolidate compiler generated dependencies of target interbotix_xs_msgs__rosidl_generator_c[0m
[0.279s] [  0%] Built target interbotix_xs_msgs__cpp
[0.279s] [ 12%] Built target interbotix_xs_msgs__rosidl_generator_c
[0.279s] [ 12%] Built target ament_cmake_python_copy_interbotix_xs_msgs
[0.279s] [35m[1mConsolidate compiler generated dependencies of target interbotix_xs_msgs__rosidl_typesupport_cpp[0m
[0.279s] [35m[1mConsolidate compiler generated dependencies of target interbotix_xs_msgs__rosidl_typesupport_introspection_cpp[0m
[0.279s] [35m[1mConsolidate compiler generated dependencies of target interbotix_xs_msgs__rosidl_typesupport_fastrtps_cpp[0m
[0.279s] [35m[1mConsolidate compiler generated dependencies of target interbotix_xs_msgs__rosidl_typesupport_c[0m
[0.280s] [35m[1mConsolidate compiler generated dependencies of target interbotix_xs_msgs__rosidl_typesupport_introspection_c[0m
[0.280s] [35m[1mConsolidate compiler generated dependencies of target interbotix_xs_msgs__rosidl_typesupport_fastrtps_c[0m
[0.280s] [ 24%] Built target interbotix_xs_msgs__rosidl_typesupport_c
[0.280s] [ 45%] Built target interbotix_xs_msgs__rosidl_typesupport_cpp
[0.280s] [ 48%] Built target interbotix_xs_msgs__rosidl_typesupport_introspection_c
[0.280s] [ 60%] Built target interbotix_xs_msgs__rosidl_typesupport_introspection_cpp
[0.280s] [ 72%] Built target interbotix_xs_msgs__rosidl_typesupport_fastrtps_cpp
[0.280s] [ 84%] Built target interbotix_xs_msgs__rosidl_typesupport_fastrtps_c
[0.280s] [ 84%] Built target interbotix_xs_msgs
[0.280s] [ 85%] Built target interbotix_xs_msgs__py
[0.280s] [35m[1mConsolidate compiler generated dependencies of target interbotix_xs_msgs__rosidl_generator_py[0m
[0.280s] [ 96%] Built target interbotix_xs_msgs__rosidl_generator_py
[0.280s] [35m[1mConsolidate compiler generated dependencies of target interbotix_xs_msgs__rosidl_typesupport_introspection_c__pyext[0m
[0.281s] [35m[1mConsolidate compiler generated dependencies of target interbotix_xs_msgs__rosidl_typesupport_fastrtps_c__pyext[0m
[0.281s] [35m[1mConsolidate compiler generated dependencies of target interbotix_xs_msgs__rosidl_typesupport_c__pyext[0m
[0.281s] [ 99%] Built target interbotix_xs_msgs__rosidl_typesupport_c__pyext
[0.281s] [ 99%] Built target interbotix_xs_msgs__rosidl_typesupport_fastrtps_c__pyext
[0.281s] [100%] Built target interbotix_xs_msgs__rosidl_typesupport_introspection_c__pyext
[0.302s] running egg_info
[0.302s] writing interbotix_xs_msgs.egg-info/PKG-INFO
[0.303s] writing dependency_links to interbotix_xs_msgs.egg-info/dependency_links.txt
[0.303s] writing top-level names to interbotix_xs_msgs.egg-info/top_level.txt
[0.305s] reading manifest file 'interbotix_xs_msgs.egg-info/SOURCES.txt'
[0.307s] writing manifest file 'interbotix_xs_msgs.egg-info/SOURCES.txt'
[0.365s] [100%] Built target ament_cmake_python_build_interbotix_xs_msgs_egg
[0.376s] Invoked command in '/home/inouemakoto/interbotix_ws/src/build/interbotix_xs_msgs' returned '0': CMAKE_PREFIX_PATH=${CMAKE_PREFIX_PATH}:/home/inouemakoto/interbotix_ws/install/interbotix_xs_modules:/home/inouemakoto/interbotix_ws/install/interbotix_common_modules:/opt/ros/humble /usr/bin/cmake --build /home/inouemakoto/interbotix_ws/src/build/interbotix_xs_msgs -- -j20 -l20
[0.622s] Invoking command in '/home/inouemakoto/interbotix_ws/src/build/interbotix_xs_msgs': CMAKE_PREFIX_PATH=${CMAKE_PREFIX_PATH}:/home/inouemakoto/interbotix_ws/install/interbotix_xs_modules:/home/inouemakoto/interbotix_ws/install/interbotix_common_modules:/opt/ros/humble /usr/bin/cmake --install /home/inouemakoto/interbotix_ws/src/build/interbotix_xs_msgs
[0.629s] -- Install configuration: ""
[0.630s] -- Installing: /home/inouemakoto/interbotix_ws/src/install/interbotix_xs_msgs/share/ament_index/resource_index/rosidl_interfaces/interbotix_xs_msgs
[0.630s] -- Installing: /home/inouemakoto/interbotix_ws/src/install/interbotix_xs_msgs/include/interbotix_xs_msgs/interbotix_xs_msgs
[0.630s] -- Installing: /home/inouemakoto/interbotix_ws/src/install/interbotix_xs_msgs/include/interbotix_xs_msgs/interbotix_xs_msgs/srv
[0.630s] -- Installing: /home/inouemakoto/interbotix_ws/src/install/interbotix_xs_msgs/include/interbotix_xs_msgs/interbotix_xs_msgs/srv/reboot.h
[0.630s] -- Installing: /home/inouemakoto/interbotix_ws/src/install/interbotix_xs_msgs/include/interbotix_xs_msgs/interbotix_xs_msgs/srv/torque_enable.h
[0.630s] -- Installing: /home/inouemakoto/interbotix_ws/src/install/interbotix_xs_msgs/include/interbotix_xs_msgs/interbotix_xs_msgs/srv/operating_modes.h
[0.630s] -- Installing: /home/inouemakoto/interbotix_ws/src/install/interbotix_xs_msgs/include/interbotix_xs_msgs/interbotix_xs_msgs/srv/detail
[0.631s] -- Installing: /home/inouemakoto/interbotix_ws/src/install/interbotix_xs_msgs/include/interbotix_xs_msgs/interbotix_xs_msgs/srv/detail/operating_modes__functions.h
[0.631s] -- Installing: /home/inouemakoto/interbotix_ws/src/install/interbotix_xs_msgs/include/interbotix_xs_msgs/interbotix_xs_msgs/srv/detail/robot_info__type_support.h
[0.631s] -- Installing: /home/inouemakoto/interbotix_ws/src/install/interbotix_xs_msgs/include/interbotix_xs_msgs/interbotix_xs_msgs/srv/detail/reboot__struct.h
[0.631s] -- Installing: /home/inouemakoto/interbotix_ws/src/install/interbotix_xs_msgs/include/interbotix_xs_msgs/interbotix_xs_msgs/srv/detail/reboot__functions.h
[0.631s] -- Installing: /home/inouemakoto/interbotix_ws/src/install/interbotix_xs_msgs/include/interbotix_xs_msgs/interbotix_xs_msgs/srv/detail/torque_enable__functions.h
[0.631s] -- Installing: /home/inouemakoto/interbotix_ws/src/install/interbotix_xs_msgs/include/interbotix_xs_msgs/interbotix_xs_msgs/srv/detail/robot_info__struct.h
[0.631s] -- Installing: /home/inouemakoto/interbotix_ws/src/install/interbotix_xs_msgs/include/interbotix_xs_msgs/interbotix_xs_msgs/srv/detail/reboot__functions.c
[0.632s] -- Installing: /home/inouemakoto/interbotix_ws/src/install/interbotix_xs_msgs/include/interbotix_xs_msgs/interbotix_xs_msgs/srv/detail/motor_gains__struct.h
[0.632s] -- Installing: /home/inouemakoto/interbotix_ws/src/install/interbotix_xs_msgs/include/interbotix_xs_msgs/interbotix_xs_msgs/srv/detail/torque_enable__type_support.h
[0.632s] -- Installing: /home/inouemakoto/interbotix_ws/src/install/interbotix_xs_msgs/include/interbotix_xs_msgs/interbotix_xs_msgs/srv/detail/register_values__functions.c
[0.632s] -- Installing: /home/inouemakoto/interbotix_ws/src/install/interbotix_xs_msgs/include/interbotix_xs_msgs/interbotix_xs_msgs/srv/detail/operating_modes__type_support.h
[0.632s] -- Installing: /home/inouemakoto/interbotix_ws/src/install/interbotix_xs_msgs/include/interbotix_xs_msgs/interbotix_xs_msgs/srv/detail/robot_info__functions.h
[0.632s] -- Installing: /home/inouemakoto/interbotix_ws/src/install/interbotix_xs_msgs/include/interbotix_xs_msgs/interbotix_xs_msgs/srv/detail/operating_modes__functions.c
[0.632s] -- Installing: /home/inouemakoto/interbotix_ws/src/install/interbotix_xs_msgs/include/interbotix_xs_msgs/interbotix_xs_msgs/srv/detail/torque_enable__functions.c
[0.633s] -- Installing: /home/inouemakoto/interbotix_ws/src/install/interbotix_xs_msgs/include/interbotix_xs_msgs/interbotix_xs_msgs/srv/detail/reboot__type_support.h
[0.633s] -- Installing: /home/inouemakoto/interbotix_ws/src/install/interbotix_xs_msgs/include/interbotix_xs_msgs/interbotix_xs_msgs/srv/detail/register_values__type_support.h
[0.633s] -- Installing: /home/inouemakoto/interbotix_ws/src/install/interbotix_xs_msgs/include/interbotix_xs_msgs/interbotix_xs_msgs/srv/detail/motor_gains__functions.h
[0.633s] -- Installing: /home/inouemakoto/interbotix_ws/src/install/interbotix_xs_msgs/include/interbotix_xs_msgs/interbotix_xs_msgs/srv/detail/operating_modes__struct.h
[0.633s] -- Installing: /home/inouemakoto/interbotix_ws/src/install/interbotix_xs_msgs/include/interbotix_xs_msgs/interbotix_xs_msgs/srv/detail/register_values__functions.h
[0.633s] -- Installing: /home/inouemakoto/interbotix_ws/src/install/interbotix_xs_msgs/include/interbotix_xs_msgs/interbotix_xs_msgs/srv/detail/register_values__struct.h
[0.633s] -- Installing: /home/inouemakoto/interbotix_ws/src/install/interbotix_xs_msgs/include/interbotix_xs_msgs/interbotix_xs_msgs/srv/detail/motor_gains__type_support.h
[0.634s] -- Installing: /home/inouemakoto/interbotix_ws/src/install/interbotix_xs_msgs/include/interbotix_xs_msgs/interbotix_xs_msgs/srv/detail/motor_gains__functions.c
[0.634s] -- Installing: /home/inouemakoto/interbotix_ws/src/install/interbotix_xs_msgs/include/interbotix_xs_msgs/interbotix_xs_msgs/srv/detail/torque_enable__struct.h
[0.634s] -- Installing: /home/inouemakoto/interbotix_ws/src/install/interbotix_xs_msgs/include/interbotix_xs_msgs/interbotix_xs_msgs/srv/detail/robot_info__functions.c
[0.634s] -- Installing: /home/inouemakoto/interbotix_ws/src/install/interbotix_xs_msgs/include/interbotix_xs_msgs/interbotix_xs_msgs/srv/register_values.h
[0.634s] -- Installing: /home/inouemakoto/interbotix_ws/src/install/interbotix_xs_msgs/include/interbotix_xs_msgs/interbotix_xs_msgs/srv/robot_info.h
[0.634s] -- Installing: /home/inouemakoto/interbotix_ws/src/install/interbotix_xs_msgs/include/interbotix_xs_msgs/interbotix_xs_msgs/srv/motor_gains.h
[0.634s] -- Installing: /home/inouemakoto/interbotix_ws/src/install/interbotix_xs_msgs/include/interbotix_xs_msgs/interbotix_xs_msgs/msg
[0.635s] -- Installing: /home/inouemakoto/interbotix_ws/src/install/interbotix_xs_msgs/include/interbotix_xs_msgs/interbotix_xs_msgs/msg/locobot_joy.h
[0.635s] -- Installing: /home/inouemakoto/interbotix_ws/src/install/interbotix_xs_msgs/include/interbotix_xs_msgs/interbotix_xs_msgs/msg/hex_joy.h
[0.635s] -- Installing: /home/inouemakoto/interbotix_ws/src/install/interbotix_xs_msgs/include/interbotix_xs_msgs/interbotix_xs_msgs/msg/joint_trajectory_command.h
[0.635s] -- Installing: /home/inouemakoto/interbotix_ws/src/install/interbotix_xs_msgs/include/interbotix_xs_msgs/interbotix_xs_msgs/msg/joint_group_command.h
[0.635s] -- Installing: /home/inouemakoto/interbotix_ws/src/install/interbotix_xs_msgs/include/interbotix_xs_msgs/interbotix_xs_msgs/msg/arm_joy.h
[0.635s] -- Installing: /home/inouemakoto/interbotix_ws/src/install/interbotix_xs_msgs/include/interbotix_xs_msgs/interbotix_xs_msgs/msg/rosidl_generator_c__visibility_control.h
[0.635s] -- Installing: /home/inouemakoto/interbotix_ws/src/install/interbotix_xs_msgs/include/interbotix_xs_msgs/interbotix_xs_msgs/msg/joint_single_command.h
[0.636s] -- Installing: /home/inouemakoto/interbotix_ws/src/install/interbotix_xs_msgs/include/interbotix_xs_msgs/interbotix_xs_msgs/msg/turret_joy.h
[0.636s] -- Installing: /home/inouemakoto/interbotix_ws/src/install/interbotix_xs_msgs/include/interbotix_xs_msgs/interbotix_xs_msgs/msg/joint_temps.h
[0.636s] -- Installing: /home/inouemakoto/interbotix_ws/src/install/interbotix_xs_msgs/include/interbotix_xs_msgs/interbotix_xs_msgs/msg/detail
[0.636s] -- Installing: /home/inouemakoto/interbotix_ws/src/install/interbotix_xs_msgs/include/interbotix_xs_msgs/interbotix_xs_msgs/msg/detail/arm_joy__functions.c
[0.636s] -- Installing: /home/inouemakoto/interbotix_ws/src/install/interbotix_xs_msgs/include/interbotix_xs_msgs/interbotix_xs_msgs/msg/detail/joint_group_command__functions.c
[0.636s] -- Installing: /home/inouemakoto/interbotix_ws/src/install/interbotix_xs_msgs/include/interbotix_xs_msgs/interbotix_xs_msgs/msg/detail/locobot_joy__type_support.h
[0.636s] -- Installing: /home/inouemakoto/interbotix_ws/src/install/interbotix_xs_msgs/include/interbotix_xs_msgs/interbotix_xs_msgs/msg/detail/joint_group_command__struct.h
[0.637s] -- Installing: /home/inouemakoto/interbotix_ws/src/install/interbotix_xs_msgs/include/interbotix_xs_msgs/interbotix_xs_msgs/msg/detail/locobot_joy__struct.h
[0.637s] -- Installing: /home/inouemakoto/interbotix_ws/src/install/interbotix_xs_msgs/include/interbotix_xs_msgs/interbotix_xs_msgs/msg/detail/turret_joy__functions.h
[0.637s] -- Installing: /home/inouemakoto/interbotix_ws/src/install/interbotix_xs_msgs/include/interbotix_xs_msgs/interbotix_xs_msgs/msg/detail/joint_trajectory_command__struct.h
[0.637s] -- Installing: /home/inouemakoto/interbotix_ws/src/install/interbotix_xs_msgs/include/interbotix_xs_msgs/interbotix_xs_msgs/msg/detail/hex_joy__functions.c
[0.637s] -- Installing: /home/inouemakoto/interbotix_ws/src/install/interbotix_xs_msgs/include/interbotix_xs_msgs/interbotix_xs_msgs/msg/detail/turret_joy__type_support.h
[0.637s] -- Installing: /home/inouemakoto/interbotix_ws/src/install/interbotix_xs_msgs/include/interbotix_xs_msgs/interbotix_xs_msgs/msg/detail/joint_temps__struct.h
[0.637s] -- Installing: /home/inouemakoto/interbotix_ws/src/install/interbotix_xs_msgs/include/interbotix_xs_msgs/interbotix_xs_msgs/msg/detail/arm_joy__struct.h
[0.637s] -- Installing: /home/inouemakoto/interbotix_ws/src/install/interbotix_xs_msgs/include/interbotix_xs_msgs/interbotix_xs_msgs/msg/detail/hex_joy__type_support.h
[0.638s] -- Installing: /home/inouemakoto/interbotix_ws/src/install/interbotix_xs_msgs/include/interbotix_xs_msgs/interbotix_xs_msgs/msg/detail/joint_trajectory_command__functions.h
[0.638s] -- Installing: /home/inouemakoto/interbotix_ws/src/install/interbotix_xs_msgs/include/interbotix_xs_msgs/interbotix_xs_msgs/msg/detail/turret_joy__functions.c
[0.638s] -- Installing: /home/inouemakoto/interbotix_ws/src/install/interbotix_xs_msgs/include/interbotix_xs_msgs/interbotix_xs_msgs/msg/detail/joint_trajectory_command__type_support.h
[0.638s] -- Installing: /home/inouemakoto/interbotix_ws/src/install/interbotix_xs_msgs/include/interbotix_xs_msgs/interbotix_xs_msgs/msg/detail/joint_temps__functions.c
[0.638s] -- Installing: /home/inouemakoto/interbotix_ws/src/install/interbotix_xs_msgs/include/interbotix_xs_msgs/interbotix_xs_msgs/msg/detail/hex_joy__struct.h
[0.638s] -- Installing: /home/inouemakoto/interbotix_ws/src/install/interbotix_xs_msgs/include/interbotix_xs_msgs/interbotix_xs_msgs/msg/detail/turret_joy__struct.h
[0.638s] -- Installing: /home/inouemakoto/interbotix_ws/src/install/interbotix_xs_msgs/include/interbotix_xs_msgs/interbotix_xs_msgs/msg/detail/joint_group_command__functions.h
[0.639s] -- Installing: /home/inouemakoto/interbotix_ws/src/install/interbotix_xs_msgs/include/interbotix_xs_msgs/interbotix_xs_msgs/msg/detail/hex_joy__functions.h
[0.639s] -- Installing: /home/inouemakoto/interbotix_ws/src/install/interbotix_xs_msgs/include/interbotix_xs_msgs/interbotix_xs_msgs/msg/detail/joint_group_command__type_support.h
[0.639s] -- Installing: /home/inouemakoto/interbotix_ws/src/install/interbotix_xs_msgs/include/interbotix_xs_msgs/interbotix_xs_msgs/msg/detail/joint_trajectory_command__functions.c
[0.639s] -- Installing: /home/inouemakoto/interbotix_ws/src/install/interbotix_xs_msgs/include/interbotix_xs_msgs/interbotix_xs_msgs/msg/detail/arm_joy__type_support.h
[0.639s] -- Installing: /home/inouemakoto/interbotix_ws/src/install/interbotix_xs_msgs/include/interbotix_xs_msgs/interbotix_xs_msgs/msg/detail/joint_single_command__type_support.h
[0.639s] -- Installing: /home/inouemakoto/interbotix_ws/src/install/interbotix_xs_msgs/include/interbotix_xs_msgs/interbotix_xs_msgs/msg/detail/arm_joy__functions.h
[0.639s] -- Installing: /home/inouemakoto/interbotix_ws/src/install/interbotix_xs_msgs/include/interbotix_xs_msgs/interbotix_xs_msgs/msg/detail/joint_single_command__functions.h
[0.639s] -- Installing: /home/inouemakoto/interbotix_ws/src/install/interbotix_xs_msgs/include/interbotix_xs_msgs/interbotix_xs_msgs/msg/detail/joint_temps__type_support.h
[0.640s] -- Installing: /home/inouemakoto/interbotix_ws/src/install/interbotix_xs_msgs/include/interbotix_xs_msgs/interbotix_xs_msgs/msg/detail/joint_single_command__functions.c
[0.640s] -- Installing: /home/inouemakoto/interbotix_ws/src/install/interbotix_xs_msgs/include/interbotix_xs_msgs/interbotix_xs_msgs/msg/detail/joint_temps__functions.h
[0.640s] -- Installing: /home/inouemakoto/interbotix_ws/src/install/interbotix_xs_msgs/include/interbotix_xs_msgs/interbotix_xs_msgs/msg/detail/locobot_joy__functions.c
[0.640s] -- Installing: /home/inouemakoto/interbotix_ws/src/install/interbotix_xs_msgs/include/interbotix_xs_msgs/interbotix_xs_msgs/msg/detail/locobot_joy__functions.h
[0.640s] -- Installing: /home/inouemakoto/interbotix_ws/src/install/interbotix_xs_msgs/include/interbotix_xs_msgs/interbotix_xs_msgs/msg/detail/joint_single_command__struct.h
[0.640s] -- Installing: /home/inouemakoto/interbotix_ws/src/install/interbotix_xs_msgs/share/interbotix_xs_msgs/environment/library_path.sh
[0.640s] -- Installing: /home/inouemakoto/interbotix_ws/src/install/interbotix_xs_msgs/share/interbotix_xs_msgs/environment/library_path.dsv
[0.640s] -- Installing: /home/inouemakoto/interbotix_ws/src/install/interbotix_xs_msgs/lib/libinterbotix_xs_msgs__rosidl_generator_c.so
[0.641s] -- Set runtime path of "/home/inouemakoto/interbotix_ws/src/install/interbotix_xs_msgs/lib/libinterbotix_xs_msgs__rosidl_generator_c.so" to ""
[0.641s] -- Up-to-date: /home/inouemakoto/interbotix_ws/src/install/interbotix_xs_msgs/include/interbotix_xs_msgs/interbotix_xs_msgs
[0.641s] -- Up-to-date: /home/inouemakoto/interbotix_ws/src/install/interbotix_xs_msgs/include/interbotix_xs_msgs/interbotix_xs_msgs/srv
[0.641s] -- Up-to-date: /home/inouemakoto/interbotix_ws/src/install/interbotix_xs_msgs/include/interbotix_xs_msgs/interbotix_xs_msgs/srv/detail
[0.641s] -- Installing: /home/inouemakoto/interbotix_ws/src/install/interbotix_xs_msgs/include/interbotix_xs_msgs/interbotix_xs_msgs/srv/detail/torque_enable__rosidl_typesupport_fastrtps_c.h
[0.641s] -- Installing: /home/inouemakoto/interbotix_ws/src/install/interbotix_xs_msgs/include/interbotix_xs_msgs/interbotix_xs_msgs/srv/detail/robot_info__rosidl_typesupport_fastrtps_c.h
[0.641s] -- Installing: /home/inouemakoto/interbotix_ws/src/install/interbotix_xs_msgs/include/interbotix_xs_msgs/interbotix_xs_msgs/srv/detail/reboot__rosidl_typesupport_fastrtps_c.h
[0.641s] -- Installing: /home/inouemakoto/interbotix_ws/src/install/interbotix_xs_msgs/include/interbotix_xs_msgs/interbotix_xs_msgs/srv/detail/register_values__rosidl_typesupport_fastrtps_c.h
[0.642s] -- Installing: /home/inouemakoto/interbotix_ws/src/install/interbotix_xs_msgs/include/interbotix_xs_msgs/interbotix_xs_msgs/srv/detail/operating_modes__rosidl_typesupport_fastrtps_c.h
[0.642s] -- Installing: /home/inouemakoto/interbotix_ws/src/install/interbotix_xs_msgs/include/interbotix_xs_msgs/interbotix_xs_msgs/srv/detail/motor_gains__rosidl_typesupport_fastrtps_c.h
[0.642s] -- Up-to-date: /home/inouemakoto/interbotix_ws/src/install/interbotix_xs_msgs/include/interbotix_xs_msgs/interbotix_xs_msgs/msg
[0.642s] -- Up-to-date: /home/inouemakoto/interbotix_ws/src/install/interbotix_xs_msgs/include/interbotix_xs_msgs/interbotix_xs_msgs/msg/detail
[0.642s] -- Installing: /home/inouemakoto/interbotix_ws/src/install/interbotix_xs_msgs/include/interbotix_xs_msgs/interbotix_xs_msgs/msg/detail/joint_group_command__rosidl_typesupport_fastrtps_c.h
[0.642s] -- Installing: /home/inouemakoto/interbotix_ws/src/install/interbotix_xs_msgs/include/interbotix_xs_msgs/interbotix_xs_msgs/msg/detail/joint_trajectory_command__rosidl_typesupport_fastrtps_c.h
[0.642s] -- Installing: /home/inouemakoto/interbotix_ws/src/install/interbotix_xs_msgs/include/interbotix_xs_msgs/interbotix_xs_msgs/msg/detail/joint_single_command__rosidl_typesupport_fastrtps_c.h
[0.642s] -- Installing: /home/inouemakoto/interbotix_ws/src/install/interbotix_xs_msgs/include/interbotix_xs_msgs/interbotix_xs_msgs/msg/detail/locobot_joy__rosidl_typesupport_fastrtps_c.h
[0.642s] -- Installing: /home/inouemakoto/interbotix_ws/src/install/interbotix_xs_msgs/include/interbotix_xs_msgs/interbotix_xs_msgs/msg/detail/turret_joy__rosidl_typesupport_fastrtps_c.h
[0.643s] -- Installing: /home/inouemakoto/interbotix_ws/src/install/interbotix_xs_msgs/include/interbotix_xs_msgs/interbotix_xs_msgs/msg/detail/arm_joy__rosidl_typesupport_fastrtps_c.h
[0.643s] -- Installing: /home/inouemakoto/interbotix_ws/src/install/interbotix_xs_msgs/include/interbotix_xs_msgs/interbotix_xs_msgs/msg/detail/joint_temps__rosidl_typesupport_fastrtps_c.h
[0.643s] -- Installing: /home/inouemakoto/interbotix_ws/src/install/interbotix_xs_msgs/include/interbotix_xs_msgs/interbotix_xs_msgs/msg/detail/hex_joy__rosidl_typesupport_fastrtps_c.h
[0.643s] -- Installing: /home/inouemakoto/interbotix_ws/src/install/interbotix_xs_msgs/include/interbotix_xs_msgs/interbotix_xs_msgs/msg/rosidl_typesupport_fastrtps_c__visibility_control.h
[0.643s] -- Installing: /home/inouemakoto/interbotix_ws/src/install/interbotix_xs_msgs/lib/libinterbotix_xs_msgs__rosidl_typesupport_fastrtps_c.so
[0.643s] -- Set runtime path of "/home/inouemakoto/interbotix_ws/src/install/interbotix_xs_msgs/lib/libinterbotix_xs_msgs__rosidl_typesupport_fastrtps_c.so" to ""
[0.643s] -- Up-to-date: /home/inouemakoto/interbotix_ws/src/install/interbotix_xs_msgs/include/interbotix_xs_msgs/interbotix_xs_msgs
[0.643s] -- Up-to-date: /home/inouemakoto/interbotix_ws/src/install/interbotix_xs_msgs/include/interbotix_xs_msgs/interbotix_xs_msgs/srv
[0.644s] -- Up-to-date: /home/inouemakoto/interbotix_ws/src/install/interbotix_xs_msgs/include/interbotix_xs_msgs/interbotix_xs_msgs/srv/detail
[0.644s] -- Installing: /home/inouemakoto/interbotix_ws/src/install/interbotix_xs_msgs/include/interbotix_xs_msgs/interbotix_xs_msgs/srv/detail/torque_enable__rosidl_typesupport_introspection_c.h
[0.644s] -- Installing: /home/inouemakoto/interbotix_ws/src/install/interbotix_xs_msgs/include/interbotix_xs_msgs/interbotix_xs_msgs/srv/detail/torque_enable__type_support.c
[0.644s] -- Installing: /home/inouemakoto/interbotix_ws/src/install/interbotix_xs_msgs/include/interbotix_xs_msgs/interbotix_xs_msgs/srv/detail/motor_gains__type_support.c
[0.644s] -- Installing: /home/inouemakoto/interbotix_ws/src/install/interbotix_xs_msgs/include/interbotix_xs_msgs/interbotix_xs_msgs/srv/detail/reboot__rosidl_typesupport_introspection_c.h
[0.644s] -- Installing: /home/inouemakoto/interbotix_ws/src/install/interbotix_xs_msgs/include/interbotix_xs_msgs/interbotix_xs_msgs/srv/detail/robot_info__rosidl_typesupport_introspection_c.h
[0.644s] -- Installing: /home/inouemakoto/interbotix_ws/src/install/interbotix_xs_msgs/include/interbotix_xs_msgs/interbotix_xs_msgs/srv/detail/reboot__type_support.c
[0.645s] -- Installing: /home/inouemakoto/interbotix_ws/src/install/interbotix_xs_msgs/include/interbotix_xs_msgs/interbotix_xs_msgs/srv/detail/motor_gains__rosidl_typesupport_introspection_c.h
[0.645s] -- Installing: /home/inouemakoto/interbotix_ws/src/install/interbotix_xs_msgs/include/interbotix_xs_msgs/interbotix_xs_msgs/srv/detail/operating_modes__type_support.c
[0.645s] -- Installing: /home/inouemakoto/interbotix_ws/src/install/interbotix_xs_msgs/include/interbotix_xs_msgs/interbotix_xs_msgs/srv/detail/operating_modes__rosidl_typesupport_introspection_c.h
[0.645s] -- Installing: /home/inouemakoto/interbotix_ws/src/install/interbotix_xs_msgs/include/interbotix_xs_msgs/interbotix_xs_msgs/srv/detail/register_values__rosidl_typesupport_introspection_c.h
[0.645s] -- Installing: /home/inouemakoto/interbotix_ws/src/install/interbotix_xs_msgs/include/interbotix_xs_msgs/interbotix_xs_msgs/srv/detail/register_values__type_support.c
[0.645s] -- Installing: /home/inouemakoto/interbotix_ws/src/install/interbotix_xs_msgs/include/interbotix_xs_msgs/interbotix_xs_msgs/srv/detail/robot_info__type_support.c
[0.645s] -- Up-to-date: /home/inouemakoto/interbotix_ws/src/install/interbotix_xs_msgs/include/interbotix_xs_msgs/interbotix_xs_msgs/msg
[0.645s] -- Installing: /home/inouemakoto/interbotix_ws/src/install/interbotix_xs_msgs/include/interbotix_xs_msgs/interbotix_xs_msgs/msg/rosidl_typesupport_introspection_c__visibility_control.h
[0.646s] -- Up-to-date: /home/inouemakoto/interbotix_ws/src/install/interbotix_xs_msgs/include/interbotix_xs_msgs/interbotix_xs_msgs/msg/detail
[0.646s] -- Installing: /home/inouemakoto/interbotix_ws/src/install/interbotix_xs_msgs/include/interbotix_xs_msgs/interbotix_xs_msgs/msg/detail/turret_joy__rosidl_typesupport_introspection_c.h
[0.646s] -- Installing: /home/inouemakoto/interbotix_ws/src/install/interbotix_xs_msgs/include/interbotix_xs_msgs/interbotix_xs_msgs/msg/detail/hex_joy__type_support.c
[0.646s] -- Installing: /home/inouemakoto/interbotix_ws/src/install/interbotix_xs_msgs/include/interbotix_xs_msgs/interbotix_xs_msgs/msg/detail/joint_group_command__rosidl_typesupport_introspection_c.h
[0.646s] -- Installing: /home/inouemakoto/interbotix_ws/src/install/interbotix_xs_msgs/include/interbotix_xs_msgs/interbotix_xs_msgs/msg/detail/joint_trajectory_command__rosidl_typesupport_introspection_c.h
[0.646s] -- Installing: /home/inouemakoto/interbotix_ws/src/install/interbotix_xs_msgs/include/interbotix_xs_msgs/interbotix_xs_msgs/msg/detail/joint_trajectory_command__type_support.c
[0.647s] -- Installing: /home/inouemakoto/interbotix_ws/src/install/interbotix_xs_msgs/include/interbotix_xs_msgs/interbotix_xs_msgs/msg/detail/hex_joy__rosidl_typesupport_introspection_c.h
[0.647s] -- Installing: /home/inouemakoto/interbotix_ws/src/install/interbotix_xs_msgs/include/interbotix_xs_msgs/interbotix_xs_msgs/msg/detail/joint_single_command__type_support.c
[0.647s] -- Installing: /home/inouemakoto/interbotix_ws/src/install/interbotix_xs_msgs/include/interbotix_xs_msgs/interbotix_xs_msgs/msg/detail/arm_joy__rosidl_typesupport_introspection_c.h
[0.647s] -- Installing: /home/inouemakoto/interbotix_ws/src/install/interbotix_xs_msgs/include/interbotix_xs_msgs/interbotix_xs_msgs/msg/detail/turret_joy__type_support.c
[0.647s] -- Installing: /home/inouemakoto/interbotix_ws/src/install/interbotix_xs_msgs/include/interbotix_xs_msgs/interbotix_xs_msgs/msg/detail/joint_temps__type_support.c
[0.647s] -- Installing: /home/inouemakoto/interbotix_ws/src/install/interbotix_xs_msgs/include/interbotix_xs_msgs/interbotix_xs_msgs/msg/detail/arm_joy__type_support.c
[0.647s] -- Installing: /home/inouemakoto/interbotix_ws/src/install/interbotix_xs_msgs/include/interbotix_xs_msgs/interbotix_xs_msgs/msg/detail/locobot_joy__rosidl_typesupport_introspection_c.h
[0.647s] -- Installing: /home/inouemakoto/interbotix_ws/src/install/interbotix_xs_msgs/include/interbotix_xs_msgs/interbotix_xs_msgs/msg/detail/joint_temps__rosidl_typesupport_introspection_c.h
[0.648s] -- Installing: /home/inouemakoto/interbotix_ws/src/install/interbotix_xs_msgs/include/interbotix_xs_msgs/interbotix_xs_msgs/msg/detail/joint_single_command__rosidl_typesupport_introspection_c.h
[0.648s] -- Installing: /home/inouemakoto/interbotix_ws/src/install/interbotix_xs_msgs/include/interbotix_xs_msgs/interbotix_xs_msgs/msg/detail/locobot_joy__type_support.c
[0.648s] -- Installing: /home/inouemakoto/interbotix_ws/src/install/interbotix_xs_msgs/include/interbotix_xs_msgs/interbotix_xs_msgs/msg/detail/joint_group_command__type_support.c
[0.648s] -- Installing: /home/inouemakoto/interbotix_ws/src/install/interbotix_xs_msgs/lib/libinterbotix_xs_msgs__rosidl_typesupport_introspection_c.so
[0.648s] -- Set runtime path of "/home/inouemakoto/interbotix_ws/src/install/interbotix_xs_msgs/lib/libinterbotix_xs_msgs__rosidl_typesupport_introspection_c.so" to ""
[0.648s] -- Installing: /home/inouemakoto/interbotix_ws/src/install/interbotix_xs_msgs/lib/libinterbotix_xs_msgs__rosidl_typesupport_c.so
[0.648s] -- Set runtime path of "/home/inouemakoto/interbotix_ws/src/install/interbotix_xs_msgs/lib/libinterbotix_xs_msgs__rosidl_typesupport_c.so" to ""
[0.649s] -- Up-to-date: /home/inouemakoto/interbotix_ws/src/install/interbotix_xs_msgs/include/interbotix_xs_msgs/interbotix_xs_msgs
[0.649s] -- Up-to-date: /home/inouemakoto/interbotix_ws/src/install/interbotix_xs_msgs/include/interbotix_xs_msgs/interbotix_xs_msgs/srv
[0.649s] -- Installing: /home/inouemakoto/interbotix_ws/src/install/interbotix_xs_msgs/include/interbotix_xs_msgs/interbotix_xs_msgs/srv/operating_modes.hpp
[0.649s] -- Installing: /home/inouemakoto/interbotix_ws/src/install/interbotix_xs_msgs/include/interbotix_xs_msgs/interbotix_xs_msgs/srv/register_values.hpp
[0.649s] -- Installing: /home/inouemakoto/interbotix_ws/src/install/interbotix_xs_msgs/include/interbotix_xs_msgs/interbotix_xs_msgs/srv/robot_info.hpp
[0.649s] -- Installing: /home/inouemakoto/interbotix_ws/src/install/interbotix_xs_msgs/include/interbotix_xs_msgs/interbotix_xs_msgs/srv/reboot.hpp
[0.649s] -- Installing: /home/inouemakoto/interbotix_ws/src/install/interbotix_xs_msgs/include/interbotix_xs_msgs/interbotix_xs_msgs/srv/motor_gains.hpp
[0.650s] -- Up-to-date: /home/inouemakoto/interbotix_ws/src/install/interbotix_xs_msgs/include/interbotix_xs_msgs/interbotix_xs_msgs/srv/detail
[0.650s] -- Installing: /home/inouemakoto/interbotix_ws/src/install/interbotix_xs_msgs/include/interbotix_xs_msgs/interbotix_xs_msgs/srv/detail/torque_enable__traits.hpp
[0.650s] -- Installing: /home/inouemakoto/interbotix_ws/src/install/interbotix_xs_msgs/include/interbotix_xs_msgs/interbotix_xs_msgs/srv/detail/operating_modes__builder.hpp
[0.650s] -- Installing: /home/inouemakoto/interbotix_ws/src/install/interbotix_xs_msgs/include/interbotix_xs_msgs/interbotix_xs_msgs/srv/detail/register_values__traits.hpp
[0.650s] -- Installing: /home/inouemakoto/interbotix_ws/src/install/interbotix_xs_msgs/include/interbotix_xs_msgs/interbotix_xs_msgs/srv/detail/torque_enable__builder.hpp
[0.650s] -- Installing: /home/inouemakoto/interbotix_ws/src/install/interbotix_xs_msgs/include/interbotix_xs_msgs/interbotix_xs_msgs/srv/detail/register_values__struct.hpp
[0.650s] -- Installing: /home/inouemakoto/interbotix_ws/src/install/interbotix_xs_msgs/include/interbotix_xs_msgs/interbotix_xs_msgs/srv/detail/robot_info__builder.hpp
[0.650s] -- Installing: /home/inouemakoto/interbotix_ws/src/install/interbotix_xs_msgs/include/interbotix_xs_msgs/interbotix_xs_msgs/srv/detail/motor_gains__traits.hpp
[0.651s] -- Installing: /home/inouemakoto/interbotix_ws/src/install/interbotix_xs_msgs/include/interbotix_xs_msgs/interbotix_xs_msgs/srv/detail/torque_enable__struct.hpp
[0.651s] -- Installing: /home/inouemakoto/interbotix_ws/src/install/interbotix_xs_msgs/include/interbotix_xs_msgs/interbotix_xs_msgs/srv/detail/motor_gains__builder.hpp
[0.651s] -- Installing: /home/inouemakoto/interbotix_ws/src/install/interbotix_xs_msgs/include/interbotix_xs_msgs/interbotix_xs_msgs/srv/detail/reboot__builder.hpp
[0.651s] -- Installing: /home/inouemakoto/interbotix_ws/src/install/interbotix_xs_msgs/include/interbotix_xs_msgs/interbotix_xs_msgs/srv/detail/robot_info__struct.hpp
[0.651s] -- Installing: /home/inouemakoto/interbotix_ws/src/install/interbotix_xs_msgs/include/interbotix_xs_msgs/interbotix_xs_msgs/srv/detail/robot_info__traits.hpp
[0.651s] -- Installing: /home/inouemakoto/interbotix_ws/src/install/interbotix_xs_msgs/include/interbotix_xs_msgs/interbotix_xs_msgs/srv/detail/operating_modes__struct.hpp
[0.651s] -- Installing: /home/inouemakoto/interbotix_ws/src/install/interbotix_xs_msgs/include/interbotix_xs_msgs/interbotix_xs_msgs/srv/detail/reboot__struct.hpp
[0.651s] -- Installing: /home/inouemakoto/interbotix_ws/src/install/interbotix_xs_msgs/include/interbotix_xs_msgs/interbotix_xs_msgs/srv/detail/register_values__builder.hpp
[0.651s] -- Installing: /home/inouemakoto/interbotix_ws/src/install/interbotix_xs_msgs/include/interbotix_xs_msgs/interbotix_xs_msgs/srv/detail/operating_modes__traits.hpp
[0.652s] -- Installing: /home/inouemakoto/interbotix_ws/src/install/interbotix_xs_msgs/include/interbotix_xs_msgs/interbotix_xs_msgs/srv/detail/motor_gains__struct.hpp
[0.652s] -- Installing: /home/inouemakoto/interbotix_ws/src/install/interbotix_xs_msgs/include/interbotix_xs_msgs/interbotix_xs_msgs/srv/detail/reboot__traits.hpp
[0.652s] -- Installing: /home/inouemakoto/interbotix_ws/src/install/interbotix_xs_msgs/include/interbotix_xs_msgs/interbotix_xs_msgs/srv/torque_enable.hpp
[0.652s] -- Up-to-date: /home/inouemakoto/interbotix_ws/src/install/interbotix_xs_msgs/include/interbotix_xs_msgs/interbotix_xs_msgs/msg
[0.652s] -- Installing: /home/inouemakoto/interbotix_ws/src/install/interbotix_xs_msgs/include/interbotix_xs_msgs/interbotix_xs_msgs/msg/arm_joy.hpp
[0.652s] -- Installing: /home/inouemakoto/interbotix_ws/src/install/interbotix_xs_msgs/include/interbotix_xs_msgs/interbotix_xs_msgs/msg/locobot_joy.hpp
[0.652s] -- Installing: /home/inouemakoto/interbotix_ws/src/install/interbotix_xs_msgs/include/interbotix_xs_msgs/interbotix_xs_msgs/msg/hex_joy.hpp
[0.652s] -- Installing: /home/inouemakoto/interbotix_ws/src/install/interbotix_xs_msgs/include/interbotix_xs_msgs/interbotix_xs_msgs/msg/joint_temps.hpp
[0.652s] -- Installing: /home/inouemakoto/interbotix_ws/src/install/interbotix_xs_msgs/include/interbotix_xs_msgs/interbotix_xs_msgs/msg/joint_group_command.hpp
[0.653s] -- Installing: /home/inouemakoto/interbotix_ws/src/install/interbotix_xs_msgs/include/interbotix_xs_msgs/interbotix_xs_msgs/msg/joint_trajectory_command.hpp
[0.653s] -- Installing: /home/inouemakoto/interbotix_ws/src/install/interbotix_xs_msgs/include/interbotix_xs_msgs/interbotix_xs_msgs/msg/joint_single_command.hpp
[0.653s] -- Installing: /home/inouemakoto/interbotix_ws/src/install/interbotix_xs_msgs/include/interbotix_xs_msgs/interbotix_xs_msgs/msg/turret_joy.hpp
[0.653s] -- Up-to-date: /home/inouemakoto/interbotix_ws/src/install/interbotix_xs_msgs/include/interbotix_xs_msgs/interbotix_xs_msgs/msg/detail
[0.653s] -- Installing: /home/inouemakoto/interbotix_ws/src/install/interbotix_xs_msgs/include/interbotix_xs_msgs/interbotix_xs_msgs/msg/detail/joint_trajectory_command__traits.hpp
[0.653s] -- Installing: /home/inouemakoto/interbotix_ws/src/install/interbotix_xs_msgs/include/interbotix_xs_msgs/interbotix_xs_msgs/msg/detail/joint_single_command__traits.hpp
[0.653s] -- Installing: /home/inouemakoto/interbotix_ws/src/install/interbotix_xs_msgs/include/interbotix_xs_msgs/interbotix_xs_msgs/msg/detail/joint_group_command__traits.hpp
[0.653s] -- Installing: /home/inouemakoto/interbotix_ws/src/install/interbotix_xs_msgs/include/interbotix_xs_msgs/interbotix_xs_msgs/msg/detail/arm_joy__traits.hpp
[0.654s] -- Installing: /home/inouemakoto/interbotix_ws/src/install/interbotix_xs_msgs/include/interbotix_xs_msgs/interbotix_xs_msgs/msg/detail/joint_trajectory_command__builder.hpp
[0.654s] -- Installing: /home/inouemakoto/interbotix_ws/src/install/interbotix_xs_msgs/include/interbotix_xs_msgs/interbotix_xs_msgs/msg/detail/joint_group_command__struct.hpp
[0.654s] -- Installing: /home/inouemakoto/interbotix_ws/src/install/interbotix_xs_msgs/include/interbotix_xs_msgs/interbotix_xs_msgs/msg/detail/locobot_joy__traits.hpp
[0.654s] -- Installing: /home/inouemakoto/interbotix_ws/src/install/interbotix_xs_msgs/include/interbotix_xs_msgs/interbotix_xs_msgs/msg/detail/arm_joy__builder.hpp
[0.654s] -- Installing: /home/inouemakoto/interbotix_ws/src/install/interbotix_xs_msgs/include/interbotix_xs_msgs/interbotix_xs_msgs/msg/detail/hex_joy__traits.hpp
[0.654s] -- Installing: /home/inouemakoto/interbotix_ws/src/install/interbotix_xs_msgs/include/interbotix_xs_msgs/interbotix_xs_msgs/msg/detail/joint_temps__struct.hpp
[0.654s] -- Installing: /home/inouemakoto/interbotix_ws/src/install/interbotix_xs_msgs/include/interbotix_xs_msgs/interbotix_xs_msgs/msg/detail/turret_joy__struct.hpp
[0.655s] -- Installing: /home/inouemakoto/interbotix_ws/src/install/interbotix_xs_msgs/include/interbotix_xs_msgs/interbotix_xs_msgs/msg/detail/joint_trajectory_command__struct.hpp
[0.655s] -- Installing: /home/inouemakoto/interbotix_ws/src/install/interbotix_xs_msgs/include/interbotix_xs_msgs/interbotix_xs_msgs/msg/detail/joint_temps__builder.hpp
[0.655s] -- Installing: /home/inouemakoto/interbotix_ws/src/install/interbotix_xs_msgs/include/interbotix_xs_msgs/interbotix_xs_msgs/msg/detail/hex_joy__struct.hpp
[0.655s] -- Installing: /home/inouemakoto/interbotix_ws/src/install/interbotix_xs_msgs/include/interbotix_xs_msgs/interbotix_xs_msgs/msg/detail/joint_single_command__builder.hpp
[0.655s] -- Installing: /home/inouemakoto/interbotix_ws/src/install/interbotix_xs_msgs/include/interbotix_xs_msgs/interbotix_xs_msgs/msg/detail/joint_temps__traits.hpp
[0.655s] -- Installing: /home/inouemakoto/interbotix_ws/src/install/interbotix_xs_msgs/include/interbotix_xs_msgs/interbotix_xs_msgs/msg/detail/hex_joy__builder.hpp
[0.655s] -- Installing: /home/inouemakoto/interbotix_ws/src/install/interbotix_xs_msgs/include/interbotix_xs_msgs/interbotix_xs_msgs/msg/detail/turret_joy__traits.hpp
[0.655s] -- Installing: /home/inouemakoto/interbotix_ws/src/install/interbotix_xs_msgs/include/interbotix_xs_msgs/interbotix_xs_msgs/msg/detail/arm_joy__struct.hpp
[0.655s] -- Installing: /home/inouemakoto/interbotix_ws/src/install/interbotix_xs_msgs/include/interbotix_xs_msgs/interbotix_xs_msgs/msg/detail/joint_single_command__struct.hpp
[0.656s] -- Installing: /home/inouemakoto/interbotix_ws/src/install/interbotix_xs_msgs/include/interbotix_xs_msgs/interbotix_xs_msgs/msg/detail/joint_group_command__builder.hpp
[0.656s] -- Installing: /home/inouemakoto/interbotix_ws/src/install/interbotix_xs_msgs/include/interbotix_xs_msgs/interbotix_xs_msgs/msg/detail/locobot_joy__builder.hpp
[0.656s] -- Installing: /home/inouemakoto/interbotix_ws/src/install/interbotix_xs_msgs/include/interbotix_xs_msgs/interbotix_xs_msgs/msg/detail/locobot_joy__struct.hpp
[0.656s] -- Installing: /home/inouemakoto/interbotix_ws/src/install/interbotix_xs_msgs/include/interbotix_xs_msgs/interbotix_xs_msgs/msg/detail/turret_joy__builder.hpp
[0.656s] -- Up-to-date: /home/inouemakoto/interbotix_ws/src/install/interbotix_xs_msgs/include/interbotix_xs_msgs/interbotix_xs_msgs
[0.656s] -- Up-to-date: /home/inouemakoto/interbotix_ws/src/install/interbotix_xs_msgs/include/interbotix_xs_msgs/interbotix_xs_msgs/srv
[0.656s] -- Up-to-date: /home/inouemakoto/interbotix_ws/src/install/interbotix_xs_msgs/include/interbotix_xs_msgs/interbotix_xs_msgs/srv/detail
[0.656s] -- Installing: /home/inouemakoto/interbotix_ws/src/install/interbotix_xs_msgs/include/interbotix_xs_msgs/interbotix_xs_msgs/srv/detail/operating_modes__rosidl_typesupport_fastrtps_cpp.hpp
[0.656s] -- Installing: /home/inouemakoto/interbotix_ws/src/install/interbotix_xs_msgs/include/interbotix_xs_msgs/interbotix_xs_msgs/srv/detail/dds_fastrtps
[0.656s] -- Installing: /home/inouemakoto/interbotix_ws/src/install/interbotix_xs_msgs/include/interbotix_xs_msgs/interbotix_xs_msgs/srv/detail/torque_enable__rosidl_typesupport_fastrtps_cpp.hpp
[0.657s] -- Installing: /home/inouemakoto/interbotix_ws/src/install/interbotix_xs_msgs/include/interbotix_xs_msgs/interbotix_xs_msgs/srv/detail/robot_info__rosidl_typesupport_fastrtps_cpp.hpp
[0.657s] -- Installing: /home/inouemakoto/interbotix_ws/src/install/interbotix_xs_msgs/include/interbotix_xs_msgs/interbotix_xs_msgs/srv/detail/register_values__rosidl_typesupport_fastrtps_cpp.hpp
[0.657s] -- Installing: /home/inouemakoto/interbotix_ws/src/install/interbotix_xs_msgs/include/interbotix_xs_msgs/interbotix_xs_msgs/srv/detail/motor_gains__rosidl_typesupport_fastrtps_cpp.hpp
[0.657s] -- Installing: /home/inouemakoto/interbotix_ws/src/install/interbotix_xs_msgs/include/interbotix_xs_msgs/interbotix_xs_msgs/srv/detail/reboot__rosidl_typesupport_fastrtps_cpp.hpp
[0.657s] -- Up-to-date: /home/inouemakoto/interbotix_ws/src/install/interbotix_xs_msgs/include/interbotix_xs_msgs/interbotix_xs_msgs/msg
[0.657s] -- Installing: /home/inouemakoto/interbotix_ws/src/install/interbotix_xs_msgs/include/interbotix_xs_msgs/interbotix_xs_msgs/msg/rosidl_typesupport_fastrtps_cpp__visibility_control.h
[0.657s] -- Up-to-date: /home/inouemakoto/interbotix_ws/src/install/interbotix_xs_msgs/include/interbotix_xs_msgs/interbotix_xs_msgs/msg/detail
[0.657s] -- Installing: /home/inouemakoto/interbotix_ws/src/install/interbotix_xs_msgs/include/interbotix_xs_msgs/interbotix_xs_msgs/msg/detail/locobot_joy__rosidl_typesupport_fastrtps_cpp.hpp
[0.657s] -- Installing: /home/inouemakoto/interbotix_ws/src/install/interbotix_xs_msgs/include/interbotix_xs_msgs/interbotix_xs_msgs/msg/detail/joint_trajectory_command__rosidl_typesupport_fastrtps_cpp.hpp
[0.657s] -- Installing: /home/inouemakoto/interbotix_ws/src/install/interbotix_xs_msgs/include/interbotix_xs_msgs/interbotix_xs_msgs/msg/detail/hex_joy__rosidl_typesupport_fastrtps_cpp.hpp
[0.658s] -- Installing: /home/inouemakoto/interbotix_ws/src/install/interbotix_xs_msgs/include/interbotix_xs_msgs/interbotix_xs_msgs/msg/detail/dds_fastrtps
[0.658s] -- Installing: /home/inouemakoto/interbotix_ws/src/install/interbotix_xs_msgs/include/interbotix_xs_msgs/interbotix_xs_msgs/msg/detail/arm_joy__rosidl_typesupport_fastrtps_cpp.hpp
[0.658s] -- Installing: /home/inouemakoto/interbotix_ws/src/install/interbotix_xs_msgs/include/interbotix_xs_msgs/interbotix_xs_msgs/msg/detail/joint_temps__rosidl_typesupport_fastrtps_cpp.hpp
[0.659s] -- Installing: /home/inouemakoto/interbotix_ws/src/install/interbotix_xs_msgs/include/interbotix_xs_msgs/interbotix_xs_msgs/msg/detail/joint_group_command__rosidl_typesupport_fastrtps_cpp.hpp
[0.659s] -- Installing: /home/inouemakoto/interbotix_ws/src/install/interbotix_xs_msgs/include/interbotix_xs_msgs/interbotix_xs_msgs/msg/detail/joint_single_command__rosidl_typesupport_fastrtps_cpp.hpp
[0.659s] -- Installing: /home/inouemakoto/interbotix_ws/src/install/interbotix_xs_msgs/include/interbotix_xs_msgs/interbotix_xs_msgs/msg/detail/turret_joy__rosidl_typesupport_fastrtps_cpp.hpp
[0.660s] -- Installing: /home/inouemakoto/interbotix_ws/src/install/interbotix_xs_msgs/lib/libinterbotix_xs_msgs__rosidl_typesupport_fastrtps_cpp.so
[0.660s] -- Set runtime path of "/home/inouemakoto/interbotix_ws/src/install/interbotix_xs_msgs/lib/libinterbotix_xs_msgs__rosidl_typesupport_fastrtps_cpp.so" to ""
[0.660s] -- Up-to-date: /home/inouemakoto/interbotix_ws/src/install/interbotix_xs_msgs/include/interbotix_xs_msgs/interbotix_xs_msgs
[0.660s] -- Up-to-date: /home/inouemakoto/interbotix_ws/src/install/interbotix_xs_msgs/include/interbotix_xs_msgs/interbotix_xs_msgs/srv
[0.661s] -- Up-to-date: /home/inouemakoto/interbotix_ws/src/install/interbotix_xs_msgs/include/interbotix_xs_msgs/interbotix_xs_msgs/srv/detail
[0.661s] -- Installing: /home/inouemakoto/interbotix_ws/src/install/interbotix_xs_msgs/include/interbotix_xs_msgs/interbotix_xs_msgs/srv/detail/reboot__type_support.cpp
[0.661s] -- Installing: /home/inouemakoto/interbotix_ws/src/install/interbotix_xs_msgs/include/interbotix_xs_msgs/interbotix_xs_msgs/srv/detail/register_values__rosidl_typesupport_introspection_cpp.hpp
[0.661s] -- Installing: /home/inouemakoto/interbotix_ws/src/install/interbotix_xs_msgs/include/interbotix_xs_msgs/interbotix_xs_msgs/srv/detail/operating_modes__rosidl_typesupport_introspection_cpp.hpp
[0.661s] -- Installing: /home/inouemakoto/interbotix_ws/src/install/interbotix_xs_msgs/include/interbotix_xs_msgs/interbotix_xs_msgs/srv/detail/operating_modes__type_support.cpp
[0.661s] -- Installing: /home/inouemakoto/interbotix_ws/src/install/interbotix_xs_msgs/include/interbotix_xs_msgs/interbotix_xs_msgs/srv/detail/register_values__type_support.cpp
[0.661s] -- Installing: /home/inouemakoto/interbotix_ws/src/install/interbotix_xs_msgs/include/interbotix_xs_msgs/interbotix_xs_msgs/srv/detail/robot_info__type_support.cpp
[0.661s] -- Installing: /home/inouemakoto/interbotix_ws/src/install/interbotix_xs_msgs/include/interbotix_xs_msgs/interbotix_xs_msgs/srv/detail/robot_info__rosidl_typesupport_introspection_cpp.hpp
[0.661s] -- Installing: /home/inouemakoto/interbotix_ws/src/install/interbotix_xs_msgs/include/interbotix_xs_msgs/interbotix_xs_msgs/srv/detail/motor_gains__rosidl_typesupport_introspection_cpp.hpp
[0.662s] -- Installing: /home/inouemakoto/interbotix_ws/src/install/interbotix_xs_msgs/include/interbotix_xs_msgs/interbotix_xs_msgs/srv/detail/motor_gains__type_support.cpp
[0.662s] -- Installing: /home/inouemakoto/interbotix_ws/src/install/interbotix_xs_msgs/include/interbotix_xs_msgs/interbotix_xs_msgs/srv/detail/torque_enable__rosidl_typesupport_introspection_cpp.hpp
[0.662s] -- Installing: /home/inouemakoto/interbotix_ws/src/install/interbotix_xs_msgs/include/interbotix_xs_msgs/interbotix_xs_msgs/srv/detail/reboot__rosidl_typesupport_introspection_cpp.hpp
[0.662s] -- Installing: /home/inouemakoto/interbotix_ws/src/install/interbotix_xs_msgs/include/interbotix_xs_msgs/interbotix_xs_msgs/srv/detail/torque_enable__type_support.cpp
[0.662s] -- Up-to-date: /home/inouemakoto/interbotix_ws/src/install/interbotix_xs_msgs/include/interbotix_xs_msgs/interbotix_xs_msgs/msg
[0.662s] -- Up-to-date: /home/inouemakoto/interbotix_ws/src/install/interbotix_xs_msgs/include/interbotix_xs_msgs/interbotix_xs_msgs/msg/detail
[0.662s] -- Installing: /home/inouemakoto/interbotix_ws/src/install/interbotix_xs_msgs/include/interbotix_xs_msgs/interbotix_xs_msgs/msg/detail/arm_joy__type_support.cpp
[0.662s] -- Installing: /home/inouemakoto/interbotix_ws/src/install/interbotix_xs_msgs/include/interbotix_xs_msgs/interbotix_xs_msgs/msg/detail/hex_joy__type_support.cpp
[0.662s] -- Installing: /home/inouemakoto/interbotix_ws/src/install/interbotix_xs_msgs/include/interbotix_xs_msgs/interbotix_xs_msgs/msg/detail/joint_trajectory_command__rosidl_typesupport_introspection_cpp.hpp
[0.663s] -- Installing: /home/inouemakoto/interbotix_ws/src/install/interbotix_xs_msgs/include/interbotix_xs_msgs/interbotix_xs_msgs/msg/detail/arm_joy__rosidl_typesupport_introspection_cpp.hpp
[0.663s] -- Installing: /home/inouemakoto/interbotix_ws/src/install/interbotix_xs_msgs/include/interbotix_xs_msgs/interbotix_xs_msgs/msg/detail/joint_trajectory_command__type_support.cpp
[0.663s] -- Installing: /home/inouemakoto/interbotix_ws/src/install/interbotix_xs_msgs/include/interbotix_xs_msgs/interbotix_xs_msgs/msg/detail/joint_temps__type_support.cpp
[0.663s] -- Installing: /home/inouemakoto/interbotix_ws/src/install/interbotix_xs_msgs/include/interbotix_xs_msgs/interbotix_xs_msgs/msg/detail/joint_single_command__type_support.cpp
[0.663s] -- Installing: /home/inouemakoto/interbotix_ws/src/install/interbotix_xs_msgs/include/interbotix_xs_msgs/interbotix_xs_msgs/msg/detail/joint_group_command__type_support.cpp
[0.663s] -- Installing: /home/inouemakoto/interbotix_ws/src/install/interbotix_xs_msgs/include/interbotix_xs_msgs/interbotix_xs_msgs/msg/detail/joint_single_command__rosidl_typesupport_introspection_cpp.hpp
[0.663s] -- Installing: /home/inouemakoto/interbotix_ws/src/install/interbotix_xs_msgs/include/interbotix_xs_msgs/interbotix_xs_msgs/msg/detail/turret_joy__type_support.cpp
[0.663s] -- Installing: /home/inouemakoto/interbotix_ws/src/install/interbotix_xs_msgs/include/interbotix_xs_msgs/interbotix_xs_msgs/msg/detail/hex_joy__rosidl_typesupport_introspection_cpp.hpp
[0.663s] -- Installing: /home/inouemakoto/interbotix_ws/src/install/interbotix_xs_msgs/include/interbotix_xs_msgs/interbotix_xs_msgs/msg/detail/locobot_joy__type_support.cpp
[0.663s] -- Installing: /home/inouemakoto/interbotix_ws/src/install/interbotix_xs_msgs/include/interbotix_xs_msgs/interbotix_xs_msgs/msg/detail/joint_group_command__rosidl_typesupport_introspection_cpp.hpp
[0.664s] -- Installing: /home/inouemakoto/interbotix_ws/src/install/interbotix_xs_msgs/include/interbotix_xs_msgs/interbotix_xs_msgs/msg/detail/joint_temps__rosidl_typesupport_introspection_cpp.hpp
[0.664s] -- Installing: /home/inouemakoto/interbotix_ws/src/install/interbotix_xs_msgs/include/interbotix_xs_msgs/interbotix_xs_msgs/msg/detail/turret_joy__rosidl_typesupport_introspection_cpp.hpp
[0.664s] -- Installing: /home/inouemakoto/interbotix_ws/src/install/interbotix_xs_msgs/include/interbotix_xs_msgs/interbotix_xs_msgs/msg/detail/locobot_joy__rosidl_typesupport_introspection_cpp.hpp
[0.664s] -- Installing: /home/inouemakoto/interbotix_ws/src/install/interbotix_xs_msgs/lib/libinterbotix_xs_msgs__rosidl_typesupport_introspection_cpp.so
[0.664s] -- Set runtime path of "/home/inouemakoto/interbotix_ws/src/install/interbotix_xs_msgs/lib/libinterbotix_xs_msgs__rosidl_typesupport_introspection_cpp.so" to ""
[0.664s] -- Installing: /home/inouemakoto/interbotix_ws/src/install/interbotix_xs_msgs/lib/libinterbotix_xs_msgs__rosidl_typesupport_cpp.so
[0.664s] -- Set runtime path of "/home/inouemakoto/interbotix_ws/src/install/interbotix_xs_msgs/lib/libinterbotix_xs_msgs__rosidl_typesupport_cpp.so" to ""
[0.664s] -- Installing: /home/inouemakoto/interbotix_ws/src/install/interbotix_xs_msgs/share/interbotix_xs_msgs/environment/pythonpath.sh
[0.664s] -- Installing: /home/inouemakoto/interbotix_ws/src/install/interbotix_xs_msgs/share/interbotix_xs_msgs/environment/pythonpath.dsv
[0.664s] -- Installing: /home/inouemakoto/interbotix_ws/src/install/interbotix_xs_msgs/local/lib/python3.10/dist-packages/interbotix_xs_msgs-0.0.0-py3.10.egg-info
[0.665s] -- Installing: /home/inouemakoto/interbotix_ws/src/install/interbotix_xs_msgs/local/lib/python3.10/dist-packages/interbotix_xs_msgs-0.0.0-py3.10.egg-info/top_level.txt
[0.665s] -- Installing: /home/inouemakoto/interbotix_ws/src/install/interbotix_xs_msgs/local/lib/python3.10/dist-packages/interbotix_xs_msgs-0.0.0-py3.10.egg-info/dependency_links.txt
[0.665s] -- Installing: /home/inouemakoto/interbotix_ws/src/install/interbotix_xs_msgs/local/lib/python3.10/dist-packages/interbotix_xs_msgs-0.0.0-py3.10.egg-info/SOURCES.txt
[0.665s] -- Installing: /home/inouemakoto/interbotix_ws/src/install/interbotix_xs_msgs/local/lib/python3.10/dist-packages/interbotix_xs_msgs-0.0.0-py3.10.egg-info/PKG-INFO
[0.665s] -- Installing: /home/inouemakoto/interbotix_ws/src/install/interbotix_xs_msgs/local/lib/python3.10/dist-packages/interbotix_xs_msgs
[0.665s] -- Installing: /home/inouemakoto/interbotix_ws/src/install/interbotix_xs_msgs/local/lib/python3.10/dist-packages/interbotix_xs_msgs/libinterbotix_xs_msgs__rosidl_generator_py.so
[0.665s] -- Installing: /home/inouemakoto/interbotix_ws/src/install/interbotix_xs_msgs/local/lib/python3.10/dist-packages/interbotix_xs_msgs/srv
[0.665s] -- Installing: /home/inouemakoto/interbotix_ws/src/install/interbotix_xs_msgs/local/lib/python3.10/dist-packages/interbotix_xs_msgs/srv/_robot_info_s.c
[0.665s] -- Installing: /home/inouemakoto/interbotix_ws/src/install/interbotix_xs_msgs/local/lib/python3.10/dist-packages/interbotix_xs_msgs/srv/_torque_enable_s.c
[0.666s] -- Installing: /home/inouemakoto/interbotix_ws/src/install/interbotix_xs_msgs/local/lib/python3.10/dist-packages/interbotix_xs_msgs/srv/_motor_gains_s.c
[0.666s] -- Installing: /home/inouemakoto/interbotix_ws/src/install/interbotix_xs_msgs/local/lib/python3.10/dist-packages/interbotix_xs_msgs/srv/_operating_modes.py
[0.666s] -- Installing: /home/inouemakoto/interbotix_ws/src/install/interbotix_xs_msgs/local/lib/python3.10/dist-packages/interbotix_xs_msgs/srv/_motor_gains.py
[0.666s] -- Installing: /home/inouemakoto/interbotix_ws/src/install/interbotix_xs_msgs/local/lib/python3.10/dist-packages/interbotix_xs_msgs/srv/_reboot_s.c
[0.666s] -- Installing: /home/inouemakoto/interbotix_ws/src/install/interbotix_xs_msgs/local/lib/python3.10/dist-packages/interbotix_xs_msgs/srv/_register_values.py
[0.666s] -- Installing: /home/inouemakoto/interbotix_ws/src/install/interbotix_xs_msgs/local/lib/python3.10/dist-packages/interbotix_xs_msgs/srv/_operating_modes_s.c
[0.666s] -- Installing: /home/inouemakoto/interbotix_ws/src/install/interbotix_xs_msgs/local/lib/python3.10/dist-packages/interbotix_xs_msgs/srv/_robot_info.py
[0.666s] -- Installing: /home/inouemakoto/interbotix_ws/src/install/interbotix_xs_msgs/local/lib/python3.10/dist-packages/interbotix_xs_msgs/srv/_reboot.py
[0.666s] -- Installing: /home/inouemakoto/interbotix_ws/src/install/interbotix_xs_msgs/local/lib/python3.10/dist-packages/interbotix_xs_msgs/srv/__init__.py
[0.667s] -- Installing: /home/inouemakoto/interbotix_ws/src/install/interbotix_xs_msgs/local/lib/python3.10/dist-packages/interbotix_xs_msgs/srv/_torque_enable.py
[0.667s] -- Installing: /home/inouemakoto/interbotix_ws/src/install/interbotix_xs_msgs/local/lib/python3.10/dist-packages/interbotix_xs_msgs/srv/_register_values_s.c
[0.667s] -- Installing: /home/inouemakoto/interbotix_ws/src/install/interbotix_xs_msgs/local/lib/python3.10/dist-packages/interbotix_xs_msgs/_interbotix_xs_msgs_s.ep.rosidl_typesupport_c.c
[0.667s] -- Installing: /home/inouemakoto/interbotix_ws/src/install/interbotix_xs_msgs/local/lib/python3.10/dist-packages/interbotix_xs_msgs/msg
[0.667s] -- Installing: /home/inouemakoto/interbotix_ws/src/install/interbotix_xs_msgs/local/lib/python3.10/dist-packages/interbotix_xs_msgs/msg/_joint_single_command.py
[0.667s] -- Installing: /home/inouemakoto/interbotix_ws/src/install/interbotix_xs_msgs/local/lib/python3.10/dist-packages/interbotix_xs_msgs/msg/_joint_temps.py
[0.667s] -- Installing: /home/inouemakoto/interbotix_ws/src/install/interbotix_xs_msgs/local/lib/python3.10/dist-packages/interbotix_xs_msgs/msg/_arm_joy.py
[0.667s] -- Installing: /home/inouemakoto/interbotix_ws/src/install/interbotix_xs_msgs/local/lib/python3.10/dist-packages/interbotix_xs_msgs/msg/_locobot_joy.py
[0.667s] -- Installing: /home/inouemakoto/interbotix_ws/src/install/interbotix_xs_msgs/local/lib/python3.10/dist-packages/interbotix_xs_msgs/msg/_turret_joy.py
[0.667s] -- Installing: /home/inouemakoto/interbotix_ws/src/install/interbotix_xs_msgs/local/lib/python3.10/dist-packages/interbotix_xs_msgs/msg/_hex_joy.py
[0.668s] -- Installing: /home/inouemakoto/interbotix_ws/src/install/interbotix_xs_msgs/local/lib/python3.10/dist-packages/interbotix_xs_msgs/msg/_turret_joy_s.c
[0.668s] -- Installing: /home/inouemakoto/interbotix_ws/src/install/interbotix_xs_msgs/local/lib/python3.10/dist-packages/interbotix_xs_msgs/msg/_joint_trajectory_command.py
[0.668s] -- Installing: /home/inouemakoto/interbotix_ws/src/install/interbotix_xs_msgs/local/lib/python3.10/dist-packages/interbotix_xs_msgs/msg/_arm_joy_s.c
[0.668s] -- Installing: /home/inouemakoto/interbotix_ws/src/install/interbotix_xs_msgs/local/lib/python3.10/dist-packages/interbotix_xs_msgs/msg/_locobot_joy_s.c
[0.668s] -- Installing: /home/inouemakoto/interbotix_ws/src/install/interbotix_xs_msgs/local/lib/python3.10/dist-packages/interbotix_xs_msgs/msg/__init__.py
[0.668s] -- Installing: /home/inouemakoto/interbotix_ws/src/install/interbotix_xs_msgs/local/lib/python3.10/dist-packages/interbotix_xs_msgs/msg/_joint_temps_s.c
[0.668s] -- Installing: /home/inouemakoto/interbotix_ws/src/install/interbotix_xs_msgs/local/lib/python3.10/dist-packages/interbotix_xs_msgs/msg/_joint_trajectory_command_s.c
[0.668s] -- Installing: /home/inouemakoto/interbotix_ws/src/install/interbotix_xs_msgs/local/lib/python3.10/dist-packages/interbotix_xs_msgs/msg/_hex_joy_s.c
[0.668s] -- Installing: /home/inouemakoto/interbotix_ws/src/install/interbotix_xs_msgs/local/lib/python3.10/dist-packages/interbotix_xs_msgs/msg/_joint_group_command_s.c
[0.668s] -- Installing: /home/inouemakoto/interbotix_ws/src/install/interbotix_xs_msgs/local/lib/python3.10/dist-packages/interbotix_xs_msgs/msg/_joint_group_command.py
[0.669s] -- Installing: /home/inouemakoto/interbotix_ws/src/install/interbotix_xs_msgs/local/lib/python3.10/dist-packages/interbotix_xs_msgs/msg/_joint_single_command_s.c
[0.669s] -- Installing: /home/inouemakoto/interbotix_ws/src/install/interbotix_xs_msgs/local/lib/python3.10/dist-packages/interbotix_xs_msgs/interbotix_xs_msgs_s__rosidl_typesupport_fastrtps_c.cpython-310-x86_64-linux-gnu.so
[0.669s] -- Installing: /home/inouemakoto/interbotix_ws/src/install/interbotix_xs_msgs/local/lib/python3.10/dist-packages/interbotix_xs_msgs/_interbotix_xs_msgs_s.ep.rosidl_typesupport_introspection_c.c
[0.669s] -- Installing: /home/inouemakoto/interbotix_ws/src/install/interbotix_xs_msgs/local/lib/python3.10/dist-packages/interbotix_xs_msgs/_interbotix_xs_msgs_s.ep.rosidl_typesupport_fastrtps_c.c
[0.669s] -- Installing: /home/inouemakoto/interbotix_ws/src/install/interbotix_xs_msgs/local/lib/python3.10/dist-packages/interbotix_xs_msgs/__init__.py
[0.669s] -- Installing: /home/inouemakoto/interbotix_ws/src/install/interbotix_xs_msgs/local/lib/python3.10/dist-packages/interbotix_xs_msgs/interbotix_xs_msgs_s__rosidl_typesupport_c.cpython-310-x86_64-linux-gnu.so
[0.669s] -- Installing: /home/inouemakoto/interbotix_ws/src/install/interbotix_xs_msgs/local/lib/python3.10/dist-packages/interbotix_xs_msgs/interbotix_xs_msgs_s__rosidl_typesupport_introspection_c.cpython-310-x86_64-linux-gnu.so
[0.714s] Listing '/home/inouemakoto/interbotix_ws/src/install/interbotix_xs_msgs/local/lib/python3.10/dist-packages/interbotix_xs_msgs'...
[0.714s] Compiling '/home/inouemakoto/interbotix_ws/src/install/interbotix_xs_msgs/local/lib/python3.10/dist-packages/interbotix_xs_msgs/__init__.py'...
[0.714s] Listing '/home/inouemakoto/interbotix_ws/src/install/interbotix_xs_msgs/local/lib/python3.10/dist-packages/interbotix_xs_msgs/msg'...
[0.715s] Compiling '/home/inouemakoto/interbotix_ws/src/install/interbotix_xs_msgs/local/lib/python3.10/dist-packages/interbotix_xs_msgs/msg/__init__.py'...
[0.715s] Compiling '/home/inouemakoto/interbotix_ws/src/install/interbotix_xs_msgs/local/lib/python3.10/dist-packages/interbotix_xs_msgs/msg/_arm_joy.py'...
[0.715s] Compiling '/home/inouemakoto/interbotix_ws/src/install/interbotix_xs_msgs/local/lib/python3.10/dist-packages/interbotix_xs_msgs/msg/_hex_joy.py'...
[0.715s] Compiling '/home/inouemakoto/interbotix_ws/src/install/interbotix_xs_msgs/local/lib/python3.10/dist-packages/interbotix_xs_msgs/msg/_joint_group_command.py'...
[0.715s] Compiling '/home/inouemakoto/interbotix_ws/src/install/interbotix_xs_msgs/local/lib/python3.10/dist-packages/interbotix_xs_msgs/msg/_joint_single_command.py'...
[0.715s] Compiling '/home/inouemakoto/interbotix_ws/src/install/interbotix_xs_msgs/local/lib/python3.10/dist-packages/interbotix_xs_msgs/msg/_joint_temps.py'...
[0.715s] Compiling '/home/inouemakoto/interbotix_ws/src/install/interbotix_xs_msgs/local/lib/python3.10/dist-packages/interbotix_xs_msgs/msg/_joint_trajectory_command.py'...
[0.715s] Compiling '/home/inouemakoto/interbotix_ws/src/install/interbotix_xs_msgs/local/lib/python3.10/dist-packages/interbotix_xs_msgs/msg/_locobot_joy.py'...
[0.715s] Compiling '/home/inouemakoto/interbotix_ws/src/install/interbotix_xs_msgs/local/lib/python3.10/dist-packages/interbotix_xs_msgs/msg/_turret_joy.py'...
[0.715s] Listing '/home/inouemakoto/interbotix_ws/src/install/interbotix_xs_msgs/local/lib/python3.10/dist-packages/interbotix_xs_msgs/srv'...
[0.716s] Compiling '/home/inouemakoto/interbotix_ws/src/install/interbotix_xs_msgs/local/lib/python3.10/dist-packages/interbotix_xs_msgs/srv/__init__.py'...
[0.716s] Compiling '/home/inouemakoto/interbotix_ws/src/install/interbotix_xs_msgs/local/lib/python3.10/dist-packages/interbotix_xs_msgs/srv/_motor_gains.py'...
[0.716s] Compiling '/home/inouemakoto/interbotix_ws/src/install/interbotix_xs_msgs/local/lib/python3.10/dist-packages/interbotix_xs_msgs/srv/_operating_modes.py'...
[0.716s] Compiling '/home/inouemakoto/interbotix_ws/src/install/interbotix_xs_msgs/local/lib/python3.10/dist-packages/interbotix_xs_msgs/srv/_reboot.py'...
[0.716s] Compiling '/home/inouemakoto/interbotix_ws/src/install/interbotix_xs_msgs/local/lib/python3.10/dist-packages/interbotix_xs_msgs/srv/_register_values.py'...
[0.716s] Compiling '/home/inouemakoto/interbotix_ws/src/install/interbotix_xs_msgs/local/lib/python3.10/dist-packages/interbotix_xs_msgs/srv/_robot_info.py'...
[0.716s] Compiling '/home/inouemakoto/interbotix_ws/src/install/interbotix_xs_msgs/local/lib/python3.10/dist-packages/interbotix_xs_msgs/srv/_torque_enable.py'...
[0.722s] -- Installing: /home/inouemakoto/interbotix_ws/src/install/interbotix_xs_msgs/local/lib/python3.10/dist-packages/interbotix_xs_msgs/interbotix_xs_msgs_s__rosidl_typesupport_fastrtps_c.cpython-310-x86_64-linux-gnu.so
[0.722s] -- Set runtime path of "/home/inouemakoto/interbotix_ws/src/install/interbotix_xs_msgs/local/lib/python3.10/dist-packages/interbotix_xs_msgs/interbotix_xs_msgs_s__rosidl_typesupport_fastrtps_c.cpython-310-x86_64-linux-gnu.so" to ""
[0.722s] -- Installing: /home/inouemakoto/interbotix_ws/src/install/interbotix_xs_msgs/local/lib/python3.10/dist-packages/interbotix_xs_msgs/interbotix_xs_msgs_s__rosidl_typesupport_introspection_c.cpython-310-x86_64-linux-gnu.so
[0.722s] -- Set runtime path of "/home/inouemakoto/interbotix_ws/src/install/interbotix_xs_msgs/local/lib/python3.10/dist-packages/interbotix_xs_msgs/interbotix_xs_msgs_s__rosidl_typesupport_introspection_c.cpython-310-x86_64-linux-gnu.so" to ""
[0.723s] -- Installing: /home/inouemakoto/interbotix_ws/src/install/interbotix_xs_msgs/local/lib/python3.10/dist-packages/interbotix_xs_msgs/interbotix_xs_msgs_s__rosidl_typesupport_c.cpython-310-x86_64-linux-gnu.so
[0.723s] -- Set runtime path of "/home/inouemakoto/interbotix_ws/src/install/interbotix_xs_msgs/local/lib/python3.10/dist-packages/interbotix_xs_msgs/interbotix_xs_msgs_s__rosidl_typesupport_c.cpython-310-x86_64-linux-gnu.so" to ""
[0.723s] -- Installing: /home/inouemakoto/interbotix_ws/src/install/interbotix_xs_msgs/lib/libinterbotix_xs_msgs__rosidl_generator_py.so
[0.723s] -- Set runtime path of "/home/inouemakoto/interbotix_ws/src/install/interbotix_xs_msgs/lib/libinterbotix_xs_msgs__rosidl_generator_py.so" to ""
[0.724s] -- Installing: /home/inouemakoto/interbotix_ws/src/install/interbotix_xs_msgs/share/interbotix_xs_msgs/msg/ArmJoy.idl
[0.724s] -- Installing: /home/inouemakoto/interbotix_ws/src/install/interbotix_xs_msgs/share/interbotix_xs_msgs/msg/HexJoy.idl
[0.724s] -- Installing: /home/inouemakoto/interbotix_ws/src/install/interbotix_xs_msgs/share/interbotix_xs_msgs/msg/JointGroupCommand.idl
[0.724s] -- Installing: /home/inouemakoto/interbotix_ws/src/install/interbotix_xs_msgs/share/interbotix_xs_msgs/msg/JointSingleCommand.idl
[0.724s] -- Installing: /home/inouemakoto/interbotix_ws/src/install/interbotix_xs_msgs/share/interbotix_xs_msgs/msg/JointTemps.idl
[0.724s] -- Installing: /home/inouemakoto/interbotix_ws/src/install/interbotix_xs_msgs/share/interbotix_xs_msgs/msg/JointTrajectoryCommand.idl
[0.724s] -- Installing: /home/inouemakoto/interbotix_ws/src/install/interbotix_xs_msgs/share/interbotix_xs_msgs/msg/LocobotJoy.idl
[0.724s] -- Installing: /home/inouemakoto/interbotix_ws/src/install/interbotix_xs_msgs/share/interbotix_xs_msgs/msg/TurretJoy.idl
[0.725s] -- Installing: /home/inouemakoto/interbotix_ws/src/install/interbotix_xs_msgs/share/interbotix_xs_msgs/srv/MotorGains.idl
[0.725s] -- Installing: /home/inouemakoto/interbotix_ws/src/install/interbotix_xs_msgs/share/interbotix_xs_msgs/srv/OperatingModes.idl
[0.725s] -- Installing: /home/inouemakoto/interbotix_ws/src/install/interbotix_xs_msgs/share/interbotix_xs_msgs/srv/Reboot.idl
[0.725s] -- Installing: /home/inouemakoto/interbotix_ws/src/install/interbotix_xs_msgs/share/interbotix_xs_msgs/srv/RegisterValues.idl
[0.725s] -- Installing: /home/inouemakoto/interbotix_ws/src/install/interbotix_xs_msgs/share/interbotix_xs_msgs/srv/RobotInfo.idl
[0.728s] -- Installing: /home/inouemakoto/interbotix_ws/src/install/interbotix_xs_msgs/share/interbotix_xs_msgs/srv/TorqueEnable.idl
[0.728s] -- Installing: /home/inouemakoto/interbotix_ws/src/install/interbotix_xs_msgs/share/interbotix_xs_msgs/msg/ArmJoy.msg
[0.728s] -- Installing: /home/inouemakoto/interbotix_ws/src/install/interbotix_xs_msgs/share/interbotix_xs_msgs/msg/HexJoy.msg
[0.728s] -- Installing: /home/inouemakoto/interbotix_ws/src/install/interbotix_xs_msgs/share/interbotix_xs_msgs/msg/JointGroupCommand.msg
[0.728s] -- Installing: /home/inouemakoto/interbotix_ws/src/install/interbotix_xs_msgs/share/interbotix_xs_msgs/msg/JointSingleCommand.msg
[0.729s] -- Installing: /home/inouemakoto/interbotix_ws/src/install/interbotix_xs_msgs/share/interbotix_xs_msgs/msg/JointTemps.msg
[0.729s] -- Installing: /home/inouemakoto/interbotix_ws/src/install/interbotix_xs_msgs/share/interbotix_xs_msgs/msg/JointTrajectoryCommand.msg
[0.729s] -- Installing: /home/inouemakoto/interbotix_ws/src/install/interbotix_xs_msgs/share/interbotix_xs_msgs/msg/LocobotJoy.msg
[0.730s] -- Installing: /home/inouemakoto/interbotix_ws/src/install/interbotix_xs_msgs/share/interbotix_xs_msgs/msg/TurretJoy.msg
[0.730s] -- Installing: /home/inouemakoto/interbotix_ws/src/install/interbotix_xs_msgs/share/interbotix_xs_msgs/srv/MotorGains.srv
[0.730s] -- Installing: /home/inouemakoto/interbotix_ws/src/install/interbotix_xs_msgs/share/interbotix_xs_msgs/srv/MotorGains_Request.msg
[0.731s] -- Installing: /home/inouemakoto/interbotix_ws/src/install/interbotix_xs_msgs/share/interbotix_xs_msgs/srv/MotorGains_Response.msg
[0.731s] -- Installing: /home/inouemakoto/interbotix_ws/src/install/interbotix_xs_msgs/share/interbotix_xs_msgs/srv/OperatingModes.srv
[0.731s] -- Installing: /home/inouemakoto/interbotix_ws/src/install/interbotix_xs_msgs/share/interbotix_xs_msgs/srv/OperatingModes_Request.msg
[0.732s] -- Installing: /home/inouemakoto/interbotix_ws/src/install/interbotix_xs_msgs/share/interbotix_xs_msgs/srv/OperatingModes_Response.msg
[0.732s] -- Installing: /home/inouemakoto/interbotix_ws/src/install/interbotix_xs_msgs/share/interbotix_xs_msgs/srv/Reboot.srv
[0.733s] -- Installing: /home/inouemakoto/interbotix_ws/src/install/interbotix_xs_msgs/share/interbotix_xs_msgs/srv/Reboot_Request.msg
[0.733s] -- Installing: /home/inouemakoto/interbotix_ws/src/install/interbotix_xs_msgs/share/interbotix_xs_msgs/srv/Reboot_Response.msg
[0.734s] -- Installing: /home/inouemakoto/interbotix_ws/src/install/interbotix_xs_msgs/share/interbotix_xs_msgs/srv/RegisterValues.srv
[0.734s] -- Installing: /home/inouemakoto/interbotix_ws/src/install/interbotix_xs_msgs/share/interbotix_xs_msgs/srv/RegisterValues_Request.msg
[0.734s] -- Installing: /home/inouemakoto/interbotix_ws/src/install/interbotix_xs_msgs/share/interbotix_xs_msgs/srv/RegisterValues_Response.msg
[0.734s] -- Installing: /home/inouemakoto/interbotix_ws/src/install/interbotix_xs_msgs/share/interbotix_xs_msgs/srv/RobotInfo.srv
[0.734s] -- Installing: /home/inouemakoto/interbotix_ws/src/install/interbotix_xs_msgs/share/interbotix_xs_msgs/srv/RobotInfo_Request.msg
[0.735s] -- Installing: /home/inouemakoto/interbotix_ws/src/install/interbotix_xs_msgs/share/interbotix_xs_msgs/srv/RobotInfo_Response.msg
[0.735s] -- Installing: /home/inouemakoto/interbotix_ws/src/install/interbotix_xs_msgs/share/interbotix_xs_msgs/srv/TorqueEnable.srv
[0.735s] -- Installing: /home/inouemakoto/interbotix_ws/src/install/interbotix_xs_msgs/share/interbotix_xs_msgs/srv/TorqueEnable_Request.msg
[0.739s] -- Installing: /home/inouemakoto/interbotix_ws/src/install/interbotix_xs_msgs/share/interbotix_xs_msgs/srv/TorqueEnable_Response.msg
[0.739s] -- Installing: /home/inouemakoto/interbotix_ws/src/install/interbotix_xs_msgs/share/ament_index/resource_index/package_run_dependencies/interbotix_xs_msgs
[0.740s] -- Installing: /home/inouemakoto/interbotix_ws/src/install/interbotix_xs_msgs/share/ament_index/resource_index/parent_prefix_path/interbotix_xs_msgs
[0.740s] -- Installing: /home/inouemakoto/interbotix_ws/src/install/interbotix_xs_msgs/share/interbotix_xs_msgs/environment/ament_prefix_path.sh
[0.740s] -- Installing: /home/inouemakoto/interbotix_ws/src/install/interbotix_xs_msgs/share/interbotix_xs_msgs/environment/ament_prefix_path.dsv
[0.740s] -- Installing: /home/inouemakoto/interbotix_ws/src/install/interbotix_xs_msgs/share/interbotix_xs_msgs/environment/path.sh
[0.740s] -- Installing: /home/inouemakoto/interbotix_ws/src/install/interbotix_xs_msgs/share/interbotix_xs_msgs/environment/path.dsv
[0.740s] -- Installing: /home/inouemakoto/interbotix_ws/src/install/interbotix_xs_msgs/share/interbotix_xs_msgs/local_setup.bash
[0.740s] -- Installing: /home/inouemakoto/interbotix_ws/src/install/interbotix_xs_msgs/share/interbotix_xs_msgs/local_setup.sh
[0.740s] -- Installing: /home/inouemakoto/interbotix_ws/src/install/interbotix_xs_msgs/share/interbotix_xs_msgs/local_setup.zsh
[0.741s] -- Installing: /home/inouemakoto/interbotix_ws/src/install/interbotix_xs_msgs/share/interbotix_xs_msgs/local_setup.dsv
[0.741s] -- Installing: /home/inouemakoto/interbotix_ws/src/install/interbotix_xs_msgs/share/interbotix_xs_msgs/package.dsv
[0.741s] -- Installing: /home/inouemakoto/interbotix_ws/src/install/interbotix_xs_msgs/share/ament_index/resource_index/packages/interbotix_xs_msgs
[0.741s] -- Installing: /home/inouemakoto/interbotix_ws/src/install/interbotix_xs_msgs/share/interbotix_xs_msgs/cmake/export_interbotix_xs_msgs__rosidl_generator_cExport.cmake
[0.741s] -- Installing: /home/inouemakoto/interbotix_ws/src/install/interbotix_xs_msgs/share/interbotix_xs_msgs/cmake/export_interbotix_xs_msgs__rosidl_generator_cExport-noconfig.cmake
[0.741s] -- Installing: /home/inouemakoto/interbotix_ws/src/install/interbotix_xs_msgs/share/interbotix_xs_msgs/cmake/export_interbotix_xs_msgs__rosidl_typesupport_fastrtps_cExport.cmake
[0.741s] -- Installing: /home/inouemakoto/interbotix_ws/src/install/interbotix_xs_msgs/share/interbotix_xs_msgs/cmake/export_interbotix_xs_msgs__rosidl_typesupport_fastrtps_cExport-noconfig.cmake
[0.741s] -- Installing: /home/inouemakoto/interbotix_ws/src/install/interbotix_xs_msgs/share/interbotix_xs_msgs/cmake/interbotix_xs_msgs__rosidl_typesupport_introspection_cExport.cmake
[0.741s] -- Installing: /home/inouemakoto/interbotix_ws/src/install/interbotix_xs_msgs/share/interbotix_xs_msgs/cmake/interbotix_xs_msgs__rosidl_typesupport_introspection_cExport-noconfig.cmake
[0.741s] -- Installing: /home/inouemakoto/interbotix_ws/src/install/interbotix_xs_msgs/share/interbotix_xs_msgs/cmake/interbotix_xs_msgs__rosidl_typesupport_cExport.cmake
[0.741s] -- Installing: /home/inouemakoto/interbotix_ws/src/install/interbotix_xs_msgs/share/interbotix_xs_msgs/cmake/interbotix_xs_msgs__rosidl_typesupport_cExport-noconfig.cmake
[0.741s] -- Installing: /home/inouemakoto/interbotix_ws/src/install/interbotix_xs_msgs/share/interbotix_xs_msgs/cmake/export_interbotix_xs_msgs__rosidl_generator_cppExport.cmake
[0.742s] -- Installing: /home/inouemakoto/interbotix_ws/src/install/interbotix_xs_msgs/share/interbotix_xs_msgs/cmake/export_interbotix_xs_msgs__rosidl_typesupport_fastrtps_cppExport.cmake
[0.742s] -- Installing: /home/inouemakoto/interbotix_ws/src/install/interbotix_xs_msgs/share/interbotix_xs_msgs/cmake/export_interbotix_xs_msgs__rosidl_typesupport_fastrtps_cppExport-noconfig.cmake
[0.742s] -- Installing: /home/inouemakoto/interbotix_ws/src/install/interbotix_xs_msgs/share/interbotix_xs_msgs/cmake/interbotix_xs_msgs__rosidl_typesupport_introspection_cppExport.cmake
[0.742s] -- Installing: /home/inouemakoto/interbotix_ws/src/install/interbotix_xs_msgs/share/interbotix_xs_msgs/cmake/interbotix_xs_msgs__rosidl_typesupport_introspection_cppExport-noconfig.cmake
[0.742s] -- Installing: /home/inouemakoto/interbotix_ws/src/install/interbotix_xs_msgs/share/interbotix_xs_msgs/cmake/interbotix_xs_msgs__rosidl_typesupport_cppExport.cmake
[0.742s] -- Installing: /home/inouemakoto/interbotix_ws/src/install/interbotix_xs_msgs/share/interbotix_xs_msgs/cmake/interbotix_xs_msgs__rosidl_typesupport_cppExport-noconfig.cmake
[0.742s] -- Installing: /home/inouemakoto/interbotix_ws/src/install/interbotix_xs_msgs/share/interbotix_xs_msgs/cmake/export_interbotix_xs_msgs__rosidl_generator_pyExport.cmake
[0.742s] -- Installing: /home/inouemakoto/interbotix_ws/src/install/interbotix_xs_msgs/share/interbotix_xs_msgs/cmake/export_interbotix_xs_msgs__rosidl_generator_pyExport-noconfig.cmake
[0.742s] -- Installing: /home/inouemakoto/interbotix_ws/src/install/interbotix_xs_msgs/share/interbotix_xs_msgs/cmake/rosidl_cmake-extras.cmake
[0.742s] -- Installing: /home/inouemakoto/interbotix_ws/src/install/interbotix_xs_msgs/share/interbotix_xs_msgs/cmake/ament_cmake_export_dependencies-extras.cmake
[0.742s] -- Installing: /home/inouemakoto/interbotix_ws/src/install/interbotix_xs_msgs/share/interbotix_xs_msgs/cmake/ament_cmake_export_include_directories-extras.cmake
[0.742s] -- Installing: /home/inouemakoto/interbotix_ws/src/install/interbotix_xs_msgs/share/interbotix_xs_msgs/cmake/ament_cmake_export_libraries-extras.cmake
[0.742s] -- Installing: /home/inouemakoto/interbotix_ws/src/install/interbotix_xs_msgs/share/interbotix_xs_msgs/cmake/ament_cmake_export_targets-extras.cmake
[0.742s] -- Installing: /home/inouemakoto/interbotix_ws/src/install/interbotix_xs_msgs/share/interbotix_xs_msgs/cmake/rosidl_cmake_export_typesupport_targets-extras.cmake
[0.742s] -- Installing: /home/inouemakoto/interbotix_ws/src/install/interbotix_xs_msgs/share/interbotix_xs_msgs/cmake/rosidl_cmake_export_typesupport_libraries-extras.cmake
[0.743s] -- Installing: /home/inouemakoto/interbotix_ws/src/install/interbotix_xs_msgs/share/interbotix_xs_msgs/cmake/interbotix_xs_msgsConfig.cmake
[0.743s] -- Installing: /home/inouemakoto/interbotix_ws/src/install/interbotix_xs_msgs/share/interbotix_xs_msgs/cmake/interbotix_xs_msgsConfig-version.cmake
[0.743s] -- Installing: /home/inouemakoto/interbotix_ws/src/install/interbotix_xs_msgs/share/interbotix_xs_msgs/package.xml
[0.743s] Invoked command in '/home/inouemakoto/interbotix_ws/src/build/interbotix_xs_msgs' returned '0': CMAKE_PREFIX_PATH=${CMAKE_PREFIX_PATH}:/home/inouemakoto/interbotix_ws/install/interbotix_xs_modules:/home/inouemakoto/interbotix_ws/install/interbotix_common_modules:/opt/ros/humble /usr/bin/cmake --install /home/inouemakoto/interbotix_ws/src/build/interbotix_xs_msgs
