[0.016s] Invoking command in '/home/inouemakoto/interbotix_ws/src/build/interbotix_xsarm_descriptions': AMENT_PREFIX_PATH=/home/inouemakoto/interbotix_ws/src/install/interbotix_xs_modules:/home/inouemakoto/interbotix_ws/src/install/interbotix_xs_sdk:/home/inouemakoto/interbotix_ws/src/install/interbotix_xs_driver:/home/inouemakoto/interbotix_ws/src/install/interbotix_xs_msgs:/home/inouemakoto/interbotix_ws/src/install/interbotix_common_modules:/home/inouemakoto/interbotix_ws/src/install/dynamixel_workbench_toolbox:${AMENT_PREFIX_PATH} CMAKE_PREFIX_PATH=/home/inouemakoto/interbotix_ws/src/install/interbotix_xs_sdk:/home/inouemakoto/interbotix_ws/src/install/interbotix_xs_driver:/home/inouemakoto/interbotix_ws/src/install/interbotix_xs_msgs:/home/inouemakoto/interbotix_ws/src/install/dynamixel_workbench_toolbox:/home/inouemakoto/interbotix_ws/install/interbotix_ros_xsarms_examples:/home/inouemakoto/interbotix_ws/install/interbotix_xsarm_moveit_interface:/home/inouemakoto/interbotix_ws/install/interbotix_moveit_interface:/home/inouemakoto/interbotix_ws/install/moveit_visual_tools:/home/inouemakoto/interbotix_ws/install/rviz_visual_tools:/home/inouemakoto/interbotix_ws/install/interbotix_ros_xsarms:/home/inouemakoto/interbotix_ws/install/interbotix_xsarm_moveit:/home/inouemakoto/interbotix_ws/install/interbotix_xsarm_sim:/home/inouemakoto/interbotix_ws/install/interbotix_xsarm_ros_control:/home/inouemakoto/interbotix_ws/install/interbotix_xsarm_joy:/home/inouemakoto/interbotix_ws/install/interbotix_xsarm_control:/home/inouemakoto/interbotix_ws/install/interbotix_xsarm_descriptions:/home/inouemakoto/interbotix_ws/install/interbotix_xs_toolbox:/home/inouemakoto/interbotix_ws/install/interbotix_xs_rviz:/home/inouemakoto/interbotix_ws/install/interbotix_ros_xseries:/home/inouemakoto/interbotix_ws/install/interbotix_xs_sdk:/home/inouemakoto/interbotix_ws/install/interbotix_xs_ros_control:/home/inouemakoto/interbotix_ws/install/interbotix_xs_msgs:/home/inouemakoto/interbotix_ws/install/interbotix_xs_driver:/home/inouemakoto/interbotix_ws/install/interbotix_tf_tools:/home/inouemakoto/interbotix_ws/install/interbotix_moveit_interface_msgs:/home/inouemakoto/interbotix_ws/install/interbotix_common_toolbox:/home/inouemakoto/interbotix_ws/install/interbotix_common_sim:/home/inouemakoto/interbotix_ws/install/graph_msgs:/home/inouemakoto/interbotix_ws/install/dynamixel_workbench_toolbox:/home/inouemakoto/robotis_ws/install/dynamixel_sdk_examples:/home/inouemakoto/robotis_ws/install/dynamixel_sdk_custom_interfaces:/home/inouemakoto/robotis_ws/install/dynamixel_sdk:/home/inouemakoto/interbotix_ws/install/interbotix_xs_modules:/home/inouemakoto/interbotix_ws/install/interbotix_common_modules:/opt/ros/humble LD_LIBRARY_PATH=/home/inouemakoto/interbotix_ws/src/install/interbotix_xs_driver/lib:/home/inouemakoto/interbotix_ws/src/install/interbotix_xs_msgs/lib:/home/inouemakoto/interbotix_ws/src/install/dynamixel_workbench_toolbox/lib:/home/inouemakoto/interbotix_ws/install/moveit_visual_tools/lib:/home/inouemakoto/interbotix_ws/install/rviz_visual_tools/lib:/home/inouemakoto/interbotix_ws/install/interbotix_xs_rviz/lib:/home/inouemakoto/interbotix_ws/install/interbotix_xs_ros_control/lib:/home/inouemakoto/interbotix_ws/install/interbotix_xs_msgs/lib:/home/inouemakoto/interbotix_ws/install/interbotix_xs_driver/lib:/home/inouemakoto/interbotix_ws/install/interbotix_tf_tools/lib:/home/inouemakoto/interbotix_ws/install/interbotix_moveit_interface_msgs/lib:/home/inouemakoto/interbotix_ws/install/graph_msgs/lib:/home/inouemakoto/interbotix_ws/install/dynamixel_workbench_toolbox/lib:/home/inouemakoto/robotis_ws/install/dynamixel_sdk_custom_interfaces/lib:/home/inouemakoto/robotis_ws/install/dynamixel_sdk/lib:/usr/lib/x86_64-linux-gnu/gazebo-11/plugins:/opt/ros/humble/opt/rviz_ogre_vendor/lib:/opt/ros/humble/lib/x86_64-linux-gnu:/opt/ros/humble/lib:/usr/lib/x86_64-linux-gnu/gazebo-11/plugins PYTHONPATH=/home/inouemakoto/interbotix_ws/src/install/interbotix_xs_modules/lib/python3.10/site-packages:/home/inouemakoto/interbotix_ws/src/install/interbotix_xs_msgs/local/lib/python3.10/dist-packages:/home/inouemakoto/interbotix_ws/src/install/interbotix_common_modules/lib/python3.10/site-packages:${PYTHONPATH} /usr/bin/cmake /home/inouemakoto/interbotix_ws/src/interbotix_ros_manipulators/interbotix_ros_xsarms/interbotix_xsarm_descriptions -DCMAKE_INSTALL_PREFIX=/home/inouemakoto/interbotix_ws/src/install/interbotix_xsarm_descriptions
[0.058s] -- The C compiler identification is GNU 11.3.0
[0.099s] -- The CXX compiler identification is GNU 11.3.0
[0.105s] -- Detecting C compiler ABI info
[0.157s] -- Detecting C compiler ABI info - done
[0.163s] -- Check for working C compiler: /usr/bin/cc - skipped
[0.163s] -- Detecting C compile features
[0.164s] -- Detecting C compile features - done
[0.166s] -- Detecting CXX compiler ABI info
[0.230s] -- Detecting CXX compiler ABI info - done
[0.237s] -- Check for working CXX compiler: /usr/bin/c++ - skipped
[0.237s] -- Detecting CXX compile features
[0.237s] -- Detecting CXX compile features - done
[0.241s] -- Found ament_cmake: 1.3.4 (/opt/ros/humble/share/ament_cmake/cmake)
[0.412s] -- Found Python3: /usr/bin/python3.10 (found version "3.10.6") found components: Interpreter 
[0.509s] -- Found robot_state_publisher: 3.0.2 (/opt/ros/humble/share/robot_state_publisher/cmake)
[0.552s] -- Found rosidl_generator_c: 3.1.4 (/opt/ros/humble/share/rosidl_generator_c/cmake)
[0.559s] -- Found rosidl_adapter: 3.1.4 (/opt/ros/humble/share/rosidl_adapter/cmake)
[0.569s] -- Found rosidl_generator_cpp: 3.1.4 (/opt/ros/humble/share/rosidl_generator_cpp/cmake)
[0.584s] -- Using all available rosidl_typesupport_c: rosidl_typesupport_fastrtps_c;rosidl_typesupport_introspection_c
[0.606s] -- Using all available rosidl_typesupport_cpp: rosidl_typesupport_fastrtps_cpp;rosidl_typesupport_introspection_cpp
[0.734s] -- Found eigen3_cmake_module: 0.1.1 (/opt/ros/humble/share/eigen3_cmake_module/cmake)
[0.735s] -- Found Eigen3: TRUE (found version "3.4.0") 
[0.736s] -- Ensuring Eigen3 include directory is part of orocos-kdl CMake target
[0.809s] -- Found rmw_implementation_cmake: 6.1.1 (/opt/ros/humble/share/rmw_implementation_cmake/cmake)
[0.813s] -- Found rmw_fastrtps_cpp: 6.2.2 (/opt/ros/humble/share/rmw_fastrtps_cpp/cmake)
[0.900s] -- Found OpenSSL: /usr/lib/x86_64-linux-gnu/libcrypto.so (found version "3.0.2")  
[0.928s] -- Found FastRTPS: /opt/ros/humble/include  
[0.977s] -- Using RMW implementation 'rmw_fastrtps_cpp' as default
[0.992s] -- Looking for pthread.h
[1.050s] -- Looking for pthread.h - found
[1.050s] -- Performing Test CMAKE_HAVE_LIBC_PTHREAD
[1.110s] -- Performing Test CMAKE_HAVE_LIBC_PTHREAD - Success
[1.111s] -- Found Threads: TRUE  
[1.706s] -- Found rviz2: 11.2.5 (/opt/ros/humble/share/rviz2/cmake)
[1.709s] -- Found xacro: 2.0.8 (/opt/ros/humble/share/xacro/cmake)
[1.712s] -- Found ament_lint_auto: 0.12.6 (/opt/ros/humble/share/ament_lint_auto/cmake)
[1.791s] -- Added test 'copyright' to check source files copyright and LICENSE
[1.798s] -- Added test 'flake8' to check Python code syntax and style conventions
[1.799s] -- Added test 'lint_cmake' to check CMake code style
[1.800s] -- Added test 'pep257' to check Python code against some of the docstring style conventions in PEP 257
[1.804s] -- Added test 'xmllint' to check XML markup files
[1.805s] -- Configuring done
[1.809s] -- Generating done
[1.810s] -- Build files have been written to: /home/inouemakoto/interbotix_ws/src/build/interbotix_xsarm_descriptions
[1.818s] Invoked command in '/home/inouemakoto/interbotix_ws/src/build/interbotix_xsarm_descriptions' returned '0': AMENT_PREFIX_PATH=/home/inouemakoto/interbotix_ws/src/install/interbotix_xs_modules:/home/inouemakoto/interbotix_ws/src/install/interbotix_xs_sdk:/home/inouemakoto/interbotix_ws/src/install/interbotix_xs_driver:/home/inouemakoto/interbotix_ws/src/install/interbotix_xs_msgs:/home/inouemakoto/interbotix_ws/src/install/interbotix_common_modules:/home/inouemakoto/interbotix_ws/src/install/dynamixel_workbench_toolbox:${AMENT_PREFIX_PATH} CMAKE_PREFIX_PATH=/home/inouemakoto/interbotix_ws/src/install/interbotix_xs_sdk:/home/inouemakoto/interbotix_ws/src/install/interbotix_xs_driver:/home/inouemakoto/interbotix_ws/src/install/interbotix_xs_msgs:/home/inouemakoto/interbotix_ws/src/install/dynamixel_workbench_toolbox:/home/inouemakoto/interbotix_ws/install/interbotix_ros_xsarms_examples:/home/inouemakoto/interbotix_ws/install/interbotix_xsarm_moveit_interface:/home/inouemakoto/interbotix_ws/install/interbotix_moveit_interface:/home/inouemakoto/interbotix_ws/install/moveit_visual_tools:/home/inouemakoto/interbotix_ws/install/rviz_visual_tools:/home/inouemakoto/interbotix_ws/install/interbotix_ros_xsarms:/home/inouemakoto/interbotix_ws/install/interbotix_xsarm_moveit:/home/inouemakoto/interbotix_ws/install/interbotix_xsarm_sim:/home/inouemakoto/interbotix_ws/install/interbotix_xsarm_ros_control:/home/inouemakoto/interbotix_ws/install/interbotix_xsarm_joy:/home/inouemakoto/interbotix_ws/install/interbotix_xsarm_control:/home/inouemakoto/interbotix_ws/install/interbotix_xsarm_descriptions:/home/inouemakoto/interbotix_ws/install/interbotix_xs_toolbox:/home/inouemakoto/interbotix_ws/install/interbotix_xs_rviz:/home/inouemakoto/interbotix_ws/install/interbotix_ros_xseries:/home/inouemakoto/interbotix_ws/install/interbotix_xs_sdk:/home/inouemakoto/interbotix_ws/install/interbotix_xs_ros_control:/home/inouemakoto/interbotix_ws/install/interbotix_xs_msgs:/home/inouemakoto/interbotix_ws/install/interbotix_xs_driver:/home/inouemakoto/interbotix_ws/install/interbotix_tf_tools:/home/inouemakoto/interbotix_ws/install/interbotix_moveit_interface_msgs:/home/inouemakoto/interbotix_ws/install/interbotix_common_toolbox:/home/inouemakoto/interbotix_ws/install/interbotix_common_sim:/home/inouemakoto/interbotix_ws/install/graph_msgs:/home/inouemakoto/interbotix_ws/install/dynamixel_workbench_toolbox:/home/inouemakoto/robotis_ws/install/dynamixel_sdk_examples:/home/inouemakoto/robotis_ws/install/dynamixel_sdk_custom_interfaces:/home/inouemakoto/robotis_ws/install/dynamixel_sdk:/home/inouemakoto/interbotix_ws/install/interbotix_xs_modules:/home/inouemakoto/interbotix_ws/install/interbotix_common_modules:/opt/ros/humble LD_LIBRARY_PATH=/home/inouemakoto/interbotix_ws/src/install/interbotix_xs_driver/lib:/home/inouemakoto/interbotix_ws/src/install/interbotix_xs_msgs/lib:/home/inouemakoto/interbotix_ws/src/install/dynamixel_workbench_toolbox/lib:/home/inouemakoto/interbotix_ws/install/moveit_visual_tools/lib:/home/inouemakoto/interbotix_ws/install/rviz_visual_tools/lib:/home/inouemakoto/interbotix_ws/install/interbotix_xs_rviz/lib:/home/inouemakoto/interbotix_ws/install/interbotix_xs_ros_control/lib:/home/inouemakoto/interbotix_ws/install/interbotix_xs_msgs/lib:/home/inouemakoto/interbotix_ws/install/interbotix_xs_driver/lib:/home/inouemakoto/interbotix_ws/install/interbotix_tf_tools/lib:/home/inouemakoto/interbotix_ws/install/interbotix_moveit_interface_msgs/lib:/home/inouemakoto/interbotix_ws/install/graph_msgs/lib:/home/inouemakoto/interbotix_ws/install/dynamixel_workbench_toolbox/lib:/home/inouemakoto/robotis_ws/install/dynamixel_sdk_custom_interfaces/lib:/home/inouemakoto/robotis_ws/install/dynamixel_sdk/lib:/usr/lib/x86_64-linux-gnu/gazebo-11/plugins:/opt/ros/humble/opt/rviz_ogre_vendor/lib:/opt/ros/humble/lib/x86_64-linux-gnu:/opt/ros/humble/lib:/usr/lib/x86_64-linux-gnu/gazebo-11/plugins PYTHONPATH=/home/inouemakoto/interbotix_ws/src/install/interbotix_xs_modules/lib/python3.10/site-packages:/home/inouemakoto/interbotix_ws/src/install/interbotix_xs_msgs/local/lib/python3.10/dist-packages:/home/inouemakoto/interbotix_ws/src/install/interbotix_common_modules/lib/python3.10/site-packages:${PYTHONPATH} /usr/bin/cmake /home/inouemakoto/interbotix_ws/src/interbotix_ros_manipulators/interbotix_ros_xsarms/interbotix_xsarm_descriptions -DCMAKE_INSTALL_PREFIX=/home/inouemakoto/interbotix_ws/src/install/interbotix_xsarm_descriptions
[1.820s] Invoking command in '/home/inouemakoto/interbotix_ws/src/build/interbotix_xsarm_descriptions': AMENT_PREFIX_PATH=/home/inouemakoto/interbotix_ws/src/install/interbotix_xs_modules:/home/inouemakoto/interbotix_ws/src/install/interbotix_xs_sdk:/home/inouemakoto/interbotix_ws/src/install/interbotix_xs_driver:/home/inouemakoto/interbotix_ws/src/install/interbotix_xs_msgs:/home/inouemakoto/interbotix_ws/src/install/interbotix_common_modules:/home/inouemakoto/interbotix_ws/src/install/dynamixel_workbench_toolbox:${AMENT_PREFIX_PATH} CMAKE_PREFIX_PATH=/home/inouemakoto/interbotix_ws/src/install/interbotix_xs_sdk:/home/inouemakoto/interbotix_ws/src/install/interbotix_xs_driver:/home/inouemakoto/interbotix_ws/src/install/interbotix_xs_msgs:/home/inouemakoto/interbotix_ws/src/install/dynamixel_workbench_toolbox:/home/inouemakoto/interbotix_ws/install/interbotix_ros_xsarms_examples:/home/inouemakoto/interbotix_ws/install/interbotix_xsarm_moveit_interface:/home/inouemakoto/interbotix_ws/install/interbotix_moveit_interface:/home/inouemakoto/interbotix_ws/install/moveit_visual_tools:/home/inouemakoto/interbotix_ws/install/rviz_visual_tools:/home/inouemakoto/interbotix_ws/install/interbotix_ros_xsarms:/home/inouemakoto/interbotix_ws/install/interbotix_xsarm_moveit:/home/inouemakoto/interbotix_ws/install/interbotix_xsarm_sim:/home/inouemakoto/interbotix_ws/install/interbotix_xsarm_ros_control:/home/inouemakoto/interbotix_ws/install/interbotix_xsarm_joy:/home/inouemakoto/interbotix_ws/install/interbotix_xsarm_control:/home/inouemakoto/interbotix_ws/install/interbotix_xsarm_descriptions:/home/inouemakoto/interbotix_ws/install/interbotix_xs_toolbox:/home/inouemakoto/interbotix_ws/install/interbotix_xs_rviz:/home/inouemakoto/interbotix_ws/install/interbotix_ros_xseries:/home/inouemakoto/interbotix_ws/install/interbotix_xs_sdk:/home/inouemakoto/interbotix_ws/install/interbotix_xs_ros_control:/home/inouemakoto/interbotix_ws/install/interbotix_xs_msgs:/home/inouemakoto/interbotix_ws/install/interbotix_xs_driver:/home/inouemakoto/interbotix_ws/install/interbotix_tf_tools:/home/inouemakoto/interbotix_ws/install/interbotix_moveit_interface_msgs:/home/inouemakoto/interbotix_ws/install/interbotix_common_toolbox:/home/inouemakoto/interbotix_ws/install/interbotix_common_sim:/home/inouemakoto/interbotix_ws/install/graph_msgs:/home/inouemakoto/interbotix_ws/install/dynamixel_workbench_toolbox:/home/inouemakoto/robotis_ws/install/dynamixel_sdk_examples:/home/inouemakoto/robotis_ws/install/dynamixel_sdk_custom_interfaces:/home/inouemakoto/robotis_ws/install/dynamixel_sdk:/home/inouemakoto/interbotix_ws/install/interbotix_xs_modules:/home/inouemakoto/interbotix_ws/install/interbotix_common_modules:/opt/ros/humble LD_LIBRARY_PATH=/home/inouemakoto/interbotix_ws/src/install/interbotix_xs_driver/lib:/home/inouemakoto/interbotix_ws/src/install/interbotix_xs_msgs/lib:/home/inouemakoto/interbotix_ws/src/install/dynamixel_workbench_toolbox/lib:/home/inouemakoto/interbotix_ws/install/moveit_visual_tools/lib:/home/inouemakoto/interbotix_ws/install/rviz_visual_tools/lib:/home/inouemakoto/interbotix_ws/install/interbotix_xs_rviz/lib:/home/inouemakoto/interbotix_ws/install/interbotix_xs_ros_control/lib:/home/inouemakoto/interbotix_ws/install/interbotix_xs_msgs/lib:/home/inouemakoto/interbotix_ws/install/interbotix_xs_driver/lib:/home/inouemakoto/interbotix_ws/install/interbotix_tf_tools/lib:/home/inouemakoto/interbotix_ws/install/interbotix_moveit_interface_msgs/lib:/home/inouemakoto/interbotix_ws/install/graph_msgs/lib:/home/inouemakoto/interbotix_ws/install/dynamixel_workbench_toolbox/lib:/home/inouemakoto/robotis_ws/install/dynamixel_sdk_custom_interfaces/lib:/home/inouemakoto/robotis_ws/install/dynamixel_sdk/lib:/usr/lib/x86_64-linux-gnu/gazebo-11/plugins:/opt/ros/humble/opt/rviz_ogre_vendor/lib:/opt/ros/humble/lib/x86_64-linux-gnu:/opt/ros/humble/lib:/usr/lib/x86_64-linux-gnu/gazebo-11/plugins PYTHONPATH=/home/inouemakoto/interbotix_ws/src/install/interbotix_xs_modules/lib/python3.10/site-packages:/home/inouemakoto/interbotix_ws/src/install/interbotix_xs_msgs/local/lib/python3.10/dist-packages:/home/inouemakoto/interbotix_ws/src/install/interbotix_common_modules/lib/python3.10/site-packages:${PYTHONPATH} /usr/bin/cmake --build /home/inouemakoto/interbotix_ws/src/build/interbotix_xsarm_descriptions -- -j20 -l20
[1.849s] Invoked command in '/home/inouemakoto/interbotix_ws/src/build/interbotix_xsarm_descriptions' returned '0': AMENT_PREFIX_PATH=/home/inouemakoto/interbotix_ws/src/install/interbotix_xs_modules:/home/inouemakoto/interbotix_ws/src/install/interbotix_xs_sdk:/home/inouemakoto/interbotix_ws/src/install/interbotix_xs_driver:/home/inouemakoto/interbotix_ws/src/install/interbotix_xs_msgs:/home/inouemakoto/interbotix_ws/src/install/interbotix_common_modules:/home/inouemakoto/interbotix_ws/src/install/dynamixel_workbench_toolbox:${AMENT_PREFIX_PATH} CMAKE_PREFIX_PATH=/home/inouemakoto/interbotix_ws/src/install/interbotix_xs_sdk:/home/inouemakoto/interbotix_ws/src/install/interbotix_xs_driver:/home/inouemakoto/interbotix_ws/src/install/interbotix_xs_msgs:/home/inouemakoto/interbotix_ws/src/install/dynamixel_workbench_toolbox:/home/inouemakoto/interbotix_ws/install/interbotix_ros_xsarms_examples:/home/inouemakoto/interbotix_ws/install/interbotix_xsarm_moveit_interface:/home/inouemakoto/interbotix_ws/install/interbotix_moveit_interface:/home/inouemakoto/interbotix_ws/install/moveit_visual_tools:/home/inouemakoto/interbotix_ws/install/rviz_visual_tools:/home/inouemakoto/interbotix_ws/install/interbotix_ros_xsarms:/home/inouemakoto/interbotix_ws/install/interbotix_xsarm_moveit:/home/inouemakoto/interbotix_ws/install/interbotix_xsarm_sim:/home/inouemakoto/interbotix_ws/install/interbotix_xsarm_ros_control:/home/inouemakoto/interbotix_ws/install/interbotix_xsarm_joy:/home/inouemakoto/interbotix_ws/install/interbotix_xsarm_control:/home/inouemakoto/interbotix_ws/install/interbotix_xsarm_descriptions:/home/inouemakoto/interbotix_ws/install/interbotix_xs_toolbox:/home/inouemakoto/interbotix_ws/install/interbotix_xs_rviz:/home/inouemakoto/interbotix_ws/install/interbotix_ros_xseries:/home/inouemakoto/interbotix_ws/install/interbotix_xs_sdk:/home/inouemakoto/interbotix_ws/install/interbotix_xs_ros_control:/home/inouemakoto/interbotix_ws/install/interbotix_xs_msgs:/home/inouemakoto/interbotix_ws/install/interbotix_xs_driver:/home/inouemakoto/interbotix_ws/install/interbotix_tf_tools:/home/inouemakoto/interbotix_ws/install/interbotix_moveit_interface_msgs:/home/inouemakoto/interbotix_ws/install/interbotix_common_toolbox:/home/inouemakoto/interbotix_ws/install/interbotix_common_sim:/home/inouemakoto/interbotix_ws/install/graph_msgs:/home/inouemakoto/interbotix_ws/install/dynamixel_workbench_toolbox:/home/inouemakoto/robotis_ws/install/dynamixel_sdk_examples:/home/inouemakoto/robotis_ws/install/dynamixel_sdk_custom_interfaces:/home/inouemakoto/robotis_ws/install/dynamixel_sdk:/home/inouemakoto/interbotix_ws/install/interbotix_xs_modules:/home/inouemakoto/interbotix_ws/install/interbotix_common_modules:/opt/ros/humble LD_LIBRARY_PATH=/home/inouemakoto/interbotix_ws/src/install/interbotix_xs_driver/lib:/home/inouemakoto/interbotix_ws/src/install/interbotix_xs_msgs/lib:/home/inouemakoto/interbotix_ws/src/install/dynamixel_workbench_toolbox/lib:/home/inouemakoto/interbotix_ws/install/moveit_visual_tools/lib:/home/inouemakoto/interbotix_ws/install/rviz_visual_tools/lib:/home/inouemakoto/interbotix_ws/install/interbotix_xs_rviz/lib:/home/inouemakoto/interbotix_ws/install/interbotix_xs_ros_control/lib:/home/inouemakoto/interbotix_ws/install/interbotix_xs_msgs/lib:/home/inouemakoto/interbotix_ws/install/interbotix_xs_driver/lib:/home/inouemakoto/interbotix_ws/install/interbotix_tf_tools/lib:/home/inouemakoto/interbotix_ws/install/interbotix_moveit_interface_msgs/lib:/home/inouemakoto/interbotix_ws/install/graph_msgs/lib:/home/inouemakoto/interbotix_ws/install/dynamixel_workbench_toolbox/lib:/home/inouemakoto/robotis_ws/install/dynamixel_sdk_custom_interfaces/lib:/home/inouemakoto/robotis_ws/install/dynamixel_sdk/lib:/usr/lib/x86_64-linux-gnu/gazebo-11/plugins:/opt/ros/humble/opt/rviz_ogre_vendor/lib:/opt/ros/humble/lib/x86_64-linux-gnu:/opt/ros/humble/lib:/usr/lib/x86_64-linux-gnu/gazebo-11/plugins PYTHONPATH=/home/inouemakoto/interbotix_ws/src/install/interbotix_xs_modules/lib/python3.10/site-packages:/home/inouemakoto/interbotix_ws/src/install/interbotix_xs_msgs/local/lib/python3.10/dist-packages:/home/inouemakoto/interbotix_ws/src/install/interbotix_common_modules/lib/python3.10/site-packages:${PYTHONPATH} /usr/bin/cmake --build /home/inouemakoto/interbotix_ws/src/build/interbotix_xsarm_descriptions -- -j20 -l20
[1.866s] Invoking command in '/home/inouemakoto/interbotix_ws/src/build/interbotix_xsarm_descriptions': AMENT_PREFIX_PATH=/home/inouemakoto/interbotix_ws/src/install/interbotix_xs_modules:/home/inouemakoto/interbotix_ws/src/install/interbotix_xs_sdk:/home/inouemakoto/interbotix_ws/src/install/interbotix_xs_driver:/home/inouemakoto/interbotix_ws/src/install/interbotix_xs_msgs:/home/inouemakoto/interbotix_ws/src/install/interbotix_common_modules:/home/inouemakoto/interbotix_ws/src/install/dynamixel_workbench_toolbox:${AMENT_PREFIX_PATH} CMAKE_PREFIX_PATH=/home/inouemakoto/interbotix_ws/src/install/interbotix_xs_sdk:/home/inouemakoto/interbotix_ws/src/install/interbotix_xs_driver:/home/inouemakoto/interbotix_ws/src/install/interbotix_xs_msgs:/home/inouemakoto/interbotix_ws/src/install/dynamixel_workbench_toolbox:/home/inouemakoto/interbotix_ws/install/interbotix_ros_xsarms_examples:/home/inouemakoto/interbotix_ws/install/interbotix_xsarm_moveit_interface:/home/inouemakoto/interbotix_ws/install/interbotix_moveit_interface:/home/inouemakoto/interbotix_ws/install/moveit_visual_tools:/home/inouemakoto/interbotix_ws/install/rviz_visual_tools:/home/inouemakoto/interbotix_ws/install/interbotix_ros_xsarms:/home/inouemakoto/interbotix_ws/install/interbotix_xsarm_moveit:/home/inouemakoto/interbotix_ws/install/interbotix_xsarm_sim:/home/inouemakoto/interbotix_ws/install/interbotix_xsarm_ros_control:/home/inouemakoto/interbotix_ws/install/interbotix_xsarm_joy:/home/inouemakoto/interbotix_ws/install/interbotix_xsarm_control:/home/inouemakoto/interbotix_ws/install/interbotix_xsarm_descriptions:/home/inouemakoto/interbotix_ws/install/interbotix_xs_toolbox:/home/inouemakoto/interbotix_ws/install/interbotix_xs_rviz:/home/inouemakoto/interbotix_ws/install/interbotix_ros_xseries:/home/inouemakoto/interbotix_ws/install/interbotix_xs_sdk:/home/inouemakoto/interbotix_ws/install/interbotix_xs_ros_control:/home/inouemakoto/interbotix_ws/install/interbotix_xs_msgs:/home/inouemakoto/interbotix_ws/install/interbotix_xs_driver:/home/inouemakoto/interbotix_ws/install/interbotix_tf_tools:/home/inouemakoto/interbotix_ws/install/interbotix_moveit_interface_msgs:/home/inouemakoto/interbotix_ws/install/interbotix_common_toolbox:/home/inouemakoto/interbotix_ws/install/interbotix_common_sim:/home/inouemakoto/interbotix_ws/install/graph_msgs:/home/inouemakoto/interbotix_ws/install/dynamixel_workbench_toolbox:/home/inouemakoto/robotis_ws/install/dynamixel_sdk_examples:/home/inouemakoto/robotis_ws/install/dynamixel_sdk_custom_interfaces:/home/inouemakoto/robotis_ws/install/dynamixel_sdk:/home/inouemakoto/interbotix_ws/install/interbotix_xs_modules:/home/inouemakoto/interbotix_ws/install/interbotix_common_modules:/opt/ros/humble LD_LIBRARY_PATH=/home/inouemakoto/interbotix_ws/src/install/interbotix_xs_driver/lib:/home/inouemakoto/interbotix_ws/src/install/interbotix_xs_msgs/lib:/home/inouemakoto/interbotix_ws/src/install/dynamixel_workbench_toolbox/lib:/home/inouemakoto/interbotix_ws/install/moveit_visual_tools/lib:/home/inouemakoto/interbotix_ws/install/rviz_visual_tools/lib:/home/inouemakoto/interbotix_ws/install/interbotix_xs_rviz/lib:/home/inouemakoto/interbotix_ws/install/interbotix_xs_ros_control/lib:/home/inouemakoto/interbotix_ws/install/interbotix_xs_msgs/lib:/home/inouemakoto/interbotix_ws/install/interbotix_xs_driver/lib:/home/inouemakoto/interbotix_ws/install/interbotix_tf_tools/lib:/home/inouemakoto/interbotix_ws/install/interbotix_moveit_interface_msgs/lib:/home/inouemakoto/interbotix_ws/install/graph_msgs/lib:/home/inouemakoto/interbotix_ws/install/dynamixel_workbench_toolbox/lib:/home/inouemakoto/robotis_ws/install/dynamixel_sdk_custom_interfaces/lib:/home/inouemakoto/robotis_ws/install/dynamixel_sdk/lib:/usr/lib/x86_64-linux-gnu/gazebo-11/plugins:/opt/ros/humble/opt/rviz_ogre_vendor/lib:/opt/ros/humble/lib/x86_64-linux-gnu:/opt/ros/humble/lib:/usr/lib/x86_64-linux-gnu/gazebo-11/plugins PYTHONPATH=/home/inouemakoto/interbotix_ws/src/install/interbotix_xs_modules/lib/python3.10/site-packages:/home/inouemakoto/interbotix_ws/src/install/interbotix_xs_msgs/local/lib/python3.10/dist-packages:/home/inouemakoto/interbotix_ws/src/install/interbotix_common_modules/lib/python3.10/site-packages:${PYTHONPATH} /usr/bin/cmake --install /home/inouemakoto/interbotix_ws/src/build/interbotix_xsarm_descriptions
[1.872s] -- Install configuration: ""
[1.872s] -- Installing: /home/inouemakoto/interbotix_ws/src/install/interbotix_xsarm_descriptions/share/interbotix_xsarm_descriptions//urdf
[1.872s] -- Installing: /home/inouemakoto/interbotix_ws/src/install/interbotix_xsarm_descriptions/share/interbotix_xsarm_descriptions//urdf/mobile_wx250s.urdf.xacro
[1.872s] -- Installing: /home/inouemakoto/interbotix_ws/src/install/interbotix_xsarm_descriptions/share/interbotix_xsarm_descriptions//urdf/px150.urdf.xacro
[1.872s] -- Installing: /home/inouemakoto/interbotix_ws/src/install/interbotix_xsarm_descriptions/share/interbotix_xsarm_descriptions//urdf/gazebo_configs.urdf.xacro
[1.873s] -- Installing: /home/inouemakoto/interbotix_ws/src/install/interbotix_xsarm_descriptions/share/interbotix_xsarm_descriptions//urdf/rx150.urdf.xacro
[1.873s] -- Installing: /home/inouemakoto/interbotix_ws/src/install/interbotix_xsarm_descriptions/share/interbotix_xsarm_descriptions//urdf/px100.urdf.xacro
[1.873s] -- Installing: /home/inouemakoto/interbotix_ws/src/install/interbotix_xsarm_descriptions/share/interbotix_xsarm_descriptions//urdf/wx250s.urdf.xacro
[1.874s] -- Installing: /home/inouemakoto/interbotix_ws/src/install/interbotix_xsarm_descriptions/share/interbotix_xsarm_descriptions//urdf/ar_tag.urdf.xacro
[1.874s] -- Installing: /home/inouemakoto/interbotix_ws/src/install/interbotix_xsarm_descriptions/share/interbotix_xsarm_descriptions//urdf/control.urdf.xacro
[1.874s] -- Installing: /home/inouemakoto/interbotix_ws/src/install/interbotix_xsarm_descriptions/share/interbotix_xsarm_descriptions//urdf/vx250.urdf.xacro
[1.874s] -- Installing: /home/inouemakoto/interbotix_ws/src/install/interbotix_xsarm_descriptions/share/interbotix_xsarm_descriptions//urdf/wx250.urdf.xacro
[1.874s] -- Installing: /home/inouemakoto/interbotix_ws/src/install/interbotix_xsarm_descriptions/share/interbotix_xsarm_descriptions//urdf/mobile_wx200.urdf.xacro
[1.875s] -- Installing: /home/inouemakoto/interbotix_ws/src/install/interbotix_xsarm_descriptions/share/interbotix_xsarm_descriptions//urdf/vx300s.urdf.xacro
[1.875s] -- Installing: /home/inouemakoto/interbotix_ws/src/install/interbotix_xsarm_descriptions/share/interbotix_xsarm_descriptions//urdf/mobile_px100.urdf.xacro
[1.875s] -- Installing: /home/inouemakoto/interbotix_ws/src/install/interbotix_xsarm_descriptions/share/interbotix_xsarm_descriptions//urdf/wx200.urdf.xacro
[1.876s] -- Installing: /home/inouemakoto/interbotix_ws/src/install/interbotix_xsarm_descriptions/share/interbotix_xsarm_descriptions//urdf/rx200.urdf.xacro
[1.876s] -- Installing: /home/inouemakoto/interbotix_ws/src/install/interbotix_xsarm_descriptions/share/interbotix_xsarm_descriptions//urdf/vx300.urdf.xacro
[1.876s] -- Installing: /home/inouemakoto/interbotix_ws/src/install/interbotix_xsarm_descriptions/share/interbotix_xsarm_descriptions//launch
[1.876s] -- Installing: /home/inouemakoto/interbotix_ws/src/install/interbotix_xsarm_descriptions/share/interbotix_xsarm_descriptions//launch/xsarm_description.launch.py
[1.876s] -- Installing: /home/inouemakoto/interbotix_ws/src/install/interbotix_xsarm_descriptions/share/interbotix_xsarm_descriptions//launch/remote_view.launch.py
[1.877s] -- Installing: /home/inouemakoto/interbotix_ws/src/install/interbotix_xsarm_descriptions/share/interbotix_xsarm_descriptions//meshes
[1.877s] -- Installing: /home/inouemakoto/interbotix_ws/src/install/interbotix_xsarm_descriptions/share/interbotix_xsarm_descriptions//meshes/rx150_meshes
[1.877s] -- Installing: /home/inouemakoto/interbotix_ws/src/install/interbotix_xsarm_descriptions/share/interbotix_xsarm_descriptions//meshes/rx150_meshes/shoulder.stl
[1.877s] -- Installing: /home/inouemakoto/interbotix_ws/src/install/interbotix_xsarm_descriptions/share/interbotix_xsarm_descriptions//meshes/rx150_meshes/wrist.stl
[1.878s] -- Installing: /home/inouemakoto/interbotix_ws/src/install/interbotix_xsarm_descriptions/share/interbotix_xsarm_descriptions//meshes/rx150_meshes/gripper_prop.stl
[1.878s] -- Installing: /home/inouemakoto/interbotix_ws/src/install/interbotix_xsarm_descriptions/share/interbotix_xsarm_descriptions//meshes/rx150_meshes/upper_arm.stl
[1.878s] -- Installing: /home/inouemakoto/interbotix_ws/src/install/interbotix_xsarm_descriptions/share/interbotix_xsarm_descriptions//meshes/rx150_meshes/gripper_bar.stl
[1.879s] -- Installing: /home/inouemakoto/interbotix_ws/src/install/interbotix_xsarm_descriptions/share/interbotix_xsarm_descriptions//meshes/rx150_meshes/gripper_finger.stl
[1.879s] -- Installing: /home/inouemakoto/interbotix_ws/src/install/interbotix_xsarm_descriptions/share/interbotix_xsarm_descriptions//meshes/rx150_meshes/forearm.stl
[1.879s] -- Installing: /home/inouemakoto/interbotix_ws/src/install/interbotix_xsarm_descriptions/share/interbotix_xsarm_descriptions//meshes/rx150_meshes/gripper.stl
[1.880s] -- Installing: /home/inouemakoto/interbotix_ws/src/install/interbotix_xsarm_descriptions/share/interbotix_xsarm_descriptions//meshes/rx150_meshes/base.stl
[1.880s] -- Installing: /home/inouemakoto/interbotix_ws/src/install/interbotix_xsarm_descriptions/share/interbotix_xsarm_descriptions//meshes/wx250s_meshes
[1.880s] -- Installing: /home/inouemakoto/interbotix_ws/src/install/interbotix_xsarm_descriptions/share/interbotix_xsarm_descriptions//meshes/wx250s_meshes/lower_forearm.stl
[1.881s] -- Installing: /home/inouemakoto/interbotix_ws/src/install/interbotix_xsarm_descriptions/share/interbotix_xsarm_descriptions//meshes/wx250s_meshes/shoulder.stl
[1.881s] -- Installing: /home/inouemakoto/interbotix_ws/src/install/interbotix_xsarm_descriptions/share/interbotix_xsarm_descriptions//meshes/wx250s_meshes/wrist.stl
[1.881s] -- Installing: /home/inouemakoto/interbotix_ws/src/install/interbotix_xsarm_descriptions/share/interbotix_xsarm_descriptions//meshes/wx250s_meshes/gripper_prop.stl
[1.882s] -- Installing: /home/inouemakoto/interbotix_ws/src/install/interbotix_xsarm_descriptions/share/interbotix_xsarm_descriptions//meshes/wx250s_meshes/upper_arm.stl
[1.882s] -- Installing: /home/inouemakoto/interbotix_ws/src/install/interbotix_xsarm_descriptions/share/interbotix_xsarm_descriptions//meshes/wx250s_meshes/gripper_bar.stl
[1.883s] -- Installing: /home/inouemakoto/interbotix_ws/src/install/interbotix_xsarm_descriptions/share/interbotix_xsarm_descriptions//meshes/wx250s_meshes/gripper_finger.stl
[1.883s] -- Installing: /home/inouemakoto/interbotix_ws/src/install/interbotix_xsarm_descriptions/share/interbotix_xsarm_descriptions//meshes/wx250s_meshes/gripper.stl
[1.883s] -- Installing: /home/inouemakoto/interbotix_ws/src/install/interbotix_xsarm_descriptions/share/interbotix_xsarm_descriptions//meshes/wx250s_meshes/upper_forearm.stl
[1.883s] -- Installing: /home/inouemakoto/interbotix_ws/src/install/interbotix_xsarm_descriptions/share/interbotix_xsarm_descriptions//meshes/wx250s_meshes/base.stl
[1.884s] -- Installing: /home/inouemakoto/interbotix_ws/src/install/interbotix_xsarm_descriptions/share/interbotix_xsarm_descriptions//meshes/interbotix_black.png
[1.884s] -- Installing: /home/inouemakoto/interbotix_ws/src/install/interbotix_xsarm_descriptions/share/interbotix_xsarm_descriptions//meshes/wx200_meshes
[1.884s] -- Installing: /home/inouemakoto/interbotix_ws/src/install/interbotix_xsarm_descriptions/share/interbotix_xsarm_descriptions//meshes/wx200_meshes/shoulder.stl
[1.884s] -- Installing: /home/inouemakoto/interbotix_ws/src/install/interbotix_xsarm_descriptions/share/interbotix_xsarm_descriptions//meshes/wx200_meshes/wrist.stl
[1.885s] -- Installing: /home/inouemakoto/interbotix_ws/src/install/interbotix_xsarm_descriptions/share/interbotix_xsarm_descriptions//meshes/wx200_meshes/gripper_prop.stl
[1.885s] -- Installing: /home/inouemakoto/interbotix_ws/src/install/interbotix_xsarm_descriptions/share/interbotix_xsarm_descriptions//meshes/wx200_meshes/upper_arm.stl
[1.886s] -- Installing: /home/inouemakoto/interbotix_ws/src/install/interbotix_xsarm_descriptions/share/interbotix_xsarm_descriptions//meshes/wx200_meshes/gripper_bar.stl
[1.886s] -- Installing: /home/inouemakoto/interbotix_ws/src/install/interbotix_xsarm_descriptions/share/interbotix_xsarm_descriptions//meshes/wx200_meshes/gripper_finger.stl
[1.886s] -- Installing: /home/inouemakoto/interbotix_ws/src/install/interbotix_xsarm_descriptions/share/interbotix_xsarm_descriptions//meshes/wx200_meshes/forearm.stl
[1.887s] -- Installing: /home/inouemakoto/interbotix_ws/src/install/interbotix_xsarm_descriptions/share/interbotix_xsarm_descriptions//meshes/wx200_meshes/gripper.stl
[1.887s] -- Installing: /home/inouemakoto/interbotix_ws/src/install/interbotix_xsarm_descriptions/share/interbotix_xsarm_descriptions//meshes/wx200_meshes/base.stl
[1.887s] -- Installing: /home/inouemakoto/interbotix_ws/src/install/interbotix_xsarm_descriptions/share/interbotix_xsarm_descriptions//meshes/vx300_meshes
[1.887s] -- Installing: /home/inouemakoto/interbotix_ws/src/install/interbotix_xsarm_descriptions/share/interbotix_xsarm_descriptions//meshes/vx300_meshes/shoulder.stl
[1.888s] -- Installing: /home/inouemakoto/interbotix_ws/src/install/interbotix_xsarm_descriptions/share/interbotix_xsarm_descriptions//meshes/vx300_meshes/wrist.stl
[1.888s] -- Installing: /home/inouemakoto/interbotix_ws/src/install/interbotix_xsarm_descriptions/share/interbotix_xsarm_descriptions//meshes/vx300_meshes/gripper_prop.stl
[1.889s] -- Installing: /home/inouemakoto/interbotix_ws/src/install/interbotix_xsarm_descriptions/share/interbotix_xsarm_descriptions//meshes/vx300_meshes/upper_arm.stl
[1.889s] -- Installing: /home/inouemakoto/interbotix_ws/src/install/interbotix_xsarm_descriptions/share/interbotix_xsarm_descriptions//meshes/vx300_meshes/gripper_bar.stl
[1.890s] -- Installing: /home/inouemakoto/interbotix_ws/src/install/interbotix_xsarm_descriptions/share/interbotix_xsarm_descriptions//meshes/vx300_meshes/gripper_finger.stl
[1.890s] -- Installing: /home/inouemakoto/interbotix_ws/src/install/interbotix_xsarm_descriptions/share/interbotix_xsarm_descriptions//meshes/vx300_meshes/forearm.stl
[1.890s] -- Installing: /home/inouemakoto/interbotix_ws/src/install/interbotix_xsarm_descriptions/share/interbotix_xsarm_descriptions//meshes/vx300_meshes/gripper.stl
[1.891s] -- Installing: /home/inouemakoto/interbotix_ws/src/install/interbotix_xsarm_descriptions/share/interbotix_xsarm_descriptions//meshes/vx300_meshes/base.stl
[1.892s] -- Installing: /home/inouemakoto/interbotix_ws/src/install/interbotix_xsarm_descriptions/share/interbotix_xsarm_descriptions//meshes/wx250_meshes
[1.892s] -- Installing: /home/inouemakoto/interbotix_ws/src/install/interbotix_xsarm_descriptions/share/interbotix_xsarm_descriptions//meshes/wx250_meshes/shoulder.stl
[1.892s] -- Installing: /home/inouemakoto/interbotix_ws/src/install/interbotix_xsarm_descriptions/share/interbotix_xsarm_descriptions//meshes/wx250_meshes/wrist.stl
[1.892s] -- Installing: /home/inouemakoto/interbotix_ws/src/install/interbotix_xsarm_descriptions/share/interbotix_xsarm_descriptions//meshes/wx250_meshes/gripper_prop.stl
[1.893s] -- Installing: /home/inouemakoto/interbotix_ws/src/install/interbotix_xsarm_descriptions/share/interbotix_xsarm_descriptions//meshes/wx250_meshes/upper_arm.stl
[1.893s] -- Installing: /home/inouemakoto/interbotix_ws/src/install/interbotix_xsarm_descriptions/share/interbotix_xsarm_descriptions//meshes/wx250_meshes/gripper_bar.stl
[1.893s] -- Installing: /home/inouemakoto/interbotix_ws/src/install/interbotix_xsarm_descriptions/share/interbotix_xsarm_descriptions//meshes/wx250_meshes/gripper_finger.stl
[1.893s] -- Installing: /home/inouemakoto/interbotix_ws/src/install/interbotix_xsarm_descriptions/share/interbotix_xsarm_descriptions//meshes/wx250_meshes/forearm.stl
[1.894s] -- Installing: /home/inouemakoto/interbotix_ws/src/install/interbotix_xsarm_descriptions/share/interbotix_xsarm_descriptions//meshes/wx250_meshes/gripper.stl
[1.894s] -- Installing: /home/inouemakoto/interbotix_ws/src/install/interbotix_xsarm_descriptions/share/interbotix_xsarm_descriptions//meshes/wx250_meshes/base.stl
[1.894s] -- Installing: /home/inouemakoto/interbotix_ws/src/install/interbotix_xsarm_descriptions/share/interbotix_xsarm_descriptions//meshes/mobile_wx250s_meshes
[1.894s] -- Installing: /home/inouemakoto/interbotix_ws/src/install/interbotix_xsarm_descriptions/share/interbotix_xsarm_descriptions//meshes/mobile_wx250s_meshes/lower_forearm.stl
[1.895s] -- Installing: /home/inouemakoto/interbotix_ws/src/install/interbotix_xsarm_descriptions/share/interbotix_xsarm_descriptions//meshes/mobile_wx250s_meshes/shoulder.stl
[1.895s] -- Installing: /home/inouemakoto/interbotix_ws/src/install/interbotix_xsarm_descriptions/share/interbotix_xsarm_descriptions//meshes/mobile_wx250s_meshes/wrist.stl
[1.896s] -- Installing: /home/inouemakoto/interbotix_ws/src/install/interbotix_xsarm_descriptions/share/interbotix_xsarm_descriptions//meshes/mobile_wx250s_meshes/gripper_prop.stl
[1.896s] -- Installing: /home/inouemakoto/interbotix_ws/src/install/interbotix_xsarm_descriptions/share/interbotix_xsarm_descriptions//meshes/mobile_wx250s_meshes/upper_arm.stl
[1.896s] -- Installing: /home/inouemakoto/interbotix_ws/src/install/interbotix_xsarm_descriptions/share/interbotix_xsarm_descriptions//meshes/mobile_wx250s_meshes/gripper_bar.stl
[1.897s] -- Installing: /home/inouemakoto/interbotix_ws/src/install/interbotix_xsarm_descriptions/share/interbotix_xsarm_descriptions//meshes/mobile_wx250s_meshes/gripper_finger.stl
[1.897s] -- Installing: /home/inouemakoto/interbotix_ws/src/install/interbotix_xsarm_descriptions/share/interbotix_xsarm_descriptions//meshes/mobile_wx250s_meshes/gripper.stl
[1.897s] -- Installing: /home/inouemakoto/interbotix_ws/src/install/interbotix_xsarm_descriptions/share/interbotix_xsarm_descriptions//meshes/mobile_wx250s_meshes/upper_forearm.stl
[1.897s] -- Installing: /home/inouemakoto/interbotix_ws/src/install/interbotix_xsarm_descriptions/share/interbotix_xsarm_descriptions//meshes/mobile_wx250s_meshes/base.stl
[1.899s] -- Installing: /home/inouemakoto/interbotix_ws/src/install/interbotix_xsarm_descriptions/share/interbotix_xsarm_descriptions//meshes/ar_tag.stl
[1.899s] -- Installing: /home/inouemakoto/interbotix_ws/src/install/interbotix_xsarm_descriptions/share/interbotix_xsarm_descriptions//meshes/vx250_meshes
[1.899s] -- Installing: /home/inouemakoto/interbotix_ws/src/install/interbotix_xsarm_descriptions/share/interbotix_xsarm_descriptions//meshes/vx250_meshes/shoulder.stl
[1.900s] -- Installing: /home/inouemakoto/interbotix_ws/src/install/interbotix_xsarm_descriptions/share/interbotix_xsarm_descriptions//meshes/vx250_meshes/wrist.stl
[1.900s] -- Installing: /home/inouemakoto/interbotix_ws/src/install/interbotix_xsarm_descriptions/share/interbotix_xsarm_descriptions//meshes/vx250_meshes/gripper_prop.stl
[1.900s] -- Installing: /home/inouemakoto/interbotix_ws/src/install/interbotix_xsarm_descriptions/share/interbotix_xsarm_descriptions//meshes/vx250_meshes/upper_arm.stl
[1.901s] -- Installing: /home/inouemakoto/interbotix_ws/src/install/interbotix_xsarm_descriptions/share/interbotix_xsarm_descriptions//meshes/vx250_meshes/gripper_bar.stl
[1.901s] -- Installing: /home/inouemakoto/interbotix_ws/src/install/interbotix_xsarm_descriptions/share/interbotix_xsarm_descriptions//meshes/vx250_meshes/gripper_finger.stl
[1.902s] -- Installing: /home/inouemakoto/interbotix_ws/src/install/interbotix_xsarm_descriptions/share/interbotix_xsarm_descriptions//meshes/vx250_meshes/forearm.stl
[1.902s] -- Installing: /home/inouemakoto/interbotix_ws/src/install/interbotix_xsarm_descriptions/share/interbotix_xsarm_descriptions//meshes/vx250_meshes/gripper.stl
[1.902s] -- Installing: /home/inouemakoto/interbotix_ws/src/install/interbotix_xsarm_descriptions/share/interbotix_xsarm_descriptions//meshes/vx250_meshes/base.stl
[1.903s] -- Installing: /home/inouemakoto/interbotix_ws/src/install/interbotix_xsarm_descriptions/share/interbotix_xsarm_descriptions//meshes/vx300s_meshes
[1.903s] -- Installing: /home/inouemakoto/interbotix_ws/src/install/interbotix_xsarm_descriptions/share/interbotix_xsarm_descriptions//meshes/vx300s_meshes/lower_forearm.stl
[1.903s] -- Installing: /home/inouemakoto/interbotix_ws/src/install/interbotix_xsarm_descriptions/share/interbotix_xsarm_descriptions//meshes/vx300s_meshes/shoulder.stl
[1.904s] -- Installing: /home/inouemakoto/interbotix_ws/src/install/interbotix_xsarm_descriptions/share/interbotix_xsarm_descriptions//meshes/vx300s_meshes/wrist.stl
[1.904s] -- Installing: /home/inouemakoto/interbotix_ws/src/install/interbotix_xsarm_descriptions/share/interbotix_xsarm_descriptions//meshes/vx300s_meshes/gripper_prop.stl
[1.904s] -- Installing: /home/inouemakoto/interbotix_ws/src/install/interbotix_xsarm_descriptions/share/interbotix_xsarm_descriptions//meshes/vx300s_meshes/upper_arm.stl
[1.905s] -- Installing: /home/inouemakoto/interbotix_ws/src/install/interbotix_xsarm_descriptions/share/interbotix_xsarm_descriptions//meshes/vx300s_meshes/gripper_bar.stl
[1.905s] -- Installing: /home/inouemakoto/interbotix_ws/src/install/interbotix_xsarm_descriptions/share/interbotix_xsarm_descriptions//meshes/vx300s_meshes/gripper_finger.stl
[1.906s] -- Installing: /home/inouemakoto/interbotix_ws/src/install/interbotix_xsarm_descriptions/share/interbotix_xsarm_descriptions//meshes/vx300s_meshes/gripper.stl
[1.907s] -- Installing: /home/inouemakoto/interbotix_ws/src/install/interbotix_xsarm_descriptions/share/interbotix_xsarm_descriptions//meshes/vx300s_meshes/upper_forearm.stl
[1.907s] -- Installing: /home/inouemakoto/interbotix_ws/src/install/interbotix_xsarm_descriptions/share/interbotix_xsarm_descriptions//meshes/vx300s_meshes/base.stl
[1.907s] -- Installing: /home/inouemakoto/interbotix_ws/src/install/interbotix_xsarm_descriptions/share/interbotix_xsarm_descriptions//meshes/mobile_wx200_meshes
[1.907s] -- Installing: /home/inouemakoto/interbotix_ws/src/install/interbotix_xsarm_descriptions/share/interbotix_xsarm_descriptions//meshes/mobile_wx200_meshes/shoulder.stl
[1.908s] -- Installing: /home/inouemakoto/interbotix_ws/src/install/interbotix_xsarm_descriptions/share/interbotix_xsarm_descriptions//meshes/mobile_wx200_meshes/wrist.stl
[1.908s] -- Installing: /home/inouemakoto/interbotix_ws/src/install/interbotix_xsarm_descriptions/share/interbotix_xsarm_descriptions//meshes/mobile_wx200_meshes/gripper_prop.stl
[1.909s] -- Installing: /home/inouemakoto/interbotix_ws/src/install/interbotix_xsarm_descriptions/share/interbotix_xsarm_descriptions//meshes/mobile_wx200_meshes/upper_arm.stl
[1.909s] -- Installing: /home/inouemakoto/interbotix_ws/src/install/interbotix_xsarm_descriptions/share/interbotix_xsarm_descriptions//meshes/mobile_wx200_meshes/gripper_bar.stl
[1.909s] -- Installing: /home/inouemakoto/interbotix_ws/src/install/interbotix_xsarm_descriptions/share/interbotix_xsarm_descriptions//meshes/mobile_wx200_meshes/gripper_finger.stl
[1.910s] -- Installing: /home/inouemakoto/interbotix_ws/src/install/interbotix_xsarm_descriptions/share/interbotix_xsarm_descriptions//meshes/mobile_wx200_meshes/forearm.stl
[1.910s] -- Installing: /home/inouemakoto/interbotix_ws/src/install/interbotix_xsarm_descriptions/share/interbotix_xsarm_descriptions//meshes/mobile_wx200_meshes/gripper.stl
[1.910s] -- Installing: /home/inouemakoto/interbotix_ws/src/install/interbotix_xsarm_descriptions/share/interbotix_xsarm_descriptions//meshes/mobile_wx200_meshes/base.stl
[1.912s] -- Installing: /home/inouemakoto/interbotix_ws/src/install/interbotix_xsarm_descriptions/share/interbotix_xsarm_descriptions//meshes/px100_meshes
[1.912s] -- Installing: /home/inouemakoto/interbotix_ws/src/install/interbotix_xsarm_descriptions/share/interbotix_xsarm_descriptions//meshes/px100_meshes/shoulder.stl
[1.912s] -- Installing: /home/inouemakoto/interbotix_ws/src/install/interbotix_xsarm_descriptions/share/interbotix_xsarm_descriptions//meshes/px100_meshes/gripper_prop.stl
[1.912s] -- Installing: /home/inouemakoto/interbotix_ws/src/install/interbotix_xsarm_descriptions/share/interbotix_xsarm_descriptions//meshes/px100_meshes/upper_arm.stl
[1.913s] -- Installing: /home/inouemakoto/interbotix_ws/src/install/interbotix_xsarm_descriptions/share/interbotix_xsarm_descriptions//meshes/px100_meshes/gripper_bar.stl
[1.913s] -- Installing: /home/inouemakoto/interbotix_ws/src/install/interbotix_xsarm_descriptions/share/interbotix_xsarm_descriptions//meshes/px100_meshes/gripper_finger.stl
[1.913s] -- Installing: /home/inouemakoto/interbotix_ws/src/install/interbotix_xsarm_descriptions/share/interbotix_xsarm_descriptions//meshes/px100_meshes/forearm.stl
[1.914s] -- Installing: /home/inouemakoto/interbotix_ws/src/install/interbotix_xsarm_descriptions/share/interbotix_xsarm_descriptions//meshes/px100_meshes/gripper.stl
[1.914s] -- Installing: /home/inouemakoto/interbotix_ws/src/install/interbotix_xsarm_descriptions/share/interbotix_xsarm_descriptions//meshes/px100_meshes/base.stl
[1.914s] -- Installing: /home/inouemakoto/interbotix_ws/src/install/interbotix_xsarm_descriptions/share/interbotix_xsarm_descriptions//meshes/px150_meshes
[1.915s] -- Installing: /home/inouemakoto/interbotix_ws/src/install/interbotix_xsarm_descriptions/share/interbotix_xsarm_descriptions//meshes/px150_meshes/shoulder.stl
[1.915s] -- Installing: /home/inouemakoto/interbotix_ws/src/install/interbotix_xsarm_descriptions/share/interbotix_xsarm_descriptions//meshes/px150_meshes/wrist.stl
[1.915s] -- Installing: /home/inouemakoto/interbotix_ws/src/install/interbotix_xsarm_descriptions/share/interbotix_xsarm_descriptions//meshes/px150_meshes/gripper_prop.stl
[1.916s] -- Installing: /home/inouemakoto/interbotix_ws/src/install/interbotix_xsarm_descriptions/share/interbotix_xsarm_descriptions//meshes/px150_meshes/upper_arm.stl
[1.916s] -- Installing: /home/inouemakoto/interbotix_ws/src/install/interbotix_xsarm_descriptions/share/interbotix_xsarm_descriptions//meshes/px150_meshes/gripper_bar.stl
[1.917s] -- Installing: /home/inouemakoto/interbotix_ws/src/install/interbotix_xsarm_descriptions/share/interbotix_xsarm_descriptions//meshes/px150_meshes/gripper_finger.stl
[1.917s] -- Installing: /home/inouemakoto/interbotix_ws/src/install/interbotix_xsarm_descriptions/share/interbotix_xsarm_descriptions//meshes/px150_meshes/forearm.stl
[1.917s] -- Installing: /home/inouemakoto/interbotix_ws/src/install/interbotix_xsarm_descriptions/share/interbotix_xsarm_descriptions//meshes/px150_meshes/gripper.stl
[1.917s] -- Installing: /home/inouemakoto/interbotix_ws/src/install/interbotix_xsarm_descriptions/share/interbotix_xsarm_descriptions//meshes/px150_meshes/base.stl
[1.918s] -- Installing: /home/inouemakoto/interbotix_ws/src/install/interbotix_xsarm_descriptions/share/interbotix_xsarm_descriptions//meshes/rx200_meshes
[1.918s] -- Installing: /home/inouemakoto/interbotix_ws/src/install/interbotix_xsarm_descriptions/share/interbotix_xsarm_descriptions//meshes/rx200_meshes/shoulder.stl
[1.918s] -- Installing: /home/inouemakoto/interbotix_ws/src/install/interbotix_xsarm_descriptions/share/interbotix_xsarm_descriptions//meshes/rx200_meshes/wrist.stl
[1.919s] -- Installing: /home/inouemakoto/interbotix_ws/src/install/interbotix_xsarm_descriptions/share/interbotix_xsarm_descriptions//meshes/rx200_meshes/gripper_prop.stl
[1.919s] -- Installing: /home/inouemakoto/interbotix_ws/src/install/interbotix_xsarm_descriptions/share/interbotix_xsarm_descriptions//meshes/rx200_meshes/upper_arm.stl
[1.920s] -- Installing: /home/inouemakoto/interbotix_ws/src/install/interbotix_xsarm_descriptions/share/interbotix_xsarm_descriptions//meshes/rx200_meshes/gripper_bar.stl
[1.920s] -- Installing: /home/inouemakoto/interbotix_ws/src/install/interbotix_xsarm_descriptions/share/interbotix_xsarm_descriptions//meshes/rx200_meshes/gripper_finger.stl
[1.920s] -- Installing: /home/inouemakoto/interbotix_ws/src/install/interbotix_xsarm_descriptions/share/interbotix_xsarm_descriptions//meshes/rx200_meshes/forearm.stl
[1.920s] -- Installing: /home/inouemakoto/interbotix_ws/src/install/interbotix_xsarm_descriptions/share/interbotix_xsarm_descriptions//meshes/rx200_meshes/gripper.stl
[1.921s] -- Installing: /home/inouemakoto/interbotix_ws/src/install/interbotix_xsarm_descriptions/share/interbotix_xsarm_descriptions//meshes/rx200_meshes/base.stl
[1.921s] -- Installing: /home/inouemakoto/interbotix_ws/src/install/interbotix_xsarm_descriptions/share/interbotix_xsarm_descriptions//meshes/mobile_px100_meshes
[1.921s] -- Installing: /home/inouemakoto/interbotix_ws/src/install/interbotix_xsarm_descriptions/share/interbotix_xsarm_descriptions//meshes/mobile_px100_meshes/shoulder.stl
[1.922s] -- Installing: /home/inouemakoto/interbotix_ws/src/install/interbotix_xsarm_descriptions/share/interbotix_xsarm_descriptions//meshes/mobile_px100_meshes/gripper_prop.stl
[1.922s] -- Installing: /home/inouemakoto/interbotix_ws/src/install/interbotix_xsarm_descriptions/share/interbotix_xsarm_descriptions//meshes/mobile_px100_meshes/upper_arm.stl
[1.922s] -- Installing: /home/inouemakoto/interbotix_ws/src/install/interbotix_xsarm_descriptions/share/interbotix_xsarm_descriptions//meshes/mobile_px100_meshes/gripper_bar.stl
[1.923s] -- Installing: /home/inouemakoto/interbotix_ws/src/install/interbotix_xsarm_descriptions/share/interbotix_xsarm_descriptions//meshes/mobile_px100_meshes/gripper_finger.stl
[1.923s] -- Installing: /home/inouemakoto/interbotix_ws/src/install/interbotix_xsarm_descriptions/share/interbotix_xsarm_descriptions//meshes/mobile_px100_meshes/forearm.stl
[1.923s] -- Installing: /home/inouemakoto/interbotix_ws/src/install/interbotix_xsarm_descriptions/share/interbotix_xsarm_descriptions//meshes/mobile_px100_meshes/gripper.stl
[1.924s] -- Installing: /home/inouemakoto/interbotix_ws/src/install/interbotix_xsarm_descriptions/share/interbotix_xsarm_descriptions//meshes/mobile_px100_meshes/base.stl
[1.925s] -- Installing: /home/inouemakoto/interbotix_ws/src/install/interbotix_xsarm_descriptions/share/interbotix_xsarm_descriptions//rviz
[1.925s] -- Installing: /home/inouemakoto/interbotix_ws/src/install/interbotix_xsarm_descriptions/share/interbotix_xsarm_descriptions//rviz/xsarm_description.rviz
[1.925s] -- Installing: /home/inouemakoto/interbotix_ws/src/install/interbotix_xsarm_descriptions/share/ament_index/resource_index/package_run_dependencies/interbotix_xsarm_descriptions
[1.925s] -- Installing: /home/inouemakoto/interbotix_ws/src/install/interbotix_xsarm_descriptions/share/ament_index/resource_index/parent_prefix_path/interbotix_xsarm_descriptions
[1.925s] -- Installing: /home/inouemakoto/interbotix_ws/src/install/interbotix_xsarm_descriptions/share/interbotix_xsarm_descriptions/environment/ament_prefix_path.sh
[1.926s] -- Installing: /home/inouemakoto/interbotix_ws/src/install/interbotix_xsarm_descriptions/share/interbotix_xsarm_descriptions/environment/ament_prefix_path.dsv
[1.926s] -- Installing: /home/inouemakoto/interbotix_ws/src/install/interbotix_xsarm_descriptions/share/interbotix_xsarm_descriptions/environment/path.sh
[1.926s] -- Installing: /home/inouemakoto/interbotix_ws/src/install/interbotix_xsarm_descriptions/share/interbotix_xsarm_descriptions/environment/path.dsv
[1.926s] -- Installing: /home/inouemakoto/interbotix_ws/src/install/interbotix_xsarm_descriptions/share/interbotix_xsarm_descriptions/local_setup.bash
[1.926s] -- Installing: /home/inouemakoto/interbotix_ws/src/install/interbotix_xsarm_descriptions/share/interbotix_xsarm_descriptions/local_setup.sh
[1.926s] -- Installing: /home/inouemakoto/interbotix_ws/src/install/interbotix_xsarm_descriptions/share/interbotix_xsarm_descriptions/local_setup.zsh
[1.926s] -- Installing: /home/inouemakoto/interbotix_ws/src/install/interbotix_xsarm_descriptions/share/interbotix_xsarm_descriptions/local_setup.dsv
[1.926s] -- Installing: /home/inouemakoto/interbotix_ws/src/install/interbotix_xsarm_descriptions/share/interbotix_xsarm_descriptions/package.dsv
[1.926s] -- Installing: /home/inouemakoto/interbotix_ws/src/install/interbotix_xsarm_descriptions/share/ament_index/resource_index/packages/interbotix_xsarm_descriptions
[1.926s] -- Installing: /home/inouemakoto/interbotix_ws/src/install/interbotix_xsarm_descriptions/share/interbotix_xsarm_descriptions/cmake/interbotix_xsarm_descriptionsConfig.cmake
[1.926s] -- Installing: /home/inouemakoto/interbotix_ws/src/install/interbotix_xsarm_descriptions/share/interbotix_xsarm_descriptions/cmake/interbotix_xsarm_descriptionsConfig-version.cmake
[1.927s] -- Installing: /home/inouemakoto/interbotix_ws/src/install/interbotix_xsarm_descriptions/share/interbotix_xsarm_descriptions/package.xml
[1.932s] Invoked command in '/home/inouemakoto/interbotix_ws/src/build/interbotix_xsarm_descriptions' returned '0': AMENT_PREFIX_PATH=/home/inouemakoto/interbotix_ws/src/install/interbotix_xs_modules:/home/inouemakoto/interbotix_ws/src/install/interbotix_xs_sdk:/home/inouemakoto/interbotix_ws/src/install/interbotix_xs_driver:/home/inouemakoto/interbotix_ws/src/install/interbotix_xs_msgs:/home/inouemakoto/interbotix_ws/src/install/interbotix_common_modules:/home/inouemakoto/interbotix_ws/src/install/dynamixel_workbench_toolbox:${AMENT_PREFIX_PATH} CMAKE_PREFIX_PATH=/home/inouemakoto/interbotix_ws/src/install/interbotix_xs_sdk:/home/inouemakoto/interbotix_ws/src/install/interbotix_xs_driver:/home/inouemakoto/interbotix_ws/src/install/interbotix_xs_msgs:/home/inouemakoto/interbotix_ws/src/install/dynamixel_workbench_toolbox:/home/inouemakoto/interbotix_ws/install/interbotix_ros_xsarms_examples:/home/inouemakoto/interbotix_ws/install/interbotix_xsarm_moveit_interface:/home/inouemakoto/interbotix_ws/install/interbotix_moveit_interface:/home/inouemakoto/interbotix_ws/install/moveit_visual_tools:/home/inouemakoto/interbotix_ws/install/rviz_visual_tools:/home/inouemakoto/interbotix_ws/install/interbotix_ros_xsarms:/home/inouemakoto/interbotix_ws/install/interbotix_xsarm_moveit:/home/inouemakoto/interbotix_ws/install/interbotix_xsarm_sim:/home/inouemakoto/interbotix_ws/install/interbotix_xsarm_ros_control:/home/inouemakoto/interbotix_ws/install/interbotix_xsarm_joy:/home/inouemakoto/interbotix_ws/install/interbotix_xsarm_control:/home/inouemakoto/interbotix_ws/install/interbotix_xsarm_descriptions:/home/inouemakoto/interbotix_ws/install/interbotix_xs_toolbox:/home/inouemakoto/interbotix_ws/install/interbotix_xs_rviz:/home/inouemakoto/interbotix_ws/install/interbotix_ros_xseries:/home/inouemakoto/interbotix_ws/install/interbotix_xs_sdk:/home/inouemakoto/interbotix_ws/install/interbotix_xs_ros_control:/home/inouemakoto/interbotix_ws/install/interbotix_xs_msgs:/home/inouemakoto/interbotix_ws/install/interbotix_xs_driver:/home/inouemakoto/interbotix_ws/install/interbotix_tf_tools:/home/inouemakoto/interbotix_ws/install/interbotix_moveit_interface_msgs:/home/inouemakoto/interbotix_ws/install/interbotix_common_toolbox:/home/inouemakoto/interbotix_ws/install/interbotix_common_sim:/home/inouemakoto/interbotix_ws/install/graph_msgs:/home/inouemakoto/interbotix_ws/install/dynamixel_workbench_toolbox:/home/inouemakoto/robotis_ws/install/dynamixel_sdk_examples:/home/inouemakoto/robotis_ws/install/dynamixel_sdk_custom_interfaces:/home/inouemakoto/robotis_ws/install/dynamixel_sdk:/home/inouemakoto/interbotix_ws/install/interbotix_xs_modules:/home/inouemakoto/interbotix_ws/install/interbotix_common_modules:/opt/ros/humble LD_LIBRARY_PATH=/home/inouemakoto/interbotix_ws/src/install/interbotix_xs_driver/lib:/home/inouemakoto/interbotix_ws/src/install/interbotix_xs_msgs/lib:/home/inouemakoto/interbotix_ws/src/install/dynamixel_workbench_toolbox/lib:/home/inouemakoto/interbotix_ws/install/moveit_visual_tools/lib:/home/inouemakoto/interbotix_ws/install/rviz_visual_tools/lib:/home/inouemakoto/interbotix_ws/install/interbotix_xs_rviz/lib:/home/inouemakoto/interbotix_ws/install/interbotix_xs_ros_control/lib:/home/inouemakoto/interbotix_ws/install/interbotix_xs_msgs/lib:/home/inouemakoto/interbotix_ws/install/interbotix_xs_driver/lib:/home/inouemakoto/interbotix_ws/install/interbotix_tf_tools/lib:/home/inouemakoto/interbotix_ws/install/interbotix_moveit_interface_msgs/lib:/home/inouemakoto/interbotix_ws/install/graph_msgs/lib:/home/inouemakoto/interbotix_ws/install/dynamixel_workbench_toolbox/lib:/home/inouemakoto/robotis_ws/install/dynamixel_sdk_custom_interfaces/lib:/home/inouemakoto/robotis_ws/install/dynamixel_sdk/lib:/usr/lib/x86_64-linux-gnu/gazebo-11/plugins:/opt/ros/humble/opt/rviz_ogre_vendor/lib:/opt/ros/humble/lib/x86_64-linux-gnu:/opt/ros/humble/lib:/usr/lib/x86_64-linux-gnu/gazebo-11/plugins PYTHONPATH=/home/inouemakoto/interbotix_ws/src/install/interbotix_xs_modules/lib/python3.10/site-packages:/home/inouemakoto/interbotix_ws/src/install/interbotix_xs_msgs/local/lib/python3.10/dist-packages:/home/inouemakoto/interbotix_ws/src/install/interbotix_common_modules/lib/python3.10/site-packages:${PYTHONPATH} /usr/bin/cmake --install /home/inouemakoto/interbotix_ws/src/build/interbotix_xsarm_descriptions
