[0.252s] Invoking command in '/home/inouemakoto/interbotix_ws/src/build/moveit_visual_tools': CMAKE_PREFIX_PATH=${CMAKE_PREFIX_PATH}:/home/inouemakoto/interbotix_ws/install/interbotix_xs_modules:/home/inouemakoto/interbotix_ws/install/interbotix_common_modules:/opt/ros/humble /usr/bin/cmake --build /home/inouemakoto/interbotix_ws/src/build/moveit_visual_tools -- -j20 -l20
[0.321s] [ 66%] Built target moveit_visual_tools
[0.352s] [100%] Built target moveit_visual_tools_demo
[0.361s] Invoked command in '/home/inouemakoto/interbotix_ws/src/build/moveit_visual_tools' returned '0': CMAKE_PREFIX_PATH=${CMAKE_PREFIX_PATH}:/home/inouemakoto/interbotix_ws/install/interbotix_xs_modules:/home/inouemakoto/interbotix_ws/install/interbotix_common_modules:/opt/ros/humble /usr/bin/cmake --build /home/inouemakoto/interbotix_ws/src/build/moveit_visual_tools -- -j20 -l20
[0.405s] Invoking command in '/home/inouemakoto/interbotix_ws/src/build/moveit_visual_tools': CMAKE_PREFIX_PATH=${CMAKE_PREFIX_PATH}:/home/inouemakoto/interbotix_ws/install/interbotix_xs_modules:/home/inouemakoto/interbotix_ws/install/interbotix_common_modules:/opt/ros/humble /usr/bin/cmake --install /home/inouemakoto/interbotix_ws/src/build/moveit_visual_tools
[0.413s] -- Install configuration: "Release"
[0.413s] -- Up-to-date: /home/inouemakoto/interbotix_ws/src/install/moveit_visual_tools/share/moveit_visual_tools/environment/library_path.sh
[0.413s] -- Up-to-date: /home/inouemakoto/interbotix_ws/src/install/moveit_visual_tools/share/moveit_visual_tools/environment/library_path.dsv
[0.413s] -- Up-to-date: /home/inouemakoto/interbotix_ws/src/install/moveit_visual_tools/lib/libmoveit_visual_tools.so
[0.413s] -- Up-to-date: /home/inouemakoto/interbotix_ws/src/install/moveit_visual_tools/lib/moveit_visual_tools/moveit_visual_tools_demo
[0.413s] -- Up-to-date: /home/inouemakoto/interbotix_ws/src/install/moveit_visual_tools/include
[0.413s] -- Up-to-date: /home/inouemakoto/interbotix_ws/src/install/moveit_visual_tools/include/moveit_visual_tools
[0.413s] -- Up-to-date: /home/inouemakoto/interbotix_ws/src/install/moveit_visual_tools/include/moveit_visual_tools/imarker_end_effector.h
[0.413s] -- Up-to-date: /home/inouemakoto/interbotix_ws/src/install/moveit_visual_tools/include/moveit_visual_tools/moveit_visual_tools.h
[0.413s] -- Up-to-date: /home/inouemakoto/interbotix_ws/src/install/moveit_visual_tools/include/moveit_visual_tools/imarker_robot_state.h
[0.414s] -- Up-to-date: /home/inouemakoto/interbotix_ws/src/install/moveit_visual_tools/share/moveit_visual_tools/launch
[0.414s] -- Up-to-date: /home/inouemakoto/interbotix_ws/src/install/moveit_visual_tools/share/moveit_visual_tools/launch/demo.rviz
[0.414s] -- Up-to-date: /home/inouemakoto/interbotix_ws/src/install/moveit_visual_tools/share/moveit_visual_tools/launch/demo_rviz.launch.py
[0.414s] -- Up-to-date: /home/inouemakoto/interbotix_ws/src/install/moveit_visual_tools/share/moveit_visual_tools/resources
[0.414s] -- Up-to-date: /home/inouemakoto/interbotix_ws/src/install/moveit_visual_tools/share/moveit_visual_tools/resources/rrbot.urdf
[0.414s] -- Up-to-date: /home/inouemakoto/interbotix_ws/src/install/moveit_visual_tools/share/moveit_visual_tools/resources/screenshot.png
[0.414s] -- Up-to-date: /home/inouemakoto/interbotix_ws/src/install/moveit_visual_tools/share/moveit_visual_tools/resources/demo.png
[0.414s] -- Up-to-date: /home/inouemakoto/interbotix_ws/src/install/moveit_visual_tools/share/moveit_visual_tools/resources/rrbot.srdf
[0.414s] -- Up-to-date: /home/inouemakoto/interbotix_ws/src/install/moveit_visual_tools/share/moveit_visual_tools/resources/demo_mesh.stl
[0.414s] -- Up-to-date: /home/inouemakoto/interbotix_ws/src/install/moveit_visual_tools/share/ament_index/resource_index/package_run_dependencies/moveit_visual_tools
[0.414s] -- Up-to-date: /home/inouemakoto/interbotix_ws/src/install/moveit_visual_tools/share/ament_index/resource_index/parent_prefix_path/moveit_visual_tools
[0.414s] -- Up-to-date: /home/inouemakoto/interbotix_ws/src/install/moveit_visual_tools/share/moveit_visual_tools/environment/ament_prefix_path.sh
[0.414s] -- Up-to-date: /home/inouemakoto/interbotix_ws/src/install/moveit_visual_tools/share/moveit_visual_tools/environment/ament_prefix_path.dsv
[0.414s] -- Up-to-date: /home/inouemakoto/interbotix_ws/src/install/moveit_visual_tools/share/moveit_visual_tools/environment/path.sh
[0.414s] -- Up-to-date: /home/inouemakoto/interbotix_ws/src/install/moveit_visual_tools/share/moveit_visual_tools/environment/path.dsv
[0.415s] -- Up-to-date: /home/inouemakoto/interbotix_ws/src/install/moveit_visual_tools/share/moveit_visual_tools/local_setup.bash
[0.415s] -- Up-to-date: /home/inouemakoto/interbotix_ws/src/install/moveit_visual_tools/share/moveit_visual_tools/local_setup.sh
[0.415s] -- Up-to-date: /home/inouemakoto/interbotix_ws/src/install/moveit_visual_tools/share/moveit_visual_tools/local_setup.zsh
[0.415s] -- Up-to-date: /home/inouemakoto/interbotix_ws/src/install/moveit_visual_tools/share/moveit_visual_tools/local_setup.dsv
[0.415s] -- Installing: /home/inouemakoto/interbotix_ws/src/install/moveit_visual_tools/share/moveit_visual_tools/package.dsv
[0.416s] -- Up-to-date: /home/inouemakoto/interbotix_ws/src/install/moveit_visual_tools/share/ament_index/resource_index/packages/moveit_visual_tools
[0.416s] -- Up-to-date: /home/inouemakoto/interbotix_ws/src/install/moveit_visual_tools/share/moveit_visual_tools/cmake/export_moveit_visual_toolsExport.cmake
[0.417s] -- Up-to-date: /home/inouemakoto/interbotix_ws/src/install/moveit_visual_tools/share/moveit_visual_tools/cmake/export_moveit_visual_toolsExport-release.cmake
[0.417s] -- Up-to-date: /home/inouemakoto/interbotix_ws/src/install/moveit_visual_tools/share/moveit_visual_tools/cmake/ament_cmake_export_targets-extras.cmake
[0.417s] -- Up-to-date: /home/inouemakoto/interbotix_ws/src/install/moveit_visual_tools/share/moveit_visual_tools/cmake/ament_cmake_export_dependencies-extras.cmake
[0.417s] -- Up-to-date: /home/inouemakoto/interbotix_ws/src/install/moveit_visual_tools/share/moveit_visual_tools/cmake/moveit_visual_toolsConfig.cmake
[0.417s] -- Up-to-date: /home/inouemakoto/interbotix_ws/src/install/moveit_visual_tools/share/moveit_visual_tools/cmake/moveit_visual_toolsConfig-version.cmake
[0.417s] -- Up-to-date: /home/inouemakoto/interbotix_ws/src/install/moveit_visual_tools/share/moveit_visual_tools/package.xml
[0.428s] Invoked command in '/home/inouemakoto/interbotix_ws/src/build/moveit_visual_tools' returned '0': CMAKE_PREFIX_PATH=${CMAKE_PREFIX_PATH}:/home/inouemakoto/interbotix_ws/install/interbotix_xs_modules:/home/inouemakoto/interbotix_ws/install/interbotix_common_modules:/opt/ros/humble /usr/bin/cmake --install /home/inouemakoto/interbotix_ws/src/build/moveit_visual_tools
