[0.416s] Invoking command in '/home/inouemakoto/interbotix_ws/src/build/interbotix_tf_tools': CMAKE_PREFIX_PATH=${CMAKE_PREFIX_PATH}:/home/inouemakoto/interbotix_ws/install/interbotix_xs_modules:/home/inouemakoto/interbotix_ws/install/interbotix_common_modules:/home/inouemakoto/ws_moveit2/install/moveit_configs_utils:/home/inouemakoto/ws_moveit2/install/launch_param_builder:/opt/ros/humble /usr/bin/cmake --build /home/inouemakoto/interbotix_ws/src/build/interbotix_tf_tools -- -j20 -l20
[0.506s] [ 50%] [32m[1mLinking CXX shared library libtf_rebroadcaster.so[0m
[1.669s] [100%] Built target tf_rebroadcaster
[1.682s] Invoked command in '/home/inouemakoto/interbotix_ws/src/build/interbotix_tf_tools' returned '0': CMAKE_PREFIX_PATH=${CMAKE_PREFIX_PATH}:/home/inouemakoto/interbotix_ws/install/interbotix_xs_modules:/home/inouemakoto/interbotix_ws/install/interbotix_common_modules:/home/inouemakoto/ws_moveit2/install/moveit_configs_utils:/home/inouemakoto/ws_moveit2/install/launch_param_builder:/opt/ros/humble /usr/bin/cmake --build /home/inouemakoto/interbotix_ws/src/build/interbotix_tf_tools -- -j20 -l20
[1.720s] Invoking command in '/home/inouemakoto/interbotix_ws/src/build/interbotix_tf_tools': CMAKE_PREFIX_PATH=${CMAKE_PREFIX_PATH}:/home/inouemakoto/interbotix_ws/install/interbotix_xs_modules:/home/inouemakoto/interbotix_ws/install/interbotix_common_modules:/home/inouemakoto/ws_moveit2/install/moveit_configs_utils:/home/inouemakoto/ws_moveit2/install/launch_param_builder:/opt/ros/humble /usr/bin/cmake --install /home/inouemakoto/interbotix_ws/src/build/interbotix_tf_tools
[1.730s] -- Install configuration: ""
[1.731s] -- Installing: /home/inouemakoto/interbotix_ws/src/install/interbotix_tf_tools/lib/libtf_rebroadcaster.so
[1.755s] -- Set runtime path of "/home/inouemakoto/interbotix_ws/src/install/interbotix_tf_tools/lib/libtf_rebroadcaster.so" to ""
[1.755s] -- Up-to-date: /home/inouemakoto/interbotix_ws/src/install/interbotix_tf_tools/lib/interbotix_tf_tools/static_trans_pub.py
[1.755s] -- Up-to-date: /home/inouemakoto/interbotix_ws/src/install/interbotix_tf_tools/share/interbotix_tf_tools//config
[1.755s] -- Up-to-date: /home/inouemakoto/interbotix_ws/src/install/interbotix_tf_tools/share/interbotix_tf_tools//config/tf_rebroadcaster.yaml
[1.756s] -- Up-to-date: /home/inouemakoto/interbotix_ws/src/install/interbotix_tf_tools/share/interbotix_tf_tools//launch
[1.756s] -- Up-to-date: /home/inouemakoto/interbotix_ws/src/install/interbotix_tf_tools/share/interbotix_tf_tools//launch/static_transform_pub.launch.py
[1.756s] -- Up-to-date: /home/inouemakoto/interbotix_ws/src/install/interbotix_tf_tools/share/interbotix_tf_tools//launch/tf_rebroadcaster.launch.py
[1.756s] -- Up-to-date: /home/inouemakoto/interbotix_ws/src/install/interbotix_tf_tools/share/ament_index/resource_index/package_run_dependencies/interbotix_tf_tools
[1.756s] -- Up-to-date: /home/inouemakoto/interbotix_ws/src/install/interbotix_tf_tools/share/ament_index/resource_index/parent_prefix_path/interbotix_tf_tools
[1.756s] -- Up-to-date: /home/inouemakoto/interbotix_ws/src/install/interbotix_tf_tools/share/interbotix_tf_tools/environment/ament_prefix_path.sh
[1.756s] -- Up-to-date: /home/inouemakoto/interbotix_ws/src/install/interbotix_tf_tools/share/interbotix_tf_tools/environment/ament_prefix_path.dsv
[1.757s] -- Up-to-date: /home/inouemakoto/interbotix_ws/src/install/interbotix_tf_tools/share/interbotix_tf_tools/environment/path.sh
[1.757s] -- Up-to-date: /home/inouemakoto/interbotix_ws/src/install/interbotix_tf_tools/share/interbotix_tf_tools/environment/path.dsv
[1.757s] -- Up-to-date: /home/inouemakoto/interbotix_ws/src/install/interbotix_tf_tools/share/interbotix_tf_tools/local_setup.bash
[1.757s] -- Up-to-date: /home/inouemakoto/interbotix_ws/src/install/interbotix_tf_tools/share/interbotix_tf_tools/local_setup.sh
[1.757s] -- Up-to-date: /home/inouemakoto/interbotix_ws/src/install/interbotix_tf_tools/share/interbotix_tf_tools/local_setup.zsh
[1.757s] -- Up-to-date: /home/inouemakoto/interbotix_ws/src/install/interbotix_tf_tools/share/interbotix_tf_tools/local_setup.dsv
[1.757s] -- Installing: /home/inouemakoto/interbotix_ws/src/install/interbotix_tf_tools/share/interbotix_tf_tools/package.dsv
[1.757s] -- Up-to-date: /home/inouemakoto/interbotix_ws/src/install/interbotix_tf_tools/share/ament_index/resource_index/packages/interbotix_tf_tools
[1.757s] -- Up-to-date: /home/inouemakoto/interbotix_ws/src/install/interbotix_tf_tools/share/ament_index/resource_index/rclcpp_components/interbotix_tf_tools
[1.757s] -- Up-to-date: /home/inouemakoto/interbotix_ws/src/install/interbotix_tf_tools/share/interbotix_tf_tools/cmake/interbotix_tf_toolsConfig.cmake
[1.757s] -- Up-to-date: /home/inouemakoto/interbotix_ws/src/install/interbotix_tf_tools/share/interbotix_tf_tools/cmake/interbotix_tf_toolsConfig-version.cmake
[1.757s] -- Up-to-date: /home/inouemakoto/interbotix_ws/src/install/interbotix_tf_tools/share/interbotix_tf_tools/package.xml
[1.764s] Invoked command in '/home/inouemakoto/interbotix_ws/src/build/interbotix_tf_tools' returned '0': CMAKE_PREFIX_PATH=${CMAKE_PREFIX_PATH}:/home/inouemakoto/interbotix_ws/install/interbotix_xs_modules:/home/inouemakoto/interbotix_ws/install/interbotix_common_modules:/home/inouemakoto/ws_moveit2/install/moveit_configs_utils:/home/inouemakoto/ws_moveit2/install/launch_param_builder:/opt/ros/humble /usr/bin/cmake --install /home/inouemakoto/interbotix_ws/src/build/interbotix_tf_tools
