[0.415s] Invoking command in '/home/inouemakoto/interbotix_ws/src/build/interbotix_tf_tools': CMAKE_PREFIX_PATH=${CMAKE_PREFIX_PATH}:/home/inouemakoto/interbotix_ws/install/moveit_service:/home/inouemakoto/interbotix_ws/install/interbotix_xs_modules:/home/inouemakoto/interbotix_ws/install/interbotix_common_modules:/home/inouemakoto/ws_moveit2/install/moveit_configs_utils:/home/inouemakoto/ws_moveit2/install/launch_param_builder:/home/inouemakoto/install/moveit_service:/home/inouemakoto/install/interbotix_xs_modules:/home/inouemakoto/install/interbotix_common_modules:/opt/ros/humble /usr/bin/cmake --build /home/inouemakoto/interbotix_ws/src/build/interbotix_tf_tools -- -j20 -l20
[0.804s] -- Found ament_cmake: 1.3.5 (/opt/ros/humble/share/ament_cmake/cmake)
[0.804s] -- Found Python3: /usr/bin/python3.10 (found version "3.10.12") found components: Interpreter 
[0.804s] -- Found geometry_msgs: 4.2.3 (/opt/ros/humble/share/geometry_msgs/cmake)
[0.804s] -- Found rosidl_generator_c: 3.1.5 (/opt/ros/humble/share/rosidl_generator_c/cmake)
[0.805s] -- Found rosidl_adapter: 3.1.5 (/opt/ros/humble/share/rosidl_adapter/cmake)
[0.805s] -- Found rosidl_generator_cpp: 3.1.5 (/opt/ros/humble/share/rosidl_generator_cpp/cmake)
[0.805s] -- Using all available rosidl_typesupport_c: rosidl_typesupport_fastrtps_c;rosidl_typesupport_introspection_c
[0.805s] -- Using all available rosidl_typesupport_cpp: rosidl_typesupport_fastrtps_cpp;rosidl_typesupport_introspection_cpp
[0.888s] -- Found rclcpp: 16.0.5 (/opt/ros/humble/share/rclcpp/cmake)
[0.944s] -- Found rmw_implementation_cmake: 6.1.1 (/opt/ros/humble/share/rmw_implementation_cmake/cmake)
[0.953s] -- Found rmw_fastrtps_cpp: 6.2.3 (/opt/ros/humble/share/rmw_fastrtps_cpp/cmake)
[1.124s] -- Using RMW implementation 'rmw_fastrtps_cpp' as default
[1.274s] -- Found rclcpp_components: 16.0.5 (/opt/ros/humble/share/rclcpp_components/cmake)
[1.359s] -- Found tf2_msgs: 0.25.3 (/opt/ros/humble/share/tf2_msgs/cmake)
[1.542s] -- Found tf2_ros: 0.25.3 (/opt/ros/humble/share/tf2_ros/cmake)
[1.672s] -- Found ament_lint_auto: 0.12.7 (/opt/ros/humble/share/ament_lint_auto/cmake)
[1.789s] -- Added test 'copyright' to check source files copyright and LICENSE
[1.789s] -- Added test 'cppcheck' to perform static code analysis on C / C++ code
[1.789s] -- Configured cppcheck include dirs: /home/inouemakoto/interbotix_ws/src/interbotix_ros_toolboxes/interbotix_common_toolbox/interbotix_tf_tools/include
[1.789s] -- Configured cppcheck exclude dirs and/or files: 
[1.790s] -- Added test 'cpplint' to check C / C++ code against the Google style
[1.790s] -- Configured cpplint exclude dirs and/or files: 
[1.790s] -- Added test 'flake8' to check Python code syntax and style conventions
[1.793s] -- Added test 'lint_cmake' to check CMake code style
[1.793s] -- Added test 'pep257' to check Python code against some of the docstring style conventions in PEP 257
[1.793s] -- Added test 'uncrustify' to check C / C++ code style
[1.794s] -- Configured uncrustify additional arguments: 
[1.794s] -- Added test 'xmllint' to check XML markup files
[1.795s] -- Configuring done
[1.807s] -- Generating done
[1.809s] -- Build files have been written to: /home/inouemakoto/interbotix_ws/src/build/interbotix_tf_tools
[1.848s] [35m[1mConsolidate compiler generated dependencies of target tf_rebroadcaster[0m
[1.870s] [ 50%] [32mBuilding CXX object CMakeFiles/tf_rebroadcaster.dir/src/tf_rebroadcaster.cpp.o[0m
[15.627s] [100%] [32m[1mLinking CXX shared library libtf_rebroadcaster.so[0m
[16.275s] [100%] Built target tf_rebroadcaster
[16.294s] Invoked command in '/home/inouemakoto/interbotix_ws/src/build/interbotix_tf_tools' returned '0': CMAKE_PREFIX_PATH=${CMAKE_PREFIX_PATH}:/home/inouemakoto/interbotix_ws/install/moveit_service:/home/inouemakoto/interbotix_ws/install/interbotix_xs_modules:/home/inouemakoto/interbotix_ws/install/interbotix_common_modules:/home/inouemakoto/ws_moveit2/install/moveit_configs_utils:/home/inouemakoto/ws_moveit2/install/launch_param_builder:/home/inouemakoto/install/moveit_service:/home/inouemakoto/install/interbotix_xs_modules:/home/inouemakoto/install/interbotix_common_modules:/opt/ros/humble /usr/bin/cmake --build /home/inouemakoto/interbotix_ws/src/build/interbotix_tf_tools -- -j20 -l20
[16.349s] Invoking command in '/home/inouemakoto/interbotix_ws/src/build/interbotix_tf_tools': CMAKE_PREFIX_PATH=${CMAKE_PREFIX_PATH}:/home/inouemakoto/interbotix_ws/install/moveit_service:/home/inouemakoto/interbotix_ws/install/interbotix_xs_modules:/home/inouemakoto/interbotix_ws/install/interbotix_common_modules:/home/inouemakoto/ws_moveit2/install/moveit_configs_utils:/home/inouemakoto/ws_moveit2/install/launch_param_builder:/home/inouemakoto/install/moveit_service:/home/inouemakoto/install/interbotix_xs_modules:/home/inouemakoto/install/interbotix_common_modules:/opt/ros/humble /usr/bin/cmake --install /home/inouemakoto/interbotix_ws/src/build/interbotix_tf_tools
[16.365s] -- Install configuration: ""
[16.365s] -- Installing: /home/inouemakoto/interbotix_ws/src/install/interbotix_tf_tools/lib/libtf_rebroadcaster.so
[16.374s] -- Set runtime path of "/home/inouemakoto/interbotix_ws/src/install/interbotix_tf_tools/lib/libtf_rebroadcaster.so" to ""
[16.375s] -- Up-to-date: /home/inouemakoto/interbotix_ws/src/install/interbotix_tf_tools/lib/interbotix_tf_tools/static_trans_pub.py
[16.375s] -- Up-to-date: /home/inouemakoto/interbotix_ws/src/install/interbotix_tf_tools/share/interbotix_tf_tools//config
[16.375s] -- Up-to-date: /home/inouemakoto/interbotix_ws/src/install/interbotix_tf_tools/share/interbotix_tf_tools//config/tf_rebroadcaster.yaml
[16.375s] -- Up-to-date: /home/inouemakoto/interbotix_ws/src/install/interbotix_tf_tools/share/interbotix_tf_tools//launch
[16.378s] -- Up-to-date: /home/inouemakoto/interbotix_ws/src/install/interbotix_tf_tools/share/interbotix_tf_tools//launch/static_transform_pub.launch.py
[16.378s] -- Up-to-date: /home/inouemakoto/interbotix_ws/src/install/interbotix_tf_tools/share/interbotix_tf_tools//launch/tf_rebroadcaster.launch.py
[16.378s] -- Up-to-date: /home/inouemakoto/interbotix_ws/src/install/interbotix_tf_tools/share/ament_index/resource_index/package_run_dependencies/interbotix_tf_tools
[16.378s] -- Installing: /home/inouemakoto/interbotix_ws/src/install/interbotix_tf_tools/share/ament_index/resource_index/parent_prefix_path/interbotix_tf_tools
[16.378s] -- Installing: /home/inouemakoto/interbotix_ws/src/install/interbotix_tf_tools/share/interbotix_tf_tools/environment/ament_prefix_path.sh
[16.378s] -- Installing: /home/inouemakoto/interbotix_ws/src/install/interbotix_tf_tools/share/interbotix_tf_tools/environment/ament_prefix_path.dsv
[16.379s] -- Installing: /home/inouemakoto/interbotix_ws/src/install/interbotix_tf_tools/share/interbotix_tf_tools/environment/path.sh
[16.379s] -- Installing: /home/inouemakoto/interbotix_ws/src/install/interbotix_tf_tools/share/interbotix_tf_tools/environment/path.dsv
[16.379s] -- Up-to-date: /home/inouemakoto/interbotix_ws/src/install/interbotix_tf_tools/share/interbotix_tf_tools/local_setup.bash
[16.379s] -- Up-to-date: /home/inouemakoto/interbotix_ws/src/install/interbotix_tf_tools/share/interbotix_tf_tools/local_setup.sh
[16.379s] -- Up-to-date: /home/inouemakoto/interbotix_ws/src/install/interbotix_tf_tools/share/interbotix_tf_tools/local_setup.zsh
[16.379s] -- Installing: /home/inouemakoto/interbotix_ws/src/install/interbotix_tf_tools/share/interbotix_tf_tools/local_setup.dsv
[16.379s] -- Installing: /home/inouemakoto/interbotix_ws/src/install/interbotix_tf_tools/share/interbotix_tf_tools/package.dsv
[16.379s] -- Up-to-date: /home/inouemakoto/interbotix_ws/src/install/interbotix_tf_tools/share/ament_index/resource_index/packages/interbotix_tf_tools
[16.380s] -- Up-to-date: /home/inouemakoto/interbotix_ws/src/install/interbotix_tf_tools/share/ament_index/resource_index/rclcpp_components/interbotix_tf_tools
[16.380s] -- Up-to-date: /home/inouemakoto/interbotix_ws/src/install/interbotix_tf_tools/share/interbotix_tf_tools/cmake/interbotix_tf_toolsConfig.cmake
[16.380s] -- Up-to-date: /home/inouemakoto/interbotix_ws/src/install/interbotix_tf_tools/share/interbotix_tf_tools/cmake/interbotix_tf_toolsConfig-version.cmake
[16.380s] -- Up-to-date: /home/inouemakoto/interbotix_ws/src/install/interbotix_tf_tools/share/interbotix_tf_tools/package.xml
[16.386s] Invoked command in '/home/inouemakoto/interbotix_ws/src/build/interbotix_tf_tools' returned '0': CMAKE_PREFIX_PATH=${CMAKE_PREFIX_PATH}:/home/inouemakoto/interbotix_ws/install/moveit_service:/home/inouemakoto/interbotix_ws/install/interbotix_xs_modules:/home/inouemakoto/interbotix_ws/install/interbotix_common_modules:/home/inouemakoto/ws_moveit2/install/moveit_configs_utils:/home/inouemakoto/ws_moveit2/install/launch_param_builder:/home/inouemakoto/install/moveit_service:/home/inouemakoto/install/interbotix_xs_modules:/home/inouemakoto/install/interbotix_common_modules:/opt/ros/humble /usr/bin/cmake --install /home/inouemakoto/interbotix_ws/src/build/interbotix_tf_tools
