[4.393s] Invoking command in '/home/inouemakoto/interbotix_ws/src/camera': PYTHONPATH=/home/inouemakoto/interbotix_ws/build/camera/prefix_override:/home/inouemakoto/interbotix_ws/install/camera/lib/python3.10/site-packages:${PYTHONPATH} /usr/bin/python3 setup.py egg_info --egg-base ../../build/camera build --build-base /home/inouemakoto/interbotix_ws/build/camera/build install --record /home/inouemakoto/interbotix_ws/build/camera/install.log --single-version-externally-managed
[4.673s] running egg_info
[4.673s] writing ../../build/camera/camera.egg-info/PKG-INFO
[4.673s] writing dependency_links to ../../build/camera/camera.egg-info/dependency_links.txt
[4.674s] writing entry points to ../../build/camera/camera.egg-info/entry_points.txt
[4.674s] writing requirements to ../../build/camera/camera.egg-info/requires.txt
[4.674s] writing top-level names to ../../build/camera/camera.egg-info/top_level.txt
[4.676s] reading manifest file '../../build/camera/camera.egg-info/SOURCES.txt'
[4.676s] writing manifest file '../../build/camera/camera.egg-info/SOURCES.txt'
[4.676s] running build
[4.676s] running build_py
[4.676s] running install
[4.677s] running install_lib
[4.678s] running install_data
[4.679s] running install_egg_info
[4.680s] removing '/home/inouemakoto/interbotix_ws/install/camera/lib/python3.10/site-packages/camera-0.0.0-py3.10.egg-info' (and everything under it)
[4.680s] Copying ../../build/camera/camera.egg-info to /home/inouemakoto/interbotix_ws/install/camera/lib/python3.10/site-packages/camera-0.0.0-py3.10.egg-info
[4.681s] running install_scripts
[4.703s] Installing camera_imu script to /home/inouemakoto/interbotix_ws/install/camera/lib/camera
[4.703s] writing list of installed files to '/home/inouemakoto/interbotix_ws/build/camera/install.log'
[5.619s] Invoked command in '/home/inouemakoto/interbotix_ws/src/camera' returned '0': PYTHONPATH=/home/inouemakoto/interbotix_ws/build/camera/prefix_override:/home/inouemakoto/interbotix_ws/install/camera/lib/python3.10/site-packages:${PYTHONPATH} /usr/bin/python3 setup.py egg_info --egg-base ../../build/camera build --build-base /home/inouemakoto/interbotix_ws/build/camera/build install --record /home/inouemakoto/interbotix_ws/build/camera/install.log --single-version-externally-managed
