[0.014s] Invoking command in '/home/inouemakoto/interbotix_ws/build/interbotix_xsarm_descriptions': AMENT_PREFIX_PATH=/home/inouemakoto/interbotix_ws/install/interbotix_xs_modules:/home/inouemakoto/interbotix_ws/install/interbotix_xs_sdk:/home/inouemakoto/interbotix_ws/install/interbotix_xs_driver:/home/inouemakoto/interbotix_ws/install/interbotix_xs_msgs:/home/inouemakoto/interbotix_ws/install/interbotix_common_modules:/home/inouemakoto/interbotix_ws/install/dynamixel_workbench_toolbox:${AMENT_PREFIX_PATH} CMAKE_PREFIX_PATH=/home/inouemakoto/interbotix_ws/install/interbotix_xs_sdk:/home/inouemakoto/interbotix_ws/install/interbotix_xs_driver:/home/inouemakoto/interbotix_ws/install/interbotix_xs_msgs:/home/inouemakoto/interbotix_ws/install/dynamixel_workbench_toolbox:/home/inouemakoto/robotis_ws/install/dynamixel_sdk_examples:/home/inouemakoto/robotis_ws/install/dynamixel_sdk_custom_interfaces:/home/inouemakoto/robotis_ws/install/dynamixel_sdk:/opt/ros/humble LD_LIBRARY_PATH=/home/inouemakoto/interbotix_ws/install/interbotix_xs_driver/lib:/home/inouemakoto/interbotix_ws/install/interbotix_xs_msgs/lib:/home/inouemakoto/interbotix_ws/install/dynamixel_workbench_toolbox/lib:${LD_LIBRARY_PATH} PYTHONPATH=/home/inouemakoto/interbotix_ws/install/interbotix_xs_modules/lib/python3.10/site-packages:/home/inouemakoto/interbotix_ws/install/interbotix_xs_msgs/local/lib/python3.10/dist-packages:/home/inouemakoto/interbotix_ws/install/interbotix_common_modules/lib/python3.10/site-packages:${PYTHONPATH} /usr/bin/cmake /home/inouemakoto/interbotix_ws/src/interbotix_ros_manipulators/interbotix_ros_xsarms/interbotix_xsarm_descriptions -DCMAKE_INSTALL_PREFIX=/home/inouemakoto/interbotix_ws/install/interbotix_xsarm_descriptions
[0.055s] -- The C compiler identification is GNU 11.3.0
[0.100s] -- The CXX compiler identification is GNU 11.3.0
[0.105s] -- Detecting C compiler ABI info
[0.158s] -- Detecting C compiler ABI info - done
[0.165s] -- Check for working C compiler: /usr/bin/cc - skipped
[0.165s] -- Detecting C compile features
[0.165s] -- Detecting C compile features - done
[0.168s] -- Detecting CXX compiler ABI info
[0.229s] -- Detecting CXX compiler ABI info - done
[0.237s] -- Check for working CXX compiler: /usr/bin/c++ - skipped
[0.237s] -- Detecting CXX compile features
[0.237s] -- Detecting CXX compile features - done
[0.239s] -- Found ament_cmake: 1.3.4 (/opt/ros/humble/share/ament_cmake/cmake)
[0.397s] -- Found Python3: /usr/bin/python3.10 (found version "3.10.6") found components: Interpreter 
[0.493s] -- Found robot_state_publisher: 3.0.2 (/opt/ros/humble/share/robot_state_publisher/cmake)
[0.530s] -- Found rosidl_generator_c: 3.1.4 (/opt/ros/humble/share/rosidl_generator_c/cmake)
[0.535s] -- Found rosidl_adapter: 3.1.4 (/opt/ros/humble/share/rosidl_adapter/cmake)
[0.543s] -- Found rosidl_generator_cpp: 3.1.4 (/opt/ros/humble/share/rosidl_generator_cpp/cmake)
[0.557s] -- Using all available rosidl_typesupport_c: rosidl_typesupport_fastrtps_c;rosidl_typesupport_introspection_c
[0.576s] -- Using all available rosidl_typesupport_cpp: rosidl_typesupport_fastrtps_cpp;rosidl_typesupport_introspection_cpp
[0.714s] -- Found eigen3_cmake_module: 0.1.1 (/opt/ros/humble/share/eigen3_cmake_module/cmake)
[0.715s] -- Found Eigen3: TRUE (found version "3.4.0") 
[0.715s] -- Ensuring Eigen3 include directory is part of orocos-kdl CMake target
[0.782s] -- Found rmw_implementation_cmake: 6.1.1 (/opt/ros/humble/share/rmw_implementation_cmake/cmake)
[0.785s] -- Found rmw_fastrtps_cpp: 6.2.2 (/opt/ros/humble/share/rmw_fastrtps_cpp/cmake)
[0.868s] -- Found OpenSSL: /usr/lib/x86_64-linux-gnu/libcrypto.so (found version "3.0.2")  
[0.895s] -- Found FastRTPS: /opt/ros/humble/include  
[0.942s] -- Using RMW implementation 'rmw_fastrtps_cpp' as default
[0.951s] -- Looking for pthread.h
[1.009s] -- Looking for pthread.h - found
[1.010s] -- Performing Test CMAKE_HAVE_LIBC_PTHREAD
[1.069s] -- Performing Test CMAKE_HAVE_LIBC_PTHREAD - Success
[1.069s] -- Found Threads: TRUE  
[1.685s] -- Found rviz2: 11.2.5 (/opt/ros/humble/share/rviz2/cmake)
[1.686s] -- Found xacro: 2.0.8 (/opt/ros/humble/share/xacro/cmake)
[1.688s] -- Found ament_lint_auto: 0.12.6 (/opt/ros/humble/share/ament_lint_auto/cmake)
[1.766s] -- Added test 'copyright' to check source files copyright and LICENSE
[1.773s] -- Added test 'flake8' to check Python code syntax and style conventions
[1.774s] -- Added test 'lint_cmake' to check CMake code style
[1.775s] -- Added test 'pep257' to check Python code against some of the docstring style conventions in PEP 257
[1.779s] -- Added test 'xmllint' to check XML markup files
[1.780s] -- Configuring done
[1.785s] -- Generating done
[1.786s] -- Build files have been written to: /home/inouemakoto/interbotix_ws/build/interbotix_xsarm_descriptions
[1.798s] Invoked command in '/home/inouemakoto/interbotix_ws/build/interbotix_xsarm_descriptions' returned '0': AMENT_PREFIX_PATH=/home/inouemakoto/interbotix_ws/install/interbotix_xs_modules:/home/inouemakoto/interbotix_ws/install/interbotix_xs_sdk:/home/inouemakoto/interbotix_ws/install/interbotix_xs_driver:/home/inouemakoto/interbotix_ws/install/interbotix_xs_msgs:/home/inouemakoto/interbotix_ws/install/interbotix_common_modules:/home/inouemakoto/interbotix_ws/install/dynamixel_workbench_toolbox:${AMENT_PREFIX_PATH} CMAKE_PREFIX_PATH=/home/inouemakoto/interbotix_ws/install/interbotix_xs_sdk:/home/inouemakoto/interbotix_ws/install/interbotix_xs_driver:/home/inouemakoto/interbotix_ws/install/interbotix_xs_msgs:/home/inouemakoto/interbotix_ws/install/dynamixel_workbench_toolbox:/home/inouemakoto/robotis_ws/install/dynamixel_sdk_examples:/home/inouemakoto/robotis_ws/install/dynamixel_sdk_custom_interfaces:/home/inouemakoto/robotis_ws/install/dynamixel_sdk:/opt/ros/humble LD_LIBRARY_PATH=/home/inouemakoto/interbotix_ws/install/interbotix_xs_driver/lib:/home/inouemakoto/interbotix_ws/install/interbotix_xs_msgs/lib:/home/inouemakoto/interbotix_ws/install/dynamixel_workbench_toolbox/lib:${LD_LIBRARY_PATH} PYTHONPATH=/home/inouemakoto/interbotix_ws/install/interbotix_xs_modules/lib/python3.10/site-packages:/home/inouemakoto/interbotix_ws/install/interbotix_xs_msgs/local/lib/python3.10/dist-packages:/home/inouemakoto/interbotix_ws/install/interbotix_common_modules/lib/python3.10/site-packages:${PYTHONPATH} /usr/bin/cmake /home/inouemakoto/interbotix_ws/src/interbotix_ros_manipulators/interbotix_ros_xsarms/interbotix_xsarm_descriptions -DCMAKE_INSTALL_PREFIX=/home/inouemakoto/interbotix_ws/install/interbotix_xsarm_descriptions
[1.798s] Invoking command in '/home/inouemakoto/interbotix_ws/build/interbotix_xsarm_descriptions': AMENT_PREFIX_PATH=/home/inouemakoto/interbotix_ws/install/interbotix_xs_modules:/home/inouemakoto/interbotix_ws/install/interbotix_xs_sdk:/home/inouemakoto/interbotix_ws/install/interbotix_xs_driver:/home/inouemakoto/interbotix_ws/install/interbotix_xs_msgs:/home/inouemakoto/interbotix_ws/install/interbotix_common_modules:/home/inouemakoto/interbotix_ws/install/dynamixel_workbench_toolbox:${AMENT_PREFIX_PATH} CMAKE_PREFIX_PATH=/home/inouemakoto/interbotix_ws/install/interbotix_xs_sdk:/home/inouemakoto/interbotix_ws/install/interbotix_xs_driver:/home/inouemakoto/interbotix_ws/install/interbotix_xs_msgs:/home/inouemakoto/interbotix_ws/install/dynamixel_workbench_toolbox:/home/inouemakoto/robotis_ws/install/dynamixel_sdk_examples:/home/inouemakoto/robotis_ws/install/dynamixel_sdk_custom_interfaces:/home/inouemakoto/robotis_ws/install/dynamixel_sdk:/opt/ros/humble LD_LIBRARY_PATH=/home/inouemakoto/interbotix_ws/install/interbotix_xs_driver/lib:/home/inouemakoto/interbotix_ws/install/interbotix_xs_msgs/lib:/home/inouemakoto/interbotix_ws/install/dynamixel_workbench_toolbox/lib:${LD_LIBRARY_PATH} PYTHONPATH=/home/inouemakoto/interbotix_ws/install/interbotix_xs_modules/lib/python3.10/site-packages:/home/inouemakoto/interbotix_ws/install/interbotix_xs_msgs/local/lib/python3.10/dist-packages:/home/inouemakoto/interbotix_ws/install/interbotix_common_modules/lib/python3.10/site-packages:${PYTHONPATH} /usr/bin/cmake --build /home/inouemakoto/interbotix_ws/build/interbotix_xsarm_descriptions -- -j20 -l20
[1.829s] Invoked command in '/home/inouemakoto/interbotix_ws/build/interbotix_xsarm_descriptions' returned '0': AMENT_PREFIX_PATH=/home/inouemakoto/interbotix_ws/install/interbotix_xs_modules:/home/inouemakoto/interbotix_ws/install/interbotix_xs_sdk:/home/inouemakoto/interbotix_ws/install/interbotix_xs_driver:/home/inouemakoto/interbotix_ws/install/interbotix_xs_msgs:/home/inouemakoto/interbotix_ws/install/interbotix_common_modules:/home/inouemakoto/interbotix_ws/install/dynamixel_workbench_toolbox:${AMENT_PREFIX_PATH} CMAKE_PREFIX_PATH=/home/inouemakoto/interbotix_ws/install/interbotix_xs_sdk:/home/inouemakoto/interbotix_ws/install/interbotix_xs_driver:/home/inouemakoto/interbotix_ws/install/interbotix_xs_msgs:/home/inouemakoto/interbotix_ws/install/dynamixel_workbench_toolbox:/home/inouemakoto/robotis_ws/install/dynamixel_sdk_examples:/home/inouemakoto/robotis_ws/install/dynamixel_sdk_custom_interfaces:/home/inouemakoto/robotis_ws/install/dynamixel_sdk:/opt/ros/humble LD_LIBRARY_PATH=/home/inouemakoto/interbotix_ws/install/interbotix_xs_driver/lib:/home/inouemakoto/interbotix_ws/install/interbotix_xs_msgs/lib:/home/inouemakoto/interbotix_ws/install/dynamixel_workbench_toolbox/lib:${LD_LIBRARY_PATH} PYTHONPATH=/home/inouemakoto/interbotix_ws/install/interbotix_xs_modules/lib/python3.10/site-packages:/home/inouemakoto/interbotix_ws/install/interbotix_xs_msgs/local/lib/python3.10/dist-packages:/home/inouemakoto/interbotix_ws/install/interbotix_common_modules/lib/python3.10/site-packages:${PYTHONPATH} /usr/bin/cmake --build /home/inouemakoto/interbotix_ws/build/interbotix_xsarm_descriptions -- -j20 -l20
[1.844s] Invoking command in '/home/inouemakoto/interbotix_ws/build/interbotix_xsarm_descriptions': AMENT_PREFIX_PATH=/home/inouemakoto/interbotix_ws/install/interbotix_xs_modules:/home/inouemakoto/interbotix_ws/install/interbotix_xs_sdk:/home/inouemakoto/interbotix_ws/install/interbotix_xs_driver:/home/inouemakoto/interbotix_ws/install/interbotix_xs_msgs:/home/inouemakoto/interbotix_ws/install/interbotix_common_modules:/home/inouemakoto/interbotix_ws/install/dynamixel_workbench_toolbox:${AMENT_PREFIX_PATH} CMAKE_PREFIX_PATH=/home/inouemakoto/interbotix_ws/install/interbotix_xs_sdk:/home/inouemakoto/interbotix_ws/install/interbotix_xs_driver:/home/inouemakoto/interbotix_ws/install/interbotix_xs_msgs:/home/inouemakoto/interbotix_ws/install/dynamixel_workbench_toolbox:/home/inouemakoto/robotis_ws/install/dynamixel_sdk_examples:/home/inouemakoto/robotis_ws/install/dynamixel_sdk_custom_interfaces:/home/inouemakoto/robotis_ws/install/dynamixel_sdk:/opt/ros/humble LD_LIBRARY_PATH=/home/inouemakoto/interbotix_ws/install/interbotix_xs_driver/lib:/home/inouemakoto/interbotix_ws/install/interbotix_xs_msgs/lib:/home/inouemakoto/interbotix_ws/install/dynamixel_workbench_toolbox/lib:${LD_LIBRARY_PATH} PYTHONPATH=/home/inouemakoto/interbotix_ws/install/interbotix_xs_modules/lib/python3.10/site-packages:/home/inouemakoto/interbotix_ws/install/interbotix_xs_msgs/local/lib/python3.10/dist-packages:/home/inouemakoto/interbotix_ws/install/interbotix_common_modules/lib/python3.10/site-packages:${PYTHONPATH} /usr/bin/cmake --install /home/inouemakoto/interbotix_ws/build/interbotix_xsarm_descriptions
[1.849s] -- Install configuration: ""
[1.850s] -- Installing: /home/inouemakoto/interbotix_ws/install/interbotix_xsarm_descriptions/share/interbotix_xsarm_descriptions//urdf
[1.850s] -- Installing: /home/inouemakoto/interbotix_ws/install/interbotix_xsarm_descriptions/share/interbotix_xsarm_descriptions//urdf/mobile_wx250s.urdf.xacro
[1.850s] -- Installing: /home/inouemakoto/interbotix_ws/install/interbotix_xsarm_descriptions/share/interbotix_xsarm_descriptions//urdf/px150.urdf.xacro
[1.850s] -- Installing: /home/inouemakoto/interbotix_ws/install/interbotix_xsarm_descriptions/share/interbotix_xsarm_descriptions//urdf/gazebo_configs.urdf.xacro
[1.850s] -- Installing: /home/inouemakoto/interbotix_ws/install/interbotix_xsarm_descriptions/share/interbotix_xsarm_descriptions//urdf/rx150.urdf.xacro
[1.850s] -- Installing: /home/inouemakoto/interbotix_ws/install/interbotix_xsarm_descriptions/share/interbotix_xsarm_descriptions//urdf/px100.urdf.xacro
[1.850s] -- Installing: /home/inouemakoto/interbotix_ws/install/interbotix_xsarm_descriptions/share/interbotix_xsarm_descriptions//urdf/wx250s.urdf.xacro
[1.850s] -- Installing: /home/inouemakoto/interbotix_ws/install/interbotix_xsarm_descriptions/share/interbotix_xsarm_descriptions//urdf/ar_tag.urdf.xacro
[1.850s] -- Installing: /home/inouemakoto/interbotix_ws/install/interbotix_xsarm_descriptions/share/interbotix_xsarm_descriptions//urdf/control.urdf.xacro
[1.850s] -- Installing: /home/inouemakoto/interbotix_ws/install/interbotix_xsarm_descriptions/share/interbotix_xsarm_descriptions//urdf/vx250.urdf.xacro
[1.850s] -- Installing: /home/inouemakoto/interbotix_ws/install/interbotix_xsarm_descriptions/share/interbotix_xsarm_descriptions//urdf/wx250.urdf.xacro
[1.850s] -- Installing: /home/inouemakoto/interbotix_ws/install/interbotix_xsarm_descriptions/share/interbotix_xsarm_descriptions//urdf/mobile_wx200.urdf.xacro
[1.850s] -- Installing: /home/inouemakoto/interbotix_ws/install/interbotix_xsarm_descriptions/share/interbotix_xsarm_descriptions//urdf/vx300s.urdf.xacro
[1.851s] -- Installing: /home/inouemakoto/interbotix_ws/install/interbotix_xsarm_descriptions/share/interbotix_xsarm_descriptions//urdf/mobile_px100.urdf.xacro
[1.851s] -- Installing: /home/inouemakoto/interbotix_ws/install/interbotix_xsarm_descriptions/share/interbotix_xsarm_descriptions//urdf/wx200.urdf.xacro
[1.851s] -- Installing: /home/inouemakoto/interbotix_ws/install/interbotix_xsarm_descriptions/share/interbotix_xsarm_descriptions//urdf/rx200.urdf.xacro
[1.851s] -- Installing: /home/inouemakoto/interbotix_ws/install/interbotix_xsarm_descriptions/share/interbotix_xsarm_descriptions//urdf/vx300.urdf.xacro
[1.851s] -- Installing: /home/inouemakoto/interbotix_ws/install/interbotix_xsarm_descriptions/share/interbotix_xsarm_descriptions//launch
[1.851s] -- Installing: /home/inouemakoto/interbotix_ws/install/interbotix_xsarm_descriptions/share/interbotix_xsarm_descriptions//launch/xsarm_description.launch.py
[1.851s] -- Installing: /home/inouemakoto/interbotix_ws/install/interbotix_xsarm_descriptions/share/interbotix_xsarm_descriptions//launch/remote_view.launch.py
[1.851s] -- Installing: /home/inouemakoto/interbotix_ws/install/interbotix_xsarm_descriptions/share/interbotix_xsarm_descriptions//meshes
[1.851s] -- Installing: /home/inouemakoto/interbotix_ws/install/interbotix_xsarm_descriptions/share/interbotix_xsarm_descriptions//meshes/rx150_meshes
[1.851s] -- Installing: /home/inouemakoto/interbotix_ws/install/interbotix_xsarm_descriptions/share/interbotix_xsarm_descriptions//meshes/rx150_meshes/shoulder.stl
[1.851s] -- Installing: /home/inouemakoto/interbotix_ws/install/interbotix_xsarm_descriptions/share/interbotix_xsarm_descriptions//meshes/rx150_meshes/wrist.stl
[1.851s] -- Installing: /home/inouemakoto/interbotix_ws/install/interbotix_xsarm_descriptions/share/interbotix_xsarm_descriptions//meshes/rx150_meshes/gripper_prop.stl
[1.851s] -- Installing: /home/inouemakoto/interbotix_ws/install/interbotix_xsarm_descriptions/share/interbotix_xsarm_descriptions//meshes/rx150_meshes/upper_arm.stl
[1.851s] -- Installing: /home/inouemakoto/interbotix_ws/install/interbotix_xsarm_descriptions/share/interbotix_xsarm_descriptions//meshes/rx150_meshes/gripper_bar.stl
[1.852s] -- Installing: /home/inouemakoto/interbotix_ws/install/interbotix_xsarm_descriptions/share/interbotix_xsarm_descriptions//meshes/rx150_meshes/gripper_finger.stl
[1.852s] -- Installing: /home/inouemakoto/interbotix_ws/install/interbotix_xsarm_descriptions/share/interbotix_xsarm_descriptions//meshes/rx150_meshes/forearm.stl
[1.852s] -- Installing: /home/inouemakoto/interbotix_ws/install/interbotix_xsarm_descriptions/share/interbotix_xsarm_descriptions//meshes/rx150_meshes/gripper.stl
[1.852s] -- Installing: /home/inouemakoto/interbotix_ws/install/interbotix_xsarm_descriptions/share/interbotix_xsarm_descriptions//meshes/rx150_meshes/base.stl
[1.852s] -- Installing: /home/inouemakoto/interbotix_ws/install/interbotix_xsarm_descriptions/share/interbotix_xsarm_descriptions//meshes/wx250s_meshes
[1.852s] -- Installing: /home/inouemakoto/interbotix_ws/install/interbotix_xsarm_descriptions/share/interbotix_xsarm_descriptions//meshes/wx250s_meshes/lower_forearm.stl
[1.852s] -- Installing: /home/inouemakoto/interbotix_ws/install/interbotix_xsarm_descriptions/share/interbotix_xsarm_descriptions//meshes/wx250s_meshes/shoulder.stl
[1.852s] -- Installing: /home/inouemakoto/interbotix_ws/install/interbotix_xsarm_descriptions/share/interbotix_xsarm_descriptions//meshes/wx250s_meshes/wrist.stl
[1.852s] -- Installing: /home/inouemakoto/interbotix_ws/install/interbotix_xsarm_descriptions/share/interbotix_xsarm_descriptions//meshes/wx250s_meshes/gripper_prop.stl
[1.852s] -- Installing: /home/inouemakoto/interbotix_ws/install/interbotix_xsarm_descriptions/share/interbotix_xsarm_descriptions//meshes/wx250s_meshes/upper_arm.stl
[1.853s] -- Installing: /home/inouemakoto/interbotix_ws/install/interbotix_xsarm_descriptions/share/interbotix_xsarm_descriptions//meshes/wx250s_meshes/gripper_bar.stl
[1.853s] -- Installing: /home/inouemakoto/interbotix_ws/install/interbotix_xsarm_descriptions/share/interbotix_xsarm_descriptions//meshes/wx250s_meshes/gripper_finger.stl
[1.853s] -- Installing: /home/inouemakoto/interbotix_ws/install/interbotix_xsarm_descriptions/share/interbotix_xsarm_descriptions//meshes/wx250s_meshes/gripper.stl
[1.853s] -- Installing: /home/inouemakoto/interbotix_ws/install/interbotix_xsarm_descriptions/share/interbotix_xsarm_descriptions//meshes/wx250s_meshes/upper_forearm.stl
[1.853s] -- Installing: /home/inouemakoto/interbotix_ws/install/interbotix_xsarm_descriptions/share/interbotix_xsarm_descriptions//meshes/wx250s_meshes/base.stl
[1.853s] -- Installing: /home/inouemakoto/interbotix_ws/install/interbotix_xsarm_descriptions/share/interbotix_xsarm_descriptions//meshes/interbotix_black.png
[1.853s] -- Installing: /home/inouemakoto/interbotix_ws/install/interbotix_xsarm_descriptions/share/interbotix_xsarm_descriptions//meshes/wx200_meshes
[1.853s] -- Installing: /home/inouemakoto/interbotix_ws/install/interbotix_xsarm_descriptions/share/interbotix_xsarm_descriptions//meshes/wx200_meshes/shoulder.stl
[1.853s] -- Installing: /home/inouemakoto/interbotix_ws/install/interbotix_xsarm_descriptions/share/interbotix_xsarm_descriptions//meshes/wx200_meshes/wrist.stl
[1.853s] -- Installing: /home/inouemakoto/interbotix_ws/install/interbotix_xsarm_descriptions/share/interbotix_xsarm_descriptions//meshes/wx200_meshes/gripper_prop.stl
[1.853s] -- Installing: /home/inouemakoto/interbotix_ws/install/interbotix_xsarm_descriptions/share/interbotix_xsarm_descriptions//meshes/wx200_meshes/upper_arm.stl
[1.854s] -- Installing: /home/inouemakoto/interbotix_ws/install/interbotix_xsarm_descriptions/share/interbotix_xsarm_descriptions//meshes/wx200_meshes/gripper_bar.stl
[1.854s] -- Installing: /home/inouemakoto/interbotix_ws/install/interbotix_xsarm_descriptions/share/interbotix_xsarm_descriptions//meshes/wx200_meshes/gripper_finger.stl
[1.854s] -- Installing: /home/inouemakoto/interbotix_ws/install/interbotix_xsarm_descriptions/share/interbotix_xsarm_descriptions//meshes/wx200_meshes/forearm.stl
[1.854s] -- Installing: /home/inouemakoto/interbotix_ws/install/interbotix_xsarm_descriptions/share/interbotix_xsarm_descriptions//meshes/wx200_meshes/gripper.stl
[1.854s] -- Installing: /home/inouemakoto/interbotix_ws/install/interbotix_xsarm_descriptions/share/interbotix_xsarm_descriptions//meshes/wx200_meshes/base.stl
[1.854s] -- Installing: /home/inouemakoto/interbotix_ws/install/interbotix_xsarm_descriptions/share/interbotix_xsarm_descriptions//meshes/vx300_meshes
[1.854s] -- Installing: /home/inouemakoto/interbotix_ws/install/interbotix_xsarm_descriptions/share/interbotix_xsarm_descriptions//meshes/vx300_meshes/shoulder.stl
[1.854s] -- Installing: /home/inouemakoto/interbotix_ws/install/interbotix_xsarm_descriptions/share/interbotix_xsarm_descriptions//meshes/vx300_meshes/wrist.stl
[1.854s] -- Installing: /home/inouemakoto/interbotix_ws/install/interbotix_xsarm_descriptions/share/interbotix_xsarm_descriptions//meshes/vx300_meshes/gripper_prop.stl
[1.854s] -- Installing: /home/inouemakoto/interbotix_ws/install/interbotix_xsarm_descriptions/share/interbotix_xsarm_descriptions//meshes/vx300_meshes/upper_arm.stl
[1.854s] -- Installing: /home/inouemakoto/interbotix_ws/install/interbotix_xsarm_descriptions/share/interbotix_xsarm_descriptions//meshes/vx300_meshes/gripper_bar.stl
[1.855s] -- Installing: /home/inouemakoto/interbotix_ws/install/interbotix_xsarm_descriptions/share/interbotix_xsarm_descriptions//meshes/vx300_meshes/gripper_finger.stl
[1.855s] -- Installing: /home/inouemakoto/interbotix_ws/install/interbotix_xsarm_descriptions/share/interbotix_xsarm_descriptions//meshes/vx300_meshes/forearm.stl
[1.855s] -- Installing: /home/inouemakoto/interbotix_ws/install/interbotix_xsarm_descriptions/share/interbotix_xsarm_descriptions//meshes/vx300_meshes/gripper.stl
[1.855s] -- Installing: /home/inouemakoto/interbotix_ws/install/interbotix_xsarm_descriptions/share/interbotix_xsarm_descriptions//meshes/vx300_meshes/base.stl
[1.855s] -- Installing: /home/inouemakoto/interbotix_ws/install/interbotix_xsarm_descriptions/share/interbotix_xsarm_descriptions//meshes/wx250_meshes
[1.856s] -- Installing: /home/inouemakoto/interbotix_ws/install/interbotix_xsarm_descriptions/share/interbotix_xsarm_descriptions//meshes/wx250_meshes/shoulder.stl
[1.856s] -- Installing: /home/inouemakoto/interbotix_ws/install/interbotix_xsarm_descriptions/share/interbotix_xsarm_descriptions//meshes/wx250_meshes/wrist.stl
[1.856s] -- Installing: /home/inouemakoto/interbotix_ws/install/interbotix_xsarm_descriptions/share/interbotix_xsarm_descriptions//meshes/wx250_meshes/gripper_prop.stl
[1.856s] -- Installing: /home/inouemakoto/interbotix_ws/install/interbotix_xsarm_descriptions/share/interbotix_xsarm_descriptions//meshes/wx250_meshes/upper_arm.stl
[1.856s] -- Installing: /home/inouemakoto/interbotix_ws/install/interbotix_xsarm_descriptions/share/interbotix_xsarm_descriptions//meshes/wx250_meshes/gripper_bar.stl
[1.856s] -- Installing: /home/inouemakoto/interbotix_ws/install/interbotix_xsarm_descriptions/share/interbotix_xsarm_descriptions//meshes/wx250_meshes/gripper_finger.stl
[1.856s] -- Installing: /home/inouemakoto/interbotix_ws/install/interbotix_xsarm_descriptions/share/interbotix_xsarm_descriptions//meshes/wx250_meshes/forearm.stl
[1.856s] -- Installing: /home/inouemakoto/interbotix_ws/install/interbotix_xsarm_descriptions/share/interbotix_xsarm_descriptions//meshes/wx250_meshes/gripper.stl
[1.856s] -- Installing: /home/inouemakoto/interbotix_ws/install/interbotix_xsarm_descriptions/share/interbotix_xsarm_descriptions//meshes/wx250_meshes/base.stl
[1.856s] -- Installing: /home/inouemakoto/interbotix_ws/install/interbotix_xsarm_descriptions/share/interbotix_xsarm_descriptions//meshes/mobile_wx250s_meshes
[1.856s] -- Installing: /home/inouemakoto/interbotix_ws/install/interbotix_xsarm_descriptions/share/interbotix_xsarm_descriptions//meshes/mobile_wx250s_meshes/lower_forearm.stl
[1.857s] -- Installing: /home/inouemakoto/interbotix_ws/install/interbotix_xsarm_descriptions/share/interbotix_xsarm_descriptions//meshes/mobile_wx250s_meshes/shoulder.stl
[1.857s] -- Installing: /home/inouemakoto/interbotix_ws/install/interbotix_xsarm_descriptions/share/interbotix_xsarm_descriptions//meshes/mobile_wx250s_meshes/wrist.stl
[1.857s] -- Installing: /home/inouemakoto/interbotix_ws/install/interbotix_xsarm_descriptions/share/interbotix_xsarm_descriptions//meshes/mobile_wx250s_meshes/gripper_prop.stl
[1.857s] -- Installing: /home/inouemakoto/interbotix_ws/install/interbotix_xsarm_descriptions/share/interbotix_xsarm_descriptions//meshes/mobile_wx250s_meshes/upper_arm.stl
[1.857s] -- Installing: /home/inouemakoto/interbotix_ws/install/interbotix_xsarm_descriptions/share/interbotix_xsarm_descriptions//meshes/mobile_wx250s_meshes/gripper_bar.stl
[1.857s] -- Installing: /home/inouemakoto/interbotix_ws/install/interbotix_xsarm_descriptions/share/interbotix_xsarm_descriptions//meshes/mobile_wx250s_meshes/gripper_finger.stl
[1.857s] -- Installing: /home/inouemakoto/interbotix_ws/install/interbotix_xsarm_descriptions/share/interbotix_xsarm_descriptions//meshes/mobile_wx250s_meshes/gripper.stl
[1.857s] -- Installing: /home/inouemakoto/interbotix_ws/install/interbotix_xsarm_descriptions/share/interbotix_xsarm_descriptions//meshes/mobile_wx250s_meshes/upper_forearm.stl
[1.857s] -- Installing: /home/inouemakoto/interbotix_ws/install/interbotix_xsarm_descriptions/share/interbotix_xsarm_descriptions//meshes/mobile_wx250s_meshes/base.stl
[1.858s] -- Installing: /home/inouemakoto/interbotix_ws/install/interbotix_xsarm_descriptions/share/interbotix_xsarm_descriptions//meshes/ar_tag.stl
[1.858s] -- Installing: /home/inouemakoto/interbotix_ws/install/interbotix_xsarm_descriptions/share/interbotix_xsarm_descriptions//meshes/vx250_meshes
[1.858s] -- Installing: /home/inouemakoto/interbotix_ws/install/interbotix_xsarm_descriptions/share/interbotix_xsarm_descriptions//meshes/vx250_meshes/shoulder.stl
[1.858s] -- Installing: /home/inouemakoto/interbotix_ws/install/interbotix_xsarm_descriptions/share/interbotix_xsarm_descriptions//meshes/vx250_meshes/wrist.stl
[1.858s] -- Installing: /home/inouemakoto/interbotix_ws/install/interbotix_xsarm_descriptions/share/interbotix_xsarm_descriptions//meshes/vx250_meshes/gripper_prop.stl
[1.858s] -- Installing: /home/inouemakoto/interbotix_ws/install/interbotix_xsarm_descriptions/share/interbotix_xsarm_descriptions//meshes/vx250_meshes/upper_arm.stl
[1.858s] -- Installing: /home/inouemakoto/interbotix_ws/install/interbotix_xsarm_descriptions/share/interbotix_xsarm_descriptions//meshes/vx250_meshes/gripper_bar.stl
[1.859s] -- Installing: /home/inouemakoto/interbotix_ws/install/interbotix_xsarm_descriptions/share/interbotix_xsarm_descriptions//meshes/vx250_meshes/gripper_finger.stl
[1.859s] -- Installing: /home/inouemakoto/interbotix_ws/install/interbotix_xsarm_descriptions/share/interbotix_xsarm_descriptions//meshes/vx250_meshes/forearm.stl
[1.859s] -- Installing: /home/inouemakoto/interbotix_ws/install/interbotix_xsarm_descriptions/share/interbotix_xsarm_descriptions//meshes/vx250_meshes/gripper.stl
[1.859s] -- Installing: /home/inouemakoto/interbotix_ws/install/interbotix_xsarm_descriptions/share/interbotix_xsarm_descriptions//meshes/vx250_meshes/base.stl
[1.859s] -- Installing: /home/inouemakoto/interbotix_ws/install/interbotix_xsarm_descriptions/share/interbotix_xsarm_descriptions//meshes/vx300s_meshes
[1.859s] -- Installing: /home/inouemakoto/interbotix_ws/install/interbotix_xsarm_descriptions/share/interbotix_xsarm_descriptions//meshes/vx300s_meshes/lower_forearm.stl
[1.859s] -- Installing: /home/inouemakoto/interbotix_ws/install/interbotix_xsarm_descriptions/share/interbotix_xsarm_descriptions//meshes/vx300s_meshes/shoulder.stl
[1.859s] -- Installing: /home/inouemakoto/interbotix_ws/install/interbotix_xsarm_descriptions/share/interbotix_xsarm_descriptions//meshes/vx300s_meshes/wrist.stl
[1.859s] -- Installing: /home/inouemakoto/interbotix_ws/install/interbotix_xsarm_descriptions/share/interbotix_xsarm_descriptions//meshes/vx300s_meshes/gripper_prop.stl
[1.859s] -- Installing: /home/inouemakoto/interbotix_ws/install/interbotix_xsarm_descriptions/share/interbotix_xsarm_descriptions//meshes/vx300s_meshes/upper_arm.stl
[1.860s] -- Installing: /home/inouemakoto/interbotix_ws/install/interbotix_xsarm_descriptions/share/interbotix_xsarm_descriptions//meshes/vx300s_meshes/gripper_bar.stl
[1.860s] -- Installing: /home/inouemakoto/interbotix_ws/install/interbotix_xsarm_descriptions/share/interbotix_xsarm_descriptions//meshes/vx300s_meshes/gripper_finger.stl
[1.860s] -- Installing: /home/inouemakoto/interbotix_ws/install/interbotix_xsarm_descriptions/share/interbotix_xsarm_descriptions//meshes/vx300s_meshes/gripper.stl
[1.860s] -- Installing: /home/inouemakoto/interbotix_ws/install/interbotix_xsarm_descriptions/share/interbotix_xsarm_descriptions//meshes/vx300s_meshes/upper_forearm.stl
[1.860s] -- Installing: /home/inouemakoto/interbotix_ws/install/interbotix_xsarm_descriptions/share/interbotix_xsarm_descriptions//meshes/vx300s_meshes/base.stl
[1.861s] -- Installing: /home/inouemakoto/interbotix_ws/install/interbotix_xsarm_descriptions/share/interbotix_xsarm_descriptions//meshes/mobile_wx200_meshes
[1.861s] -- Installing: /home/inouemakoto/interbotix_ws/install/interbotix_xsarm_descriptions/share/interbotix_xsarm_descriptions//meshes/mobile_wx200_meshes/shoulder.stl
[1.861s] -- Installing: /home/inouemakoto/interbotix_ws/install/interbotix_xsarm_descriptions/share/interbotix_xsarm_descriptions//meshes/mobile_wx200_meshes/wrist.stl
[1.861s] -- Installing: /home/inouemakoto/interbotix_ws/install/interbotix_xsarm_descriptions/share/interbotix_xsarm_descriptions//meshes/mobile_wx200_meshes/gripper_prop.stl
[1.861s] -- Installing: /home/inouemakoto/interbotix_ws/install/interbotix_xsarm_descriptions/share/interbotix_xsarm_descriptions//meshes/mobile_wx200_meshes/upper_arm.stl
[1.861s] -- Installing: /home/inouemakoto/interbotix_ws/install/interbotix_xsarm_descriptions/share/interbotix_xsarm_descriptions//meshes/mobile_wx200_meshes/gripper_bar.stl
[1.861s] -- Installing: /home/inouemakoto/interbotix_ws/install/interbotix_xsarm_descriptions/share/interbotix_xsarm_descriptions//meshes/mobile_wx200_meshes/gripper_finger.stl
[1.861s] -- Installing: /home/inouemakoto/interbotix_ws/install/interbotix_xsarm_descriptions/share/interbotix_xsarm_descriptions//meshes/mobile_wx200_meshes/forearm.stl
[1.861s] -- Installing: /home/inouemakoto/interbotix_ws/install/interbotix_xsarm_descriptions/share/interbotix_xsarm_descriptions//meshes/mobile_wx200_meshes/gripper.stl
[1.861s] -- Installing: /home/inouemakoto/interbotix_ws/install/interbotix_xsarm_descriptions/share/interbotix_xsarm_descriptions//meshes/mobile_wx200_meshes/base.stl
[1.862s] -- Installing: /home/inouemakoto/interbotix_ws/install/interbotix_xsarm_descriptions/share/interbotix_xsarm_descriptions//meshes/px100_meshes
[1.862s] -- Installing: /home/inouemakoto/interbotix_ws/install/interbotix_xsarm_descriptions/share/interbotix_xsarm_descriptions//meshes/px100_meshes/shoulder.stl
[1.862s] -- Installing: /home/inouemakoto/interbotix_ws/install/interbotix_xsarm_descriptions/share/interbotix_xsarm_descriptions//meshes/px100_meshes/gripper_prop.stl
[1.862s] -- Installing: /home/inouemakoto/interbotix_ws/install/interbotix_xsarm_descriptions/share/interbotix_xsarm_descriptions//meshes/px100_meshes/upper_arm.stl
[1.862s] -- Installing: /home/inouemakoto/interbotix_ws/install/interbotix_xsarm_descriptions/share/interbotix_xsarm_descriptions//meshes/px100_meshes/gripper_bar.stl
[1.862s] -- Installing: /home/inouemakoto/interbotix_ws/install/interbotix_xsarm_descriptions/share/interbotix_xsarm_descriptions//meshes/px100_meshes/gripper_finger.stl
[1.863s] -- Installing: /home/inouemakoto/interbotix_ws/install/interbotix_xsarm_descriptions/share/interbotix_xsarm_descriptions//meshes/px100_meshes/forearm.stl
[1.863s] -- Installing: /home/inouemakoto/interbotix_ws/install/interbotix_xsarm_descriptions/share/interbotix_xsarm_descriptions//meshes/px100_meshes/gripper.stl
[1.863s] -- Installing: /home/inouemakoto/interbotix_ws/install/interbotix_xsarm_descriptions/share/interbotix_xsarm_descriptions//meshes/px100_meshes/base.stl
[1.863s] -- Installing: /home/inouemakoto/interbotix_ws/install/interbotix_xsarm_descriptions/share/interbotix_xsarm_descriptions//meshes/px150_meshes
[1.863s] -- Installing: /home/inouemakoto/interbotix_ws/install/interbotix_xsarm_descriptions/share/interbotix_xsarm_descriptions//meshes/px150_meshes/shoulder.stl
[1.863s] -- Installing: /home/inouemakoto/interbotix_ws/install/interbotix_xsarm_descriptions/share/interbotix_xsarm_descriptions//meshes/px150_meshes/wrist.stl
[1.863s] -- Installing: /home/inouemakoto/interbotix_ws/install/interbotix_xsarm_descriptions/share/interbotix_xsarm_descriptions//meshes/px150_meshes/gripper_prop.stl
[1.863s] -- Installing: /home/inouemakoto/interbotix_ws/install/interbotix_xsarm_descriptions/share/interbotix_xsarm_descriptions//meshes/px150_meshes/upper_arm.stl
[1.863s] -- Installing: /home/inouemakoto/interbotix_ws/install/interbotix_xsarm_descriptions/share/interbotix_xsarm_descriptions//meshes/px150_meshes/gripper_bar.stl
[1.863s] -- Installing: /home/inouemakoto/interbotix_ws/install/interbotix_xsarm_descriptions/share/interbotix_xsarm_descriptions//meshes/px150_meshes/gripper_finger.stl
[1.863s] -- Installing: /home/inouemakoto/interbotix_ws/install/interbotix_xsarm_descriptions/share/interbotix_xsarm_descriptions//meshes/px150_meshes/forearm.stl
[1.864s] -- Installing: /home/inouemakoto/interbotix_ws/install/interbotix_xsarm_descriptions/share/interbotix_xsarm_descriptions//meshes/px150_meshes/gripper.stl
[1.864s] -- Installing: /home/inouemakoto/interbotix_ws/install/interbotix_xsarm_descriptions/share/interbotix_xsarm_descriptions//meshes/px150_meshes/base.stl
[1.864s] -- Installing: /home/inouemakoto/interbotix_ws/install/interbotix_xsarm_descriptions/share/interbotix_xsarm_descriptions//meshes/rx200_meshes
[1.864s] -- Installing: /home/inouemakoto/interbotix_ws/install/interbotix_xsarm_descriptions/share/interbotix_xsarm_descriptions//meshes/rx200_meshes/shoulder.stl
[1.864s] -- Installing: /home/inouemakoto/interbotix_ws/install/interbotix_xsarm_descriptions/share/interbotix_xsarm_descriptions//meshes/rx200_meshes/wrist.stl
[1.864s] -- Installing: /home/inouemakoto/interbotix_ws/install/interbotix_xsarm_descriptions/share/interbotix_xsarm_descriptions//meshes/rx200_meshes/gripper_prop.stl
[1.864s] -- Installing: /home/inouemakoto/interbotix_ws/install/interbotix_xsarm_descriptions/share/interbotix_xsarm_descriptions//meshes/rx200_meshes/upper_arm.stl
[1.864s] -- Installing: /home/inouemakoto/interbotix_ws/install/interbotix_xsarm_descriptions/share/interbotix_xsarm_descriptions//meshes/rx200_meshes/gripper_bar.stl
[1.864s] -- Installing: /home/inouemakoto/interbotix_ws/install/interbotix_xsarm_descriptions/share/interbotix_xsarm_descriptions//meshes/rx200_meshes/gripper_finger.stl
[1.864s] -- Installing: /home/inouemakoto/interbotix_ws/install/interbotix_xsarm_descriptions/share/interbotix_xsarm_descriptions//meshes/rx200_meshes/forearm.stl
[1.864s] -- Installing: /home/inouemakoto/interbotix_ws/install/interbotix_xsarm_descriptions/share/interbotix_xsarm_descriptions//meshes/rx200_meshes/gripper.stl
[1.865s] -- Installing: /home/inouemakoto/interbotix_ws/install/interbotix_xsarm_descriptions/share/interbotix_xsarm_descriptions//meshes/rx200_meshes/base.stl
[1.865s] -- Installing: /home/inouemakoto/interbotix_ws/install/interbotix_xsarm_descriptions/share/interbotix_xsarm_descriptions//meshes/mobile_px100_meshes
[1.865s] -- Installing: /home/inouemakoto/interbotix_ws/install/interbotix_xsarm_descriptions/share/interbotix_xsarm_descriptions//meshes/mobile_px100_meshes/shoulder.stl
[1.865s] -- Installing: /home/inouemakoto/interbotix_ws/install/interbotix_xsarm_descriptions/share/interbotix_xsarm_descriptions//meshes/mobile_px100_meshes/gripper_prop.stl
[1.865s] -- Installing: /home/inouemakoto/interbotix_ws/install/interbotix_xsarm_descriptions/share/interbotix_xsarm_descriptions//meshes/mobile_px100_meshes/upper_arm.stl
[1.865s] -- Installing: /home/inouemakoto/interbotix_ws/install/interbotix_xsarm_descriptions/share/interbotix_xsarm_descriptions//meshes/mobile_px100_meshes/gripper_bar.stl
[1.865s] -- Installing: /home/inouemakoto/interbotix_ws/install/interbotix_xsarm_descriptions/share/interbotix_xsarm_descriptions//meshes/mobile_px100_meshes/gripper_finger.stl
[1.865s] -- Installing: /home/inouemakoto/interbotix_ws/install/interbotix_xsarm_descriptions/share/interbotix_xsarm_descriptions//meshes/mobile_px100_meshes/forearm.stl
[1.865s] -- Installing: /home/inouemakoto/interbotix_ws/install/interbotix_xsarm_descriptions/share/interbotix_xsarm_descriptions//meshes/mobile_px100_meshes/gripper.stl
[1.865s] -- Installing: /home/inouemakoto/interbotix_ws/install/interbotix_xsarm_descriptions/share/interbotix_xsarm_descriptions//meshes/mobile_px100_meshes/base.stl
[1.866s] -- Installing: /home/inouemakoto/interbotix_ws/install/interbotix_xsarm_descriptions/share/interbotix_xsarm_descriptions//rviz
[1.866s] -- Installing: /home/inouemakoto/interbotix_ws/install/interbotix_xsarm_descriptions/share/interbotix_xsarm_descriptions//rviz/xsarm_description.rviz
[1.866s] -- Installing: /home/inouemakoto/interbotix_ws/install/interbotix_xsarm_descriptions/share/ament_index/resource_index/package_run_dependencies/interbotix_xsarm_descriptions
[1.866s] -- Installing: /home/inouemakoto/interbotix_ws/install/interbotix_xsarm_descriptions/share/ament_index/resource_index/parent_prefix_path/interbotix_xsarm_descriptions
[1.866s] -- Installing: /home/inouemakoto/interbotix_ws/install/interbotix_xsarm_descriptions/share/interbotix_xsarm_descriptions/environment/ament_prefix_path.sh
[1.866s] -- Installing: /home/inouemakoto/interbotix_ws/install/interbotix_xsarm_descriptions/share/interbotix_xsarm_descriptions/environment/ament_prefix_path.dsv
[1.867s] -- Installing: /home/inouemakoto/interbotix_ws/install/interbotix_xsarm_descriptions/share/interbotix_xsarm_descriptions/environment/path.sh
[1.867s] -- Installing: /home/inouemakoto/interbotix_ws/install/interbotix_xsarm_descriptions/share/interbotix_xsarm_descriptions/environment/path.dsv
[1.867s] -- Installing: /home/inouemakoto/interbotix_ws/install/interbotix_xsarm_descriptions/share/interbotix_xsarm_descriptions/local_setup.bash
[1.867s] -- Installing: /home/inouemakoto/interbotix_ws/install/interbotix_xsarm_descriptions/share/interbotix_xsarm_descriptions/local_setup.sh
[1.867s] -- Installing: /home/inouemakoto/interbotix_ws/install/interbotix_xsarm_descriptions/share/interbotix_xsarm_descriptions/local_setup.zsh
[1.867s] -- Installing: /home/inouemakoto/interbotix_ws/install/interbotix_xsarm_descriptions/share/interbotix_xsarm_descriptions/local_setup.dsv
[1.867s] -- Installing: /home/inouemakoto/interbotix_ws/install/interbotix_xsarm_descriptions/share/interbotix_xsarm_descriptions/package.dsv
[1.867s] -- Installing: /home/inouemakoto/interbotix_ws/install/interbotix_xsarm_descriptions/share/ament_index/resource_index/packages/interbotix_xsarm_descriptions
[1.867s] -- Installing: /home/inouemakoto/interbotix_ws/install/interbotix_xsarm_descriptions/share/interbotix_xsarm_descriptions/cmake/interbotix_xsarm_descriptionsConfig.cmake
[1.867s] -- Installing: /home/inouemakoto/interbotix_ws/install/interbotix_xsarm_descriptions/share/interbotix_xsarm_descriptions/cmake/interbotix_xsarm_descriptionsConfig-version.cmake
[1.867s] -- Installing: /home/inouemakoto/interbotix_ws/install/interbotix_xsarm_descriptions/share/interbotix_xsarm_descriptions/package.xml
[1.871s] Invoked command in '/home/inouemakoto/interbotix_ws/build/interbotix_xsarm_descriptions' returned '0': AMENT_PREFIX_PATH=/home/inouemakoto/interbotix_ws/install/interbotix_xs_modules:/home/inouemakoto/interbotix_ws/install/interbotix_xs_sdk:/home/inouemakoto/interbotix_ws/install/interbotix_xs_driver:/home/inouemakoto/interbotix_ws/install/interbotix_xs_msgs:/home/inouemakoto/interbotix_ws/install/interbotix_common_modules:/home/inouemakoto/interbotix_ws/install/dynamixel_workbench_toolbox:${AMENT_PREFIX_PATH} CMAKE_PREFIX_PATH=/home/inouemakoto/interbotix_ws/install/interbotix_xs_sdk:/home/inouemakoto/interbotix_ws/install/interbotix_xs_driver:/home/inouemakoto/interbotix_ws/install/interbotix_xs_msgs:/home/inouemakoto/interbotix_ws/install/dynamixel_workbench_toolbox:/home/inouemakoto/robotis_ws/install/dynamixel_sdk_examples:/home/inouemakoto/robotis_ws/install/dynamixel_sdk_custom_interfaces:/home/inouemakoto/robotis_ws/install/dynamixel_sdk:/opt/ros/humble LD_LIBRARY_PATH=/home/inouemakoto/interbotix_ws/install/interbotix_xs_driver/lib:/home/inouemakoto/interbotix_ws/install/interbotix_xs_msgs/lib:/home/inouemakoto/interbotix_ws/install/dynamixel_workbench_toolbox/lib:${LD_LIBRARY_PATH} PYTHONPATH=/home/inouemakoto/interbotix_ws/install/interbotix_xs_modules/lib/python3.10/site-packages:/home/inouemakoto/interbotix_ws/install/interbotix_xs_msgs/local/lib/python3.10/dist-packages:/home/inouemakoto/interbotix_ws/install/interbotix_common_modules/lib/python3.10/site-packages:${PYTHONPATH} /usr/bin/cmake --install /home/inouemakoto/interbotix_ws/build/interbotix_xsarm_descriptions
