[5.387s] Invoking command in '/home/inouemakoto/interbotix_ws/build/graph_msgs': CMAKE_PREFIX_PATH=${CMAKE_PREFIX_PATH}:/home/inouemakoto/interbotix_ws/install/yolov5_ros2:/home/inouemakoto/interbotix_ws/install/interbotix_landmark_modules:/home/inouemakoto/interbotix_ws/install/interbotix_perception_modules:/home/inouemakoto/interbotix_ws/install/pick_vision:/home/inouemakoto/interbotix_ws/install/moveit_service:/home/inouemakoto/interbotix_ws/install/opencv_tests:/home/inouemakoto/interbotix_ws/install/opencv_ros2:/home/inouemakoto/interbotix_ws/install/makoto:/home/inouemakoto/interbotix_ws/install/interbotix_xs_modules:/home/inouemakoto/interbotix_ws/install/interbotix_rpi_modules:/home/inouemakoto/interbotix_ws/install/interbotix_common_modules:/home/inouemakoto/interbotix_ws/install/camera:/home/inouemakoto/ws_moveit2/install/moveit_configs_utils:/home/inouemakoto/ws_moveit2/install/launch_param_builder:/home/inouemakoto/install/moveit_service:/home/inouemakoto/install/interbotix_xs_modules:/home/inouemakoto/install/interbotix_moveit_interface_msgs:/home/inouemakoto/install/interbotix_common_modules:/home/inouemakoto/install/camera:/opt/ros/humble /usr/bin/cmake --build /home/inouemakoto/interbotix_ws/build/graph_msgs -- -j20 -l20
[9.394s] [  2%] Built target graph_msgs__cpp
[9.394s] [ 12%] Built target graph_msgs__rosidl_generator_c
[9.394s] [ 12%] Built target ament_cmake_python_copy_graph_msgs
[9.394s] [ 23%] Built target graph_msgs__rosidl_typesupport_fastrtps_cpp
[9.394s] [ 33%] Built target graph_msgs__rosidl_typesupport_cpp
[9.394s] [ 43%] Built target graph_msgs__rosidl_typesupport_introspection_cpp
[9.394s] [ 53%] Built target graph_msgs__rosidl_typesupport_introspection_c
[9.395s] [ 64%] Built target graph_msgs__rosidl_typesupport_fastrtps_c
[9.395s] [ 74%] Built target graph_msgs__rosidl_typesupport_c
[9.395s] [ 74%] Built target graph_msgs
[9.395s] [ 76%] Built target graph_msgs__py
[9.395s] [ 84%] Built target graph_msgs__rosidl_generator_py
[9.395s] [ 89%] Built target graph_msgs__rosidl_typesupport_introspection_c__pyext
[9.396s] [ 94%] Built target graph_msgs__rosidl_typesupport_fastrtps_c__pyext
[9.396s] [100%] Built target graph_msgs__rosidl_typesupport_c__pyext
[9.396s] running egg_info
[9.396s] writing graph_msgs.egg-info/PKG-INFO
[9.396s] writing dependency_links to graph_msgs.egg-info/dependency_links.txt
[9.396s] writing top-level names to graph_msgs.egg-info/top_level.txt
[9.397s] reading manifest file 'graph_msgs.egg-info/SOURCES.txt'
[9.397s] writing manifest file 'graph_msgs.egg-info/SOURCES.txt'
[9.397s] [100%] Built target ament_cmake_python_build_graph_msgs_egg
[9.525s] Invoked command in '/home/inouemakoto/interbotix_ws/build/graph_msgs' returned '0': CMAKE_PREFIX_PATH=${CMAKE_PREFIX_PATH}:/home/inouemakoto/interbotix_ws/install/yolov5_ros2:/home/inouemakoto/interbotix_ws/install/interbotix_landmark_modules:/home/inouemakoto/interbotix_ws/install/interbotix_perception_modules:/home/inouemakoto/interbotix_ws/install/pick_vision:/home/inouemakoto/interbotix_ws/install/moveit_service:/home/inouemakoto/interbotix_ws/install/opencv_tests:/home/inouemakoto/interbotix_ws/install/opencv_ros2:/home/inouemakoto/interbotix_ws/install/makoto:/home/inouemakoto/interbotix_ws/install/interbotix_xs_modules:/home/inouemakoto/interbotix_ws/install/interbotix_rpi_modules:/home/inouemakoto/interbotix_ws/install/interbotix_common_modules:/home/inouemakoto/interbotix_ws/install/camera:/home/inouemakoto/ws_moveit2/install/moveit_configs_utils:/home/inouemakoto/ws_moveit2/install/launch_param_builder:/home/inouemakoto/install/moveit_service:/home/inouemakoto/install/interbotix_xs_modules:/home/inouemakoto/install/interbotix_moveit_interface_msgs:/home/inouemakoto/install/interbotix_common_modules:/home/inouemakoto/install/camera:/opt/ros/humble /usr/bin/cmake --build /home/inouemakoto/interbotix_ws/build/graph_msgs -- -j20 -l20
[10.864s] Invoking command in '/home/inouemakoto/interbotix_ws/build/graph_msgs': CMAKE_PREFIX_PATH=${CMAKE_PREFIX_PATH}:/home/inouemakoto/interbotix_ws/install/yolov5_ros2:/home/inouemakoto/interbotix_ws/install/interbotix_landmark_modules:/home/inouemakoto/interbotix_ws/install/interbotix_perception_modules:/home/inouemakoto/interbotix_ws/install/pick_vision:/home/inouemakoto/interbotix_ws/install/moveit_service:/home/inouemakoto/interbotix_ws/install/opencv_tests:/home/inouemakoto/interbotix_ws/install/opencv_ros2:/home/inouemakoto/interbotix_ws/install/makoto:/home/inouemakoto/interbotix_ws/install/interbotix_xs_modules:/home/inouemakoto/interbotix_ws/install/interbotix_rpi_modules:/home/inouemakoto/interbotix_ws/install/interbotix_common_modules:/home/inouemakoto/interbotix_ws/install/camera:/home/inouemakoto/ws_moveit2/install/moveit_configs_utils:/home/inouemakoto/ws_moveit2/install/launch_param_builder:/home/inouemakoto/install/moveit_service:/home/inouemakoto/install/interbotix_xs_modules:/home/inouemakoto/install/interbotix_moveit_interface_msgs:/home/inouemakoto/install/interbotix_common_modules:/home/inouemakoto/install/camera:/opt/ros/humble /usr/bin/cmake --install /home/inouemakoto/interbotix_ws/build/graph_msgs
[11.721s] -- Install configuration: ""
[11.721s] -- Up-to-date: /home/inouemakoto/interbotix_ws/install/graph_msgs/share/ament_index/resource_index/rosidl_interfaces/graph_msgs
[11.721s] -- Up-to-date: /home/inouemakoto/interbotix_ws/install/graph_msgs/include/graph_msgs/graph_msgs
[11.721s] -- Up-to-date: /home/inouemakoto/interbotix_ws/install/graph_msgs/include/graph_msgs/graph_msgs/msg
[11.722s] -- Up-to-date: /home/inouemakoto/interbotix_ws/install/graph_msgs/include/graph_msgs/graph_msgs/msg/edges.h
[11.722s] -- Up-to-date: /home/inouemakoto/interbotix_ws/install/graph_msgs/include/graph_msgs/graph_msgs/msg/geometry_graph.h
[11.722s] -- Up-to-date: /home/inouemakoto/interbotix_ws/install/graph_msgs/include/graph_msgs/graph_msgs/msg/rosidl_generator_c__visibility_control.h
[11.722s] -- Up-to-date: /home/inouemakoto/interbotix_ws/install/graph_msgs/include/graph_msgs/graph_msgs/msg/detail
[11.722s] -- Up-to-date: /home/inouemakoto/interbotix_ws/install/graph_msgs/include/graph_msgs/graph_msgs/msg/detail/edges__functions.h
[11.722s] -- Up-to-date: /home/inouemakoto/interbotix_ws/install/graph_msgs/include/graph_msgs/graph_msgs/msg/detail/geometry_graph__functions.c
[11.722s] -- Up-to-date: /home/inouemakoto/interbotix_ws/install/graph_msgs/include/graph_msgs/graph_msgs/msg/detail/geometry_graph__type_support.h
[11.722s] -- Up-to-date: /home/inouemakoto/interbotix_ws/install/graph_msgs/include/graph_msgs/graph_msgs/msg/detail/geometry_graph__functions.h
[11.722s] -- Up-to-date: /home/inouemakoto/interbotix_ws/install/graph_msgs/include/graph_msgs/graph_msgs/msg/detail/geometry_graph__struct.h
[11.723s] -- Up-to-date: /home/inouemakoto/interbotix_ws/install/graph_msgs/include/graph_msgs/graph_msgs/msg/detail/edges__functions.c
[11.723s] -- Up-to-date: /home/inouemakoto/interbotix_ws/install/graph_msgs/include/graph_msgs/graph_msgs/msg/detail/edges__type_support.h
[11.723s] -- Up-to-date: /home/inouemakoto/interbotix_ws/install/graph_msgs/include/graph_msgs/graph_msgs/msg/detail/edges__struct.h
[11.723s] -- Up-to-date: /home/inouemakoto/interbotix_ws/install/graph_msgs/share/graph_msgs/environment/library_path.sh
[11.723s] -- Up-to-date: /home/inouemakoto/interbotix_ws/install/graph_msgs/share/graph_msgs/environment/library_path.dsv
[11.723s] -- Up-to-date: /home/inouemakoto/interbotix_ws/install/graph_msgs/lib/libgraph_msgs__rosidl_generator_c.so
[11.724s] -- Up-to-date: /home/inouemakoto/interbotix_ws/install/graph_msgs/include/graph_msgs/graph_msgs
[11.724s] -- Up-to-date: /home/inouemakoto/interbotix_ws/install/graph_msgs/include/graph_msgs/graph_msgs/msg
[11.724s] -- Up-to-date: /home/inouemakoto/interbotix_ws/install/graph_msgs/include/graph_msgs/graph_msgs/msg/detail
[11.724s] -- Up-to-date: /home/inouemakoto/interbotix_ws/install/graph_msgs/include/graph_msgs/graph_msgs/msg/detail/geometry_graph__rosidl_typesupport_fastrtps_c.h
[11.724s] -- Up-to-date: /home/inouemakoto/interbotix_ws/install/graph_msgs/include/graph_msgs/graph_msgs/msg/detail/edges__rosidl_typesupport_fastrtps_c.h
[11.724s] -- Up-to-date: /home/inouemakoto/interbotix_ws/install/graph_msgs/include/graph_msgs/graph_msgs/msg/rosidl_typesupport_fastrtps_c__visibility_control.h
[11.724s] -- Up-to-date: /home/inouemakoto/interbotix_ws/install/graph_msgs/lib/libgraph_msgs__rosidl_typesupport_fastrtps_c.so
[11.725s] -- Up-to-date: /home/inouemakoto/interbotix_ws/install/graph_msgs/include/graph_msgs/graph_msgs
[11.725s] -- Up-to-date: /home/inouemakoto/interbotix_ws/install/graph_msgs/include/graph_msgs/graph_msgs/msg
[11.725s] -- Up-to-date: /home/inouemakoto/interbotix_ws/install/graph_msgs/include/graph_msgs/graph_msgs/msg/rosidl_typesupport_introspection_c__visibility_control.h
[11.725s] -- Up-to-date: /home/inouemakoto/interbotix_ws/install/graph_msgs/include/graph_msgs/graph_msgs/msg/detail
[11.725s] -- Up-to-date: /home/inouemakoto/interbotix_ws/install/graph_msgs/include/graph_msgs/graph_msgs/msg/detail/edges__type_support.c
[11.725s] -- Up-to-date: /home/inouemakoto/interbotix_ws/install/graph_msgs/include/graph_msgs/graph_msgs/msg/detail/geometry_graph__type_support.c
[11.725s] -- Up-to-date: /home/inouemakoto/interbotix_ws/install/graph_msgs/include/graph_msgs/graph_msgs/msg/detail/geometry_graph__rosidl_typesupport_introspection_c.h
[11.725s] -- Up-to-date: /home/inouemakoto/interbotix_ws/install/graph_msgs/include/graph_msgs/graph_msgs/msg/detail/edges__rosidl_typesupport_introspection_c.h
[11.726s] -- Up-to-date: /home/inouemakoto/interbotix_ws/install/graph_msgs/lib/libgraph_msgs__rosidl_typesupport_introspection_c.so
[11.726s] -- Up-to-date: /home/inouemakoto/interbotix_ws/install/graph_msgs/lib/libgraph_msgs__rosidl_typesupport_c.so
[11.726s] -- Up-to-date: /home/inouemakoto/interbotix_ws/install/graph_msgs/include/graph_msgs/graph_msgs
[11.726s] -- Up-to-date: /home/inouemakoto/interbotix_ws/install/graph_msgs/include/graph_msgs/graph_msgs/msg
[11.726s] -- Up-to-date: /home/inouemakoto/interbotix_ws/install/graph_msgs/include/graph_msgs/graph_msgs/msg/geometry_graph.hpp
[11.726s] -- Up-to-date: /home/inouemakoto/interbotix_ws/install/graph_msgs/include/graph_msgs/graph_msgs/msg/detail
[11.726s] -- Up-to-date: /home/inouemakoto/interbotix_ws/install/graph_msgs/include/graph_msgs/graph_msgs/msg/detail/geometry_graph__traits.hpp
[11.726s] -- Up-to-date: /home/inouemakoto/interbotix_ws/install/graph_msgs/include/graph_msgs/graph_msgs/msg/detail/geometry_graph__builder.hpp
[11.726s] -- Up-to-date: /home/inouemakoto/interbotix_ws/install/graph_msgs/include/graph_msgs/graph_msgs/msg/detail/edges__builder.hpp
[11.726s] -- Up-to-date: /home/inouemakoto/interbotix_ws/install/graph_msgs/include/graph_msgs/graph_msgs/msg/detail/edges__struct.hpp
[11.727s] -- Up-to-date: /home/inouemakoto/interbotix_ws/install/graph_msgs/include/graph_msgs/graph_msgs/msg/detail/edges__traits.hpp
[11.727s] -- Up-to-date: /home/inouemakoto/interbotix_ws/install/graph_msgs/include/graph_msgs/graph_msgs/msg/detail/geometry_graph__struct.hpp
[11.727s] -- Up-to-date: /home/inouemakoto/interbotix_ws/install/graph_msgs/include/graph_msgs/graph_msgs/msg/edges.hpp
[11.727s] -- Up-to-date: /home/inouemakoto/interbotix_ws/install/graph_msgs/include/graph_msgs/graph_msgs
[11.727s] -- Up-to-date: /home/inouemakoto/interbotix_ws/install/graph_msgs/include/graph_msgs/graph_msgs/msg
[11.727s] -- Up-to-date: /home/inouemakoto/interbotix_ws/install/graph_msgs/include/graph_msgs/graph_msgs/msg/rosidl_typesupport_fastrtps_cpp__visibility_control.h
[11.727s] -- Up-to-date: /home/inouemakoto/interbotix_ws/install/graph_msgs/include/graph_msgs/graph_msgs/msg/detail
[11.727s] -- Up-to-date: /home/inouemakoto/interbotix_ws/install/graph_msgs/include/graph_msgs/graph_msgs/msg/detail/dds_fastrtps
[11.727s] -- Up-to-date: /home/inouemakoto/interbotix_ws/install/graph_msgs/include/graph_msgs/graph_msgs/msg/detail/edges__rosidl_typesupport_fastrtps_cpp.hpp
[11.728s] -- Up-to-date: /home/inouemakoto/interbotix_ws/install/graph_msgs/include/graph_msgs/graph_msgs/msg/detail/geometry_graph__rosidl_typesupport_fastrtps_cpp.hpp
[11.728s] -- Up-to-date: /home/inouemakoto/interbotix_ws/install/graph_msgs/lib/libgraph_msgs__rosidl_typesupport_fastrtps_cpp.so
[11.728s] -- Up-to-date: /home/inouemakoto/interbotix_ws/install/graph_msgs/include/graph_msgs/graph_msgs
[11.728s] -- Up-to-date: /home/inouemakoto/interbotix_ws/install/graph_msgs/include/graph_msgs/graph_msgs/msg
[11.728s] -- Up-to-date: /home/inouemakoto/interbotix_ws/install/graph_msgs/include/graph_msgs/graph_msgs/msg/detail
[11.729s] -- Up-to-date: /home/inouemakoto/interbotix_ws/install/graph_msgs/include/graph_msgs/graph_msgs/msg/detail/geometry_graph__type_support.cpp
[11.729s] -- Up-to-date: /home/inouemakoto/interbotix_ws/install/graph_msgs/include/graph_msgs/graph_msgs/msg/detail/geometry_graph__rosidl_typesupport_introspection_cpp.hpp
[11.729s] -- Up-to-date: /home/inouemakoto/interbotix_ws/install/graph_msgs/include/graph_msgs/graph_msgs/msg/detail/edges__rosidl_typesupport_introspection_cpp.hpp
[11.729s] -- Up-to-date: /home/inouemakoto/interbotix_ws/install/graph_msgs/include/graph_msgs/graph_msgs/msg/detail/edges__type_support.cpp
[11.729s] -- Up-to-date: /home/inouemakoto/interbotix_ws/install/graph_msgs/lib/libgraph_msgs__rosidl_typesupport_introspection_cpp.so
[11.729s] -- Up-to-date: /home/inouemakoto/interbotix_ws/install/graph_msgs/lib/libgraph_msgs__rosidl_typesupport_cpp.so
[11.729s] -- Up-to-date: /home/inouemakoto/interbotix_ws/install/graph_msgs/share/graph_msgs/environment/pythonpath.sh
[11.729s] -- Up-to-date: /home/inouemakoto/interbotix_ws/install/graph_msgs/share/graph_msgs/environment/pythonpath.dsv
[11.730s] -- Up-to-date: /home/inouemakoto/interbotix_ws/install/graph_msgs/local/lib/python3.10/dist-packages/graph_msgs-0.2.0-py3.10.egg-info
[11.730s] -- Installing: /home/inouemakoto/interbotix_ws/install/graph_msgs/local/lib/python3.10/dist-packages/graph_msgs-0.2.0-py3.10.egg-info/top_level.txt
[11.730s] -- Installing: /home/inouemakoto/interbotix_ws/install/graph_msgs/local/lib/python3.10/dist-packages/graph_msgs-0.2.0-py3.10.egg-info/dependency_links.txt
[11.730s] -- Installing: /home/inouemakoto/interbotix_ws/install/graph_msgs/local/lib/python3.10/dist-packages/graph_msgs-0.2.0-py3.10.egg-info/SOURCES.txt
[11.730s] -- Installing: /home/inouemakoto/interbotix_ws/install/graph_msgs/local/lib/python3.10/dist-packages/graph_msgs-0.2.0-py3.10.egg-info/PKG-INFO
[11.730s] -- Up-to-date: /home/inouemakoto/interbotix_ws/install/graph_msgs/local/lib/python3.10/dist-packages/graph_msgs
[11.730s] -- Up-to-date: /home/inouemakoto/interbotix_ws/install/graph_msgs/local/lib/python3.10/dist-packages/graph_msgs/graph_msgs_s__rosidl_typesupport_introspection_c.cpython-310-x86_64-linux-gnu.so
[11.730s] -- Up-to-date: /home/inouemakoto/interbotix_ws/install/graph_msgs/local/lib/python3.10/dist-packages/graph_msgs/msg
[11.731s] -- Up-to-date: /home/inouemakoto/interbotix_ws/install/graph_msgs/local/lib/python3.10/dist-packages/graph_msgs/msg/_edges_s.c
[11.731s] -- Up-to-date: /home/inouemakoto/interbotix_ws/install/graph_msgs/local/lib/python3.10/dist-packages/graph_msgs/msg/_geometry_graph.py
[11.731s] -- Up-to-date: /home/inouemakoto/interbotix_ws/install/graph_msgs/local/lib/python3.10/dist-packages/graph_msgs/msg/__init__.py
[11.731s] -- Up-to-date: /home/inouemakoto/interbotix_ws/install/graph_msgs/local/lib/python3.10/dist-packages/graph_msgs/msg/_edges.py
[11.731s] -- Up-to-date: /home/inouemakoto/interbotix_ws/install/graph_msgs/local/lib/python3.10/dist-packages/graph_msgs/msg/_geometry_graph_s.c
[11.731s] -- Up-to-date: /home/inouemakoto/interbotix_ws/install/graph_msgs/local/lib/python3.10/dist-packages/graph_msgs/_graph_msgs_s.ep.rosidl_typesupport_fastrtps_c.c
[11.731s] -- Up-to-date: /home/inouemakoto/interbotix_ws/install/graph_msgs/local/lib/python3.10/dist-packages/graph_msgs/_graph_msgs_s.ep.rosidl_typesupport_introspection_c.c
[11.731s] -- Up-to-date: /home/inouemakoto/interbotix_ws/install/graph_msgs/local/lib/python3.10/dist-packages/graph_msgs/graph_msgs_s__rosidl_typesupport_c.cpython-310-x86_64-linux-gnu.so
[11.732s] -- Up-to-date: /home/inouemakoto/interbotix_ws/install/graph_msgs/local/lib/python3.10/dist-packages/graph_msgs/__init__.py
[11.732s] -- Up-to-date: /home/inouemakoto/interbotix_ws/install/graph_msgs/local/lib/python3.10/dist-packages/graph_msgs/graph_msgs_s__rosidl_typesupport_fastrtps_c.cpython-310-x86_64-linux-gnu.so
[11.732s] -- Up-to-date: /home/inouemakoto/interbotix_ws/install/graph_msgs/local/lib/python3.10/dist-packages/graph_msgs/_graph_msgs_s.ep.rosidl_typesupport_c.c
[11.732s] -- Up-to-date: /home/inouemakoto/interbotix_ws/install/graph_msgs/local/lib/python3.10/dist-packages/graph_msgs/libgraph_msgs__rosidl_generator_py.so
[11.732s] Listing '/home/inouemakoto/interbotix_ws/install/graph_msgs/local/lib/python3.10/dist-packages/graph_msgs'...
[11.732s] Listing '/home/inouemakoto/interbotix_ws/install/graph_msgs/local/lib/python3.10/dist-packages/graph_msgs/msg'...
[11.732s] -- Up-to-date: /home/inouemakoto/interbotix_ws/install/graph_msgs/local/lib/python3.10/dist-packages/graph_msgs/graph_msgs_s__rosidl_typesupport_fastrtps_c.cpython-310-x86_64-linux-gnu.so
[11.732s] -- Up-to-date: /home/inouemakoto/interbotix_ws/install/graph_msgs/local/lib/python3.10/dist-packages/graph_msgs/graph_msgs_s__rosidl_typesupport_introspection_c.cpython-310-x86_64-linux-gnu.so
[11.733s] -- Up-to-date: /home/inouemakoto/interbotix_ws/install/graph_msgs/local/lib/python3.10/dist-packages/graph_msgs/graph_msgs_s__rosidl_typesupport_c.cpython-310-x86_64-linux-gnu.so
[11.733s] -- Up-to-date: /home/inouemakoto/interbotix_ws/install/graph_msgs/lib/libgraph_msgs__rosidl_generator_py.so
[11.733s] -- Up-to-date: /home/inouemakoto/interbotix_ws/install/graph_msgs/share/graph_msgs/msg/Edges.idl
[11.733s] -- Up-to-date: /home/inouemakoto/interbotix_ws/install/graph_msgs/share/graph_msgs/msg/GeometryGraph.idl
[11.733s] -- Up-to-date: /home/inouemakoto/interbotix_ws/install/graph_msgs/share/graph_msgs/msg/Edges.msg
[11.761s] -- Up-to-date: /home/inouemakoto/interbotix_ws/install/graph_msgs/share/graph_msgs/msg/GeometryGraph.msg
[11.761s] -- Up-to-date: /home/inouemakoto/interbotix_ws/install/graph_msgs/share/ament_index/resource_index/package_run_dependencies/graph_msgs
[11.761s] -- Up-to-date: /home/inouemakoto/interbotix_ws/install/graph_msgs/share/ament_index/resource_index/parent_prefix_path/graph_msgs
[11.762s] -- Up-to-date: /home/inouemakoto/interbotix_ws/install/graph_msgs/share/graph_msgs/environment/ament_prefix_path.sh
[11.762s] -- Up-to-date: /home/inouemakoto/interbotix_ws/install/graph_msgs/share/graph_msgs/environment/ament_prefix_path.dsv
[11.762s] -- Up-to-date: /home/inouemakoto/interbotix_ws/install/graph_msgs/share/graph_msgs/environment/path.sh
[11.762s] -- Up-to-date: /home/inouemakoto/interbotix_ws/install/graph_msgs/share/graph_msgs/environment/path.dsv
[11.762s] -- Up-to-date: /home/inouemakoto/interbotix_ws/install/graph_msgs/share/graph_msgs/local_setup.bash
[11.762s] -- Up-to-date: /home/inouemakoto/interbotix_ws/install/graph_msgs/share/graph_msgs/local_setup.sh
[11.762s] -- Up-to-date: /home/inouemakoto/interbotix_ws/install/graph_msgs/share/graph_msgs/local_setup.zsh
[11.762s] -- Up-to-date: /home/inouemakoto/interbotix_ws/install/graph_msgs/share/graph_msgs/local_setup.dsv
[11.763s] -- Installing: /home/inouemakoto/interbotix_ws/install/graph_msgs/share/graph_msgs/package.dsv
[11.763s] -- Up-to-date: /home/inouemakoto/interbotix_ws/install/graph_msgs/share/ament_index/resource_index/packages/graph_msgs
[11.763s] -- Up-to-date: /home/inouemakoto/interbotix_ws/install/graph_msgs/share/graph_msgs/cmake/export_graph_msgs__rosidl_generator_cExport.cmake
[11.763s] -- Up-to-date: /home/inouemakoto/interbotix_ws/install/graph_msgs/share/graph_msgs/cmake/export_graph_msgs__rosidl_generator_cExport-noconfig.cmake
[11.764s] -- Up-to-date: /home/inouemakoto/interbotix_ws/install/graph_msgs/share/graph_msgs/cmake/export_graph_msgs__rosidl_typesupport_fastrtps_cExport.cmake
[11.764s] -- Up-to-date: /home/inouemakoto/interbotix_ws/install/graph_msgs/share/graph_msgs/cmake/export_graph_msgs__rosidl_typesupport_fastrtps_cExport-noconfig.cmake
[11.764s] -- Up-to-date: /home/inouemakoto/interbotix_ws/install/graph_msgs/share/graph_msgs/cmake/graph_msgs__rosidl_typesupport_introspection_cExport.cmake
[11.764s] -- Up-to-date: /home/inouemakoto/interbotix_ws/install/graph_msgs/share/graph_msgs/cmake/graph_msgs__rosidl_typesupport_introspection_cExport-noconfig.cmake
[11.764s] -- Up-to-date: /home/inouemakoto/interbotix_ws/install/graph_msgs/share/graph_msgs/cmake/graph_msgs__rosidl_typesupport_cExport.cmake
[11.764s] -- Up-to-date: /home/inouemakoto/interbotix_ws/install/graph_msgs/share/graph_msgs/cmake/graph_msgs__rosidl_typesupport_cExport-noconfig.cmake
[11.765s] -- Up-to-date: /home/inouemakoto/interbotix_ws/install/graph_msgs/share/graph_msgs/cmake/export_graph_msgs__rosidl_generator_cppExport.cmake
[11.765s] -- Up-to-date: /home/inouemakoto/interbotix_ws/install/graph_msgs/share/graph_msgs/cmake/export_graph_msgs__rosidl_typesupport_fastrtps_cppExport.cmake
[11.765s] -- Up-to-date: /home/inouemakoto/interbotix_ws/install/graph_msgs/share/graph_msgs/cmake/export_graph_msgs__rosidl_typesupport_fastrtps_cppExport-noconfig.cmake
[11.765s] -- Up-to-date: /home/inouemakoto/interbotix_ws/install/graph_msgs/share/graph_msgs/cmake/graph_msgs__rosidl_typesupport_introspection_cppExport.cmake
[11.765s] -- Up-to-date: /home/inouemakoto/interbotix_ws/install/graph_msgs/share/graph_msgs/cmake/graph_msgs__rosidl_typesupport_introspection_cppExport-noconfig.cmake
[11.765s] -- Up-to-date: /home/inouemakoto/interbotix_ws/install/graph_msgs/share/graph_msgs/cmake/graph_msgs__rosidl_typesupport_cppExport.cmake
[11.765s] -- Up-to-date: /home/inouemakoto/interbotix_ws/install/graph_msgs/share/graph_msgs/cmake/graph_msgs__rosidl_typesupport_cppExport-noconfig.cmake
[11.765s] -- Up-to-date: /home/inouemakoto/interbotix_ws/install/graph_msgs/share/graph_msgs/cmake/export_graph_msgs__rosidl_generator_pyExport.cmake
[11.765s] -- Up-to-date: /home/inouemakoto/interbotix_ws/install/graph_msgs/share/graph_msgs/cmake/export_graph_msgs__rosidl_generator_pyExport-noconfig.cmake
[11.766s] -- Up-to-date: /home/inouemakoto/interbotix_ws/install/graph_msgs/share/graph_msgs/cmake/rosidl_cmake-extras.cmake
[11.766s] -- Up-to-date: /home/inouemakoto/interbotix_ws/install/graph_msgs/share/graph_msgs/cmake/ament_cmake_export_dependencies-extras.cmake
[11.766s] -- Up-to-date: /home/inouemakoto/interbotix_ws/install/graph_msgs/share/graph_msgs/cmake/ament_cmake_export_include_directories-extras.cmake
[11.766s] -- Up-to-date: /home/inouemakoto/interbotix_ws/install/graph_msgs/share/graph_msgs/cmake/ament_cmake_export_libraries-extras.cmake
[11.766s] -- Up-to-date: /home/inouemakoto/interbotix_ws/install/graph_msgs/share/graph_msgs/cmake/ament_cmake_export_targets-extras.cmake
[11.766s] -- Up-to-date: /home/inouemakoto/interbotix_ws/install/graph_msgs/share/graph_msgs/cmake/rosidl_cmake_export_typesupport_targets-extras.cmake
[11.766s] -- Up-to-date: /home/inouemakoto/interbotix_ws/install/graph_msgs/share/graph_msgs/cmake/rosidl_cmake_export_typesupport_libraries-extras.cmake
[11.766s] -- Up-to-date: /home/inouemakoto/interbotix_ws/install/graph_msgs/share/graph_msgs/cmake/graph_msgsConfig.cmake
[11.766s] -- Up-to-date: /home/inouemakoto/interbotix_ws/install/graph_msgs/share/graph_msgs/cmake/graph_msgsConfig-version.cmake
[11.767s] -- Up-to-date: /home/inouemakoto/interbotix_ws/install/graph_msgs/share/graph_msgs/package.xml
[12.900s] Invoked command in '/home/inouemakoto/interbotix_ws/build/graph_msgs' returned '0': CMAKE_PREFIX_PATH=${CMAKE_PREFIX_PATH}:/home/inouemakoto/interbotix_ws/install/yolov5_ros2:/home/inouemakoto/interbotix_ws/install/interbotix_landmark_modules:/home/inouemakoto/interbotix_ws/install/interbotix_perception_modules:/home/inouemakoto/interbotix_ws/install/pick_vision:/home/inouemakoto/interbotix_ws/install/moveit_service:/home/inouemakoto/interbotix_ws/install/opencv_tests:/home/inouemakoto/interbotix_ws/install/opencv_ros2:/home/inouemakoto/interbotix_ws/install/makoto:/home/inouemakoto/interbotix_ws/install/interbotix_xs_modules:/home/inouemakoto/interbotix_ws/install/interbotix_rpi_modules:/home/inouemakoto/interbotix_ws/install/interbotix_common_modules:/home/inouemakoto/interbotix_ws/install/camera:/home/inouemakoto/ws_moveit2/install/moveit_configs_utils:/home/inouemakoto/ws_moveit2/install/launch_param_builder:/home/inouemakoto/install/moveit_service:/home/inouemakoto/install/interbotix_xs_modules:/home/inouemakoto/install/interbotix_moveit_interface_msgs:/home/inouemakoto/install/interbotix_common_modules:/home/inouemakoto/install/camera:/opt/ros/humble /usr/bin/cmake --install /home/inouemakoto/interbotix_ws/build/graph_msgs
