[1.309s] Invoking command in '/home/inouemakoto/interbotix_ws/src/moveit_service': PYTHONPATH=/home/inouemakoto/interbotix_ws/src/build/moveit_service/prefix_override:/home/inouemakoto/interbotix_ws/src/install/moveit_service/lib/python3.10/site-packages:${PYTHONPATH} /usr/bin/python3 setup.py egg_info --egg-base ../build/moveit_service build --build-base /home/inouemakoto/interbotix_ws/src/build/moveit_service/build install --record /home/inouemakoto/interbotix_ws/src/build/moveit_service/install.log --single-version-externally-managed
[1.629s] running egg_info
[1.629s] creating ../build/moveit_service/moveit_service.egg-info
[1.629s] writing ../build/moveit_service/moveit_service.egg-info/PKG-INFO
[1.630s] writing dependency_links to ../build/moveit_service/moveit_service.egg-info/dependency_links.txt
[1.630s] writing entry points to ../build/moveit_service/moveit_service.egg-info/entry_points.txt
[1.630s] writing requirements to ../build/moveit_service/moveit_service.egg-info/requires.txt
[1.630s] writing top-level names to ../build/moveit_service/moveit_service.egg-info/top_level.txt
[1.630s] writing manifest file '../build/moveit_service/moveit_service.egg-info/SOURCES.txt'
[1.632s] reading manifest file '../build/moveit_service/moveit_service.egg-info/SOURCES.txt'
[1.633s] writing manifest file '../build/moveit_service/moveit_service.egg-info/SOURCES.txt'
[1.633s] running build
[1.633s] running build_py
[1.633s] creating /home/inouemakoto/interbotix_ws/src/build/moveit_service/build
[1.633s] creating /home/inouemakoto/interbotix_ws/src/build/moveit_service/build/lib
[1.633s] creating /home/inouemakoto/interbotix_ws/src/build/moveit_service/build/lib/moveit_service
[1.633s] copying moveit_service/moveit_debug.py -> /home/inouemakoto/interbotix_ws/src/build/moveit_service/build/lib/moveit_service
[1.634s] copying moveit_service/moveit_order.py -> /home/inouemakoto/interbotix_ws/src/build/moveit_service/build/lib/moveit_service
[1.634s] copying moveit_service/__init__.py -> /home/inouemakoto/interbotix_ws/src/build/moveit_service/build/lib/moveit_service
[1.634s] copying moveit_service/interbotix_gripper.py -> /home/inouemakoto/interbotix_ws/src/build/moveit_service/build/lib/moveit_service
[1.634s] running install
[1.634s] running install_lib
[1.636s] creating /home/inouemakoto/interbotix_ws/src/install/moveit_service/lib/python3.10/site-packages/moveit_service
[1.636s] copying /home/inouemakoto/interbotix_ws/src/build/moveit_service/build/lib/moveit_service/moveit_debug.py -> /home/inouemakoto/interbotix_ws/src/install/moveit_service/lib/python3.10/site-packages/moveit_service
[1.636s] copying /home/inouemakoto/interbotix_ws/src/build/moveit_service/build/lib/moveit_service/moveit_order.py -> /home/inouemakoto/interbotix_ws/src/install/moveit_service/lib/python3.10/site-packages/moveit_service
[1.636s] copying /home/inouemakoto/interbotix_ws/src/build/moveit_service/build/lib/moveit_service/__init__.py -> /home/inouemakoto/interbotix_ws/src/install/moveit_service/lib/python3.10/site-packages/moveit_service
[1.636s] copying /home/inouemakoto/interbotix_ws/src/build/moveit_service/build/lib/moveit_service/interbotix_gripper.py -> /home/inouemakoto/interbotix_ws/src/install/moveit_service/lib/python3.10/site-packages/moveit_service
[1.638s] byte-compiling /home/inouemakoto/interbotix_ws/src/install/moveit_service/lib/python3.10/site-packages/moveit_service/moveit_debug.py to moveit_debug.cpython-310.pyc
[1.641s] byte-compiling /home/inouemakoto/interbotix_ws/src/install/moveit_service/lib/python3.10/site-packages/moveit_service/moveit_order.py to moveit_order.cpython-310.pyc
[1.643s] byte-compiling /home/inouemakoto/interbotix_ws/src/install/moveit_service/lib/python3.10/site-packages/moveit_service/__init__.py to __init__.cpython-310.pyc
[1.645s] byte-compiling /home/inouemakoto/interbotix_ws/src/install/moveit_service/lib/python3.10/site-packages/moveit_service/interbotix_gripper.py to interbotix_gripper.cpython-310.pyc
[1.646s] running install_data
[1.646s] creating /home/inouemakoto/interbotix_ws/src/install/moveit_service/share/ament_index
[1.646s] creating /home/inouemakoto/interbotix_ws/src/install/moveit_service/share/ament_index/resource_index
[1.648s] creating /home/inouemakoto/interbotix_ws/src/install/moveit_service/share/ament_index/resource_index/packages
[1.648s] copying resource/moveit_service -> /home/inouemakoto/interbotix_ws/src/install/moveit_service/share/ament_index/resource_index/packages
[1.648s] copying package.xml -> /home/inouemakoto/interbotix_ws/src/install/moveit_service/share/moveit_service
[1.648s] running install_egg_info
[1.648s] Copying ../build/moveit_service/moveit_service.egg-info to /home/inouemakoto/interbotix_ws/src/install/moveit_service/lib/python3.10/site-packages/moveit_service-0.0.0-py3.10.egg-info
[1.648s] running install_scripts
[1.665s] Installing interbotix_gripper script to /home/inouemakoto/interbotix_ws/src/install/moveit_service/lib/moveit_service
[1.665s] Installing moveit_order script to /home/inouemakoto/interbotix_ws/src/install/moveit_service/lib/moveit_service
[1.665s] writing list of installed files to '/home/inouemakoto/interbotix_ws/src/build/moveit_service/install.log'
[1.717s] Invoked command in '/home/inouemakoto/interbotix_ws/src/moveit_service' returned '0': PYTHONPATH=/home/inouemakoto/interbotix_ws/src/build/moveit_service/prefix_override:/home/inouemakoto/interbotix_ws/src/install/moveit_service/lib/python3.10/site-packages:${PYTHONPATH} /usr/bin/python3 setup.py egg_info --egg-base ../build/moveit_service build --build-base /home/inouemakoto/interbotix_ws/src/build/moveit_service/build install --record /home/inouemakoto/interbotix_ws/src/build/moveit_service/install.log --single-version-externally-managed
