[1.122s] Invoking command in '/home/inouemakoto/interbotix_ws/build/interbotix_tf_tools': CMAKE_PREFIX_PATH=${CMAKE_PREFIX_PATH}:/home/inouemakoto/interbotix_ws/install/interbotix_moveit_interface:/home/inouemakoto/interbotix_ws/install/moveit_service:/home/inouemakoto/interbotix_ws/install/makoto:/home/inouemakoto/interbotix_ws/install/interbotix_xs_modules:/home/inouemakoto/interbotix_ws/install/interbotix_rpi_modules:/home/inouemakoto/interbotix_ws/install/interbotix_common_modules:/home/inouemakoto/ws_moveit2/install/moveit_configs_utils:/home/inouemakoto/ws_moveit2/install/launch_param_builder:/home/inouemakoto/install/moveit_service:/home/inouemakoto/install/interbotix_xs_modules:/home/inouemakoto/install/interbotix_common_modules:/opt/ros/humble /usr/bin/cmake /home/inouemakoto/interbotix_ws/src/interbotix_ros_toolboxes/interbotix_common_toolbox/interbotix_tf_tools -DCMAKE_INSTALL_PREFIX=/home/inouemakoto/interbotix_ws/install/interbotix_tf_tools
[1.811s] -- The C compiler identification is GNU 11.4.0
[1.811s] -- The CXX compiler identification is GNU 11.4.0
[1.811s] -- Detecting C compiler ABI info
[1.811s] -- Detecting C compiler ABI info - done
[1.811s] -- Check for working C compiler: /usr/bin/cc - skipped
[1.812s] -- Detecting C compile features
[1.812s] -- Detecting C compile features - done
[1.812s] -- Detecting CXX compiler ABI info
[1.812s] -- Detecting CXX compiler ABI info - done
[1.812s] -- Check for working CXX compiler: /usr/bin/c++ - skipped
[1.812s] -- Detecting CXX compile features
[1.812s] -- Detecting CXX compile features - done
[1.812s] -- Found ament_cmake: 1.3.5 (/opt/ros/humble/share/ament_cmake/cmake)
[2.007s] -- Found Python3: /usr/bin/python3.10 (found version "3.10.12") found components: Interpreter 
[2.337s] -- Found geometry_msgs: 4.2.3 (/opt/ros/humble/share/geometry_msgs/cmake)
[2.519s] -- Found rosidl_generator_c: 3.1.5 (/opt/ros/humble/share/rosidl_generator_c/cmake)
[2.548s] -- Found rosidl_adapter: 3.1.5 (/opt/ros/humble/share/rosidl_adapter/cmake)
[2.575s] -- Found rosidl_generator_cpp: 3.1.5 (/opt/ros/humble/share/rosidl_generator_cpp/cmake)
[2.622s] -- Using all available rosidl_typesupport_c: rosidl_typesupport_fastrtps_c;rosidl_typesupport_introspection_c
[2.699s] -- Using all available rosidl_typesupport_cpp: rosidl_typesupport_fastrtps_cpp;rosidl_typesupport_introspection_cpp
[2.907s] -- Found rclcpp: 16.0.6 (/opt/ros/humble/share/rclcpp/cmake)
[3.153s] -- Found rmw_implementation_cmake: 6.1.1 (/opt/ros/humble/share/rmw_implementation_cmake/cmake)
[3.181s] -- Found rmw_fastrtps_cpp: 6.2.4 (/opt/ros/humble/share/rmw_fastrtps_cpp/cmake)
[3.452s] -- Found OpenSSL: /usr/lib/x86_64-linux-gnu/libcrypto.so (found version "3.0.2")  
[3.513s] -- Found FastRTPS: /opt/ros/humble/include  
[3.627s] -- Using RMW implementation 'rmw_fastrtps_cpp' as default
[3.685s] -- Looking for pthread.h
[3.805s] -- Looking for pthread.h - found
[3.805s] -- Performing Test CMAKE_HAVE_LIBC_PTHREAD
[3.917s] -- Performing Test CMAKE_HAVE_LIBC_PTHREAD - Success
[3.918s] -- Found Threads: TRUE  
[4.107s] -- Found rclcpp_components: 16.0.6 (/opt/ros/humble/share/rclcpp_components/cmake)
[4.212s] -- Found tf2_msgs: 0.25.4 (/opt/ros/humble/share/tf2_msgs/cmake)
[4.390s] -- Found tf2_ros: 0.25.4 (/opt/ros/humble/share/tf2_ros/cmake)
[4.556s] -- Found ament_lint_auto: 0.12.8 (/opt/ros/humble/share/ament_lint_auto/cmake)
[4.755s] -- Added test 'copyright' to check source files copyright and LICENSE
[4.758s] -- Added test 'cppcheck' to perform static code analysis on C / C++ code
[4.758s] -- Configured cppcheck include dirs: /home/inouemakoto/interbotix_ws/src/interbotix_ros_toolboxes/interbotix_common_toolbox/interbotix_tf_tools/include
[4.758s] -- Configured cppcheck exclude dirs and/or files: 
[4.761s] -- Added test 'cpplint' to check C / C++ code against the Google style
[4.761s] -- Configured cpplint exclude dirs and/or files: 
[4.763s] -- Added test 'flake8' to check Python code syntax and style conventions
[4.765s] -- Added test 'lint_cmake' to check CMake code style
[4.768s] -- Added test 'pep257' to check Python code against some of the docstring style conventions in PEP 257
[4.770s] -- Added test 'uncrustify' to check C / C++ code style
[4.770s] -- Configured uncrustify additional arguments: 
[4.772s] -- Added test 'xmllint' to check XML markup files
[4.777s] -- Configuring done
[4.791s] -- Generating done
[4.793s] -- Build files have been written to: /home/inouemakoto/interbotix_ws/build/interbotix_tf_tools
