[2.667s] Invoking command in '/home/inouemakoto/interbotix_ws/src/makoto': PYTHONPATH=/home/inouemakoto/interbotix_ws/build/makoto/prefix_override:/home/inouemakoto/interbotix_ws/install/makoto/lib/python3.10/site-packages:${PYTHONPATH} /usr/bin/python3 setup.py egg_info --egg-base ../../build/makoto build --build-base /home/inouemakoto/interbotix_ws/build/makoto/build install --record /home/inouemakoto/interbotix_ws/build/makoto/install.log --single-version-externally-managed
[2.948s] running egg_info
[2.949s] writing ../../build/makoto/makoto.egg-info/PKG-INFO
[2.949s] writing dependency_links to ../../build/makoto/makoto.egg-info/dependency_links.txt
[2.949s] writing entry points to ../../build/makoto/makoto.egg-info/entry_points.txt
[2.949s] writing requirements to ../../build/makoto/makoto.egg-info/requires.txt
[2.949s] writing top-level names to ../../build/makoto/makoto.egg-info/top_level.txt
[2.951s] reading manifest file '../../build/makoto/makoto.egg-info/SOURCES.txt'
[2.952s] writing manifest file '../../build/makoto/makoto.egg-info/SOURCES.txt'
[2.952s] running build
[2.952s] running build_py
[2.952s] running install
[2.952s] running install_lib
[2.953s] running install_data
[2.953s] running install_egg_info
[2.956s] removing '/home/inouemakoto/interbotix_ws/install/makoto/lib/python3.10/site-packages/makoto-0.0.0-py3.10.egg-info' (and everything under it)
[2.956s] Copying ../../build/makoto/makoto.egg-info to /home/inouemakoto/interbotix_ws/install/makoto/lib/python3.10/site-packages/makoto-0.0.0-py3.10.egg-info
[2.956s] running install_scripts
[2.977s] Installing pick__place script to /home/inouemakoto/interbotix_ws/install/makoto/lib/makoto
[2.977s] writing list of installed files to '/home/inouemakoto/interbotix_ws/build/makoto/install.log'
[3.640s] Invoked command in '/home/inouemakoto/interbotix_ws/src/makoto' returned '0': PYTHONPATH=/home/inouemakoto/interbotix_ws/build/makoto/prefix_override:/home/inouemakoto/interbotix_ws/install/makoto/lib/python3.10/site-packages:${PYTHONPATH} /usr/bin/python3 setup.py egg_info --egg-base ../../build/makoto build --build-base /home/inouemakoto/interbotix_ws/build/makoto/build install --record /home/inouemakoto/interbotix_ws/build/makoto/install.log --single-version-externally-managed
