[0.409s] Invoking command in '/home/inouemakoto/interbotix_ws/build/interbotix_moveit_interface_msgs': CMAKE_PREFIX_PATH=${CMAKE_PREFIX_PATH}:/home/inouemakoto/interbotix_ws/install/moveit_service:/home/inouemakoto/interbotix_ws/install/interbotix_xs_modules:/home/inouemakoto/interbotix_ws/install/interbotix_common_modules:/home/inouemakoto/ws_moveit2/install/moveit_configs_utils:/home/inouemakoto/ws_moveit2/install/launch_param_builder:/home/inouemakoto/install/moveit_service:/home/inouemakoto/install/interbotix_xs_modules:/home/inouemakoto/install/interbotix_common_modules:/opt/ros/humble /usr/bin/cmake /home/inouemakoto/interbotix_ws/src/interbotix_ros_toolboxes/interbotix_common_toolbox/interbotix_moveit_interface_msgs -DCMAKE_INSTALL_PREFIX=/home/inouemakoto/interbotix_ws/install/interbotix_moveit_interface_msgs
[0.843s] -- The C compiler identification is GNU 11.3.0
[0.843s] -- The CXX compiler identification is GNU 11.3.0
[0.843s] -- Detecting C compiler ABI info
[0.843s] -- Detecting C compiler ABI info - done
[0.843s] -- Check for working C compiler: /usr/bin/cc - skipped
[0.843s] -- Detecting C compile features
[0.843s] -- Detecting C compile features - done
[0.843s] -- Detecting CXX compiler ABI info
[0.843s] -- Detecting CXX compiler ABI info - done
[0.843s] -- Check for working CXX compiler: /usr/bin/c++ - skipped
[0.843s] -- Detecting CXX compile features
[0.843s] -- Detecting CXX compile features - done
[0.843s] -- Found rosidl_default_generators: 1.2.0 (/opt/ros/humble/share/rosidl_default_generators/cmake)
[0.847s] -- Found ament_cmake_core: 1.3.4 (/opt/ros/humble/share/ament_cmake_core/cmake)
[1.113s] -- Found Python3: /usr/bin/python3.10 (found version "3.10.6") found components: Interpreter 
[1.240s] -- Using all available rosidl_typesupport_c: rosidl_typesupport_fastrtps_c;rosidl_typesupport_introspection_c
[1.277s] -- Found rosidl_adapter: 3.1.4 (/opt/ros/humble/share/rosidl_adapter/cmake)
[1.549s] -- Using all available rosidl_typesupport_cpp: rosidl_typesupport_fastrtps_cpp;rosidl_typesupport_introspection_cpp
[1.704s] -- Found std_msgs: 4.2.3 (/opt/ros/humble/share/std_msgs/cmake)
[1.862s] -- Found geometry_msgs: 4.2.3 (/opt/ros/humble/share/geometry_msgs/cmake)
[2.320s] -- Found ament_cmake_ros: 0.10.0 (/opt/ros/humble/share/ament_cmake_ros/cmake)
[2.674s] -- Using all available rosidl_typesupport_c: rosidl_typesupport_fastrtps_c;rosidl_typesupport_introspection_c
[3.104s] -- Using all available rosidl_typesupport_cpp: rosidl_typesupport_fastrtps_cpp;rosidl_typesupport_introspection_cpp
[3.136s] -- Found PythonInterp: /usr/bin/python3 (found suitable version "3.10.6", minimum required is "3.6") 
[3.145s] -- Found python_cmake_module: 0.10.0 (/opt/ros/humble/share/python_cmake_module/cmake)
[3.188s] -- Found PythonLibs: /usr/lib/x86_64-linux-gnu/libpython3.10.so (found suitable version "3.10.6", minimum required is "3.5") 
[3.188s] -- Using PYTHON_EXECUTABLE: /usr/bin/python3
[3.189s] -- Using PYTHON_INCLUDE_DIRS: /usr/include/python3.10
[3.189s] -- Using PYTHON_LIBRARIES: /usr/lib/x86_64-linux-gnu/libpython3.10.so
[3.213s] -- Found PythonExtra: .so  
[3.465s] -- Found ament_lint_auto: 0.12.6 (/opt/ros/humble/share/ament_lint_auto/cmake)
[3.503s] -- Configuring done
[3.556s] -- Generating done
[3.561s] -- Build files have been written to: /home/inouemakoto/interbotix_ws/build/interbotix_moveit_interface_msgs
[3.580s] Invoked command in '/home/inouemakoto/interbotix_ws/build/interbotix_moveit_interface_msgs' returned '0': CMAKE_PREFIX_PATH=${CMAKE_PREFIX_PATH}:/home/inouemakoto/interbotix_ws/install/moveit_service:/home/inouemakoto/interbotix_ws/install/interbotix_xs_modules:/home/inouemakoto/interbotix_ws/install/interbotix_common_modules:/home/inouemakoto/ws_moveit2/install/moveit_configs_utils:/home/inouemakoto/ws_moveit2/install/launch_param_builder:/home/inouemakoto/install/moveit_service:/home/inouemakoto/install/interbotix_xs_modules:/home/inouemakoto/install/interbotix_common_modules:/opt/ros/humble /usr/bin/cmake /home/inouemakoto/interbotix_ws/src/interbotix_ros_toolboxes/interbotix_common_toolbox/interbotix_moveit_interface_msgs -DCMAKE_INSTALL_PREFIX=/home/inouemakoto/interbotix_ws/install/interbotix_moveit_interface_msgs
[3.581s] Invoking command in '/home/inouemakoto/interbotix_ws/build/interbotix_moveit_interface_msgs': CMAKE_PREFIX_PATH=${CMAKE_PREFIX_PATH}:/home/inouemakoto/interbotix_ws/install/moveit_service:/home/inouemakoto/interbotix_ws/install/interbotix_xs_modules:/home/inouemakoto/interbotix_ws/install/interbotix_common_modules:/home/inouemakoto/ws_moveit2/install/moveit_configs_utils:/home/inouemakoto/ws_moveit2/install/launch_param_builder:/home/inouemakoto/install/moveit_service:/home/inouemakoto/install/interbotix_xs_modules:/home/inouemakoto/install/interbotix_common_modules:/opt/ros/humble /usr/bin/cmake --build /home/inouemakoto/interbotix_ws/build/interbotix_moveit_interface_msgs -- -j20 -l20
[3.658s] [35m[1mConsolidate compiler generated dependencies of target interbotix_moveit_interface_msgs__rosidl_generator_c[0m
[3.676s] [  3%] Built target interbotix_moveit_interface_msgs__cpp
[3.687s] [ 12%] Built target interbotix_moveit_interface_msgs__rosidl_generator_c
[3.700s] [35m[1mConsolidate compiler generated dependencies of target interbotix_moveit_interface_msgs__rosidl_typesupport_cpp[0m
[3.701s] [ 12%] Built target ament_cmake_python_copy_interbotix_moveit_interface_msgs
[3.703s] [35m[1mConsolidate compiler generated dependencies of target interbotix_moveit_interface_msgs__rosidl_typesupport_introspection_cpp[0m
[3.704s] [35m[1mConsolidate compiler generated dependencies of target interbotix_moveit_interface_msgs__rosidl_typesupport_fastrtps_cpp[0m
[3.717s] [35m[1mConsolidate compiler generated dependencies of target interbotix_moveit_interface_msgs__rosidl_typesupport_introspection_c[0m
[3.719s] [35m[1mConsolidate compiler generated dependencies of target interbotix_moveit_interface_msgs__rosidl_typesupport_fastrtps_c[0m
[3.728s] [35m[1mConsolidate compiler generated dependencies of target interbotix_moveit_interface_msgs__rosidl_typesupport_c[0m
[3.736s] [ 22%] Built target interbotix_moveit_interface_msgs__rosidl_typesupport_cpp
[3.737s] [ 32%] Built target interbotix_moveit_interface_msgs__rosidl_typesupport_fastrtps_cpp
[3.738s] [ 41%] Built target interbotix_moveit_interface_msgs__rosidl_typesupport_introspection_cpp
[3.753s] [ 51%] Built target interbotix_moveit_interface_msgs__rosidl_typesupport_introspection_c
[3.758s] [ 61%] Built target interbotix_moveit_interface_msgs__rosidl_typesupport_fastrtps_c
[3.759s] [ 70%] Built target interbotix_moveit_interface_msgs__rosidl_typesupport_c
[3.841s] [ 70%] Built target interbotix_moveit_interface_msgs
[3.888s] [ 74%] Built target interbotix_moveit_interface_msgs__py
[3.907s] [35m[1mConsolidate compiler generated dependencies of target interbotix_moveit_interface_msgs__rosidl_generator_py[0m
[3.928s] [ 80%] Built target interbotix_moveit_interface_msgs__rosidl_generator_py
[3.946s] [35m[1mConsolidate compiler generated dependencies of target interbotix_moveit_interface_msgs__rosidl_typesupport_fastrtps_c__pyext[0m
[3.954s] [35m[1mConsolidate compiler generated dependencies of target interbotix_moveit_interface_msgs__rosidl_typesupport_c__pyext[0m
[3.954s] [35m[1mConsolidate compiler generated dependencies of target interbotix_moveit_interface_msgs__rosidl_typesupport_introspection_c__pyext[0m
[3.968s] [ 83%] [32m[1mLinking C shared library rosidl_generator_py/interbotix_moveit_interface_msgs/interbotix_moveit_interface_msgs_s__rosidl_typesupport_fastrtps_c.cpython-310-x86_64-linux-gnu.so[0m
[3.974s] [ 87%] [32m[1mLinking C shared library rosidl_generator_py/interbotix_moveit_interface_msgs/interbotix_moveit_interface_msgs_s__rosidl_typesupport_introspection_c.cpython-310-x86_64-linux-gnu.so[0m
[3.981s] [ 90%] [32m[1mLinking C shared library rosidl_generator_py/interbotix_moveit_interface_msgs/interbotix_moveit_interface_msgs_s__rosidl_typesupport_c.cpython-310-x86_64-linux-gnu.so[0m
[4.023s] [ 93%] Built target interbotix_moveit_interface_msgs__rosidl_typesupport_fastrtps_c__pyext
[4.031s] [ 96%] Built target interbotix_moveit_interface_msgs__rosidl_typesupport_introspection_c__pyext
[4.042s] [100%] Built target interbotix_moveit_interface_msgs__rosidl_typesupport_c__pyext
[4.132s] running egg_info
[4.132s] writing interbotix_moveit_interface_msgs.egg-info/PKG-INFO
[4.133s] writing dependency_links to interbotix_moveit_interface_msgs.egg-info/dependency_links.txt
[4.133s] writing top-level names to interbotix_moveit_interface_msgs.egg-info/top_level.txt
[4.135s] reading manifest file 'interbotix_moveit_interface_msgs.egg-info/SOURCES.txt'
[4.135s] writing manifest file 'interbotix_moveit_interface_msgs.egg-info/SOURCES.txt'
[4.169s] [100%] Built target ament_cmake_python_build_interbotix_moveit_interface_msgs_egg
[4.183s] Invoked command in '/home/inouemakoto/interbotix_ws/build/interbotix_moveit_interface_msgs' returned '0': CMAKE_PREFIX_PATH=${CMAKE_PREFIX_PATH}:/home/inouemakoto/interbotix_ws/install/moveit_service:/home/inouemakoto/interbotix_ws/install/interbotix_xs_modules:/home/inouemakoto/interbotix_ws/install/interbotix_common_modules:/home/inouemakoto/ws_moveit2/install/moveit_configs_utils:/home/inouemakoto/ws_moveit2/install/launch_param_builder:/home/inouemakoto/install/moveit_service:/home/inouemakoto/install/interbotix_xs_modules:/home/inouemakoto/install/interbotix_common_modules:/opt/ros/humble /usr/bin/cmake --build /home/inouemakoto/interbotix_ws/build/interbotix_moveit_interface_msgs -- -j20 -l20
[4.294s] Invoking command in '/home/inouemakoto/interbotix_ws/build/interbotix_moveit_interface_msgs': CMAKE_PREFIX_PATH=${CMAKE_PREFIX_PATH}:/home/inouemakoto/interbotix_ws/install/moveit_service:/home/inouemakoto/interbotix_ws/install/interbotix_xs_modules:/home/inouemakoto/interbotix_ws/install/interbotix_common_modules:/home/inouemakoto/ws_moveit2/install/moveit_configs_utils:/home/inouemakoto/ws_moveit2/install/launch_param_builder:/home/inouemakoto/install/moveit_service:/home/inouemakoto/install/interbotix_xs_modules:/home/inouemakoto/install/interbotix_common_modules:/opt/ros/humble /usr/bin/cmake --install /home/inouemakoto/interbotix_ws/build/interbotix_moveit_interface_msgs
[4.306s] -- Install configuration: ""
[4.306s] -- Up-to-date: /home/inouemakoto/interbotix_ws/install/interbotix_moveit_interface_msgs/share/ament_index/resource_index/rosidl_interfaces/interbotix_moveit_interface_msgs
[4.306s] -- Up-to-date: /home/inouemakoto/interbotix_ws/install/interbotix_moveit_interface_msgs/include/interbotix_moveit_interface_msgs/interbotix_moveit_interface_msgs
[4.306s] -- Up-to-date: /home/inouemakoto/interbotix_ws/install/interbotix_moveit_interface_msgs/include/interbotix_moveit_interface_msgs/interbotix_moveit_interface_msgs/srv
[4.306s] -- Up-to-date: /home/inouemakoto/interbotix_ws/install/interbotix_moveit_interface_msgs/include/interbotix_moveit_interface_msgs/interbotix_moveit_interface_msgs/srv/move_it_plan.h
[4.307s] -- Up-to-date: /home/inouemakoto/interbotix_ws/install/interbotix_moveit_interface_msgs/include/interbotix_moveit_interface_msgs/interbotix_moveit_interface_msgs/srv/detail
[4.307s] -- Up-to-date: /home/inouemakoto/interbotix_ws/install/interbotix_moveit_interface_msgs/include/interbotix_moveit_interface_msgs/interbotix_moveit_interface_msgs/srv/detail/move_it_plan__functions.h
[4.307s] -- Up-to-date: /home/inouemakoto/interbotix_ws/install/interbotix_moveit_interface_msgs/include/interbotix_moveit_interface_msgs/interbotix_moveit_interface_msgs/srv/detail/move_it_plan__type_support.h
[4.311s] -- Up-to-date: /home/inouemakoto/interbotix_ws/install/interbotix_moveit_interface_msgs/include/interbotix_moveit_interface_msgs/interbotix_moveit_interface_msgs/srv/detail/move_it_plan__functions.c
[4.311s] -- Up-to-date: /home/inouemakoto/interbotix_ws/install/interbotix_moveit_interface_msgs/include/interbotix_moveit_interface_msgs/interbotix_moveit_interface_msgs/srv/detail/move_it_plan__struct.h
[4.311s] -- Up-to-date: /home/inouemakoto/interbotix_ws/install/interbotix_moveit_interface_msgs/include/interbotix_moveit_interface_msgs/interbotix_moveit_interface_msgs/msg
[4.312s] -- Up-to-date: /home/inouemakoto/interbotix_ws/install/interbotix_moveit_interface_msgs/include/interbotix_moveit_interface_msgs/interbotix_moveit_interface_msgs/msg/rosidl_generator_c__visibility_control.h
[4.312s] -- Up-to-date: /home/inouemakoto/interbotix_ws/install/interbotix_moveit_interface_msgs/share/interbotix_moveit_interface_msgs/environment/library_path.sh
[4.312s] -- Installing: /home/inouemakoto/interbotix_ws/install/interbotix_moveit_interface_msgs/share/interbotix_moveit_interface_msgs/environment/library_path.dsv
[4.312s] -- Up-to-date: /home/inouemakoto/interbotix_ws/install/interbotix_moveit_interface_msgs/lib/libinterbotix_moveit_interface_msgs__rosidl_generator_c.so
[4.312s] -- Up-to-date: /home/inouemakoto/interbotix_ws/install/interbotix_moveit_interface_msgs/include/interbotix_moveit_interface_msgs/interbotix_moveit_interface_msgs
[4.312s] -- Up-to-date: /home/inouemakoto/interbotix_ws/install/interbotix_moveit_interface_msgs/include/interbotix_moveit_interface_msgs/interbotix_moveit_interface_msgs/srv
[4.312s] -- Up-to-date: /home/inouemakoto/interbotix_ws/install/interbotix_moveit_interface_msgs/include/interbotix_moveit_interface_msgs/interbotix_moveit_interface_msgs/srv/detail
[4.312s] -- Up-to-date: /home/inouemakoto/interbotix_ws/install/interbotix_moveit_interface_msgs/include/interbotix_moveit_interface_msgs/interbotix_moveit_interface_msgs/srv/detail/move_it_plan__rosidl_typesupport_fastrtps_c.h
[4.312s] -- Up-to-date: /home/inouemakoto/interbotix_ws/install/interbotix_moveit_interface_msgs/include/interbotix_moveit_interface_msgs/interbotix_moveit_interface_msgs/msg
[4.312s] -- Up-to-date: /home/inouemakoto/interbotix_ws/install/interbotix_moveit_interface_msgs/include/interbotix_moveit_interface_msgs/interbotix_moveit_interface_msgs/msg/rosidl_typesupport_fastrtps_c__visibility_control.h
[4.312s] -- Up-to-date: /home/inouemakoto/interbotix_ws/install/interbotix_moveit_interface_msgs/lib/libinterbotix_moveit_interface_msgs__rosidl_typesupport_fastrtps_c.so
[4.312s] -- Up-to-date: /home/inouemakoto/interbotix_ws/install/interbotix_moveit_interface_msgs/include/interbotix_moveit_interface_msgs/interbotix_moveit_interface_msgs
[4.313s] -- Up-to-date: /home/inouemakoto/interbotix_ws/install/interbotix_moveit_interface_msgs/include/interbotix_moveit_interface_msgs/interbotix_moveit_interface_msgs/srv
[4.313s] -- Up-to-date: /home/inouemakoto/interbotix_ws/install/interbotix_moveit_interface_msgs/include/interbotix_moveit_interface_msgs/interbotix_moveit_interface_msgs/srv/detail
[4.313s] -- Up-to-date: /home/inouemakoto/interbotix_ws/install/interbotix_moveit_interface_msgs/include/interbotix_moveit_interface_msgs/interbotix_moveit_interface_msgs/srv/detail/move_it_plan__rosidl_typesupport_introspection_c.h
[4.313s] -- Up-to-date: /home/inouemakoto/interbotix_ws/install/interbotix_moveit_interface_msgs/include/interbotix_moveit_interface_msgs/interbotix_moveit_interface_msgs/srv/detail/move_it_plan__type_support.c
[4.313s] -- Up-to-date: /home/inouemakoto/interbotix_ws/install/interbotix_moveit_interface_msgs/include/interbotix_moveit_interface_msgs/interbotix_moveit_interface_msgs/msg
[4.313s] -- Up-to-date: /home/inouemakoto/interbotix_ws/install/interbotix_moveit_interface_msgs/include/interbotix_moveit_interface_msgs/interbotix_moveit_interface_msgs/msg/rosidl_typesupport_introspection_c__visibility_control.h
[4.313s] -- Up-to-date: /home/inouemakoto/interbotix_ws/install/interbotix_moveit_interface_msgs/lib/libinterbotix_moveit_interface_msgs__rosidl_typesupport_introspection_c.so
[4.313s] -- Up-to-date: /home/inouemakoto/interbotix_ws/install/interbotix_moveit_interface_msgs/lib/libinterbotix_moveit_interface_msgs__rosidl_typesupport_c.so
[4.313s] -- Up-to-date: /home/inouemakoto/interbotix_ws/install/interbotix_moveit_interface_msgs/include/interbotix_moveit_interface_msgs/interbotix_moveit_interface_msgs
[4.313s] -- Up-to-date: /home/inouemakoto/interbotix_ws/install/interbotix_moveit_interface_msgs/include/interbotix_moveit_interface_msgs/interbotix_moveit_interface_msgs/srv
[4.313s] -- Up-to-date: /home/inouemakoto/interbotix_ws/install/interbotix_moveit_interface_msgs/include/interbotix_moveit_interface_msgs/interbotix_moveit_interface_msgs/srv/move_it_plan.hpp
[4.313s] -- Up-to-date: /home/inouemakoto/interbotix_ws/install/interbotix_moveit_interface_msgs/include/interbotix_moveit_interface_msgs/interbotix_moveit_interface_msgs/srv/detail
[4.313s] -- Up-to-date: /home/inouemakoto/interbotix_ws/install/interbotix_moveit_interface_msgs/include/interbotix_moveit_interface_msgs/interbotix_moveit_interface_msgs/srv/detail/move_it_plan__traits.hpp
[4.313s] -- Up-to-date: /home/inouemakoto/interbotix_ws/install/interbotix_moveit_interface_msgs/include/interbotix_moveit_interface_msgs/interbotix_moveit_interface_msgs/srv/detail/move_it_plan__struct.hpp
[4.314s] -- Up-to-date: /home/inouemakoto/interbotix_ws/install/interbotix_moveit_interface_msgs/include/interbotix_moveit_interface_msgs/interbotix_moveit_interface_msgs/srv/detail/move_it_plan__builder.hpp
[4.314s] -- Up-to-date: /home/inouemakoto/interbotix_ws/install/interbotix_moveit_interface_msgs/include/interbotix_moveit_interface_msgs/interbotix_moveit_interface_msgs
[4.314s] -- Up-to-date: /home/inouemakoto/interbotix_ws/install/interbotix_moveit_interface_msgs/include/interbotix_moveit_interface_msgs/interbotix_moveit_interface_msgs/srv
[4.314s] -- Up-to-date: /home/inouemakoto/interbotix_ws/install/interbotix_moveit_interface_msgs/include/interbotix_moveit_interface_msgs/interbotix_moveit_interface_msgs/srv/detail
[4.314s] -- Up-to-date: /home/inouemakoto/interbotix_ws/install/interbotix_moveit_interface_msgs/include/interbotix_moveit_interface_msgs/interbotix_moveit_interface_msgs/srv/detail/dds_fastrtps
[4.314s] -- Up-to-date: /home/inouemakoto/interbotix_ws/install/interbotix_moveit_interface_msgs/include/interbotix_moveit_interface_msgs/interbotix_moveit_interface_msgs/srv/detail/move_it_plan__rosidl_typesupport_fastrtps_cpp.hpp
[4.314s] -- Up-to-date: /home/inouemakoto/interbotix_ws/install/interbotix_moveit_interface_msgs/include/interbotix_moveit_interface_msgs/interbotix_moveit_interface_msgs/msg
[4.314s] -- Up-to-date: /home/inouemakoto/interbotix_ws/install/interbotix_moveit_interface_msgs/include/interbotix_moveit_interface_msgs/interbotix_moveit_interface_msgs/msg/rosidl_typesupport_fastrtps_cpp__visibility_control.h
[4.314s] -- Up-to-date: /home/inouemakoto/interbotix_ws/install/interbotix_moveit_interface_msgs/lib/libinterbotix_moveit_interface_msgs__rosidl_typesupport_fastrtps_cpp.so
[4.314s] -- Up-to-date: /home/inouemakoto/interbotix_ws/install/interbotix_moveit_interface_msgs/include/interbotix_moveit_interface_msgs/interbotix_moveit_interface_msgs
[4.314s] -- Up-to-date: /home/inouemakoto/interbotix_ws/install/interbotix_moveit_interface_msgs/include/interbotix_moveit_interface_msgs/interbotix_moveit_interface_msgs/srv
[4.314s] -- Up-to-date: /home/inouemakoto/interbotix_ws/install/interbotix_moveit_interface_msgs/include/interbotix_moveit_interface_msgs/interbotix_moveit_interface_msgs/srv/detail
[4.314s] -- Up-to-date: /home/inouemakoto/interbotix_ws/install/interbotix_moveit_interface_msgs/include/interbotix_moveit_interface_msgs/interbotix_moveit_interface_msgs/srv/detail/move_it_plan__type_support.cpp
[4.314s] -- Up-to-date: /home/inouemakoto/interbotix_ws/install/interbotix_moveit_interface_msgs/include/interbotix_moveit_interface_msgs/interbotix_moveit_interface_msgs/srv/detail/move_it_plan__rosidl_typesupport_introspection_cpp.hpp
[4.314s] -- Up-to-date: /home/inouemakoto/interbotix_ws/install/interbotix_moveit_interface_msgs/lib/libinterbotix_moveit_interface_msgs__rosidl_typesupport_introspection_cpp.so
[4.315s] -- Up-to-date: /home/inouemakoto/interbotix_ws/install/interbotix_moveit_interface_msgs/lib/libinterbotix_moveit_interface_msgs__rosidl_typesupport_cpp.so
[4.315s] -- Up-to-date: /home/inouemakoto/interbotix_ws/install/interbotix_moveit_interface_msgs/share/interbotix_moveit_interface_msgs/environment/pythonpath.sh
[4.315s] -- Installing: /home/inouemakoto/interbotix_ws/install/interbotix_moveit_interface_msgs/share/interbotix_moveit_interface_msgs/environment/pythonpath.dsv
[4.315s] -- Up-to-date: /home/inouemakoto/interbotix_ws/install/interbotix_moveit_interface_msgs/local/lib/python3.10/dist-packages/interbotix_moveit_interface_msgs-0.0.0-py3.10.egg-info
[4.315s] -- Installing: /home/inouemakoto/interbotix_ws/install/interbotix_moveit_interface_msgs/local/lib/python3.10/dist-packages/interbotix_moveit_interface_msgs-0.0.0-py3.10.egg-info/top_level.txt
[4.315s] -- Installing: /home/inouemakoto/interbotix_ws/install/interbotix_moveit_interface_msgs/local/lib/python3.10/dist-packages/interbotix_moveit_interface_msgs-0.0.0-py3.10.egg-info/dependency_links.txt
[4.315s] -- Installing: /home/inouemakoto/interbotix_ws/install/interbotix_moveit_interface_msgs/local/lib/python3.10/dist-packages/interbotix_moveit_interface_msgs-0.0.0-py3.10.egg-info/SOURCES.txt
[4.315s] -- Installing: /home/inouemakoto/interbotix_ws/install/interbotix_moveit_interface_msgs/local/lib/python3.10/dist-packages/interbotix_moveit_interface_msgs-0.0.0-py3.10.egg-info/PKG-INFO
[4.315s] -- Up-to-date: /home/inouemakoto/interbotix_ws/install/interbotix_moveit_interface_msgs/local/lib/python3.10/dist-packages/interbotix_moveit_interface_msgs
[4.315s] -- Installing: /home/inouemakoto/interbotix_ws/install/interbotix_moveit_interface_msgs/local/lib/python3.10/dist-packages/interbotix_moveit_interface_msgs/interbotix_moveit_interface_msgs_s__rosidl_typesupport_fastrtps_c.cpython-310-x86_64-linux-gnu.so
[4.316s] -- Installing: /home/inouemakoto/interbotix_ws/install/interbotix_moveit_interface_msgs/local/lib/python3.10/dist-packages/interbotix_moveit_interface_msgs/interbotix_moveit_interface_msgs_s__rosidl_typesupport_c.cpython-310-x86_64-linux-gnu.so
[4.316s] -- Up-to-date: /home/inouemakoto/interbotix_ws/install/interbotix_moveit_interface_msgs/local/lib/python3.10/dist-packages/interbotix_moveit_interface_msgs/libinterbotix_moveit_interface_msgs__rosidl_generator_py.so
[4.316s] -- Up-to-date: /home/inouemakoto/interbotix_ws/install/interbotix_moveit_interface_msgs/local/lib/python3.10/dist-packages/interbotix_moveit_interface_msgs/srv
[4.316s] -- Up-to-date: /home/inouemakoto/interbotix_ws/install/interbotix_moveit_interface_msgs/local/lib/python3.10/dist-packages/interbotix_moveit_interface_msgs/srv/_move_it_plan_s.c
[4.316s] -- Up-to-date: /home/inouemakoto/interbotix_ws/install/interbotix_moveit_interface_msgs/local/lib/python3.10/dist-packages/interbotix_moveit_interface_msgs/srv/_move_it_plan.py
[4.316s] -- Up-to-date: /home/inouemakoto/interbotix_ws/install/interbotix_moveit_interface_msgs/local/lib/python3.10/dist-packages/interbotix_moveit_interface_msgs/srv/__init__.py
[4.316s] -- Up-to-date: /home/inouemakoto/interbotix_ws/install/interbotix_moveit_interface_msgs/local/lib/python3.10/dist-packages/interbotix_moveit_interface_msgs/_interbotix_moveit_interface_msgs_s.ep.rosidl_typesupport_c.c
[4.316s] -- Up-to-date: /home/inouemakoto/interbotix_ws/install/interbotix_moveit_interface_msgs/local/lib/python3.10/dist-packages/interbotix_moveit_interface_msgs/_interbotix_moveit_interface_msgs_s.ep.rosidl_typesupport_fastrtps_c.c
[4.316s] -- Installing: /home/inouemakoto/interbotix_ws/install/interbotix_moveit_interface_msgs/local/lib/python3.10/dist-packages/interbotix_moveit_interface_msgs/interbotix_moveit_interface_msgs_s__rosidl_typesupport_introspection_c.cpython-310-x86_64-linux-gnu.so
[4.316s] -- Up-to-date: /home/inouemakoto/interbotix_ws/install/interbotix_moveit_interface_msgs/local/lib/python3.10/dist-packages/interbotix_moveit_interface_msgs/_interbotix_moveit_interface_msgs_s.ep.rosidl_typesupport_introspection_c.c
[4.316s] -- Installing: /home/inouemakoto/interbotix_ws/install/interbotix_moveit_interface_msgs/local/lib/python3.10/dist-packages/interbotix_moveit_interface_msgs/__init__.py
[4.351s] Listing '/home/inouemakoto/interbotix_ws/install/interbotix_moveit_interface_msgs/local/lib/python3.10/dist-packages/interbotix_moveit_interface_msgs'...
[4.351s] Compiling '/home/inouemakoto/interbotix_ws/install/interbotix_moveit_interface_msgs/local/lib/python3.10/dist-packages/interbotix_moveit_interface_msgs/__init__.py'...
[4.351s] Listing '/home/inouemakoto/interbotix_ws/install/interbotix_moveit_interface_msgs/local/lib/python3.10/dist-packages/interbotix_moveit_interface_msgs/srv'...
[4.355s] -- Installing: /home/inouemakoto/interbotix_ws/install/interbotix_moveit_interface_msgs/local/lib/python3.10/dist-packages/interbotix_moveit_interface_msgs/interbotix_moveit_interface_msgs_s__rosidl_typesupport_fastrtps_c.cpython-310-x86_64-linux-gnu.so
[4.356s] -- Set runtime path of "/home/inouemakoto/interbotix_ws/install/interbotix_moveit_interface_msgs/local/lib/python3.10/dist-packages/interbotix_moveit_interface_msgs/interbotix_moveit_interface_msgs_s__rosidl_typesupport_fastrtps_c.cpython-310-x86_64-linux-gnu.so" to ""
[4.356s] -- Installing: /home/inouemakoto/interbotix_ws/install/interbotix_moveit_interface_msgs/local/lib/python3.10/dist-packages/interbotix_moveit_interface_msgs/interbotix_moveit_interface_msgs_s__rosidl_typesupport_introspection_c.cpython-310-x86_64-linux-gnu.so
[4.356s] -- Set runtime path of "/home/inouemakoto/interbotix_ws/install/interbotix_moveit_interface_msgs/local/lib/python3.10/dist-packages/interbotix_moveit_interface_msgs/interbotix_moveit_interface_msgs_s__rosidl_typesupport_introspection_c.cpython-310-x86_64-linux-gnu.so" to ""
[4.356s] -- Installing: /home/inouemakoto/interbotix_ws/install/interbotix_moveit_interface_msgs/local/lib/python3.10/dist-packages/interbotix_moveit_interface_msgs/interbotix_moveit_interface_msgs_s__rosidl_typesupport_c.cpython-310-x86_64-linux-gnu.so
[4.357s] -- Set runtime path of "/home/inouemakoto/interbotix_ws/install/interbotix_moveit_interface_msgs/local/lib/python3.10/dist-packages/interbotix_moveit_interface_msgs/interbotix_moveit_interface_msgs_s__rosidl_typesupport_c.cpython-310-x86_64-linux-gnu.so" to ""
[4.357s] -- Up-to-date: /home/inouemakoto/interbotix_ws/install/interbotix_moveit_interface_msgs/lib/libinterbotix_moveit_interface_msgs__rosidl_generator_py.so
[4.357s] -- Up-to-date: /home/inouemakoto/interbotix_ws/install/interbotix_moveit_interface_msgs/share/interbotix_moveit_interface_msgs/srv/MoveItPlan.idl
[4.357s] -- Up-to-date: /home/inouemakoto/interbotix_ws/install/interbotix_moveit_interface_msgs/share/interbotix_moveit_interface_msgs/srv/MoveItPlan.srv
[4.357s] -- Up-to-date: /home/inouemakoto/interbotix_ws/install/interbotix_moveit_interface_msgs/share/interbotix_moveit_interface_msgs/srv/MoveItPlan_Request.msg
[4.357s] -- Up-to-date: /home/inouemakoto/interbotix_ws/install/interbotix_moveit_interface_msgs/share/interbotix_moveit_interface_msgs/srv/MoveItPlan_Response.msg
[4.357s] -- Up-to-date: /home/inouemakoto/interbotix_ws/install/interbotix_moveit_interface_msgs/share/ament_index/resource_index/package_run_dependencies/interbotix_moveit_interface_msgs
[4.357s] -- Installing: /home/inouemakoto/interbotix_ws/install/interbotix_moveit_interface_msgs/share/ament_index/resource_index/parent_prefix_path/interbotix_moveit_interface_msgs
[4.357s] -- Up-to-date: /home/inouemakoto/interbotix_ws/install/interbotix_moveit_interface_msgs/share/interbotix_moveit_interface_msgs/environment/ament_prefix_path.sh
[4.357s] -- Installing: /home/inouemakoto/interbotix_ws/install/interbotix_moveit_interface_msgs/share/interbotix_moveit_interface_msgs/environment/ament_prefix_path.dsv
[4.358s] -- Up-to-date: /home/inouemakoto/interbotix_ws/install/interbotix_moveit_interface_msgs/share/interbotix_moveit_interface_msgs/environment/path.sh
[4.358s] -- Installing: /home/inouemakoto/interbotix_ws/install/interbotix_moveit_interface_msgs/share/interbotix_moveit_interface_msgs/environment/path.dsv
[4.358s] -- Up-to-date: /home/inouemakoto/interbotix_ws/install/interbotix_moveit_interface_msgs/share/interbotix_moveit_interface_msgs/local_setup.bash
[4.358s] -- Up-to-date: /home/inouemakoto/interbotix_ws/install/interbotix_moveit_interface_msgs/share/interbotix_moveit_interface_msgs/local_setup.sh
[4.358s] -- Up-to-date: /home/inouemakoto/interbotix_ws/install/interbotix_moveit_interface_msgs/share/interbotix_moveit_interface_msgs/local_setup.zsh
[4.358s] -- Installing: /home/inouemakoto/interbotix_ws/install/interbotix_moveit_interface_msgs/share/interbotix_moveit_interface_msgs/local_setup.dsv
[4.358s] -- Installing: /home/inouemakoto/interbotix_ws/install/interbotix_moveit_interface_msgs/share/interbotix_moveit_interface_msgs/package.dsv
[4.358s] -- Up-to-date: /home/inouemakoto/interbotix_ws/install/interbotix_moveit_interface_msgs/share/ament_index/resource_index/packages/interbotix_moveit_interface_msgs
[4.358s] -- Up-to-date: /home/inouemakoto/interbotix_ws/install/interbotix_moveit_interface_msgs/share/interbotix_moveit_interface_msgs/cmake/export_interbotix_moveit_interface_msgs__rosidl_generator_cExport.cmake
[4.358s] -- Up-to-date: /home/inouemakoto/interbotix_ws/install/interbotix_moveit_interface_msgs/share/interbotix_moveit_interface_msgs/cmake/export_interbotix_moveit_interface_msgs__rosidl_generator_cExport-noconfig.cmake
[4.358s] -- Up-to-date: /home/inouemakoto/interbotix_ws/install/interbotix_moveit_interface_msgs/share/interbotix_moveit_interface_msgs/cmake/export_interbotix_moveit_interface_msgs__rosidl_typesupport_fastrtps_cExport.cmake
[4.359s] -- Up-to-date: /home/inouemakoto/interbotix_ws/install/interbotix_moveit_interface_msgs/share/interbotix_moveit_interface_msgs/cmake/export_interbotix_moveit_interface_msgs__rosidl_typesupport_fastrtps_cExport-noconfig.cmake
[4.359s] -- Up-to-date: /home/inouemakoto/interbotix_ws/install/interbotix_moveit_interface_msgs/share/interbotix_moveit_interface_msgs/cmake/interbotix_moveit_interface_msgs__rosidl_typesupport_introspection_cExport.cmake
[4.359s] -- Up-to-date: /home/inouemakoto/interbotix_ws/install/interbotix_moveit_interface_msgs/share/interbotix_moveit_interface_msgs/cmake/interbotix_moveit_interface_msgs__rosidl_typesupport_introspection_cExport-noconfig.cmake
[4.359s] -- Up-to-date: /home/inouemakoto/interbotix_ws/install/interbotix_moveit_interface_msgs/share/interbotix_moveit_interface_msgs/cmake/interbotix_moveit_interface_msgs__rosidl_typesupport_cExport.cmake
[4.359s] -- Up-to-date: /home/inouemakoto/interbotix_ws/install/interbotix_moveit_interface_msgs/share/interbotix_moveit_interface_msgs/cmake/interbotix_moveit_interface_msgs__rosidl_typesupport_cExport-noconfig.cmake
[4.359s] -- Up-to-date: /home/inouemakoto/interbotix_ws/install/interbotix_moveit_interface_msgs/share/interbotix_moveit_interface_msgs/cmake/export_interbotix_moveit_interface_msgs__rosidl_generator_cppExport.cmake
[4.359s] -- Up-to-date: /home/inouemakoto/interbotix_ws/install/interbotix_moveit_interface_msgs/share/interbotix_moveit_interface_msgs/cmake/export_interbotix_moveit_interface_msgs__rosidl_typesupport_fastrtps_cppExport.cmake
[4.359s] -- Up-to-date: /home/inouemakoto/interbotix_ws/install/interbotix_moveit_interface_msgs/share/interbotix_moveit_interface_msgs/cmake/export_interbotix_moveit_interface_msgs__rosidl_typesupport_fastrtps_cppExport-noconfig.cmake
[4.359s] -- Up-to-date: /home/inouemakoto/interbotix_ws/install/interbotix_moveit_interface_msgs/share/interbotix_moveit_interface_msgs/cmake/interbotix_moveit_interface_msgs__rosidl_typesupport_introspection_cppExport.cmake
[4.359s] -- Up-to-date: /home/inouemakoto/interbotix_ws/install/interbotix_moveit_interface_msgs/share/interbotix_moveit_interface_msgs/cmake/interbotix_moveit_interface_msgs__rosidl_typesupport_introspection_cppExport-noconfig.cmake
[4.359s] -- Up-to-date: /home/inouemakoto/interbotix_ws/install/interbotix_moveit_interface_msgs/share/interbotix_moveit_interface_msgs/cmake/interbotix_moveit_interface_msgs__rosidl_typesupport_cppExport.cmake
[4.360s] -- Up-to-date: /home/inouemakoto/interbotix_ws/install/interbotix_moveit_interface_msgs/share/interbotix_moveit_interface_msgs/cmake/interbotix_moveit_interface_msgs__rosidl_typesupport_cppExport-noconfig.cmake
[4.360s] -- Up-to-date: /home/inouemakoto/interbotix_ws/install/interbotix_moveit_interface_msgs/share/interbotix_moveit_interface_msgs/cmake/export_interbotix_moveit_interface_msgs__rosidl_generator_pyExport.cmake
[4.360s] -- Up-to-date: /home/inouemakoto/interbotix_ws/install/interbotix_moveit_interface_msgs/share/interbotix_moveit_interface_msgs/cmake/export_interbotix_moveit_interface_msgs__rosidl_generator_pyExport-noconfig.cmake
[4.360s] -- Up-to-date: /home/inouemakoto/interbotix_ws/install/interbotix_moveit_interface_msgs/share/interbotix_moveit_interface_msgs/cmake/rosidl_cmake-extras.cmake
[4.360s] -- Up-to-date: /home/inouemakoto/interbotix_ws/install/interbotix_moveit_interface_msgs/share/interbotix_moveit_interface_msgs/cmake/ament_cmake_export_dependencies-extras.cmake
[4.360s] -- Up-to-date: /home/inouemakoto/interbotix_ws/install/interbotix_moveit_interface_msgs/share/interbotix_moveit_interface_msgs/cmake/ament_cmake_export_include_directories-extras.cmake
[4.360s] -- Up-to-date: /home/inouemakoto/interbotix_ws/install/interbotix_moveit_interface_msgs/share/interbotix_moveit_interface_msgs/cmake/ament_cmake_export_libraries-extras.cmake
[4.360s] -- Up-to-date: /home/inouemakoto/interbotix_ws/install/interbotix_moveit_interface_msgs/share/interbotix_moveit_interface_msgs/cmake/ament_cmake_export_targets-extras.cmake
[4.361s] -- Up-to-date: /home/inouemakoto/interbotix_ws/install/interbotix_moveit_interface_msgs/share/interbotix_moveit_interface_msgs/cmake/rosidl_cmake_export_typesupport_targets-extras.cmake
[4.361s] -- Up-to-date: /home/inouemakoto/interbotix_ws/install/interbotix_moveit_interface_msgs/share/interbotix_moveit_interface_msgs/cmake/rosidl_cmake_export_typesupport_libraries-extras.cmake
[4.361s] -- Up-to-date: /home/inouemakoto/interbotix_ws/install/interbotix_moveit_interface_msgs/share/interbotix_moveit_interface_msgs/cmake/interbotix_moveit_interface_msgsConfig.cmake
[4.361s] -- Up-to-date: /home/inouemakoto/interbotix_ws/install/interbotix_moveit_interface_msgs/share/interbotix_moveit_interface_msgs/cmake/interbotix_moveit_interface_msgsConfig-version.cmake
[4.361s] -- Up-to-date: /home/inouemakoto/interbotix_ws/install/interbotix_moveit_interface_msgs/share/interbotix_moveit_interface_msgs/package.xml
[4.365s] Invoked command in '/home/inouemakoto/interbotix_ws/build/interbotix_moveit_interface_msgs' returned '0': CMAKE_PREFIX_PATH=${CMAKE_PREFIX_PATH}:/home/inouemakoto/interbotix_ws/install/moveit_service:/home/inouemakoto/interbotix_ws/install/interbotix_xs_modules:/home/inouemakoto/interbotix_ws/install/interbotix_common_modules:/home/inouemakoto/ws_moveit2/install/moveit_configs_utils:/home/inouemakoto/ws_moveit2/install/launch_param_builder:/home/inouemakoto/install/moveit_service:/home/inouemakoto/install/interbotix_xs_modules:/home/inouemakoto/install/interbotix_common_modules:/opt/ros/humble /usr/bin/cmake --install /home/inouemakoto/interbotix_ws/build/interbotix_moveit_interface_msgs
