[1.746s] Invoking command in '/home/inouemakoto/interbotix_ws/src/makoto': PYTHONPATH=/home/inouemakoto/interbotix_ws/build/makoto/prefix_override:/home/inouemakoto/interbotix_ws/install/makoto/lib/python3.10/site-packages:${PYTHONPATH} /usr/bin/python3 setup.py egg_info --egg-base ../../build/makoto build --build-base /home/inouemakoto/interbotix_ws/build/makoto/build install --record /home/inouemakoto/interbotix_ws/build/makoto/install.log --single-version-externally-managed
[2.042s] running egg_info
[2.042s] creating ../../build/makoto/makoto.egg-info
[2.043s] writing ../../build/makoto/makoto.egg-info/PKG-INFO
[2.043s] writing dependency_links to ../../build/makoto/makoto.egg-info/dependency_links.txt
[2.043s] writing entry points to ../../build/makoto/makoto.egg-info/entry_points.txt
[2.043s] writing requirements to ../../build/makoto/makoto.egg-info/requires.txt
[2.043s] writing top-level names to ../../build/makoto/makoto.egg-info/top_level.txt
[2.043s] writing manifest file '../../build/makoto/makoto.egg-info/SOURCES.txt'
[2.047s] reading manifest file '../../build/makoto/makoto.egg-info/SOURCES.txt'
[2.047s] writing manifest file '../../build/makoto/makoto.egg-info/SOURCES.txt'
[2.047s] running build
[2.047s] running build_py
[2.048s] creating /home/inouemakoto/interbotix_ws/build/makoto/build
[2.048s] creating /home/inouemakoto/interbotix_ws/build/makoto/build/lib
[2.048s] creating /home/inouemakoto/interbotix_ws/build/makoto/build/lib/makoto
[2.048s] copying makoto/pick__place.py -> /home/inouemakoto/interbotix_ws/build/makoto/build/lib/makoto
[2.048s] copying makoto/__init__.py -> /home/inouemakoto/interbotix_ws/build/makoto/build/lib/makoto
[2.048s] running install
[2.048s] running install_lib
[2.048s] creating /home/inouemakoto/interbotix_ws/install/makoto/lib/python3.10/site-packages/makoto
[2.048s] copying /home/inouemakoto/interbotix_ws/build/makoto/build/lib/makoto/pick__place.py -> /home/inouemakoto/interbotix_ws/install/makoto/lib/python3.10/site-packages/makoto
[2.048s] copying /home/inouemakoto/interbotix_ws/build/makoto/build/lib/makoto/__init__.py -> /home/inouemakoto/interbotix_ws/install/makoto/lib/python3.10/site-packages/makoto
[2.048s] byte-compiling /home/inouemakoto/interbotix_ws/install/makoto/lib/python3.10/site-packages/makoto/pick__place.py to pick__place.cpython-310.pyc
[2.048s] byte-compiling /home/inouemakoto/interbotix_ws/install/makoto/lib/python3.10/site-packages/makoto/__init__.py to __init__.cpython-310.pyc
[2.049s] running install_data
[2.049s] creating /home/inouemakoto/interbotix_ws/install/makoto/share/ament_index
[2.049s] creating /home/inouemakoto/interbotix_ws/install/makoto/share/ament_index/resource_index
[2.049s] creating /home/inouemakoto/interbotix_ws/install/makoto/share/ament_index/resource_index/packages
[2.049s] copying resource/makoto -> /home/inouemakoto/interbotix_ws/install/makoto/share/ament_index/resource_index/packages
[2.049s] copying package.xml -> /home/inouemakoto/interbotix_ws/install/makoto/share/makoto
[2.049s] running install_egg_info
[2.051s] Copying ../../build/makoto/makoto.egg-info to /home/inouemakoto/interbotix_ws/install/makoto/lib/python3.10/site-packages/makoto-0.0.0-py3.10.egg-info
[2.052s] running install_scripts
[2.073s] Installing pick__place script to /home/inouemakoto/interbotix_ws/install/makoto/lib/makoto
[2.073s] writing list of installed files to '/home/inouemakoto/interbotix_ws/build/makoto/install.log'
[2.104s] Invoked command in '/home/inouemakoto/interbotix_ws/src/makoto' returned '0': PYTHONPATH=/home/inouemakoto/interbotix_ws/build/makoto/prefix_override:/home/inouemakoto/interbotix_ws/install/makoto/lib/python3.10/site-packages:${PYTHONPATH} /usr/bin/python3 setup.py egg_info --egg-base ../../build/makoto build --build-base /home/inouemakoto/interbotix_ws/build/makoto/build install --record /home/inouemakoto/interbotix_ws/build/makoto/install.log --single-version-externally-managed
