[0.323s] Invoking command in '/home/inouemakoto/interbotix_ws/build/interbotix_tf_tools': CMAKE_PREFIX_PATH=${CMAKE_PREFIX_PATH}:/home/inouemakoto/interbotix_ws/install/moveit_service:/home/inouemakoto/interbotix_ws/install/interbotix_xs_modules:/home/inouemakoto/interbotix_ws/install/interbotix_common_modules:/home/inouemakoto/ws_moveit2/install/moveit_configs_utils:/home/inouemakoto/ws_moveit2/install/launch_param_builder:/home/inouemakoto/install/interbotix_xs_modules:/home/inouemakoto/install/interbotix_common_modules:/opt/ros/humble /usr/bin/cmake --build /home/inouemakoto/interbotix_ws/build/interbotix_tf_tools -- -j20 -l20
[0.697s] [100%] Built target tf_rebroadcaster
[0.703s] Invoked command in '/home/inouemakoto/interbotix_ws/build/interbotix_tf_tools' returned '0': CMAKE_PREFIX_PATH=${CMAKE_PREFIX_PATH}:/home/inouemakoto/interbotix_ws/install/moveit_service:/home/inouemakoto/interbotix_ws/install/interbotix_xs_modules:/home/inouemakoto/interbotix_ws/install/interbotix_common_modules:/home/inouemakoto/ws_moveit2/install/moveit_configs_utils:/home/inouemakoto/ws_moveit2/install/launch_param_builder:/home/inouemakoto/install/interbotix_xs_modules:/home/inouemakoto/install/interbotix_common_modules:/opt/ros/humble /usr/bin/cmake --build /home/inouemakoto/interbotix_ws/build/interbotix_tf_tools -- -j20 -l20
[0.762s] Invoking command in '/home/inouemakoto/interbotix_ws/build/interbotix_tf_tools': CMAKE_PREFIX_PATH=${CMAKE_PREFIX_PATH}:/home/inouemakoto/interbotix_ws/install/moveit_service:/home/inouemakoto/interbotix_ws/install/interbotix_xs_modules:/home/inouemakoto/interbotix_ws/install/interbotix_common_modules:/home/inouemakoto/ws_moveit2/install/moveit_configs_utils:/home/inouemakoto/ws_moveit2/install/launch_param_builder:/home/inouemakoto/install/interbotix_xs_modules:/home/inouemakoto/install/interbotix_common_modules:/opt/ros/humble /usr/bin/cmake --install /home/inouemakoto/interbotix_ws/build/interbotix_tf_tools
[0.781s] -- Install configuration: "Debug"
[0.782s] -- Execute custom install script
[0.782s] -- Up-to-date symlink: /home/inouemakoto/interbotix_ws/install/interbotix_tf_tools/lib/libtf_rebroadcaster.so
[0.782s] -- Up-to-date symlink: /home/inouemakoto/interbotix_ws/install/interbotix_tf_tools/lib/interbotix_tf_tools/static_trans_pub.py
[0.783s] -- Up-to-date symlink: /home/inouemakoto/interbotix_ws/install/interbotix_tf_tools/share/interbotix_tf_tools//config/tf_rebroadcaster.yaml
[0.784s] -- Up-to-date symlink: /home/inouemakoto/interbotix_ws/install/interbotix_tf_tools/share/interbotix_tf_tools//launch/static_transform_pub.launch.py
[0.784s] -- Up-to-date symlink: /home/inouemakoto/interbotix_ws/install/interbotix_tf_tools/share/interbotix_tf_tools//launch/tf_rebroadcaster.launch.py
[0.784s] -- Up-to-date symlink: /home/inouemakoto/interbotix_ws/install/interbotix_tf_tools/share/ament_index/resource_index/package_run_dependencies/interbotix_tf_tools
[0.785s] -- Up-to-date symlink: /home/inouemakoto/interbotix_ws/install/interbotix_tf_tools/share/ament_index/resource_index/parent_prefix_path/interbotix_tf_tools
[0.786s] -- Up-to-date symlink: /home/inouemakoto/interbotix_ws/install/interbotix_tf_tools/share/interbotix_tf_tools/environment/ament_prefix_path.sh
[0.786s] -- Up-to-date symlink: /home/inouemakoto/interbotix_ws/install/interbotix_tf_tools/share/interbotix_tf_tools/environment/ament_prefix_path.dsv
[0.786s] -- Up-to-date symlink: /home/inouemakoto/interbotix_ws/install/interbotix_tf_tools/share/interbotix_tf_tools/environment/path.sh
[0.786s] -- Up-to-date symlink: /home/inouemakoto/interbotix_ws/install/interbotix_tf_tools/share/interbotix_tf_tools/environment/path.dsv
[0.787s] -- Up-to-date symlink: /home/inouemakoto/interbotix_ws/install/interbotix_tf_tools/share/interbotix_tf_tools/local_setup.bash
[0.787s] -- Up-to-date symlink: /home/inouemakoto/interbotix_ws/install/interbotix_tf_tools/share/interbotix_tf_tools/local_setup.sh
[0.787s] -- Up-to-date symlink: /home/inouemakoto/interbotix_ws/install/interbotix_tf_tools/share/interbotix_tf_tools/local_setup.zsh
[0.787s] -- Up-to-date symlink: /home/inouemakoto/interbotix_ws/install/interbotix_tf_tools/share/interbotix_tf_tools/local_setup.dsv
[0.787s] -- Symlinking: /home/inouemakoto/interbotix_ws/install/interbotix_tf_tools/share/interbotix_tf_tools/package.dsv
[0.819s] -- Up-to-date symlink: /home/inouemakoto/interbotix_ws/install/interbotix_tf_tools/share/ament_index/resource_index/packages/interbotix_tf_tools
[0.821s] -- Up-to-date symlink: /home/inouemakoto/interbotix_ws/install/interbotix_tf_tools/share/ament_index/resource_index/rclcpp_components/interbotix_tf_tools
[0.822s] -- Up-to-date symlink: /home/inouemakoto/interbotix_ws/install/interbotix_tf_tools/share/interbotix_tf_tools/cmake/interbotix_tf_toolsConfig.cmake
[0.824s] -- Up-to-date symlink: /home/inouemakoto/interbotix_ws/install/interbotix_tf_tools/share/interbotix_tf_tools/cmake/interbotix_tf_toolsConfig-version.cmake
[0.825s] -- Up-to-date symlink: /home/inouemakoto/interbotix_ws/install/interbotix_tf_tools/share/interbotix_tf_tools/package.xml
[0.899s] Invoked command in '/home/inouemakoto/interbotix_ws/build/interbotix_tf_tools' returned '0': CMAKE_PREFIX_PATH=${CMAKE_PREFIX_PATH}:/home/inouemakoto/interbotix_ws/install/moveit_service:/home/inouemakoto/interbotix_ws/install/interbotix_xs_modules:/home/inouemakoto/interbotix_ws/install/interbotix_common_modules:/home/inouemakoto/ws_moveit2/install/moveit_configs_utils:/home/inouemakoto/ws_moveit2/install/launch_param_builder:/home/inouemakoto/install/interbotix_xs_modules:/home/inouemakoto/install/interbotix_common_modules:/opt/ros/humble /usr/bin/cmake --install /home/inouemakoto/interbotix_ws/build/interbotix_tf_tools
