running egg_info
writing ../../build/moveit_service/moveit_service.egg-info/PKG-INFO
writing dependency_links to ../../build/moveit_service/moveit_service.egg-info/dependency_links.txt
writing entry points to ../../build/moveit_service/moveit_service.egg-info/entry_points.txt
writing requirements to ../../build/moveit_service/moveit_service.egg-info/requires.txt
writing top-level names to ../../build/moveit_service/moveit_service.egg-info/top_level.txt
reading manifest file '../../build/moveit_service/moveit_service.egg-info/SOURCES.txt'
writing manifest file '../../build/moveit_service/moveit_service.egg-info/SOURCES.txt'
running build
/home/inouemakoto/.local/lib/python3.10/site-packages/setuptools/_distutils/cmd.py:66: SetuptoolsDeprecationWarning: setup.py install is deprecated.
!!

        ********************************************************************************
        Please avoid running ``setup.py`` directly.
        Instead, use pypa/build, pypa/installer or other
        standards-based tools.

        See https://blog.ganssle.io/articles/2021/10/setup-py-deprecated.html for details.
        ********************************************************************************

!!
  self.initialize_options()
running build_py
running install
running install_lib
running install_data
running install_egg_info
removing '/home/inouemakoto/interbotix_ws/install/moveit_service/lib/python3.10/site-packages/moveit_service-0.0.0-py3.10.egg-info' (and everything under it)
Copying ../../build/moveit_service/moveit_service.egg-info to /home/inouemakoto/interbotix_ws/install/moveit_service/lib/python3.10/site-packages/moveit_service-0.0.0-py3.10.egg-info
running install_scripts
Installing interbotix_gripper script to /home/inouemakoto/interbotix_ws/install/moveit_service/lib/moveit_service
Installing moveit_order script to /home/inouemakoto/interbotix_ws/install/moveit_service/lib/moveit_service
Installing test_server script to /home/inouemakoto/interbotix_ws/install/moveit_service/lib/moveit_service
writing list of installed files to '/home/inouemakoto/interbotix_ws/build/moveit_service/install.log'
