running develop
Removing /home/inouemakoto/interbotix_ws/install/camera/lib/python3.10/site-packages/camera.egg-link (link to .)
running egg_info
writing ../../build/camera/camera.egg-info/PKG-INFO
writing dependency_links to ../../build/camera/camera.egg-info/dependency_links.txt
writing entry points to ../../build/camera/camera.egg-info/entry_points.txt
writing requirements to ../../build/camera/camera.egg-info/requires.txt
writing top-level names to ../../build/camera/camera.egg-info/top_level.txt
reading manifest file '../../build/camera/camera.egg-info/SOURCES.txt'
writing manifest file '../../build/camera/camera.egg-info/SOURCES.txt'
running build
running build_py
running install
running install_lib
creating /home/inouemakoto/interbotix_ws/install/camera/lib/python3.10/site-packages/camera
copying /home/inouemakoto/interbotix_ws/build/camera/build/lib/camera/camera_imu.py.py -> /home/inouemakoto/interbotix_ws/install/camera/lib/python3.10/site-packages/camera
copying /home/inouemakoto/interbotix_ws/build/camera/build/lib/camera/__init__.py -> /home/inouemakoto/interbotix_ws/install/camera/lib/python3.10/site-packages/camera
byte-compiling /home/inouemakoto/interbotix_ws/install/camera/lib/python3.10/site-packages/camera/camera_imu.py.py to camera_imu.py.cpython-310.pyc
byte-compiling /home/inouemakoto/interbotix_ws/install/camera/lib/python3.10/site-packages/camera/__init__.py to __init__.cpython-310.pyc
running install_data
running install_egg_info
Copying ../../build/camera/camera.egg-info to /home/inouemakoto/interbotix_ws/install/camera/lib/python3.10/site-packages/camera-0.0.0-py3.10.egg-info
running install_scripts
Installing camera_imu.py script to /home/inouemakoto/interbotix_ws/install/camera/lib/camera
writing list of installed files to '/home/inouemakoto/interbotix_ws/build/camera/install.log'
