[2.382s] Invoking command in '/home/inouemakoto/interbotix_ws/src/makoto': PYTHONPATH=/home/inouemakoto/interbotix_ws/build/makoto/prefix_override:/home/inouemakoto/interbotix_ws/install/makoto/lib/python3.10/site-packages:${PYTHONPATH} /usr/bin/python3 setup.py egg_info --egg-base ../../build/makoto build --build-base /home/inouemakoto/interbotix_ws/build/makoto/build install --record /home/inouemakoto/interbotix_ws/build/makoto/install.log --single-version-externally-managed
[2.616s] running egg_info
[2.616s] writing ../../build/makoto/makoto.egg-info/PKG-INFO
[2.616s] writing dependency_links to ../../build/makoto/makoto.egg-info/dependency_links.txt
[2.616s] writing entry points to ../../build/makoto/makoto.egg-info/entry_points.txt
[2.617s] writing requirements to ../../build/makoto/makoto.egg-info/requires.txt
[2.617s] writing top-level names to ../../build/makoto/makoto.egg-info/top_level.txt
[2.617s] reading manifest file '../../build/makoto/makoto.egg-info/SOURCES.txt'
[2.619s] writing manifest file '../../build/makoto/makoto.egg-info/SOURCES.txt'
[2.619s] running build
[2.619s] running build_py
[2.619s] running install
[2.619s] running install_lib
[2.620s] running install_data
[2.620s] running install_egg_info
[2.621s] removing '/home/inouemakoto/interbotix_ws/install/makoto/lib/python3.10/site-packages/makoto-0.0.0-py3.10.egg-info' (and everything under it)
[2.621s] Copying ../../build/makoto/makoto.egg-info to /home/inouemakoto/interbotix_ws/install/makoto/lib/python3.10/site-packages/makoto-0.0.0-py3.10.egg-info
[2.622s] running install_scripts
[2.638s] Installing pick__place script to /home/inouemakoto/interbotix_ws/install/makoto/lib/makoto
[2.638s] writing list of installed files to '/home/inouemakoto/interbotix_ws/build/makoto/install.log'
[2.989s] Invoked command in '/home/inouemakoto/interbotix_ws/src/makoto' returned '0': PYTHONPATH=/home/inouemakoto/interbotix_ws/build/makoto/prefix_override:/home/inouemakoto/interbotix_ws/install/makoto/lib/python3.10/site-packages:${PYTHONPATH} /usr/bin/python3 setup.py egg_info --egg-base ../../build/makoto build --build-base /home/inouemakoto/interbotix_ws/build/makoto/build install --record /home/inouemakoto/interbotix_ws/build/makoto/install.log --single-version-externally-managed
