running egg_info
writing ../../../build/yolov5_ros2/yolov5_ros2.egg-info/PKG-INFO
writing dependency_links to ../../../build/yolov5_ros2/yolov5_ros2.egg-info/dependency_links.txt
writing entry points to ../../../build/yolov5_ros2/yolov5_ros2.egg-info/entry_points.txt
writing requirements to ../../../build/yolov5_ros2/yolov5_ros2.egg-info/requires.txt
writing top-level names to ../../../build/yolov5_ros2/yolov5_ros2.egg-info/top_level.txt
/home/inouemakoto/.local/lib/python3.10/site-packages/setuptools/dist.py:498: SetuptoolsDeprecationWarning: Invalid dash-separated options
!!

        ********************************************************************************
        Usage of dash-separated 'script-dir' will not be supported in future
        versions. Please use the underscore name 'script_dir' instead.

        This deprecation is overdue, please update your project and remove deprecated
        calls to avoid build errors in the future.

        See https://setuptools.pypa.io/en/latest/userguide/declarative_config.html for details.
        ********************************************************************************

!!
  opt = self.warn_dash_deprecation(opt, section)
reading manifest file '../../../build/yolov5_ros2/yolov5_ros2.egg-info/SOURCES.txt'
adding license file 'LICENSE'
writing manifest file '../../../build/yolov5_ros2/yolov5_ros2.egg-info/SOURCES.txt'
running build
running build_py
copying yolov5_ros2/detector.py -> /home/inouemakoto/interbotix_ws/build/yolov5_ros2/build/lib/yolov5_ros2
running install
/home/inouemakoto/.local/lib/python3.10/site-packages/setuptools/_distutils/cmd.py:66: SetuptoolsDeprecationWarning: setup.py install is deprecated.
!!

        ********************************************************************************
        Please avoid running ``setup.py`` directly.
        Instead, use pypa/build, pypa/installer or other
        standards-based tools.

        See https://blog.ganssle.io/articles/2021/10/setup-py-deprecated.html for details.
        ********************************************************************************

!!
  self.initialize_options()
running install_lib
copying /home/inouemakoto/interbotix_ws/build/yolov5_ros2/build/lib/yolov5_ros2/detector.py -> /home/inouemakoto/interbotix_ws/install/yolov5_ros2/lib/python3.10/site-packages/yolov5_ros2
byte-compiling /home/inouemakoto/interbotix_ws/install/yolov5_ros2/lib/python3.10/site-packages/yolov5_ros2/detector.py to detector.cpython-310.pyc
running install_data
running install_egg_info
removing '/home/inouemakoto/interbotix_ws/install/yolov5_ros2/lib/python3.10/site-packages/yolov5_ros2-1.0.0-py3.10.egg-info' (and everything under it)
Copying ../../../build/yolov5_ros2/yolov5_ros2.egg-info to /home/inouemakoto/interbotix_ws/install/yolov5_ros2/lib/python3.10/site-packages/yolov5_ros2-1.0.0-py3.10.egg-info
running install_scripts
Installing detect script to /home/inouemakoto/interbotix_ws/install/yolov5_ros2/lib/yolov5_ros2
Installing detector script to /home/inouemakoto/interbotix_ws/install/yolov5_ros2/lib/yolov5_ros2
Installing object_detection script to /home/inouemakoto/interbotix_ws/install/yolov5_ros2/lib/yolov5_ros2
Installing object_detection_srv script to /home/inouemakoto/interbotix_ws/install/yolov5_ros2/lib/yolov5_ros2
Installing object_detection_tf script to /home/inouemakoto/interbotix_ws/install/yolov5_ros2/lib/yolov5_ros2
writing list of installed files to '/home/inouemakoto/interbotix_ws/build/yolov5_ros2/install.log'
