[3.178s] Invoking command in '/home/inouemakoto/interbotix_ws/build/interbotix_rpi_msgs': CMAKE_PREFIX_PATH=${CMAKE_PREFIX_PATH}:/home/inouemakoto/interbotix_ws/install/yolov5_ros2:/home/inouemakoto/interbotix_ws/install/interbotix_landmark_modules:/home/inouemakoto/interbotix_ws/install/interbotix_perception_modules:/home/inouemakoto/interbotix_ws/install/pick_vision:/home/inouemakoto/interbotix_ws/install/moveit_service:/home/inouemakoto/interbotix_ws/install/opencv_tests:/home/inouemakoto/interbotix_ws/install/opencv_ros2:/home/inouemakoto/interbotix_ws/install/makoto:/home/inouemakoto/interbotix_ws/install/interbotix_xs_modules:/home/inouemakoto/interbotix_ws/install/interbotix_rpi_modules:/home/inouemakoto/interbotix_ws/install/interbotix_common_modules:/home/inouemakoto/interbotix_ws/install/camera:/home/inouemakoto/ws_moveit2/install/moveit_configs_utils:/home/inouemakoto/ws_moveit2/install/launch_param_builder:/home/inouemakoto/install/moveit_service:/home/inouemakoto/install/interbotix_xs_modules:/home/inouemakoto/install/interbotix_moveit_interface_msgs:/home/inouemakoto/install/interbotix_common_modules:/home/inouemakoto/install/camera:/opt/ros/humble /usr/bin/cmake --build /home/inouemakoto/interbotix_ws/build/interbotix_rpi_msgs -- -j20 -l20
[6.167s] [  9%] Built target interbotix_rpi_msgs__rosidl_generator_c
[6.167s] [  9%] Built target ament_cmake_python_copy_interbotix_rpi_msgs
[6.167s] [ 12%] Built target interbotix_rpi_msgs__cpp
[6.167s] [ 22%] Built target interbotix_rpi_msgs__rosidl_typesupport_fastrtps_c
[6.168s] [ 32%] Built target interbotix_rpi_msgs__rosidl_typesupport_introspection_c
[6.168s] [ 41%] Built target interbotix_rpi_msgs__rosidl_typesupport_c
[6.168s] [ 51%] Built target interbotix_rpi_msgs__rosidl_typesupport_fastrtps_cpp
[6.168s] [ 61%] Built target interbotix_rpi_msgs__rosidl_typesupport_introspection_cpp
[6.168s] [ 70%] Built target interbotix_rpi_msgs__rosidl_typesupport_cpp
[6.168s] [ 70%] Built target interbotix_rpi_msgs
[6.168s] [ 74%] Built target interbotix_rpi_msgs__py
[6.168s] [ 80%] Built target interbotix_rpi_msgs__rosidl_generator_py
[6.168s] [ 87%] Built target interbotix_rpi_msgs__rosidl_typesupport_c__pyext
[6.168s] [ 93%] Built target interbotix_rpi_msgs__rosidl_typesupport_fastrtps_c__pyext
[6.168s] [100%] Built target interbotix_rpi_msgs__rosidl_typesupport_introspection_c__pyext
[6.168s] running egg_info
[6.169s] writing interbotix_rpi_msgs.egg-info/PKG-INFO
[6.169s] writing dependency_links to interbotix_rpi_msgs.egg-info/dependency_links.txt
[6.169s] writing top-level names to interbotix_rpi_msgs.egg-info/top_level.txt
[6.169s] reading manifest file 'interbotix_rpi_msgs.egg-info/SOURCES.txt'
[6.169s] writing manifest file 'interbotix_rpi_msgs.egg-info/SOURCES.txt'
[6.169s] [100%] Built target ament_cmake_python_build_interbotix_rpi_msgs_egg
[6.198s] Invoked command in '/home/inouemakoto/interbotix_ws/build/interbotix_rpi_msgs' returned '0': CMAKE_PREFIX_PATH=${CMAKE_PREFIX_PATH}:/home/inouemakoto/interbotix_ws/install/yolov5_ros2:/home/inouemakoto/interbotix_ws/install/interbotix_landmark_modules:/home/inouemakoto/interbotix_ws/install/interbotix_perception_modules:/home/inouemakoto/interbotix_ws/install/pick_vision:/home/inouemakoto/interbotix_ws/install/moveit_service:/home/inouemakoto/interbotix_ws/install/opencv_tests:/home/inouemakoto/interbotix_ws/install/opencv_ros2:/home/inouemakoto/interbotix_ws/install/makoto:/home/inouemakoto/interbotix_ws/install/interbotix_xs_modules:/home/inouemakoto/interbotix_ws/install/interbotix_rpi_modules:/home/inouemakoto/interbotix_ws/install/interbotix_common_modules:/home/inouemakoto/interbotix_ws/install/camera:/home/inouemakoto/ws_moveit2/install/moveit_configs_utils:/home/inouemakoto/ws_moveit2/install/launch_param_builder:/home/inouemakoto/install/moveit_service:/home/inouemakoto/install/interbotix_xs_modules:/home/inouemakoto/install/interbotix_moveit_interface_msgs:/home/inouemakoto/install/interbotix_common_modules:/home/inouemakoto/install/camera:/opt/ros/humble /usr/bin/cmake --build /home/inouemakoto/interbotix_ws/build/interbotix_rpi_msgs -- -j20 -l20
[6.954s] Invoking command in '/home/inouemakoto/interbotix_ws/build/interbotix_rpi_msgs': CMAKE_PREFIX_PATH=${CMAKE_PREFIX_PATH}:/home/inouemakoto/interbotix_ws/install/yolov5_ros2:/home/inouemakoto/interbotix_ws/install/interbotix_landmark_modules:/home/inouemakoto/interbotix_ws/install/interbotix_perception_modules:/home/inouemakoto/interbotix_ws/install/pick_vision:/home/inouemakoto/interbotix_ws/install/moveit_service:/home/inouemakoto/interbotix_ws/install/opencv_tests:/home/inouemakoto/interbotix_ws/install/opencv_ros2:/home/inouemakoto/interbotix_ws/install/makoto:/home/inouemakoto/interbotix_ws/install/interbotix_xs_modules:/home/inouemakoto/interbotix_ws/install/interbotix_rpi_modules:/home/inouemakoto/interbotix_ws/install/interbotix_common_modules:/home/inouemakoto/interbotix_ws/install/camera:/home/inouemakoto/ws_moveit2/install/moveit_configs_utils:/home/inouemakoto/ws_moveit2/install/launch_param_builder:/home/inouemakoto/install/moveit_service:/home/inouemakoto/install/interbotix_xs_modules:/home/inouemakoto/install/interbotix_moveit_interface_msgs:/home/inouemakoto/install/interbotix_common_modules:/home/inouemakoto/install/camera:/opt/ros/humble /usr/bin/cmake --install /home/inouemakoto/interbotix_ws/build/interbotix_rpi_msgs
[7.041s] -- Install configuration: ""
[7.042s] -- Up-to-date: /home/inouemakoto/interbotix_ws/install/interbotix_rpi_msgs/share/ament_index/resource_index/rosidl_interfaces/interbotix_rpi_msgs
[7.042s] -- Up-to-date: /home/inouemakoto/interbotix_ws/install/interbotix_rpi_msgs/include/interbotix_rpi_msgs/interbotix_rpi_msgs
[7.042s] -- Up-to-date: /home/inouemakoto/interbotix_ws/install/interbotix_rpi_msgs/include/interbotix_rpi_msgs/interbotix_rpi_msgs/msg
[7.042s] -- Up-to-date: /home/inouemakoto/interbotix_ws/install/interbotix_rpi_msgs/include/interbotix_rpi_msgs/interbotix_rpi_msgs/msg/pixel_commands.h
[7.042s] -- Up-to-date: /home/inouemakoto/interbotix_ws/install/interbotix_rpi_msgs/include/interbotix_rpi_msgs/interbotix_rpi_msgs/msg/rosidl_generator_c__visibility_control.h
[7.042s] -- Up-to-date: /home/inouemakoto/interbotix_ws/install/interbotix_rpi_msgs/include/interbotix_rpi_msgs/interbotix_rpi_msgs/msg/detail
[7.043s] -- Up-to-date: /home/inouemakoto/interbotix_ws/install/interbotix_rpi_msgs/include/interbotix_rpi_msgs/interbotix_rpi_msgs/msg/detail/pixel_commands__functions.c
[7.043s] -- Up-to-date: /home/inouemakoto/interbotix_ws/install/interbotix_rpi_msgs/include/interbotix_rpi_msgs/interbotix_rpi_msgs/msg/detail/pixel_commands__struct.h
[7.043s] -- Up-to-date: /home/inouemakoto/interbotix_ws/install/interbotix_rpi_msgs/include/interbotix_rpi_msgs/interbotix_rpi_msgs/msg/detail/pixel_commands__type_support.h
[7.043s] -- Up-to-date: /home/inouemakoto/interbotix_ws/install/interbotix_rpi_msgs/include/interbotix_rpi_msgs/interbotix_rpi_msgs/msg/detail/pixel_commands__functions.h
[7.043s] -- Up-to-date: /home/inouemakoto/interbotix_ws/install/interbotix_rpi_msgs/share/interbotix_rpi_msgs/environment/library_path.sh
[7.043s] -- Up-to-date: /home/inouemakoto/interbotix_ws/install/interbotix_rpi_msgs/share/interbotix_rpi_msgs/environment/library_path.dsv
[7.043s] -- Up-to-date: /home/inouemakoto/interbotix_ws/install/interbotix_rpi_msgs/lib/libinterbotix_rpi_msgs__rosidl_generator_c.so
[7.043s] -- Up-to-date: /home/inouemakoto/interbotix_ws/install/interbotix_rpi_msgs/include/interbotix_rpi_msgs/interbotix_rpi_msgs
[7.043s] -- Up-to-date: /home/inouemakoto/interbotix_ws/install/interbotix_rpi_msgs/include/interbotix_rpi_msgs/interbotix_rpi_msgs/msg
[7.044s] -- Up-to-date: /home/inouemakoto/interbotix_ws/install/interbotix_rpi_msgs/include/interbotix_rpi_msgs/interbotix_rpi_msgs/msg/detail
[7.044s] -- Up-to-date: /home/inouemakoto/interbotix_ws/install/interbotix_rpi_msgs/include/interbotix_rpi_msgs/interbotix_rpi_msgs/msg/detail/pixel_commands__rosidl_typesupport_fastrtps_c.h
[7.044s] -- Up-to-date: /home/inouemakoto/interbotix_ws/install/interbotix_rpi_msgs/include/interbotix_rpi_msgs/interbotix_rpi_msgs/msg/rosidl_typesupport_fastrtps_c__visibility_control.h
[7.044s] -- Up-to-date: /home/inouemakoto/interbotix_ws/install/interbotix_rpi_msgs/lib/libinterbotix_rpi_msgs__rosidl_typesupport_fastrtps_c.so
[7.044s] -- Up-to-date: /home/inouemakoto/interbotix_ws/install/interbotix_rpi_msgs/include/interbotix_rpi_msgs/interbotix_rpi_msgs
[7.044s] -- Up-to-date: /home/inouemakoto/interbotix_ws/install/interbotix_rpi_msgs/include/interbotix_rpi_msgs/interbotix_rpi_msgs/msg
[7.044s] -- Up-to-date: /home/inouemakoto/interbotix_ws/install/interbotix_rpi_msgs/include/interbotix_rpi_msgs/interbotix_rpi_msgs/msg/rosidl_typesupport_introspection_c__visibility_control.h
[7.045s] -- Up-to-date: /home/inouemakoto/interbotix_ws/install/interbotix_rpi_msgs/include/interbotix_rpi_msgs/interbotix_rpi_msgs/msg/detail
[7.045s] -- Up-to-date: /home/inouemakoto/interbotix_ws/install/interbotix_rpi_msgs/include/interbotix_rpi_msgs/interbotix_rpi_msgs/msg/detail/pixel_commands__type_support.c
[7.045s] -- Up-to-date: /home/inouemakoto/interbotix_ws/install/interbotix_rpi_msgs/include/interbotix_rpi_msgs/interbotix_rpi_msgs/msg/detail/pixel_commands__rosidl_typesupport_introspection_c.h
[7.045s] -- Up-to-date: /home/inouemakoto/interbotix_ws/install/interbotix_rpi_msgs/lib/libinterbotix_rpi_msgs__rosidl_typesupport_introspection_c.so
[7.045s] -- Up-to-date: /home/inouemakoto/interbotix_ws/install/interbotix_rpi_msgs/lib/libinterbotix_rpi_msgs__rosidl_typesupport_c.so
[7.052s] -- Up-to-date: /home/inouemakoto/interbotix_ws/install/interbotix_rpi_msgs/include/interbotix_rpi_msgs/interbotix_rpi_msgs
[7.052s] -- Up-to-date: /home/inouemakoto/interbotix_ws/install/interbotix_rpi_msgs/include/interbotix_rpi_msgs/interbotix_rpi_msgs/msg
[7.052s] -- Up-to-date: /home/inouemakoto/interbotix_ws/install/interbotix_rpi_msgs/include/interbotix_rpi_msgs/interbotix_rpi_msgs/msg/pixel_commands.hpp
[7.053s] -- Up-to-date: /home/inouemakoto/interbotix_ws/install/interbotix_rpi_msgs/include/interbotix_rpi_msgs/interbotix_rpi_msgs/msg/detail
[7.053s] -- Up-to-date: /home/inouemakoto/interbotix_ws/install/interbotix_rpi_msgs/include/interbotix_rpi_msgs/interbotix_rpi_msgs/msg/detail/pixel_commands__struct.hpp
[7.053s] -- Up-to-date: /home/inouemakoto/interbotix_ws/install/interbotix_rpi_msgs/include/interbotix_rpi_msgs/interbotix_rpi_msgs/msg/detail/pixel_commands__builder.hpp
[7.053s] -- Up-to-date: /home/inouemakoto/interbotix_ws/install/interbotix_rpi_msgs/include/interbotix_rpi_msgs/interbotix_rpi_msgs/msg/detail/pixel_commands__traits.hpp
[7.054s] -- Up-to-date: /home/inouemakoto/interbotix_ws/install/interbotix_rpi_msgs/include/interbotix_rpi_msgs/interbotix_rpi_msgs
[7.054s] -- Up-to-date: /home/inouemakoto/interbotix_ws/install/interbotix_rpi_msgs/include/interbotix_rpi_msgs/interbotix_rpi_msgs/msg
[7.054s] -- Up-to-date: /home/inouemakoto/interbotix_ws/install/interbotix_rpi_msgs/include/interbotix_rpi_msgs/interbotix_rpi_msgs/msg/rosidl_typesupport_fastrtps_cpp__visibility_control.h
[7.055s] -- Up-to-date: /home/inouemakoto/interbotix_ws/install/interbotix_rpi_msgs/include/interbotix_rpi_msgs/interbotix_rpi_msgs/msg/detail
[7.055s] -- Up-to-date: /home/inouemakoto/interbotix_ws/install/interbotix_rpi_msgs/include/interbotix_rpi_msgs/interbotix_rpi_msgs/msg/detail/dds_fastrtps
[7.055s] -- Up-to-date: /home/inouemakoto/interbotix_ws/install/interbotix_rpi_msgs/include/interbotix_rpi_msgs/interbotix_rpi_msgs/msg/detail/pixel_commands__rosidl_typesupport_fastrtps_cpp.hpp
[7.055s] -- Up-to-date: /home/inouemakoto/interbotix_ws/install/interbotix_rpi_msgs/lib/libinterbotix_rpi_msgs__rosidl_typesupport_fastrtps_cpp.so
[7.055s] -- Up-to-date: /home/inouemakoto/interbotix_ws/install/interbotix_rpi_msgs/include/interbotix_rpi_msgs/interbotix_rpi_msgs
[7.055s] -- Up-to-date: /home/inouemakoto/interbotix_ws/install/interbotix_rpi_msgs/include/interbotix_rpi_msgs/interbotix_rpi_msgs/msg
[7.056s] -- Up-to-date: /home/inouemakoto/interbotix_ws/install/interbotix_rpi_msgs/include/interbotix_rpi_msgs/interbotix_rpi_msgs/msg/detail
[7.056s] -- Up-to-date: /home/inouemakoto/interbotix_ws/install/interbotix_rpi_msgs/include/interbotix_rpi_msgs/interbotix_rpi_msgs/msg/detail/pixel_commands__rosidl_typesupport_introspection_cpp.hpp
[7.056s] -- Up-to-date: /home/inouemakoto/interbotix_ws/install/interbotix_rpi_msgs/include/interbotix_rpi_msgs/interbotix_rpi_msgs/msg/detail/pixel_commands__type_support.cpp
[7.056s] -- Up-to-date: /home/inouemakoto/interbotix_ws/install/interbotix_rpi_msgs/lib/libinterbotix_rpi_msgs__rosidl_typesupport_introspection_cpp.so
[7.056s] -- Up-to-date: /home/inouemakoto/interbotix_ws/install/interbotix_rpi_msgs/lib/libinterbotix_rpi_msgs__rosidl_typesupport_cpp.so
[7.056s] -- Up-to-date: /home/inouemakoto/interbotix_ws/install/interbotix_rpi_msgs/share/interbotix_rpi_msgs/environment/pythonpath.sh
[7.056s] -- Up-to-date: /home/inouemakoto/interbotix_ws/install/interbotix_rpi_msgs/share/interbotix_rpi_msgs/environment/pythonpath.dsv
[7.056s] -- Up-to-date: /home/inouemakoto/interbotix_ws/install/interbotix_rpi_msgs/local/lib/python3.10/dist-packages/interbotix_rpi_msgs-0.0.0-py3.10.egg-info
[7.056s] -- Installing: /home/inouemakoto/interbotix_ws/install/interbotix_rpi_msgs/local/lib/python3.10/dist-packages/interbotix_rpi_msgs-0.0.0-py3.10.egg-info/top_level.txt
[7.056s] -- Installing: /home/inouemakoto/interbotix_ws/install/interbotix_rpi_msgs/local/lib/python3.10/dist-packages/interbotix_rpi_msgs-0.0.0-py3.10.egg-info/dependency_links.txt
[7.056s] -- Installing: /home/inouemakoto/interbotix_ws/install/interbotix_rpi_msgs/local/lib/python3.10/dist-packages/interbotix_rpi_msgs-0.0.0-py3.10.egg-info/SOURCES.txt
[7.056s] -- Installing: /home/inouemakoto/interbotix_ws/install/interbotix_rpi_msgs/local/lib/python3.10/dist-packages/interbotix_rpi_msgs-0.0.0-py3.10.egg-info/PKG-INFO
[7.057s] -- Up-to-date: /home/inouemakoto/interbotix_ws/install/interbotix_rpi_msgs/local/lib/python3.10/dist-packages/interbotix_rpi_msgs
[7.057s] -- Up-to-date: /home/inouemakoto/interbotix_ws/install/interbotix_rpi_msgs/local/lib/python3.10/dist-packages/interbotix_rpi_msgs/interbotix_rpi_msgs_s__rosidl_typesupport_c.cpython-310-x86_64-linux-gnu.so
[7.057s] -- Up-to-date: /home/inouemakoto/interbotix_ws/install/interbotix_rpi_msgs/local/lib/python3.10/dist-packages/interbotix_rpi_msgs/libinterbotix_rpi_msgs__rosidl_generator_py.so
[7.057s] -- Up-to-date: /home/inouemakoto/interbotix_ws/install/interbotix_rpi_msgs/local/lib/python3.10/dist-packages/interbotix_rpi_msgs/msg
[7.057s] -- Up-to-date: /home/inouemakoto/interbotix_ws/install/interbotix_rpi_msgs/local/lib/python3.10/dist-packages/interbotix_rpi_msgs/msg/_pixel_commands.py
[7.057s] -- Up-to-date: /home/inouemakoto/interbotix_ws/install/interbotix_rpi_msgs/local/lib/python3.10/dist-packages/interbotix_rpi_msgs/msg/__init__.py
[7.057s] -- Up-to-date: /home/inouemakoto/interbotix_ws/install/interbotix_rpi_msgs/local/lib/python3.10/dist-packages/interbotix_rpi_msgs/msg/_pixel_commands_s.c
[7.057s] -- Up-to-date: /home/inouemakoto/interbotix_ws/install/interbotix_rpi_msgs/local/lib/python3.10/dist-packages/interbotix_rpi_msgs/interbotix_rpi_msgs_s__rosidl_typesupport_fastrtps_c.cpython-310-x86_64-linux-gnu.so
[7.057s] -- Up-to-date: /home/inouemakoto/interbotix_ws/install/interbotix_rpi_msgs/local/lib/python3.10/dist-packages/interbotix_rpi_msgs/_interbotix_rpi_msgs_s.ep.rosidl_typesupport_c.c
[7.057s] -- Up-to-date: /home/inouemakoto/interbotix_ws/install/interbotix_rpi_msgs/local/lib/python3.10/dist-packages/interbotix_rpi_msgs/_interbotix_rpi_msgs_s.ep.rosidl_typesupport_fastrtps_c.c
[7.057s] -- Up-to-date: /home/inouemakoto/interbotix_ws/install/interbotix_rpi_msgs/local/lib/python3.10/dist-packages/interbotix_rpi_msgs/_interbotix_rpi_msgs_s.ep.rosidl_typesupport_introspection_c.c
[7.057s] -- Up-to-date: /home/inouemakoto/interbotix_ws/install/interbotix_rpi_msgs/local/lib/python3.10/dist-packages/interbotix_rpi_msgs/__init__.py
[7.058s] -- Up-to-date: /home/inouemakoto/interbotix_ws/install/interbotix_rpi_msgs/local/lib/python3.10/dist-packages/interbotix_rpi_msgs/interbotix_rpi_msgs_s__rosidl_typesupport_introspection_c.cpython-310-x86_64-linux-gnu.so
[7.140s] Listing '/home/inouemakoto/interbotix_ws/install/interbotix_rpi_msgs/local/lib/python3.10/dist-packages/interbotix_rpi_msgs'...
[7.148s] Listing '/home/inouemakoto/interbotix_ws/install/interbotix_rpi_msgs/local/lib/python3.10/dist-packages/interbotix_rpi_msgs/msg'...
[7.148s] -- Up-to-date: /home/inouemakoto/interbotix_ws/install/interbotix_rpi_msgs/local/lib/python3.10/dist-packages/interbotix_rpi_msgs/interbotix_rpi_msgs_s__rosidl_typesupport_fastrtps_c.cpython-310-x86_64-linux-gnu.so
[7.148s] -- Up-to-date: /home/inouemakoto/interbotix_ws/install/interbotix_rpi_msgs/local/lib/python3.10/dist-packages/interbotix_rpi_msgs/interbotix_rpi_msgs_s__rosidl_typesupport_introspection_c.cpython-310-x86_64-linux-gnu.so
[7.149s] -- Up-to-date: /home/inouemakoto/interbotix_ws/install/interbotix_rpi_msgs/local/lib/python3.10/dist-packages/interbotix_rpi_msgs/interbotix_rpi_msgs_s__rosidl_typesupport_c.cpython-310-x86_64-linux-gnu.so
[7.149s] -- Up-to-date: /home/inouemakoto/interbotix_ws/install/interbotix_rpi_msgs/lib/libinterbotix_rpi_msgs__rosidl_generator_py.so
[7.150s] -- Up-to-date: /home/inouemakoto/interbotix_ws/install/interbotix_rpi_msgs/share/interbotix_rpi_msgs/msg/PixelCommands.idl
[7.150s] -- Up-to-date: /home/inouemakoto/interbotix_ws/install/interbotix_rpi_msgs/share/interbotix_rpi_msgs/msg/PixelCommands.msg
[7.151s] -- Up-to-date: /home/inouemakoto/interbotix_ws/install/interbotix_rpi_msgs/share/ament_index/resource_index/package_run_dependencies/interbotix_rpi_msgs
[7.152s] -- Up-to-date: /home/inouemakoto/interbotix_ws/install/interbotix_rpi_msgs/share/ament_index/resource_index/parent_prefix_path/interbotix_rpi_msgs
[7.153s] -- Up-to-date: /home/inouemakoto/interbotix_ws/install/interbotix_rpi_msgs/share/interbotix_rpi_msgs/environment/ament_prefix_path.sh
[7.153s] -- Up-to-date: /home/inouemakoto/interbotix_ws/install/interbotix_rpi_msgs/share/interbotix_rpi_msgs/environment/ament_prefix_path.dsv
[7.155s] -- Up-to-date: /home/inouemakoto/interbotix_ws/install/interbotix_rpi_msgs/share/interbotix_rpi_msgs/environment/path.sh
[7.155s] -- Up-to-date: /home/inouemakoto/interbotix_ws/install/interbotix_rpi_msgs/share/interbotix_rpi_msgs/environment/path.dsv
[7.155s] -- Up-to-date: /home/inouemakoto/interbotix_ws/install/interbotix_rpi_msgs/share/interbotix_rpi_msgs/local_setup.bash
[7.155s] -- Up-to-date: /home/inouemakoto/interbotix_ws/install/interbotix_rpi_msgs/share/interbotix_rpi_msgs/local_setup.sh
[7.155s] -- Up-to-date: /home/inouemakoto/interbotix_ws/install/interbotix_rpi_msgs/share/interbotix_rpi_msgs/local_setup.zsh
[7.156s] -- Up-to-date: /home/inouemakoto/interbotix_ws/install/interbotix_rpi_msgs/share/interbotix_rpi_msgs/local_setup.dsv
[7.156s] -- Installing: /home/inouemakoto/interbotix_ws/install/interbotix_rpi_msgs/share/interbotix_rpi_msgs/package.dsv
[7.156s] -- Up-to-date: /home/inouemakoto/interbotix_ws/install/interbotix_rpi_msgs/share/ament_index/resource_index/packages/interbotix_rpi_msgs
[7.156s] -- Up-to-date: /home/inouemakoto/interbotix_ws/install/interbotix_rpi_msgs/share/interbotix_rpi_msgs/cmake/export_interbotix_rpi_msgs__rosidl_generator_cExport.cmake
[7.157s] -- Up-to-date: /home/inouemakoto/interbotix_ws/install/interbotix_rpi_msgs/share/interbotix_rpi_msgs/cmake/export_interbotix_rpi_msgs__rosidl_generator_cExport-noconfig.cmake
[7.157s] -- Up-to-date: /home/inouemakoto/interbotix_ws/install/interbotix_rpi_msgs/share/interbotix_rpi_msgs/cmake/export_interbotix_rpi_msgs__rosidl_typesupport_fastrtps_cExport.cmake
[7.157s] -- Up-to-date: /home/inouemakoto/interbotix_ws/install/interbotix_rpi_msgs/share/interbotix_rpi_msgs/cmake/export_interbotix_rpi_msgs__rosidl_typesupport_fastrtps_cExport-noconfig.cmake
[7.157s] -- Up-to-date: /home/inouemakoto/interbotix_ws/install/interbotix_rpi_msgs/share/interbotix_rpi_msgs/cmake/interbotix_rpi_msgs__rosidl_typesupport_introspection_cExport.cmake
[7.157s] -- Up-to-date: /home/inouemakoto/interbotix_ws/install/interbotix_rpi_msgs/share/interbotix_rpi_msgs/cmake/interbotix_rpi_msgs__rosidl_typesupport_introspection_cExport-noconfig.cmake
[7.158s] -- Up-to-date: /home/inouemakoto/interbotix_ws/install/interbotix_rpi_msgs/share/interbotix_rpi_msgs/cmake/interbotix_rpi_msgs__rosidl_typesupport_cExport.cmake
[7.158s] -- Up-to-date: /home/inouemakoto/interbotix_ws/install/interbotix_rpi_msgs/share/interbotix_rpi_msgs/cmake/interbotix_rpi_msgs__rosidl_typesupport_cExport-noconfig.cmake
[7.158s] -- Up-to-date: /home/inouemakoto/interbotix_ws/install/interbotix_rpi_msgs/share/interbotix_rpi_msgs/cmake/export_interbotix_rpi_msgs__rosidl_generator_cppExport.cmake
[7.158s] -- Up-to-date: /home/inouemakoto/interbotix_ws/install/interbotix_rpi_msgs/share/interbotix_rpi_msgs/cmake/export_interbotix_rpi_msgs__rosidl_typesupport_fastrtps_cppExport.cmake
[7.159s] -- Up-to-date: /home/inouemakoto/interbotix_ws/install/interbotix_rpi_msgs/share/interbotix_rpi_msgs/cmake/export_interbotix_rpi_msgs__rosidl_typesupport_fastrtps_cppExport-noconfig.cmake
[7.159s] -- Up-to-date: /home/inouemakoto/interbotix_ws/install/interbotix_rpi_msgs/share/interbotix_rpi_msgs/cmake/interbotix_rpi_msgs__rosidl_typesupport_introspection_cppExport.cmake
[7.159s] -- Up-to-date: /home/inouemakoto/interbotix_ws/install/interbotix_rpi_msgs/share/interbotix_rpi_msgs/cmake/interbotix_rpi_msgs__rosidl_typesupport_introspection_cppExport-noconfig.cmake
[7.159s] -- Up-to-date: /home/inouemakoto/interbotix_ws/install/interbotix_rpi_msgs/share/interbotix_rpi_msgs/cmake/interbotix_rpi_msgs__rosidl_typesupport_cppExport.cmake
[7.160s] -- Up-to-date: /home/inouemakoto/interbotix_ws/install/interbotix_rpi_msgs/share/interbotix_rpi_msgs/cmake/interbotix_rpi_msgs__rosidl_typesupport_cppExport-noconfig.cmake
[7.160s] -- Up-to-date: /home/inouemakoto/interbotix_ws/install/interbotix_rpi_msgs/share/interbotix_rpi_msgs/cmake/export_interbotix_rpi_msgs__rosidl_generator_pyExport.cmake
[7.160s] -- Up-to-date: /home/inouemakoto/interbotix_ws/install/interbotix_rpi_msgs/share/interbotix_rpi_msgs/cmake/export_interbotix_rpi_msgs__rosidl_generator_pyExport-noconfig.cmake
[7.162s] -- Up-to-date: /home/inouemakoto/interbotix_ws/install/interbotix_rpi_msgs/share/interbotix_rpi_msgs/cmake/rosidl_cmake-extras.cmake
[7.162s] -- Up-to-date: /home/inouemakoto/interbotix_ws/install/interbotix_rpi_msgs/share/interbotix_rpi_msgs/cmake/ament_cmake_export_dependencies-extras.cmake
[7.162s] -- Up-to-date: /home/inouemakoto/interbotix_ws/install/interbotix_rpi_msgs/share/interbotix_rpi_msgs/cmake/ament_cmake_export_include_directories-extras.cmake
[7.162s] -- Up-to-date: /home/inouemakoto/interbotix_ws/install/interbotix_rpi_msgs/share/interbotix_rpi_msgs/cmake/ament_cmake_export_libraries-extras.cmake
[7.162s] -- Up-to-date: /home/inouemakoto/interbotix_ws/install/interbotix_rpi_msgs/share/interbotix_rpi_msgs/cmake/ament_cmake_export_targets-extras.cmake
[7.163s] -- Up-to-date: /home/inouemakoto/interbotix_ws/install/interbotix_rpi_msgs/share/interbotix_rpi_msgs/cmake/rosidl_cmake_export_typesupport_targets-extras.cmake
[7.163s] -- Up-to-date: /home/inouemakoto/interbotix_ws/install/interbotix_rpi_msgs/share/interbotix_rpi_msgs/cmake/rosidl_cmake_export_typesupport_libraries-extras.cmake
[7.163s] -- Up-to-date: /home/inouemakoto/interbotix_ws/install/interbotix_rpi_msgs/share/interbotix_rpi_msgs/cmake/interbotix_rpi_msgsConfig.cmake
[7.163s] -- Up-to-date: /home/inouemakoto/interbotix_ws/install/interbotix_rpi_msgs/share/interbotix_rpi_msgs/cmake/interbotix_rpi_msgsConfig-version.cmake
[7.163s] -- Up-to-date: /home/inouemakoto/interbotix_ws/install/interbotix_rpi_msgs/share/interbotix_rpi_msgs/package.xml
[7.887s] Invoked command in '/home/inouemakoto/interbotix_ws/build/interbotix_rpi_msgs' returned '0': CMAKE_PREFIX_PATH=${CMAKE_PREFIX_PATH}:/home/inouemakoto/interbotix_ws/install/yolov5_ros2:/home/inouemakoto/interbotix_ws/install/interbotix_landmark_modules:/home/inouemakoto/interbotix_ws/install/interbotix_perception_modules:/home/inouemakoto/interbotix_ws/install/pick_vision:/home/inouemakoto/interbotix_ws/install/moveit_service:/home/inouemakoto/interbotix_ws/install/opencv_tests:/home/inouemakoto/interbotix_ws/install/opencv_ros2:/home/inouemakoto/interbotix_ws/install/makoto:/home/inouemakoto/interbotix_ws/install/interbotix_xs_modules:/home/inouemakoto/interbotix_ws/install/interbotix_rpi_modules:/home/inouemakoto/interbotix_ws/install/interbotix_common_modules:/home/inouemakoto/interbotix_ws/install/camera:/home/inouemakoto/ws_moveit2/install/moveit_configs_utils:/home/inouemakoto/ws_moveit2/install/launch_param_builder:/home/inouemakoto/install/moveit_service:/home/inouemakoto/install/interbotix_xs_modules:/home/inouemakoto/install/interbotix_moveit_interface_msgs:/home/inouemakoto/install/interbotix_common_modules:/home/inouemakoto/install/camera:/opt/ros/humble /usr/bin/cmake --install /home/inouemakoto/interbotix_ws/build/interbotix_rpi_msgs
