[0.247s] Invoking command in '/home/inouemakoto/interbotix_ws/build/moveit_visual_tools': CMAKE_PREFIX_PATH=${CMAKE_PREFIX_PATH}:/opt/ros/humble /usr/bin/cmake /home/inouemakoto/interbotix_ws/src/moveit_visual_tools -DCMAKE_INSTALL_PREFIX=/home/inouemakoto/interbotix_ws/install/moveit_visual_tools
[0.252s] -- Found moveit_common: 2.5.4 (/opt/ros/humble/share/moveit_common/cmake)
[0.252s] -- Found ament_cmake: 1.3.4 (/opt/ros/humble/share/ament_cmake/cmake)
[0.464s] -- Could NOT find libbfd (missing: LIBBFD_LIBRARY LIBBFD_INCLUDE_DIR) 
[0.464s] -- BACKWARD_HAS_UNWIND=1
[0.464s] -- BACKWARD_HAS_BACKTRACE=0
[0.465s] -- BACKWARD_HAS_BACKTRACE_SYMBOL=0
[0.465s] -- BACKWARD_HAS_DW=1
[0.465s] -- BACKWARD_HAS_BFD=0
[0.465s] -- Found Backward: /opt/ros/humble/share/backward_ros/cmake  
[0.466s] [0mmoveit_visual_tools: You did not request a specific build type: Choosing 'Release' for maximum performance[0m
[0.470s] -- Found geometry_msgs: 4.2.3 (/opt/ros/humble/share/geometry_msgs/cmake)
[0.489s] -- Found rosidl_generator_c: 3.1.4 (/opt/ros/humble/share/rosidl_generator_c/cmake)
[0.491s] -- Found rosidl_adapter: 3.1.4 (/opt/ros/humble/share/rosidl_adapter/cmake)
[0.496s] -- Found rosidl_generator_cpp: 3.1.4 (/opt/ros/humble/share/rosidl_generator_cpp/cmake)
[0.505s] -- Using all available rosidl_typesupport_c: rosidl_typesupport_fastrtps_c;rosidl_typesupport_introspection_c
[0.519s] -- Using all available rosidl_typesupport_cpp: rosidl_typesupport_fastrtps_cpp;rosidl_typesupport_introspection_cpp
[0.723s] [31mCMake Error at CMakeLists.txt:11 (find_package):
[0.723s]   By not providing "Findgraph_msgs.cmake" in CMAKE_MODULE_PATH this project
[0.723s]   has asked CMake to find a package configuration file provided by
[0.723s]   "graph_msgs", but CMake did not find one.
[0.723s] 
[0.723s]   Could not find a package configuration file provided by "graph_msgs" with
[0.723s]   any of the following names:
[0.723s] 
[0.723s]     graph_msgsConfig.cmake
[0.724s]     graph_msgs-config.cmake
[0.724s] 
[0.724s]   Add the installation prefix of "graph_msgs" to CMAKE_PREFIX_PATH or set
[0.724s]   "graph_msgs_DIR" to a directory containing one of the above files.  If
[0.724s]   "graph_msgs" provides a separate development package or SDK, be sure it has
[0.724s]   been installed.
[0.724s] 
[0.724s] [0m
[0.724s] -- Configuring incomplete, errors occurred!
[0.724s] See also "/home/inouemakoto/interbotix_ws/build/moveit_visual_tools/CMakeFiles/CMakeOutput.log".
[0.733s] Invoked command in '/home/inouemakoto/interbotix_ws/build/moveit_visual_tools' returned '1': CMAKE_PREFIX_PATH=${CMAKE_PREFIX_PATH}:/opt/ros/humble /usr/bin/cmake /home/inouemakoto/interbotix_ws/src/moveit_visual_tools -DCMAKE_INSTALL_PREFIX=/home/inouemakoto/interbotix_ws/install/moveit_visual_tools
