[3.420s] Invoking command in '/home/inouemakoto/interbotix_ws/src/chapter5/opencv_ros2': PYTHONPATH=/home/inouemakoto/interbotix_ws/build/opencv_ros2/prefix_override:/home/inouemakoto/interbotix_ws/install/opencv_ros2/lib/python3.10/site-packages:${PYTHONPATH} /usr/bin/python3 setup.py egg_info --egg-base ../../../build/opencv_ros2 build --build-base /home/inouemakoto/interbotix_ws/build/opencv_ros2/build install --record /home/inouemakoto/interbotix_ws/build/opencv_ros2/install.log --install-scripts $base/lib/opencv_ros2 --single-version-externally-managed
[3.597s] /home/inouemakoto/.local/lib/python3.10/site-packages/setuptools/dist.py:498: SetuptoolsDeprecationWarning: Invalid dash-separated options
[3.597s] !!
[3.597s] 
[3.597s]         ********************************************************************************
[3.597s]         Usage of dash-separated 'script-dir' will not be supported in future
[3.597s]         versions. Please use the underscore name 'script_dir' instead.
[3.597s] 
[3.597s]         This deprecation is overdue, please update your project and remove deprecated
[3.598s]         calls to avoid build errors in the future.
[3.598s] 
[3.598s]         See https://setuptools.pypa.io/en/latest/userguide/declarative_config.html for details.
[3.598s]         ********************************************************************************
[3.598s] 
[3.598s] !!
[3.598s]   opt = self.warn_dash_deprecation(opt, section)
[3.638s] running egg_info
[3.652s] writing ../../../build/opencv_ros2/opencv_ros2.egg-info/PKG-INFO
[3.653s] writing dependency_links to ../../../build/opencv_ros2/opencv_ros2.egg-info/dependency_links.txt
[3.653s] writing entry points to ../../../build/opencv_ros2/opencv_ros2.egg-info/entry_points.txt
[3.653s] writing requirements to ../../../build/opencv_ros2/opencv_ros2.egg-info/requires.txt
[3.653s] writing top-level names to ../../../build/opencv_ros2/opencv_ros2.egg-info/top_level.txt
[3.684s] reading manifest file '../../../build/opencv_ros2/opencv_ros2.egg-info/SOURCES.txt'
[3.684s] adding license file 'LICENSE'
[3.684s] writing manifest file '../../../build/opencv_ros2/opencv_ros2.egg-info/SOURCES.txt'
[3.684s] running build
[3.685s] running build_py
[3.685s] running install
[3.686s] /home/inouemakoto/.local/lib/python3.10/site-packages/setuptools/_distutils/cmd.py:66: SetuptoolsDeprecationWarning: setup.py install is deprecated.
[3.686s] !!
[3.686s] 
[3.686s]         ********************************************************************************
[3.686s]         Please avoid running ``setup.py`` directly.
[3.686s]         Instead, use pypa/build, pypa/installer or other
[3.686s]         standards-based tools.
[3.686s] 
[3.686s]         See https://blog.ganssle.io/articles/2021/10/setup-py-deprecated.html for details.
[3.686s]         ********************************************************************************
[3.687s] 
[3.687s] !!
[3.687s]   self.initialize_options()
[3.690s] running install_lib
[3.706s] running install_data
[3.721s] running install_egg_info
[3.737s] removing '/home/inouemakoto/interbotix_ws/install/opencv_ros2/lib/python3.10/site-packages/opencv_ros2-1.0.0-py3.10.egg-info' (and everything under it)
[3.738s] Copying ../../../build/opencv_ros2/opencv_ros2.egg-info to /home/inouemakoto/interbotix_ws/install/opencv_ros2/lib/python3.10/site-packages/opencv_ros2-1.0.0-py3.10.egg-info
[3.738s] running install_scripts
[3.881s] Installing aruco_node_tf script to /home/inouemakoto/interbotix_ws/install/opencv_ros2/lib/opencv_ros2
[3.881s] Installing canny_edge_detection script to /home/inouemakoto/interbotix_ws/install/opencv_ros2/lib/opencv_ros2
[3.881s] Installing challenge5_1_say_hello script to /home/inouemakoto/interbotix_ws/install/opencv_ros2/lib/opencv_ros2
[3.881s] Installing challenge5_2_cup_direction script to /home/inouemakoto/interbotix_ws/install/opencv_ros2/lib/opencv_ros2
[3.881s] Installing face_detection script to /home/inouemakoto/interbotix_ws/install/opencv_ros2/lib/opencv_ros2
[3.882s] Installing imgproc_opencv_ros script to /home/inouemakoto/interbotix_ws/install/opencv_ros2/lib/opencv_ros2
[3.882s] Installing qrcode_detector script to /home/inouemakoto/interbotix_ws/install/opencv_ros2/lib/opencv_ros2
[3.882s] Installing quiz5_1_smile_detection script to /home/inouemakoto/interbotix_ws/install/opencv_ros2/lib/opencv_ros2
[3.882s] writing list of installed files to '/home/inouemakoto/interbotix_ws/build/opencv_ros2/install.log'
[4.919s] Invoked command in '/home/inouemakoto/interbotix_ws/src/chapter5/opencv_ros2' returned '0': PYTHONPATH=/home/inouemakoto/interbotix_ws/build/opencv_ros2/prefix_override:/home/inouemakoto/interbotix_ws/install/opencv_ros2/lib/python3.10/site-packages:${PYTHONPATH} /usr/bin/python3 setup.py egg_info --egg-base ../../../build/opencv_ros2 build --build-base /home/inouemakoto/interbotix_ws/build/opencv_ros2/build install --record /home/inouemakoto/interbotix_ws/build/opencv_ros2/install.log --install-scripts $base/lib/opencv_ros2 --single-version-externally-managed
