[0.000000] (-) TimerEvent: {}
[0.000089] (-) JobUnselected: {'identifier': 'camera'}
[0.000112] (-) JobUnselected: {'identifier': 'dynamixel_workbench_toolbox'}
[0.000132] (-) JobUnselected: {'identifier': 'graph_msgs'}
[0.000152] (-) JobUnselected: {'identifier': 'interbotix_common_modules'}
[0.000363] (-) JobUnselected: {'identifier': 'interbotix_common_sim'}
[0.000386] (-) JobUnselected: {'identifier': 'interbotix_common_toolbox'}
[0.000402] (-) JobUnselected: {'identifier': 'interbotix_landmark_modules'}
[0.000415] (-) JobUnselected: {'identifier': 'interbotix_moveit_interface'}
[0.000428] (-) JobUnselected: {'identifier': 'interbotix_moveit_interface_msgs'}
[0.000440] (-) JobUnselected: {'identifier': 'interbotix_perception_modules'}
[0.000452] (-) JobUnselected: {'identifier': 'interbotix_perception_msgs'}
[0.000475] (-) JobUnselected: {'identifier': 'interbotix_perception_pipelines'}
[0.000489] (-) JobUnselected: {'identifier': 'interbotix_perception_toolbox'}
[0.000501] (-) JobUnselected: {'identifier': 'interbotix_ros_xsarms'}
[0.000513] (-) JobUnselected: {'identifier': 'interbotix_ros_xsarms_examples'}
[0.000526] (-) JobUnselected: {'identifier': 'interbotix_ros_xseries'}
[0.000538] (-) JobUnselected: {'identifier': 'interbotix_rpi_modules'}
[0.000550] (-) JobUnselected: {'identifier': 'interbotix_rpi_msgs'}
[0.000561] (-) JobUnselected: {'identifier': 'interbotix_rpi_toolbox'}
[0.000577] (-) JobUnselected: {'identifier': 'interbotix_tf_tools'}
[0.000590] (-) JobUnselected: {'identifier': 'interbotix_xs_driver'}
[0.000602] (-) JobUnselected: {'identifier': 'interbotix_xs_modules'}
[0.000614] (-) JobUnselected: {'identifier': 'interbotix_xs_msgs'}
[0.000626] (-) JobUnselected: {'identifier': 'interbotix_xs_ros_control'}
[0.000638] (-) JobUnselected: {'identifier': 'interbotix_xs_rviz'}
[0.000650] (-) JobUnselected: {'identifier': 'interbotix_xs_sdk'}
[0.000662] (-) JobUnselected: {'identifier': 'interbotix_xs_toolbox'}
[0.000674] (-) JobUnselected: {'identifier': 'interbotix_xsarm_control'}
[0.000686] (-) JobUnselected: {'identifier': 'interbotix_xsarm_joy'}
[0.000698] (-) JobUnselected: {'identifier': 'interbotix_xsarm_moveit'}
[0.000710] (-) JobUnselected: {'identifier': 'interbotix_xsarm_moveit_interface'}
[0.000722] (-) JobUnselected: {'identifier': 'interbotix_xsarm_perception'}
[0.000734] (-) JobUnselected: {'identifier': 'interbotix_xsarm_ros_control'}
[0.000747] (-) JobUnselected: {'identifier': 'interbotix_xsarm_sim'}
[0.000759] (-) JobUnselected: {'identifier': 'makoto'}
[0.000771] (-) JobUnselected: {'identifier': 'move_group_node'}
[0.000783] (-) JobUnselected: {'identifier': 'moveit_interbotix_test1'}
[0.000795] (-) JobUnselected: {'identifier': 'moveit_service'}
[0.000807] (-) JobUnselected: {'identifier': 'moveit_visual_tools'}
[0.000819] (-) JobUnselected: {'identifier': 'opencv_ros2'}
[0.000831] (-) JobUnselected: {'identifier': 'original_interface'}
[0.000843] (-) JobUnselected: {'identifier': 'realsense2_camera'}
[0.000855] (-) JobUnselected: {'identifier': 'realsense2_camera_msgs'}
[0.000867] (-) JobUnselected: {'identifier': 'realsense2_description'}
[0.000879] (-) JobUnselected: {'identifier': 'rviz_visual_tools'}
[0.000891] (-) JobUnselected: {'identifier': 'vx300s_moveit_config'}
[0.000903] (-) JobUnselected: {'identifier': 'yolov5_ros2'}
[0.001038] (-) EventReactorShutdown: {}
