[1.894s] Invoking command in '/home/inouemakoto/interbotix_ws/build/original_interface': CMAKE_PREFIX_PATH=${CMAKE_PREFIX_PATH}:/home/inouemakoto/interbotix_ws/install/yolov5_ros2:/home/inouemakoto/interbotix_ws/install/interbotix_landmark_modules:/home/inouemakoto/interbotix_ws/install/interbotix_perception_modules:/home/inouemakoto/interbotix_ws/install/pick_vision:/home/inouemakoto/interbotix_ws/install/moveit_service:/home/inouemakoto/interbotix_ws/install/opencv_tests:/home/inouemakoto/interbotix_ws/install/opencv_ros2:/home/inouemakoto/interbotix_ws/install/makoto:/home/inouemakoto/interbotix_ws/install/interbotix_xs_modules:/home/inouemakoto/interbotix_ws/install/interbotix_rpi_modules:/home/inouemakoto/interbotix_ws/install/interbotix_common_modules:/home/inouemakoto/interbotix_ws/install/camera:/home/inouemakoto/ws_moveit2/install/moveit_configs_utils:/home/inouemakoto/ws_moveit2/install/launch_param_builder:/home/inouemakoto/install/moveit_service:/home/inouemakoto/install/interbotix_xs_modules:/home/inouemakoto/install/interbotix_moveit_interface_msgs:/home/inouemakoto/install/interbotix_common_modules:/home/inouemakoto/install/camera:/opt/ros/humble /usr/bin/cmake --build /home/inouemakoto/interbotix_ws/build/original_interface -- -j20 -l20
[3.287s] [  9%] Built target original_interface__rosidl_generator_c
[3.288s] [ 12%] Built target original_interface__cpp
[3.288s] [ 12%] Built target ament_cmake_python_copy_original_interface
[3.288s] [ 22%] Built target original_interface__rosidl_typesupport_fastrtps_cpp
[3.288s] [ 32%] Built target original_interface__rosidl_typesupport_c
[3.288s] [ 41%] Built target original_interface__rosidl_typesupport_fastrtps_c
[3.288s] [ 51%] Built target original_interface__rosidl_typesupport_cpp
[3.288s] [ 61%] Built target original_interface__rosidl_typesupport_introspection_c
[3.288s] [ 70%] Built target original_interface__rosidl_typesupport_introspection_cpp
[3.290s] Fatal Python error: init_import_site: Failed to import the site module
[3.290s] Python runtime state: initialized
[3.290s] Traceback (most recent call last):
[3.290s]   File "/usr/lib/python3.10/site.py", line 636, in <module>
[3.290s] gmake[2]: *** [CMakeFiles/original_interface.dir/build.make:86: CMakeFiles/original_interface.dir/depend] Interrupt
[3.290s]     main()
[3.290s]   File "/usr/lib/python3.10/site.py", line 629, in main
[3.290s]     execsitecustomize()
[3.290s]   File "/usr/lib/python3.10/site.py", line 568, in execsitecustomize
[3.290s] gmake[1]: *** [CMakeFiles/Makefile2:186: CMakeFiles/original_interface.dir/all] Interrupt
[3.290s]     import sitecustomize
[3.290s]   File "/usr/lib/python3.10/sitecustomize.py", line 3, in <module>
[3.290s]     import apport_python_hook
[3.290s]   File "<frozen importlib._bootstrap>", line 1027, in _find_and_load
[3.290s]   File "<frozen importlib._bootstrap>", line 1002, in _find_and_load_unlocked
[3.290s]   File "<frozen importlib._bootstrap>", line 937, in _find_spec
[3.291s] KeyboardInterrupt
[3.291s] gmake[2]: *** [CMakeFiles/ament_cmake_python_build_original_interface_egg.dir/build.make:70: CMakeFiles/ament_cmake_python_build_original_interface_egg] Interrupt
[3.291s] gmake[1]: *** [CMakeFiles/Makefile2:447: CMakeFiles/ament_cmake_python_build_original_interface_egg.dir/all] Interrupt
[3.291s] gmake: *** [Makefile:146: all] Interrupt
