[1.812s] Invoking command in '/home/inouemakoto/interbotix_ws/build/apriltag_ros': CMAKE_PREFIX_PATH=${CMAKE_PREFIX_PATH}:/home/inouemakoto/interbotix_ws/install/interbotix_moveit_interface:/home/inouemakoto/interbotix_ws/install/moveit_service:/home/inouemakoto/interbotix_ws/install/makoto:/home/inouemakoto/interbotix_ws/install/interbotix_xs_modules:/home/inouemakoto/interbotix_ws/install/interbotix_rpi_modules:/home/inouemakoto/interbotix_ws/install/interbotix_common_modules:/home/inouemakoto/ws_moveit2/install/moveit_configs_utils:/home/inouemakoto/ws_moveit2/install/launch_param_builder:/home/inouemakoto/install/moveit_service:/home/inouemakoto/install/interbotix_xs_modules:/home/inouemakoto/install/interbotix_common_modules:/opt/ros/humble /usr/bin/cmake /home/inouemakoto/interbotix_ws/apriltag_ros -DCMAKE_INSTALL_PREFIX=/home/inouemakoto/interbotix_ws/install/apriltag_ros
[2.496s] -- The C compiler identification is GNU 11.4.0
[2.497s] -- The CXX compiler identification is GNU 11.4.0
[2.497s] -- Detecting C compiler ABI info
[2.497s] -- Detecting C compiler ABI info - done
[2.497s] -- Check for working C compiler: /usr/bin/cc - skipped
[2.497s] -- Detecting C compile features
[2.497s] -- Detecting C compile features - done
[2.498s] -- Detecting CXX compiler ABI info
[2.498s] -- Detecting CXX compiler ABI info - done
[2.498s] -- Check for working CXX compiler: /usr/bin/c++ - skipped
[2.498s] -- Detecting CXX compile features
[2.498s] -- Detecting CXX compile features - done
[2.498s] -- Found rclcpp: 16.0.6 (/opt/ros/humble/share/rclcpp/cmake)
[2.681s] -- Found Python3: /usr/bin/python3.10 (found version "3.10.12") found components: Interpreter 
[3.211s] -- Found rosidl_generator_c: 3.1.5 (/opt/ros/humble/share/rosidl_generator_c/cmake)
[3.240s] -- Found rosidl_adapter: 3.1.5 (/opt/ros/humble/share/rosidl_adapter/cmake)
[3.273s] -- Found rosidl_generator_cpp: 3.1.5 (/opt/ros/humble/share/rosidl_generator_cpp/cmake)
[3.320s] -- Using all available rosidl_typesupport_c: rosidl_typesupport_fastrtps_c;rosidl_typesupport_introspection_c
[3.372s] -- Using all available rosidl_typesupport_cpp: rosidl_typesupport_fastrtps_cpp;rosidl_typesupport_introspection_cpp
[3.534s] -- Found rmw_implementation_cmake: 6.1.1 (/opt/ros/humble/share/rmw_implementation_cmake/cmake)
[3.551s] -- Found rmw_fastrtps_cpp: 6.2.4 (/opt/ros/humble/share/rmw_fastrtps_cpp/cmake)
[3.771s] -- Found OpenSSL: /usr/lib/x86_64-linux-gnu/libcrypto.so (found version "3.0.2")  
[3.814s] -- Found FastRTPS: /opt/ros/humble/include  
[3.901s] -- Using RMW implementation 'rmw_fastrtps_cpp' as default
[3.954s] -- Looking for pthread.h
[4.063s] -- Looking for pthread.h - found
[4.064s] -- Performing Test CMAKE_HAVE_LIBC_PTHREAD
[4.173s] -- Performing Test CMAKE_HAVE_LIBC_PTHREAD - Success
[4.174s] -- Found Threads: TRUE  
[4.437s] -- Found rclcpp_components: 16.0.6 (/opt/ros/humble/share/rclcpp_components/cmake)
[4.558s] -- Found sensor_msgs: 4.2.3 (/opt/ros/humble/share/sensor_msgs/cmake)
[4.739s] [31mCMake Error at CMakeLists.txt:38 (find_package):
[4.739s]   By not providing "Findapriltag_msgs.cmake" in CMAKE_MODULE_PATH this
[4.739s]   project has asked CMake to find a package configuration file provided by
[4.739s]   "apriltag_msgs", but CMake did not find one.
[4.739s] 
[4.739s]   Could not find a package configuration file provided by "apriltag_msgs"
[4.739s]   with any of the following names:
[4.739s] 
[4.740s]     apriltag_msgsConfig.cmake
[4.740s]     apriltag_msgs-config.cmake
[4.740s] 
[4.740s]   Add the installation prefix of "apriltag_msgs" to CMAKE_PREFIX_PATH or set
[4.740s]   "apriltag_msgs_DIR" to a directory containing one of the above files.  If
[4.740s]   "apriltag_msgs" provides a separate development package or SDK, be sure it
[4.740s]   has been installed.
[4.740s] 
[4.740s] [0m
[4.740s] -- Configuring incomplete, errors occurred!
[4.741s] See also "/home/inouemakoto/interbotix_ws/build/apriltag_ros/CMakeFiles/CMakeOutput.log".
[4.749s] Invoked command in '/home/inouemakoto/interbotix_ws/build/apriltag_ros' returned '1': CMAKE_PREFIX_PATH=${CMAKE_PREFIX_PATH}:/home/inouemakoto/interbotix_ws/install/interbotix_moveit_interface:/home/inouemakoto/interbotix_ws/install/moveit_service:/home/inouemakoto/interbotix_ws/install/makoto:/home/inouemakoto/interbotix_ws/install/interbotix_xs_modules:/home/inouemakoto/interbotix_ws/install/interbotix_rpi_modules:/home/inouemakoto/interbotix_ws/install/interbotix_common_modules:/home/inouemakoto/ws_moveit2/install/moveit_configs_utils:/home/inouemakoto/ws_moveit2/install/launch_param_builder:/home/inouemakoto/install/moveit_service:/home/inouemakoto/install/interbotix_xs_modules:/home/inouemakoto/install/interbotix_common_modules:/opt/ros/humble /usr/bin/cmake /home/inouemakoto/interbotix_ws/apriltag_ros -DCMAKE_INSTALL_PREFIX=/home/inouemakoto/interbotix_ws/install/apriltag_ros
