[0.020s] Invoking command in '/home/inouemakoto/interbotix_ws/build/interbotix_xs_sdk': AMENT_PREFIX_PATH=/home/inouemakoto/interbotix_ws/install/interbotix_xs_driver:/home/inouemakoto/interbotix_ws/install/interbotix_xs_msgs:/home/inouemakoto/interbotix_ws/install/dynamixel_workbench_toolbox:${AMENT_PREFIX_PATH} CMAKE_PREFIX_PATH=/home/inouemakoto/interbotix_ws/install/interbotix_xs_driver:/home/inouemakoto/interbotix_ws/install/interbotix_xs_msgs:/home/inouemakoto/interbotix_ws/install/dynamixel_workbench_toolbox:/home/inouemakoto/robotis_ws/install/dynamixel_sdk_examples:/home/inouemakoto/robotis_ws/install/dynamixel_sdk_custom_interfaces:/home/inouemakoto/robotis_ws/install/dynamixel_sdk:/opt/ros/humble LD_LIBRARY_PATH=/home/inouemakoto/interbotix_ws/install/interbotix_xs_driver/lib:/home/inouemakoto/interbotix_ws/install/interbotix_xs_msgs/lib:/home/inouemakoto/interbotix_ws/install/dynamixel_workbench_toolbox/lib:${LD_LIBRARY_PATH} PYTHONPATH=/home/inouemakoto/interbotix_ws/install/interbotix_xs_msgs/local/lib/python3.10/dist-packages:${PYTHONPATH} /usr/bin/cmake /home/inouemakoto/interbotix_ws/src/interbotix_ros_core/interbotix_ros_xseries/interbotix_xs_sdk -DCMAKE_INSTALL_PREFIX=/home/inouemakoto/interbotix_ws/install/interbotix_xs_sdk
[0.077s] -- The C compiler identification is GNU 11.3.0
[0.135s] -- The CXX compiler identification is GNU 11.3.0
[0.145s] -- Detecting C compiler ABI info
[0.209s] -- Detecting C compiler ABI info - done
[0.222s] -- Check for working C compiler: /usr/bin/cc - skipped
[0.223s] -- Detecting C compile features
[0.223s] -- Detecting C compile features - done
[0.228s] -- Detecting CXX compiler ABI info
[0.302s] -- Detecting CXX compiler ABI info - done
[0.315s] -- Check for working CXX compiler: /usr/bin/c++ - skipped
[0.316s] -- Detecting CXX compile features
[0.316s] -- Detecting CXX compile features - done
[0.320s] -- Found ament_cmake: 1.3.4 (/opt/ros/humble/share/ament_cmake/cmake)
[0.508s] -- Found Python3: /usr/bin/python3.10 (found version "3.10.6") found components: Interpreter 
[0.602s] -- Found ament_index_cpp: 1.4.0 (/opt/ros/humble/share/ament_index_cpp/cmake)
[0.604s] -- Found rclcpp: 16.0.4 (/opt/ros/humble/share/rclcpp/cmake)
[0.652s] -- Found rosidl_generator_c: 3.1.4 (/opt/ros/humble/share/rosidl_generator_c/cmake)
[0.661s] -- Found rosidl_adapter: 3.1.4 (/opt/ros/humble/share/rosidl_adapter/cmake)
[0.672s] -- Found rosidl_generator_cpp: 3.1.4 (/opt/ros/humble/share/rosidl_generator_cpp/cmake)
[0.686s] -- Using all available rosidl_typesupport_c: rosidl_typesupport_fastrtps_c;rosidl_typesupport_introspection_c
[0.707s] -- Using all available rosidl_typesupport_cpp: rosidl_typesupport_fastrtps_cpp;rosidl_typesupport_introspection_cpp
[0.784s] -- Found rmw_implementation_cmake: 6.1.1 (/opt/ros/humble/share/rmw_implementation_cmake/cmake)
[0.787s] -- Found rmw_fastrtps_cpp: 6.2.2 (/opt/ros/humble/share/rmw_fastrtps_cpp/cmake)
[0.881s] -- Found OpenSSL: /usr/lib/x86_64-linux-gnu/libcrypto.so (found version "3.0.2")  
[0.911s] -- Found FastRTPS: /opt/ros/humble/include  
[0.962s] -- Using RMW implementation 'rmw_fastrtps_cpp' as default
[0.972s] -- Looking for pthread.h
[1.043s] -- Looking for pthread.h - found
[1.043s] -- Performing Test CMAKE_HAVE_LIBC_PTHREAD
[1.112s] -- Performing Test CMAKE_HAVE_LIBC_PTHREAD - Success
[1.112s] -- Found Threads: TRUE  
[1.285s] -- Found rclpy: 3.3.8 (/opt/ros/humble/share/rclpy/cmake)
[1.287s] -- Found sensor_msgs: 4.2.3 (/opt/ros/humble/share/sensor_msgs/cmake)
[1.427s] -- Found urdf: 2.6.0 (/opt/ros/humble/share/urdf/cmake)
[1.469s] -- Found interbotix_xs_msgs: 0.0.0 (/home/inouemakoto/interbotix_ws/install/interbotix_xs_msgs/share/interbotix_xs_msgs/cmake)
[1.715s] -- Found interbotix_xs_driver: 0.3.3 (/home/inouemakoto/interbotix_ws/install/interbotix_xs_driver/share/interbotix_xs_driver/cmake)
[1.723s] -- Found ament_lint_auto: 0.12.6 (/opt/ros/humble/share/ament_lint_auto/cmake)
[1.820s] -- Added test 'copyright' to check source files copyright and LICENSE
[1.821s] -- Added test 'cppcheck' to perform static code analysis on C / C++ code
[1.821s] -- Configured cppcheck include dirs: /home/inouemakoto/interbotix_ws/src/interbotix_ros_core/interbotix_ros_xseries/interbotix_xs_sdk/include
[1.821s] -- Configured cppcheck exclude dirs and/or files: 
[1.823s] -- Added test 'cpplint' to check C / C++ code against the Google style
[1.823s] -- Configured cpplint exclude dirs and/or files: 
[1.824s] -- Added test 'flake8' to check Python code syntax and style conventions
[1.824s] -- Added test 'lint_cmake' to check CMake code style
[1.825s] -- Added test 'pep257' to check Python code against some of the docstring style conventions in PEP 257
[1.826s] -- Added test 'uncrustify' to check C / C++ code style
[1.826s] -- Configured uncrustify additional arguments: 
[1.826s] -- Added test 'xmllint' to check XML markup files
[1.827s] -- Configuring done
[1.843s] -- Generating done
[1.845s] -- Build files have been written to: /home/inouemakoto/interbotix_ws/build/interbotix_xs_sdk
[1.860s] Invoked command in '/home/inouemakoto/interbotix_ws/build/interbotix_xs_sdk' returned '0': AMENT_PREFIX_PATH=/home/inouemakoto/interbotix_ws/install/interbotix_xs_driver:/home/inouemakoto/interbotix_ws/install/interbotix_xs_msgs:/home/inouemakoto/interbotix_ws/install/dynamixel_workbench_toolbox:${AMENT_PREFIX_PATH} CMAKE_PREFIX_PATH=/home/inouemakoto/interbotix_ws/install/interbotix_xs_driver:/home/inouemakoto/interbotix_ws/install/interbotix_xs_msgs:/home/inouemakoto/interbotix_ws/install/dynamixel_workbench_toolbox:/home/inouemakoto/robotis_ws/install/dynamixel_sdk_examples:/home/inouemakoto/robotis_ws/install/dynamixel_sdk_custom_interfaces:/home/inouemakoto/robotis_ws/install/dynamixel_sdk:/opt/ros/humble LD_LIBRARY_PATH=/home/inouemakoto/interbotix_ws/install/interbotix_xs_driver/lib:/home/inouemakoto/interbotix_ws/install/interbotix_xs_msgs/lib:/home/inouemakoto/interbotix_ws/install/dynamixel_workbench_toolbox/lib:${LD_LIBRARY_PATH} PYTHONPATH=/home/inouemakoto/interbotix_ws/install/interbotix_xs_msgs/local/lib/python3.10/dist-packages:${PYTHONPATH} /usr/bin/cmake /home/inouemakoto/interbotix_ws/src/interbotix_ros_core/interbotix_ros_xseries/interbotix_xs_sdk -DCMAKE_INSTALL_PREFIX=/home/inouemakoto/interbotix_ws/install/interbotix_xs_sdk
[1.861s] Invoking command in '/home/inouemakoto/interbotix_ws/build/interbotix_xs_sdk': AMENT_PREFIX_PATH=/home/inouemakoto/interbotix_ws/install/interbotix_xs_driver:/home/inouemakoto/interbotix_ws/install/interbotix_xs_msgs:/home/inouemakoto/interbotix_ws/install/dynamixel_workbench_toolbox:${AMENT_PREFIX_PATH} CMAKE_PREFIX_PATH=/home/inouemakoto/interbotix_ws/install/interbotix_xs_driver:/home/inouemakoto/interbotix_ws/install/interbotix_xs_msgs:/home/inouemakoto/interbotix_ws/install/dynamixel_workbench_toolbox:/home/inouemakoto/robotis_ws/install/dynamixel_sdk_examples:/home/inouemakoto/robotis_ws/install/dynamixel_sdk_custom_interfaces:/home/inouemakoto/robotis_ws/install/dynamixel_sdk:/opt/ros/humble LD_LIBRARY_PATH=/home/inouemakoto/interbotix_ws/install/interbotix_xs_driver/lib:/home/inouemakoto/interbotix_ws/install/interbotix_xs_msgs/lib:/home/inouemakoto/interbotix_ws/install/dynamixel_workbench_toolbox/lib:${LD_LIBRARY_PATH} PYTHONPATH=/home/inouemakoto/interbotix_ws/install/interbotix_xs_msgs/local/lib/python3.10/dist-packages:${PYTHONPATH} /usr/bin/cmake --build /home/inouemakoto/interbotix_ws/build/interbotix_xs_sdk -- -j20 -l20
[1.911s] [ 66%] [32mBuilding CXX object CMakeFiles/xs_sdk.dir/src/xs_sdk.cpp.o[0m
[1.911s] [ 66%] [32mBuilding CXX object CMakeFiles/xs_sdk.dir/src/xs_sdk_obj.cpp.o[0m
[22.075s] [100%] [32m[1mLinking CXX executable xs_sdk[0m
[23.085s] [100%] Built target xs_sdk
[23.093s] Invoked command in '/home/inouemakoto/interbotix_ws/build/interbotix_xs_sdk' returned '0': AMENT_PREFIX_PATH=/home/inouemakoto/interbotix_ws/install/interbotix_xs_driver:/home/inouemakoto/interbotix_ws/install/interbotix_xs_msgs:/home/inouemakoto/interbotix_ws/install/dynamixel_workbench_toolbox:${AMENT_PREFIX_PATH} CMAKE_PREFIX_PATH=/home/inouemakoto/interbotix_ws/install/interbotix_xs_driver:/home/inouemakoto/interbotix_ws/install/interbotix_xs_msgs:/home/inouemakoto/interbotix_ws/install/dynamixel_workbench_toolbox:/home/inouemakoto/robotis_ws/install/dynamixel_sdk_examples:/home/inouemakoto/robotis_ws/install/dynamixel_sdk_custom_interfaces:/home/inouemakoto/robotis_ws/install/dynamixel_sdk:/opt/ros/humble LD_LIBRARY_PATH=/home/inouemakoto/interbotix_ws/install/interbotix_xs_driver/lib:/home/inouemakoto/interbotix_ws/install/interbotix_xs_msgs/lib:/home/inouemakoto/interbotix_ws/install/dynamixel_workbench_toolbox/lib:${LD_LIBRARY_PATH} PYTHONPATH=/home/inouemakoto/interbotix_ws/install/interbotix_xs_msgs/local/lib/python3.10/dist-packages:${PYTHONPATH} /usr/bin/cmake --build /home/inouemakoto/interbotix_ws/build/interbotix_xs_sdk -- -j20 -l20
[23.112s] Invoking command in '/home/inouemakoto/interbotix_ws/build/interbotix_xs_sdk': AMENT_PREFIX_PATH=/home/inouemakoto/interbotix_ws/install/interbotix_xs_driver:/home/inouemakoto/interbotix_ws/install/interbotix_xs_msgs:/home/inouemakoto/interbotix_ws/install/dynamixel_workbench_toolbox:${AMENT_PREFIX_PATH} CMAKE_PREFIX_PATH=/home/inouemakoto/interbotix_ws/install/interbotix_xs_driver:/home/inouemakoto/interbotix_ws/install/interbotix_xs_msgs:/home/inouemakoto/interbotix_ws/install/dynamixel_workbench_toolbox:/home/inouemakoto/robotis_ws/install/dynamixel_sdk_examples:/home/inouemakoto/robotis_ws/install/dynamixel_sdk_custom_interfaces:/home/inouemakoto/robotis_ws/install/dynamixel_sdk:/opt/ros/humble LD_LIBRARY_PATH=/home/inouemakoto/interbotix_ws/install/interbotix_xs_driver/lib:/home/inouemakoto/interbotix_ws/install/interbotix_xs_msgs/lib:/home/inouemakoto/interbotix_ws/install/dynamixel_workbench_toolbox/lib:${LD_LIBRARY_PATH} PYTHONPATH=/home/inouemakoto/interbotix_ws/install/interbotix_xs_msgs/local/lib/python3.10/dist-packages:${PYTHONPATH} /usr/bin/cmake --install /home/inouemakoto/interbotix_ws/build/interbotix_xs_sdk
[23.117s] -- Install configuration: ""
[23.117s] -- Installing: /home/inouemakoto/interbotix_ws/install/interbotix_xs_sdk/lib/interbotix_xs_sdk/xs_sdk
[23.124s] -- Set runtime path of "/home/inouemakoto/interbotix_ws/install/interbotix_xs_sdk/lib/interbotix_xs_sdk/xs_sdk" to ""
[23.124s] -- Installing: /home/inouemakoto/interbotix_ws/install/interbotix_xs_sdk/lib/interbotix_xs_sdk/xs_sdk_sim.py
[23.124s] -- Installing: /home/inouemakoto/interbotix_ws/install/interbotix_xs_sdk/share/interbotix_xs_sdk//config
[23.125s] -- Installing: /home/inouemakoto/interbotix_ws/install/interbotix_xs_sdk/share/interbotix_xs_sdk//config/motor_configs_template.yaml
[23.125s] -- Installing: /home/inouemakoto/interbotix_ws/install/interbotix_xs_sdk/share/interbotix_xs_sdk//config/mode_configs_template.yaml
[23.125s] -- Installing: /home/inouemakoto/interbotix_ws/install/interbotix_xs_sdk/share/ament_index/resource_index/package_run_dependencies/interbotix_xs_sdk
[23.125s] -- Installing: /home/inouemakoto/interbotix_ws/install/interbotix_xs_sdk/share/ament_index/resource_index/parent_prefix_path/interbotix_xs_sdk
[23.125s] -- Installing: /home/inouemakoto/interbotix_ws/install/interbotix_xs_sdk/share/interbotix_xs_sdk/environment/ament_prefix_path.sh
[23.125s] -- Installing: /home/inouemakoto/interbotix_ws/install/interbotix_xs_sdk/share/interbotix_xs_sdk/environment/ament_prefix_path.dsv
[23.125s] -- Installing: /home/inouemakoto/interbotix_ws/install/interbotix_xs_sdk/share/interbotix_xs_sdk/environment/path.sh
[23.125s] -- Installing: /home/inouemakoto/interbotix_ws/install/interbotix_xs_sdk/share/interbotix_xs_sdk/environment/path.dsv
[23.125s] -- Installing: /home/inouemakoto/interbotix_ws/install/interbotix_xs_sdk/share/interbotix_xs_sdk/local_setup.bash
[23.125s] -- Installing: /home/inouemakoto/interbotix_ws/install/interbotix_xs_sdk/share/interbotix_xs_sdk/local_setup.sh
[23.125s] -- Installing: /home/inouemakoto/interbotix_ws/install/interbotix_xs_sdk/share/interbotix_xs_sdk/local_setup.zsh
[23.125s] -- Installing: /home/inouemakoto/interbotix_ws/install/interbotix_xs_sdk/share/interbotix_xs_sdk/local_setup.dsv
[23.126s] -- Installing: /home/inouemakoto/interbotix_ws/install/interbotix_xs_sdk/share/interbotix_xs_sdk/package.dsv
[23.126s] -- Installing: /home/inouemakoto/interbotix_ws/install/interbotix_xs_sdk/share/ament_index/resource_index/packages/interbotix_xs_sdk
[23.126s] -- Installing: /home/inouemakoto/interbotix_ws/install/interbotix_xs_sdk/share/interbotix_xs_sdk/cmake/interbotix_xs_sdkConfig.cmake
[23.126s] -- Installing: /home/inouemakoto/interbotix_ws/install/interbotix_xs_sdk/share/interbotix_xs_sdk/cmake/interbotix_xs_sdkConfig-version.cmake
[23.126s] -- Installing: /home/inouemakoto/interbotix_ws/install/interbotix_xs_sdk/share/interbotix_xs_sdk/package.xml
[23.129s] Invoked command in '/home/inouemakoto/interbotix_ws/build/interbotix_xs_sdk' returned '0': AMENT_PREFIX_PATH=/home/inouemakoto/interbotix_ws/install/interbotix_xs_driver:/home/inouemakoto/interbotix_ws/install/interbotix_xs_msgs:/home/inouemakoto/interbotix_ws/install/dynamixel_workbench_toolbox:${AMENT_PREFIX_PATH} CMAKE_PREFIX_PATH=/home/inouemakoto/interbotix_ws/install/interbotix_xs_driver:/home/inouemakoto/interbotix_ws/install/interbotix_xs_msgs:/home/inouemakoto/interbotix_ws/install/dynamixel_workbench_toolbox:/home/inouemakoto/robotis_ws/install/dynamixel_sdk_examples:/home/inouemakoto/robotis_ws/install/dynamixel_sdk_custom_interfaces:/home/inouemakoto/robotis_ws/install/dynamixel_sdk:/opt/ros/humble LD_LIBRARY_PATH=/home/inouemakoto/interbotix_ws/install/interbotix_xs_driver/lib:/home/inouemakoto/interbotix_ws/install/interbotix_xs_msgs/lib:/home/inouemakoto/interbotix_ws/install/dynamixel_workbench_toolbox/lib:${LD_LIBRARY_PATH} PYTHONPATH=/home/inouemakoto/interbotix_ws/install/interbotix_xs_msgs/local/lib/python3.10/dist-packages:${PYTHONPATH} /usr/bin/cmake --install /home/inouemakoto/interbotix_ws/build/interbotix_xs_sdk
