[1.925s] Invoking command in '/home/inouemakoto/interbotix_ws/build/interbotix_perception_msgs': CMAKE_PREFIX_PATH=${CMAKE_PREFIX_PATH}:/home/inouemakoto/interbotix_ws/install/interbotix_moveit_interface:/home/inouemakoto/interbotix_ws/install/moveit_service:/home/inouemakoto/interbotix_ws/install/makoto:/home/inouemakoto/interbotix_ws/install/interbotix_xs_modules:/home/inouemakoto/interbotix_ws/install/interbotix_rpi_modules:/home/inouemakoto/interbotix_ws/install/interbotix_common_modules:/home/inouemakoto/ws_moveit2/install/moveit_configs_utils:/home/inouemakoto/ws_moveit2/install/launch_param_builder:/home/inouemakoto/install/moveit_service:/home/inouemakoto/install/interbotix_xs_modules:/home/inouemakoto/install/interbotix_common_modules:/opt/ros/humble /usr/bin/cmake /home/inouemakoto/interbotix_ws/src/interbotix_ros_toolboxes/interbotix_perception_toolbox/interbotix_perception_msgs -DCMAKE_INSTALL_PREFIX=/home/inouemakoto/interbotix_ws/install/interbotix_perception_msgs
[2.606s] -- The C compiler identification is GNU 11.4.0
[2.606s] -- The CXX compiler identification is GNU 11.4.0
[2.607s] -- Detecting C compiler ABI info
[2.607s] -- Detecting C compiler ABI info - done
[2.607s] -- Check for working C compiler: /usr/bin/cc - skipped
[2.607s] -- Detecting C compile features
[2.607s] -- Detecting C compile features - done
[2.607s] -- Detecting CXX compiler ABI info
[2.607s] -- Detecting CXX compiler ABI info - done
[2.608s] -- Check for working CXX compiler: /usr/bin/c++ - skipped
[2.609s] -- Detecting CXX compile features
[2.609s] -- Detecting CXX compile features - done
[2.610s] -- Found rosidl_default_generators: 1.2.0 (/opt/ros/humble/share/rosidl_default_generators/cmake)
[2.610s] -- Found ament_cmake_core: 1.3.5 (/opt/ros/humble/share/ament_cmake_core/cmake)
[2.695s] -- Found Python3: /usr/bin/python3.10 (found version "3.10.12") found components: Interpreter 
[2.922s] -- Using all available rosidl_typesupport_c: rosidl_typesupport_fastrtps_c;rosidl_typesupport_introspection_c
[2.990s] -- Found rosidl_adapter: 3.1.5 (/opt/ros/humble/share/rosidl_adapter/cmake)
[3.306s] -- Using all available rosidl_typesupport_cpp: rosidl_typesupport_fastrtps_cpp;rosidl_typesupport_introspection_cpp
[3.417s] -- Found std_msgs: 4.2.3 (/opt/ros/humble/share/std_msgs/cmake)
[3.520s] -- Found geometry_msgs: 4.2.3 (/opt/ros/humble/share/geometry_msgs/cmake)
[3.570s] -- Found sensor_msgs: 4.2.3 (/opt/ros/humble/share/sensor_msgs/cmake)
[4.197s] -- Found ament_cmake_ros: 0.10.0 (/opt/ros/humble/share/ament_cmake_ros/cmake)
[4.648s] -- Using all available rosidl_typesupport_c: rosidl_typesupport_fastrtps_c;rosidl_typesupport_introspection_c
[5.146s] -- Using all available rosidl_typesupport_cpp: rosidl_typesupport_fastrtps_cpp;rosidl_typesupport_introspection_cpp
[5.174s] -- Found PythonInterp: /usr/bin/python3 (found suitable version "3.10.12", minimum required is "3.6") 
[5.183s] -- Found python_cmake_module: 0.10.0 (/opt/ros/humble/share/python_cmake_module/cmake)
[5.220s] -- Found PythonLibs: /usr/lib/x86_64-linux-gnu/libpython3.10.so (found suitable version "3.10.12", minimum required is "3.5") 
[5.220s] -- Using PYTHON_EXECUTABLE: /usr/bin/python3
[5.220s] -- Using PYTHON_INCLUDE_DIRS: /usr/include/python3.10
[5.220s] -- Using PYTHON_LIBRARIES: /usr/lib/x86_64-linux-gnu/libpython3.10.so
[5.246s] -- Found PythonExtra: .so  
[5.507s] -- Found ament_lint_auto: 0.12.8 (/opt/ros/humble/share/ament_lint_auto/cmake)
[5.528s] -- Configuring done
[5.590s] -- Generating done
[5.593s] -- Build files have been written to: /home/inouemakoto/interbotix_ws/build/interbotix_perception_msgs
