[1.494s] Invoking command in '/home/inouemakoto/interbotix_ws/build/move_group_node': CMAKE_PREFIX_PATH=${CMAKE_PREFIX_PATH}:/home/inouemakoto/interbotix_ws/install/yolov5_ros2:/home/inouemakoto/interbotix_ws/install/pick_vision:/home/inouemakoto/interbotix_ws/install/moveit_service:/home/inouemakoto/interbotix_ws/install/opencv_tests:/home/inouemakoto/interbotix_ws/install/opencv_ros2:/home/inouemakoto/interbotix_ws/install/makoto:/home/inouemakoto/interbotix_ws/install/interbotix_xs_modules:/home/inouemakoto/interbotix_ws/install/interbotix_landmark_modules:/home/inouemakoto/interbotix_ws/install/interbotix_perception_modules:/home/inouemakoto/interbotix_ws/install/interbotix_rpi_modules:/home/inouemakoto/interbotix_ws/install/interbotix_common_modules:/home/inouemakoto/interbotix_ws/install/camera:/home/inouemakoto/ws_moveit2/install/moveit_configs_utils:/home/inouemakoto/ws_moveit2/install/launch_param_builder:/home/inouemakoto/install/moveit_service:/home/inouemakoto/install/interbotix_xs_modules:/home/inouemakoto/install/interbotix_moveit_interface_msgs:/home/inouemakoto/install/interbotix_common_modules:/opt/ros/humble /usr/bin/cmake --build /home/inouemakoto/interbotix_ws/build/move_group_node -- -j20 -l20
[1.556s] [35m[1mConsolidate compiler generated dependencies of target run_move_group[0m
[1.600s] [ 50%] [32m[1mLinking CXX executable run_move_group[0m
[3.071s] [100%] Built target run_move_group
[4.067s] Invoked command in '/home/inouemakoto/interbotix_ws/build/move_group_node' returned '0': CMAKE_PREFIX_PATH=${CMAKE_PREFIX_PATH}:/home/inouemakoto/interbotix_ws/install/yolov5_ros2:/home/inouemakoto/interbotix_ws/install/pick_vision:/home/inouemakoto/interbotix_ws/install/moveit_service:/home/inouemakoto/interbotix_ws/install/opencv_tests:/home/inouemakoto/interbotix_ws/install/opencv_ros2:/home/inouemakoto/interbotix_ws/install/makoto:/home/inouemakoto/interbotix_ws/install/interbotix_xs_modules:/home/inouemakoto/interbotix_ws/install/interbotix_landmark_modules:/home/inouemakoto/interbotix_ws/install/interbotix_perception_modules:/home/inouemakoto/interbotix_ws/install/interbotix_rpi_modules:/home/inouemakoto/interbotix_ws/install/interbotix_common_modules:/home/inouemakoto/interbotix_ws/install/camera:/home/inouemakoto/ws_moveit2/install/moveit_configs_utils:/home/inouemakoto/ws_moveit2/install/launch_param_builder:/home/inouemakoto/install/moveit_service:/home/inouemakoto/install/interbotix_xs_modules:/home/inouemakoto/install/interbotix_moveit_interface_msgs:/home/inouemakoto/install/interbotix_common_modules:/opt/ros/humble /usr/bin/cmake --build /home/inouemakoto/interbotix_ws/build/move_group_node -- -j20 -l20
[4.834s] Invoking command in '/home/inouemakoto/interbotix_ws/build/move_group_node': CMAKE_PREFIX_PATH=${CMAKE_PREFIX_PATH}:/home/inouemakoto/interbotix_ws/install/yolov5_ros2:/home/inouemakoto/interbotix_ws/install/pick_vision:/home/inouemakoto/interbotix_ws/install/moveit_service:/home/inouemakoto/interbotix_ws/install/opencv_tests:/home/inouemakoto/interbotix_ws/install/opencv_ros2:/home/inouemakoto/interbotix_ws/install/makoto:/home/inouemakoto/interbotix_ws/install/interbotix_xs_modules:/home/inouemakoto/interbotix_ws/install/interbotix_landmark_modules:/home/inouemakoto/interbotix_ws/install/interbotix_perception_modules:/home/inouemakoto/interbotix_ws/install/interbotix_rpi_modules:/home/inouemakoto/interbotix_ws/install/interbotix_common_modules:/home/inouemakoto/interbotix_ws/install/camera:/home/inouemakoto/ws_moveit2/install/moveit_configs_utils:/home/inouemakoto/ws_moveit2/install/launch_param_builder:/home/inouemakoto/install/moveit_service:/home/inouemakoto/install/interbotix_xs_modules:/home/inouemakoto/install/interbotix_moveit_interface_msgs:/home/inouemakoto/install/interbotix_common_modules:/opt/ros/humble /usr/bin/cmake --install /home/inouemakoto/interbotix_ws/build/move_group_node
[4.842s] -- Install configuration: ""
[4.842s] -- Execute custom install script
[4.842s] -- Up-to-date symlink: /home/inouemakoto/interbotix_ws/install/move_group_node/lib/move_group_node/run_move_group
[4.843s] -- Up-to-date symlink: /home/inouemakoto/interbotix_ws/install/move_group_node/share/ament_index/resource_index/package_run_dependencies/move_group_node
[4.843s] -- Up-to-date symlink: /home/inouemakoto/interbotix_ws/install/move_group_node/share/ament_index/resource_index/parent_prefix_path/move_group_node
[4.843s] -- Up-to-date symlink: /home/inouemakoto/interbotix_ws/install/move_group_node/share/move_group_node/environment/ament_prefix_path.sh
[4.843s] -- Up-to-date symlink: /home/inouemakoto/interbotix_ws/install/move_group_node/share/move_group_node/environment/ament_prefix_path.dsv
[4.843s] -- Up-to-date symlink: /home/inouemakoto/interbotix_ws/install/move_group_node/share/move_group_node/environment/path.sh
[4.843s] -- Up-to-date symlink: /home/inouemakoto/interbotix_ws/install/move_group_node/share/move_group_node/environment/path.dsv
[4.843s] -- Up-to-date symlink: /home/inouemakoto/interbotix_ws/install/move_group_node/share/move_group_node/local_setup.bash
[4.843s] -- Up-to-date symlink: /home/inouemakoto/interbotix_ws/install/move_group_node/share/move_group_node/local_setup.sh
[4.844s] -- Up-to-date symlink: /home/inouemakoto/interbotix_ws/install/move_group_node/share/move_group_node/local_setup.zsh
[4.844s] -- Up-to-date symlink: /home/inouemakoto/interbotix_ws/install/move_group_node/share/move_group_node/local_setup.dsv
[4.844s] -- Symlinking: /home/inouemakoto/interbotix_ws/install/move_group_node/share/move_group_node/package.dsv
[4.854s] -- Up-to-date symlink: /home/inouemakoto/interbotix_ws/install/move_group_node/share/ament_index/resource_index/packages/move_group_node
[4.855s] -- Up-to-date symlink: /home/inouemakoto/interbotix_ws/install/move_group_node/share/move_group_node/cmake/move_group_nodeConfig.cmake
[4.855s] -- Up-to-date symlink: /home/inouemakoto/interbotix_ws/install/move_group_node/share/move_group_node/cmake/move_group_nodeConfig-version.cmake
[4.856s] -- Up-to-date symlink: /home/inouemakoto/interbotix_ws/install/move_group_node/share/move_group_node/package.xml
[4.857s] Invoked command in '/home/inouemakoto/interbotix_ws/build/move_group_node' returned '0': CMAKE_PREFIX_PATH=${CMAKE_PREFIX_PATH}:/home/inouemakoto/interbotix_ws/install/yolov5_ros2:/home/inouemakoto/interbotix_ws/install/pick_vision:/home/inouemakoto/interbotix_ws/install/moveit_service:/home/inouemakoto/interbotix_ws/install/opencv_tests:/home/inouemakoto/interbotix_ws/install/opencv_ros2:/home/inouemakoto/interbotix_ws/install/makoto:/home/inouemakoto/interbotix_ws/install/interbotix_xs_modules:/home/inouemakoto/interbotix_ws/install/interbotix_landmark_modules:/home/inouemakoto/interbotix_ws/install/interbotix_perception_modules:/home/inouemakoto/interbotix_ws/install/interbotix_rpi_modules:/home/inouemakoto/interbotix_ws/install/interbotix_common_modules:/home/inouemakoto/interbotix_ws/install/camera:/home/inouemakoto/ws_moveit2/install/moveit_configs_utils:/home/inouemakoto/ws_moveit2/install/launch_param_builder:/home/inouemakoto/install/moveit_service:/home/inouemakoto/install/interbotix_xs_modules:/home/inouemakoto/install/interbotix_moveit_interface_msgs:/home/inouemakoto/install/interbotix_common_modules:/opt/ros/humble /usr/bin/cmake --install /home/inouemakoto/interbotix_ws/build/move_group_node
