[1.314s] Invoking command in '/home/inouemakoto/interbotix_ws/build/original_interface': CMAKE_PREFIX_PATH=${CMAKE_PREFIX_PATH}:/home/inouemakoto/interbotix_ws/install/yolov5_ros2:/home/inouemakoto/interbotix_ws/install/pick_vision:/home/inouemakoto/interbotix_ws/install/moveit_service:/home/inouemakoto/interbotix_ws/install/opencv_tests:/home/inouemakoto/interbotix_ws/install/opencv_ros2:/home/inouemakoto/interbotix_ws/install/makoto:/home/inouemakoto/interbotix_ws/install/interbotix_xs_modules:/home/inouemakoto/interbotix_ws/install/interbotix_landmark_modules:/home/inouemakoto/interbotix_ws/install/interbotix_perception_modules:/home/inouemakoto/interbotix_ws/install/interbotix_rpi_modules:/home/inouemakoto/interbotix_ws/install/interbotix_common_modules:/home/inouemakoto/interbotix_ws/install/camera:/home/inouemakoto/ws_moveit2/install/moveit_configs_utils:/home/inouemakoto/ws_moveit2/install/launch_param_builder:/home/inouemakoto/install/moveit_service:/home/inouemakoto/install/interbotix_xs_modules:/home/inouemakoto/install/interbotix_moveit_interface_msgs:/home/inouemakoto/install/interbotix_common_modules:/opt/ros/humble /usr/bin/cmake --build /home/inouemakoto/interbotix_ws/build/original_interface -- -j20 -l20
[2.430s] [  6%] Built target original_interface__cpp
[2.430s] [ 12%] Built target original_interface__rosidl_generator_c
[2.430s] [ 12%] Built target ament_cmake_python_copy_original_interface
[2.430s] [ 22%] Built target original_interface__rosidl_typesupport_introspection_cpp
[2.430s] [ 32%] Built target original_interface__rosidl_typesupport_fastrtps_cpp
[2.430s] [ 41%] Built target original_interface__rosidl_typesupport_cpp
[2.431s] [ 54%] Built target original_interface__rosidl_typesupport_c
[2.431s] [ 61%] Built target original_interface__rosidl_typesupport_introspection_c
[2.431s] [ 70%] Built target original_interface__rosidl_typesupport_fastrtps_c
[2.431s] [ 70%] Built target original_interface
[2.431s] [ 74%] Built target original_interface__py
[2.431s] [ 80%] Built target original_interface__rosidl_generator_py
[2.431s] [ 93%] Built target original_interface__rosidl_typesupport_fastrtps_c__pyext
[2.431s] [ 93%] Built target original_interface__rosidl_typesupport_introspection_c__pyext
[2.431s] [100%] Built target original_interface__rosidl_typesupport_c__pyext
[2.431s] running egg_info
[2.432s] writing original_interface.egg-info/PKG-INFO
[2.432s] writing dependency_links to original_interface.egg-info/dependency_links.txt
[2.432s] writing top-level names to original_interface.egg-info/top_level.txt
[2.432s] reading manifest file 'original_interface.egg-info/SOURCES.txt'
[2.432s] writing manifest file 'original_interface.egg-info/SOURCES.txt'
[2.432s] [100%] Built target ament_cmake_python_build_original_interface_egg
[2.448s] Invoked command in '/home/inouemakoto/interbotix_ws/build/original_interface' returned '0': CMAKE_PREFIX_PATH=${CMAKE_PREFIX_PATH}:/home/inouemakoto/interbotix_ws/install/yolov5_ros2:/home/inouemakoto/interbotix_ws/install/pick_vision:/home/inouemakoto/interbotix_ws/install/moveit_service:/home/inouemakoto/interbotix_ws/install/opencv_tests:/home/inouemakoto/interbotix_ws/install/opencv_ros2:/home/inouemakoto/interbotix_ws/install/makoto:/home/inouemakoto/interbotix_ws/install/interbotix_xs_modules:/home/inouemakoto/interbotix_ws/install/interbotix_landmark_modules:/home/inouemakoto/interbotix_ws/install/interbotix_perception_modules:/home/inouemakoto/interbotix_ws/install/interbotix_rpi_modules:/home/inouemakoto/interbotix_ws/install/interbotix_common_modules:/home/inouemakoto/interbotix_ws/install/camera:/home/inouemakoto/ws_moveit2/install/moveit_configs_utils:/home/inouemakoto/ws_moveit2/install/launch_param_builder:/home/inouemakoto/install/moveit_service:/home/inouemakoto/install/interbotix_xs_modules:/home/inouemakoto/install/interbotix_moveit_interface_msgs:/home/inouemakoto/install/interbotix_common_modules:/opt/ros/humble /usr/bin/cmake --build /home/inouemakoto/interbotix_ws/build/original_interface -- -j20 -l20
[2.783s] Invoking command in '/home/inouemakoto/interbotix_ws/build/original_interface': CMAKE_PREFIX_PATH=${CMAKE_PREFIX_PATH}:/home/inouemakoto/interbotix_ws/install/yolov5_ros2:/home/inouemakoto/interbotix_ws/install/pick_vision:/home/inouemakoto/interbotix_ws/install/moveit_service:/home/inouemakoto/interbotix_ws/install/opencv_tests:/home/inouemakoto/interbotix_ws/install/opencv_ros2:/home/inouemakoto/interbotix_ws/install/makoto:/home/inouemakoto/interbotix_ws/install/interbotix_xs_modules:/home/inouemakoto/interbotix_ws/install/interbotix_landmark_modules:/home/inouemakoto/interbotix_ws/install/interbotix_perception_modules:/home/inouemakoto/interbotix_ws/install/interbotix_rpi_modules:/home/inouemakoto/interbotix_ws/install/interbotix_common_modules:/home/inouemakoto/interbotix_ws/install/camera:/home/inouemakoto/ws_moveit2/install/moveit_configs_utils:/home/inouemakoto/ws_moveit2/install/launch_param_builder:/home/inouemakoto/install/moveit_service:/home/inouemakoto/install/interbotix_xs_modules:/home/inouemakoto/install/interbotix_moveit_interface_msgs:/home/inouemakoto/install/interbotix_common_modules:/opt/ros/humble /usr/bin/cmake --install /home/inouemakoto/interbotix_ws/build/original_interface
[2.940s] -- Install configuration: ""
[2.940s] -- Up-to-date: /home/inouemakoto/interbotix_ws/install/original_interface/share/ament_index/resource_index/rosidl_interfaces/original_interface
[2.940s] -- Up-to-date: /home/inouemakoto/interbotix_ws/install/original_interface/include/original_interface/original_interface
[2.940s] -- Up-to-date: /home/inouemakoto/interbotix_ws/install/original_interface/include/original_interface/original_interface/srv
[2.940s] -- Up-to-date: /home/inouemakoto/interbotix_ws/install/original_interface/include/original_interface/original_interface/srv/target_pos.h
[2.940s] -- Up-to-date: /home/inouemakoto/interbotix_ws/install/original_interface/include/original_interface/original_interface/srv/detail
[2.940s] -- Up-to-date: /home/inouemakoto/interbotix_ws/install/original_interface/include/original_interface/original_interface/srv/detail/target_pos__type_support.h
[2.940s] -- Up-to-date: /home/inouemakoto/interbotix_ws/install/original_interface/include/original_interface/original_interface/srv/detail/target_pos__functions.h
[2.940s] -- Up-to-date: /home/inouemakoto/interbotix_ws/install/original_interface/include/original_interface/original_interface/srv/detail/target_pos__functions.c
[2.940s] -- Up-to-date: /home/inouemakoto/interbotix_ws/install/original_interface/include/original_interface/original_interface/srv/detail/target_pos__struct.h
[2.941s] -- Up-to-date: /home/inouemakoto/interbotix_ws/install/original_interface/include/original_interface/original_interface/msg
[2.941s] -- Up-to-date: /home/inouemakoto/interbotix_ws/install/original_interface/include/original_interface/original_interface/msg/rosidl_generator_c__visibility_control.h
[2.941s] -- Up-to-date: /home/inouemakoto/interbotix_ws/install/original_interface/share/original_interface/environment/library_path.sh
[2.941s] -- Up-to-date: /home/inouemakoto/interbotix_ws/install/original_interface/share/original_interface/environment/library_path.dsv
[2.941s] -- Up-to-date: /home/inouemakoto/interbotix_ws/install/original_interface/lib/liboriginal_interface__rosidl_generator_c.so
[2.941s] -- Up-to-date: /home/inouemakoto/interbotix_ws/install/original_interface/include/original_interface/original_interface
[2.941s] -- Up-to-date: /home/inouemakoto/interbotix_ws/install/original_interface/include/original_interface/original_interface/srv
[2.941s] -- Up-to-date: /home/inouemakoto/interbotix_ws/install/original_interface/include/original_interface/original_interface/srv/detail
[2.941s] -- Up-to-date: /home/inouemakoto/interbotix_ws/install/original_interface/include/original_interface/original_interface/srv/detail/target_pos__rosidl_typesupport_fastrtps_c.h
[2.941s] -- Up-to-date: /home/inouemakoto/interbotix_ws/install/original_interface/include/original_interface/original_interface/msg
[2.941s] -- Up-to-date: /home/inouemakoto/interbotix_ws/install/original_interface/include/original_interface/original_interface/msg/rosidl_typesupport_fastrtps_c__visibility_control.h
[2.941s] -- Up-to-date: /home/inouemakoto/interbotix_ws/install/original_interface/lib/liboriginal_interface__rosidl_typesupport_fastrtps_c.so
[2.941s] -- Up-to-date: /home/inouemakoto/interbotix_ws/install/original_interface/include/original_interface/original_interface
[2.941s] -- Up-to-date: /home/inouemakoto/interbotix_ws/install/original_interface/include/original_interface/original_interface/srv
[2.941s] -- Up-to-date: /home/inouemakoto/interbotix_ws/install/original_interface/include/original_interface/original_interface/srv/detail
[2.942s] -- Up-to-date: /home/inouemakoto/interbotix_ws/install/original_interface/include/original_interface/original_interface/srv/detail/target_pos__rosidl_typesupport_introspection_c.h
[2.942s] -- Up-to-date: /home/inouemakoto/interbotix_ws/install/original_interface/include/original_interface/original_interface/srv/detail/target_pos__type_support.c
[2.942s] -- Up-to-date: /home/inouemakoto/interbotix_ws/install/original_interface/include/original_interface/original_interface/msg
[2.942s] -- Up-to-date: /home/inouemakoto/interbotix_ws/install/original_interface/include/original_interface/original_interface/msg/rosidl_typesupport_introspection_c__visibility_control.h
[2.942s] -- Up-to-date: /home/inouemakoto/interbotix_ws/install/original_interface/lib/liboriginal_interface__rosidl_typesupport_introspection_c.so
[2.942s] -- Up-to-date: /home/inouemakoto/interbotix_ws/install/original_interface/lib/liboriginal_interface__rosidl_typesupport_c.so
[2.942s] -- Up-to-date: /home/inouemakoto/interbotix_ws/install/original_interface/include/original_interface/original_interface
[2.942s] -- Up-to-date: /home/inouemakoto/interbotix_ws/install/original_interface/include/original_interface/original_interface/srv
[2.942s] -- Up-to-date: /home/inouemakoto/interbotix_ws/install/original_interface/include/original_interface/original_interface/srv/target_pos.hpp
[2.942s] -- Up-to-date: /home/inouemakoto/interbotix_ws/install/original_interface/include/original_interface/original_interface/srv/detail
[2.942s] -- Up-to-date: /home/inouemakoto/interbotix_ws/install/original_interface/include/original_interface/original_interface/srv/detail/target_pos__traits.hpp
[2.942s] -- Up-to-date: /home/inouemakoto/interbotix_ws/install/original_interface/include/original_interface/original_interface/srv/detail/target_pos__struct.hpp
[2.942s] -- Up-to-date: /home/inouemakoto/interbotix_ws/install/original_interface/include/original_interface/original_interface/srv/detail/target_pos__builder.hpp
[2.942s] -- Up-to-date: /home/inouemakoto/interbotix_ws/install/original_interface/include/original_interface/original_interface
[2.943s] -- Up-to-date: /home/inouemakoto/interbotix_ws/install/original_interface/include/original_interface/original_interface/srv
[2.943s] -- Up-to-date: /home/inouemakoto/interbotix_ws/install/original_interface/include/original_interface/original_interface/srv/detail
[2.943s] -- Up-to-date: /home/inouemakoto/interbotix_ws/install/original_interface/include/original_interface/original_interface/srv/detail/dds_fastrtps
[2.943s] -- Up-to-date: /home/inouemakoto/interbotix_ws/install/original_interface/include/original_interface/original_interface/srv/detail/target_pos__rosidl_typesupport_fastrtps_cpp.hpp
[2.943s] -- Up-to-date: /home/inouemakoto/interbotix_ws/install/original_interface/include/original_interface/original_interface/msg
[2.943s] -- Up-to-date: /home/inouemakoto/interbotix_ws/install/original_interface/include/original_interface/original_interface/msg/rosidl_typesupport_fastrtps_cpp__visibility_control.h
[2.943s] -- Up-to-date: /home/inouemakoto/interbotix_ws/install/original_interface/lib/liboriginal_interface__rosidl_typesupport_fastrtps_cpp.so
[2.943s] -- Up-to-date: /home/inouemakoto/interbotix_ws/install/original_interface/include/original_interface/original_interface
[2.943s] -- Up-to-date: /home/inouemakoto/interbotix_ws/install/original_interface/include/original_interface/original_interface/srv
[2.943s] -- Up-to-date: /home/inouemakoto/interbotix_ws/install/original_interface/include/original_interface/original_interface/srv/detail
[2.943s] -- Up-to-date: /home/inouemakoto/interbotix_ws/install/original_interface/include/original_interface/original_interface/srv/detail/target_pos__type_support.cpp
[2.943s] -- Up-to-date: /home/inouemakoto/interbotix_ws/install/original_interface/include/original_interface/original_interface/srv/detail/target_pos__rosidl_typesupport_introspection_cpp.hpp
[2.943s] -- Up-to-date: /home/inouemakoto/interbotix_ws/install/original_interface/lib/liboriginal_interface__rosidl_typesupport_introspection_cpp.so
[2.943s] -- Up-to-date: /home/inouemakoto/interbotix_ws/install/original_interface/lib/liboriginal_interface__rosidl_typesupport_cpp.so
[2.943s] -- Up-to-date: /home/inouemakoto/interbotix_ws/install/original_interface/share/original_interface/environment/pythonpath.sh
[2.943s] -- Up-to-date: /home/inouemakoto/interbotix_ws/install/original_interface/share/original_interface/environment/pythonpath.dsv
[2.943s] -- Up-to-date: /home/inouemakoto/interbotix_ws/install/original_interface/local/lib/python3.10/dist-packages/original_interface-0.0.0-py3.10.egg-info
[2.944s] -- Installing: /home/inouemakoto/interbotix_ws/install/original_interface/local/lib/python3.10/dist-packages/original_interface-0.0.0-py3.10.egg-info/top_level.txt
[2.944s] -- Installing: /home/inouemakoto/interbotix_ws/install/original_interface/local/lib/python3.10/dist-packages/original_interface-0.0.0-py3.10.egg-info/dependency_links.txt
[2.946s] -- Installing: /home/inouemakoto/interbotix_ws/install/original_interface/local/lib/python3.10/dist-packages/original_interface-0.0.0-py3.10.egg-info/SOURCES.txt
[2.946s] -- Installing: /home/inouemakoto/interbotix_ws/install/original_interface/local/lib/python3.10/dist-packages/original_interface-0.0.0-py3.10.egg-info/PKG-INFO
[2.946s] -- Up-to-date: /home/inouemakoto/interbotix_ws/install/original_interface/local/lib/python3.10/dist-packages/original_interface
[2.946s] -- Up-to-date: /home/inouemakoto/interbotix_ws/install/original_interface/local/lib/python3.10/dist-packages/original_interface/liboriginal_interface__rosidl_generator_py.so
[2.946s] -- Up-to-date: /home/inouemakoto/interbotix_ws/install/original_interface/local/lib/python3.10/dist-packages/original_interface/original_interface_s__rosidl_typesupport_c.cpython-310-x86_64-linux-gnu.so
[2.946s] -- Up-to-date: /home/inouemakoto/interbotix_ws/install/original_interface/local/lib/python3.10/dist-packages/original_interface/srv
[2.946s] -- Up-to-date: /home/inouemakoto/interbotix_ws/install/original_interface/local/lib/python3.10/dist-packages/original_interface/srv/_target_pos.py
[2.946s] -- Up-to-date: /home/inouemakoto/interbotix_ws/install/original_interface/local/lib/python3.10/dist-packages/original_interface/srv/_target_pos_s.c
[2.947s] -- Up-to-date: /home/inouemakoto/interbotix_ws/install/original_interface/local/lib/python3.10/dist-packages/original_interface/srv/__init__.py
[2.947s] -- Up-to-date: /home/inouemakoto/interbotix_ws/install/original_interface/local/lib/python3.10/dist-packages/original_interface/original_interface_s__rosidl_typesupport_fastrtps_c.cpython-310-x86_64-linux-gnu.so
[2.947s] -- Up-to-date: /home/inouemakoto/interbotix_ws/install/original_interface/local/lib/python3.10/dist-packages/original_interface/original_interface_s__rosidl_typesupport_introspection_c.cpython-310-x86_64-linux-gnu.so
[2.947s] -- Up-to-date: /home/inouemakoto/interbotix_ws/install/original_interface/local/lib/python3.10/dist-packages/original_interface/_original_interface_s.ep.rosidl_typesupport_introspection_c.c
[2.947s] -- Up-to-date: /home/inouemakoto/interbotix_ws/install/original_interface/local/lib/python3.10/dist-packages/original_interface/__init__.py
[2.947s] -- Up-to-date: /home/inouemakoto/interbotix_ws/install/original_interface/local/lib/python3.10/dist-packages/original_interface/_original_interface_s.ep.rosidl_typesupport_fastrtps_c.c
[2.947s] -- Up-to-date: /home/inouemakoto/interbotix_ws/install/original_interface/local/lib/python3.10/dist-packages/original_interface/_original_interface_s.ep.rosidl_typesupport_c.c
[2.947s] Listing '/home/inouemakoto/interbotix_ws/install/original_interface/local/lib/python3.10/dist-packages/original_interface'...
[2.947s] Listing '/home/inouemakoto/interbotix_ws/install/original_interface/local/lib/python3.10/dist-packages/original_interface/srv'...
[2.947s] -- Up-to-date: /home/inouemakoto/interbotix_ws/install/original_interface/local/lib/python3.10/dist-packages/original_interface/original_interface_s__rosidl_typesupport_fastrtps_c.cpython-310-x86_64-linux-gnu.so
[2.947s] -- Up-to-date: /home/inouemakoto/interbotix_ws/install/original_interface/local/lib/python3.10/dist-packages/original_interface/original_interface_s__rosidl_typesupport_introspection_c.cpython-310-x86_64-linux-gnu.so
[2.947s] -- Up-to-date: /home/inouemakoto/interbotix_ws/install/original_interface/local/lib/python3.10/dist-packages/original_interface/original_interface_s__rosidl_typesupport_c.cpython-310-x86_64-linux-gnu.so
[2.947s] -- Up-to-date: /home/inouemakoto/interbotix_ws/install/original_interface/lib/liboriginal_interface__rosidl_generator_py.so
[2.947s] -- Up-to-date: /home/inouemakoto/interbotix_ws/install/original_interface/share/original_interface/srv/TargetPos.idl
[2.947s] -- Up-to-date: /home/inouemakoto/interbotix_ws/install/original_interface/share/original_interface/srv/TargetPos.srv
[2.947s] -- Up-to-date: /home/inouemakoto/interbotix_ws/install/original_interface/share/original_interface/srv/TargetPos_Request.msg
[2.948s] -- Up-to-date: /home/inouemakoto/interbotix_ws/install/original_interface/share/original_interface/srv/TargetPos_Response.msg
[2.953s] -- Up-to-date: /home/inouemakoto/interbotix_ws/install/original_interface/share/ament_index/resource_index/package_run_dependencies/original_interface
[2.953s] -- Up-to-date: /home/inouemakoto/interbotix_ws/install/original_interface/share/ament_index/resource_index/parent_prefix_path/original_interface
[2.953s] -- Up-to-date: /home/inouemakoto/interbotix_ws/install/original_interface/share/original_interface/environment/ament_prefix_path.sh
[2.953s] -- Up-to-date: /home/inouemakoto/interbotix_ws/install/original_interface/share/original_interface/environment/ament_prefix_path.dsv
[2.953s] -- Up-to-date: /home/inouemakoto/interbotix_ws/install/original_interface/share/original_interface/environment/path.sh
[2.953s] -- Up-to-date: /home/inouemakoto/interbotix_ws/install/original_interface/share/original_interface/environment/path.dsv
[2.953s] -- Up-to-date: /home/inouemakoto/interbotix_ws/install/original_interface/share/original_interface/local_setup.bash
[2.953s] -- Up-to-date: /home/inouemakoto/interbotix_ws/install/original_interface/share/original_interface/local_setup.sh
[2.953s] -- Up-to-date: /home/inouemakoto/interbotix_ws/install/original_interface/share/original_interface/local_setup.zsh
[2.953s] -- Up-to-date: /home/inouemakoto/interbotix_ws/install/original_interface/share/original_interface/local_setup.dsv
[2.953s] -- Installing: /home/inouemakoto/interbotix_ws/install/original_interface/share/original_interface/package.dsv
[2.954s] -- Up-to-date: /home/inouemakoto/interbotix_ws/install/original_interface/share/ament_index/resource_index/packages/original_interface
[2.954s] -- Up-to-date: /home/inouemakoto/interbotix_ws/install/original_interface/share/original_interface/cmake/export_original_interface__rosidl_generator_cExport.cmake
[2.954s] -- Up-to-date: /home/inouemakoto/interbotix_ws/install/original_interface/share/original_interface/cmake/export_original_interface__rosidl_generator_cExport-noconfig.cmake
[2.954s] -- Up-to-date: /home/inouemakoto/interbotix_ws/install/original_interface/share/original_interface/cmake/export_original_interface__rosidl_typesupport_fastrtps_cExport.cmake
[2.954s] -- Up-to-date: /home/inouemakoto/interbotix_ws/install/original_interface/share/original_interface/cmake/export_original_interface__rosidl_typesupport_fastrtps_cExport-noconfig.cmake
[2.954s] -- Up-to-date: /home/inouemakoto/interbotix_ws/install/original_interface/share/original_interface/cmake/original_interface__rosidl_typesupport_introspection_cExport.cmake
[2.954s] -- Up-to-date: /home/inouemakoto/interbotix_ws/install/original_interface/share/original_interface/cmake/original_interface__rosidl_typesupport_introspection_cExport-noconfig.cmake
[2.954s] -- Up-to-date: /home/inouemakoto/interbotix_ws/install/original_interface/share/original_interface/cmake/original_interface__rosidl_typesupport_cExport.cmake
[2.954s] -- Up-to-date: /home/inouemakoto/interbotix_ws/install/original_interface/share/original_interface/cmake/original_interface__rosidl_typesupport_cExport-noconfig.cmake
[2.955s] -- Up-to-date: /home/inouemakoto/interbotix_ws/install/original_interface/share/original_interface/cmake/export_original_interface__rosidl_generator_cppExport.cmake
[2.955s] -- Up-to-date: /home/inouemakoto/interbotix_ws/install/original_interface/share/original_interface/cmake/export_original_interface__rosidl_typesupport_fastrtps_cppExport.cmake
[2.955s] -- Up-to-date: /home/inouemakoto/interbotix_ws/install/original_interface/share/original_interface/cmake/export_original_interface__rosidl_typesupport_fastrtps_cppExport-noconfig.cmake
[2.955s] -- Up-to-date: /home/inouemakoto/interbotix_ws/install/original_interface/share/original_interface/cmake/original_interface__rosidl_typesupport_introspection_cppExport.cmake
[2.955s] -- Up-to-date: /home/inouemakoto/interbotix_ws/install/original_interface/share/original_interface/cmake/original_interface__rosidl_typesupport_introspection_cppExport-noconfig.cmake
[2.955s] -- Up-to-date: /home/inouemakoto/interbotix_ws/install/original_interface/share/original_interface/cmake/original_interface__rosidl_typesupport_cppExport.cmake
[2.955s] -- Up-to-date: /home/inouemakoto/interbotix_ws/install/original_interface/share/original_interface/cmake/original_interface__rosidl_typesupport_cppExport-noconfig.cmake
[2.955s] -- Up-to-date: /home/inouemakoto/interbotix_ws/install/original_interface/share/original_interface/cmake/export_original_interface__rosidl_generator_pyExport.cmake
[2.955s] -- Up-to-date: /home/inouemakoto/interbotix_ws/install/original_interface/share/original_interface/cmake/export_original_interface__rosidl_generator_pyExport-noconfig.cmake
[2.955s] -- Up-to-date: /home/inouemakoto/interbotix_ws/install/original_interface/share/original_interface/cmake/rosidl_cmake-extras.cmake
[2.955s] -- Up-to-date: /home/inouemakoto/interbotix_ws/install/original_interface/share/original_interface/cmake/ament_cmake_export_include_directories-extras.cmake
[2.955s] -- Up-to-date: /home/inouemakoto/interbotix_ws/install/original_interface/share/original_interface/cmake/ament_cmake_export_libraries-extras.cmake
[2.955s] -- Up-to-date: /home/inouemakoto/interbotix_ws/install/original_interface/share/original_interface/cmake/ament_cmake_export_targets-extras.cmake
[2.956s] -- Up-to-date: /home/inouemakoto/interbotix_ws/install/original_interface/share/original_interface/cmake/rosidl_cmake_export_typesupport_targets-extras.cmake
[2.956s] -- Up-to-date: /home/inouemakoto/interbotix_ws/install/original_interface/share/original_interface/cmake/ament_cmake_export_dependencies-extras.cmake
[2.956s] -- Up-to-date: /home/inouemakoto/interbotix_ws/install/original_interface/share/original_interface/cmake/rosidl_cmake_export_typesupport_libraries-extras.cmake
[2.956s] -- Up-to-date: /home/inouemakoto/interbotix_ws/install/original_interface/share/original_interface/cmake/original_interfaceConfig.cmake
[2.956s] -- Up-to-date: /home/inouemakoto/interbotix_ws/install/original_interface/share/original_interface/cmake/original_interfaceConfig-version.cmake
[2.956s] -- Up-to-date: /home/inouemakoto/interbotix_ws/install/original_interface/share/original_interface/package.xml
[3.802s] Invoked command in '/home/inouemakoto/interbotix_ws/build/original_interface' returned '0': CMAKE_PREFIX_PATH=${CMAKE_PREFIX_PATH}:/home/inouemakoto/interbotix_ws/install/yolov5_ros2:/home/inouemakoto/interbotix_ws/install/pick_vision:/home/inouemakoto/interbotix_ws/install/moveit_service:/home/inouemakoto/interbotix_ws/install/opencv_tests:/home/inouemakoto/interbotix_ws/install/opencv_ros2:/home/inouemakoto/interbotix_ws/install/makoto:/home/inouemakoto/interbotix_ws/install/interbotix_xs_modules:/home/inouemakoto/interbotix_ws/install/interbotix_landmark_modules:/home/inouemakoto/interbotix_ws/install/interbotix_perception_modules:/home/inouemakoto/interbotix_ws/install/interbotix_rpi_modules:/home/inouemakoto/interbotix_ws/install/interbotix_common_modules:/home/inouemakoto/interbotix_ws/install/camera:/home/inouemakoto/ws_moveit2/install/moveit_configs_utils:/home/inouemakoto/ws_moveit2/install/launch_param_builder:/home/inouemakoto/install/moveit_service:/home/inouemakoto/install/interbotix_xs_modules:/home/inouemakoto/install/interbotix_moveit_interface_msgs:/home/inouemakoto/install/interbotix_common_modules:/opt/ros/humble /usr/bin/cmake --install /home/inouemakoto/interbotix_ws/build/original_interface
