[1.196s] Invoking command in '/home/inouemakoto/interbotix_ws/build/image_geometry': CMAKE_PREFIX_PATH=${CMAKE_PREFIX_PATH}:/home/inouemakoto/interbotix_ws/install/yolov5_ros2:/home/inouemakoto/interbotix_ws/install/pick_vision:/home/inouemakoto/interbotix_ws/install/moveit_service:/home/inouemakoto/interbotix_ws/install/opencv_tests:/home/inouemakoto/interbotix_ws/install/opencv_ros2:/home/inouemakoto/interbotix_ws/install/makoto:/home/inouemakoto/interbotix_ws/install/interbotix_xs_modules:/home/inouemakoto/interbotix_ws/install/interbotix_landmark_modules:/home/inouemakoto/interbotix_ws/install/interbotix_perception_modules:/home/inouemakoto/interbotix_ws/install/interbotix_rpi_modules:/home/inouemakoto/interbotix_ws/install/interbotix_common_modules:/home/inouemakoto/interbotix_ws/install/camera:/home/inouemakoto/ws_moveit2/install/moveit_configs_utils:/home/inouemakoto/ws_moveit2/install/launch_param_builder:/home/inouemakoto/install/moveit_service:/home/inouemakoto/install/interbotix_xs_modules:/home/inouemakoto/install/interbotix_moveit_interface_msgs:/home/inouemakoto/install/interbotix_common_modules:/opt/ros/humble /usr/bin/cmake /home/inouemakoto/interbotix_ws/src/vision_opencv/image_geometry -DAMENT_CMAKE_SYMLINK_INSTALL=1 -DCMAKE_INSTALL_PREFIX=/home/inouemakoto/interbotix_ws/install/image_geometry
[2.349s] -- Found ament_cmake_python: 1.3.5 (/opt/ros/humble/share/ament_cmake_python/cmake)
[2.350s] -- Found ament_cmake_ros: 0.10.0 (/opt/ros/humble/share/ament_cmake_ros/cmake)
[2.351s] -- Override CMake install command with custom implementation using symlinks instead of copying resources
[2.351s] -- Found sensor_msgs: 4.2.3 (/opt/ros/humble/share/sensor_msgs/cmake)
[2.351s] -- Found rosidl_generator_c: 3.1.5 (/opt/ros/humble/share/rosidl_generator_c/cmake)
[2.351s] -- Found rosidl_adapter: 3.1.5 (/opt/ros/humble/share/rosidl_adapter/cmake)
[2.351s] -- Found rosidl_generator_cpp: 3.1.5 (/opt/ros/humble/share/rosidl_generator_cpp/cmake)
[2.351s] -- Using all available rosidl_typesupport_c: rosidl_typesupport_fastrtps_c;rosidl_typesupport_introspection_c
[2.351s] -- Using all available rosidl_typesupport_cpp: rosidl_typesupport_fastrtps_cpp;rosidl_typesupport_introspection_cpp
[2.351s] -- Found gtest sources under '/opt/ros/humble/src/gtest_vendor': C++ tests using 'Google Test' will be built
[2.352s] -- Configuring done
[2.353s] -- Generating done
[2.353s] -- Build files have been written to: /home/inouemakoto/interbotix_ws/build/image_geometry
[2.367s] Invoked command in '/home/inouemakoto/interbotix_ws/build/image_geometry' returned '0': CMAKE_PREFIX_PATH=${CMAKE_PREFIX_PATH}:/home/inouemakoto/interbotix_ws/install/yolov5_ros2:/home/inouemakoto/interbotix_ws/install/pick_vision:/home/inouemakoto/interbotix_ws/install/moveit_service:/home/inouemakoto/interbotix_ws/install/opencv_tests:/home/inouemakoto/interbotix_ws/install/opencv_ros2:/home/inouemakoto/interbotix_ws/install/makoto:/home/inouemakoto/interbotix_ws/install/interbotix_xs_modules:/home/inouemakoto/interbotix_ws/install/interbotix_landmark_modules:/home/inouemakoto/interbotix_ws/install/interbotix_perception_modules:/home/inouemakoto/interbotix_ws/install/interbotix_rpi_modules:/home/inouemakoto/interbotix_ws/install/interbotix_common_modules:/home/inouemakoto/interbotix_ws/install/camera:/home/inouemakoto/ws_moveit2/install/moveit_configs_utils:/home/inouemakoto/ws_moveit2/install/launch_param_builder:/home/inouemakoto/install/moveit_service:/home/inouemakoto/install/interbotix_xs_modules:/home/inouemakoto/install/interbotix_moveit_interface_msgs:/home/inouemakoto/install/interbotix_common_modules:/opt/ros/humble /usr/bin/cmake /home/inouemakoto/interbotix_ws/src/vision_opencv/image_geometry -DAMENT_CMAKE_SYMLINK_INSTALL=1 -DCMAKE_INSTALL_PREFIX=/home/inouemakoto/interbotix_ws/install/image_geometry
[2.368s] Invoking command in '/home/inouemakoto/interbotix_ws/build/image_geometry': CMAKE_PREFIX_PATH=${CMAKE_PREFIX_PATH}:/home/inouemakoto/interbotix_ws/install/yolov5_ros2:/home/inouemakoto/interbotix_ws/install/pick_vision:/home/inouemakoto/interbotix_ws/install/moveit_service:/home/inouemakoto/interbotix_ws/install/opencv_tests:/home/inouemakoto/interbotix_ws/install/opencv_ros2:/home/inouemakoto/interbotix_ws/install/makoto:/home/inouemakoto/interbotix_ws/install/interbotix_xs_modules:/home/inouemakoto/interbotix_ws/install/interbotix_landmark_modules:/home/inouemakoto/interbotix_ws/install/interbotix_perception_modules:/home/inouemakoto/interbotix_ws/install/interbotix_rpi_modules:/home/inouemakoto/interbotix_ws/install/interbotix_common_modules:/home/inouemakoto/interbotix_ws/install/camera:/home/inouemakoto/ws_moveit2/install/moveit_configs_utils:/home/inouemakoto/ws_moveit2/install/launch_param_builder:/home/inouemakoto/install/moveit_service:/home/inouemakoto/install/interbotix_xs_modules:/home/inouemakoto/install/interbotix_moveit_interface_msgs:/home/inouemakoto/install/interbotix_common_modules:/opt/ros/humble /usr/bin/cmake --build /home/inouemakoto/interbotix_ws/build/image_geometry -- -j20 -l20
[3.319s] [35m[1mConsolidate compiler generated dependencies of target gtest_main[0m
[3.320s] [35m[1mConsolidate compiler generated dependencies of target image_geometry[0m
[3.320s] [35m[1mConsolidate compiler generated dependencies of target gtest[0m
[3.320s] [ 22%] Built target gtest_main
[3.321s] [ 55%] Built target image_geometry
[3.321s] [ 77%] Built target gtest
[3.321s] [ 77%] Built target ament_cmake_python_symlink_image_geometry
[3.321s] [35m[1mConsolidate compiler generated dependencies of target image_geometry-utest[0m
[3.321s] [100%] Built target image_geometry-utest
[3.321s] running egg_info
[3.321s] writing image_geometry.egg-info/PKG-INFO
[3.321s] writing dependency_links to image_geometry.egg-info/dependency_links.txt
[3.322s] writing top-level names to image_geometry.egg-info/top_level.txt
[3.322s] reading manifest file 'image_geometry.egg-info/SOURCES.txt'
[3.322s] writing manifest file 'image_geometry.egg-info/SOURCES.txt'
[3.322s] [100%] Built target ament_cmake_python_build_image_geometry_egg
[3.329s] Invoked command in '/home/inouemakoto/interbotix_ws/build/image_geometry' returned '0': CMAKE_PREFIX_PATH=${CMAKE_PREFIX_PATH}:/home/inouemakoto/interbotix_ws/install/yolov5_ros2:/home/inouemakoto/interbotix_ws/install/pick_vision:/home/inouemakoto/interbotix_ws/install/moveit_service:/home/inouemakoto/interbotix_ws/install/opencv_tests:/home/inouemakoto/interbotix_ws/install/opencv_ros2:/home/inouemakoto/interbotix_ws/install/makoto:/home/inouemakoto/interbotix_ws/install/interbotix_xs_modules:/home/inouemakoto/interbotix_ws/install/interbotix_landmark_modules:/home/inouemakoto/interbotix_ws/install/interbotix_perception_modules:/home/inouemakoto/interbotix_ws/install/interbotix_rpi_modules:/home/inouemakoto/interbotix_ws/install/interbotix_common_modules:/home/inouemakoto/interbotix_ws/install/camera:/home/inouemakoto/ws_moveit2/install/moveit_configs_utils:/home/inouemakoto/ws_moveit2/install/launch_param_builder:/home/inouemakoto/install/moveit_service:/home/inouemakoto/install/interbotix_xs_modules:/home/inouemakoto/install/interbotix_moveit_interface_msgs:/home/inouemakoto/install/interbotix_common_modules:/opt/ros/humble /usr/bin/cmake --build /home/inouemakoto/interbotix_ws/build/image_geometry -- -j20 -l20
[3.554s] Invoking command in '/home/inouemakoto/interbotix_ws/build/image_geometry': CMAKE_PREFIX_PATH=${CMAKE_PREFIX_PATH}:/home/inouemakoto/interbotix_ws/install/yolov5_ros2:/home/inouemakoto/interbotix_ws/install/pick_vision:/home/inouemakoto/interbotix_ws/install/moveit_service:/home/inouemakoto/interbotix_ws/install/opencv_tests:/home/inouemakoto/interbotix_ws/install/opencv_ros2:/home/inouemakoto/interbotix_ws/install/makoto:/home/inouemakoto/interbotix_ws/install/interbotix_xs_modules:/home/inouemakoto/interbotix_ws/install/interbotix_landmark_modules:/home/inouemakoto/interbotix_ws/install/interbotix_perception_modules:/home/inouemakoto/interbotix_ws/install/interbotix_rpi_modules:/home/inouemakoto/interbotix_ws/install/interbotix_common_modules:/home/inouemakoto/interbotix_ws/install/camera:/home/inouemakoto/ws_moveit2/install/moveit_configs_utils:/home/inouemakoto/ws_moveit2/install/launch_param_builder:/home/inouemakoto/install/moveit_service:/home/inouemakoto/install/interbotix_xs_modules:/home/inouemakoto/install/interbotix_moveit_interface_msgs:/home/inouemakoto/install/interbotix_common_modules:/opt/ros/humble /usr/bin/cmake --install /home/inouemakoto/interbotix_ws/build/image_geometry
[4.245s] -- Install configuration: ""
[4.245s] -- Execute custom install script
[4.246s] -- Symlinking: /home/inouemakoto/interbotix_ws/install/image_geometry/share/image_geometry/environment/pythonpath.sh
[4.246s] -- Symlinking: /home/inouemakoto/interbotix_ws/install/image_geometry/share/image_geometry/environment/pythonpath.dsv
[4.246s] -- Symlinking: /home/inouemakoto/interbotix_ws/install/image_geometry/local/lib/python3.10/dist-packages/image_geometry-3.2.1-py3.10.egg-info/PKG-INFO
[4.246s] -- Symlinking: /home/inouemakoto/interbotix_ws/install/image_geometry/local/lib/python3.10/dist-packages/image_geometry-3.2.1-py3.10.egg-info/SOURCES.txt
[4.247s] -- Symlinking: /home/inouemakoto/interbotix_ws/install/image_geometry/local/lib/python3.10/dist-packages/image_geometry-3.2.1-py3.10.egg-info/dependency_links.txt
[4.247s] -- Symlinking: /home/inouemakoto/interbotix_ws/install/image_geometry/local/lib/python3.10/dist-packages/image_geometry-3.2.1-py3.10.egg-info/top_level.txt
[4.247s] -- Symlinking: /home/inouemakoto/interbotix_ws/install/image_geometry/local/lib/python3.10/dist-packages/image_geometry/__init__.py
[4.247s] -- Symlinking: /home/inouemakoto/interbotix_ws/install/image_geometry/local/lib/python3.10/dist-packages/image_geometry/cameramodels.py
[4.247s] -- Symlinking: /home/inouemakoto/interbotix_ws/install/image_geometry/include/image_geometry/image_geometry/pinhole_camera_model.h
[4.248s] -- Symlinking: /home/inouemakoto/interbotix_ws/install/image_geometry/include/image_geometry/image_geometry/stereo_camera_model.h
[4.248s] -- Symlinking: /home/inouemakoto/interbotix_ws/install/image_geometry/include/image_geometry/image_geometry/visibility_control.hpp
[4.249s] -- Symlinking: /home/inouemakoto/interbotix_ws/install/image_geometry/share/ament_index/resource_index/package_run_dependencies/image_geometry
[4.250s] -- Symlinking: /home/inouemakoto/interbotix_ws/install/image_geometry/share/ament_index/resource_index/parent_prefix_path/image_geometry
[4.250s] -- Symlinking: /home/inouemakoto/interbotix_ws/install/image_geometry/share/image_geometry/environment/ament_prefix_path.sh
[4.250s] -- Symlinking: /home/inouemakoto/interbotix_ws/install/image_geometry/share/image_geometry/environment/ament_prefix_path.dsv
[4.251s] -- Symlinking: /home/inouemakoto/interbotix_ws/install/image_geometry/share/image_geometry/environment/path.sh
[4.251s] -- Symlinking: /home/inouemakoto/interbotix_ws/install/image_geometry/share/image_geometry/environment/path.dsv
[4.251s] -- Symlinking: /home/inouemakoto/interbotix_ws/install/image_geometry/share/image_geometry/local_setup.bash
[4.251s] -- Symlinking: /home/inouemakoto/interbotix_ws/install/image_geometry/share/image_geometry/local_setup.sh
[4.251s] -- Symlinking: /home/inouemakoto/interbotix_ws/install/image_geometry/share/image_geometry/local_setup.zsh
[4.252s] -- Symlinking: /home/inouemakoto/interbotix_ws/install/image_geometry/share/image_geometry/local_setup.dsv
[4.252s] -- Symlinking: /home/inouemakoto/interbotix_ws/install/image_geometry/share/image_geometry/package.dsv
[4.252s] -- Symlinking: /home/inouemakoto/interbotix_ws/install/image_geometry/share/ament_index/resource_index/packages/image_geometry
[4.252s] -- Symlinking: /home/inouemakoto/interbotix_ws/install/image_geometry/share/image_geometry/cmake/ament_cmake_export_targets-extras.cmake
[4.252s] -- Symlinking: /home/inouemakoto/interbotix_ws/install/image_geometry/share/image_geometry/cmake/ament_cmake_export_dependencies-extras.cmake
[4.252s] -- Symlinking: /home/inouemakoto/interbotix_ws/install/image_geometry/share/image_geometry/cmake/image_geometryConfig.cmake
[4.252s] -- Symlinking: /home/inouemakoto/interbotix_ws/install/image_geometry/share/image_geometry/cmake/image_geometryConfig-version.cmake
[4.252s] -- Symlinking: /home/inouemakoto/interbotix_ws/install/image_geometry/share/image_geometry/package.xml
[4.253s] Listing '/home/inouemakoto/interbotix_ws/install/image_geometry/local/lib/python3.10/dist-packages/image_geometry'...
[4.253s] -- Up-to-date: /home/inouemakoto/interbotix_ws/install/image_geometry/lib/libimage_geometry.so
[4.253s] -- Up-to-date: /home/inouemakoto/interbotix_ws/install/image_geometry/share/image_geometry/cmake/export_image_geometryExport.cmake
[4.253s] -- Up-to-date: /home/inouemakoto/interbotix_ws/install/image_geometry/share/image_geometry/cmake/export_image_geometryExport-noconfig.cmake
[4.502s] Invoked command in '/home/inouemakoto/interbotix_ws/build/image_geometry' returned '0': CMAKE_PREFIX_PATH=${CMAKE_PREFIX_PATH}:/home/inouemakoto/interbotix_ws/install/yolov5_ros2:/home/inouemakoto/interbotix_ws/install/pick_vision:/home/inouemakoto/interbotix_ws/install/moveit_service:/home/inouemakoto/interbotix_ws/install/opencv_tests:/home/inouemakoto/interbotix_ws/install/opencv_ros2:/home/inouemakoto/interbotix_ws/install/makoto:/home/inouemakoto/interbotix_ws/install/interbotix_xs_modules:/home/inouemakoto/interbotix_ws/install/interbotix_landmark_modules:/home/inouemakoto/interbotix_ws/install/interbotix_perception_modules:/home/inouemakoto/interbotix_ws/install/interbotix_rpi_modules:/home/inouemakoto/interbotix_ws/install/interbotix_common_modules:/home/inouemakoto/interbotix_ws/install/camera:/home/inouemakoto/ws_moveit2/install/moveit_configs_utils:/home/inouemakoto/ws_moveit2/install/launch_param_builder:/home/inouemakoto/install/moveit_service:/home/inouemakoto/install/interbotix_xs_modules:/home/inouemakoto/install/interbotix_moveit_interface_msgs:/home/inouemakoto/install/interbotix_common_modules:/opt/ros/humble /usr/bin/cmake --install /home/inouemakoto/interbotix_ws/build/image_geometry
