[0.062s] Invoking command in '/home/inouemakoto/interbotix_ws/src/build/interbotix_xs_msgs': CMAKE_PREFIX_PATH=${CMAKE_PREFIX_PATH}:/home/inouemakoto/interbotix_ws/src/install/interbotix_xs_modules:/home/inouemakoto/interbotix_ws/src/install/interbotix_common_modules:/home/inouemakoto/interbotix_ws/install/interbotix_xs_modules:/home/inouemakoto/interbotix_ws/install/interbotix_common_modules:/opt/ros/humble /usr/bin/cmake --build /home/inouemakoto/interbotix_ws/src/build/interbotix_xs_msgs -- -j20 -l20
[0.306s] [  0%] Built target interbotix_xs_msgs__cpp
[0.306s] [ 12%] Built target interbotix_xs_msgs__rosidl_generator_c
[0.306s] [ 12%] Built target ament_cmake_python_copy_interbotix_xs_msgs
[0.306s] [ 31%] Built target interbotix_xs_msgs__rosidl_typesupport_c
[0.306s] [ 37%] Built target interbotix_xs_msgs__rosidl_typesupport_cpp
[0.306s] [ 48%] Built target interbotix_xs_msgs__rosidl_typesupport_introspection_c
[0.306s] [ 60%] Built target interbotix_xs_msgs__rosidl_typesupport_introspection_cpp
[0.306s] [ 72%] Built target interbotix_xs_msgs__rosidl_typesupport_fastrtps_cpp
[0.306s] [ 84%] Built target interbotix_xs_msgs__rosidl_typesupport_fastrtps_c
[0.307s] [ 84%] Built target interbotix_xs_msgs
[0.307s] [ 85%] Built target interbotix_xs_msgs__py
[0.307s] [ 96%] Built target interbotix_xs_msgs__rosidl_generator_py
[0.307s] [ 99%] Built target interbotix_xs_msgs__rosidl_typesupport_fastrtps_c__pyext
[0.307s] [ 99%] Built target interbotix_xs_msgs__rosidl_typesupport_c__pyext
[0.307s] [100%] Built target interbotix_xs_msgs__rosidl_typesupport_introspection_c__pyext
[0.329s] running egg_info
[0.330s] writing interbotix_xs_msgs.egg-info/PKG-INFO
[0.330s] writing dependency_links to interbotix_xs_msgs.egg-info/dependency_links.txt
[0.330s] writing top-level names to interbotix_xs_msgs.egg-info/top_level.txt
[0.332s] reading manifest file 'interbotix_xs_msgs.egg-info/SOURCES.txt'
[0.333s] writing manifest file 'interbotix_xs_msgs.egg-info/SOURCES.txt'
[0.377s] [100%] Built target ament_cmake_python_build_interbotix_xs_msgs_egg
[0.403s] Invoked command in '/home/inouemakoto/interbotix_ws/src/build/interbotix_xs_msgs' returned '0': CMAKE_PREFIX_PATH=${CMAKE_PREFIX_PATH}:/home/inouemakoto/interbotix_ws/src/install/interbotix_xs_modules:/home/inouemakoto/interbotix_ws/src/install/interbotix_common_modules:/home/inouemakoto/interbotix_ws/install/interbotix_xs_modules:/home/inouemakoto/interbotix_ws/install/interbotix_common_modules:/opt/ros/humble /usr/bin/cmake --build /home/inouemakoto/interbotix_ws/src/build/interbotix_xs_msgs -- -j20 -l20
[0.698s] Invoking command in '/home/inouemakoto/interbotix_ws/src/build/interbotix_xs_msgs': CMAKE_PREFIX_PATH=${CMAKE_PREFIX_PATH}:/home/inouemakoto/interbotix_ws/src/install/interbotix_xs_modules:/home/inouemakoto/interbotix_ws/src/install/interbotix_common_modules:/home/inouemakoto/interbotix_ws/install/interbotix_xs_modules:/home/inouemakoto/interbotix_ws/install/interbotix_common_modules:/opt/ros/humble /usr/bin/cmake --install /home/inouemakoto/interbotix_ws/src/build/interbotix_xs_msgs
[0.706s] -- Install configuration: ""
[0.706s] -- Up-to-date: /home/inouemakoto/interbotix_ws/src/install/interbotix_xs_msgs/share/ament_index/resource_index/rosidl_interfaces/interbotix_xs_msgs
[0.706s] -- Up-to-date: /home/inouemakoto/interbotix_ws/src/install/interbotix_xs_msgs/include/interbotix_xs_msgs/interbotix_xs_msgs
[0.706s] -- Up-to-date: /home/inouemakoto/interbotix_ws/src/install/interbotix_xs_msgs/include/interbotix_xs_msgs/interbotix_xs_msgs/srv
[0.707s] -- Up-to-date: /home/inouemakoto/interbotix_ws/src/install/interbotix_xs_msgs/include/interbotix_xs_msgs/interbotix_xs_msgs/srv/reboot.h
[0.707s] -- Up-to-date: /home/inouemakoto/interbotix_ws/src/install/interbotix_xs_msgs/include/interbotix_xs_msgs/interbotix_xs_msgs/srv/torque_enable.h
[0.707s] -- Up-to-date: /home/inouemakoto/interbotix_ws/src/install/interbotix_xs_msgs/include/interbotix_xs_msgs/interbotix_xs_msgs/srv/operating_modes.h
[0.707s] -- Up-to-date: /home/inouemakoto/interbotix_ws/src/install/interbotix_xs_msgs/include/interbotix_xs_msgs/interbotix_xs_msgs/srv/detail
[0.707s] -- Up-to-date: /home/inouemakoto/interbotix_ws/src/install/interbotix_xs_msgs/include/interbotix_xs_msgs/interbotix_xs_msgs/srv/detail/operating_modes__functions.h
[0.707s] -- Up-to-date: /home/inouemakoto/interbotix_ws/src/install/interbotix_xs_msgs/include/interbotix_xs_msgs/interbotix_xs_msgs/srv/detail/robot_info__type_support.h
[0.707s] -- Up-to-date: /home/inouemakoto/interbotix_ws/src/install/interbotix_xs_msgs/include/interbotix_xs_msgs/interbotix_xs_msgs/srv/detail/reboot__struct.h
[0.707s] -- Up-to-date: /home/inouemakoto/interbotix_ws/src/install/interbotix_xs_msgs/include/interbotix_xs_msgs/interbotix_xs_msgs/srv/detail/reboot__functions.h
[0.707s] -- Up-to-date: /home/inouemakoto/interbotix_ws/src/install/interbotix_xs_msgs/include/interbotix_xs_msgs/interbotix_xs_msgs/srv/detail/torque_enable__functions.h
[0.707s] -- Up-to-date: /home/inouemakoto/interbotix_ws/src/install/interbotix_xs_msgs/include/interbotix_xs_msgs/interbotix_xs_msgs/srv/detail/robot_info__struct.h
[0.707s] -- Up-to-date: /home/inouemakoto/interbotix_ws/src/install/interbotix_xs_msgs/include/interbotix_xs_msgs/interbotix_xs_msgs/srv/detail/reboot__functions.c
[0.708s] -- Up-to-date: /home/inouemakoto/interbotix_ws/src/install/interbotix_xs_msgs/include/interbotix_xs_msgs/interbotix_xs_msgs/srv/detail/motor_gains__struct.h
[0.708s] -- Up-to-date: /home/inouemakoto/interbotix_ws/src/install/interbotix_xs_msgs/include/interbotix_xs_msgs/interbotix_xs_msgs/srv/detail/torque_enable__type_support.h
[0.708s] -- Up-to-date: /home/inouemakoto/interbotix_ws/src/install/interbotix_xs_msgs/include/interbotix_xs_msgs/interbotix_xs_msgs/srv/detail/register_values__functions.c
[0.708s] -- Up-to-date: /home/inouemakoto/interbotix_ws/src/install/interbotix_xs_msgs/include/interbotix_xs_msgs/interbotix_xs_msgs/srv/detail/operating_modes__type_support.h
[0.708s] -- Up-to-date: /home/inouemakoto/interbotix_ws/src/install/interbotix_xs_msgs/include/interbotix_xs_msgs/interbotix_xs_msgs/srv/detail/robot_info__functions.h
[0.708s] -- Up-to-date: /home/inouemakoto/interbotix_ws/src/install/interbotix_xs_msgs/include/interbotix_xs_msgs/interbotix_xs_msgs/srv/detail/operating_modes__functions.c
[0.708s] -- Up-to-date: /home/inouemakoto/interbotix_ws/src/install/interbotix_xs_msgs/include/interbotix_xs_msgs/interbotix_xs_msgs/srv/detail/torque_enable__functions.c
[0.708s] -- Up-to-date: /home/inouemakoto/interbotix_ws/src/install/interbotix_xs_msgs/include/interbotix_xs_msgs/interbotix_xs_msgs/srv/detail/reboot__type_support.h
[0.708s] -- Up-to-date: /home/inouemakoto/interbotix_ws/src/install/interbotix_xs_msgs/include/interbotix_xs_msgs/interbotix_xs_msgs/srv/detail/register_values__type_support.h
[0.708s] -- Up-to-date: /home/inouemakoto/interbotix_ws/src/install/interbotix_xs_msgs/include/interbotix_xs_msgs/interbotix_xs_msgs/srv/detail/motor_gains__functions.h
[0.708s] -- Up-to-date: /home/inouemakoto/interbotix_ws/src/install/interbotix_xs_msgs/include/interbotix_xs_msgs/interbotix_xs_msgs/srv/detail/operating_modes__struct.h
[0.709s] -- Up-to-date: /home/inouemakoto/interbotix_ws/src/install/interbotix_xs_msgs/include/interbotix_xs_msgs/interbotix_xs_msgs/srv/detail/register_values__functions.h
[0.709s] -- Up-to-date: /home/inouemakoto/interbotix_ws/src/install/interbotix_xs_msgs/include/interbotix_xs_msgs/interbotix_xs_msgs/srv/detail/register_values__struct.h
[0.709s] -- Up-to-date: /home/inouemakoto/interbotix_ws/src/install/interbotix_xs_msgs/include/interbotix_xs_msgs/interbotix_xs_msgs/srv/detail/motor_gains__type_support.h
[0.709s] -- Up-to-date: /home/inouemakoto/interbotix_ws/src/install/interbotix_xs_msgs/include/interbotix_xs_msgs/interbotix_xs_msgs/srv/detail/motor_gains__functions.c
[0.709s] -- Up-to-date: /home/inouemakoto/interbotix_ws/src/install/interbotix_xs_msgs/include/interbotix_xs_msgs/interbotix_xs_msgs/srv/detail/torque_enable__struct.h
[0.709s] -- Up-to-date: /home/inouemakoto/interbotix_ws/src/install/interbotix_xs_msgs/include/interbotix_xs_msgs/interbotix_xs_msgs/srv/detail/robot_info__functions.c
[0.709s] -- Up-to-date: /home/inouemakoto/interbotix_ws/src/install/interbotix_xs_msgs/include/interbotix_xs_msgs/interbotix_xs_msgs/srv/register_values.h
[0.709s] -- Up-to-date: /home/inouemakoto/interbotix_ws/src/install/interbotix_xs_msgs/include/interbotix_xs_msgs/interbotix_xs_msgs/srv/robot_info.h
[0.709s] -- Up-to-date: /home/inouemakoto/interbotix_ws/src/install/interbotix_xs_msgs/include/interbotix_xs_msgs/interbotix_xs_msgs/srv/motor_gains.h
[0.709s] -- Up-to-date: /home/inouemakoto/interbotix_ws/src/install/interbotix_xs_msgs/include/interbotix_xs_msgs/interbotix_xs_msgs/msg
[0.709s] -- Up-to-date: /home/inouemakoto/interbotix_ws/src/install/interbotix_xs_msgs/include/interbotix_xs_msgs/interbotix_xs_msgs/msg/locobot_joy.h
[0.709s] -- Up-to-date: /home/inouemakoto/interbotix_ws/src/install/interbotix_xs_msgs/include/interbotix_xs_msgs/interbotix_xs_msgs/msg/hex_joy.h
[0.709s] -- Up-to-date: /home/inouemakoto/interbotix_ws/src/install/interbotix_xs_msgs/include/interbotix_xs_msgs/interbotix_xs_msgs/msg/joint_trajectory_command.h
[0.709s] -- Up-to-date: /home/inouemakoto/interbotix_ws/src/install/interbotix_xs_msgs/include/interbotix_xs_msgs/interbotix_xs_msgs/msg/joint_group_command.h
[0.709s] -- Up-to-date: /home/inouemakoto/interbotix_ws/src/install/interbotix_xs_msgs/include/interbotix_xs_msgs/interbotix_xs_msgs/msg/arm_joy.h
[0.710s] -- Up-to-date: /home/inouemakoto/interbotix_ws/src/install/interbotix_xs_msgs/include/interbotix_xs_msgs/interbotix_xs_msgs/msg/rosidl_generator_c__visibility_control.h
[0.710s] -- Up-to-date: /home/inouemakoto/interbotix_ws/src/install/interbotix_xs_msgs/include/interbotix_xs_msgs/interbotix_xs_msgs/msg/joint_single_command.h
[0.710s] -- Up-to-date: /home/inouemakoto/interbotix_ws/src/install/interbotix_xs_msgs/include/interbotix_xs_msgs/interbotix_xs_msgs/msg/turret_joy.h
[0.710s] -- Up-to-date: /home/inouemakoto/interbotix_ws/src/install/interbotix_xs_msgs/include/interbotix_xs_msgs/interbotix_xs_msgs/msg/joint_temps.h
[0.710s] -- Up-to-date: /home/inouemakoto/interbotix_ws/src/install/interbotix_xs_msgs/include/interbotix_xs_msgs/interbotix_xs_msgs/msg/detail
[0.710s] -- Up-to-date: /home/inouemakoto/interbotix_ws/src/install/interbotix_xs_msgs/include/interbotix_xs_msgs/interbotix_xs_msgs/msg/detail/arm_joy__functions.c
[0.710s] -- Up-to-date: /home/inouemakoto/interbotix_ws/src/install/interbotix_xs_msgs/include/interbotix_xs_msgs/interbotix_xs_msgs/msg/detail/joint_group_command__functions.c
[0.710s] -- Up-to-date: /home/inouemakoto/interbotix_ws/src/install/interbotix_xs_msgs/include/interbotix_xs_msgs/interbotix_xs_msgs/msg/detail/locobot_joy__type_support.h
[0.710s] -- Up-to-date: /home/inouemakoto/interbotix_ws/src/install/interbotix_xs_msgs/include/interbotix_xs_msgs/interbotix_xs_msgs/msg/detail/joint_group_command__struct.h
[0.710s] -- Up-to-date: /home/inouemakoto/interbotix_ws/src/install/interbotix_xs_msgs/include/interbotix_xs_msgs/interbotix_xs_msgs/msg/detail/locobot_joy__struct.h
[0.710s] -- Up-to-date: /home/inouemakoto/interbotix_ws/src/install/interbotix_xs_msgs/include/interbotix_xs_msgs/interbotix_xs_msgs/msg/detail/turret_joy__functions.h
[0.710s] -- Up-to-date: /home/inouemakoto/interbotix_ws/src/install/interbotix_xs_msgs/include/interbotix_xs_msgs/interbotix_xs_msgs/msg/detail/joint_trajectory_command__struct.h
[0.710s] -- Up-to-date: /home/inouemakoto/interbotix_ws/src/install/interbotix_xs_msgs/include/interbotix_xs_msgs/interbotix_xs_msgs/msg/detail/hex_joy__functions.c
[0.710s] -- Up-to-date: /home/inouemakoto/interbotix_ws/src/install/interbotix_xs_msgs/include/interbotix_xs_msgs/interbotix_xs_msgs/msg/detail/turret_joy__type_support.h
[0.711s] -- Up-to-date: /home/inouemakoto/interbotix_ws/src/install/interbotix_xs_msgs/include/interbotix_xs_msgs/interbotix_xs_msgs/msg/detail/joint_temps__struct.h
[0.711s] -- Up-to-date: /home/inouemakoto/interbotix_ws/src/install/interbotix_xs_msgs/include/interbotix_xs_msgs/interbotix_xs_msgs/msg/detail/arm_joy__struct.h
[0.711s] -- Up-to-date: /home/inouemakoto/interbotix_ws/src/install/interbotix_xs_msgs/include/interbotix_xs_msgs/interbotix_xs_msgs/msg/detail/hex_joy__type_support.h
[0.711s] -- Up-to-date: /home/inouemakoto/interbotix_ws/src/install/interbotix_xs_msgs/include/interbotix_xs_msgs/interbotix_xs_msgs/msg/detail/joint_trajectory_command__functions.h
[0.711s] -- Up-to-date: /home/inouemakoto/interbotix_ws/src/install/interbotix_xs_msgs/include/interbotix_xs_msgs/interbotix_xs_msgs/msg/detail/turret_joy__functions.c
[0.711s] -- Up-to-date: /home/inouemakoto/interbotix_ws/src/install/interbotix_xs_msgs/include/interbotix_xs_msgs/interbotix_xs_msgs/msg/detail/joint_trajectory_command__type_support.h
[0.711s] -- Up-to-date: /home/inouemakoto/interbotix_ws/src/install/interbotix_xs_msgs/include/interbotix_xs_msgs/interbotix_xs_msgs/msg/detail/joint_temps__functions.c
[0.711s] -- Up-to-date: /home/inouemakoto/interbotix_ws/src/install/interbotix_xs_msgs/include/interbotix_xs_msgs/interbotix_xs_msgs/msg/detail/hex_joy__struct.h
[0.711s] -- Up-to-date: /home/inouemakoto/interbotix_ws/src/install/interbotix_xs_msgs/include/interbotix_xs_msgs/interbotix_xs_msgs/msg/detail/turret_joy__struct.h
[0.711s] -- Up-to-date: /home/inouemakoto/interbotix_ws/src/install/interbotix_xs_msgs/include/interbotix_xs_msgs/interbotix_xs_msgs/msg/detail/joint_group_command__functions.h
[0.711s] -- Up-to-date: /home/inouemakoto/interbotix_ws/src/install/interbotix_xs_msgs/include/interbotix_xs_msgs/interbotix_xs_msgs/msg/detail/hex_joy__functions.h
[0.711s] -- Up-to-date: /home/inouemakoto/interbotix_ws/src/install/interbotix_xs_msgs/include/interbotix_xs_msgs/interbotix_xs_msgs/msg/detail/joint_group_command__type_support.h
[0.712s] -- Up-to-date: /home/inouemakoto/interbotix_ws/src/install/interbotix_xs_msgs/include/interbotix_xs_msgs/interbotix_xs_msgs/msg/detail/joint_trajectory_command__functions.c
[0.712s] -- Up-to-date: /home/inouemakoto/interbotix_ws/src/install/interbotix_xs_msgs/include/interbotix_xs_msgs/interbotix_xs_msgs/msg/detail/arm_joy__type_support.h
[0.712s] -- Up-to-date: /home/inouemakoto/interbotix_ws/src/install/interbotix_xs_msgs/include/interbotix_xs_msgs/interbotix_xs_msgs/msg/detail/joint_single_command__type_support.h
[0.712s] -- Up-to-date: /home/inouemakoto/interbotix_ws/src/install/interbotix_xs_msgs/include/interbotix_xs_msgs/interbotix_xs_msgs/msg/detail/arm_joy__functions.h
[0.712s] -- Up-to-date: /home/inouemakoto/interbotix_ws/src/install/interbotix_xs_msgs/include/interbotix_xs_msgs/interbotix_xs_msgs/msg/detail/joint_single_command__functions.h
[0.712s] -- Up-to-date: /home/inouemakoto/interbotix_ws/src/install/interbotix_xs_msgs/include/interbotix_xs_msgs/interbotix_xs_msgs/msg/detail/joint_temps__type_support.h
[0.712s] -- Up-to-date: /home/inouemakoto/interbotix_ws/src/install/interbotix_xs_msgs/include/interbotix_xs_msgs/interbotix_xs_msgs/msg/detail/joint_single_command__functions.c
[0.712s] -- Up-to-date: /home/inouemakoto/interbotix_ws/src/install/interbotix_xs_msgs/include/interbotix_xs_msgs/interbotix_xs_msgs/msg/detail/joint_temps__functions.h
[0.712s] -- Up-to-date: /home/inouemakoto/interbotix_ws/src/install/interbotix_xs_msgs/include/interbotix_xs_msgs/interbotix_xs_msgs/msg/detail/locobot_joy__functions.c
[0.712s] -- Up-to-date: /home/inouemakoto/interbotix_ws/src/install/interbotix_xs_msgs/include/interbotix_xs_msgs/interbotix_xs_msgs/msg/detail/locobot_joy__functions.h
[0.712s] -- Up-to-date: /home/inouemakoto/interbotix_ws/src/install/interbotix_xs_msgs/include/interbotix_xs_msgs/interbotix_xs_msgs/msg/detail/joint_single_command__struct.h
[0.712s] -- Up-to-date: /home/inouemakoto/interbotix_ws/src/install/interbotix_xs_msgs/share/interbotix_xs_msgs/environment/library_path.sh
[0.713s] -- Up-to-date: /home/inouemakoto/interbotix_ws/src/install/interbotix_xs_msgs/share/interbotix_xs_msgs/environment/library_path.dsv
[0.713s] -- Up-to-date: /home/inouemakoto/interbotix_ws/src/install/interbotix_xs_msgs/lib/libinterbotix_xs_msgs__rosidl_generator_c.so
[0.713s] -- Up-to-date: /home/inouemakoto/interbotix_ws/src/install/interbotix_xs_msgs/include/interbotix_xs_msgs/interbotix_xs_msgs
[0.714s] -- Up-to-date: /home/inouemakoto/interbotix_ws/src/install/interbotix_xs_msgs/include/interbotix_xs_msgs/interbotix_xs_msgs/srv
[0.714s] -- Up-to-date: /home/inouemakoto/interbotix_ws/src/install/interbotix_xs_msgs/include/interbotix_xs_msgs/interbotix_xs_msgs/srv/detail
[0.714s] -- Up-to-date: /home/inouemakoto/interbotix_ws/src/install/interbotix_xs_msgs/include/interbotix_xs_msgs/interbotix_xs_msgs/srv/detail/torque_enable__rosidl_typesupport_fastrtps_c.h
[0.714s] -- Up-to-date: /home/inouemakoto/interbotix_ws/src/install/interbotix_xs_msgs/include/interbotix_xs_msgs/interbotix_xs_msgs/srv/detail/robot_info__rosidl_typesupport_fastrtps_c.h
[0.714s] -- Up-to-date: /home/inouemakoto/interbotix_ws/src/install/interbotix_xs_msgs/include/interbotix_xs_msgs/interbotix_xs_msgs/srv/detail/reboot__rosidl_typesupport_fastrtps_c.h
[0.714s] -- Up-to-date: /home/inouemakoto/interbotix_ws/src/install/interbotix_xs_msgs/include/interbotix_xs_msgs/interbotix_xs_msgs/srv/detail/register_values__rosidl_typesupport_fastrtps_c.h
[0.714s] -- Up-to-date: /home/inouemakoto/interbotix_ws/src/install/interbotix_xs_msgs/include/interbotix_xs_msgs/interbotix_xs_msgs/srv/detail/operating_modes__rosidl_typesupport_fastrtps_c.h
[0.714s] -- Up-to-date: /home/inouemakoto/interbotix_ws/src/install/interbotix_xs_msgs/include/interbotix_xs_msgs/interbotix_xs_msgs/srv/detail/motor_gains__rosidl_typesupport_fastrtps_c.h
[0.714s] -- Up-to-date: /home/inouemakoto/interbotix_ws/src/install/interbotix_xs_msgs/include/interbotix_xs_msgs/interbotix_xs_msgs/msg
[0.714s] -- Up-to-date: /home/inouemakoto/interbotix_ws/src/install/interbotix_xs_msgs/include/interbotix_xs_msgs/interbotix_xs_msgs/msg/detail
[0.714s] -- Up-to-date: /home/inouemakoto/interbotix_ws/src/install/interbotix_xs_msgs/include/interbotix_xs_msgs/interbotix_xs_msgs/msg/detail/joint_group_command__rosidl_typesupport_fastrtps_c.h
[0.714s] -- Up-to-date: /home/inouemakoto/interbotix_ws/src/install/interbotix_xs_msgs/include/interbotix_xs_msgs/interbotix_xs_msgs/msg/detail/joint_trajectory_command__rosidl_typesupport_fastrtps_c.h
[0.715s] -- Up-to-date: /home/inouemakoto/interbotix_ws/src/install/interbotix_xs_msgs/include/interbotix_xs_msgs/interbotix_xs_msgs/msg/detail/joint_single_command__rosidl_typesupport_fastrtps_c.h
[0.715s] -- Up-to-date: /home/inouemakoto/interbotix_ws/src/install/interbotix_xs_msgs/include/interbotix_xs_msgs/interbotix_xs_msgs/msg/detail/locobot_joy__rosidl_typesupport_fastrtps_c.h
[0.715s] -- Up-to-date: /home/inouemakoto/interbotix_ws/src/install/interbotix_xs_msgs/include/interbotix_xs_msgs/interbotix_xs_msgs/msg/detail/turret_joy__rosidl_typesupport_fastrtps_c.h
[0.715s] -- Up-to-date: /home/inouemakoto/interbotix_ws/src/install/interbotix_xs_msgs/include/interbotix_xs_msgs/interbotix_xs_msgs/msg/detail/arm_joy__rosidl_typesupport_fastrtps_c.h
[0.715s] -- Up-to-date: /home/inouemakoto/interbotix_ws/src/install/interbotix_xs_msgs/include/interbotix_xs_msgs/interbotix_xs_msgs/msg/detail/joint_temps__rosidl_typesupport_fastrtps_c.h
[0.715s] -- Up-to-date: /home/inouemakoto/interbotix_ws/src/install/interbotix_xs_msgs/include/interbotix_xs_msgs/interbotix_xs_msgs/msg/detail/hex_joy__rosidl_typesupport_fastrtps_c.h
[0.715s] -- Up-to-date: /home/inouemakoto/interbotix_ws/src/install/interbotix_xs_msgs/include/interbotix_xs_msgs/interbotix_xs_msgs/msg/rosidl_typesupport_fastrtps_c__visibility_control.h
[0.715s] -- Up-to-date: /home/inouemakoto/interbotix_ws/src/install/interbotix_xs_msgs/lib/libinterbotix_xs_msgs__rosidl_typesupport_fastrtps_c.so
[0.715s] -- Up-to-date: /home/inouemakoto/interbotix_ws/src/install/interbotix_xs_msgs/include/interbotix_xs_msgs/interbotix_xs_msgs
[0.715s] -- Up-to-date: /home/inouemakoto/interbotix_ws/src/install/interbotix_xs_msgs/include/interbotix_xs_msgs/interbotix_xs_msgs/srv
[0.715s] -- Up-to-date: /home/inouemakoto/interbotix_ws/src/install/interbotix_xs_msgs/include/interbotix_xs_msgs/interbotix_xs_msgs/srv/detail
[0.715s] -- Up-to-date: /home/inouemakoto/interbotix_ws/src/install/interbotix_xs_msgs/include/interbotix_xs_msgs/interbotix_xs_msgs/srv/detail/torque_enable__rosidl_typesupport_introspection_c.h
[0.715s] -- Up-to-date: /home/inouemakoto/interbotix_ws/src/install/interbotix_xs_msgs/include/interbotix_xs_msgs/interbotix_xs_msgs/srv/detail/torque_enable__type_support.c
[0.715s] -- Up-to-date: /home/inouemakoto/interbotix_ws/src/install/interbotix_xs_msgs/include/interbotix_xs_msgs/interbotix_xs_msgs/srv/detail/motor_gains__type_support.c
[0.715s] -- Up-to-date: /home/inouemakoto/interbotix_ws/src/install/interbotix_xs_msgs/include/interbotix_xs_msgs/interbotix_xs_msgs/srv/detail/reboot__rosidl_typesupport_introspection_c.h
[0.716s] -- Up-to-date: /home/inouemakoto/interbotix_ws/src/install/interbotix_xs_msgs/include/interbotix_xs_msgs/interbotix_xs_msgs/srv/detail/robot_info__rosidl_typesupport_introspection_c.h
[0.716s] -- Up-to-date: /home/inouemakoto/interbotix_ws/src/install/interbotix_xs_msgs/include/interbotix_xs_msgs/interbotix_xs_msgs/srv/detail/reboot__type_support.c
[0.716s] -- Up-to-date: /home/inouemakoto/interbotix_ws/src/install/interbotix_xs_msgs/include/interbotix_xs_msgs/interbotix_xs_msgs/srv/detail/motor_gains__rosidl_typesupport_introspection_c.h
[0.716s] -- Up-to-date: /home/inouemakoto/interbotix_ws/src/install/interbotix_xs_msgs/include/interbotix_xs_msgs/interbotix_xs_msgs/srv/detail/operating_modes__type_support.c
[0.716s] -- Up-to-date: /home/inouemakoto/interbotix_ws/src/install/interbotix_xs_msgs/include/interbotix_xs_msgs/interbotix_xs_msgs/srv/detail/operating_modes__rosidl_typesupport_introspection_c.h
[0.716s] -- Up-to-date: /home/inouemakoto/interbotix_ws/src/install/interbotix_xs_msgs/include/interbotix_xs_msgs/interbotix_xs_msgs/srv/detail/register_values__rosidl_typesupport_introspection_c.h
[0.716s] -- Up-to-date: /home/inouemakoto/interbotix_ws/src/install/interbotix_xs_msgs/include/interbotix_xs_msgs/interbotix_xs_msgs/srv/detail/register_values__type_support.c
[0.716s] -- Up-to-date: /home/inouemakoto/interbotix_ws/src/install/interbotix_xs_msgs/include/interbotix_xs_msgs/interbotix_xs_msgs/srv/detail/robot_info__type_support.c
[0.716s] -- Up-to-date: /home/inouemakoto/interbotix_ws/src/install/interbotix_xs_msgs/include/interbotix_xs_msgs/interbotix_xs_msgs/msg
[0.716s] -- Up-to-date: /home/inouemakoto/interbotix_ws/src/install/interbotix_xs_msgs/include/interbotix_xs_msgs/interbotix_xs_msgs/msg/rosidl_typesupport_introspection_c__visibility_control.h
[0.716s] -- Up-to-date: /home/inouemakoto/interbotix_ws/src/install/interbotix_xs_msgs/include/interbotix_xs_msgs/interbotix_xs_msgs/msg/detail
[0.716s] -- Up-to-date: /home/inouemakoto/interbotix_ws/src/install/interbotix_xs_msgs/include/interbotix_xs_msgs/interbotix_xs_msgs/msg/detail/turret_joy__rosidl_typesupport_introspection_c.h
[0.716s] -- Up-to-date: /home/inouemakoto/interbotix_ws/src/install/interbotix_xs_msgs/include/interbotix_xs_msgs/interbotix_xs_msgs/msg/detail/hex_joy__type_support.c
[0.716s] -- Up-to-date: /home/inouemakoto/interbotix_ws/src/install/interbotix_xs_msgs/include/interbotix_xs_msgs/interbotix_xs_msgs/msg/detail/joint_group_command__rosidl_typesupport_introspection_c.h
[0.716s] -- Up-to-date: /home/inouemakoto/interbotix_ws/src/install/interbotix_xs_msgs/include/interbotix_xs_msgs/interbotix_xs_msgs/msg/detail/joint_trajectory_command__rosidl_typesupport_introspection_c.h
[0.716s] -- Up-to-date: /home/inouemakoto/interbotix_ws/src/install/interbotix_xs_msgs/include/interbotix_xs_msgs/interbotix_xs_msgs/msg/detail/joint_trajectory_command__type_support.c
[0.716s] -- Up-to-date: /home/inouemakoto/interbotix_ws/src/install/interbotix_xs_msgs/include/interbotix_xs_msgs/interbotix_xs_msgs/msg/detail/hex_joy__rosidl_typesupport_introspection_c.h
[0.716s] -- Up-to-date: /home/inouemakoto/interbotix_ws/src/install/interbotix_xs_msgs/include/interbotix_xs_msgs/interbotix_xs_msgs/msg/detail/joint_single_command__type_support.c
[0.717s] -- Up-to-date: /home/inouemakoto/interbotix_ws/src/install/interbotix_xs_msgs/include/interbotix_xs_msgs/interbotix_xs_msgs/msg/detail/arm_joy__rosidl_typesupport_introspection_c.h
[0.717s] -- Up-to-date: /home/inouemakoto/interbotix_ws/src/install/interbotix_xs_msgs/include/interbotix_xs_msgs/interbotix_xs_msgs/msg/detail/turret_joy__type_support.c
[0.717s] -- Up-to-date: /home/inouemakoto/interbotix_ws/src/install/interbotix_xs_msgs/include/interbotix_xs_msgs/interbotix_xs_msgs/msg/detail/joint_temps__type_support.c
[0.717s] -- Up-to-date: /home/inouemakoto/interbotix_ws/src/install/interbotix_xs_msgs/include/interbotix_xs_msgs/interbotix_xs_msgs/msg/detail/arm_joy__type_support.c
[0.717s] -- Up-to-date: /home/inouemakoto/interbotix_ws/src/install/interbotix_xs_msgs/include/interbotix_xs_msgs/interbotix_xs_msgs/msg/detail/locobot_joy__rosidl_typesupport_introspection_c.h
[0.717s] -- Up-to-date: /home/inouemakoto/interbotix_ws/src/install/interbotix_xs_msgs/include/interbotix_xs_msgs/interbotix_xs_msgs/msg/detail/joint_temps__rosidl_typesupport_introspection_c.h
[0.717s] -- Up-to-date: /home/inouemakoto/interbotix_ws/src/install/interbotix_xs_msgs/include/interbotix_xs_msgs/interbotix_xs_msgs/msg/detail/joint_single_command__rosidl_typesupport_introspection_c.h
[0.717s] -- Up-to-date: /home/inouemakoto/interbotix_ws/src/install/interbotix_xs_msgs/include/interbotix_xs_msgs/interbotix_xs_msgs/msg/detail/locobot_joy__type_support.c
[0.717s] -- Up-to-date: /home/inouemakoto/interbotix_ws/src/install/interbotix_xs_msgs/include/interbotix_xs_msgs/interbotix_xs_msgs/msg/detail/joint_group_command__type_support.c
[0.717s] -- Up-to-date: /home/inouemakoto/interbotix_ws/src/install/interbotix_xs_msgs/lib/libinterbotix_xs_msgs__rosidl_typesupport_introspection_c.so
[0.717s] -- Up-to-date: /home/inouemakoto/interbotix_ws/src/install/interbotix_xs_msgs/lib/libinterbotix_xs_msgs__rosidl_typesupport_c.so
[0.717s] -- Up-to-date: /home/inouemakoto/interbotix_ws/src/install/interbotix_xs_msgs/include/interbotix_xs_msgs/interbotix_xs_msgs
[0.717s] -- Up-to-date: /home/inouemakoto/interbotix_ws/src/install/interbotix_xs_msgs/include/interbotix_xs_msgs/interbotix_xs_msgs/srv
[0.717s] -- Up-to-date: /home/inouemakoto/interbotix_ws/src/install/interbotix_xs_msgs/include/interbotix_xs_msgs/interbotix_xs_msgs/srv/operating_modes.hpp
[0.717s] -- Up-to-date: /home/inouemakoto/interbotix_ws/src/install/interbotix_xs_msgs/include/interbotix_xs_msgs/interbotix_xs_msgs/srv/register_values.hpp
[0.717s] -- Up-to-date: /home/inouemakoto/interbotix_ws/src/install/interbotix_xs_msgs/include/interbotix_xs_msgs/interbotix_xs_msgs/srv/robot_info.hpp
[0.717s] -- Up-to-date: /home/inouemakoto/interbotix_ws/src/install/interbotix_xs_msgs/include/interbotix_xs_msgs/interbotix_xs_msgs/srv/reboot.hpp
[0.717s] -- Up-to-date: /home/inouemakoto/interbotix_ws/src/install/interbotix_xs_msgs/include/interbotix_xs_msgs/interbotix_xs_msgs/srv/motor_gains.hpp
[0.717s] -- Up-to-date: /home/inouemakoto/interbotix_ws/src/install/interbotix_xs_msgs/include/interbotix_xs_msgs/interbotix_xs_msgs/srv/detail
[0.718s] -- Up-to-date: /home/inouemakoto/interbotix_ws/src/install/interbotix_xs_msgs/include/interbotix_xs_msgs/interbotix_xs_msgs/srv/detail/torque_enable__traits.hpp
[0.718s] -- Up-to-date: /home/inouemakoto/interbotix_ws/src/install/interbotix_xs_msgs/include/interbotix_xs_msgs/interbotix_xs_msgs/srv/detail/operating_modes__builder.hpp
[0.718s] -- Up-to-date: /home/inouemakoto/interbotix_ws/src/install/interbotix_xs_msgs/include/interbotix_xs_msgs/interbotix_xs_msgs/srv/detail/register_values__traits.hpp
[0.718s] -- Up-to-date: /home/inouemakoto/interbotix_ws/src/install/interbotix_xs_msgs/include/interbotix_xs_msgs/interbotix_xs_msgs/srv/detail/torque_enable__builder.hpp
[0.718s] -- Up-to-date: /home/inouemakoto/interbotix_ws/src/install/interbotix_xs_msgs/include/interbotix_xs_msgs/interbotix_xs_msgs/srv/detail/register_values__struct.hpp
[0.718s] -- Up-to-date: /home/inouemakoto/interbotix_ws/src/install/interbotix_xs_msgs/include/interbotix_xs_msgs/interbotix_xs_msgs/srv/detail/robot_info__builder.hpp
[0.718s] -- Up-to-date: /home/inouemakoto/interbotix_ws/src/install/interbotix_xs_msgs/include/interbotix_xs_msgs/interbotix_xs_msgs/srv/detail/motor_gains__traits.hpp
[0.718s] -- Up-to-date: /home/inouemakoto/interbotix_ws/src/install/interbotix_xs_msgs/include/interbotix_xs_msgs/interbotix_xs_msgs/srv/detail/torque_enable__struct.hpp
[0.718s] -- Up-to-date: /home/inouemakoto/interbotix_ws/src/install/interbotix_xs_msgs/include/interbotix_xs_msgs/interbotix_xs_msgs/srv/detail/motor_gains__builder.hpp
[0.718s] -- Up-to-date: /home/inouemakoto/interbotix_ws/src/install/interbotix_xs_msgs/include/interbotix_xs_msgs/interbotix_xs_msgs/srv/detail/reboot__builder.hpp
[0.718s] -- Up-to-date: /home/inouemakoto/interbotix_ws/src/install/interbotix_xs_msgs/include/interbotix_xs_msgs/interbotix_xs_msgs/srv/detail/robot_info__struct.hpp
[0.718s] -- Up-to-date: /home/inouemakoto/interbotix_ws/src/install/interbotix_xs_msgs/include/interbotix_xs_msgs/interbotix_xs_msgs/srv/detail/robot_info__traits.hpp
[0.718s] -- Up-to-date: /home/inouemakoto/interbotix_ws/src/install/interbotix_xs_msgs/include/interbotix_xs_msgs/interbotix_xs_msgs/srv/detail/operating_modes__struct.hpp
[0.718s] -- Up-to-date: /home/inouemakoto/interbotix_ws/src/install/interbotix_xs_msgs/include/interbotix_xs_msgs/interbotix_xs_msgs/srv/detail/reboot__struct.hpp
[0.718s] -- Up-to-date: /home/inouemakoto/interbotix_ws/src/install/interbotix_xs_msgs/include/interbotix_xs_msgs/interbotix_xs_msgs/srv/detail/register_values__builder.hpp
[0.718s] -- Up-to-date: /home/inouemakoto/interbotix_ws/src/install/interbotix_xs_msgs/include/interbotix_xs_msgs/interbotix_xs_msgs/srv/detail/operating_modes__traits.hpp
[0.718s] -- Up-to-date: /home/inouemakoto/interbotix_ws/src/install/interbotix_xs_msgs/include/interbotix_xs_msgs/interbotix_xs_msgs/srv/detail/motor_gains__struct.hpp
[0.718s] -- Up-to-date: /home/inouemakoto/interbotix_ws/src/install/interbotix_xs_msgs/include/interbotix_xs_msgs/interbotix_xs_msgs/srv/detail/reboot__traits.hpp
[0.719s] -- Up-to-date: /home/inouemakoto/interbotix_ws/src/install/interbotix_xs_msgs/include/interbotix_xs_msgs/interbotix_xs_msgs/srv/torque_enable.hpp
[0.719s] -- Up-to-date: /home/inouemakoto/interbotix_ws/src/install/interbotix_xs_msgs/include/interbotix_xs_msgs/interbotix_xs_msgs/msg
[0.719s] -- Up-to-date: /home/inouemakoto/interbotix_ws/src/install/interbotix_xs_msgs/include/interbotix_xs_msgs/interbotix_xs_msgs/msg/arm_joy.hpp
[0.719s] -- Up-to-date: /home/inouemakoto/interbotix_ws/src/install/interbotix_xs_msgs/include/interbotix_xs_msgs/interbotix_xs_msgs/msg/locobot_joy.hpp
[0.719s] -- Up-to-date: /home/inouemakoto/interbotix_ws/src/install/interbotix_xs_msgs/include/interbotix_xs_msgs/interbotix_xs_msgs/msg/hex_joy.hpp
[0.719s] -- Up-to-date: /home/inouemakoto/interbotix_ws/src/install/interbotix_xs_msgs/include/interbotix_xs_msgs/interbotix_xs_msgs/msg/joint_temps.hpp
[0.719s] -- Up-to-date: /home/inouemakoto/interbotix_ws/src/install/interbotix_xs_msgs/include/interbotix_xs_msgs/interbotix_xs_msgs/msg/joint_group_command.hpp
[0.719s] -- Up-to-date: /home/inouemakoto/interbotix_ws/src/install/interbotix_xs_msgs/include/interbotix_xs_msgs/interbotix_xs_msgs/msg/joint_trajectory_command.hpp
[0.719s] -- Up-to-date: /home/inouemakoto/interbotix_ws/src/install/interbotix_xs_msgs/include/interbotix_xs_msgs/interbotix_xs_msgs/msg/joint_single_command.hpp
[0.719s] -- Up-to-date: /home/inouemakoto/interbotix_ws/src/install/interbotix_xs_msgs/include/interbotix_xs_msgs/interbotix_xs_msgs/msg/turret_joy.hpp
[0.719s] -- Up-to-date: /home/inouemakoto/interbotix_ws/src/install/interbotix_xs_msgs/include/interbotix_xs_msgs/interbotix_xs_msgs/msg/detail
[0.719s] -- Up-to-date: /home/inouemakoto/interbotix_ws/src/install/interbotix_xs_msgs/include/interbotix_xs_msgs/interbotix_xs_msgs/msg/detail/joint_trajectory_command__traits.hpp
[0.719s] -- Up-to-date: /home/inouemakoto/interbotix_ws/src/install/interbotix_xs_msgs/include/interbotix_xs_msgs/interbotix_xs_msgs/msg/detail/joint_single_command__traits.hpp
[0.719s] -- Up-to-date: /home/inouemakoto/interbotix_ws/src/install/interbotix_xs_msgs/include/interbotix_xs_msgs/interbotix_xs_msgs/msg/detail/joint_group_command__traits.hpp
[0.719s] -- Up-to-date: /home/inouemakoto/interbotix_ws/src/install/interbotix_xs_msgs/include/interbotix_xs_msgs/interbotix_xs_msgs/msg/detail/arm_joy__traits.hpp
[0.719s] -- Up-to-date: /home/inouemakoto/interbotix_ws/src/install/interbotix_xs_msgs/include/interbotix_xs_msgs/interbotix_xs_msgs/msg/detail/joint_trajectory_command__builder.hpp
[0.719s] -- Up-to-date: /home/inouemakoto/interbotix_ws/src/install/interbotix_xs_msgs/include/interbotix_xs_msgs/interbotix_xs_msgs/msg/detail/joint_group_command__struct.hpp
[0.719s] -- Up-to-date: /home/inouemakoto/interbotix_ws/src/install/interbotix_xs_msgs/include/interbotix_xs_msgs/interbotix_xs_msgs/msg/detail/locobot_joy__traits.hpp
[0.720s] -- Up-to-date: /home/inouemakoto/interbotix_ws/src/install/interbotix_xs_msgs/include/interbotix_xs_msgs/interbotix_xs_msgs/msg/detail/arm_joy__builder.hpp
[0.720s] -- Up-to-date: /home/inouemakoto/interbotix_ws/src/install/interbotix_xs_msgs/include/interbotix_xs_msgs/interbotix_xs_msgs/msg/detail/hex_joy__traits.hpp
[0.720s] -- Up-to-date: /home/inouemakoto/interbotix_ws/src/install/interbotix_xs_msgs/include/interbotix_xs_msgs/interbotix_xs_msgs/msg/detail/joint_temps__struct.hpp
[0.720s] -- Up-to-date: /home/inouemakoto/interbotix_ws/src/install/interbotix_xs_msgs/include/interbotix_xs_msgs/interbotix_xs_msgs/msg/detail/turret_joy__struct.hpp
[0.720s] -- Up-to-date: /home/inouemakoto/interbotix_ws/src/install/interbotix_xs_msgs/include/interbotix_xs_msgs/interbotix_xs_msgs/msg/detail/joint_trajectory_command__struct.hpp
[0.720s] -- Up-to-date: /home/inouemakoto/interbotix_ws/src/install/interbotix_xs_msgs/include/interbotix_xs_msgs/interbotix_xs_msgs/msg/detail/joint_temps__builder.hpp
[0.720s] -- Up-to-date: /home/inouemakoto/interbotix_ws/src/install/interbotix_xs_msgs/include/interbotix_xs_msgs/interbotix_xs_msgs/msg/detail/hex_joy__struct.hpp
[0.720s] -- Up-to-date: /home/inouemakoto/interbotix_ws/src/install/interbotix_xs_msgs/include/interbotix_xs_msgs/interbotix_xs_msgs/msg/detail/joint_single_command__builder.hpp
[0.720s] -- Up-to-date: /home/inouemakoto/interbotix_ws/src/install/interbotix_xs_msgs/include/interbotix_xs_msgs/interbotix_xs_msgs/msg/detail/joint_temps__traits.hpp
[0.720s] -- Up-to-date: /home/inouemakoto/interbotix_ws/src/install/interbotix_xs_msgs/include/interbotix_xs_msgs/interbotix_xs_msgs/msg/detail/hex_joy__builder.hpp
[0.720s] -- Up-to-date: /home/inouemakoto/interbotix_ws/src/install/interbotix_xs_msgs/include/interbotix_xs_msgs/interbotix_xs_msgs/msg/detail/turret_joy__traits.hpp
[0.720s] -- Up-to-date: /home/inouemakoto/interbotix_ws/src/install/interbotix_xs_msgs/include/interbotix_xs_msgs/interbotix_xs_msgs/msg/detail/arm_joy__struct.hpp
[0.720s] -- Up-to-date: /home/inouemakoto/interbotix_ws/src/install/interbotix_xs_msgs/include/interbotix_xs_msgs/interbotix_xs_msgs/msg/detail/joint_single_command__struct.hpp
[0.720s] -- Up-to-date: /home/inouemakoto/interbotix_ws/src/install/interbotix_xs_msgs/include/interbotix_xs_msgs/interbotix_xs_msgs/msg/detail/joint_group_command__builder.hpp
[0.720s] -- Up-to-date: /home/inouemakoto/interbotix_ws/src/install/interbotix_xs_msgs/include/interbotix_xs_msgs/interbotix_xs_msgs/msg/detail/locobot_joy__builder.hpp
[0.720s] -- Up-to-date: /home/inouemakoto/interbotix_ws/src/install/interbotix_xs_msgs/include/interbotix_xs_msgs/interbotix_xs_msgs/msg/detail/locobot_joy__struct.hpp
[0.720s] -- Up-to-date: /home/inouemakoto/interbotix_ws/src/install/interbotix_xs_msgs/include/interbotix_xs_msgs/interbotix_xs_msgs/msg/detail/turret_joy__builder.hpp
[0.720s] -- Up-to-date: /home/inouemakoto/interbotix_ws/src/install/interbotix_xs_msgs/include/interbotix_xs_msgs/interbotix_xs_msgs
[0.720s] -- Up-to-date: /home/inouemakoto/interbotix_ws/src/install/interbotix_xs_msgs/include/interbotix_xs_msgs/interbotix_xs_msgs/srv
[0.721s] -- Up-to-date: /home/inouemakoto/interbotix_ws/src/install/interbotix_xs_msgs/include/interbotix_xs_msgs/interbotix_xs_msgs/srv/detail
[0.721s] -- Up-to-date: /home/inouemakoto/interbotix_ws/src/install/interbotix_xs_msgs/include/interbotix_xs_msgs/interbotix_xs_msgs/srv/detail/operating_modes__rosidl_typesupport_fastrtps_cpp.hpp
[0.721s] -- Up-to-date: /home/inouemakoto/interbotix_ws/src/install/interbotix_xs_msgs/include/interbotix_xs_msgs/interbotix_xs_msgs/srv/detail/dds_fastrtps
[0.721s] -- Up-to-date: /home/inouemakoto/interbotix_ws/src/install/interbotix_xs_msgs/include/interbotix_xs_msgs/interbotix_xs_msgs/srv/detail/torque_enable__rosidl_typesupport_fastrtps_cpp.hpp
[0.721s] -- Up-to-date: /home/inouemakoto/interbotix_ws/src/install/interbotix_xs_msgs/include/interbotix_xs_msgs/interbotix_xs_msgs/srv/detail/robot_info__rosidl_typesupport_fastrtps_cpp.hpp
[0.721s] -- Up-to-date: /home/inouemakoto/interbotix_ws/src/install/interbotix_xs_msgs/include/interbotix_xs_msgs/interbotix_xs_msgs/srv/detail/register_values__rosidl_typesupport_fastrtps_cpp.hpp
[0.721s] -- Up-to-date: /home/inouemakoto/interbotix_ws/src/install/interbotix_xs_msgs/include/interbotix_xs_msgs/interbotix_xs_msgs/srv/detail/motor_gains__rosidl_typesupport_fastrtps_cpp.hpp
[0.721s] -- Up-to-date: /home/inouemakoto/interbotix_ws/src/install/interbotix_xs_msgs/include/interbotix_xs_msgs/interbotix_xs_msgs/srv/detail/reboot__rosidl_typesupport_fastrtps_cpp.hpp
[0.721s] -- Up-to-date: /home/inouemakoto/interbotix_ws/src/install/interbotix_xs_msgs/include/interbotix_xs_msgs/interbotix_xs_msgs/msg
[0.721s] -- Up-to-date: /home/inouemakoto/interbotix_ws/src/install/interbotix_xs_msgs/include/interbotix_xs_msgs/interbotix_xs_msgs/msg/rosidl_typesupport_fastrtps_cpp__visibility_control.h
[0.721s] -- Up-to-date: /home/inouemakoto/interbotix_ws/src/install/interbotix_xs_msgs/include/interbotix_xs_msgs/interbotix_xs_msgs/msg/detail
[0.721s] -- Up-to-date: /home/inouemakoto/interbotix_ws/src/install/interbotix_xs_msgs/include/interbotix_xs_msgs/interbotix_xs_msgs/msg/detail/locobot_joy__rosidl_typesupport_fastrtps_cpp.hpp
[0.721s] -- Up-to-date: /home/inouemakoto/interbotix_ws/src/install/interbotix_xs_msgs/include/interbotix_xs_msgs/interbotix_xs_msgs/msg/detail/joint_trajectory_command__rosidl_typesupport_fastrtps_cpp.hpp
[0.721s] -- Up-to-date: /home/inouemakoto/interbotix_ws/src/install/interbotix_xs_msgs/include/interbotix_xs_msgs/interbotix_xs_msgs/msg/detail/hex_joy__rosidl_typesupport_fastrtps_cpp.hpp
[0.721s] -- Up-to-date: /home/inouemakoto/interbotix_ws/src/install/interbotix_xs_msgs/include/interbotix_xs_msgs/interbotix_xs_msgs/msg/detail/dds_fastrtps
[0.721s] -- Up-to-date: /home/inouemakoto/interbotix_ws/src/install/interbotix_xs_msgs/include/interbotix_xs_msgs/interbotix_xs_msgs/msg/detail/arm_joy__rosidl_typesupport_fastrtps_cpp.hpp
[0.721s] -- Up-to-date: /home/inouemakoto/interbotix_ws/src/install/interbotix_xs_msgs/include/interbotix_xs_msgs/interbotix_xs_msgs/msg/detail/joint_temps__rosidl_typesupport_fastrtps_cpp.hpp
[0.721s] -- Up-to-date: /home/inouemakoto/interbotix_ws/src/install/interbotix_xs_msgs/include/interbotix_xs_msgs/interbotix_xs_msgs/msg/detail/joint_group_command__rosidl_typesupport_fastrtps_cpp.hpp
[0.722s] -- Up-to-date: /home/inouemakoto/interbotix_ws/src/install/interbotix_xs_msgs/include/interbotix_xs_msgs/interbotix_xs_msgs/msg/detail/joint_single_command__rosidl_typesupport_fastrtps_cpp.hpp
[0.722s] -- Up-to-date: /home/inouemakoto/interbotix_ws/src/install/interbotix_xs_msgs/include/interbotix_xs_msgs/interbotix_xs_msgs/msg/detail/turret_joy__rosidl_typesupport_fastrtps_cpp.hpp
[0.722s] -- Up-to-date: /home/inouemakoto/interbotix_ws/src/install/interbotix_xs_msgs/lib/libinterbotix_xs_msgs__rosidl_typesupport_fastrtps_cpp.so
[0.722s] -- Up-to-date: /home/inouemakoto/interbotix_ws/src/install/interbotix_xs_msgs/include/interbotix_xs_msgs/interbotix_xs_msgs
[0.722s] -- Up-to-date: /home/inouemakoto/interbotix_ws/src/install/interbotix_xs_msgs/include/interbotix_xs_msgs/interbotix_xs_msgs/srv
[0.722s] -- Up-to-date: /home/inouemakoto/interbotix_ws/src/install/interbotix_xs_msgs/include/interbotix_xs_msgs/interbotix_xs_msgs/srv/detail
[0.722s] -- Up-to-date: /home/inouemakoto/interbotix_ws/src/install/interbotix_xs_msgs/include/interbotix_xs_msgs/interbotix_xs_msgs/srv/detail/reboot__type_support.cpp
[0.722s] -- Up-to-date: /home/inouemakoto/interbotix_ws/src/install/interbotix_xs_msgs/include/interbotix_xs_msgs/interbotix_xs_msgs/srv/detail/register_values__rosidl_typesupport_introspection_cpp.hpp
[0.722s] -- Up-to-date: /home/inouemakoto/interbotix_ws/src/install/interbotix_xs_msgs/include/interbotix_xs_msgs/interbotix_xs_msgs/srv/detail/operating_modes__rosidl_typesupport_introspection_cpp.hpp
[0.722s] -- Up-to-date: /home/inouemakoto/interbotix_ws/src/install/interbotix_xs_msgs/include/interbotix_xs_msgs/interbotix_xs_msgs/srv/detail/operating_modes__type_support.cpp
[0.722s] -- Up-to-date: /home/inouemakoto/interbotix_ws/src/install/interbotix_xs_msgs/include/interbotix_xs_msgs/interbotix_xs_msgs/srv/detail/register_values__type_support.cpp
[0.722s] -- Up-to-date: /home/inouemakoto/interbotix_ws/src/install/interbotix_xs_msgs/include/interbotix_xs_msgs/interbotix_xs_msgs/srv/detail/robot_info__type_support.cpp
[0.722s] -- Up-to-date: /home/inouemakoto/interbotix_ws/src/install/interbotix_xs_msgs/include/interbotix_xs_msgs/interbotix_xs_msgs/srv/detail/robot_info__rosidl_typesupport_introspection_cpp.hpp
[0.722s] -- Up-to-date: /home/inouemakoto/interbotix_ws/src/install/interbotix_xs_msgs/include/interbotix_xs_msgs/interbotix_xs_msgs/srv/detail/motor_gains__rosidl_typesupport_introspection_cpp.hpp
[0.723s] -- Up-to-date: /home/inouemakoto/interbotix_ws/src/install/interbotix_xs_msgs/include/interbotix_xs_msgs/interbotix_xs_msgs/srv/detail/motor_gains__type_support.cpp
[0.723s] -- Up-to-date: /home/inouemakoto/interbotix_ws/src/install/interbotix_xs_msgs/include/interbotix_xs_msgs/interbotix_xs_msgs/srv/detail/torque_enable__rosidl_typesupport_introspection_cpp.hpp
[0.723s] -- Up-to-date: /home/inouemakoto/interbotix_ws/src/install/interbotix_xs_msgs/include/interbotix_xs_msgs/interbotix_xs_msgs/srv/detail/reboot__rosidl_typesupport_introspection_cpp.hpp
[0.723s] -- Up-to-date: /home/inouemakoto/interbotix_ws/src/install/interbotix_xs_msgs/include/interbotix_xs_msgs/interbotix_xs_msgs/srv/detail/torque_enable__type_support.cpp
[0.723s] -- Up-to-date: /home/inouemakoto/interbotix_ws/src/install/interbotix_xs_msgs/include/interbotix_xs_msgs/interbotix_xs_msgs/msg
[0.723s] -- Up-to-date: /home/inouemakoto/interbotix_ws/src/install/interbotix_xs_msgs/include/interbotix_xs_msgs/interbotix_xs_msgs/msg/detail
[0.723s] -- Up-to-date: /home/inouemakoto/interbotix_ws/src/install/interbotix_xs_msgs/include/interbotix_xs_msgs/interbotix_xs_msgs/msg/detail/arm_joy__type_support.cpp
[0.723s] -- Up-to-date: /home/inouemakoto/interbotix_ws/src/install/interbotix_xs_msgs/include/interbotix_xs_msgs/interbotix_xs_msgs/msg/detail/hex_joy__type_support.cpp
[0.723s] -- Up-to-date: /home/inouemakoto/interbotix_ws/src/install/interbotix_xs_msgs/include/interbotix_xs_msgs/interbotix_xs_msgs/msg/detail/joint_trajectory_command__rosidl_typesupport_introspection_cpp.hpp
[0.723s] -- Up-to-date: /home/inouemakoto/interbotix_ws/src/install/interbotix_xs_msgs/include/interbotix_xs_msgs/interbotix_xs_msgs/msg/detail/arm_joy__rosidl_typesupport_introspection_cpp.hpp
[0.723s] -- Up-to-date: /home/inouemakoto/interbotix_ws/src/install/interbotix_xs_msgs/include/interbotix_xs_msgs/interbotix_xs_msgs/msg/detail/joint_trajectory_command__type_support.cpp
[0.723s] -- Up-to-date: /home/inouemakoto/interbotix_ws/src/install/interbotix_xs_msgs/include/interbotix_xs_msgs/interbotix_xs_msgs/msg/detail/joint_temps__type_support.cpp
[0.723s] -- Up-to-date: /home/inouemakoto/interbotix_ws/src/install/interbotix_xs_msgs/include/interbotix_xs_msgs/interbotix_xs_msgs/msg/detail/joint_single_command__type_support.cpp
[0.723s] -- Up-to-date: /home/inouemakoto/interbotix_ws/src/install/interbotix_xs_msgs/include/interbotix_xs_msgs/interbotix_xs_msgs/msg/detail/joint_group_command__type_support.cpp
[0.723s] -- Up-to-date: /home/inouemakoto/interbotix_ws/src/install/interbotix_xs_msgs/include/interbotix_xs_msgs/interbotix_xs_msgs/msg/detail/joint_single_command__rosidl_typesupport_introspection_cpp.hpp
[0.723s] -- Up-to-date: /home/inouemakoto/interbotix_ws/src/install/interbotix_xs_msgs/include/interbotix_xs_msgs/interbotix_xs_msgs/msg/detail/turret_joy__type_support.cpp
[0.724s] -- Up-to-date: /home/inouemakoto/interbotix_ws/src/install/interbotix_xs_msgs/include/interbotix_xs_msgs/interbotix_xs_msgs/msg/detail/hex_joy__rosidl_typesupport_introspection_cpp.hpp
[0.724s] -- Up-to-date: /home/inouemakoto/interbotix_ws/src/install/interbotix_xs_msgs/include/interbotix_xs_msgs/interbotix_xs_msgs/msg/detail/locobot_joy__type_support.cpp
[0.724s] -- Up-to-date: /home/inouemakoto/interbotix_ws/src/install/interbotix_xs_msgs/include/interbotix_xs_msgs/interbotix_xs_msgs/msg/detail/joint_group_command__rosidl_typesupport_introspection_cpp.hpp
[0.724s] -- Up-to-date: /home/inouemakoto/interbotix_ws/src/install/interbotix_xs_msgs/include/interbotix_xs_msgs/interbotix_xs_msgs/msg/detail/joint_temps__rosidl_typesupport_introspection_cpp.hpp
[0.724s] -- Up-to-date: /home/inouemakoto/interbotix_ws/src/install/interbotix_xs_msgs/include/interbotix_xs_msgs/interbotix_xs_msgs/msg/detail/turret_joy__rosidl_typesupport_introspection_cpp.hpp
[0.724s] -- Up-to-date: /home/inouemakoto/interbotix_ws/src/install/interbotix_xs_msgs/include/interbotix_xs_msgs/interbotix_xs_msgs/msg/detail/locobot_joy__rosidl_typesupport_introspection_cpp.hpp
[0.724s] -- Up-to-date: /home/inouemakoto/interbotix_ws/src/install/interbotix_xs_msgs/lib/libinterbotix_xs_msgs__rosidl_typesupport_introspection_cpp.so
[0.724s] -- Up-to-date: /home/inouemakoto/interbotix_ws/src/install/interbotix_xs_msgs/lib/libinterbotix_xs_msgs__rosidl_typesupport_cpp.so
[0.724s] -- Up-to-date: /home/inouemakoto/interbotix_ws/src/install/interbotix_xs_msgs/share/interbotix_xs_msgs/environment/pythonpath.sh
[0.724s] -- Up-to-date: /home/inouemakoto/interbotix_ws/src/install/interbotix_xs_msgs/share/interbotix_xs_msgs/environment/pythonpath.dsv
[0.724s] -- Up-to-date: /home/inouemakoto/interbotix_ws/src/install/interbotix_xs_msgs/local/lib/python3.10/dist-packages/interbotix_xs_msgs-0.0.0-py3.10.egg-info
[0.724s] -- Installing: /home/inouemakoto/interbotix_ws/src/install/interbotix_xs_msgs/local/lib/python3.10/dist-packages/interbotix_xs_msgs-0.0.0-py3.10.egg-info/top_level.txt
[0.724s] -- Installing: /home/inouemakoto/interbotix_ws/src/install/interbotix_xs_msgs/local/lib/python3.10/dist-packages/interbotix_xs_msgs-0.0.0-py3.10.egg-info/dependency_links.txt
[0.724s] -- Installing: /home/inouemakoto/interbotix_ws/src/install/interbotix_xs_msgs/local/lib/python3.10/dist-packages/interbotix_xs_msgs-0.0.0-py3.10.egg-info/SOURCES.txt
[0.724s] -- Installing: /home/inouemakoto/interbotix_ws/src/install/interbotix_xs_msgs/local/lib/python3.10/dist-packages/interbotix_xs_msgs-0.0.0-py3.10.egg-info/PKG-INFO
[0.724s] -- Up-to-date: /home/inouemakoto/interbotix_ws/src/install/interbotix_xs_msgs/local/lib/python3.10/dist-packages/interbotix_xs_msgs
[0.724s] -- Up-to-date: /home/inouemakoto/interbotix_ws/src/install/interbotix_xs_msgs/local/lib/python3.10/dist-packages/interbotix_xs_msgs/libinterbotix_xs_msgs__rosidl_generator_py.so
[0.725s] -- Up-to-date: /home/inouemakoto/interbotix_ws/src/install/interbotix_xs_msgs/local/lib/python3.10/dist-packages/interbotix_xs_msgs/srv
[0.725s] -- Up-to-date: /home/inouemakoto/interbotix_ws/src/install/interbotix_xs_msgs/local/lib/python3.10/dist-packages/interbotix_xs_msgs/srv/_robot_info_s.c
[0.725s] -- Up-to-date: /home/inouemakoto/interbotix_ws/src/install/interbotix_xs_msgs/local/lib/python3.10/dist-packages/interbotix_xs_msgs/srv/_torque_enable_s.c
[0.725s] -- Up-to-date: /home/inouemakoto/interbotix_ws/src/install/interbotix_xs_msgs/local/lib/python3.10/dist-packages/interbotix_xs_msgs/srv/_motor_gains_s.c
[0.725s] -- Up-to-date: /home/inouemakoto/interbotix_ws/src/install/interbotix_xs_msgs/local/lib/python3.10/dist-packages/interbotix_xs_msgs/srv/_operating_modes.py
[0.725s] -- Up-to-date: /home/inouemakoto/interbotix_ws/src/install/interbotix_xs_msgs/local/lib/python3.10/dist-packages/interbotix_xs_msgs/srv/_motor_gains.py
[0.725s] -- Up-to-date: /home/inouemakoto/interbotix_ws/src/install/interbotix_xs_msgs/local/lib/python3.10/dist-packages/interbotix_xs_msgs/srv/_reboot_s.c
[0.725s] -- Up-to-date: /home/inouemakoto/interbotix_ws/src/install/interbotix_xs_msgs/local/lib/python3.10/dist-packages/interbotix_xs_msgs/srv/_register_values.py
[0.725s] -- Up-to-date: /home/inouemakoto/interbotix_ws/src/install/interbotix_xs_msgs/local/lib/python3.10/dist-packages/interbotix_xs_msgs/srv/_operating_modes_s.c
[0.725s] -- Up-to-date: /home/inouemakoto/interbotix_ws/src/install/interbotix_xs_msgs/local/lib/python3.10/dist-packages/interbotix_xs_msgs/srv/_robot_info.py
[0.725s] -- Up-to-date: /home/inouemakoto/interbotix_ws/src/install/interbotix_xs_msgs/local/lib/python3.10/dist-packages/interbotix_xs_msgs/srv/_reboot.py
[0.725s] -- Up-to-date: /home/inouemakoto/interbotix_ws/src/install/interbotix_xs_msgs/local/lib/python3.10/dist-packages/interbotix_xs_msgs/srv/__init__.py
[0.725s] -- Up-to-date: /home/inouemakoto/interbotix_ws/src/install/interbotix_xs_msgs/local/lib/python3.10/dist-packages/interbotix_xs_msgs/srv/_torque_enable.py
[0.726s] -- Up-to-date: /home/inouemakoto/interbotix_ws/src/install/interbotix_xs_msgs/local/lib/python3.10/dist-packages/interbotix_xs_msgs/srv/_register_values_s.c
[0.726s] -- Up-to-date: /home/inouemakoto/interbotix_ws/src/install/interbotix_xs_msgs/local/lib/python3.10/dist-packages/interbotix_xs_msgs/_interbotix_xs_msgs_s.ep.rosidl_typesupport_c.c
[0.726s] -- Up-to-date: /home/inouemakoto/interbotix_ws/src/install/interbotix_xs_msgs/local/lib/python3.10/dist-packages/interbotix_xs_msgs/msg
[0.726s] -- Up-to-date: /home/inouemakoto/interbotix_ws/src/install/interbotix_xs_msgs/local/lib/python3.10/dist-packages/interbotix_xs_msgs/msg/_joint_single_command.py
[0.726s] -- Up-to-date: /home/inouemakoto/interbotix_ws/src/install/interbotix_xs_msgs/local/lib/python3.10/dist-packages/interbotix_xs_msgs/msg/_joint_temps.py
[0.726s] -- Up-to-date: /home/inouemakoto/interbotix_ws/src/install/interbotix_xs_msgs/local/lib/python3.10/dist-packages/interbotix_xs_msgs/msg/_arm_joy.py
[0.726s] -- Up-to-date: /home/inouemakoto/interbotix_ws/src/install/interbotix_xs_msgs/local/lib/python3.10/dist-packages/interbotix_xs_msgs/msg/_locobot_joy.py
[0.726s] -- Up-to-date: /home/inouemakoto/interbotix_ws/src/install/interbotix_xs_msgs/local/lib/python3.10/dist-packages/interbotix_xs_msgs/msg/_turret_joy.py
[0.726s] -- Up-to-date: /home/inouemakoto/interbotix_ws/src/install/interbotix_xs_msgs/local/lib/python3.10/dist-packages/interbotix_xs_msgs/msg/_hex_joy.py
[0.726s] -- Up-to-date: /home/inouemakoto/interbotix_ws/src/install/interbotix_xs_msgs/local/lib/python3.10/dist-packages/interbotix_xs_msgs/msg/_turret_joy_s.c
[0.726s] -- Up-to-date: /home/inouemakoto/interbotix_ws/src/install/interbotix_xs_msgs/local/lib/python3.10/dist-packages/interbotix_xs_msgs/msg/_joint_trajectory_command.py
[0.727s] -- Up-to-date: /home/inouemakoto/interbotix_ws/src/install/interbotix_xs_msgs/local/lib/python3.10/dist-packages/interbotix_xs_msgs/msg/_arm_joy_s.c
[0.727s] -- Up-to-date: /home/inouemakoto/interbotix_ws/src/install/interbotix_xs_msgs/local/lib/python3.10/dist-packages/interbotix_xs_msgs/msg/_locobot_joy_s.c
[0.727s] -- Up-to-date: /home/inouemakoto/interbotix_ws/src/install/interbotix_xs_msgs/local/lib/python3.10/dist-packages/interbotix_xs_msgs/msg/__init__.py
[0.727s] -- Up-to-date: /home/inouemakoto/interbotix_ws/src/install/interbotix_xs_msgs/local/lib/python3.10/dist-packages/interbotix_xs_msgs/msg/_joint_temps_s.c
[0.727s] -- Up-to-date: /home/inouemakoto/interbotix_ws/src/install/interbotix_xs_msgs/local/lib/python3.10/dist-packages/interbotix_xs_msgs/msg/_joint_trajectory_command_s.c
[0.727s] -- Up-to-date: /home/inouemakoto/interbotix_ws/src/install/interbotix_xs_msgs/local/lib/python3.10/dist-packages/interbotix_xs_msgs/msg/_hex_joy_s.c
[0.727s] -- Up-to-date: /home/inouemakoto/interbotix_ws/src/install/interbotix_xs_msgs/local/lib/python3.10/dist-packages/interbotix_xs_msgs/msg/_joint_group_command_s.c
[0.727s] -- Up-to-date: /home/inouemakoto/interbotix_ws/src/install/interbotix_xs_msgs/local/lib/python3.10/dist-packages/interbotix_xs_msgs/msg/_joint_group_command.py
[0.727s] -- Up-to-date: /home/inouemakoto/interbotix_ws/src/install/interbotix_xs_msgs/local/lib/python3.10/dist-packages/interbotix_xs_msgs/msg/_joint_single_command_s.c
[0.727s] -- Up-to-date: /home/inouemakoto/interbotix_ws/src/install/interbotix_xs_msgs/local/lib/python3.10/dist-packages/interbotix_xs_msgs/interbotix_xs_msgs_s__rosidl_typesupport_fastrtps_c.cpython-310-x86_64-linux-gnu.so
[0.727s] -- Up-to-date: /home/inouemakoto/interbotix_ws/src/install/interbotix_xs_msgs/local/lib/python3.10/dist-packages/interbotix_xs_msgs/_interbotix_xs_msgs_s.ep.rosidl_typesupport_introspection_c.c
[0.727s] -- Up-to-date: /home/inouemakoto/interbotix_ws/src/install/interbotix_xs_msgs/local/lib/python3.10/dist-packages/interbotix_xs_msgs/_interbotix_xs_msgs_s.ep.rosidl_typesupport_fastrtps_c.c
[0.727s] -- Up-to-date: /home/inouemakoto/interbotix_ws/src/install/interbotix_xs_msgs/local/lib/python3.10/dist-packages/interbotix_xs_msgs/__init__.py
[0.727s] -- Up-to-date: /home/inouemakoto/interbotix_ws/src/install/interbotix_xs_msgs/local/lib/python3.10/dist-packages/interbotix_xs_msgs/interbotix_xs_msgs_s__rosidl_typesupport_c.cpython-310-x86_64-linux-gnu.so
[0.727s] -- Up-to-date: /home/inouemakoto/interbotix_ws/src/install/interbotix_xs_msgs/local/lib/python3.10/dist-packages/interbotix_xs_msgs/interbotix_xs_msgs_s__rosidl_typesupport_introspection_c.cpython-310-x86_64-linux-gnu.so
[0.744s] Listing '/home/inouemakoto/interbotix_ws/src/install/interbotix_xs_msgs/local/lib/python3.10/dist-packages/interbotix_xs_msgs'...
[0.744s] Listing '/home/inouemakoto/interbotix_ws/src/install/interbotix_xs_msgs/local/lib/python3.10/dist-packages/interbotix_xs_msgs/msg'...
[0.744s] Listing '/home/inouemakoto/interbotix_ws/src/install/interbotix_xs_msgs/local/lib/python3.10/dist-packages/interbotix_xs_msgs/srv'...
[0.747s] -- Up-to-date: /home/inouemakoto/interbotix_ws/src/install/interbotix_xs_msgs/local/lib/python3.10/dist-packages/interbotix_xs_msgs/interbotix_xs_msgs_s__rosidl_typesupport_fastrtps_c.cpython-310-x86_64-linux-gnu.so
[0.748s] -- Up-to-date: /home/inouemakoto/interbotix_ws/src/install/interbotix_xs_msgs/local/lib/python3.10/dist-packages/interbotix_xs_msgs/interbotix_xs_msgs_s__rosidl_typesupport_introspection_c.cpython-310-x86_64-linux-gnu.so
[0.748s] -- Up-to-date: /home/inouemakoto/interbotix_ws/src/install/interbotix_xs_msgs/local/lib/python3.10/dist-packages/interbotix_xs_msgs/interbotix_xs_msgs_s__rosidl_typesupport_c.cpython-310-x86_64-linux-gnu.so
[0.748s] -- Up-to-date: /home/inouemakoto/interbotix_ws/src/install/interbotix_xs_msgs/lib/libinterbotix_xs_msgs__rosidl_generator_py.so
[0.748s] -- Up-to-date: /home/inouemakoto/interbotix_ws/src/install/interbotix_xs_msgs/share/interbotix_xs_msgs/msg/ArmJoy.idl
[0.749s] -- Up-to-date: /home/inouemakoto/interbotix_ws/src/install/interbotix_xs_msgs/share/interbotix_xs_msgs/msg/HexJoy.idl
[0.749s] -- Up-to-date: /home/inouemakoto/interbotix_ws/src/install/interbotix_xs_msgs/share/interbotix_xs_msgs/msg/JointGroupCommand.idl
[0.749s] -- Up-to-date: /home/inouemakoto/interbotix_ws/src/install/interbotix_xs_msgs/share/interbotix_xs_msgs/msg/JointSingleCommand.idl
[0.749s] -- Up-to-date: /home/inouemakoto/interbotix_ws/src/install/interbotix_xs_msgs/share/interbotix_xs_msgs/msg/JointTemps.idl
[0.749s] -- Up-to-date: /home/inouemakoto/interbotix_ws/src/install/interbotix_xs_msgs/share/interbotix_xs_msgs/msg/JointTrajectoryCommand.idl
[0.749s] -- Up-to-date: /home/inouemakoto/interbotix_ws/src/install/interbotix_xs_msgs/share/interbotix_xs_msgs/msg/LocobotJoy.idl
[0.749s] -- Up-to-date: /home/inouemakoto/interbotix_ws/src/install/interbotix_xs_msgs/share/interbotix_xs_msgs/msg/TurretJoy.idl
[0.749s] -- Up-to-date: /home/inouemakoto/interbotix_ws/src/install/interbotix_xs_msgs/share/interbotix_xs_msgs/srv/MotorGains.idl
[0.749s] -- Up-to-date: /home/inouemakoto/interbotix_ws/src/install/interbotix_xs_msgs/share/interbotix_xs_msgs/srv/OperatingModes.idl
[0.749s] -- Up-to-date: /home/inouemakoto/interbotix_ws/src/install/interbotix_xs_msgs/share/interbotix_xs_msgs/srv/Reboot.idl
[0.749s] -- Up-to-date: /home/inouemakoto/interbotix_ws/src/install/interbotix_xs_msgs/share/interbotix_xs_msgs/srv/RegisterValues.idl
[0.749s] -- Up-to-date: /home/inouemakoto/interbotix_ws/src/install/interbotix_xs_msgs/share/interbotix_xs_msgs/srv/RobotInfo.idl
[0.749s] -- Up-to-date: /home/inouemakoto/interbotix_ws/src/install/interbotix_xs_msgs/share/interbotix_xs_msgs/srv/TorqueEnable.idl
[0.749s] -- Up-to-date: /home/inouemakoto/interbotix_ws/src/install/interbotix_xs_msgs/share/interbotix_xs_msgs/msg/ArmJoy.msg
[0.750s] -- Up-to-date: /home/inouemakoto/interbotix_ws/src/install/interbotix_xs_msgs/share/interbotix_xs_msgs/msg/HexJoy.msg
[0.750s] -- Up-to-date: /home/inouemakoto/interbotix_ws/src/install/interbotix_xs_msgs/share/interbotix_xs_msgs/msg/JointGroupCommand.msg
[0.750s] -- Up-to-date: /home/inouemakoto/interbotix_ws/src/install/interbotix_xs_msgs/share/interbotix_xs_msgs/msg/JointSingleCommand.msg
[0.750s] -- Up-to-date: /home/inouemakoto/interbotix_ws/src/install/interbotix_xs_msgs/share/interbotix_xs_msgs/msg/JointTemps.msg
[0.750s] -- Up-to-date: /home/inouemakoto/interbotix_ws/src/install/interbotix_xs_msgs/share/interbotix_xs_msgs/msg/JointTrajectoryCommand.msg
[0.750s] -- Up-to-date: /home/inouemakoto/interbotix_ws/src/install/interbotix_xs_msgs/share/interbotix_xs_msgs/msg/LocobotJoy.msg
[0.750s] -- Up-to-date: /home/inouemakoto/interbotix_ws/src/install/interbotix_xs_msgs/share/interbotix_xs_msgs/msg/TurretJoy.msg
[0.750s] -- Up-to-date: /home/inouemakoto/interbotix_ws/src/install/interbotix_xs_msgs/share/interbotix_xs_msgs/srv/MotorGains.srv
[0.750s] -- Up-to-date: /home/inouemakoto/interbotix_ws/src/install/interbotix_xs_msgs/share/interbotix_xs_msgs/srv/MotorGains_Request.msg
[0.750s] -- Up-to-date: /home/inouemakoto/interbotix_ws/src/install/interbotix_xs_msgs/share/interbotix_xs_msgs/srv/MotorGains_Response.msg
[0.750s] -- Up-to-date: /home/inouemakoto/interbotix_ws/src/install/interbotix_xs_msgs/share/interbotix_xs_msgs/srv/OperatingModes.srv
[0.750s] -- Up-to-date: /home/inouemakoto/interbotix_ws/src/install/interbotix_xs_msgs/share/interbotix_xs_msgs/srv/OperatingModes_Request.msg
[0.750s] -- Up-to-date: /home/inouemakoto/interbotix_ws/src/install/interbotix_xs_msgs/share/interbotix_xs_msgs/srv/OperatingModes_Response.msg
[0.750s] -- Up-to-date: /home/inouemakoto/interbotix_ws/src/install/interbotix_xs_msgs/share/interbotix_xs_msgs/srv/Reboot.srv
[0.750s] -- Up-to-date: /home/inouemakoto/interbotix_ws/src/install/interbotix_xs_msgs/share/interbotix_xs_msgs/srv/Reboot_Request.msg
[0.750s] -- Up-to-date: /home/inouemakoto/interbotix_ws/src/install/interbotix_xs_msgs/share/interbotix_xs_msgs/srv/Reboot_Response.msg
[0.750s] -- Up-to-date: /home/inouemakoto/interbotix_ws/src/install/interbotix_xs_msgs/share/interbotix_xs_msgs/srv/RegisterValues.srv
[0.751s] -- Up-to-date: /home/inouemakoto/interbotix_ws/src/install/interbotix_xs_msgs/share/interbotix_xs_msgs/srv/RegisterValues_Request.msg
[0.751s] -- Up-to-date: /home/inouemakoto/interbotix_ws/src/install/interbotix_xs_msgs/share/interbotix_xs_msgs/srv/RegisterValues_Response.msg
[0.751s] -- Up-to-date: /home/inouemakoto/interbotix_ws/src/install/interbotix_xs_msgs/share/interbotix_xs_msgs/srv/RobotInfo.srv
[0.751s] -- Up-to-date: /home/inouemakoto/interbotix_ws/src/install/interbotix_xs_msgs/share/interbotix_xs_msgs/srv/RobotInfo_Request.msg
[0.751s] -- Up-to-date: /home/inouemakoto/interbotix_ws/src/install/interbotix_xs_msgs/share/interbotix_xs_msgs/srv/RobotInfo_Response.msg
[0.751s] -- Up-to-date: /home/inouemakoto/interbotix_ws/src/install/interbotix_xs_msgs/share/interbotix_xs_msgs/srv/TorqueEnable.srv
[0.751s] -- Up-to-date: /home/inouemakoto/interbotix_ws/src/install/interbotix_xs_msgs/share/interbotix_xs_msgs/srv/TorqueEnable_Request.msg
[0.751s] -- Up-to-date: /home/inouemakoto/interbotix_ws/src/install/interbotix_xs_msgs/share/interbotix_xs_msgs/srv/TorqueEnable_Response.msg
[0.751s] -- Up-to-date: /home/inouemakoto/interbotix_ws/src/install/interbotix_xs_msgs/share/ament_index/resource_index/package_run_dependencies/interbotix_xs_msgs
[0.751s] -- Up-to-date: /home/inouemakoto/interbotix_ws/src/install/interbotix_xs_msgs/share/ament_index/resource_index/parent_prefix_path/interbotix_xs_msgs
[0.751s] -- Up-to-date: /home/inouemakoto/interbotix_ws/src/install/interbotix_xs_msgs/share/interbotix_xs_msgs/environment/ament_prefix_path.sh
[0.751s] -- Up-to-date: /home/inouemakoto/interbotix_ws/src/install/interbotix_xs_msgs/share/interbotix_xs_msgs/environment/ament_prefix_path.dsv
[0.751s] -- Up-to-date: /home/inouemakoto/interbotix_ws/src/install/interbotix_xs_msgs/share/interbotix_xs_msgs/environment/path.sh
[0.751s] -- Up-to-date: /home/inouemakoto/interbotix_ws/src/install/interbotix_xs_msgs/share/interbotix_xs_msgs/environment/path.dsv
[0.751s] -- Up-to-date: /home/inouemakoto/interbotix_ws/src/install/interbotix_xs_msgs/share/interbotix_xs_msgs/local_setup.bash
[0.752s] -- Up-to-date: /home/inouemakoto/interbotix_ws/src/install/interbotix_xs_msgs/share/interbotix_xs_msgs/local_setup.sh
[0.752s] -- Up-to-date: /home/inouemakoto/interbotix_ws/src/install/interbotix_xs_msgs/share/interbotix_xs_msgs/local_setup.zsh
[0.752s] -- Up-to-date: /home/inouemakoto/interbotix_ws/src/install/interbotix_xs_msgs/share/interbotix_xs_msgs/local_setup.dsv
[0.752s] -- Installing: /home/inouemakoto/interbotix_ws/src/install/interbotix_xs_msgs/share/interbotix_xs_msgs/package.dsv
[0.752s] -- Up-to-date: /home/inouemakoto/interbotix_ws/src/install/interbotix_xs_msgs/share/ament_index/resource_index/packages/interbotix_xs_msgs
[0.752s] -- Up-to-date: /home/inouemakoto/interbotix_ws/src/install/interbotix_xs_msgs/share/interbotix_xs_msgs/cmake/export_interbotix_xs_msgs__rosidl_generator_cExport.cmake
[0.752s] -- Up-to-date: /home/inouemakoto/interbotix_ws/src/install/interbotix_xs_msgs/share/interbotix_xs_msgs/cmake/export_interbotix_xs_msgs__rosidl_generator_cExport-noconfig.cmake
[0.752s] -- Up-to-date: /home/inouemakoto/interbotix_ws/src/install/interbotix_xs_msgs/share/interbotix_xs_msgs/cmake/export_interbotix_xs_msgs__rosidl_typesupport_fastrtps_cExport.cmake
[0.752s] -- Up-to-date: /home/inouemakoto/interbotix_ws/src/install/interbotix_xs_msgs/share/interbotix_xs_msgs/cmake/export_interbotix_xs_msgs__rosidl_typesupport_fastrtps_cExport-noconfig.cmake
[0.752s] -- Up-to-date: /home/inouemakoto/interbotix_ws/src/install/interbotix_xs_msgs/share/interbotix_xs_msgs/cmake/interbotix_xs_msgs__rosidl_typesupport_introspection_cExport.cmake
[0.752s] -- Up-to-date: /home/inouemakoto/interbotix_ws/src/install/interbotix_xs_msgs/share/interbotix_xs_msgs/cmake/interbotix_xs_msgs__rosidl_typesupport_introspection_cExport-noconfig.cmake
[0.752s] -- Up-to-date: /home/inouemakoto/interbotix_ws/src/install/interbotix_xs_msgs/share/interbotix_xs_msgs/cmake/interbotix_xs_msgs__rosidl_typesupport_cExport.cmake
[0.752s] -- Up-to-date: /home/inouemakoto/interbotix_ws/src/install/interbotix_xs_msgs/share/interbotix_xs_msgs/cmake/interbotix_xs_msgs__rosidl_typesupport_cExport-noconfig.cmake
[0.752s] -- Up-to-date: /home/inouemakoto/interbotix_ws/src/install/interbotix_xs_msgs/share/interbotix_xs_msgs/cmake/export_interbotix_xs_msgs__rosidl_generator_cppExport.cmake
[0.752s] -- Up-to-date: /home/inouemakoto/interbotix_ws/src/install/interbotix_xs_msgs/share/interbotix_xs_msgs/cmake/export_interbotix_xs_msgs__rosidl_typesupport_fastrtps_cppExport.cmake
[0.752s] -- Up-to-date: /home/inouemakoto/interbotix_ws/src/install/interbotix_xs_msgs/share/interbotix_xs_msgs/cmake/export_interbotix_xs_msgs__rosidl_typesupport_fastrtps_cppExport-noconfig.cmake
[0.752s] -- Up-to-date: /home/inouemakoto/interbotix_ws/src/install/interbotix_xs_msgs/share/interbotix_xs_msgs/cmake/interbotix_xs_msgs__rosidl_typesupport_introspection_cppExport.cmake
[0.753s] -- Up-to-date: /home/inouemakoto/interbotix_ws/src/install/interbotix_xs_msgs/share/interbotix_xs_msgs/cmake/interbotix_xs_msgs__rosidl_typesupport_introspection_cppExport-noconfig.cmake
[0.753s] -- Up-to-date: /home/inouemakoto/interbotix_ws/src/install/interbotix_xs_msgs/share/interbotix_xs_msgs/cmake/interbotix_xs_msgs__rosidl_typesupport_cppExport.cmake
[0.753s] -- Up-to-date: /home/inouemakoto/interbotix_ws/src/install/interbotix_xs_msgs/share/interbotix_xs_msgs/cmake/interbotix_xs_msgs__rosidl_typesupport_cppExport-noconfig.cmake
[0.753s] -- Up-to-date: /home/inouemakoto/interbotix_ws/src/install/interbotix_xs_msgs/share/interbotix_xs_msgs/cmake/export_interbotix_xs_msgs__rosidl_generator_pyExport.cmake
[0.753s] -- Up-to-date: /home/inouemakoto/interbotix_ws/src/install/interbotix_xs_msgs/share/interbotix_xs_msgs/cmake/export_interbotix_xs_msgs__rosidl_generator_pyExport-noconfig.cmake
[0.753s] -- Up-to-date: /home/inouemakoto/interbotix_ws/src/install/interbotix_xs_msgs/share/interbotix_xs_msgs/cmake/rosidl_cmake-extras.cmake
[0.753s] -- Up-to-date: /home/inouemakoto/interbotix_ws/src/install/interbotix_xs_msgs/share/interbotix_xs_msgs/cmake/ament_cmake_export_dependencies-extras.cmake
[0.753s] -- Up-to-date: /home/inouemakoto/interbotix_ws/src/install/interbotix_xs_msgs/share/interbotix_xs_msgs/cmake/ament_cmake_export_include_directories-extras.cmake
[0.753s] -- Up-to-date: /home/inouemakoto/interbotix_ws/src/install/interbotix_xs_msgs/share/interbotix_xs_msgs/cmake/ament_cmake_export_libraries-extras.cmake
[0.753s] -- Up-to-date: /home/inouemakoto/interbotix_ws/src/install/interbotix_xs_msgs/share/interbotix_xs_msgs/cmake/ament_cmake_export_targets-extras.cmake
[0.753s] -- Up-to-date: /home/inouemakoto/interbotix_ws/src/install/interbotix_xs_msgs/share/interbotix_xs_msgs/cmake/rosidl_cmake_export_typesupport_targets-extras.cmake
[0.753s] -- Up-to-date: /home/inouemakoto/interbotix_ws/src/install/interbotix_xs_msgs/share/interbotix_xs_msgs/cmake/rosidl_cmake_export_typesupport_libraries-extras.cmake
[0.753s] -- Up-to-date: /home/inouemakoto/interbotix_ws/src/install/interbotix_xs_msgs/share/interbotix_xs_msgs/cmake/interbotix_xs_msgsConfig.cmake
[0.753s] -- Up-to-date: /home/inouemakoto/interbotix_ws/src/install/interbotix_xs_msgs/share/interbotix_xs_msgs/cmake/interbotix_xs_msgsConfig-version.cmake
[0.753s] -- Up-to-date: /home/inouemakoto/interbotix_ws/src/install/interbotix_xs_msgs/share/interbotix_xs_msgs/package.xml
[0.754s] Invoked command in '/home/inouemakoto/interbotix_ws/src/build/interbotix_xs_msgs' returned '0': CMAKE_PREFIX_PATH=${CMAKE_PREFIX_PATH}:/home/inouemakoto/interbotix_ws/src/install/interbotix_xs_modules:/home/inouemakoto/interbotix_ws/src/install/interbotix_common_modules:/home/inouemakoto/interbotix_ws/install/interbotix_xs_modules:/home/inouemakoto/interbotix_ws/install/interbotix_common_modules:/opt/ros/humble /usr/bin/cmake --install /home/inouemakoto/interbotix_ws/src/build/interbotix_xs_msgs
