[1.370s] Invoking command in '/home/inouemakoto/interbotix_ws/build/moveit_service': PYTHONPATH=/home/inouemakoto/interbotix_ws/build/moveit_service/prefix_override:/home/inouemakoto/interbotix_ws/install/moveit_service/lib/python3.10/site-packages:${PYTHONPATH} /usr/bin/python3 setup.py develop --uninstall --editable --build-directory /home/inouemakoto/interbotix_ws/build/moveit_service/build
[1.645s] running develop
[1.646s] /usr/lib/python3/dist-packages/setuptools/command/easy_install.py:158: EasyInstallDeprecationWarning: easy_install command is deprecated. Use build and pip and other standards-based tools.
[1.646s]   warnings.warn(
[1.646s] /usr/lib/python3/dist-packages/setuptools/command/install.py:34: SetuptoolsDeprecationWarning: setup.py install is deprecated. Use build and pip and other standards-based tools.
[1.646s]   warnings.warn(
[1.711s] /usr/lib/python3/dist-packages/pkg_resources/__init__.py:116: PkgResourcesDeprecationWarning: 1.16.0-unknown is an invalid version and will not be supported in a future release
[1.711s]   warnings.warn(
[1.711s] /usr/lib/python3/dist-packages/pkg_resources/__init__.py:116: PkgResourcesDeprecationWarning: 1.1build1 is an invalid version and will not be supported in a future release
[1.712s]   warnings.warn(
[1.712s] /usr/lib/python3/dist-packages/pkg_resources/__init__.py:116: PkgResourcesDeprecationWarning: 1.12.1-git20200711.33e2d80-dfsg1-0.6 is an invalid version and will not be supported in a future release
[1.712s]   warnings.warn(
[1.866s] Invoked command in '/home/inouemakoto/interbotix_ws/build/moveit_service' returned '0': PYTHONPATH=/home/inouemakoto/interbotix_ws/build/moveit_service/prefix_override:/home/inouemakoto/interbotix_ws/install/moveit_service/lib/python3.10/site-packages:${PYTHONPATH} /usr/bin/python3 setup.py develop --uninstall --editable --build-directory /home/inouemakoto/interbotix_ws/build/moveit_service/build
[1.868s] Invoking command in '/home/inouemakoto/interbotix_ws/src/moveit_service': PYTHONPATH=/home/inouemakoto/interbotix_ws/build/moveit_service/prefix_override:/home/inouemakoto/interbotix_ws/install/moveit_service/lib/python3.10/site-packages:${PYTHONPATH} /usr/bin/python3 setup.py egg_info --egg-base ../../build/moveit_service build --build-base /home/inouemakoto/interbotix_ws/build/moveit_service/build install --record /home/inouemakoto/interbotix_ws/build/moveit_service/install.log --single-version-externally-managed
[2.130s] running egg_info
[2.131s] writing ../../build/moveit_service/moveit_service.egg-info/PKG-INFO
[2.131s] writing dependency_links to ../../build/moveit_service/moveit_service.egg-info/dependency_links.txt
[2.132s] writing entry points to ../../build/moveit_service/moveit_service.egg-info/entry_points.txt
[2.132s] writing requirements to ../../build/moveit_service/moveit_service.egg-info/requires.txt
[2.132s] writing top-level names to ../../build/moveit_service/moveit_service.egg-info/top_level.txt
[2.134s] package init file 'moveit_service/__init__.py' not found (or not a regular file)
[2.134s] reading manifest file '../../build/moveit_service/moveit_service.egg-info/SOURCES.txt'
[2.135s] writing manifest file '../../build/moveit_service/moveit_service.egg-info/SOURCES.txt'
[2.135s] running build
[2.135s] running build_py
[2.136s] copying moveit_service/moveit_order.py -> /home/inouemakoto/interbotix_ws/build/moveit_service/build/lib/moveit_service
[2.136s] running install
[2.136s] /usr/lib/python3/dist-packages/setuptools/command/install.py:34: SetuptoolsDeprecationWarning: setup.py install is deprecated. Use build and pip and other standards-based tools.
[2.136s]   warnings.warn(
[2.137s] running install_lib
[2.137s] copying /home/inouemakoto/interbotix_ws/build/moveit_service/build/lib/moveit_service/moveit_order.py -> /home/inouemakoto/interbotix_ws/install/moveit_service/lib/python3.10/site-packages/moveit_service
[2.138s] byte-compiling /home/inouemakoto/interbotix_ws/install/moveit_service/lib/python3.10/site-packages/moveit_service/moveit_order.py to moveit_order.cpython-310.pyc
[2.139s] running install_data
[2.139s] running install_egg_info
[2.141s] removing '/home/inouemakoto/interbotix_ws/install/moveit_service/lib/python3.10/site-packages/moveit_service-0.0.0-py3.10.egg-info' (and everything under it)
[2.141s] Copying ../../build/moveit_service/moveit_service.egg-info to /home/inouemakoto/interbotix_ws/install/moveit_service/lib/python3.10/site-packages/moveit_service-0.0.0-py3.10.egg-info
[2.142s] running install_scripts
[2.163s] Installing moveit_order script to /home/inouemakoto/interbotix_ws/install/moveit_service/lib/moveit_service
[2.165s] writing list of installed files to '/home/inouemakoto/interbotix_ws/build/moveit_service/install.log'
[2.202s] Invoked command in '/home/inouemakoto/interbotix_ws/src/moveit_service' returned '0': PYTHONPATH=/home/inouemakoto/interbotix_ws/build/moveit_service/prefix_override:/home/inouemakoto/interbotix_ws/install/moveit_service/lib/python3.10/site-packages:${PYTHONPATH} /usr/bin/python3 setup.py egg_info --egg-base ../../build/moveit_service build --build-base /home/inouemakoto/interbotix_ws/build/moveit_service/build install --record /home/inouemakoto/interbotix_ws/build/moveit_service/install.log --single-version-externally-managed
