[  2%] [34m[1mAutomatic MOC for target gtest_main[0m
[  5%] [34m[1mAutomatic MOC for target rviz_visual_tools_gui[0m
[  7%] [34m[1mAutomatic MOC for target rviz_visual_tools_remote_control[0m
[ 10%] [34m[1mAutomatic MOC for target gtest[0m
[ 10%] Built target gtest_main_autogen
[ 10%] Built target gtest_autogen
[ 10%] Built target rviz_visual_tools_remote_control_autogen
[ 10%] Built target rviz_visual_tools_gui_autogen
[35m[1mConsolidate compiler generated dependencies of target gtest_main[0m
[35m[1mConsolidate compiler generated dependencies of target gtest[0m
[35m[1mConsolidate compiler generated dependencies of target rviz_visual_tools_remote_control[0m
[35m[1mConsolidate compiler generated dependencies of target rviz_visual_tools_gui[0m
[ 17%] Built target gtest_main
[ 25%] Built target gtest
[ 33%] Built target rviz_visual_tools_remote_control
[ 46%] Built target rviz_visual_tools_gui
[ 48%] [34m[1mAutomatic MOC for target rviz_visual_tools[0m
[ 48%] Built target rviz_visual_tools_autogen
[35m[1mConsolidate compiler generated dependencies of target rviz_visual_tools[0m
[ 58%] Built target rviz_visual_tools
[ 66%] [34m[1mAutomatic MOC for target rviz_visual_tools_rvt_test[0m
[ 66%] [34m[1mAutomatic MOC for target rviz_visual_tools_imarker_simple[0m
[ 66%] [34m[1mAutomatic MOC for target rviz_visual_tools_demo[0m
[ 66%] Built target rviz_visual_tools_rvt_test_autogen
[ 66%] Built target rviz_visual_tools_demo_autogen
[ 66%] Built target rviz_visual_tools_imarker_simple_autogen
[35m[1mConsolidate compiler generated dependencies of target rviz_visual_tools_demo[0m
[35m[1mConsolidate compiler generated dependencies of target rviz_visual_tools_rvt_test[0m
[35m[1mConsolidate compiler generated dependencies of target rviz_visual_tools_imarker_simple[0m
[ 84%] Built target rviz_visual_tools_imarker_simple
[ 84%] Built target rviz_visual_tools_demo
[ 89%] Built target rviz_visual_tools_rvt_test
[ 92%] [34m[1mAutomatic MOC for target rviz_visual_tools_imarker_simple_demo[0m
[ 92%] Built target rviz_visual_tools_imarker_simple_demo_autogen
[35m[1mConsolidate compiler generated dependencies of target rviz_visual_tools_imarker_simple_demo[0m
[100%] Built target rviz_visual_tools_imarker_simple_demo
