[0.257s] Invoking command in '/home/inouemakoto/interbotix_ws/src/build/hello_moveit': CMAKE_PREFIX_PATH=${CMAKE_PREFIX_PATH}:/home/inouemakoto/interbotix_ws/src/install/interbotix_xs_modules:/home/inouemakoto/interbotix_ws/src/install/interbotix_common_modules:/home/inouemakoto/interbotix_ws/install/interbotix_xs_modules:/home/inouemakoto/interbotix_ws/install/interbotix_common_modules:/opt/ros/humble /usr/bin/cmake --build /home/inouemakoto/interbotix_ws/src/build/hello_moveit -- -j20 -l20
[0.296s] [35m[1mConsolidate compiler generated dependencies of target hello_moveit[0m
[0.327s] [ 50%] [32mBuilding CXX object CMakeFiles/hello_moveit.dir/src/hello_moveit.cpp.o[0m
[6.703s] [100%] [32m[1mLinking CXX executable hello_moveit[0m
[6.915s] [100%] Built target hello_moveit
[6.925s] Invoked command in '/home/inouemakoto/interbotix_ws/src/build/hello_moveit' returned '0': CMAKE_PREFIX_PATH=${CMAKE_PREFIX_PATH}:/home/inouemakoto/interbotix_ws/src/install/interbotix_xs_modules:/home/inouemakoto/interbotix_ws/src/install/interbotix_common_modules:/home/inouemakoto/interbotix_ws/install/interbotix_xs_modules:/home/inouemakoto/interbotix_ws/install/interbotix_common_modules:/opt/ros/humble /usr/bin/cmake --build /home/inouemakoto/interbotix_ws/src/build/hello_moveit -- -j20 -l20
[6.948s] Invoking command in '/home/inouemakoto/interbotix_ws/src/build/hello_moveit': CMAKE_PREFIX_PATH=${CMAKE_PREFIX_PATH}:/home/inouemakoto/interbotix_ws/src/install/interbotix_xs_modules:/home/inouemakoto/interbotix_ws/src/install/interbotix_common_modules:/home/inouemakoto/interbotix_ws/install/interbotix_xs_modules:/home/inouemakoto/interbotix_ws/install/interbotix_common_modules:/opt/ros/humble /usr/bin/cmake --install /home/inouemakoto/interbotix_ws/src/build/hello_moveit
[6.955s] -- Install configuration: ""
[6.955s] -- Installing: /home/inouemakoto/interbotix_ws/src/install/hello_moveit/lib/hello_moveit/hello_moveit
[6.955s] -- Set runtime path of "/home/inouemakoto/interbotix_ws/src/install/hello_moveit/lib/hello_moveit/hello_moveit" to ""
[6.956s] -- Up-to-date: /home/inouemakoto/interbotix_ws/src/install/hello_moveit/share/ament_index/resource_index/package_run_dependencies/hello_moveit
[6.956s] -- Up-to-date: /home/inouemakoto/interbotix_ws/src/install/hello_moveit/share/ament_index/resource_index/parent_prefix_path/hello_moveit
[6.956s] -- Up-to-date: /home/inouemakoto/interbotix_ws/src/install/hello_moveit/share/hello_moveit/environment/ament_prefix_path.sh
[6.956s] -- Up-to-date: /home/inouemakoto/interbotix_ws/src/install/hello_moveit/share/hello_moveit/environment/ament_prefix_path.dsv
[6.956s] -- Up-to-date: /home/inouemakoto/interbotix_ws/src/install/hello_moveit/share/hello_moveit/environment/path.sh
[6.956s] -- Up-to-date: /home/inouemakoto/interbotix_ws/src/install/hello_moveit/share/hello_moveit/environment/path.dsv
[6.956s] -- Up-to-date: /home/inouemakoto/interbotix_ws/src/install/hello_moveit/share/hello_moveit/local_setup.bash
[6.956s] -- Up-to-date: /home/inouemakoto/interbotix_ws/src/install/hello_moveit/share/hello_moveit/local_setup.sh
[6.956s] -- Up-to-date: /home/inouemakoto/interbotix_ws/src/install/hello_moveit/share/hello_moveit/local_setup.zsh
[6.956s] -- Up-to-date: /home/inouemakoto/interbotix_ws/src/install/hello_moveit/share/hello_moveit/local_setup.dsv
[6.956s] -- Installing: /home/inouemakoto/interbotix_ws/src/install/hello_moveit/share/hello_moveit/package.dsv
[6.956s] -- Up-to-date: /home/inouemakoto/interbotix_ws/src/install/hello_moveit/share/ament_index/resource_index/packages/hello_moveit
[6.957s] -- Up-to-date: /home/inouemakoto/interbotix_ws/src/install/hello_moveit/share/hello_moveit/cmake/hello_moveitConfig.cmake
[6.957s] -- Up-to-date: /home/inouemakoto/interbotix_ws/src/install/hello_moveit/share/hello_moveit/cmake/hello_moveitConfig-version.cmake
[6.957s] -- Up-to-date: /home/inouemakoto/interbotix_ws/src/install/hello_moveit/share/hello_moveit/package.xml
[6.958s] Invoked command in '/home/inouemakoto/interbotix_ws/src/build/hello_moveit' returned '0': CMAKE_PREFIX_PATH=${CMAKE_PREFIX_PATH}:/home/inouemakoto/interbotix_ws/src/install/interbotix_xs_modules:/home/inouemakoto/interbotix_ws/src/install/interbotix_common_modules:/home/inouemakoto/interbotix_ws/install/interbotix_xs_modules:/home/inouemakoto/interbotix_ws/install/interbotix_common_modules:/opt/ros/humble /usr/bin/cmake --install /home/inouemakoto/interbotix_ws/src/build/hello_moveit
