-- The C compiler identification is GNU 11.4.0
-- The CXX compiler identification is GNU 11.4.0
-- Detecting C compiler ABI info
-- Detecting C compiler ABI info - done
-- Check for working C compiler: /usr/bin/cc - skipped
-- Detecting C compile features
-- Detecting C compile features - done
-- Detecting CXX compiler ABI info
-- Detecting CXX compiler ABI info - done
-- Check for working CXX compiler: /usr/bin/c++ - skipped
-- Detecting CXX compile features
-- Detecting CXX compile features - done
-- Found ament_cmake: 1.3.5 (/opt/ros/humble/share/ament_cmake/cmake)
-- Found Python3: /usr/bin/python3.10 (found version "3.10.12") found components: Interpreter 
-- Found tf2: 0.25.4 (/opt/ros/humble/share/tf2/cmake)
-- Found rosidl_generator_c: 3.1.5 (/opt/ros/humble/share/rosidl_generator_c/cmake)
-- Found rosidl_adapter: 3.1.5 (/opt/ros/humble/share/rosidl_adapter/cmake)
-- Found rosidl_generator_cpp: 3.1.5 (/opt/ros/humble/share/rosidl_generator_cpp/cmake)
-- Using all available rosidl_typesupport_c: rosidl_typesupport_fastrtps_c;rosidl_typesupport_introspection_c
-- Using all available rosidl_typesupport_cpp: rosidl_typesupport_fastrtps_cpp;rosidl_typesupport_introspection_cpp
-- Found tf2_eigen: 0.25.4 (/opt/ros/humble/share/tf2_eigen/cmake)
-- Found rmw_implementation_cmake: 6.1.1 (/opt/ros/humble/share/rmw_implementation_cmake/cmake)
-- Found rmw_fastrtps_cpp: 6.2.4 (/opt/ros/humble/share/rmw_fastrtps_cpp/cmake)
-- Found OpenSSL: /usr/lib/x86_64-linux-gnu/libcrypto.so (found version "3.0.2")  
-- Found FastRTPS: /opt/ros/humble/include  
-- Using RMW implementation 'rmw_fastrtps_cpp' as default
-- Looking for pthread.h
-- Looking for pthread.h - found
-- Performing Test CMAKE_HAVE_LIBC_PTHREAD
-- Performing Test CMAKE_HAVE_LIBC_PTHREAD - Success
-- Found Threads: TRUE  
-- Found eigen3_cmake_module: 0.1.1 (/opt/ros/humble/share/eigen3_cmake_module/cmake)
-- Found Eigen3: TRUE (found version "3.4.0") 
-- Found sensor_msgs: 4.2.3 (/opt/ros/humble/share/sensor_msgs/cmake)
[0mCMake Deprecation Warning at /opt/ros/humble/share/ament_cmake_export_interfaces/cmake/ament_export_interfaces.cmake:37 (message):
  ament_export_interfaces() is deprecated, use ament_export_targets() instead
Call Stack (most recent call first):
  CMakeLists.txt:89 (ament_export_interfaces)

[0m
-- Found ament_lint_auto: 0.12.8 (/opt/ros/humble/share/ament_lint_auto/cmake)
-- Added test 'copyright' to check source files copyright and LICENSE
-- Added test 'cppcheck' to perform static code analysis on C / C++ code
-- Configured cppcheck include dirs: /home/inouemakoto/interbotix_ws/src/ros2_grasp_library/grasp_utils/robot_interface/include
-- Configured cppcheck exclude dirs and/or files: 
-- Added test 'cpplint' to check C / C++ code against the Google style
-- Configured cpplint exclude dirs and/or files: 
-- Added test 'flake8' to check Python code syntax and style conventions
-- Added test 'lint_cmake' to check CMake code style
-- Added test 'pep257' to check Python code against some of the docstring style conventions in PEP 257
-- Added test 'uncrustify' to check C / C++ code style
-- Configured uncrustify additional arguments: 
-- Added test 'xmllint' to check XML markup files
-- Configuring done
[0mCMake Error: The following variables are used in this project, but they are set to NOTFOUND.
Please set them or make sure they are set and tested correctly in the CMake files:
ur_modern_driver_INCLUDE_DIRS
   used as include directory in directory /home/inouemakoto/interbotix_ws/src/ros2_grasp_library/grasp_utils/robot_interface
   used as include directory in directory /home/inouemakoto/interbotix_ws/src/ros2_grasp_library/grasp_utils/robot_interface
   used as include directory in directory /home/inouemakoto/interbotix_ws/src/ros2_grasp_library/grasp_utils/robot_interface
   used as include directory in directory /home/inouemakoto/interbotix_ws/src/ros2_grasp_library/grasp_utils/robot_interface
   used as include directory in directory /home/inouemakoto/interbotix_ws/src/ros2_grasp_library/grasp_utils/robot_interface
   used as include directory in directory /home/inouemakoto/interbotix_ws/src/ros2_grasp_library/grasp_utils/robot_interface
   used as include directory in directory /home/inouemakoto/interbotix_ws/src/ros2_grasp_library/grasp_utils/robot_interface
   used as include directory in directory /home/inouemakoto/interbotix_ws/src/ros2_grasp_library/grasp_utils/robot_interface
   used as include directory in directory /home/inouemakoto/interbotix_ws/src/ros2_grasp_library/grasp_utils/robot_interface
   used as include directory in directory /home/inouemakoto/interbotix_ws/src/ros2_grasp_library/grasp_utils/robot_interface
   used as include directory in directory /home/inouemakoto/interbotix_ws/src/ros2_grasp_library/grasp_utils/robot_interface
   used as include directory in directory /home/inouemakoto/interbotix_ws/src/ros2_grasp_library/grasp_utils/robot_interface
ur_modern_driver_LIBRARIES
    linked by target "ur_test_state_publish" in directory /home/inouemakoto/interbotix_ws/src/ros2_grasp_library/grasp_utils/robot_interface
    linked by target "ur_test_move_command" in directory /home/inouemakoto/interbotix_ws/src/ros2_grasp_library/grasp_utils/robot_interface
    linked by target "robot_interface" in directory /home/inouemakoto/interbotix_ws/src/ros2_grasp_library/grasp_utils/robot_interface
[0m
[31mCMake Error in CMakeLists.txt:
  Found relative path while evaluating include directories of
  "robot_interface":

    "ur_modern_driver_INCLUDE_DIRS-NOTFOUND"


[0m
[31mCMake Error in CMakeLists.txt:
  Found relative path while evaluating include directories of
  "ur_test_move_command":

    "ur_modern_driver_INCLUDE_DIRS-NOTFOUND"


[0m
[31mCMake Error in CMakeLists.txt:
  Found relative path while evaluating include directories of
  "ur_test_state_publish":

    "ur_modern_driver_INCLUDE_DIRS-NOTFOUND"


[0m
-- Generating done
[0mCMake Generate step failed.  Build files cannot be regenerated correctly.[0m
