[1.647s] Invoking command in '/home/inouemakoto/interbotix_ws/build/robot_interface': CMAKE_PREFIX_PATH=${CMAKE_PREFIX_PATH}:/home/inouemakoto/interbotix_ws/install/yolov5_ros2:/home/inouemakoto/interbotix_ws/install/interbotix_landmark_modules:/home/inouemakoto/interbotix_ws/install/interbotix_perception_modules:/home/inouemakoto/interbotix_ws/install/pick_vision:/home/inouemakoto/interbotix_ws/install/moveit_service:/home/inouemakoto/interbotix_ws/install/opencv_tests:/home/inouemakoto/interbotix_ws/install/opencv_ros2:/home/inouemakoto/interbotix_ws/install/makoto:/home/inouemakoto/interbotix_ws/install/interbotix_xs_modules:/home/inouemakoto/interbotix_ws/install/interbotix_rpi_modules:/home/inouemakoto/interbotix_ws/install/interbotix_common_modules:/home/inouemakoto/interbotix_ws/install/camera:/home/inouemakoto/ws_moveit2/install/moveit_configs_utils:/home/inouemakoto/ws_moveit2/install/launch_param_builder:/home/inouemakoto/install/moveit_service:/home/inouemakoto/install/interbotix_xs_modules:/home/inouemakoto/install/interbotix_moveit_interface_msgs:/home/inouemakoto/install/interbotix_common_modules:/opt/ros/humble /usr/bin/cmake /home/inouemakoto/interbotix_ws/src/ros2_grasp_library/grasp_utils/robot_interface -DCMAKE_INSTALL_PREFIX=/home/inouemakoto/interbotix_ws/install/robot_interface
[1.813s] -- The C compiler identification is GNU 11.4.0
[1.970s] -- The CXX compiler identification is GNU 11.4.0
[1.986s] -- Detecting C compiler ABI info
[2.168s] -- Detecting C compiler ABI info - done
[2.185s] -- Check for working C compiler: /usr/bin/cc - skipped
[2.185s] -- Detecting C compile features
[2.186s] -- Detecting C compile features - done
[2.191s] -- Detecting CXX compiler ABI info
[2.395s] -- Detecting CXX compiler ABI info - done
[2.410s] -- Check for working CXX compiler: /usr/bin/c++ - skipped
[2.410s] -- Detecting CXX compile features
[2.410s] -- Detecting CXX compile features - done
[2.429s] -- Found ament_cmake: 1.3.5 (/opt/ros/humble/share/ament_cmake/cmake)
[3.566s] -- Found Python3: /usr/bin/python3.10 (found version "3.10.12") found components: Interpreter 
[3.979s] -- Found tf2: 0.25.4 (/opt/ros/humble/share/tf2/cmake)
[4.206s] -- Found rosidl_generator_c: 3.1.5 (/opt/ros/humble/share/rosidl_generator_c/cmake)
[4.239s] -- Found rosidl_adapter: 3.1.5 (/opt/ros/humble/share/rosidl_adapter/cmake)
[4.277s] -- Found rosidl_generator_cpp: 3.1.5 (/opt/ros/humble/share/rosidl_generator_cpp/cmake)
[4.335s] -- Using all available rosidl_typesupport_c: rosidl_typesupport_fastrtps_c;rosidl_typesupport_introspection_c
[4.416s] -- Using all available rosidl_typesupport_cpp: rosidl_typesupport_fastrtps_cpp;rosidl_typesupport_introspection_cpp
[4.672s] -- Found tf2_eigen: 0.25.4 (/opt/ros/humble/share/tf2_eigen/cmake)
[5.085s] -- Found rmw_implementation_cmake: 6.1.1 (/opt/ros/humble/share/rmw_implementation_cmake/cmake)
[5.114s] -- Found rmw_fastrtps_cpp: 6.2.4 (/opt/ros/humble/share/rmw_fastrtps_cpp/cmake)
[5.430s] -- Found OpenSSL: /usr/lib/x86_64-linux-gnu/libcrypto.so (found version "3.0.2")  
[5.511s] -- Found FastRTPS: /opt/ros/humble/include  
[5.640s] -- Using RMW implementation 'rmw_fastrtps_cpp' as default
[5.704s] -- Looking for pthread.h
[5.819s] -- Looking for pthread.h - found
[5.819s] -- Performing Test CMAKE_HAVE_LIBC_PTHREAD
[5.917s] -- Performing Test CMAKE_HAVE_LIBC_PTHREAD - Success
[5.919s] -- Found Threads: TRUE  
[6.554s] -- Found eigen3_cmake_module: 0.1.1 (/opt/ros/humble/share/eigen3_cmake_module/cmake)
[6.555s] -- Found Eigen3: TRUE (found version "3.4.0") 
[6.569s] -- Found sensor_msgs: 4.2.3 (/opt/ros/humble/share/sensor_msgs/cmake)
[6.832s] [0mCMake Deprecation Warning at /opt/ros/humble/share/ament_cmake_export_interfaces/cmake/ament_export_interfaces.cmake:37 (message):
[6.832s]   ament_export_interfaces() is deprecated, use ament_export_targets() instead
[6.832s] Call Stack (most recent call first):
[6.833s]   CMakeLists.txt:89 (ament_export_interfaces)
[6.833s] 
[6.833s] [0m
[6.853s] -- Found ament_lint_auto: 0.12.8 (/opt/ros/humble/share/ament_lint_auto/cmake)
[7.167s] -- Added test 'copyright' to check source files copyright and LICENSE
[7.173s] -- Added test 'cppcheck' to perform static code analysis on C / C++ code
[7.177s] -- Configured cppcheck include dirs: /home/inouemakoto/interbotix_ws/src/ros2_grasp_library/grasp_utils/robot_interface/include
[7.177s] -- Configured cppcheck exclude dirs and/or files: 
[7.183s] -- Added test 'cpplint' to check C / C++ code against the Google style
[7.184s] -- Configured cpplint exclude dirs and/or files: 
[7.187s] -- Added test 'flake8' to check Python code syntax and style conventions
[7.190s] -- Added test 'lint_cmake' to check CMake code style
[7.193s] -- Added test 'pep257' to check Python code against some of the docstring style conventions in PEP 257
[7.196s] -- Added test 'uncrustify' to check C / C++ code style
[7.196s] -- Configured uncrustify additional arguments: 
[7.199s] -- Added test 'xmllint' to check XML markup files
[7.204s] -- Configuring done
[7.207s] [0mCMake Error: The following variables are used in this project, but they are set to NOTFOUND.
[7.207s] Please set them or make sure they are set and tested correctly in the CMake files:
[7.207s] ur_modern_driver_INCLUDE_DIRS
[7.208s]    used as include directory in directory /home/inouemakoto/interbotix_ws/src/ros2_grasp_library/grasp_utils/robot_interface
[7.208s]    used as include directory in directory /home/inouemakoto/interbotix_ws/src/ros2_grasp_library/grasp_utils/robot_interface
[7.208s]    used as include directory in directory /home/inouemakoto/interbotix_ws/src/ros2_grasp_library/grasp_utils/robot_interface
[7.208s]    used as include directory in directory /home/inouemakoto/interbotix_ws/src/ros2_grasp_library/grasp_utils/robot_interface
[7.208s]    used as include directory in directory /home/inouemakoto/interbotix_ws/src/ros2_grasp_library/grasp_utils/robot_interface
[7.208s]    used as include directory in directory /home/inouemakoto/interbotix_ws/src/ros2_grasp_library/grasp_utils/robot_interface
[7.208s]    used as include directory in directory /home/inouemakoto/interbotix_ws/src/ros2_grasp_library/grasp_utils/robot_interface
[7.208s]    used as include directory in directory /home/inouemakoto/interbotix_ws/src/ros2_grasp_library/grasp_utils/robot_interface
[7.209s]    used as include directory in directory /home/inouemakoto/interbotix_ws/src/ros2_grasp_library/grasp_utils/robot_interface
[7.209s]    used as include directory in directory /home/inouemakoto/interbotix_ws/src/ros2_grasp_library/grasp_utils/robot_interface
[7.209s]    used as include directory in directory /home/inouemakoto/interbotix_ws/src/ros2_grasp_library/grasp_utils/robot_interface
[7.209s]    used as include directory in directory /home/inouemakoto/interbotix_ws/src/ros2_grasp_library/grasp_utils/robot_interface
[7.209s] ur_modern_driver_LIBRARIES
[7.209s]     linked by target "ur_test_state_publish" in directory /home/inouemakoto/interbotix_ws/src/ros2_grasp_library/grasp_utils/robot_interface
[7.209s]     linked by target "ur_test_move_command" in directory /home/inouemakoto/interbotix_ws/src/ros2_grasp_library/grasp_utils/robot_interface
[7.209s]     linked by target "robot_interface" in directory /home/inouemakoto/interbotix_ws/src/ros2_grasp_library/grasp_utils/robot_interface
[7.210s] [0m
[7.215s] [31mCMake Error in CMakeLists.txt:
[7.215s]   Found relative path while evaluating include directories of
[7.215s]   "robot_interface":
[7.215s] 
[7.216s]     "ur_modern_driver_INCLUDE_DIRS-NOTFOUND"
[7.216s] 
[7.216s] 
[7.216s] [0m
[7.220s] [31mCMake Error in CMakeLists.txt:
[7.221s]   Found relative path while evaluating include directories of
[7.221s]   "ur_test_move_command":
[7.221s] 
[7.221s]     "ur_modern_driver_INCLUDE_DIRS-NOTFOUND"
[7.221s] 
[7.222s] 
[7.222s] [0m
[7.225s] [31mCMake Error in CMakeLists.txt:
[7.225s]   Found relative path while evaluating include directories of
[7.225s]   "ur_test_state_publish":
[7.225s] 
[7.225s]     "ur_modern_driver_INCLUDE_DIRS-NOTFOUND"
[7.225s] 
[7.226s] 
[7.226s] [0m
[7.232s] -- Generating done
[7.235s] [0mCMake Generate step failed.  Build files cannot be regenerated correctly.[0m
[7.555s] Invoked command in '/home/inouemakoto/interbotix_ws/build/robot_interface' returned '1': CMAKE_PREFIX_PATH=${CMAKE_PREFIX_PATH}:/home/inouemakoto/interbotix_ws/install/yolov5_ros2:/home/inouemakoto/interbotix_ws/install/interbotix_landmark_modules:/home/inouemakoto/interbotix_ws/install/interbotix_perception_modules:/home/inouemakoto/interbotix_ws/install/pick_vision:/home/inouemakoto/interbotix_ws/install/moveit_service:/home/inouemakoto/interbotix_ws/install/opencv_tests:/home/inouemakoto/interbotix_ws/install/opencv_ros2:/home/inouemakoto/interbotix_ws/install/makoto:/home/inouemakoto/interbotix_ws/install/interbotix_xs_modules:/home/inouemakoto/interbotix_ws/install/interbotix_rpi_modules:/home/inouemakoto/interbotix_ws/install/interbotix_common_modules:/home/inouemakoto/interbotix_ws/install/camera:/home/inouemakoto/ws_moveit2/install/moveit_configs_utils:/home/inouemakoto/ws_moveit2/install/launch_param_builder:/home/inouemakoto/install/moveit_service:/home/inouemakoto/install/interbotix_xs_modules:/home/inouemakoto/install/interbotix_moveit_interface_msgs:/home/inouemakoto/install/interbotix_common_modules:/opt/ros/humble /usr/bin/cmake /home/inouemakoto/interbotix_ws/src/ros2_grasp_library/grasp_utils/robot_interface -DCMAKE_INSTALL_PREFIX=/home/inouemakoto/interbotix_ws/install/robot_interface
