[0.011s] Invoking command in '/home/inouemakoto/interbotix_ws/build/moveit_visual_tools': AMENT_PREFIX_PATH=/home/inouemakoto/interbotix_ws/install/rviz_visual_tools:/home/inouemakoto/interbotix_ws/install/graph_msgs:${AMENT_PREFIX_PATH} CMAKE_PREFIX_PATH=/home/inouemakoto/interbotix_ws/install/rviz_visual_tools:/home/inouemakoto/interbotix_ws/install/graph_msgs:/home/inouemakoto/robotis_ws/install/dynamixel_sdk_examples:/home/inouemakoto/robotis_ws/install/dynamixel_sdk_custom_interfaces:/home/inouemakoto/robotis_ws/install/dynamixel_sdk:/opt/ros/humble LD_LIBRARY_PATH=/home/inouemakoto/interbotix_ws/install/rviz_visual_tools/lib:/home/inouemakoto/interbotix_ws/install/graph_msgs/lib:${LD_LIBRARY_PATH} PYTHONPATH=/home/inouemakoto/interbotix_ws/install/graph_msgs/local/lib/python3.10/dist-packages:${PYTHONPATH} /usr/bin/cmake /home/inouemakoto/interbotix_ws/src/moveit_visual_tools -DCMAKE_INSTALL_PREFIX=/home/inouemakoto/interbotix_ws/install/moveit_visual_tools
[0.021s] -- Found moveit_common: 2.5.4 (/opt/ros/humble/share/moveit_common/cmake)
[0.021s] -- Found ament_cmake: 1.3.4 (/opt/ros/humble/share/ament_cmake/cmake)
[0.225s] -- Could NOT find libbfd (missing: LIBBFD_LIBRARY LIBBFD_INCLUDE_DIR) 
[0.225s] -- BACKWARD_HAS_UNWIND=1
[0.225s] -- BACKWARD_HAS_BACKTRACE=0
[0.225s] -- BACKWARD_HAS_BACKTRACE_SYMBOL=0
[0.226s] -- BACKWARD_HAS_DW=1
[0.226s] -- BACKWARD_HAS_BFD=0
[0.226s] -- Found Backward: /opt/ros/humble/share/backward_ros/cmake  
[0.226s] [0mmoveit_visual_tools: You did not request a specific build type: Choosing 'Release' for maximum performance[0m
[0.231s] -- Found geometry_msgs: 4.2.3 (/opt/ros/humble/share/geometry_msgs/cmake)
[0.250s] -- Found rosidl_generator_c: 3.1.4 (/opt/ros/humble/share/rosidl_generator_c/cmake)
[0.252s] -- Found rosidl_adapter: 3.1.4 (/opt/ros/humble/share/rosidl_adapter/cmake)
[0.257s] -- Found rosidl_generator_cpp: 3.1.4 (/opt/ros/humble/share/rosidl_generator_cpp/cmake)
[0.268s] -- Using all available rosidl_typesupport_c: rosidl_typesupport_fastrtps_c;rosidl_typesupport_introspection_c
[0.283s] -- Using all available rosidl_typesupport_cpp: rosidl_typesupport_fastrtps_cpp;rosidl_typesupport_introspection_cpp
[0.402s] -- Found graph_msgs: 0.2.0 (/home/inouemakoto/interbotix_ws/install/graph_msgs/share/graph_msgs/cmake)
[0.490s] -- Found moveit_core: 2.5.4 (/opt/ros/humble/share/moveit_core/cmake)
[0.672s] -- Found Boost: /usr/lib/x86_64-linux-gnu/cmake/Boost-1.74.0/BoostConfig.cmake (found version "1.74.0") found components: chrono date_time filesystem iostreams program_options regex serialization system thread 
[0.686s] -- Found Boost: /usr/lib/x86_64-linux-gnu/cmake/Boost-1.74.0/BoostConfig.cmake (found version "1.74.0") found components: filesystem 
[0.769s] -- Found rmw_implementation_cmake: 6.1.1 (/opt/ros/humble/share/rmw_implementation_cmake/cmake)
[0.772s] -- Found rmw_fastrtps_cpp: 6.2.2 (/opt/ros/humble/share/rmw_fastrtps_cpp/cmake)
[0.851s] -- Found OpenSSL: /usr/lib/x86_64-linux-gnu/libcrypto.so (found version "3.0.2")  
[0.873s] -- Found FastRTPS: /opt/ros/humble/include  
[0.917s] -- Using RMW implementation 'rmw_fastrtps_cpp' as default
[0.927s] -- Found Threads: TRUE  
[1.112s] -- library: /usr/lib/x86_64-linux-gnu/libcurl.so
[1.444s] -- Found Eigen3: TRUE (found version "3.4.0") 
[1.444s] -- Ensuring Eigen3 include directory is part of orocos-kdl CMake target
[2.436s] -- Found moveit_ros_planning: 2.5.4 (/opt/ros/humble/share/moveit_ros_planning/cmake)
[2.440s] -- Found Boost: /usr/lib/x86_64-linux-gnu/cmake/Boost-1.74.0/BoostConfig.cmake (found version "1.74.0") found components: system filesystem date_time program_options thread chrono 
[2.821s] -- Found rviz_visual_tools: 4.1.4 (/home/inouemakoto/interbotix_ws/install/rviz_visual_tools/share/rviz_visual_tools/cmake)
[2.924s] -- Setting OGRE_DIR to: '/opt/ros/humble/share/rviz_ogre_vendor/cmake/../../../opt/rviz_ogre_vendor/lib/OGRE/cmake'
[2.924s] -- Found OGRE
[2.925s] --   static     : OFF
[2.925s] --   components : HLMS;MeshLodGenerator;Overlay;Paging;Property;RTShaderSystem;Terrain;Volume
[2.925s] --   plugins    : Plugin_BSPSceneManager;Plugin_OctreeSceneManager;Plugin_PCZSceneManager;Plugin_ParticleFX;RenderSystem_GL;RenderSystem_GL3Plus;Codec_STBI
[2.925s] --   media      : /opt/ros/humble/opt/rviz_ogre_vendor/share/OGRE/Media
[2.925s] -- OGRE_LIBRARIES: OgreHLMS;OgreMeshLodGenerator;OgreOverlay;OgrePaging;OgreProperty;OgreRTShaderSystem;OgreTerrain;OgreVolume;OgreMain
[2.925s] -- OGRE_LIBRARY_DIRS: /opt/ros/humble/opt/rviz_ogre_vendor/lib
[2.925s] -- OGRE_PLUGINS: Plugin_BSPSceneManager;Plugin_OctreeSceneManager;Plugin_PCZSceneManager;Plugin_ParticleFX;RenderSystem_GL;RenderSystem_GL3Plus;Codec_STBI
[2.925s] -- OGRE_PLUGIN_DIR: /opt/ros/humble/opt/rviz_ogre_vendor/lib/OGRE
[2.925s] -- rviz_ogre_vendor::OgreOverlay for IMPORTED_LOCATION_RELEASE: /opt/ros/humble/opt/rviz_ogre_vendor/lib/libOgreOverlay.so
[2.925s] -- rviz_ogre_vendor::OgreOverlay for IMPORTED_LOCATION_DEBUG: /opt/ros/humble/opt/rviz_ogre_vendor/lib/libOgreOverlay.so
[2.925s] -- rviz_ogre_vendor::OgreMain for IMPORTED_LOCATION_RELEASE: /opt/ros/humble/opt/rviz_ogre_vendor/lib/libOgreMain.so
[2.925s] -- rviz_ogre_vendor::OgreMain for IMPORTED_LOCATION_DEBUG: /opt/ros/humble/opt/rviz_ogre_vendor/lib/libOgreMain.so
[2.938s] -- Found ZLIB: /usr/lib/x86_64-linux-gnu/libz.so (found version "1.2.11") 
[2.942s] -- Found OpenGL: /usr/lib/x86_64-linux-gnu/libOpenGL.so   
[2.996s] -- Found X11: /usr/include   
[2.997s] -- Looking for XOpenDisplay in /usr/lib/x86_64-linux-gnu/libX11.so;/usr/lib/x86_64-linux-gnu/libXext.so
[3.069s] -- Looking for XOpenDisplay in /usr/lib/x86_64-linux-gnu/libX11.so;/usr/lib/x86_64-linux-gnu/libXext.so - found
[3.069s] -- Looking for gethostbyname
[3.137s] -- Looking for gethostbyname - found
[3.138s] -- Looking for connect
[3.203s] -- Looking for connect - found
[3.204s] -- Looking for remove
[3.271s] -- Looking for remove - found
[3.271s] -- Looking for shmat
[3.340s] -- Looking for shmat - found
[3.340s] -- Looking for IceConnectionNumber in ICE
[3.410s] -- Looking for IceConnectionNumber in ICE - found
[3.412s] -- rviz_ogre_vendor::RenderSystem_GL for IMPORTED_LOCATION_RELEASE: _render_system_gl_static_library_abs-NOTFOUND
[3.412s] -- rviz_ogre_vendor::RenderSystem_GL for IMPORTED_LOCATION_DEBUG: _render_system_gl_static_library_abs-NOTFOUND
[3.952s] -- Found ament_lint_auto: 0.12.6 (/opt/ros/humble/share/ament_lint_auto/cmake)
[3.963s] -- Added test 'copyright' to check source files copyright and LICENSE
[3.964s] -- Added test 'flake8' to check Python code syntax and style conventions
[3.964s] -- Added test 'lint_cmake' to check CMake code style
[3.965s] -- Added test 'pep257' to check Python code against some of the docstring style conventions in PEP 257
[3.966s] -- Added test 'xmllint' to check XML markup files
[3.967s] -- Configuring done
[4.003s] -- Generating done
[4.005s] -- Build files have been written to: /home/inouemakoto/interbotix_ws/build/moveit_visual_tools
[4.016s] Invoked command in '/home/inouemakoto/interbotix_ws/build/moveit_visual_tools' returned '0': AMENT_PREFIX_PATH=/home/inouemakoto/interbotix_ws/install/rviz_visual_tools:/home/inouemakoto/interbotix_ws/install/graph_msgs:${AMENT_PREFIX_PATH} CMAKE_PREFIX_PATH=/home/inouemakoto/interbotix_ws/install/rviz_visual_tools:/home/inouemakoto/interbotix_ws/install/graph_msgs:/home/inouemakoto/robotis_ws/install/dynamixel_sdk_examples:/home/inouemakoto/robotis_ws/install/dynamixel_sdk_custom_interfaces:/home/inouemakoto/robotis_ws/install/dynamixel_sdk:/opt/ros/humble LD_LIBRARY_PATH=/home/inouemakoto/interbotix_ws/install/rviz_visual_tools/lib:/home/inouemakoto/interbotix_ws/install/graph_msgs/lib:${LD_LIBRARY_PATH} PYTHONPATH=/home/inouemakoto/interbotix_ws/install/graph_msgs/local/lib/python3.10/dist-packages:${PYTHONPATH} /usr/bin/cmake /home/inouemakoto/interbotix_ws/src/moveit_visual_tools -DCMAKE_INSTALL_PREFIX=/home/inouemakoto/interbotix_ws/install/moveit_visual_tools
[4.017s] Invoking command in '/home/inouemakoto/interbotix_ws/build/moveit_visual_tools': AMENT_PREFIX_PATH=/home/inouemakoto/interbotix_ws/install/rviz_visual_tools:/home/inouemakoto/interbotix_ws/install/graph_msgs:${AMENT_PREFIX_PATH} CMAKE_PREFIX_PATH=/home/inouemakoto/interbotix_ws/install/rviz_visual_tools:/home/inouemakoto/interbotix_ws/install/graph_msgs:/home/inouemakoto/robotis_ws/install/dynamixel_sdk_examples:/home/inouemakoto/robotis_ws/install/dynamixel_sdk_custom_interfaces:/home/inouemakoto/robotis_ws/install/dynamixel_sdk:/opt/ros/humble LD_LIBRARY_PATH=/home/inouemakoto/interbotix_ws/install/rviz_visual_tools/lib:/home/inouemakoto/interbotix_ws/install/graph_msgs/lib:${LD_LIBRARY_PATH} PYTHONPATH=/home/inouemakoto/interbotix_ws/install/graph_msgs/local/lib/python3.10/dist-packages:${PYTHONPATH} /usr/bin/cmake --build /home/inouemakoto/interbotix_ws/build/moveit_visual_tools -- -j20 -l20
[4.053s] [ 50%] [32mBuilding CXX object CMakeFiles/moveit_visual_tools.dir/src/imarker_robot_state.cpp.o[0m
[4.053s] [ 50%] [32mBuilding CXX object CMakeFiles/moveit_visual_tools.dir/src/imarker_end_effector.cpp.o[0m
[4.054s] [ 50%] [32mBuilding CXX object CMakeFiles/moveit_visual_tools.dir/src/moveit_visual_tools.cpp.o[0m
[19.908s] [ 66%] [32m[1mLinking CXX shared library libmoveit_visual_tools.so[0m
[20.245s] [ 66%] Built target moveit_visual_tools
[20.259s] [ 83%] [32mBuilding CXX object CMakeFiles/moveit_visual_tools_demo.dir/src/moveit_visual_tools_demo.cpp.o[0m
[29.418s] [100%] [32m[1mLinking CXX executable moveit_visual_tools_demo[0m
[29.841s] [100%] Built target moveit_visual_tools_demo
[29.848s] Invoked command in '/home/inouemakoto/interbotix_ws/build/moveit_visual_tools' returned '0': AMENT_PREFIX_PATH=/home/inouemakoto/interbotix_ws/install/rviz_visual_tools:/home/inouemakoto/interbotix_ws/install/graph_msgs:${AMENT_PREFIX_PATH} CMAKE_PREFIX_PATH=/home/inouemakoto/interbotix_ws/install/rviz_visual_tools:/home/inouemakoto/interbotix_ws/install/graph_msgs:/home/inouemakoto/robotis_ws/install/dynamixel_sdk_examples:/home/inouemakoto/robotis_ws/install/dynamixel_sdk_custom_interfaces:/home/inouemakoto/robotis_ws/install/dynamixel_sdk:/opt/ros/humble LD_LIBRARY_PATH=/home/inouemakoto/interbotix_ws/install/rviz_visual_tools/lib:/home/inouemakoto/interbotix_ws/install/graph_msgs/lib:${LD_LIBRARY_PATH} PYTHONPATH=/home/inouemakoto/interbotix_ws/install/graph_msgs/local/lib/python3.10/dist-packages:${PYTHONPATH} /usr/bin/cmake --build /home/inouemakoto/interbotix_ws/build/moveit_visual_tools -- -j20 -l20
[29.869s] Invoking command in '/home/inouemakoto/interbotix_ws/build/moveit_visual_tools': AMENT_PREFIX_PATH=/home/inouemakoto/interbotix_ws/install/rviz_visual_tools:/home/inouemakoto/interbotix_ws/install/graph_msgs:${AMENT_PREFIX_PATH} CMAKE_PREFIX_PATH=/home/inouemakoto/interbotix_ws/install/rviz_visual_tools:/home/inouemakoto/interbotix_ws/install/graph_msgs:/home/inouemakoto/robotis_ws/install/dynamixel_sdk_examples:/home/inouemakoto/robotis_ws/install/dynamixel_sdk_custom_interfaces:/home/inouemakoto/robotis_ws/install/dynamixel_sdk:/opt/ros/humble LD_LIBRARY_PATH=/home/inouemakoto/interbotix_ws/install/rviz_visual_tools/lib:/home/inouemakoto/interbotix_ws/install/graph_msgs/lib:${LD_LIBRARY_PATH} PYTHONPATH=/home/inouemakoto/interbotix_ws/install/graph_msgs/local/lib/python3.10/dist-packages:${PYTHONPATH} /usr/bin/cmake --install /home/inouemakoto/interbotix_ws/build/moveit_visual_tools
[29.874s] -- Install configuration: "Release"
[29.874s] -- Installing: /home/inouemakoto/interbotix_ws/install/moveit_visual_tools/share/moveit_visual_tools/environment/library_path.sh
[29.874s] -- Installing: /home/inouemakoto/interbotix_ws/install/moveit_visual_tools/share/moveit_visual_tools/environment/library_path.dsv
[29.874s] -- Installing: /home/inouemakoto/interbotix_ws/install/moveit_visual_tools/lib/libmoveit_visual_tools.so
[29.875s] -- Set runtime path of "/home/inouemakoto/interbotix_ws/install/moveit_visual_tools/lib/libmoveit_visual_tools.so" to ""
[29.875s] -- Installing: /home/inouemakoto/interbotix_ws/install/moveit_visual_tools/lib/moveit_visual_tools/moveit_visual_tools_demo
[29.875s] -- Set runtime path of "/home/inouemakoto/interbotix_ws/install/moveit_visual_tools/lib/moveit_visual_tools/moveit_visual_tools_demo" to ""
[29.875s] -- Installing: /home/inouemakoto/interbotix_ws/install/moveit_visual_tools/include
[29.875s] -- Installing: /home/inouemakoto/interbotix_ws/install/moveit_visual_tools/include/moveit_visual_tools
[29.875s] -- Installing: /home/inouemakoto/interbotix_ws/install/moveit_visual_tools/include/moveit_visual_tools/imarker_end_effector.h
[29.876s] -- Installing: /home/inouemakoto/interbotix_ws/install/moveit_visual_tools/include/moveit_visual_tools/moveit_visual_tools.h
[29.876s] -- Installing: /home/inouemakoto/interbotix_ws/install/moveit_visual_tools/include/moveit_visual_tools/imarker_robot_state.h
[29.876s] -- Installing: /home/inouemakoto/interbotix_ws/install/moveit_visual_tools/share/moveit_visual_tools/launch
[29.876s] -- Installing: /home/inouemakoto/interbotix_ws/install/moveit_visual_tools/share/moveit_visual_tools/launch/demo.rviz
[29.876s] -- Installing: /home/inouemakoto/interbotix_ws/install/moveit_visual_tools/share/moveit_visual_tools/launch/demo_rviz.launch.py
[29.876s] -- Installing: /home/inouemakoto/interbotix_ws/install/moveit_visual_tools/share/moveit_visual_tools/resources
[29.876s] -- Installing: /home/inouemakoto/interbotix_ws/install/moveit_visual_tools/share/moveit_visual_tools/resources/rrbot.urdf
[29.876s] -- Installing: /home/inouemakoto/interbotix_ws/install/moveit_visual_tools/share/moveit_visual_tools/resources/screenshot.png
[29.876s] -- Installing: /home/inouemakoto/interbotix_ws/install/moveit_visual_tools/share/moveit_visual_tools/resources/demo.png
[29.876s] -- Installing: /home/inouemakoto/interbotix_ws/install/moveit_visual_tools/share/moveit_visual_tools/resources/rrbot.srdf
[29.876s] -- Installing: /home/inouemakoto/interbotix_ws/install/moveit_visual_tools/share/moveit_visual_tools/resources/demo_mesh.stl
[29.876s] -- Installing: /home/inouemakoto/interbotix_ws/install/moveit_visual_tools/share/ament_index/resource_index/package_run_dependencies/moveit_visual_tools
[29.876s] -- Installing: /home/inouemakoto/interbotix_ws/install/moveit_visual_tools/share/ament_index/resource_index/parent_prefix_path/moveit_visual_tools
[29.876s] -- Installing: /home/inouemakoto/interbotix_ws/install/moveit_visual_tools/share/moveit_visual_tools/environment/ament_prefix_path.sh
[29.877s] -- Installing: /home/inouemakoto/interbotix_ws/install/moveit_visual_tools/share/moveit_visual_tools/environment/ament_prefix_path.dsv
[29.877s] -- Installing: /home/inouemakoto/interbotix_ws/install/moveit_visual_tools/share/moveit_visual_tools/environment/path.sh
[29.877s] -- Installing: /home/inouemakoto/interbotix_ws/install/moveit_visual_tools/share/moveit_visual_tools/environment/path.dsv
[29.877s] -- Installing: /home/inouemakoto/interbotix_ws/install/moveit_visual_tools/share/moveit_visual_tools/local_setup.bash
[29.877s] -- Installing: /home/inouemakoto/interbotix_ws/install/moveit_visual_tools/share/moveit_visual_tools/local_setup.sh
[29.877s] -- Installing: /home/inouemakoto/interbotix_ws/install/moveit_visual_tools/share/moveit_visual_tools/local_setup.zsh
[29.877s] -- Installing: /home/inouemakoto/interbotix_ws/install/moveit_visual_tools/share/moveit_visual_tools/local_setup.dsv
[29.877s] -- Installing: /home/inouemakoto/interbotix_ws/install/moveit_visual_tools/share/moveit_visual_tools/package.dsv
[29.877s] -- Installing: /home/inouemakoto/interbotix_ws/install/moveit_visual_tools/share/ament_index/resource_index/packages/moveit_visual_tools
[29.877s] -- Installing: /home/inouemakoto/interbotix_ws/install/moveit_visual_tools/share/moveit_visual_tools/cmake/export_moveit_visual_toolsExport.cmake
[29.877s] -- Installing: /home/inouemakoto/interbotix_ws/install/moveit_visual_tools/share/moveit_visual_tools/cmake/export_moveit_visual_toolsExport-release.cmake
[29.878s] -- Installing: /home/inouemakoto/interbotix_ws/install/moveit_visual_tools/share/moveit_visual_tools/cmake/ament_cmake_export_targets-extras.cmake
[29.878s] -- Installing: /home/inouemakoto/interbotix_ws/install/moveit_visual_tools/share/moveit_visual_tools/cmake/ament_cmake_export_dependencies-extras.cmake
[29.878s] -- Installing: /home/inouemakoto/interbotix_ws/install/moveit_visual_tools/share/moveit_visual_tools/cmake/moveit_visual_toolsConfig.cmake
[29.878s] -- Installing: /home/inouemakoto/interbotix_ws/install/moveit_visual_tools/share/moveit_visual_tools/cmake/moveit_visual_toolsConfig-version.cmake
[29.878s] -- Installing: /home/inouemakoto/interbotix_ws/install/moveit_visual_tools/share/moveit_visual_tools/package.xml
[29.881s] Invoked command in '/home/inouemakoto/interbotix_ws/build/moveit_visual_tools' returned '0': AMENT_PREFIX_PATH=/home/inouemakoto/interbotix_ws/install/rviz_visual_tools:/home/inouemakoto/interbotix_ws/install/graph_msgs:${AMENT_PREFIX_PATH} CMAKE_PREFIX_PATH=/home/inouemakoto/interbotix_ws/install/rviz_visual_tools:/home/inouemakoto/interbotix_ws/install/graph_msgs:/home/inouemakoto/robotis_ws/install/dynamixel_sdk_examples:/home/inouemakoto/robotis_ws/install/dynamixel_sdk_custom_interfaces:/home/inouemakoto/robotis_ws/install/dynamixel_sdk:/opt/ros/humble LD_LIBRARY_PATH=/home/inouemakoto/interbotix_ws/install/rviz_visual_tools/lib:/home/inouemakoto/interbotix_ws/install/graph_msgs/lib:${LD_LIBRARY_PATH} PYTHONPATH=/home/inouemakoto/interbotix_ws/install/graph_msgs/local/lib/python3.10/dist-packages:${PYTHONPATH} /usr/bin/cmake --install /home/inouemakoto/interbotix_ws/build/moveit_visual_tools
