[4.218s] Invoking command in '/home/inouemakoto/interbotix_ws/build/interbotix_perception_msgs': CMAKE_PREFIX_PATH=${CMAKE_PREFIX_PATH}:/home/inouemakoto/interbotix_ws/install/yolov5_ros2:/home/inouemakoto/interbotix_ws/install/interbotix_landmark_modules:/home/inouemakoto/interbotix_ws/install/interbotix_perception_modules:/home/inouemakoto/interbotix_ws/install/pick_vision:/home/inouemakoto/interbotix_ws/install/moveit_service:/home/inouemakoto/interbotix_ws/install/opencv_tests:/home/inouemakoto/interbotix_ws/install/opencv_ros2:/home/inouemakoto/interbotix_ws/install/makoto:/home/inouemakoto/interbotix_ws/install/interbotix_xs_modules:/home/inouemakoto/interbotix_ws/install/interbotix_rpi_modules:/home/inouemakoto/interbotix_ws/install/interbotix_common_modules:/home/inouemakoto/interbotix_ws/install/camera:/home/inouemakoto/ws_moveit2/install/moveit_configs_utils:/home/inouemakoto/ws_moveit2/install/launch_param_builder:/home/inouemakoto/install/moveit_service:/home/inouemakoto/install/interbotix_xs_modules:/home/inouemakoto/install/interbotix_moveit_interface_msgs:/home/inouemakoto/install/interbotix_common_modules:/home/inouemakoto/install/camera:/opt/ros/humble /usr/bin/cmake --build /home/inouemakoto/interbotix_ws/build/interbotix_perception_msgs -- -j20 -l20
[7.238s] [ 10%] Built target interbotix_perception_msgs__rosidl_generator_c
[7.239s] [ 12%] Built target interbotix_perception_msgs__cpp
[7.239s] [ 12%] Built target ament_cmake_python_copy_interbotix_perception_msgs
[7.239s] [ 23%] Built target interbotix_perception_msgs__rosidl_typesupport_c
[7.239s] [ 34%] Built target interbotix_perception_msgs__rosidl_typesupport_fastrtps_cpp
[7.239s] [ 45%] Built target interbotix_perception_msgs__rosidl_typesupport_introspection_c
[7.239s] [ 56%] Built target interbotix_perception_msgs__rosidl_typesupport_introspection_cpp
[7.239s] [ 67%] Built target interbotix_perception_msgs__rosidl_typesupport_fastrtps_c
[7.240s] [ 78%] Built target interbotix_perception_msgs__rosidl_typesupport_cpp
[7.240s] [ 78%] Built target interbotix_perception_msgs
[7.241s] [ 80%] Built target interbotix_perception_msgs__py
[7.241s] [ 89%] Built target interbotix_perception_msgs__rosidl_generator_py
[7.241s] running egg_info
[7.241s] writing interbotix_perception_msgs.egg-info/PKG-INFO
[7.241s] writing dependency_links to interbotix_perception_msgs.egg-info/dependency_links.txt
[7.241s] writing top-level names to interbotix_perception_msgs.egg-info/top_level.txt
[7.241s] reading manifest file 'interbotix_perception_msgs.egg-info/SOURCES.txt'
[7.242s] writing manifest file 'interbotix_perception_msgs.egg-info/SOURCES.txt'
[7.243s] [ 92%] Built target interbotix_perception_msgs__rosidl_typesupport_fastrtps_c__pyext
[7.243s] [ 92%] Built target ament_cmake_python_build_interbotix_perception_msgs_egg
[7.243s] [ 96%] Built target interbotix_perception_msgs__rosidl_typesupport_introspection_c__pyext
[7.243s] [100%] Built target interbotix_perception_msgs__rosidl_typesupport_c__pyext
[7.265s] Invoked command in '/home/inouemakoto/interbotix_ws/build/interbotix_perception_msgs' returned '0': CMAKE_PREFIX_PATH=${CMAKE_PREFIX_PATH}:/home/inouemakoto/interbotix_ws/install/yolov5_ros2:/home/inouemakoto/interbotix_ws/install/interbotix_landmark_modules:/home/inouemakoto/interbotix_ws/install/interbotix_perception_modules:/home/inouemakoto/interbotix_ws/install/pick_vision:/home/inouemakoto/interbotix_ws/install/moveit_service:/home/inouemakoto/interbotix_ws/install/opencv_tests:/home/inouemakoto/interbotix_ws/install/opencv_ros2:/home/inouemakoto/interbotix_ws/install/makoto:/home/inouemakoto/interbotix_ws/install/interbotix_xs_modules:/home/inouemakoto/interbotix_ws/install/interbotix_rpi_modules:/home/inouemakoto/interbotix_ws/install/interbotix_common_modules:/home/inouemakoto/interbotix_ws/install/camera:/home/inouemakoto/ws_moveit2/install/moveit_configs_utils:/home/inouemakoto/ws_moveit2/install/launch_param_builder:/home/inouemakoto/install/moveit_service:/home/inouemakoto/install/interbotix_xs_modules:/home/inouemakoto/install/interbotix_moveit_interface_msgs:/home/inouemakoto/install/interbotix_common_modules:/home/inouemakoto/install/camera:/opt/ros/humble /usr/bin/cmake --build /home/inouemakoto/interbotix_ws/build/interbotix_perception_msgs -- -j20 -l20
[8.601s] Invoking command in '/home/inouemakoto/interbotix_ws/build/interbotix_perception_msgs': CMAKE_PREFIX_PATH=${CMAKE_PREFIX_PATH}:/home/inouemakoto/interbotix_ws/install/yolov5_ros2:/home/inouemakoto/interbotix_ws/install/interbotix_landmark_modules:/home/inouemakoto/interbotix_ws/install/interbotix_perception_modules:/home/inouemakoto/interbotix_ws/install/pick_vision:/home/inouemakoto/interbotix_ws/install/moveit_service:/home/inouemakoto/interbotix_ws/install/opencv_tests:/home/inouemakoto/interbotix_ws/install/opencv_ros2:/home/inouemakoto/interbotix_ws/install/makoto:/home/inouemakoto/interbotix_ws/install/interbotix_xs_modules:/home/inouemakoto/interbotix_ws/install/interbotix_rpi_modules:/home/inouemakoto/interbotix_ws/install/interbotix_common_modules:/home/inouemakoto/interbotix_ws/install/camera:/home/inouemakoto/ws_moveit2/install/moveit_configs_utils:/home/inouemakoto/ws_moveit2/install/launch_param_builder:/home/inouemakoto/install/moveit_service:/home/inouemakoto/install/interbotix_xs_modules:/home/inouemakoto/install/interbotix_moveit_interface_msgs:/home/inouemakoto/install/interbotix_common_modules:/home/inouemakoto/install/camera:/opt/ros/humble /usr/bin/cmake --install /home/inouemakoto/interbotix_ws/build/interbotix_perception_msgs
[8.629s] -- Install configuration: ""
[8.630s] -- Up-to-date: /home/inouemakoto/interbotix_ws/install/interbotix_perception_msgs/share/ament_index/resource_index/rosidl_interfaces/interbotix_perception_msgs
[8.630s] -- Up-to-date: /home/inouemakoto/interbotix_ws/install/interbotix_perception_msgs/include/interbotix_perception_msgs/interbotix_perception_msgs
[8.630s] -- Up-to-date: /home/inouemakoto/interbotix_ws/install/interbotix_perception_msgs/include/interbotix_perception_msgs/interbotix_perception_msgs/srv
[8.630s] -- Up-to-date: /home/inouemakoto/interbotix_ws/install/interbotix_perception_msgs/include/interbotix_perception_msgs/interbotix_perception_msgs/srv/filter_params.h
[8.630s] -- Up-to-date: /home/inouemakoto/interbotix_ws/install/interbotix_perception_msgs/include/interbotix_perception_msgs/interbotix_perception_msgs/srv/snap_picture.h
[8.631s] -- Up-to-date: /home/inouemakoto/interbotix_ws/install/interbotix_perception_msgs/include/interbotix_perception_msgs/interbotix_perception_msgs/srv/cluster_info_array.h
[8.631s] -- Up-to-date: /home/inouemakoto/interbotix_ws/install/interbotix_perception_msgs/include/interbotix_perception_msgs/interbotix_perception_msgs/srv/detail
[8.631s] -- Up-to-date: /home/inouemakoto/interbotix_ws/install/interbotix_perception_msgs/include/interbotix_perception_msgs/interbotix_perception_msgs/srv/detail/snap_picture__functions.h
[8.631s] -- Up-to-date: /home/inouemakoto/interbotix_ws/install/interbotix_perception_msgs/include/interbotix_perception_msgs/interbotix_perception_msgs/srv/detail/filter_params__type_support.h
[8.631s] -- Up-to-date: /home/inouemakoto/interbotix_ws/install/interbotix_perception_msgs/include/interbotix_perception_msgs/interbotix_perception_msgs/srv/detail/snap_picture__functions.c
[8.632s] -- Up-to-date: /home/inouemakoto/interbotix_ws/install/interbotix_perception_msgs/include/interbotix_perception_msgs/interbotix_perception_msgs/srv/detail/filter_params__struct.h
[8.632s] -- Up-to-date: /home/inouemakoto/interbotix_ws/install/interbotix_perception_msgs/include/interbotix_perception_msgs/interbotix_perception_msgs/srv/detail/snap_picture__struct.h
[8.632s] -- Up-to-date: /home/inouemakoto/interbotix_ws/install/interbotix_perception_msgs/include/interbotix_perception_msgs/interbotix_perception_msgs/srv/detail/filter_params__functions.h
[8.632s] -- Up-to-date: /home/inouemakoto/interbotix_ws/install/interbotix_perception_msgs/include/interbotix_perception_msgs/interbotix_perception_msgs/srv/detail/filter_params__functions.c
[8.632s] -- Up-to-date: /home/inouemakoto/interbotix_ws/install/interbotix_perception_msgs/include/interbotix_perception_msgs/interbotix_perception_msgs/srv/detail/snap_picture__type_support.h
[8.633s] -- Up-to-date: /home/inouemakoto/interbotix_ws/install/interbotix_perception_msgs/include/interbotix_perception_msgs/interbotix_perception_msgs/srv/detail/cluster_info_array__functions.h
[8.633s] -- Up-to-date: /home/inouemakoto/interbotix_ws/install/interbotix_perception_msgs/include/interbotix_perception_msgs/interbotix_perception_msgs/srv/detail/cluster_info_array__type_support.h
[8.633s] -- Up-to-date: /home/inouemakoto/interbotix_ws/install/interbotix_perception_msgs/include/interbotix_perception_msgs/interbotix_perception_msgs/srv/detail/cluster_info_array__functions.c
[8.633s] -- Up-to-date: /home/inouemakoto/interbotix_ws/install/interbotix_perception_msgs/include/interbotix_perception_msgs/interbotix_perception_msgs/srv/detail/cluster_info_array__struct.h
[8.633s] -- Up-to-date: /home/inouemakoto/interbotix_ws/install/interbotix_perception_msgs/include/interbotix_perception_msgs/interbotix_perception_msgs/msg
[8.633s] -- Up-to-date: /home/inouemakoto/interbotix_ws/install/interbotix_perception_msgs/include/interbotix_perception_msgs/interbotix_perception_msgs/msg/rosidl_generator_c__visibility_control.h
[8.633s] -- Up-to-date: /home/inouemakoto/interbotix_ws/install/interbotix_perception_msgs/include/interbotix_perception_msgs/interbotix_perception_msgs/msg/cluster_info.h
[8.633s] -- Up-to-date: /home/inouemakoto/interbotix_ws/install/interbotix_perception_msgs/include/interbotix_perception_msgs/interbotix_perception_msgs/msg/detail
[8.633s] -- Up-to-date: /home/inouemakoto/interbotix_ws/install/interbotix_perception_msgs/include/interbotix_perception_msgs/interbotix_perception_msgs/msg/detail/cluster_info__functions.h
[8.633s] -- Up-to-date: /home/inouemakoto/interbotix_ws/install/interbotix_perception_msgs/include/interbotix_perception_msgs/interbotix_perception_msgs/msg/detail/cluster_info__type_support.h
[8.633s] -- Up-to-date: /home/inouemakoto/interbotix_ws/install/interbotix_perception_msgs/include/interbotix_perception_msgs/interbotix_perception_msgs/msg/detail/cluster_info__struct.h
[8.634s] -- Up-to-date: /home/inouemakoto/interbotix_ws/install/interbotix_perception_msgs/include/interbotix_perception_msgs/interbotix_perception_msgs/msg/detail/cluster_info__functions.c
[8.634s] -- Up-to-date: /home/inouemakoto/interbotix_ws/install/interbotix_perception_msgs/share/interbotix_perception_msgs/environment/library_path.sh
[8.634s] -- Up-to-date: /home/inouemakoto/interbotix_ws/install/interbotix_perception_msgs/share/interbotix_perception_msgs/environment/library_path.dsv
[8.634s] -- Up-to-date: /home/inouemakoto/interbotix_ws/install/interbotix_perception_msgs/lib/libinterbotix_perception_msgs__rosidl_generator_c.so
[8.634s] -- Up-to-date: /home/inouemakoto/interbotix_ws/install/interbotix_perception_msgs/include/interbotix_perception_msgs/interbotix_perception_msgs
[8.634s] -- Up-to-date: /home/inouemakoto/interbotix_ws/install/interbotix_perception_msgs/include/interbotix_perception_msgs/interbotix_perception_msgs/srv
[8.634s] -- Up-to-date: /home/inouemakoto/interbotix_ws/install/interbotix_perception_msgs/include/interbotix_perception_msgs/interbotix_perception_msgs/srv/detail
[8.635s] -- Up-to-date: /home/inouemakoto/interbotix_ws/install/interbotix_perception_msgs/include/interbotix_perception_msgs/interbotix_perception_msgs/srv/detail/cluster_info_array__rosidl_typesupport_fastrtps_c.h
[8.635s] -- Up-to-date: /home/inouemakoto/interbotix_ws/install/interbotix_perception_msgs/include/interbotix_perception_msgs/interbotix_perception_msgs/srv/detail/filter_params__rosidl_typesupport_fastrtps_c.h
[8.635s] -- Up-to-date: /home/inouemakoto/interbotix_ws/install/interbotix_perception_msgs/include/interbotix_perception_msgs/interbotix_perception_msgs/srv/detail/snap_picture__rosidl_typesupport_fastrtps_c.h
[8.635s] -- Up-to-date: /home/inouemakoto/interbotix_ws/install/interbotix_perception_msgs/include/interbotix_perception_msgs/interbotix_perception_msgs/msg
[8.635s] -- Up-to-date: /home/inouemakoto/interbotix_ws/install/interbotix_perception_msgs/include/interbotix_perception_msgs/interbotix_perception_msgs/msg/detail
[8.635s] -- Up-to-date: /home/inouemakoto/interbotix_ws/install/interbotix_perception_msgs/include/interbotix_perception_msgs/interbotix_perception_msgs/msg/detail/cluster_info__rosidl_typesupport_fastrtps_c.h
[8.635s] -- Up-to-date: /home/inouemakoto/interbotix_ws/install/interbotix_perception_msgs/include/interbotix_perception_msgs/interbotix_perception_msgs/msg/rosidl_typesupport_fastrtps_c__visibility_control.h
[8.636s] -- Up-to-date: /home/inouemakoto/interbotix_ws/install/interbotix_perception_msgs/lib/libinterbotix_perception_msgs__rosidl_typesupport_fastrtps_c.so
[8.636s] -- Up-to-date: /home/inouemakoto/interbotix_ws/install/interbotix_perception_msgs/include/interbotix_perception_msgs/interbotix_perception_msgs
[8.636s] -- Up-to-date: /home/inouemakoto/interbotix_ws/install/interbotix_perception_msgs/include/interbotix_perception_msgs/interbotix_perception_msgs/srv
[8.636s] -- Up-to-date: /home/inouemakoto/interbotix_ws/install/interbotix_perception_msgs/include/interbotix_perception_msgs/interbotix_perception_msgs/srv/detail
[8.636s] -- Up-to-date: /home/inouemakoto/interbotix_ws/install/interbotix_perception_msgs/include/interbotix_perception_msgs/interbotix_perception_msgs/srv/detail/snap_picture__type_support.c
[8.636s] -- Up-to-date: /home/inouemakoto/interbotix_ws/install/interbotix_perception_msgs/include/interbotix_perception_msgs/interbotix_perception_msgs/srv/detail/cluster_info_array__type_support.c
[8.636s] -- Up-to-date: /home/inouemakoto/interbotix_ws/install/interbotix_perception_msgs/include/interbotix_perception_msgs/interbotix_perception_msgs/srv/detail/filter_params__type_support.c
[8.636s] -- Up-to-date: /home/inouemakoto/interbotix_ws/install/interbotix_perception_msgs/include/interbotix_perception_msgs/interbotix_perception_msgs/srv/detail/cluster_info_array__rosidl_typesupport_introspection_c.h
[8.636s] -- Up-to-date: /home/inouemakoto/interbotix_ws/install/interbotix_perception_msgs/include/interbotix_perception_msgs/interbotix_perception_msgs/srv/detail/snap_picture__rosidl_typesupport_introspection_c.h
[8.636s] -- Up-to-date: /home/inouemakoto/interbotix_ws/install/interbotix_perception_msgs/include/interbotix_perception_msgs/interbotix_perception_msgs/srv/detail/filter_params__rosidl_typesupport_introspection_c.h
[8.637s] -- Up-to-date: /home/inouemakoto/interbotix_ws/install/interbotix_perception_msgs/include/interbotix_perception_msgs/interbotix_perception_msgs/msg
[8.637s] -- Up-to-date: /home/inouemakoto/interbotix_ws/install/interbotix_perception_msgs/include/interbotix_perception_msgs/interbotix_perception_msgs/msg/rosidl_typesupport_introspection_c__visibility_control.h
[8.637s] -- Up-to-date: /home/inouemakoto/interbotix_ws/install/interbotix_perception_msgs/include/interbotix_perception_msgs/interbotix_perception_msgs/msg/detail
[8.637s] -- Up-to-date: /home/inouemakoto/interbotix_ws/install/interbotix_perception_msgs/include/interbotix_perception_msgs/interbotix_perception_msgs/msg/detail/cluster_info__rosidl_typesupport_introspection_c.h
[8.637s] -- Up-to-date: /home/inouemakoto/interbotix_ws/install/interbotix_perception_msgs/include/interbotix_perception_msgs/interbotix_perception_msgs/msg/detail/cluster_info__type_support.c
[8.637s] -- Up-to-date: /home/inouemakoto/interbotix_ws/install/interbotix_perception_msgs/lib/libinterbotix_perception_msgs__rosidl_typesupport_introspection_c.so
[8.637s] -- Up-to-date: /home/inouemakoto/interbotix_ws/install/interbotix_perception_msgs/lib/libinterbotix_perception_msgs__rosidl_typesupport_c.so
[8.638s] -- Up-to-date: /home/inouemakoto/interbotix_ws/install/interbotix_perception_msgs/include/interbotix_perception_msgs/interbotix_perception_msgs
[8.638s] -- Up-to-date: /home/inouemakoto/interbotix_ws/install/interbotix_perception_msgs/include/interbotix_perception_msgs/interbotix_perception_msgs/srv
[8.638s] -- Up-to-date: /home/inouemakoto/interbotix_ws/install/interbotix_perception_msgs/include/interbotix_perception_msgs/interbotix_perception_msgs/srv/cluster_info_array.hpp
[8.638s] -- Up-to-date: /home/inouemakoto/interbotix_ws/install/interbotix_perception_msgs/include/interbotix_perception_msgs/interbotix_perception_msgs/srv/snap_picture.hpp
[8.638s] -- Up-to-date: /home/inouemakoto/interbotix_ws/install/interbotix_perception_msgs/include/interbotix_perception_msgs/interbotix_perception_msgs/srv/filter_params.hpp
[8.639s] -- Up-to-date: /home/inouemakoto/interbotix_ws/install/interbotix_perception_msgs/include/interbotix_perception_msgs/interbotix_perception_msgs/srv/detail
[8.639s] -- Up-to-date: /home/inouemakoto/interbotix_ws/install/interbotix_perception_msgs/include/interbotix_perception_msgs/interbotix_perception_msgs/srv/detail/snap_picture__builder.hpp
[8.639s] -- Up-to-date: /home/inouemakoto/interbotix_ws/install/interbotix_perception_msgs/include/interbotix_perception_msgs/interbotix_perception_msgs/srv/detail/snap_picture__traits.hpp
[8.639s] -- Up-to-date: /home/inouemakoto/interbotix_ws/install/interbotix_perception_msgs/include/interbotix_perception_msgs/interbotix_perception_msgs/srv/detail/cluster_info_array__traits.hpp
[8.639s] -- Up-to-date: /home/inouemakoto/interbotix_ws/install/interbotix_perception_msgs/include/interbotix_perception_msgs/interbotix_perception_msgs/srv/detail/filter_params__traits.hpp
[8.640s] -- Up-to-date: /home/inouemakoto/interbotix_ws/install/interbotix_perception_msgs/include/interbotix_perception_msgs/interbotix_perception_msgs/srv/detail/snap_picture__struct.hpp
[8.640s] -- Up-to-date: /home/inouemakoto/interbotix_ws/install/interbotix_perception_msgs/include/interbotix_perception_msgs/interbotix_perception_msgs/srv/detail/filter_params__struct.hpp
[8.640s] -- Up-to-date: /home/inouemakoto/interbotix_ws/install/interbotix_perception_msgs/include/interbotix_perception_msgs/interbotix_perception_msgs/srv/detail/cluster_info_array__struct.hpp
[8.640s] -- Up-to-date: /home/inouemakoto/interbotix_ws/install/interbotix_perception_msgs/include/interbotix_perception_msgs/interbotix_perception_msgs/srv/detail/filter_params__builder.hpp
[8.640s] -- Up-to-date: /home/inouemakoto/interbotix_ws/install/interbotix_perception_msgs/include/interbotix_perception_msgs/interbotix_perception_msgs/srv/detail/cluster_info_array__builder.hpp
[8.641s] -- Up-to-date: /home/inouemakoto/interbotix_ws/install/interbotix_perception_msgs/include/interbotix_perception_msgs/interbotix_perception_msgs/msg
[8.641s] -- Up-to-date: /home/inouemakoto/interbotix_ws/install/interbotix_perception_msgs/include/interbotix_perception_msgs/interbotix_perception_msgs/msg/cluster_info.hpp
[8.641s] -- Up-to-date: /home/inouemakoto/interbotix_ws/install/interbotix_perception_msgs/include/interbotix_perception_msgs/interbotix_perception_msgs/msg/detail
[8.641s] -- Up-to-date: /home/inouemakoto/interbotix_ws/install/interbotix_perception_msgs/include/interbotix_perception_msgs/interbotix_perception_msgs/msg/detail/cluster_info__struct.hpp
[8.641s] -- Up-to-date: /home/inouemakoto/interbotix_ws/install/interbotix_perception_msgs/include/interbotix_perception_msgs/interbotix_perception_msgs/msg/detail/cluster_info__builder.hpp
[8.641s] -- Up-to-date: /home/inouemakoto/interbotix_ws/install/interbotix_perception_msgs/include/interbotix_perception_msgs/interbotix_perception_msgs/msg/detail/cluster_info__traits.hpp
[8.642s] -- Up-to-date: /home/inouemakoto/interbotix_ws/install/interbotix_perception_msgs/include/interbotix_perception_msgs/interbotix_perception_msgs
[8.642s] -- Up-to-date: /home/inouemakoto/interbotix_ws/install/interbotix_perception_msgs/include/interbotix_perception_msgs/interbotix_perception_msgs/srv
[8.642s] -- Up-to-date: /home/inouemakoto/interbotix_ws/install/interbotix_perception_msgs/include/interbotix_perception_msgs/interbotix_perception_msgs/srv/detail
[8.642s] -- Up-to-date: /home/inouemakoto/interbotix_ws/install/interbotix_perception_msgs/include/interbotix_perception_msgs/interbotix_perception_msgs/srv/detail/cluster_info_array__rosidl_typesupport_fastrtps_cpp.hpp
[8.642s] -- Up-to-date: /home/inouemakoto/interbotix_ws/install/interbotix_perception_msgs/include/interbotix_perception_msgs/interbotix_perception_msgs/srv/detail/filter_params__rosidl_typesupport_fastrtps_cpp.hpp
[8.642s] -- Up-to-date: /home/inouemakoto/interbotix_ws/install/interbotix_perception_msgs/include/interbotix_perception_msgs/interbotix_perception_msgs/srv/detail/dds_fastrtps
[8.642s] -- Up-to-date: /home/inouemakoto/interbotix_ws/install/interbotix_perception_msgs/include/interbotix_perception_msgs/interbotix_perception_msgs/srv/detail/snap_picture__rosidl_typesupport_fastrtps_cpp.hpp
[8.643s] -- Up-to-date: /home/inouemakoto/interbotix_ws/install/interbotix_perception_msgs/include/interbotix_perception_msgs/interbotix_perception_msgs/msg
[8.643s] -- Up-to-date: /home/inouemakoto/interbotix_ws/install/interbotix_perception_msgs/include/interbotix_perception_msgs/interbotix_perception_msgs/msg/rosidl_typesupport_fastrtps_cpp__visibility_control.h
[8.643s] -- Up-to-date: /home/inouemakoto/interbotix_ws/install/interbotix_perception_msgs/include/interbotix_perception_msgs/interbotix_perception_msgs/msg/detail
[8.643s] -- Up-to-date: /home/inouemakoto/interbotix_ws/install/interbotix_perception_msgs/include/interbotix_perception_msgs/interbotix_perception_msgs/msg/detail/dds_fastrtps
[8.643s] -- Up-to-date: /home/inouemakoto/interbotix_ws/install/interbotix_perception_msgs/include/interbotix_perception_msgs/interbotix_perception_msgs/msg/detail/cluster_info__rosidl_typesupport_fastrtps_cpp.hpp
[8.643s] -- Up-to-date: /home/inouemakoto/interbotix_ws/install/interbotix_perception_msgs/lib/libinterbotix_perception_msgs__rosidl_typesupport_fastrtps_cpp.so
[8.643s] -- Up-to-date: /home/inouemakoto/interbotix_ws/install/interbotix_perception_msgs/include/interbotix_perception_msgs/interbotix_perception_msgs
[8.643s] -- Up-to-date: /home/inouemakoto/interbotix_ws/install/interbotix_perception_msgs/include/interbotix_perception_msgs/interbotix_perception_msgs/srv
[8.644s] -- Up-to-date: /home/inouemakoto/interbotix_ws/install/interbotix_perception_msgs/include/interbotix_perception_msgs/interbotix_perception_msgs/srv/detail
[8.644s] -- Up-to-date: /home/inouemakoto/interbotix_ws/install/interbotix_perception_msgs/include/interbotix_perception_msgs/interbotix_perception_msgs/srv/detail/filter_params__type_support.cpp
[8.644s] -- Up-to-date: /home/inouemakoto/interbotix_ws/install/interbotix_perception_msgs/include/interbotix_perception_msgs/interbotix_perception_msgs/srv/detail/cluster_info_array__rosidl_typesupport_introspection_cpp.hpp
[8.644s] -- Up-to-date: /home/inouemakoto/interbotix_ws/install/interbotix_perception_msgs/include/interbotix_perception_msgs/interbotix_perception_msgs/srv/detail/snap_picture__rosidl_typesupport_introspection_cpp.hpp
[8.644s] -- Up-to-date: /home/inouemakoto/interbotix_ws/install/interbotix_perception_msgs/include/interbotix_perception_msgs/interbotix_perception_msgs/srv/detail/cluster_info_array__type_support.cpp
[8.644s] -- Up-to-date: /home/inouemakoto/interbotix_ws/install/interbotix_perception_msgs/include/interbotix_perception_msgs/interbotix_perception_msgs/srv/detail/snap_picture__type_support.cpp
[8.644s] -- Up-to-date: /home/inouemakoto/interbotix_ws/install/interbotix_perception_msgs/include/interbotix_perception_msgs/interbotix_perception_msgs/srv/detail/filter_params__rosidl_typesupport_introspection_cpp.hpp
[8.644s] -- Up-to-date: /home/inouemakoto/interbotix_ws/install/interbotix_perception_msgs/include/interbotix_perception_msgs/interbotix_perception_msgs/msg
[8.645s] -- Up-to-date: /home/inouemakoto/interbotix_ws/install/interbotix_perception_msgs/include/interbotix_perception_msgs/interbotix_perception_msgs/msg/detail
[8.645s] -- Up-to-date: /home/inouemakoto/interbotix_ws/install/interbotix_perception_msgs/include/interbotix_perception_msgs/interbotix_perception_msgs/msg/detail/cluster_info__rosidl_typesupport_introspection_cpp.hpp
[8.645s] -- Up-to-date: /home/inouemakoto/interbotix_ws/install/interbotix_perception_msgs/include/interbotix_perception_msgs/interbotix_perception_msgs/msg/detail/cluster_info__type_support.cpp
[8.645s] -- Up-to-date: /home/inouemakoto/interbotix_ws/install/interbotix_perception_msgs/lib/libinterbotix_perception_msgs__rosidl_typesupport_introspection_cpp.so
[8.645s] -- Up-to-date: /home/inouemakoto/interbotix_ws/install/interbotix_perception_msgs/lib/libinterbotix_perception_msgs__rosidl_typesupport_cpp.so
[8.645s] -- Up-to-date: /home/inouemakoto/interbotix_ws/install/interbotix_perception_msgs/share/interbotix_perception_msgs/environment/pythonpath.sh
[8.645s] -- Up-to-date: /home/inouemakoto/interbotix_ws/install/interbotix_perception_msgs/share/interbotix_perception_msgs/environment/pythonpath.dsv
[8.645s] -- Up-to-date: /home/inouemakoto/interbotix_ws/install/interbotix_perception_msgs/local/lib/python3.10/dist-packages/interbotix_perception_msgs-0.0.0-py3.10.egg-info
[8.646s] -- Installing: /home/inouemakoto/interbotix_ws/install/interbotix_perception_msgs/local/lib/python3.10/dist-packages/interbotix_perception_msgs-0.0.0-py3.10.egg-info/top_level.txt
[8.646s] -- Installing: /home/inouemakoto/interbotix_ws/install/interbotix_perception_msgs/local/lib/python3.10/dist-packages/interbotix_perception_msgs-0.0.0-py3.10.egg-info/dependency_links.txt
[8.646s] -- Installing: /home/inouemakoto/interbotix_ws/install/interbotix_perception_msgs/local/lib/python3.10/dist-packages/interbotix_perception_msgs-0.0.0-py3.10.egg-info/SOURCES.txt
[8.646s] -- Installing: /home/inouemakoto/interbotix_ws/install/interbotix_perception_msgs/local/lib/python3.10/dist-packages/interbotix_perception_msgs-0.0.0-py3.10.egg-info/PKG-INFO
[8.646s] -- Up-to-date: /home/inouemakoto/interbotix_ws/install/interbotix_perception_msgs/local/lib/python3.10/dist-packages/interbotix_perception_msgs
[8.646s] -- Up-to-date: /home/inouemakoto/interbotix_ws/install/interbotix_perception_msgs/local/lib/python3.10/dist-packages/interbotix_perception_msgs/interbotix_perception_msgs_s__rosidl_typesupport_introspection_c.cpython-310-x86_64-linux-gnu.so
[8.646s] -- Up-to-date: /home/inouemakoto/interbotix_ws/install/interbotix_perception_msgs/local/lib/python3.10/dist-packages/interbotix_perception_msgs/srv
[8.646s] -- Up-to-date: /home/inouemakoto/interbotix_ws/install/interbotix_perception_msgs/local/lib/python3.10/dist-packages/interbotix_perception_msgs/srv/_filter_params_s.c
[8.646s] -- Up-to-date: /home/inouemakoto/interbotix_ws/install/interbotix_perception_msgs/local/lib/python3.10/dist-packages/interbotix_perception_msgs/srv/_cluster_info_array_s.c
[8.647s] -- Up-to-date: /home/inouemakoto/interbotix_ws/install/interbotix_perception_msgs/local/lib/python3.10/dist-packages/interbotix_perception_msgs/srv/_snap_picture.py
[8.647s] -- Up-to-date: /home/inouemakoto/interbotix_ws/install/interbotix_perception_msgs/local/lib/python3.10/dist-packages/interbotix_perception_msgs/srv/_filter_params.py
[8.647s] -- Up-to-date: /home/inouemakoto/interbotix_ws/install/interbotix_perception_msgs/local/lib/python3.10/dist-packages/interbotix_perception_msgs/srv/__init__.py
[8.647s] -- Up-to-date: /home/inouemakoto/interbotix_ws/install/interbotix_perception_msgs/local/lib/python3.10/dist-packages/interbotix_perception_msgs/srv/_snap_picture_s.c
[8.647s] -- Up-to-date: /home/inouemakoto/interbotix_ws/install/interbotix_perception_msgs/local/lib/python3.10/dist-packages/interbotix_perception_msgs/srv/_cluster_info_array.py
[8.647s] -- Up-to-date: /home/inouemakoto/interbotix_ws/install/interbotix_perception_msgs/local/lib/python3.10/dist-packages/interbotix_perception_msgs/_interbotix_perception_msgs_s.ep.rosidl_typesupport_introspection_c.c
[8.647s] -- Up-to-date: /home/inouemakoto/interbotix_ws/install/interbotix_perception_msgs/local/lib/python3.10/dist-packages/interbotix_perception_msgs/msg
[8.648s] -- Up-to-date: /home/inouemakoto/interbotix_ws/install/interbotix_perception_msgs/local/lib/python3.10/dist-packages/interbotix_perception_msgs/msg/_cluster_info_s.c
[8.648s] -- Up-to-date: /home/inouemakoto/interbotix_ws/install/interbotix_perception_msgs/local/lib/python3.10/dist-packages/interbotix_perception_msgs/msg/__init__.py
[8.648s] -- Up-to-date: /home/inouemakoto/interbotix_ws/install/interbotix_perception_msgs/local/lib/python3.10/dist-packages/interbotix_perception_msgs/msg/_cluster_info.py
[8.648s] -- Up-to-date: /home/inouemakoto/interbotix_ws/install/interbotix_perception_msgs/local/lib/python3.10/dist-packages/interbotix_perception_msgs/_interbotix_perception_msgs_s.ep.rosidl_typesupport_fastrtps_c.c
[8.648s] -- Up-to-date: /home/inouemakoto/interbotix_ws/install/interbotix_perception_msgs/local/lib/python3.10/dist-packages/interbotix_perception_msgs/__init__.py
[8.648s] -- Up-to-date: /home/inouemakoto/interbotix_ws/install/interbotix_perception_msgs/local/lib/python3.10/dist-packages/interbotix_perception_msgs/libinterbotix_perception_msgs__rosidl_generator_py.so
[8.648s] -- Up-to-date: /home/inouemakoto/interbotix_ws/install/interbotix_perception_msgs/local/lib/python3.10/dist-packages/interbotix_perception_msgs/interbotix_perception_msgs_s__rosidl_typesupport_fastrtps_c.cpython-310-x86_64-linux-gnu.so
[8.648s] -- Up-to-date: /home/inouemakoto/interbotix_ws/install/interbotix_perception_msgs/local/lib/python3.10/dist-packages/interbotix_perception_msgs/_interbotix_perception_msgs_s.ep.rosidl_typesupport_c.c
[8.648s] -- Up-to-date: /home/inouemakoto/interbotix_ws/install/interbotix_perception_msgs/local/lib/python3.10/dist-packages/interbotix_perception_msgs/interbotix_perception_msgs_s__rosidl_typesupport_c.cpython-310-x86_64-linux-gnu.so
[8.707s] Listing '/home/inouemakoto/interbotix_ws/install/interbotix_perception_msgs/local/lib/python3.10/dist-packages/interbotix_perception_msgs'...
[8.707s] Listing '/home/inouemakoto/interbotix_ws/install/interbotix_perception_msgs/local/lib/python3.10/dist-packages/interbotix_perception_msgs/msg'...
[8.707s] Listing '/home/inouemakoto/interbotix_ws/install/interbotix_perception_msgs/local/lib/python3.10/dist-packages/interbotix_perception_msgs/srv'...
[8.715s] -- Up-to-date: /home/inouemakoto/interbotix_ws/install/interbotix_perception_msgs/local/lib/python3.10/dist-packages/interbotix_perception_msgs/interbotix_perception_msgs_s__rosidl_typesupport_fastrtps_c.cpython-310-x86_64-linux-gnu.so
[8.716s] -- Up-to-date: /home/inouemakoto/interbotix_ws/install/interbotix_perception_msgs/local/lib/python3.10/dist-packages/interbotix_perception_msgs/interbotix_perception_msgs_s__rosidl_typesupport_introspection_c.cpython-310-x86_64-linux-gnu.so
[8.716s] -- Up-to-date: /home/inouemakoto/interbotix_ws/install/interbotix_perception_msgs/local/lib/python3.10/dist-packages/interbotix_perception_msgs/interbotix_perception_msgs_s__rosidl_typesupport_c.cpython-310-x86_64-linux-gnu.so
[8.717s] -- Up-to-date: /home/inouemakoto/interbotix_ws/install/interbotix_perception_msgs/lib/libinterbotix_perception_msgs__rosidl_generator_py.so
[8.717s] -- Up-to-date: /home/inouemakoto/interbotix_ws/install/interbotix_perception_msgs/share/interbotix_perception_msgs/msg/ClusterInfo.idl
[8.717s] -- Up-to-date: /home/inouemakoto/interbotix_ws/install/interbotix_perception_msgs/share/interbotix_perception_msgs/srv/ClusterInfoArray.idl
[8.718s] -- Up-to-date: /home/inouemakoto/interbotix_ws/install/interbotix_perception_msgs/share/interbotix_perception_msgs/srv/FilterParams.idl
[8.718s] -- Up-to-date: /home/inouemakoto/interbotix_ws/install/interbotix_perception_msgs/share/interbotix_perception_msgs/srv/SnapPicture.idl
[8.718s] -- Up-to-date: /home/inouemakoto/interbotix_ws/install/interbotix_perception_msgs/share/interbotix_perception_msgs/msg/ClusterInfo.msg
[8.718s] -- Up-to-date: /home/inouemakoto/interbotix_ws/install/interbotix_perception_msgs/share/interbotix_perception_msgs/srv/ClusterInfoArray.srv
[8.719s] -- Up-to-date: /home/inouemakoto/interbotix_ws/install/interbotix_perception_msgs/share/interbotix_perception_msgs/srv/ClusterInfoArray_Request.msg
[8.719s] -- Up-to-date: /home/inouemakoto/interbotix_ws/install/interbotix_perception_msgs/share/interbotix_perception_msgs/srv/ClusterInfoArray_Response.msg
[8.719s] -- Up-to-date: /home/inouemakoto/interbotix_ws/install/interbotix_perception_msgs/share/interbotix_perception_msgs/srv/FilterParams.srv
[8.719s] -- Up-to-date: /home/inouemakoto/interbotix_ws/install/interbotix_perception_msgs/share/interbotix_perception_msgs/srv/FilterParams_Request.msg
[8.719s] -- Up-to-date: /home/inouemakoto/interbotix_ws/install/interbotix_perception_msgs/share/interbotix_perception_msgs/srv/FilterParams_Response.msg
[8.719s] -- Up-to-date: /home/inouemakoto/interbotix_ws/install/interbotix_perception_msgs/share/interbotix_perception_msgs/srv/SnapPicture.srv
[8.719s] -- Up-to-date: /home/inouemakoto/interbotix_ws/install/interbotix_perception_msgs/share/interbotix_perception_msgs/srv/SnapPicture_Request.msg
[8.719s] -- Up-to-date: /home/inouemakoto/interbotix_ws/install/interbotix_perception_msgs/share/interbotix_perception_msgs/srv/SnapPicture_Response.msg
[8.719s] -- Up-to-date: /home/inouemakoto/interbotix_ws/install/interbotix_perception_msgs/share/ament_index/resource_index/package_run_dependencies/interbotix_perception_msgs
[8.719s] -- Up-to-date: /home/inouemakoto/interbotix_ws/install/interbotix_perception_msgs/share/ament_index/resource_index/parent_prefix_path/interbotix_perception_msgs
[8.720s] -- Up-to-date: /home/inouemakoto/interbotix_ws/install/interbotix_perception_msgs/share/interbotix_perception_msgs/environment/ament_prefix_path.sh
[8.720s] -- Up-to-date: /home/inouemakoto/interbotix_ws/install/interbotix_perception_msgs/share/interbotix_perception_msgs/environment/ament_prefix_path.dsv
[8.720s] -- Up-to-date: /home/inouemakoto/interbotix_ws/install/interbotix_perception_msgs/share/interbotix_perception_msgs/environment/path.sh
[8.720s] -- Up-to-date: /home/inouemakoto/interbotix_ws/install/interbotix_perception_msgs/share/interbotix_perception_msgs/environment/path.dsv
[8.721s] -- Up-to-date: /home/inouemakoto/interbotix_ws/install/interbotix_perception_msgs/share/interbotix_perception_msgs/local_setup.bash
[8.721s] -- Up-to-date: /home/inouemakoto/interbotix_ws/install/interbotix_perception_msgs/share/interbotix_perception_msgs/local_setup.sh
[8.721s] -- Up-to-date: /home/inouemakoto/interbotix_ws/install/interbotix_perception_msgs/share/interbotix_perception_msgs/local_setup.zsh
[8.721s] -- Up-to-date: /home/inouemakoto/interbotix_ws/install/interbotix_perception_msgs/share/interbotix_perception_msgs/local_setup.dsv
[8.721s] -- Installing: /home/inouemakoto/interbotix_ws/install/interbotix_perception_msgs/share/interbotix_perception_msgs/package.dsv
[8.722s] -- Up-to-date: /home/inouemakoto/interbotix_ws/install/interbotix_perception_msgs/share/ament_index/resource_index/packages/interbotix_perception_msgs
[8.722s] -- Up-to-date: /home/inouemakoto/interbotix_ws/install/interbotix_perception_msgs/share/interbotix_perception_msgs/cmake/export_interbotix_perception_msgs__rosidl_generator_cExport.cmake
[8.722s] -- Up-to-date: /home/inouemakoto/interbotix_ws/install/interbotix_perception_msgs/share/interbotix_perception_msgs/cmake/export_interbotix_perception_msgs__rosidl_generator_cExport-noconfig.cmake
[8.722s] -- Up-to-date: /home/inouemakoto/interbotix_ws/install/interbotix_perception_msgs/share/interbotix_perception_msgs/cmake/export_interbotix_perception_msgs__rosidl_typesupport_fastrtps_cExport.cmake
[8.722s] -- Up-to-date: /home/inouemakoto/interbotix_ws/install/interbotix_perception_msgs/share/interbotix_perception_msgs/cmake/export_interbotix_perception_msgs__rosidl_typesupport_fastrtps_cExport-noconfig.cmake
[8.723s] -- Up-to-date: /home/inouemakoto/interbotix_ws/install/interbotix_perception_msgs/share/interbotix_perception_msgs/cmake/interbotix_perception_msgs__rosidl_typesupport_introspection_cExport.cmake
[8.723s] -- Up-to-date: /home/inouemakoto/interbotix_ws/install/interbotix_perception_msgs/share/interbotix_perception_msgs/cmake/interbotix_perception_msgs__rosidl_typesupport_introspection_cExport-noconfig.cmake
[8.723s] -- Up-to-date: /home/inouemakoto/interbotix_ws/install/interbotix_perception_msgs/share/interbotix_perception_msgs/cmake/interbotix_perception_msgs__rosidl_typesupport_cExport.cmake
[8.723s] -- Up-to-date: /home/inouemakoto/interbotix_ws/install/interbotix_perception_msgs/share/interbotix_perception_msgs/cmake/interbotix_perception_msgs__rosidl_typesupport_cExport-noconfig.cmake
[8.724s] -- Up-to-date: /home/inouemakoto/interbotix_ws/install/interbotix_perception_msgs/share/interbotix_perception_msgs/cmake/export_interbotix_perception_msgs__rosidl_generator_cppExport.cmake
[8.724s] -- Up-to-date: /home/inouemakoto/interbotix_ws/install/interbotix_perception_msgs/share/interbotix_perception_msgs/cmake/export_interbotix_perception_msgs__rosidl_typesupport_fastrtps_cppExport.cmake
[8.725s] -- Up-to-date: /home/inouemakoto/interbotix_ws/install/interbotix_perception_msgs/share/interbotix_perception_msgs/cmake/export_interbotix_perception_msgs__rosidl_typesupport_fastrtps_cppExport-noconfig.cmake
[8.725s] -- Up-to-date: /home/inouemakoto/interbotix_ws/install/interbotix_perception_msgs/share/interbotix_perception_msgs/cmake/interbotix_perception_msgs__rosidl_typesupport_introspection_cppExport.cmake
[8.725s] -- Up-to-date: /home/inouemakoto/interbotix_ws/install/interbotix_perception_msgs/share/interbotix_perception_msgs/cmake/interbotix_perception_msgs__rosidl_typesupport_introspection_cppExport-noconfig.cmake
[8.725s] -- Up-to-date: /home/inouemakoto/interbotix_ws/install/interbotix_perception_msgs/share/interbotix_perception_msgs/cmake/interbotix_perception_msgs__rosidl_typesupport_cppExport.cmake
[8.725s] -- Up-to-date: /home/inouemakoto/interbotix_ws/install/interbotix_perception_msgs/share/interbotix_perception_msgs/cmake/interbotix_perception_msgs__rosidl_typesupport_cppExport-noconfig.cmake
[8.725s] -- Up-to-date: /home/inouemakoto/interbotix_ws/install/interbotix_perception_msgs/share/interbotix_perception_msgs/cmake/export_interbotix_perception_msgs__rosidl_generator_pyExport.cmake
[8.726s] -- Up-to-date: /home/inouemakoto/interbotix_ws/install/interbotix_perception_msgs/share/interbotix_perception_msgs/cmake/export_interbotix_perception_msgs__rosidl_generator_pyExport-noconfig.cmake
[8.726s] -- Up-to-date: /home/inouemakoto/interbotix_ws/install/interbotix_perception_msgs/share/interbotix_perception_msgs/cmake/rosidl_cmake-extras.cmake
[8.726s] -- Up-to-date: /home/inouemakoto/interbotix_ws/install/interbotix_perception_msgs/share/interbotix_perception_msgs/cmake/ament_cmake_export_dependencies-extras.cmake
[8.726s] -- Up-to-date: /home/inouemakoto/interbotix_ws/install/interbotix_perception_msgs/share/interbotix_perception_msgs/cmake/ament_cmake_export_include_directories-extras.cmake
[8.726s] -- Up-to-date: /home/inouemakoto/interbotix_ws/install/interbotix_perception_msgs/share/interbotix_perception_msgs/cmake/ament_cmake_export_libraries-extras.cmake
[8.727s] -- Up-to-date: /home/inouemakoto/interbotix_ws/install/interbotix_perception_msgs/share/interbotix_perception_msgs/cmake/ament_cmake_export_targets-extras.cmake
[8.727s] -- Up-to-date: /home/inouemakoto/interbotix_ws/install/interbotix_perception_msgs/share/interbotix_perception_msgs/cmake/rosidl_cmake_export_typesupport_targets-extras.cmake
[8.728s] -- Up-to-date: /home/inouemakoto/interbotix_ws/install/interbotix_perception_msgs/share/interbotix_perception_msgs/cmake/rosidl_cmake_export_typesupport_libraries-extras.cmake
[8.728s] -- Up-to-date: /home/inouemakoto/interbotix_ws/install/interbotix_perception_msgs/share/interbotix_perception_msgs/cmake/interbotix_perception_msgsConfig.cmake
[8.728s] -- Up-to-date: /home/inouemakoto/interbotix_ws/install/interbotix_perception_msgs/share/interbotix_perception_msgs/cmake/interbotix_perception_msgsConfig-version.cmake
[8.728s] -- Up-to-date: /home/inouemakoto/interbotix_ws/install/interbotix_perception_msgs/share/interbotix_perception_msgs/package.xml
[10.207s] Invoked command in '/home/inouemakoto/interbotix_ws/build/interbotix_perception_msgs' returned '0': CMAKE_PREFIX_PATH=${CMAKE_PREFIX_PATH}:/home/inouemakoto/interbotix_ws/install/yolov5_ros2:/home/inouemakoto/interbotix_ws/install/interbotix_landmark_modules:/home/inouemakoto/interbotix_ws/install/interbotix_perception_modules:/home/inouemakoto/interbotix_ws/install/pick_vision:/home/inouemakoto/interbotix_ws/install/moveit_service:/home/inouemakoto/interbotix_ws/install/opencv_tests:/home/inouemakoto/interbotix_ws/install/opencv_ros2:/home/inouemakoto/interbotix_ws/install/makoto:/home/inouemakoto/interbotix_ws/install/interbotix_xs_modules:/home/inouemakoto/interbotix_ws/install/interbotix_rpi_modules:/home/inouemakoto/interbotix_ws/install/interbotix_common_modules:/home/inouemakoto/interbotix_ws/install/camera:/home/inouemakoto/ws_moveit2/install/moveit_configs_utils:/home/inouemakoto/ws_moveit2/install/launch_param_builder:/home/inouemakoto/install/moveit_service:/home/inouemakoto/install/interbotix_xs_modules:/home/inouemakoto/install/interbotix_moveit_interface_msgs:/home/inouemakoto/install/interbotix_common_modules:/home/inouemakoto/install/camera:/opt/ros/humble /usr/bin/cmake --install /home/inouemakoto/interbotix_ws/build/interbotix_perception_msgs
