[0.350s] Invoking command in '/home/inouemakoto/interbotix_ws/build/interbotix_common_sim': CMAKE_PREFIX_PATH=${CMAKE_PREFIX_PATH}:/home/inouemakoto/interbotix_ws/install/vx300s_moveit_config:/home/inouemakoto/interbotix_ws/install/moveit_service:/home/inouemakoto/interbotix_ws/install/moveit_interbotix_test1:/home/inouemakoto/interbotix_ws/install/move_group_node:/home/inouemakoto/interbotix_ws/install/interbotix_xs_modules:/home/inouemakoto/interbotix_ws/install/interbotix_common_modules:/home/inouemakoto/ws_moveit2/install/moveit_configs_utils:/home/inouemakoto/ws_moveit2/install/launch_param_builder:/home/inouemakoto/install/interbotix_xs_modules:/home/inouemakoto/install/interbotix_common_modules:/opt/ros/humble /usr/bin/cmake --build /home/inouemakoto/interbotix_ws/build/interbotix_common_sim -- -j20 -l20
[0.773s] Invoked command in '/home/inouemakoto/interbotix_ws/build/interbotix_common_sim' returned '0': CMAKE_PREFIX_PATH=${CMAKE_PREFIX_PATH}:/home/inouemakoto/interbotix_ws/install/vx300s_moveit_config:/home/inouemakoto/interbotix_ws/install/moveit_service:/home/inouemakoto/interbotix_ws/install/moveit_interbotix_test1:/home/inouemakoto/interbotix_ws/install/move_group_node:/home/inouemakoto/interbotix_ws/install/interbotix_xs_modules:/home/inouemakoto/interbotix_ws/install/interbotix_common_modules:/home/inouemakoto/ws_moveit2/install/moveit_configs_utils:/home/inouemakoto/ws_moveit2/install/launch_param_builder:/home/inouemakoto/install/interbotix_xs_modules:/home/inouemakoto/install/interbotix_common_modules:/opt/ros/humble /usr/bin/cmake --build /home/inouemakoto/interbotix_ws/build/interbotix_common_sim -- -j20 -l20
[0.838s] Invoking command in '/home/inouemakoto/interbotix_ws/build/interbotix_common_sim': CMAKE_PREFIX_PATH=${CMAKE_PREFIX_PATH}:/home/inouemakoto/interbotix_ws/install/vx300s_moveit_config:/home/inouemakoto/interbotix_ws/install/moveit_service:/home/inouemakoto/interbotix_ws/install/moveit_interbotix_test1:/home/inouemakoto/interbotix_ws/install/move_group_node:/home/inouemakoto/interbotix_ws/install/interbotix_xs_modules:/home/inouemakoto/interbotix_ws/install/interbotix_common_modules:/home/inouemakoto/ws_moveit2/install/moveit_configs_utils:/home/inouemakoto/ws_moveit2/install/launch_param_builder:/home/inouemakoto/install/interbotix_xs_modules:/home/inouemakoto/install/interbotix_common_modules:/opt/ros/humble /usr/bin/cmake --install /home/inouemakoto/interbotix_ws/build/interbotix_common_sim
[0.859s] -- Install configuration: "Debug"
[0.860s] -- Execute custom install script
[0.861s] -- Up-to-date symlink: /home/inouemakoto/interbotix_ws/install/interbotix_common_sim/share/interbotix_common_sim/models/RealSenseD415/RealSenseD415.sdf
[0.862s] -- Up-to-date symlink: /home/inouemakoto/interbotix_ws/install/interbotix_common_sim/share/interbotix_common_sim/models/RealSenseD415/camera.stl
[0.862s] -- Up-to-date symlink: /home/inouemakoto/interbotix_ws/install/interbotix_common_sim/share/interbotix_common_sim/models/RealSenseD415/model.config
[0.862s] -- Up-to-date symlink: /home/inouemakoto/interbotix_ws/install/interbotix_common_sim/share/interbotix_common_sim/models/TrossenRoboticsOfficeBuilding/TrossenRoboticsOfficeBuilding.sdf
[0.863s] -- Up-to-date symlink: /home/inouemakoto/interbotix_ws/install/interbotix_common_sim/share/interbotix_common_sim/models/TrossenRoboticsOfficeBuilding/model.config
[0.863s] -- Up-to-date symlink: /home/inouemakoto/interbotix_ws/install/interbotix_common_sim/share/interbotix_common_sim/models/VisionKit/VisionKit.sdf
[0.863s] -- Up-to-date symlink: /home/inouemakoto/interbotix_ws/install/interbotix_common_sim/share/interbotix_common_sim/models/VisionKit/model.config
[0.863s] -- Up-to-date symlink: /home/inouemakoto/interbotix_ws/install/interbotix_common_sim/share/interbotix_common_sim/models/VisionKit/stand.stl
[0.864s] -- Up-to-date symlink: /home/inouemakoto/interbotix_ws/install/interbotix_common_sim/share/interbotix_common_sim/worlds/interbotix.world
[0.864s] -- Up-to-date symlink: /home/inouemakoto/interbotix_ws/install/interbotix_common_sim/share/interbotix_common_sim/worlds/vision_kit.world
[0.867s] -- Up-to-date symlink: /home/inouemakoto/interbotix_ws/install/interbotix_common_sim/share/interbotix_common_sim/media/interbotix_black.png
[0.868s] -- Up-to-date symlink: /home/inouemakoto/interbotix_ws/install/interbotix_common_sim/share/interbotix_common_sim/media/materials/scripts/interbotix_black.material
[0.868s] -- Up-to-date symlink: /home/inouemakoto/interbotix_ws/install/interbotix_common_sim/share/interbotix_common_sim/media/materials/scripts/interbotix_texture.gazebo
[0.868s] -- Up-to-date symlink: /home/inouemakoto/interbotix_ws/install/interbotix_common_sim/share/interbotix_common_sim/media/materials/textures/interbotix_black.png
[0.868s] -- Up-to-date symlink: /home/inouemakoto/interbotix_ws/install/interbotix_common_sim/share/ament_index/resource_index/package_run_dependencies/interbotix_common_sim
[0.869s] -- Up-to-date symlink: /home/inouemakoto/interbotix_ws/install/interbotix_common_sim/share/ament_index/resource_index/parent_prefix_path/interbotix_common_sim
[0.869s] -- Up-to-date symlink: /home/inouemakoto/interbotix_ws/install/interbotix_common_sim/share/interbotix_common_sim/environment/ament_prefix_path.sh
[0.870s] -- Up-to-date symlink: /home/inouemakoto/interbotix_ws/install/interbotix_common_sim/share/interbotix_common_sim/environment/ament_prefix_path.dsv
[0.870s] -- Up-to-date symlink: /home/inouemakoto/interbotix_ws/install/interbotix_common_sim/share/interbotix_common_sim/environment/path.sh
[0.870s] -- Up-to-date symlink: /home/inouemakoto/interbotix_ws/install/interbotix_common_sim/share/interbotix_common_sim/environment/path.dsv
[0.871s] -- Up-to-date symlink: /home/inouemakoto/interbotix_ws/install/interbotix_common_sim/share/interbotix_common_sim/local_setup.bash
[0.871s] -- Up-to-date symlink: /home/inouemakoto/interbotix_ws/install/interbotix_common_sim/share/interbotix_common_sim/local_setup.sh
[0.872s] -- Up-to-date symlink: /home/inouemakoto/interbotix_ws/install/interbotix_common_sim/share/interbotix_common_sim/local_setup.zsh
[0.872s] -- Up-to-date symlink: /home/inouemakoto/interbotix_ws/install/interbotix_common_sim/share/interbotix_common_sim/local_setup.dsv
[0.872s] -- Symlinking: /home/inouemakoto/interbotix_ws/install/interbotix_common_sim/share/interbotix_common_sim/package.dsv
[0.896s] -- Up-to-date symlink: /home/inouemakoto/interbotix_ws/install/interbotix_common_sim/share/ament_index/resource_index/packages/interbotix_common_sim
[0.897s] -- Up-to-date symlink: /home/inouemakoto/interbotix_ws/install/interbotix_common_sim/share/interbotix_common_sim/cmake/interbotix_common_simConfig.cmake
[0.897s] -- Up-to-date symlink: /home/inouemakoto/interbotix_ws/install/interbotix_common_sim/share/interbotix_common_sim/cmake/interbotix_common_simConfig-version.cmake
[0.897s] -- Up-to-date symlink: /home/inouemakoto/interbotix_ws/install/interbotix_common_sim/share/interbotix_common_sim/package.xml
[0.923s] Invoked command in '/home/inouemakoto/interbotix_ws/build/interbotix_common_sim' returned '0': CMAKE_PREFIX_PATH=${CMAKE_PREFIX_PATH}:/home/inouemakoto/interbotix_ws/install/vx300s_moveit_config:/home/inouemakoto/interbotix_ws/install/moveit_service:/home/inouemakoto/interbotix_ws/install/moveit_interbotix_test1:/home/inouemakoto/interbotix_ws/install/move_group_node:/home/inouemakoto/interbotix_ws/install/interbotix_xs_modules:/home/inouemakoto/interbotix_ws/install/interbotix_common_modules:/home/inouemakoto/ws_moveit2/install/moveit_configs_utils:/home/inouemakoto/ws_moveit2/install/launch_param_builder:/home/inouemakoto/install/interbotix_xs_modules:/home/inouemakoto/install/interbotix_common_modules:/opt/ros/humble /usr/bin/cmake --install /home/inouemakoto/interbotix_ws/build/interbotix_common_sim
