[1.657s] Invoking command in '/home/inouemakoto/interbotix_ws/build/graph_msgs': CMAKE_PREFIX_PATH=${CMAKE_PREFIX_PATH}:/home/inouemakoto/interbotix_ws/install/interbotix_moveit_interface:/home/inouemakoto/interbotix_ws/install/moveit_service:/home/inouemakoto/interbotix_ws/install/makoto:/home/inouemakoto/interbotix_ws/install/interbotix_xs_modules:/home/inouemakoto/interbotix_ws/install/interbotix_rpi_modules:/home/inouemakoto/interbotix_ws/install/interbotix_common_modules:/home/inouemakoto/ws_moveit2/install/moveit_configs_utils:/home/inouemakoto/ws_moveit2/install/launch_param_builder:/home/inouemakoto/install/moveit_service:/home/inouemakoto/install/interbotix_xs_modules:/home/inouemakoto/install/interbotix_common_modules:/opt/ros/humble /usr/bin/cmake --build /home/inouemakoto/interbotix_ws/build/graph_msgs -- -j20 -l20
[2.372s] [ 10%] Built target graph_msgs__rosidl_generator_c
[2.372s] [ 12%] Built target graph_msgs__cpp
[2.373s] [ 12%] Built target ament_cmake_python_copy_graph_msgs
[2.373s] [ 23%] Built target graph_msgs__rosidl_typesupport_fastrtps_c
[2.373s] [ 33%] Built target graph_msgs__rosidl_typesupport_introspection_c
[2.373s] [ 43%] Built target graph_msgs__rosidl_typesupport_c
[2.373s] [ 53%] Built target graph_msgs__rosidl_typesupport_fastrtps_cpp
[2.374s] [ 64%] Built target graph_msgs__rosidl_typesupport_introspection_cpp
[2.374s] [ 74%] Built target graph_msgs__rosidl_typesupport_cpp
[2.375s] [ 74%] Built target graph_msgs
[2.375s] [ 76%] Built target graph_msgs__py
[2.375s] [ 84%] Built target graph_msgs__rosidl_generator_py
[2.376s] [ 89%] Built target graph_msgs__rosidl_typesupport_introspection_c__pyext
[2.377s] [ 94%] Built target graph_msgs__rosidl_typesupport_c__pyext
[2.377s] [100%] Built target graph_msgs__rosidl_typesupport_fastrtps_c__pyext
[2.377s] running egg_info
[2.377s] writing graph_msgs.egg-info/PKG-INFO
[2.378s] writing dependency_links to graph_msgs.egg-info/dependency_links.txt
[2.378s] writing top-level names to graph_msgs.egg-info/top_level.txt
[2.378s] reading manifest file 'graph_msgs.egg-info/SOURCES.txt'
[2.378s] writing manifest file 'graph_msgs.egg-info/SOURCES.txt'
[2.378s] [100%] Built target ament_cmake_python_build_graph_msgs_egg
[2.410s] Invoked command in '/home/inouemakoto/interbotix_ws/build/graph_msgs' returned '0': CMAKE_PREFIX_PATH=${CMAKE_PREFIX_PATH}:/home/inouemakoto/interbotix_ws/install/interbotix_moveit_interface:/home/inouemakoto/interbotix_ws/install/moveit_service:/home/inouemakoto/interbotix_ws/install/makoto:/home/inouemakoto/interbotix_ws/install/interbotix_xs_modules:/home/inouemakoto/interbotix_ws/install/interbotix_rpi_modules:/home/inouemakoto/interbotix_ws/install/interbotix_common_modules:/home/inouemakoto/ws_moveit2/install/moveit_configs_utils:/home/inouemakoto/ws_moveit2/install/launch_param_builder:/home/inouemakoto/install/moveit_service:/home/inouemakoto/install/interbotix_xs_modules:/home/inouemakoto/install/interbotix_common_modules:/opt/ros/humble /usr/bin/cmake --build /home/inouemakoto/interbotix_ws/build/graph_msgs -- -j20 -l20
