[0.261s] Invoking command in '/home/inouemakoto/interbotix_ws/build/rviz_visual_tools': CMAKE_PREFIX_PATH=${CMAKE_PREFIX_PATH}:/opt/ros/humble /usr/bin/cmake /home/inouemakoto/interbotix_ws/rviz_visual_tools -DCMAKE_INSTALL_PREFIX=/home/inouemakoto/interbotix_ws/install/rviz_visual_tools
[0.309s] -- The C compiler identification is GNU 11.3.0
[0.368s] -- The CXX compiler identification is GNU 11.3.0
[0.373s] -- Detecting C compiler ABI info
[0.428s] -- Detecting C compiler ABI info - done
[0.437s] -- Check for working C compiler: /usr/bin/cc - skipped
[0.437s] -- Detecting C compile features
[0.437s] -- Detecting C compile features - done
[0.438s] -- Detecting CXX compiler ABI info
[0.501s] -- Detecting CXX compiler ABI info - done
[0.509s] -- Check for working CXX compiler: /usr/bin/c++ - skipped
[0.509s] -- Detecting CXX compile features
[0.509s] -- Detecting CXX compile features - done
[0.513s] -- Found ament_cmake: 1.3.4 (/opt/ros/humble/share/ament_cmake/cmake)
[0.668s] -- Found Python3: /usr/bin/python3.10 (found version "3.10.6") found components: Interpreter 
[0.762s] -- Found rclcpp: 16.0.4 (/opt/ros/humble/share/rclcpp/cmake)
[0.803s] -- Found rosidl_generator_c: 3.1.4 (/opt/ros/humble/share/rosidl_generator_c/cmake)
[0.807s] -- Found rosidl_adapter: 3.1.4 (/opt/ros/humble/share/rosidl_adapter/cmake)
[0.815s] -- Found rosidl_generator_cpp: 3.1.4 (/opt/ros/humble/share/rosidl_generator_cpp/cmake)
[0.824s] -- Using all available rosidl_typesupport_c: rosidl_typesupport_fastrtps_c;rosidl_typesupport_introspection_c
[0.839s] -- Using all available rosidl_typesupport_cpp: rosidl_typesupport_fastrtps_cpp;rosidl_typesupport_introspection_cpp
[0.896s] -- Found rmw_implementation_cmake: 6.1.1 (/opt/ros/humble/share/rmw_implementation_cmake/cmake)
[0.898s] -- Found rmw_fastrtps_cpp: 6.2.2 (/opt/ros/humble/share/rmw_fastrtps_cpp/cmake)
[0.972s] -- Found OpenSSL: /usr/lib/x86_64-linux-gnu/libcrypto.so (found version "3.0.2")  
[1.012s] -- Found FastRTPS: /opt/ros/humble/include  
[1.058s] -- Using RMW implementation 'rmw_fastrtps_cpp' as default
[1.066s] -- Looking for pthread.h
[1.117s] -- Looking for pthread.h - found
[1.117s] -- Performing Test CMAKE_HAVE_LIBC_PTHREAD
[1.171s] -- Performing Test CMAKE_HAVE_LIBC_PTHREAD - Success
[1.172s] -- Found Threads: TRUE  
[1.337s] -- Found rclcpp_components: 16.0.4 (/opt/ros/humble/share/rclcpp_components/cmake)
[1.393s] -- Found rviz_ogre_vendor: 11.2.5 (/opt/ros/humble/share/rviz_ogre_vendor/cmake)
[1.393s] -- Setting OGRE_DIR to: '/opt/ros/humble/share/rviz_ogre_vendor/cmake/../../../opt/rviz_ogre_vendor/lib/OGRE/cmake'
[1.394s] -- Found OGRE
[1.394s] --   static     : OFF
[1.394s] --   components : HLMS;MeshLodGenerator;Overlay;Paging;Property;RTShaderSystem;Terrain;Volume
[1.394s] --   plugins    : Plugin_BSPSceneManager;Plugin_OctreeSceneManager;Plugin_PCZSceneManager;Plugin_ParticleFX;RenderSystem_GL;RenderSystem_GL3Plus;Codec_STBI
[1.394s] --   media      : /opt/ros/humble/opt/rviz_ogre_vendor/share/OGRE/Media
[1.394s] -- OGRE_LIBRARIES: OgreHLMS;OgreMeshLodGenerator;OgreOverlay;OgrePaging;OgreProperty;OgreRTShaderSystem;OgreTerrain;OgreVolume;OgreMain
[1.394s] -- OGRE_LIBRARY_DIRS: /opt/ros/humble/opt/rviz_ogre_vendor/lib
[1.394s] -- OGRE_PLUGINS: Plugin_BSPSceneManager;Plugin_OctreeSceneManager;Plugin_PCZSceneManager;Plugin_ParticleFX;RenderSystem_GL;RenderSystem_GL3Plus;Codec_STBI
[1.394s] -- OGRE_PLUGIN_DIR: /opt/ros/humble/opt/rviz_ogre_vendor/lib/OGRE
[1.394s] -- rviz_ogre_vendor::OgreOverlay for IMPORTED_LOCATION_RELEASE: /opt/ros/humble/opt/rviz_ogre_vendor/lib/libOgreOverlay.so
[1.394s] -- rviz_ogre_vendor::OgreOverlay for IMPORTED_LOCATION_DEBUG: /opt/ros/humble/opt/rviz_ogre_vendor/lib/libOgreOverlay.so
[1.394s] -- rviz_ogre_vendor::OgreMain for IMPORTED_LOCATION_RELEASE: /opt/ros/humble/opt/rviz_ogre_vendor/lib/libOgreMain.so
[1.394s] -- rviz_ogre_vendor::OgreMain for IMPORTED_LOCATION_DEBUG: /opt/ros/humble/opt/rviz_ogre_vendor/lib/libOgreMain.so
[1.407s] -- Found ZLIB: /usr/lib/x86_64-linux-gnu/libz.so (found version "1.2.11") 
[1.411s] -- Found OpenGL: /usr/lib/x86_64-linux-gnu/libOpenGL.so   
[1.462s] -- Found X11: /usr/include   
[1.462s] -- Looking for XOpenDisplay in /usr/lib/x86_64-linux-gnu/libX11.so;/usr/lib/x86_64-linux-gnu/libXext.so
[1.507s] -- Looking for XOpenDisplay in /usr/lib/x86_64-linux-gnu/libX11.so;/usr/lib/x86_64-linux-gnu/libXext.so - found
[1.508s] -- Looking for gethostbyname
[1.557s] -- Looking for gethostbyname - found
[1.557s] -- Looking for connect
[1.604s] -- Looking for connect - found
[1.604s] -- Looking for remove
[1.652s] -- Looking for remove - found
[1.652s] -- Looking for shmat
[1.699s] -- Looking for shmat - found
[1.699s] -- Looking for IceConnectionNumber in ICE
[1.747s] -- Looking for IceConnectionNumber in ICE - found
[1.750s] -- rviz_ogre_vendor::RenderSystem_GL for IMPORTED_LOCATION_RELEASE: _render_system_gl_static_library_abs-NOTFOUND
[1.750s] -- rviz_ogre_vendor::RenderSystem_GL for IMPORTED_LOCATION_DEBUG: _render_system_gl_static_library_abs-NOTFOUND
[1.753s] -- Found sensor_msgs: 4.2.3 (/opt/ros/humble/share/sensor_msgs/cmake)
[1.895s] -- Found shape_msgs: 4.2.3 (/opt/ros/humble/share/shape_msgs/cmake)
[1.947s] -- Found visualization_msgs: 4.2.3 (/opt/ros/humble/share/visualization_msgs/cmake)
[2.054s] -- Found trajectory_msgs: 4.2.3 (/opt/ros/humble/share/trajectory_msgs/cmake)
[2.133s] -- Found eigen3_cmake_module: 0.1.1 (/opt/ros/humble/share/eigen3_cmake_module/cmake)
[2.135s] -- Found eigen_stl_containers: 1.0.0 (/opt/ros/humble/share/eigen_stl_containers/cmake)
[2.146s] -- Found Eigen3: TRUE (found version "3.4.0") 
[2.149s] -- Found PkgConfig: /usr/bin/pkg-config (found version "0.29.2") 
[2.151s] -- Found tf2: 0.25.2 (/opt/ros/humble/share/tf2/cmake)
[2.159s] -- Found tf2_eigen: 0.25.2 (/opt/ros/humble/share/tf2_eigen/cmake)
[2.427s] -- Found tf2_geometry_msgs: 0.25.2 (/opt/ros/humble/share/tf2_geometry_msgs/cmake)
[2.436s] -- Ensuring Eigen3 include directory is part of orocos-kdl CMake target
[2.447s] -- Found pluginlib: 5.1.0 (/opt/ros/humble/share/pluginlib/cmake)
[2.464s] -- Found interactive_markers: 2.3.2 (/opt/ros/humble/share/interactive_markers/cmake)
[2.481s] -- Found rviz_common: 11.2.5 (/opt/ros/humble/share/rviz_common/cmake)
[2.583s] -- library: /usr/lib/x86_64-linux-gnu/libcurl.so
[2.661s] -- Found rviz_default_plugins: 11.2.5 (/opt/ros/humble/share/rviz_default_plugins/cmake)
[3.184s] -- Found ament_cmake_gtest: 1.3.4 (/opt/ros/humble/share/ament_cmake_gtest/cmake)
[3.186s] -- Found gtest sources under '/opt/ros/humble/src/gtest_vendor': C++ tests using 'Google Test' will be built
[3.261s] -- Configuring done
[3.357s] -- Generating done
[3.360s] -- Build files have been written to: /home/inouemakoto/interbotix_ws/build/rviz_visual_tools
[3.376s] Invoked command in '/home/inouemakoto/interbotix_ws/build/rviz_visual_tools' returned '0': CMAKE_PREFIX_PATH=${CMAKE_PREFIX_PATH}:/opt/ros/humble /usr/bin/cmake /home/inouemakoto/interbotix_ws/rviz_visual_tools -DCMAKE_INSTALL_PREFIX=/home/inouemakoto/interbotix_ws/install/rviz_visual_tools
[3.379s] Invoking command in '/home/inouemakoto/interbotix_ws/build/rviz_visual_tools': CMAKE_PREFIX_PATH=${CMAKE_PREFIX_PATH}:/opt/ros/humble /usr/bin/cmake --build /home/inouemakoto/interbotix_ws/build/rviz_visual_tools -- -j20 -l20
[3.423s] [ 10%] [34m[1mAutomatic MOC for target rviz_visual_tools_gui[0m
[3.423s] [ 10%] [34m[1mAutomatic MOC for target rviz_visual_tools_remote_control[0m
[3.423s] [ 10%] [34m[1mAutomatic MOC for target gtest[0m
[3.423s] [ 10%] [34m[1mAutomatic MOC for target gtest_main[0m
[3.441s] [ 10%] Built target gtest_autogen
[3.441s] [ 10%] Built target gtest_main_autogen
[3.444s] [ 10%] Built target rviz_visual_tools_remote_control_autogen
[3.458s] [ 12%] [32mBuilding CXX object gtest/CMakeFiles/gtest.dir/gtest_autogen/mocs_compilation.cpp.o[0m
[3.459s] [ 15%] [32mBuilding CXX object gtest/CMakeFiles/gtest_main.dir/gtest_main_autogen/mocs_compilation.cpp.o[0m
[3.460s] [ 17%] [32mBuilding CXX object gtest/CMakeFiles/gtest.dir/src/gtest-all.cc.o[0m
[3.462s] [ 20%] [32mBuilding CXX object gtest/CMakeFiles/gtest_main.dir/src/gtest_main.cc.o[0m
[3.468s] [ 23%] [32mBuilding CXX object CMakeFiles/rviz_visual_tools_remote_control.dir/src/remote_control.cpp.o[0m
[3.469s] [ 25%] [32mBuilding CXX object CMakeFiles/rviz_visual_tools_remote_control.dir/rviz_visual_tools_remote_control_autogen/mocs_compilation.cpp.o[0m
[3.724s] [ 25%] Built target rviz_visual_tools_gui_autogen
[3.745s] [ 28%] [32mBuilding CXX object CMakeFiles/rviz_visual_tools_gui.dir/src/rviz_visual_tools_gui.cpp.o[0m
[3.746s] [ 35%] [32mBuilding CXX object CMakeFiles/rviz_visual_tools_gui.dir/src/remote_control.cpp.o[0m
[3.746s] [ 35%] [32mBuilding CXX object CMakeFiles/rviz_visual_tools_gui.dir/rviz_visual_tools_gui_autogen/mocs_compilation.cpp.o[0m
[3.746s] [ 35%] [32mBuilding CXX object CMakeFiles/rviz_visual_tools_gui.dir/src/key_tool.cpp.o[0m
[4.205s] [ 38%] [32m[1mLinking CXX static library libgtest_main.a[0m
[4.250s] [ 38%] Built target gtest_main
[6.575s] [ 41%] [32m[1mLinking CXX static library libgtest.a[0m
[6.634s] [ 41%] Built target gtest
[12.497s] [ 43%] [32m[1mLinking CXX shared library librviz_visual_tools_remote_control.so[0m
[12.873s] [ 43%] Built target rviz_visual_tools_remote_control
[12.887s] [ 46%] [34m[1mAutomatic MOC for target rviz_visual_tools[0m
[12.902s] [ 46%] Built target rviz_visual_tools_autogen
[12.917s] [ 53%] [32mBuilding CXX object CMakeFiles/rviz_visual_tools.dir/rviz_visual_tools_autogen/mocs_compilation.cpp.o[0m
[12.917s] [ 53%] [32mBuilding CXX object CMakeFiles/rviz_visual_tools.dir/src/tf_visual_tools.cpp.o[0m
[12.917s] [ 53%] [32mBuilding CXX object CMakeFiles/rviz_visual_tools.dir/src/rviz_visual_tools.cpp.o[0m
[13.414s] [ 56%] [32m[1mLinking CXX shared library librviz_visual_tools_gui.so[0m
[16.305s] [ 56%] Built target rviz_visual_tools_gui
[27.064s] [ 58%] [32m[1mLinking CXX shared library librviz_visual_tools.so[0m
[27.637s] [ 58%] Built target rviz_visual_tools
[27.648s] [ 64%] [34m[1mAutomatic MOC for target rviz_visual_tools_imarker_simple[0m
[27.648s] [ 66%] [34m[1mAutomatic MOC for target rviz_visual_tools_demo[0m
[27.648s] [ 66%] [34m[1mAutomatic MOC for target rviz_visual_tools_rvt_test[0m
[27.663s] [ 66%] Built target rviz_visual_tools_demo_autogen
[27.663s] [ 66%] Built target rviz_visual_tools_imarker_simple_autogen
[27.663s] [ 66%] Built target rviz_visual_tools_rvt_test_autogen
[27.677s] [ 79%] [32mBuilding CXX object CMakeFiles/rviz_visual_tools_rvt_test.dir/rviz_visual_tools_rvt_test_autogen/mocs_compilation.cpp.o[0m
[27.679s] [ 79%] [32mBuilding CXX object CMakeFiles/rviz_visual_tools_rvt_test.dir/tests/rvt_test.cpp.o[0m
[27.679s] [ 79%] [32mBuilding CXX object CMakeFiles/rviz_visual_tools_demo.dir/rviz_visual_tools_demo_autogen/mocs_compilation.cpp.o[0m
[27.679s] [ 82%] [32mBuilding CXX object CMakeFiles/rviz_visual_tools_demo.dir/src/rviz_visual_tools_demo.cpp.o[0m
[27.680s] [ 82%] [32mBuilding CXX object CMakeFiles/rviz_visual_tools_imarker_simple.dir/rviz_visual_tools_imarker_simple_autogen/mocs_compilation.cpp.o[0m
[27.680s] [ 82%] [32mBuilding CXX object CMakeFiles/rviz_visual_tools_imarker_simple.dir/src/imarker_simple.cpp.o[0m
[31.569s] [ 84%] [32m[1mLinking CXX shared library librviz_visual_tools_imarker_simple.so[0m
[31.885s] [ 84%] Built target rviz_visual_tools_imarker_simple
[31.901s] [ 87%] [34m[1mAutomatic MOC for target rviz_visual_tools_imarker_simple_demo[0m
[31.917s] [ 87%] Built target rviz_visual_tools_imarker_simple_demo_autogen
[31.932s] [ 92%] [32mBuilding CXX object CMakeFiles/rviz_visual_tools_imarker_simple_demo.dir/src/imarker_simple_demo.cpp.o[0m
[31.932s] [ 92%] [32mBuilding CXX object CMakeFiles/rviz_visual_tools_imarker_simple_demo.dir/rviz_visual_tools_imarker_simple_demo_autogen/mocs_compilation.cpp.o[0m
[32.158s] [ 94%] [32m[1mLinking CXX executable rviz_visual_tools_demo[0m
[32.549s] [ 94%] Built target rviz_visual_tools_demo
[33.256s] [ 97%] [32m[1mLinking CXX executable rviz_visual_tools_rvt_test[0m
[33.696s] [ 97%] Built target rviz_visual_tools_rvt_test
[35.886s] [100%] [32m[1mLinking CXX executable rviz_visual_tools_imarker_simple_demo[0m
[36.167s] [100%] Built target rviz_visual_tools_imarker_simple_demo
[36.176s] Invoked command in '/home/inouemakoto/interbotix_ws/build/rviz_visual_tools' returned '0': CMAKE_PREFIX_PATH=${CMAKE_PREFIX_PATH}:/opt/ros/humble /usr/bin/cmake --build /home/inouemakoto/interbotix_ws/build/rviz_visual_tools -- -j20 -l20
[36.219s] Invoking command in '/home/inouemakoto/interbotix_ws/build/rviz_visual_tools': CMAKE_PREFIX_PATH=${CMAKE_PREFIX_PATH}:/opt/ros/humble /usr/bin/cmake --install /home/inouemakoto/interbotix_ws/build/rviz_visual_tools
[36.225s] -- Install configuration: ""
[36.225s] -- Installing: /home/inouemakoto/interbotix_ws/install/rviz_visual_tools/share/rviz_visual_tools/plugin_description.xml
[36.225s] -- Installing: /home/inouemakoto/interbotix_ws/install/rviz_visual_tools/lib/librviz_visual_tools.so
[36.231s] -- Set runtime path of "/home/inouemakoto/interbotix_ws/install/rviz_visual_tools/lib/librviz_visual_tools.so" to ""
[36.231s] -- Installing: /home/inouemakoto/interbotix_ws/install/rviz_visual_tools/lib/librviz_visual_tools_remote_control.so
[36.235s] -- Set runtime path of "/home/inouemakoto/interbotix_ws/install/rviz_visual_tools/lib/librviz_visual_tools_remote_control.so" to ""
[36.235s] -- Installing: /home/inouemakoto/interbotix_ws/install/rviz_visual_tools/lib/librviz_visual_tools_gui.so
[36.239s] -- Set runtime path of "/home/inouemakoto/interbotix_ws/install/rviz_visual_tools/lib/librviz_visual_tools_gui.so" to ""
[36.239s] -- Installing: /home/inouemakoto/interbotix_ws/install/rviz_visual_tools/lib/librviz_visual_tools_imarker_simple.so
[36.240s] -- Set runtime path of "/home/inouemakoto/interbotix_ws/install/rviz_visual_tools/lib/librviz_visual_tools_imarker_simple.so" to ""
[36.240s] -- Installing: /home/inouemakoto/interbotix_ws/install/rviz_visual_tools/lib/rviz_visual_tools/rviz_visual_tools_demo
[36.241s] -- Set runtime path of "/home/inouemakoto/interbotix_ws/install/rviz_visual_tools/lib/rviz_visual_tools/rviz_visual_tools_demo" to ""
[36.241s] -- Installing: /home/inouemakoto/interbotix_ws/install/rviz_visual_tools/lib/rviz_visual_tools/rviz_visual_tools_imarker_simple_demo
[36.241s] -- Set runtime path of "/home/inouemakoto/interbotix_ws/install/rviz_visual_tools/lib/rviz_visual_tools/rviz_visual_tools_imarker_simple_demo" to ""
[36.241s] -- Installing: /home/inouemakoto/interbotix_ws/install/rviz_visual_tools/include
[36.241s] -- Installing: /home/inouemakoto/interbotix_ws/install/rviz_visual_tools/include/rviz_visual_tools
[36.241s] -- Installing: /home/inouemakoto/interbotix_ws/install/rviz_visual_tools/include/rviz_visual_tools/rviz_visual_tools_gui.hpp
[36.241s] -- Installing: /home/inouemakoto/interbotix_ws/install/rviz_visual_tools/include/rviz_visual_tools/rviz_visual_tools.hpp
[36.241s] -- Installing: /home/inouemakoto/interbotix_ws/install/rviz_visual_tools/include/rviz_visual_tools/key_tool.hpp
[36.241s] -- Installing: /home/inouemakoto/interbotix_ws/install/rviz_visual_tools/include/rviz_visual_tools/imarker_simple.hpp
[36.241s] -- Installing: /home/inouemakoto/interbotix_ws/install/rviz_visual_tools/include/rviz_visual_tools/remote_control.hpp
[36.241s] -- Installing: /home/inouemakoto/interbotix_ws/install/rviz_visual_tools/include/rviz_visual_tools/remote_reciever.hpp
[36.242s] -- Installing: /home/inouemakoto/interbotix_ws/install/rviz_visual_tools/include/rviz_visual_tools/tf_visual_tools.hpp
[36.242s] -- Installing: /home/inouemakoto/interbotix_ws/install/rviz_visual_tools/share/rviz_visual_tools/launch
[36.242s] -- Installing: /home/inouemakoto/interbotix_ws/install/rviz_visual_tools/share/rviz_visual_tools/launch/demo.rviz
[36.242s] -- Installing: /home/inouemakoto/interbotix_ws/install/rviz_visual_tools/share/rviz_visual_tools/launch/demo_combined.launch.py
[36.242s] -- Installing: /home/inouemakoto/interbotix_ws/install/rviz_visual_tools/share/rviz_visual_tools/launch/rvt_test.launch
[36.242s] -- Installing: /home/inouemakoto/interbotix_ws/install/rviz_visual_tools/share/rviz_visual_tools/launch/demo_rviz.launch.py
[36.242s] -- Installing: /home/inouemakoto/interbotix_ws/install/rviz_visual_tools/share/rviz_visual_tools/environment/library_path.sh
[36.242s] -- Installing: /home/inouemakoto/interbotix_ws/install/rviz_visual_tools/share/rviz_visual_tools/environment/library_path.dsv
[36.242s] -- Installing: /home/inouemakoto/interbotix_ws/install/rviz_visual_tools/share/ament_index/resource_index/package_run_dependencies/rviz_visual_tools
[36.242s] -- Installing: /home/inouemakoto/interbotix_ws/install/rviz_visual_tools/share/ament_index/resource_index/parent_prefix_path/rviz_visual_tools
[36.242s] -- Installing: /home/inouemakoto/interbotix_ws/install/rviz_visual_tools/share/rviz_visual_tools/environment/ament_prefix_path.sh
[36.242s] -- Installing: /home/inouemakoto/interbotix_ws/install/rviz_visual_tools/share/rviz_visual_tools/environment/ament_prefix_path.dsv
[36.242s] -- Installing: /home/inouemakoto/interbotix_ws/install/rviz_visual_tools/share/rviz_visual_tools/environment/path.sh
[36.243s] -- Installing: /home/inouemakoto/interbotix_ws/install/rviz_visual_tools/share/rviz_visual_tools/environment/path.dsv
[36.243s] -- Installing: /home/inouemakoto/interbotix_ws/install/rviz_visual_tools/share/rviz_visual_tools/local_setup.bash
[36.243s] -- Installing: /home/inouemakoto/interbotix_ws/install/rviz_visual_tools/share/rviz_visual_tools/local_setup.sh
[36.243s] -- Installing: /home/inouemakoto/interbotix_ws/install/rviz_visual_tools/share/rviz_visual_tools/local_setup.zsh
[36.243s] -- Installing: /home/inouemakoto/interbotix_ws/install/rviz_visual_tools/share/rviz_visual_tools/local_setup.dsv
[36.243s] -- Installing: /home/inouemakoto/interbotix_ws/install/rviz_visual_tools/share/rviz_visual_tools/package.dsv
[36.243s] -- Installing: /home/inouemakoto/interbotix_ws/install/rviz_visual_tools/share/ament_index/resource_index/packages/rviz_visual_tools
[36.243s] -- Installing: /home/inouemakoto/interbotix_ws/install/rviz_visual_tools/share/ament_index/resource_index/rviz_common__pluginlib__plugin/rviz_visual_tools
[36.243s] -- Installing: /home/inouemakoto/interbotix_ws/install/rviz_visual_tools/share/rviz_visual_tools/cmake/export_rviz_visual_toolsExport.cmake
[36.243s] -- Installing: /home/inouemakoto/interbotix_ws/install/rviz_visual_tools/share/rviz_visual_tools/cmake/export_rviz_visual_toolsExport-noconfig.cmake
[36.243s] -- Installing: /home/inouemakoto/interbotix_ws/install/rviz_visual_tools/share/rviz_visual_tools/cmake/ament_cmake_export_targets-extras.cmake
[36.244s] -- Installing: /home/inouemakoto/interbotix_ws/install/rviz_visual_tools/share/rviz_visual_tools/cmake/ament_cmake_export_dependencies-extras.cmake
[36.244s] -- Installing: /home/inouemakoto/interbotix_ws/install/rviz_visual_tools/share/rviz_visual_tools/cmake/ament_cmake_export_include_directories-extras.cmake
[36.244s] -- Installing: /home/inouemakoto/interbotix_ws/install/rviz_visual_tools/share/rviz_visual_tools/cmake/ament_cmake_export_libraries-extras.cmake
[36.244s] -- Installing: /home/inouemakoto/interbotix_ws/install/rviz_visual_tools/share/rviz_visual_tools/cmake/rviz_visual_toolsConfig.cmake
[36.244s] -- Installing: /home/inouemakoto/interbotix_ws/install/rviz_visual_tools/share/rviz_visual_tools/cmake/rviz_visual_toolsConfig-version.cmake
[36.244s] -- Installing: /home/inouemakoto/interbotix_ws/install/rviz_visual_tools/share/rviz_visual_tools/package.xml
[36.246s] Invoked command in '/home/inouemakoto/interbotix_ws/build/rviz_visual_tools' returned '0': CMAKE_PREFIX_PATH=${CMAKE_PREFIX_PATH}:/opt/ros/humble /usr/bin/cmake --install /home/inouemakoto/interbotix_ws/build/rviz_visual_tools
