[3.699s] Invoking command in '/home/inouemakoto/interbotix_ws/src/makoto': PYTHONPATH=/home/inouemakoto/interbotix_ws/build/makoto/prefix_override:/home/inouemakoto/interbotix_ws/install/makoto/lib/python3.10/site-packages:${PYTHONPATH} /usr/bin/python3 setup.py egg_info --egg-base ../../build/makoto build --build-base /home/inouemakoto/interbotix_ws/build/makoto/build install --record /home/inouemakoto/interbotix_ws/build/makoto/install.log --single-version-externally-managed
[4.232s] running egg_info
[4.232s] writing ../../build/makoto/makoto.egg-info/PKG-INFO
[4.232s] writing dependency_links to ../../build/makoto/makoto.egg-info/dependency_links.txt
[4.232s] writing entry points to ../../build/makoto/makoto.egg-info/entry_points.txt
[4.232s] writing requirements to ../../build/makoto/makoto.egg-info/requires.txt
[4.232s] writing top-level names to ../../build/makoto/makoto.egg-info/top_level.txt
[4.232s] reading manifest file '../../build/makoto/makoto.egg-info/SOURCES.txt'
[4.232s] writing manifest file '../../build/makoto/makoto.egg-info/SOURCES.txt'
[4.232s] running build
[4.232s] running build_py
[4.232s] running install
[4.233s] running install_lib
[4.233s] creating /home/inouemakoto/interbotix_ws/install/makoto/lib/python3.10/site-packages/makoto
[4.233s] copying /home/inouemakoto/interbotix_ws/build/makoto/build/lib/makoto/pick__place.py -> /home/inouemakoto/interbotix_ws/install/makoto/lib/python3.10/site-packages/makoto
[4.233s] copying /home/inouemakoto/interbotix_ws/build/makoto/build/lib/makoto/__init__.py -> /home/inouemakoto/interbotix_ws/install/makoto/lib/python3.10/site-packages/makoto
[4.233s] byte-compiling /home/inouemakoto/interbotix_ws/install/makoto/lib/python3.10/site-packages/makoto/pick__place.py to pick__place.cpython-310.pyc
[4.233s] byte-compiling /home/inouemakoto/interbotix_ws/install/makoto/lib/python3.10/site-packages/makoto/__init__.py to __init__.cpython-310.pyc
[4.233s] running install_data
[4.233s] running install_egg_info
[4.233s] Copying ../../build/makoto/makoto.egg-info to /home/inouemakoto/interbotix_ws/install/makoto/lib/python3.10/site-packages/makoto-0.0.0-py3.10.egg-info
[4.233s] running install_scripts
[4.233s] Installing pick__place script to /home/inouemakoto/interbotix_ws/install/makoto/lib/makoto
[4.233s] writing list of installed files to '/home/inouemakoto/interbotix_ws/build/makoto/install.log'
[4.236s] /home/inouemakoto/.local/lib/python3.10/site-packages/setuptools/_distutils/cmd.py:66: SetuptoolsDeprecationWarning: setup.py install is deprecated.
[4.236s] !!
[4.236s] 
[4.236s]         ********************************************************************************
[4.236s]         Please avoid running ``setup.py`` directly.
[4.236s]         Instead, use pypa/build, pypa/installer or other
[4.236s]         standards-based tools.
[4.236s] 
[4.236s]         See https://blog.ganssle.io/articles/2021/10/setup-py-deprecated.html for details.
[4.236s]         ********************************************************************************
[4.236s] 
[4.237s] !!
[4.237s]   self.initialize_options()
[4.242s] Invoked command in '/home/inouemakoto/interbotix_ws/src/makoto' returned '0': PYTHONPATH=/home/inouemakoto/interbotix_ws/build/makoto/prefix_override:/home/inouemakoto/interbotix_ws/install/makoto/lib/python3.10/site-packages:${PYTHONPATH} /usr/bin/python3 setup.py egg_info --egg-base ../../build/makoto build --build-base /home/inouemakoto/interbotix_ws/build/makoto/build install --record /home/inouemakoto/interbotix_ws/build/makoto/install.log --single-version-externally-managed
