[2.520s] Invoking command in '/home/inouemakoto/interbotix_ws/build/cv_bridge': CMAKE_PREFIX_PATH=${CMAKE_PREFIX_PATH}:/home/inouemakoto/interbotix_ws/install/yolov5_ros2:/home/inouemakoto/interbotix_ws/install/pick_vision:/home/inouemakoto/interbotix_ws/install/moveit_service:/home/inouemakoto/interbotix_ws/install/opencv_ros2:/home/inouemakoto/interbotix_ws/install/makoto:/home/inouemakoto/interbotix_ws/install/interbotix_xs_modules:/home/inouemakoto/interbotix_ws/install/interbotix_landmark_modules:/home/inouemakoto/interbotix_ws/install/interbotix_perception_modules:/home/inouemakoto/interbotix_ws/install/interbotix_rpi_modules:/home/inouemakoto/interbotix_ws/install/interbotix_common_modules:/home/inouemakoto/interbotix_ws/install/camera:/home/inouemakoto/ws_moveit2/install/moveit_configs_utils:/home/inouemakoto/ws_moveit2/install/launch_param_builder:/home/inouemakoto/install/moveit_service:/home/inouemakoto/install/interbotix_xs_modules:/home/inouemakoto/install/interbotix_moveit_interface_msgs:/home/inouemakoto/install/interbotix_common_modules:/opt/ros/humble /usr/bin/cmake /home/inouemakoto/interbotix_ws/src/vision_opencv/cv_bridge -DAMENT_CMAKE_SYMLINK_INSTALL=1 -DCMAKE_INSTALL_PREFIX=/home/inouemakoto/interbotix_ws/install/cv_bridge
[3.730s] -- The C compiler identification is GNU 11.4.0
[3.731s] -- The CXX compiler identification is GNU 11.4.0
[3.731s] -- Detecting C compiler ABI info
[3.731s] -- Detecting C compiler ABI info - done
[3.731s] -- Check for working C compiler: /usr/bin/cc - skipped
[3.731s] -- Detecting C compile features
[3.731s] -- Detecting C compile features - done
[3.731s] -- Detecting CXX compiler ABI info
[3.731s] -- Detecting CXX compiler ABI info - done
[3.731s] -- Check for working CXX compiler: /usr/bin/c++ - skipped
[3.731s] -- Detecting CXX compile features
[3.732s] -- Detecting CXX compile features - done
[3.732s] -- Found ament_cmake_ros: 0.10.0 (/opt/ros/humble/share/ament_cmake_ros/cmake)
[3.847s] -- Found Python3: /usr/bin/python3.10 (found version "3.10.12") found components: Interpreter 
[3.990s] -- Override CMake install command with custom implementation using symlinks instead of copying resources
[5.789s] -- Found Python3: /usr/include/python3.10 (found version "3.10.12") found components: Development NumPy Interpreter Development.Module Development.Embed 
[5.859s] -- Found Boost: /usr/lib/x86_64-linux-gnu/cmake/Boost-1.74.0/BoostConfig.cmake (found version "1.74.0") found components: python310 
[5.877s] -- Found rcpputils: 2.4.1 (/opt/ros/humble/share/rcpputils/cmake)
[5.925s] -- Found sensor_msgs: 4.2.3 (/opt/ros/humble/share/sensor_msgs/cmake)
[6.065s] -- Found rosidl_generator_c: 3.1.5 (/opt/ros/humble/share/rosidl_generator_c/cmake)
[6.088s] -- Found rosidl_adapter: 3.1.5 (/opt/ros/humble/share/rosidl_adapter/cmake)
[6.114s] -- Found rosidl_generator_cpp: 3.1.5 (/opt/ros/humble/share/rosidl_generator_cpp/cmake)
[6.153s] -- Using all available rosidl_typesupport_c: rosidl_typesupport_fastrtps_c;rosidl_typesupport_introspection_c
[6.191s] -- Using all available rosidl_typesupport_cpp: rosidl_typesupport_fastrtps_cpp;rosidl_typesupport_introspection_cpp
[6.519s] -- Performing Test COMPILER_HAS_HIDDEN_VISIBILITY
[6.599s] -- Performing Test COMPILER_HAS_HIDDEN_VISIBILITY - Success
[6.599s] -- Performing Test COMPILER_HAS_HIDDEN_INLINE_VISIBILITY
[6.686s] -- Performing Test COMPILER_HAS_HIDDEN_INLINE_VISIBILITY - Success
[6.686s] -- Performing Test COMPILER_HAS_DEPRECATED_ATTR
[6.775s] -- Performing Test COMPILER_HAS_DEPRECATED_ATTR - Success
[6.789s] -- Found ament_lint_auto: 0.12.8 (/opt/ros/humble/share/ament_lint_auto/cmake)
[6.937s] -- Found gtest sources under '/opt/ros/humble/src/gtest_vendor': C++ tests using 'Google Test' will be built
[6.939s] -- Looking for pthread.h
[7.009s] -- Looking for pthread.h - found
[7.010s] -- Performing Test CMAKE_HAVE_LIBC_PTHREAD
[7.079s] -- Performing Test CMAKE_HAVE_LIBC_PTHREAD - Success
[7.080s] -- Found Threads: TRUE  
[7.967s] -- Configuring done
[7.979s] -- Generating done
[7.981s] -- Build files have been written to: /home/inouemakoto/interbotix_ws/build/cv_bridge
