[1.116s] Invoking command in '/home/inouemakoto/interbotix_ws/build/original_interface': CMAKE_PREFIX_PATH=${CMAKE_PREFIX_PATH}:/home/inouemakoto/interbotix_ws/install/moveit_service:/home/inouemakoto/interbotix_ws/install/makoto:/home/inouemakoto/interbotix_ws/install/interbotix_xs_modules:/home/inouemakoto/interbotix_ws/install/interbotix_common_modules:/home/inouemakoto/ws_moveit2/install/moveit_configs_utils:/home/inouemakoto/ws_moveit2/install/launch_param_builder:/home/inouemakoto/install/moveit_service:/home/inouemakoto/install/interbotix_xs_modules:/home/inouemakoto/install/interbotix_common_modules:/opt/ros/humble /usr/bin/cmake /home/inouemakoto/interbotix_ws/src/original_interface -DCMAKE_INSTALL_PREFIX=/home/inouemakoto/interbotix_ws/install/original_interface
[1.627s] -- The C compiler identification is GNU 11.4.0
[1.627s] -- The CXX compiler identification is GNU 11.4.0
[1.627s] -- Detecting C compiler ABI info
[1.627s] -- Detecting C compiler ABI info - done
[1.627s] -- Check for working C compiler: /usr/bin/cc - skipped
[1.627s] -- Detecting C compile features
[1.628s] -- Detecting C compile features - done
[1.628s] -- Detecting CXX compiler ABI info
[1.628s] -- Detecting CXX compiler ABI info - done
[1.628s] -- Check for working CXX compiler: /usr/bin/c++ - skipped
[1.628s] -- Detecting CXX compile features
[1.628s] -- Detecting CXX compile features - done
[1.628s] -- Found ament_cmake: 1.3.5 (/opt/ros/humble/share/ament_cmake/cmake)
[1.812s] -- Found Python3: /usr/bin/python3.10 (found version "3.10.12") found components: Interpreter 
[2.076s] -- Found rosidl_default_generators: 1.2.0 (/opt/ros/humble/share/rosidl_default_generators/cmake)
[2.107s] -- Using all available rosidl_typesupport_c: rosidl_typesupport_fastrtps_c;rosidl_typesupport_introspection_c
[2.133s] -- Found rosidl_adapter: 3.1.5 (/opt/ros/humble/share/rosidl_adapter/cmake)
[2.262s] -- Using all available rosidl_typesupport_cpp: rosidl_typesupport_fastrtps_cpp;rosidl_typesupport_introspection_cpp
[2.492s] [31mCMake Error at /opt/ros/humble/share/rosidl_adapter/cmake/rosidl_adapt_interfaces.cmake:59 (message):
[2.492s]   execute_process(/usr/bin/python3.10 -m rosidl_adapter --package-name
[2.492s]   original_interface --arguments-file
[2.492s]   /home/inouemakoto/interbotix_ws/build/original_interface/rosidl_adapter__arguments__original_interface.json
[2.492s]   --output-dir
[2.492s]   /home/inouemakoto/interbotix_ws/build/original_interface/rosidl_adapter/original_interface
[2.492s]   --output-file
[2.492s]   /home/inouemakoto/interbotix_ws/build/original_interface/rosidl_adapter/original_interface.idls)
[2.492s]   returned error code 1:
[2.492s] 
[2.493s]   Traceback (most recent call last):
[2.493s] 
[2.493s]     File "/usr/lib/python3.10/runpy.py", line 196, in _run_module_as_main
[2.493s]       return _run_code(code, main_globals, None,
[2.493s]     File "/usr/lib/python3.10/runpy.py", line 86, in _run_code
[2.493s]       exec(code, run_globals)
[2.493s]     File "/opt/ros/humble/local/lib/python3.10/dist-packages/rosidl_adapter/__main__.py", line 19, in <module>
[2.493s]       sys.exit(main())
[2.493s]     File "/opt/ros/humble/local/lib/python3.10/dist-packages/rosidl_adapter/main.py", line 53, in main
[2.493s]       abs_idl_file = convert_to_idl(
[2.493s]     File "/opt/ros/humble/local/lib/python3.10/dist-packages/rosidl_adapter/__init__.py", line 24, in convert_to_idl
[2.493s]       return convert_srv_to_idl(
[2.493s]     File "/opt/ros/humble/local/lib/python3.10/dist-packages/rosidl_adapter/srv/__init__.py", line 28, in convert_srv_to_idl
[2.493s]       srv = parse_service_string(package_name, input_file.stem, content)
[2.493s]     File "/opt/ros/humble/local/lib/python3.10/dist-packages/rosidl_adapter/parser.py", line 859, in parse_service_string
[2.493s]       request_message = parse_message_string(
[2.494s]     File "/opt/ros/humble/local/lib/python3.10/dist-packages/rosidl_adapter/parser.py", line 544, in parse_message_string
[2.494s]       msg = MessageSpecification(pkg_name, msg_name, fields, constants)
[2.494s]     File "/opt/ros/humble/local/lib/python3.10/dist-packages/rosidl_adapter/parser.py", line 388, in __init__
[2.494s]       self.base_type = BaseType(
[2.494s]     File "/opt/ros/humble/local/lib/python3.10/dist-packages/rosidl_adapter/parser.py", line 205, in __init__
[2.494s]       raise InvalidResourceName(
[2.494s] 
[2.494s]   rosidl_adapter.parser.InvalidResourceName: 'Target_Pos_Request' is an
[2.494s]   invalid message name.  It should have the pattern '^[A-Z][A-Za-z0-9]*$'
[2.494s] 
[2.494s] Call Stack (most recent call first):
[2.494s]   /opt/ros/humble/share/rosidl_cmake/cmake/rosidl_generate_interfaces.cmake:130 (rosidl_adapt_interfaces)
[2.494s]   CMakeLists.txt:13 (rosidl_generate_interfaces)
[2.494s] 
[2.494s] [0m
[2.494s] -- Configuring incomplete, errors occurred!
[2.495s] See also "/home/inouemakoto/interbotix_ws/build/original_interface/CMakeFiles/CMakeOutput.log".
[3.138s] Invoked command in '/home/inouemakoto/interbotix_ws/build/original_interface' returned '1': CMAKE_PREFIX_PATH=${CMAKE_PREFIX_PATH}:/home/inouemakoto/interbotix_ws/install/moveit_service:/home/inouemakoto/interbotix_ws/install/makoto:/home/inouemakoto/interbotix_ws/install/interbotix_xs_modules:/home/inouemakoto/interbotix_ws/install/interbotix_common_modules:/home/inouemakoto/ws_moveit2/install/moveit_configs_utils:/home/inouemakoto/ws_moveit2/install/launch_param_builder:/home/inouemakoto/install/moveit_service:/home/inouemakoto/install/interbotix_xs_modules:/home/inouemakoto/install/interbotix_common_modules:/opt/ros/humble /usr/bin/cmake /home/inouemakoto/interbotix_ws/src/original_interface -DCMAKE_INSTALL_PREFIX=/home/inouemakoto/interbotix_ws/install/original_interface
