[0.317s] Invoking command in '/home/inouemakoto/interbotix_ws/build/move_group_node': CMAKE_PREFIX_PATH=${CMAKE_PREFIX_PATH}:/home/inouemakoto/interbotix_ws/install/interbotix_xs_modules:/home/inouemakoto/interbotix_ws/install/interbotix_common_modules:/home/inouemakoto/ws_moveit2/install/moveit_configs_utils:/home/inouemakoto/ws_moveit2/install/launch_param_builder:/home/inouemakoto/install/interbotix_xs_modules:/home/inouemakoto/install/interbotix_common_modules:/opt/ros/humble /usr/bin/cmake --build /home/inouemakoto/interbotix_ws/build/move_group_node -- -j20 -l20
[0.395s] [35m[1mConsolidate compiler generated dependencies of target run_move_group[0m
[0.446s] [ 50%] [32mBuilding CXX object CMakeFiles/run_move_group.dir/src/run_move_group.cpp.o[0m
[8.732s] [100%] [32m[1mLinking CXX executable run_move_group[0m
[9.508s] [100%] Built target run_move_group
[9.520s] Invoked command in '/home/inouemakoto/interbotix_ws/build/move_group_node' returned '0': CMAKE_PREFIX_PATH=${CMAKE_PREFIX_PATH}:/home/inouemakoto/interbotix_ws/install/interbotix_xs_modules:/home/inouemakoto/interbotix_ws/install/interbotix_common_modules:/home/inouemakoto/ws_moveit2/install/moveit_configs_utils:/home/inouemakoto/ws_moveit2/install/launch_param_builder:/home/inouemakoto/install/interbotix_xs_modules:/home/inouemakoto/install/interbotix_common_modules:/opt/ros/humble /usr/bin/cmake --build /home/inouemakoto/interbotix_ws/build/move_group_node -- -j20 -l20
[9.560s] Invoking command in '/home/inouemakoto/interbotix_ws/build/move_group_node': CMAKE_PREFIX_PATH=${CMAKE_PREFIX_PATH}:/home/inouemakoto/interbotix_ws/install/interbotix_xs_modules:/home/inouemakoto/interbotix_ws/install/interbotix_common_modules:/home/inouemakoto/ws_moveit2/install/moveit_configs_utils:/home/inouemakoto/ws_moveit2/install/launch_param_builder:/home/inouemakoto/install/interbotix_xs_modules:/home/inouemakoto/install/interbotix_common_modules:/opt/ros/humble /usr/bin/cmake --install /home/inouemakoto/interbotix_ws/build/move_group_node
[9.575s] -- Install configuration: "Debug"
[9.575s] -- Installing: /home/inouemakoto/interbotix_ws/install/move_group_node/lib/move_group_node/run_move_group
[9.587s] -- Set runtime path of "/home/inouemakoto/interbotix_ws/install/move_group_node/lib/move_group_node/run_move_group" to ""
[9.587s] -- Up-to-date: /home/inouemakoto/interbotix_ws/install/move_group_node/share/ament_index/resource_index/package_run_dependencies/move_group_node
[9.587s] -- Up-to-date: /home/inouemakoto/interbotix_ws/install/move_group_node/share/ament_index/resource_index/parent_prefix_path/move_group_node
[9.587s] -- Up-to-date: /home/inouemakoto/interbotix_ws/install/move_group_node/share/move_group_node/environment/ament_prefix_path.sh
[9.587s] -- Up-to-date: /home/inouemakoto/interbotix_ws/install/move_group_node/share/move_group_node/environment/ament_prefix_path.dsv
[9.587s] -- Up-to-date: /home/inouemakoto/interbotix_ws/install/move_group_node/share/move_group_node/environment/path.sh
[9.587s] -- Up-to-date: /home/inouemakoto/interbotix_ws/install/move_group_node/share/move_group_node/environment/path.dsv
[9.587s] -- Up-to-date: /home/inouemakoto/interbotix_ws/install/move_group_node/share/move_group_node/local_setup.bash
[9.588s] -- Up-to-date: /home/inouemakoto/interbotix_ws/install/move_group_node/share/move_group_node/local_setup.sh
[9.588s] -- Up-to-date: /home/inouemakoto/interbotix_ws/install/move_group_node/share/move_group_node/local_setup.zsh
[9.588s] -- Up-to-date: /home/inouemakoto/interbotix_ws/install/move_group_node/share/move_group_node/local_setup.dsv
[9.588s] -- Installing: /home/inouemakoto/interbotix_ws/install/move_group_node/share/move_group_node/package.dsv
[9.588s] -- Up-to-date: /home/inouemakoto/interbotix_ws/install/move_group_node/share/ament_index/resource_index/packages/move_group_node
[9.588s] -- Up-to-date: /home/inouemakoto/interbotix_ws/install/move_group_node/share/move_group_node/cmake/move_group_nodeConfig.cmake
[9.588s] -- Up-to-date: /home/inouemakoto/interbotix_ws/install/move_group_node/share/move_group_node/cmake/move_group_nodeConfig-version.cmake
[9.588s] -- Up-to-date: /home/inouemakoto/interbotix_ws/install/move_group_node/share/move_group_node/package.xml
[9.592s] Invoked command in '/home/inouemakoto/interbotix_ws/build/move_group_node' returned '0': CMAKE_PREFIX_PATH=${CMAKE_PREFIX_PATH}:/home/inouemakoto/interbotix_ws/install/interbotix_xs_modules:/home/inouemakoto/interbotix_ws/install/interbotix_common_modules:/home/inouemakoto/ws_moveit2/install/moveit_configs_utils:/home/inouemakoto/ws_moveit2/install/launch_param_builder:/home/inouemakoto/install/interbotix_xs_modules:/home/inouemakoto/install/interbotix_common_modules:/opt/ros/humble /usr/bin/cmake --install /home/inouemakoto/interbotix_ws/build/move_group_node
