[0.340s] Invoking command in '/home/inouemakoto/interbotix_ws/build/rviz_visual_tools': CMAKE_PREFIX_PATH=${CMAKE_PREFIX_PATH}:/home/inouemakoto/interbotix_ws/install/moveit_service:/home/inouemakoto/interbotix_ws/install/interbotix_xs_modules:/home/inouemakoto/interbotix_ws/install/interbotix_common_modules:/home/inouemakoto/ws_moveit2/install/moveit_configs_utils:/home/inouemakoto/ws_moveit2/install/launch_param_builder:/home/inouemakoto/install/interbotix_xs_modules:/home/inouemakoto/install/interbotix_common_modules:/opt/ros/humble /usr/bin/cmake --build /home/inouemakoto/interbotix_ws/build/rviz_visual_tools -- -j20 -l20
[0.704s] [  2%] [34m[1mAutomatic MOC for target rviz_visual_tools_gui[0m
[0.704s] [  5%] [34m[1mAutomatic MOC for target gtest_main[0m
[0.704s] [  7%] [34m[1mAutomatic MOC for target gtest[0m
[0.704s] [ 10%] [34m[1mAutomatic MOC for target rviz_visual_tools_remote_control[0m
[0.704s] [ 10%] Built target gtest_main_autogen
[0.704s] [ 10%] Built target rviz_visual_tools_gui_autogen
[0.705s] [ 10%] Built target gtest_autogen
[0.705s] [ 10%] Built target rviz_visual_tools_remote_control_autogen
[0.705s] [35m[1mConsolidate compiler generated dependencies of target gtest_main[0m
[0.705s] [35m[1mConsolidate compiler generated dependencies of target gtest[0m
[0.705s] [35m[1mConsolidate compiler generated dependencies of target rviz_visual_tools_gui[0m
[0.706s] [35m[1mConsolidate compiler generated dependencies of target rviz_visual_tools_remote_control[0m
[0.706s] [ 17%] Built target gtest_main
[0.706s] [ 25%] Built target gtest
[0.706s] [ 33%] Built target rviz_visual_tools_remote_control
[0.706s] [ 46%] Built target rviz_visual_tools_gui
[0.706s] [ 48%] [34m[1mAutomatic MOC for target rviz_visual_tools[0m
[0.707s] [ 48%] Built target rviz_visual_tools_autogen
[0.707s] [35m[1mConsolidate compiler generated dependencies of target rviz_visual_tools[0m
[0.707s] [ 58%] Built target rviz_visual_tools
[0.707s] [ 66%] [34m[1mAutomatic MOC for target rviz_visual_tools_demo[0m
[0.707s] [ 66%] [34m[1mAutomatic MOC for target rviz_visual_tools_imarker_simple[0m
[0.707s] [ 66%] [34m[1mAutomatic MOC for target rviz_visual_tools_rvt_test[0m
[0.707s] [ 66%] Built target rviz_visual_tools_demo_autogen
[0.707s] [ 66%] Built target rviz_visual_tools_imarker_simple_autogen
[0.708s] [ 66%] Built target rviz_visual_tools_rvt_test_autogen
[0.708s] [35m[1mConsolidate compiler generated dependencies of target rviz_visual_tools_rvt_test[0m
[0.708s] [35m[1mConsolidate compiler generated dependencies of target rviz_visual_tools_demo[0m
[0.709s] [35m[1mConsolidate compiler generated dependencies of target rviz_visual_tools_imarker_simple[0m
[0.709s] [ 82%] Built target rviz_visual_tools_rvt_test
[0.710s] [ 82%] Built target rviz_visual_tools_imarker_simple
[0.710s] [ 84%] [32m[1mLinking CXX executable rviz_visual_tools_demo[0m
[0.735s] [ 87%] [34m[1mAutomatic MOC for target rviz_visual_tools_imarker_simple_demo[0m
[0.781s] [ 87%] Built target rviz_visual_tools_imarker_simple_demo_autogen
[0.812s] [35m[1mConsolidate compiler generated dependencies of target rviz_visual_tools_imarker_simple_demo[0m
[0.860s] [ 89%] [32m[1mLinking CXX executable rviz_visual_tools_imarker_simple_demo[0m
[1.790s] [ 94%] Built target rviz_visual_tools_imarker_simple_demo
[1.803s] [100%] Built target rviz_visual_tools_demo
