[3.224s] Invoking command in '/home/inouemakoto/interbotix_ws/src/makoto': PYTHONPATH=/home/inouemakoto/interbotix_ws/build/makoto/prefix_override:/home/inouemakoto/interbotix_ws/install/makoto/lib/python3.10/site-packages:${PYTHONPATH} /usr/bin/python3 setup.py egg_info --egg-base ../../build/makoto build --build-base /home/inouemakoto/interbotix_ws/build/makoto/build install --record /home/inouemakoto/interbotix_ws/build/makoto/install.log --single-version-externally-managed
[3.490s] running egg_info
[3.490s] writing ../../build/makoto/makoto.egg-info/PKG-INFO
[3.490s] writing dependency_links to ../../build/makoto/makoto.egg-info/dependency_links.txt
[3.491s] writing entry points to ../../build/makoto/makoto.egg-info/entry_points.txt
[3.491s] writing requirements to ../../build/makoto/makoto.egg-info/requires.txt
[3.491s] writing top-level names to ../../build/makoto/makoto.egg-info/top_level.txt
[3.492s] reading manifest file '../../build/makoto/makoto.egg-info/SOURCES.txt'
[3.493s] writing manifest file '../../build/makoto/makoto.egg-info/SOURCES.txt'
[3.493s] running build
[3.493s] running build_py
[3.493s] running install
[3.493s] running install_lib
[3.495s] running install_data
[3.495s] running install_egg_info
[3.496s] removing '/home/inouemakoto/interbotix_ws/install/makoto/lib/python3.10/site-packages/makoto-0.0.0-py3.10.egg-info' (and everything under it)
[3.497s] Copying ../../build/makoto/makoto.egg-info to /home/inouemakoto/interbotix_ws/install/makoto/lib/python3.10/site-packages/makoto-0.0.0-py3.10.egg-info
[3.497s] running install_scripts
[3.517s] Installing pick__place script to /home/inouemakoto/interbotix_ws/install/makoto/lib/makoto
[3.517s] writing list of installed files to '/home/inouemakoto/interbotix_ws/build/makoto/install.log'
[4.001s] Invoked command in '/home/inouemakoto/interbotix_ws/src/makoto' returned '0': PYTHONPATH=/home/inouemakoto/interbotix_ws/build/makoto/prefix_override:/home/inouemakoto/interbotix_ws/install/makoto/lib/python3.10/site-packages:${PYTHONPATH} /usr/bin/python3 setup.py egg_info --egg-base ../../build/makoto build --build-base /home/inouemakoto/interbotix_ws/build/makoto/build install --record /home/inouemakoto/interbotix_ws/build/makoto/install.log --single-version-externally-managed
