[1.548s] Invoking command in '/home/inouemakoto/interbotix_ws/build/interbotix_rpi_msgs': CMAKE_PREFIX_PATH=${CMAKE_PREFIX_PATH}:/home/inouemakoto/interbotix_ws/install/yolov5_ros2:/home/inouemakoto/interbotix_ws/install/pick_vision:/home/inouemakoto/interbotix_ws/install/opencv_ros2:/home/inouemakoto/yolo/install/yolov5_ros2:/home/inouemakoto/yolo/install/opencv_ros2:/home/inouemakoto/interbotix_ws/install/moveit_service:/home/inouemakoto/interbotix_ws/install/makoto:/home/inouemakoto/interbotix_ws/install/interbotix_xs_modules:/home/inouemakoto/interbotix_ws/install/interbotix_landmark_modules:/home/inouemakoto/interbotix_ws/install/interbotix_perception_modules:/home/inouemakoto/interbotix_ws/install/interbotix_rpi_modules:/home/inouemakoto/interbotix_ws/install/interbotix_common_modules:/home/inouemakoto/ws_moveit2/install/moveit_configs_utils:/home/inouemakoto/ws_moveit2/install/launch_param_builder:/home/inouemakoto/install/moveit_service:/home/inouemakoto/install/interbotix_xs_modules:/home/inouemakoto/install/interbotix_moveit_interface_msgs:/home/inouemakoto/install/interbotix_common_modules:/opt/ros/humble /usr/bin/cmake --build /home/inouemakoto/interbotix_ws/build/interbotix_rpi_msgs -- -j20 -l20
[2.538s] [  9%] Built target interbotix_rpi_msgs__rosidl_generator_c
[2.538s] [ 12%] Built target interbotix_rpi_msgs__cpp
[2.538s] [ 12%] Built target ament_cmake_python_copy_interbotix_rpi_msgs
[2.538s] [ 22%] Built target interbotix_rpi_msgs__rosidl_typesupport_fastrtps_c
[2.538s] [ 32%] Built target interbotix_rpi_msgs__rosidl_typesupport_fastrtps_cpp
[2.538s] [ 41%] Built target interbotix_rpi_msgs__rosidl_typesupport_c
[2.539s] [ 51%] Built target interbotix_rpi_msgs__rosidl_typesupport_introspection_cpp
[2.539s] [ 61%] Built target interbotix_rpi_msgs__rosidl_typesupport_introspection_c
[2.539s] [ 70%] Built target interbotix_rpi_msgs__rosidl_typesupport_cpp
[2.539s] [ 70%] Built target interbotix_rpi_msgs
[2.539s] [ 74%] Built target interbotix_rpi_msgs__py
[2.539s] [ 80%] Built target interbotix_rpi_msgs__rosidl_generator_py
[2.539s] [ 87%] Built target interbotix_rpi_msgs__rosidl_typesupport_fastrtps_c__pyext
[2.539s] [ 93%] Built target interbotix_rpi_msgs__rosidl_typesupport_introspection_c__pyext
[2.539s] [100%] Built target interbotix_rpi_msgs__rosidl_typesupport_c__pyext
[2.539s] running egg_info
[2.539s] writing interbotix_rpi_msgs.egg-info/PKG-INFO
[2.539s] writing dependency_links to interbotix_rpi_msgs.egg-info/dependency_links.txt
[2.539s] writing top-level names to interbotix_rpi_msgs.egg-info/top_level.txt
[2.539s] reading manifest file 'interbotix_rpi_msgs.egg-info/SOURCES.txt'
[2.539s] writing manifest file 'interbotix_rpi_msgs.egg-info/SOURCES.txt'
[2.540s] [100%] Built target ament_cmake_python_build_interbotix_rpi_msgs_egg
[2.553s] Invoked command in '/home/inouemakoto/interbotix_ws/build/interbotix_rpi_msgs' returned '0': CMAKE_PREFIX_PATH=${CMAKE_PREFIX_PATH}:/home/inouemakoto/interbotix_ws/install/yolov5_ros2:/home/inouemakoto/interbotix_ws/install/pick_vision:/home/inouemakoto/interbotix_ws/install/opencv_ros2:/home/inouemakoto/yolo/install/yolov5_ros2:/home/inouemakoto/yolo/install/opencv_ros2:/home/inouemakoto/interbotix_ws/install/moveit_service:/home/inouemakoto/interbotix_ws/install/makoto:/home/inouemakoto/interbotix_ws/install/interbotix_xs_modules:/home/inouemakoto/interbotix_ws/install/interbotix_landmark_modules:/home/inouemakoto/interbotix_ws/install/interbotix_perception_modules:/home/inouemakoto/interbotix_ws/install/interbotix_rpi_modules:/home/inouemakoto/interbotix_ws/install/interbotix_common_modules:/home/inouemakoto/ws_moveit2/install/moveit_configs_utils:/home/inouemakoto/ws_moveit2/install/launch_param_builder:/home/inouemakoto/install/moveit_service:/home/inouemakoto/install/interbotix_xs_modules:/home/inouemakoto/install/interbotix_moveit_interface_msgs:/home/inouemakoto/install/interbotix_common_modules:/opt/ros/humble /usr/bin/cmake --build /home/inouemakoto/interbotix_ws/build/interbotix_rpi_msgs -- -j20 -l20
[2.720s] Invoking command in '/home/inouemakoto/interbotix_ws/build/interbotix_rpi_msgs': CMAKE_PREFIX_PATH=${CMAKE_PREFIX_PATH}:/home/inouemakoto/interbotix_ws/install/yolov5_ros2:/home/inouemakoto/interbotix_ws/install/pick_vision:/home/inouemakoto/interbotix_ws/install/opencv_ros2:/home/inouemakoto/yolo/install/yolov5_ros2:/home/inouemakoto/yolo/install/opencv_ros2:/home/inouemakoto/interbotix_ws/install/moveit_service:/home/inouemakoto/interbotix_ws/install/makoto:/home/inouemakoto/interbotix_ws/install/interbotix_xs_modules:/home/inouemakoto/interbotix_ws/install/interbotix_landmark_modules:/home/inouemakoto/interbotix_ws/install/interbotix_perception_modules:/home/inouemakoto/interbotix_ws/install/interbotix_rpi_modules:/home/inouemakoto/interbotix_ws/install/interbotix_common_modules:/home/inouemakoto/ws_moveit2/install/moveit_configs_utils:/home/inouemakoto/ws_moveit2/install/launch_param_builder:/home/inouemakoto/install/moveit_service:/home/inouemakoto/install/interbotix_xs_modules:/home/inouemakoto/install/interbotix_moveit_interface_msgs:/home/inouemakoto/install/interbotix_common_modules:/opt/ros/humble /usr/bin/cmake --install /home/inouemakoto/interbotix_ws/build/interbotix_rpi_msgs
[2.967s] -- Install configuration: ""
[2.967s] -- Up-to-date: /home/inouemakoto/interbotix_ws/install/interbotix_rpi_msgs/share/ament_index/resource_index/rosidl_interfaces/interbotix_rpi_msgs
[2.967s] -- Up-to-date: /home/inouemakoto/interbotix_ws/install/interbotix_rpi_msgs/include/interbotix_rpi_msgs/interbotix_rpi_msgs
[2.967s] -- Up-to-date: /home/inouemakoto/interbotix_ws/install/interbotix_rpi_msgs/include/interbotix_rpi_msgs/interbotix_rpi_msgs/msg
[2.967s] -- Up-to-date: /home/inouemakoto/interbotix_ws/install/interbotix_rpi_msgs/include/interbotix_rpi_msgs/interbotix_rpi_msgs/msg/pixel_commands.h
[2.967s] -- Up-to-date: /home/inouemakoto/interbotix_ws/install/interbotix_rpi_msgs/include/interbotix_rpi_msgs/interbotix_rpi_msgs/msg/rosidl_generator_c__visibility_control.h
[2.967s] -- Up-to-date: /home/inouemakoto/interbotix_ws/install/interbotix_rpi_msgs/include/interbotix_rpi_msgs/interbotix_rpi_msgs/msg/detail
[2.967s] -- Up-to-date: /home/inouemakoto/interbotix_ws/install/interbotix_rpi_msgs/include/interbotix_rpi_msgs/interbotix_rpi_msgs/msg/detail/pixel_commands__functions.c
[2.967s] -- Up-to-date: /home/inouemakoto/interbotix_ws/install/interbotix_rpi_msgs/include/interbotix_rpi_msgs/interbotix_rpi_msgs/msg/detail/pixel_commands__struct.h
[2.968s] -- Up-to-date: /home/inouemakoto/interbotix_ws/install/interbotix_rpi_msgs/include/interbotix_rpi_msgs/interbotix_rpi_msgs/msg/detail/pixel_commands__type_support.h
[2.968s] -- Up-to-date: /home/inouemakoto/interbotix_ws/install/interbotix_rpi_msgs/include/interbotix_rpi_msgs/interbotix_rpi_msgs/msg/detail/pixel_commands__functions.h
[2.968s] -- Up-to-date: /home/inouemakoto/interbotix_ws/install/interbotix_rpi_msgs/share/interbotix_rpi_msgs/environment/library_path.sh
[2.968s] -- Up-to-date: /home/inouemakoto/interbotix_ws/install/interbotix_rpi_msgs/share/interbotix_rpi_msgs/environment/library_path.dsv
[2.968s] -- Up-to-date: /home/inouemakoto/interbotix_ws/install/interbotix_rpi_msgs/lib/libinterbotix_rpi_msgs__rosidl_generator_c.so
[2.968s] -- Up-to-date: /home/inouemakoto/interbotix_ws/install/interbotix_rpi_msgs/include/interbotix_rpi_msgs/interbotix_rpi_msgs
[2.968s] -- Up-to-date: /home/inouemakoto/interbotix_ws/install/interbotix_rpi_msgs/include/interbotix_rpi_msgs/interbotix_rpi_msgs/msg
[2.968s] -- Up-to-date: /home/inouemakoto/interbotix_ws/install/interbotix_rpi_msgs/include/interbotix_rpi_msgs/interbotix_rpi_msgs/msg/detail
[2.968s] -- Up-to-date: /home/inouemakoto/interbotix_ws/install/interbotix_rpi_msgs/include/interbotix_rpi_msgs/interbotix_rpi_msgs/msg/detail/pixel_commands__rosidl_typesupport_fastrtps_c.h
[2.968s] -- Up-to-date: /home/inouemakoto/interbotix_ws/install/interbotix_rpi_msgs/include/interbotix_rpi_msgs/interbotix_rpi_msgs/msg/rosidl_typesupport_fastrtps_c__visibility_control.h
[2.968s] -- Up-to-date: /home/inouemakoto/interbotix_ws/install/interbotix_rpi_msgs/lib/libinterbotix_rpi_msgs__rosidl_typesupport_fastrtps_c.so
[2.969s] -- Up-to-date: /home/inouemakoto/interbotix_ws/install/interbotix_rpi_msgs/include/interbotix_rpi_msgs/interbotix_rpi_msgs
[2.969s] -- Up-to-date: /home/inouemakoto/interbotix_ws/install/interbotix_rpi_msgs/include/interbotix_rpi_msgs/interbotix_rpi_msgs/msg
[2.969s] -- Up-to-date: /home/inouemakoto/interbotix_ws/install/interbotix_rpi_msgs/include/interbotix_rpi_msgs/interbotix_rpi_msgs/msg/rosidl_typesupport_introspection_c__visibility_control.h
[2.969s] -- Up-to-date: /home/inouemakoto/interbotix_ws/install/interbotix_rpi_msgs/include/interbotix_rpi_msgs/interbotix_rpi_msgs/msg/detail
[2.969s] -- Up-to-date: /home/inouemakoto/interbotix_ws/install/interbotix_rpi_msgs/include/interbotix_rpi_msgs/interbotix_rpi_msgs/msg/detail/pixel_commands__type_support.c
[2.970s] -- Up-to-date: /home/inouemakoto/interbotix_ws/install/interbotix_rpi_msgs/include/interbotix_rpi_msgs/interbotix_rpi_msgs/msg/detail/pixel_commands__rosidl_typesupport_introspection_c.h
[2.970s] -- Up-to-date: /home/inouemakoto/interbotix_ws/install/interbotix_rpi_msgs/lib/libinterbotix_rpi_msgs__rosidl_typesupport_introspection_c.so
[2.970s] -- Up-to-date: /home/inouemakoto/interbotix_ws/install/interbotix_rpi_msgs/lib/libinterbotix_rpi_msgs__rosidl_typesupport_c.so
[2.970s] -- Up-to-date: /home/inouemakoto/interbotix_ws/install/interbotix_rpi_msgs/include/interbotix_rpi_msgs/interbotix_rpi_msgs
[2.970s] -- Up-to-date: /home/inouemakoto/interbotix_ws/install/interbotix_rpi_msgs/include/interbotix_rpi_msgs/interbotix_rpi_msgs/msg
[2.970s] -- Up-to-date: /home/inouemakoto/interbotix_ws/install/interbotix_rpi_msgs/include/interbotix_rpi_msgs/interbotix_rpi_msgs/msg/pixel_commands.hpp
[2.970s] -- Up-to-date: /home/inouemakoto/interbotix_ws/install/interbotix_rpi_msgs/include/interbotix_rpi_msgs/interbotix_rpi_msgs/msg/detail
[2.970s] -- Up-to-date: /home/inouemakoto/interbotix_ws/install/interbotix_rpi_msgs/include/interbotix_rpi_msgs/interbotix_rpi_msgs/msg/detail/pixel_commands__struct.hpp
[2.970s] -- Up-to-date: /home/inouemakoto/interbotix_ws/install/interbotix_rpi_msgs/include/interbotix_rpi_msgs/interbotix_rpi_msgs/msg/detail/pixel_commands__builder.hpp
[2.970s] -- Up-to-date: /home/inouemakoto/interbotix_ws/install/interbotix_rpi_msgs/include/interbotix_rpi_msgs/interbotix_rpi_msgs/msg/detail/pixel_commands__traits.hpp
[2.970s] -- Up-to-date: /home/inouemakoto/interbotix_ws/install/interbotix_rpi_msgs/include/interbotix_rpi_msgs/interbotix_rpi_msgs
[2.970s] -- Up-to-date: /home/inouemakoto/interbotix_ws/install/interbotix_rpi_msgs/include/interbotix_rpi_msgs/interbotix_rpi_msgs/msg
[2.970s] -- Up-to-date: /home/inouemakoto/interbotix_ws/install/interbotix_rpi_msgs/include/interbotix_rpi_msgs/interbotix_rpi_msgs/msg/rosidl_typesupport_fastrtps_cpp__visibility_control.h
[2.971s] -- Up-to-date: /home/inouemakoto/interbotix_ws/install/interbotix_rpi_msgs/include/interbotix_rpi_msgs/interbotix_rpi_msgs/msg/detail
[2.971s] -- Up-to-date: /home/inouemakoto/interbotix_ws/install/interbotix_rpi_msgs/include/interbotix_rpi_msgs/interbotix_rpi_msgs/msg/detail/dds_fastrtps
[2.971s] -- Up-to-date: /home/inouemakoto/interbotix_ws/install/interbotix_rpi_msgs/include/interbotix_rpi_msgs/interbotix_rpi_msgs/msg/detail/pixel_commands__rosidl_typesupport_fastrtps_cpp.hpp
[2.971s] -- Up-to-date: /home/inouemakoto/interbotix_ws/install/interbotix_rpi_msgs/lib/libinterbotix_rpi_msgs__rosidl_typesupport_fastrtps_cpp.so
[2.971s] -- Up-to-date: /home/inouemakoto/interbotix_ws/install/interbotix_rpi_msgs/include/interbotix_rpi_msgs/interbotix_rpi_msgs
[2.971s] -- Up-to-date: /home/inouemakoto/interbotix_ws/install/interbotix_rpi_msgs/include/interbotix_rpi_msgs/interbotix_rpi_msgs/msg
[2.971s] -- Up-to-date: /home/inouemakoto/interbotix_ws/install/interbotix_rpi_msgs/include/interbotix_rpi_msgs/interbotix_rpi_msgs/msg/detail
[2.971s] -- Up-to-date: /home/inouemakoto/interbotix_ws/install/interbotix_rpi_msgs/include/interbotix_rpi_msgs/interbotix_rpi_msgs/msg/detail/pixel_commands__rosidl_typesupport_introspection_cpp.hpp
[2.971s] -- Up-to-date: /home/inouemakoto/interbotix_ws/install/interbotix_rpi_msgs/include/interbotix_rpi_msgs/interbotix_rpi_msgs/msg/detail/pixel_commands__type_support.cpp
[2.971s] -- Up-to-date: /home/inouemakoto/interbotix_ws/install/interbotix_rpi_msgs/lib/libinterbotix_rpi_msgs__rosidl_typesupport_introspection_cpp.so
[2.972s] -- Up-to-date: /home/inouemakoto/interbotix_ws/install/interbotix_rpi_msgs/lib/libinterbotix_rpi_msgs__rosidl_typesupport_cpp.so
[2.972s] -- Up-to-date: /home/inouemakoto/interbotix_ws/install/interbotix_rpi_msgs/share/interbotix_rpi_msgs/environment/pythonpath.sh
[2.972s] -- Up-to-date: /home/inouemakoto/interbotix_ws/install/interbotix_rpi_msgs/share/interbotix_rpi_msgs/environment/pythonpath.dsv
[2.972s] -- Up-to-date: /home/inouemakoto/interbotix_ws/install/interbotix_rpi_msgs/local/lib/python3.10/dist-packages/interbotix_rpi_msgs-0.0.0-py3.10.egg-info
[2.972s] -- Installing: /home/inouemakoto/interbotix_ws/install/interbotix_rpi_msgs/local/lib/python3.10/dist-packages/interbotix_rpi_msgs-0.0.0-py3.10.egg-info/top_level.txt
[2.972s] -- Installing: /home/inouemakoto/interbotix_ws/install/interbotix_rpi_msgs/local/lib/python3.10/dist-packages/interbotix_rpi_msgs-0.0.0-py3.10.egg-info/dependency_links.txt
[2.972s] -- Installing: /home/inouemakoto/interbotix_ws/install/interbotix_rpi_msgs/local/lib/python3.10/dist-packages/interbotix_rpi_msgs-0.0.0-py3.10.egg-info/SOURCES.txt
[2.972s] -- Installing: /home/inouemakoto/interbotix_ws/install/interbotix_rpi_msgs/local/lib/python3.10/dist-packages/interbotix_rpi_msgs-0.0.0-py3.10.egg-info/PKG-INFO
[2.977s] -- Up-to-date: /home/inouemakoto/interbotix_ws/install/interbotix_rpi_msgs/local/lib/python3.10/dist-packages/interbotix_rpi_msgs
[2.977s] -- Up-to-date: /home/inouemakoto/interbotix_ws/install/interbotix_rpi_msgs/local/lib/python3.10/dist-packages/interbotix_rpi_msgs/interbotix_rpi_msgs_s__rosidl_typesupport_c.cpython-310-x86_64-linux-gnu.so
[2.977s] -- Up-to-date: /home/inouemakoto/interbotix_ws/install/interbotix_rpi_msgs/local/lib/python3.10/dist-packages/interbotix_rpi_msgs/libinterbotix_rpi_msgs__rosidl_generator_py.so
[2.977s] -- Up-to-date: /home/inouemakoto/interbotix_ws/install/interbotix_rpi_msgs/local/lib/python3.10/dist-packages/interbotix_rpi_msgs/msg
[2.978s] -- Up-to-date: /home/inouemakoto/interbotix_ws/install/interbotix_rpi_msgs/local/lib/python3.10/dist-packages/interbotix_rpi_msgs/msg/_pixel_commands.py
[2.978s] -- Up-to-date: /home/inouemakoto/interbotix_ws/install/interbotix_rpi_msgs/local/lib/python3.10/dist-packages/interbotix_rpi_msgs/msg/__init__.py
[2.978s] -- Up-to-date: /home/inouemakoto/interbotix_ws/install/interbotix_rpi_msgs/local/lib/python3.10/dist-packages/interbotix_rpi_msgs/msg/_pixel_commands_s.c
[2.978s] -- Up-to-date: /home/inouemakoto/interbotix_ws/install/interbotix_rpi_msgs/local/lib/python3.10/dist-packages/interbotix_rpi_msgs/interbotix_rpi_msgs_s__rosidl_typesupport_fastrtps_c.cpython-310-x86_64-linux-gnu.so
[2.978s] -- Up-to-date: /home/inouemakoto/interbotix_ws/install/interbotix_rpi_msgs/local/lib/python3.10/dist-packages/interbotix_rpi_msgs/_interbotix_rpi_msgs_s.ep.rosidl_typesupport_c.c
[2.978s] -- Up-to-date: /home/inouemakoto/interbotix_ws/install/interbotix_rpi_msgs/local/lib/python3.10/dist-packages/interbotix_rpi_msgs/_interbotix_rpi_msgs_s.ep.rosidl_typesupport_fastrtps_c.c
[2.978s] -- Up-to-date: /home/inouemakoto/interbotix_ws/install/interbotix_rpi_msgs/local/lib/python3.10/dist-packages/interbotix_rpi_msgs/_interbotix_rpi_msgs_s.ep.rosidl_typesupport_introspection_c.c
[2.978s] -- Up-to-date: /home/inouemakoto/interbotix_ws/install/interbotix_rpi_msgs/local/lib/python3.10/dist-packages/interbotix_rpi_msgs/__init__.py
[2.978s] -- Up-to-date: /home/inouemakoto/interbotix_ws/install/interbotix_rpi_msgs/local/lib/python3.10/dist-packages/interbotix_rpi_msgs/interbotix_rpi_msgs_s__rosidl_typesupport_introspection_c.cpython-310-x86_64-linux-gnu.so
[2.978s] Listing '/home/inouemakoto/interbotix_ws/install/interbotix_rpi_msgs/local/lib/python3.10/dist-packages/interbotix_rpi_msgs'...
[2.978s] Listing '/home/inouemakoto/interbotix_ws/install/interbotix_rpi_msgs/local/lib/python3.10/dist-packages/interbotix_rpi_msgs/msg'...
[2.978s] -- Up-to-date: /home/inouemakoto/interbotix_ws/install/interbotix_rpi_msgs/local/lib/python3.10/dist-packages/interbotix_rpi_msgs/interbotix_rpi_msgs_s__rosidl_typesupport_fastrtps_c.cpython-310-x86_64-linux-gnu.so
[2.979s] -- Up-to-date: /home/inouemakoto/interbotix_ws/install/interbotix_rpi_msgs/local/lib/python3.10/dist-packages/interbotix_rpi_msgs/interbotix_rpi_msgs_s__rosidl_typesupport_introspection_c.cpython-310-x86_64-linux-gnu.so
[2.979s] -- Up-to-date: /home/inouemakoto/interbotix_ws/install/interbotix_rpi_msgs/local/lib/python3.10/dist-packages/interbotix_rpi_msgs/interbotix_rpi_msgs_s__rosidl_typesupport_c.cpython-310-x86_64-linux-gnu.so
[2.979s] -- Up-to-date: /home/inouemakoto/interbotix_ws/install/interbotix_rpi_msgs/lib/libinterbotix_rpi_msgs__rosidl_generator_py.so
[2.979s] -- Up-to-date: /home/inouemakoto/interbotix_ws/install/interbotix_rpi_msgs/share/interbotix_rpi_msgs/msg/PixelCommands.idl
[2.979s] -- Up-to-date: /home/inouemakoto/interbotix_ws/install/interbotix_rpi_msgs/share/interbotix_rpi_msgs/msg/PixelCommands.msg
[2.979s] -- Up-to-date: /home/inouemakoto/interbotix_ws/install/interbotix_rpi_msgs/share/ament_index/resource_index/package_run_dependencies/interbotix_rpi_msgs
[2.979s] -- Up-to-date: /home/inouemakoto/interbotix_ws/install/interbotix_rpi_msgs/share/ament_index/resource_index/parent_prefix_path/interbotix_rpi_msgs
[2.979s] -- Up-to-date: /home/inouemakoto/interbotix_ws/install/interbotix_rpi_msgs/share/interbotix_rpi_msgs/environment/ament_prefix_path.sh
[2.979s] -- Up-to-date: /home/inouemakoto/interbotix_ws/install/interbotix_rpi_msgs/share/interbotix_rpi_msgs/environment/ament_prefix_path.dsv
[2.986s] -- Up-to-date: /home/inouemakoto/interbotix_ws/install/interbotix_rpi_msgs/share/interbotix_rpi_msgs/environment/path.sh
[2.986s] -- Up-to-date: /home/inouemakoto/interbotix_ws/install/interbotix_rpi_msgs/share/interbotix_rpi_msgs/environment/path.dsv
[2.986s] -- Up-to-date: /home/inouemakoto/interbotix_ws/install/interbotix_rpi_msgs/share/interbotix_rpi_msgs/local_setup.bash
[2.986s] -- Up-to-date: /home/inouemakoto/interbotix_ws/install/interbotix_rpi_msgs/share/interbotix_rpi_msgs/local_setup.sh
[2.986s] -- Up-to-date: /home/inouemakoto/interbotix_ws/install/interbotix_rpi_msgs/share/interbotix_rpi_msgs/local_setup.zsh
[2.986s] -- Up-to-date: /home/inouemakoto/interbotix_ws/install/interbotix_rpi_msgs/share/interbotix_rpi_msgs/local_setup.dsv
[2.986s] -- Installing: /home/inouemakoto/interbotix_ws/install/interbotix_rpi_msgs/share/interbotix_rpi_msgs/package.dsv
[2.986s] -- Up-to-date: /home/inouemakoto/interbotix_ws/install/interbotix_rpi_msgs/share/ament_index/resource_index/packages/interbotix_rpi_msgs
[2.986s] -- Up-to-date: /home/inouemakoto/interbotix_ws/install/interbotix_rpi_msgs/share/interbotix_rpi_msgs/cmake/export_interbotix_rpi_msgs__rosidl_generator_cExport.cmake
[2.986s] -- Up-to-date: /home/inouemakoto/interbotix_ws/install/interbotix_rpi_msgs/share/interbotix_rpi_msgs/cmake/export_interbotix_rpi_msgs__rosidl_generator_cExport-noconfig.cmake
[2.987s] -- Up-to-date: /home/inouemakoto/interbotix_ws/install/interbotix_rpi_msgs/share/interbotix_rpi_msgs/cmake/export_interbotix_rpi_msgs__rosidl_typesupport_fastrtps_cExport.cmake
[2.987s] -- Up-to-date: /home/inouemakoto/interbotix_ws/install/interbotix_rpi_msgs/share/interbotix_rpi_msgs/cmake/export_interbotix_rpi_msgs__rosidl_typesupport_fastrtps_cExport-noconfig.cmake
[2.987s] -- Up-to-date: /home/inouemakoto/interbotix_ws/install/interbotix_rpi_msgs/share/interbotix_rpi_msgs/cmake/interbotix_rpi_msgs__rosidl_typesupport_introspection_cExport.cmake
[2.987s] -- Up-to-date: /home/inouemakoto/interbotix_ws/install/interbotix_rpi_msgs/share/interbotix_rpi_msgs/cmake/interbotix_rpi_msgs__rosidl_typesupport_introspection_cExport-noconfig.cmake
[2.987s] -- Up-to-date: /home/inouemakoto/interbotix_ws/install/interbotix_rpi_msgs/share/interbotix_rpi_msgs/cmake/interbotix_rpi_msgs__rosidl_typesupport_cExport.cmake
[2.987s] -- Up-to-date: /home/inouemakoto/interbotix_ws/install/interbotix_rpi_msgs/share/interbotix_rpi_msgs/cmake/interbotix_rpi_msgs__rosidl_typesupport_cExport-noconfig.cmake
[2.987s] -- Up-to-date: /home/inouemakoto/interbotix_ws/install/interbotix_rpi_msgs/share/interbotix_rpi_msgs/cmake/export_interbotix_rpi_msgs__rosidl_generator_cppExport.cmake
[2.987s] -- Up-to-date: /home/inouemakoto/interbotix_ws/install/interbotix_rpi_msgs/share/interbotix_rpi_msgs/cmake/export_interbotix_rpi_msgs__rosidl_typesupport_fastrtps_cppExport.cmake
[2.987s] -- Up-to-date: /home/inouemakoto/interbotix_ws/install/interbotix_rpi_msgs/share/interbotix_rpi_msgs/cmake/export_interbotix_rpi_msgs__rosidl_typesupport_fastrtps_cppExport-noconfig.cmake
[2.987s] -- Up-to-date: /home/inouemakoto/interbotix_ws/install/interbotix_rpi_msgs/share/interbotix_rpi_msgs/cmake/interbotix_rpi_msgs__rosidl_typesupport_introspection_cppExport.cmake
[2.987s] -- Up-to-date: /home/inouemakoto/interbotix_ws/install/interbotix_rpi_msgs/share/interbotix_rpi_msgs/cmake/interbotix_rpi_msgs__rosidl_typesupport_introspection_cppExport-noconfig.cmake
[2.988s] -- Up-to-date: /home/inouemakoto/interbotix_ws/install/interbotix_rpi_msgs/share/interbotix_rpi_msgs/cmake/interbotix_rpi_msgs__rosidl_typesupport_cppExport.cmake
[2.988s] -- Up-to-date: /home/inouemakoto/interbotix_ws/install/interbotix_rpi_msgs/share/interbotix_rpi_msgs/cmake/interbotix_rpi_msgs__rosidl_typesupport_cppExport-noconfig.cmake
[2.988s] -- Up-to-date: /home/inouemakoto/interbotix_ws/install/interbotix_rpi_msgs/share/interbotix_rpi_msgs/cmake/export_interbotix_rpi_msgs__rosidl_generator_pyExport.cmake
[2.988s] -- Up-to-date: /home/inouemakoto/interbotix_ws/install/interbotix_rpi_msgs/share/interbotix_rpi_msgs/cmake/export_interbotix_rpi_msgs__rosidl_generator_pyExport-noconfig.cmake
[2.988s] -- Up-to-date: /home/inouemakoto/interbotix_ws/install/interbotix_rpi_msgs/share/interbotix_rpi_msgs/cmake/rosidl_cmake-extras.cmake
[2.988s] -- Up-to-date: /home/inouemakoto/interbotix_ws/install/interbotix_rpi_msgs/share/interbotix_rpi_msgs/cmake/ament_cmake_export_dependencies-extras.cmake
[2.988s] -- Up-to-date: /home/inouemakoto/interbotix_ws/install/interbotix_rpi_msgs/share/interbotix_rpi_msgs/cmake/ament_cmake_export_include_directories-extras.cmake
[2.988s] -- Up-to-date: /home/inouemakoto/interbotix_ws/install/interbotix_rpi_msgs/share/interbotix_rpi_msgs/cmake/ament_cmake_export_libraries-extras.cmake
[2.988s] -- Up-to-date: /home/inouemakoto/interbotix_ws/install/interbotix_rpi_msgs/share/interbotix_rpi_msgs/cmake/ament_cmake_export_targets-extras.cmake
[2.988s] -- Up-to-date: /home/inouemakoto/interbotix_ws/install/interbotix_rpi_msgs/share/interbotix_rpi_msgs/cmake/rosidl_cmake_export_typesupport_targets-extras.cmake
[2.988s] -- Up-to-date: /home/inouemakoto/interbotix_ws/install/interbotix_rpi_msgs/share/interbotix_rpi_msgs/cmake/rosidl_cmake_export_typesupport_libraries-extras.cmake
[2.988s] -- Up-to-date: /home/inouemakoto/interbotix_ws/install/interbotix_rpi_msgs/share/interbotix_rpi_msgs/cmake/interbotix_rpi_msgsConfig.cmake
[2.989s] -- Up-to-date: /home/inouemakoto/interbotix_ws/install/interbotix_rpi_msgs/share/interbotix_rpi_msgs/cmake/interbotix_rpi_msgsConfig-version.cmake
[2.989s] -- Up-to-date: /home/inouemakoto/interbotix_ws/install/interbotix_rpi_msgs/share/interbotix_rpi_msgs/package.xml
[3.446s] Invoked command in '/home/inouemakoto/interbotix_ws/build/interbotix_rpi_msgs' returned '0': CMAKE_PREFIX_PATH=${CMAKE_PREFIX_PATH}:/home/inouemakoto/interbotix_ws/install/yolov5_ros2:/home/inouemakoto/interbotix_ws/install/pick_vision:/home/inouemakoto/interbotix_ws/install/opencv_ros2:/home/inouemakoto/yolo/install/yolov5_ros2:/home/inouemakoto/yolo/install/opencv_ros2:/home/inouemakoto/interbotix_ws/install/moveit_service:/home/inouemakoto/interbotix_ws/install/makoto:/home/inouemakoto/interbotix_ws/install/interbotix_xs_modules:/home/inouemakoto/interbotix_ws/install/interbotix_landmark_modules:/home/inouemakoto/interbotix_ws/install/interbotix_perception_modules:/home/inouemakoto/interbotix_ws/install/interbotix_rpi_modules:/home/inouemakoto/interbotix_ws/install/interbotix_common_modules:/home/inouemakoto/ws_moveit2/install/moveit_configs_utils:/home/inouemakoto/ws_moveit2/install/launch_param_builder:/home/inouemakoto/install/moveit_service:/home/inouemakoto/install/interbotix_xs_modules:/home/inouemakoto/install/interbotix_moveit_interface_msgs:/home/inouemakoto/install/interbotix_common_modules:/opt/ros/humble /usr/bin/cmake --install /home/inouemakoto/interbotix_ws/build/interbotix_rpi_msgs
