[1.636s] Invoking command in '/home/inouemakoto/interbotix_ws/build/graph_msgs': CMAKE_PREFIX_PATH=${CMAKE_PREFIX_PATH}:/home/inouemakoto/interbotix_ws/install/moveit_service:/home/inouemakoto/interbotix_ws/install/interbotix_xs_modules:/home/inouemakoto/interbotix_ws/install/interbotix_common_modules:/home/inouemakoto/ws_moveit2/install/moveit_configs_utils:/home/inouemakoto/ws_moveit2/install/launch_param_builder:/home/inouemakoto/install/moveit_service:/home/inouemakoto/install/interbotix_xs_modules:/home/inouemakoto/install/interbotix_common_modules:/opt/ros/humble /usr/bin/cmake --build /home/inouemakoto/interbotix_ws/build/graph_msgs -- -j20 -l20
[3.624s] [  7%] Built target graph_msgs__cpp
[3.624s] [ 12%] Built target graph_msgs__rosidl_generator_c
[3.624s] [ 12%] Built target ament_cmake_python_copy_graph_msgs
[3.624s] [ 30%] Built target graph_msgs__rosidl_typesupport_introspection_c
[3.624s] [ 33%] Built target graph_msgs__rosidl_typesupport_cpp
[3.625s] [ 43%] Built target graph_msgs__rosidl_typesupport_fastrtps_c
[3.625s] [ 53%] Built target graph_msgs__rosidl_typesupport_introspection_cpp
[3.625s] [ 64%] Built target graph_msgs__rosidl_typesupport_c
[3.625s] [ 74%] Built target graph_msgs__rosidl_typesupport_fastrtps_cpp
[3.625s] [ 74%] Built target graph_msgs
[3.625s] [ 76%] Built target graph_msgs__py
[3.625s] [ 84%] Built target graph_msgs__rosidl_generator_py
[3.625s] [ 94%] Built target graph_msgs__rosidl_typesupport_c__pyext
[3.626s] [ 94%] Built target graph_msgs__rosidl_typesupport_introspection_c__pyext
[3.626s] [100%] Built target graph_msgs__rosidl_typesupport_fastrtps_c__pyext
[3.626s] running egg_info
[3.626s] writing graph_msgs.egg-info/PKG-INFO
[3.626s] writing dependency_links to graph_msgs.egg-info/dependency_links.txt
[3.626s] writing top-level names to graph_msgs.egg-info/top_level.txt
[3.626s] reading manifest file 'graph_msgs.egg-info/SOURCES.txt'
[3.626s] writing manifest file 'graph_msgs.egg-info/SOURCES.txt'
[3.764s] [100%] Built target ament_cmake_python_build_graph_msgs_egg
[3.945s] Invoked command in '/home/inouemakoto/interbotix_ws/build/graph_msgs' returned '0': CMAKE_PREFIX_PATH=${CMAKE_PREFIX_PATH}:/home/inouemakoto/interbotix_ws/install/moveit_service:/home/inouemakoto/interbotix_ws/install/interbotix_xs_modules:/home/inouemakoto/interbotix_ws/install/interbotix_common_modules:/home/inouemakoto/ws_moveit2/install/moveit_configs_utils:/home/inouemakoto/ws_moveit2/install/launch_param_builder:/home/inouemakoto/install/moveit_service:/home/inouemakoto/install/interbotix_xs_modules:/home/inouemakoto/install/interbotix_common_modules:/opt/ros/humble /usr/bin/cmake --build /home/inouemakoto/interbotix_ws/build/graph_msgs -- -j20 -l20
[4.790s] Invoking command in '/home/inouemakoto/interbotix_ws/build/graph_msgs': CMAKE_PREFIX_PATH=${CMAKE_PREFIX_PATH}:/home/inouemakoto/interbotix_ws/install/moveit_service:/home/inouemakoto/interbotix_ws/install/interbotix_xs_modules:/home/inouemakoto/interbotix_ws/install/interbotix_common_modules:/home/inouemakoto/ws_moveit2/install/moveit_configs_utils:/home/inouemakoto/ws_moveit2/install/launch_param_builder:/home/inouemakoto/install/moveit_service:/home/inouemakoto/install/interbotix_xs_modules:/home/inouemakoto/install/interbotix_common_modules:/opt/ros/humble /usr/bin/cmake --install /home/inouemakoto/interbotix_ws/build/graph_msgs
[4.861s] -- Install configuration: ""
[4.863s] -- Up-to-date: /home/inouemakoto/interbotix_ws/install/graph_msgs/share/ament_index/resource_index/rosidl_interfaces/graph_msgs
[4.864s] -- Up-to-date: /home/inouemakoto/interbotix_ws/install/graph_msgs/include/graph_msgs/graph_msgs
[4.864s] -- Up-to-date: /home/inouemakoto/interbotix_ws/install/graph_msgs/include/graph_msgs/graph_msgs/msg
[4.865s] -- Up-to-date: /home/inouemakoto/interbotix_ws/install/graph_msgs/include/graph_msgs/graph_msgs/msg/edges.h
[4.867s] -- Up-to-date: /home/inouemakoto/interbotix_ws/install/graph_msgs/include/graph_msgs/graph_msgs/msg/geometry_graph.h
[4.870s] -- Up-to-date: /home/inouemakoto/interbotix_ws/install/graph_msgs/include/graph_msgs/graph_msgs/msg/rosidl_generator_c__visibility_control.h
[4.873s] -- Up-to-date: /home/inouemakoto/interbotix_ws/install/graph_msgs/include/graph_msgs/graph_msgs/msg/detail
[4.874s] -- Up-to-date: /home/inouemakoto/interbotix_ws/install/graph_msgs/include/graph_msgs/graph_msgs/msg/detail/edges__functions.h
[4.874s] -- Up-to-date: /home/inouemakoto/interbotix_ws/install/graph_msgs/include/graph_msgs/graph_msgs/msg/detail/geometry_graph__functions.c
[4.875s] -- Up-to-date: /home/inouemakoto/interbotix_ws/install/graph_msgs/include/graph_msgs/graph_msgs/msg/detail/geometry_graph__type_support.h
[4.876s] -- Up-to-date: /home/inouemakoto/interbotix_ws/install/graph_msgs/include/graph_msgs/graph_msgs/msg/detail/geometry_graph__functions.h
[4.876s] -- Up-to-date: /home/inouemakoto/interbotix_ws/install/graph_msgs/include/graph_msgs/graph_msgs/msg/detail/geometry_graph__struct.h
[4.877s] -- Up-to-date: /home/inouemakoto/interbotix_ws/install/graph_msgs/include/graph_msgs/graph_msgs/msg/detail/edges__functions.c
[4.878s] -- Up-to-date: /home/inouemakoto/interbotix_ws/install/graph_msgs/include/graph_msgs/graph_msgs/msg/detail/edges__type_support.h
[4.878s] -- Up-to-date: /home/inouemakoto/interbotix_ws/install/graph_msgs/include/graph_msgs/graph_msgs/msg/detail/edges__struct.h
[4.878s] -- Up-to-date: /home/inouemakoto/interbotix_ws/install/graph_msgs/share/graph_msgs/environment/library_path.sh
[4.878s] -- Up-to-date: /home/inouemakoto/interbotix_ws/install/graph_msgs/share/graph_msgs/environment/library_path.dsv
[4.878s] -- Up-to-date: /home/inouemakoto/interbotix_ws/install/graph_msgs/lib/libgraph_msgs__rosidl_generator_c.so
[4.878s] -- Up-to-date: /home/inouemakoto/interbotix_ws/install/graph_msgs/include/graph_msgs/graph_msgs
[4.878s] -- Up-to-date: /home/inouemakoto/interbotix_ws/install/graph_msgs/include/graph_msgs/graph_msgs/msg
[4.878s] -- Up-to-date: /home/inouemakoto/interbotix_ws/install/graph_msgs/include/graph_msgs/graph_msgs/msg/detail
[4.879s] -- Up-to-date: /home/inouemakoto/interbotix_ws/install/graph_msgs/include/graph_msgs/graph_msgs/msg/detail/geometry_graph__rosidl_typesupport_fastrtps_c.h
[4.879s] -- Up-to-date: /home/inouemakoto/interbotix_ws/install/graph_msgs/include/graph_msgs/graph_msgs/msg/detail/edges__rosidl_typesupport_fastrtps_c.h
[4.879s] -- Up-to-date: /home/inouemakoto/interbotix_ws/install/graph_msgs/include/graph_msgs/graph_msgs/msg/rosidl_typesupport_fastrtps_c__visibility_control.h
[4.880s] -- Up-to-date: /home/inouemakoto/interbotix_ws/install/graph_msgs/lib/libgraph_msgs__rosidl_typesupport_fastrtps_c.so
[4.881s] -- Up-to-date: /home/inouemakoto/interbotix_ws/install/graph_msgs/include/graph_msgs/graph_msgs
[4.881s] -- Up-to-date: /home/inouemakoto/interbotix_ws/install/graph_msgs/include/graph_msgs/graph_msgs/msg
[4.881s] -- Up-to-date: /home/inouemakoto/interbotix_ws/install/graph_msgs/include/graph_msgs/graph_msgs/msg/rosidl_typesupport_introspection_c__visibility_control.h
[4.882s] -- Up-to-date: /home/inouemakoto/interbotix_ws/install/graph_msgs/include/graph_msgs/graph_msgs/msg/detail
[4.882s] -- Up-to-date: /home/inouemakoto/interbotix_ws/install/graph_msgs/include/graph_msgs/graph_msgs/msg/detail/edges__type_support.c
[4.882s] -- Up-to-date: /home/inouemakoto/interbotix_ws/install/graph_msgs/include/graph_msgs/graph_msgs/msg/detail/geometry_graph__type_support.c
[4.883s] -- Up-to-date: /home/inouemakoto/interbotix_ws/install/graph_msgs/include/graph_msgs/graph_msgs/msg/detail/geometry_graph__rosidl_typesupport_introspection_c.h
[4.883s] -- Up-to-date: /home/inouemakoto/interbotix_ws/install/graph_msgs/include/graph_msgs/graph_msgs/msg/detail/edges__rosidl_typesupport_introspection_c.h
[4.883s] -- Up-to-date: /home/inouemakoto/interbotix_ws/install/graph_msgs/lib/libgraph_msgs__rosidl_typesupport_introspection_c.so
[4.883s] -- Up-to-date: /home/inouemakoto/interbotix_ws/install/graph_msgs/lib/libgraph_msgs__rosidl_typesupport_c.so
[4.884s] -- Up-to-date: /home/inouemakoto/interbotix_ws/install/graph_msgs/include/graph_msgs/graph_msgs
[4.884s] -- Up-to-date: /home/inouemakoto/interbotix_ws/install/graph_msgs/include/graph_msgs/graph_msgs/msg
[4.884s] -- Up-to-date: /home/inouemakoto/interbotix_ws/install/graph_msgs/include/graph_msgs/graph_msgs/msg/geometry_graph.hpp
[4.885s] -- Up-to-date: /home/inouemakoto/interbotix_ws/install/graph_msgs/include/graph_msgs/graph_msgs/msg/detail
[4.890s] -- Up-to-date: /home/inouemakoto/interbotix_ws/install/graph_msgs/include/graph_msgs/graph_msgs/msg/detail/geometry_graph__traits.hpp
[4.891s] -- Up-to-date: /home/inouemakoto/interbotix_ws/install/graph_msgs/include/graph_msgs/graph_msgs/msg/detail/geometry_graph__builder.hpp
[4.897s] -- Up-to-date: /home/inouemakoto/interbotix_ws/install/graph_msgs/include/graph_msgs/graph_msgs/msg/detail/edges__builder.hpp
[4.919s] -- Up-to-date: /home/inouemakoto/interbotix_ws/install/graph_msgs/include/graph_msgs/graph_msgs/msg/detail/edges__struct.hpp
[4.919s] -- Up-to-date: /home/inouemakoto/interbotix_ws/install/graph_msgs/include/graph_msgs/graph_msgs/msg/detail/edges__traits.hpp
[4.920s] -- Up-to-date: /home/inouemakoto/interbotix_ws/install/graph_msgs/include/graph_msgs/graph_msgs/msg/detail/geometry_graph__struct.hpp
[4.920s] -- Up-to-date: /home/inouemakoto/interbotix_ws/install/graph_msgs/include/graph_msgs/graph_msgs/msg/edges.hpp
[4.920s] -- Up-to-date: /home/inouemakoto/interbotix_ws/install/graph_msgs/include/graph_msgs/graph_msgs
[4.921s] -- Up-to-date: /home/inouemakoto/interbotix_ws/install/graph_msgs/include/graph_msgs/graph_msgs/msg
[4.921s] -- Up-to-date: /home/inouemakoto/interbotix_ws/install/graph_msgs/include/graph_msgs/graph_msgs/msg/rosidl_typesupport_fastrtps_cpp__visibility_control.h
[4.922s] -- Up-to-date: /home/inouemakoto/interbotix_ws/install/graph_msgs/include/graph_msgs/graph_msgs/msg/detail
[4.924s] -- Up-to-date: /home/inouemakoto/interbotix_ws/install/graph_msgs/include/graph_msgs/graph_msgs/msg/detail/dds_fastrtps
[4.925s] -- Up-to-date: /home/inouemakoto/interbotix_ws/install/graph_msgs/include/graph_msgs/graph_msgs/msg/detail/edges__rosidl_typesupport_fastrtps_cpp.hpp
[4.928s] -- Up-to-date: /home/inouemakoto/interbotix_ws/install/graph_msgs/include/graph_msgs/graph_msgs/msg/detail/geometry_graph__rosidl_typesupport_fastrtps_cpp.hpp
[4.929s] -- Up-to-date: /home/inouemakoto/interbotix_ws/install/graph_msgs/lib/libgraph_msgs__rosidl_typesupport_fastrtps_cpp.so
[4.929s] -- Up-to-date: /home/inouemakoto/interbotix_ws/install/graph_msgs/include/graph_msgs/graph_msgs
[4.929s] -- Up-to-date: /home/inouemakoto/interbotix_ws/install/graph_msgs/include/graph_msgs/graph_msgs/msg
[4.930s] -- Up-to-date: /home/inouemakoto/interbotix_ws/install/graph_msgs/include/graph_msgs/graph_msgs/msg/detail
[4.930s] -- Up-to-date: /home/inouemakoto/interbotix_ws/install/graph_msgs/include/graph_msgs/graph_msgs/msg/detail/geometry_graph__type_support.cpp
[4.945s] -- Up-to-date: /home/inouemakoto/interbotix_ws/install/graph_msgs/include/graph_msgs/graph_msgs/msg/detail/geometry_graph__rosidl_typesupport_introspection_cpp.hpp
[4.945s] -- Up-to-date: /home/inouemakoto/interbotix_ws/install/graph_msgs/include/graph_msgs/graph_msgs/msg/detail/edges__rosidl_typesupport_introspection_cpp.hpp
[4.946s] -- Up-to-date: /home/inouemakoto/interbotix_ws/install/graph_msgs/include/graph_msgs/graph_msgs/msg/detail/edges__type_support.cpp
[4.946s] -- Up-to-date: /home/inouemakoto/interbotix_ws/install/graph_msgs/lib/libgraph_msgs__rosidl_typesupport_introspection_cpp.so
[4.947s] -- Up-to-date: /home/inouemakoto/interbotix_ws/install/graph_msgs/lib/libgraph_msgs__rosidl_typesupport_cpp.so
[4.949s] -- Up-to-date: /home/inouemakoto/interbotix_ws/install/graph_msgs/share/graph_msgs/environment/pythonpath.sh
[4.952s] -- Up-to-date: /home/inouemakoto/interbotix_ws/install/graph_msgs/share/graph_msgs/environment/pythonpath.dsv
[4.955s] -- Up-to-date: /home/inouemakoto/interbotix_ws/install/graph_msgs/local/lib/python3.10/dist-packages/graph_msgs-0.2.0-py3.10.egg-info
[4.957s] -- Installing: /home/inouemakoto/interbotix_ws/install/graph_msgs/local/lib/python3.10/dist-packages/graph_msgs-0.2.0-py3.10.egg-info/top_level.txt
[4.958s] -- Installing: /home/inouemakoto/interbotix_ws/install/graph_msgs/local/lib/python3.10/dist-packages/graph_msgs-0.2.0-py3.10.egg-info/dependency_links.txt
[4.959s] -- Installing: /home/inouemakoto/interbotix_ws/install/graph_msgs/local/lib/python3.10/dist-packages/graph_msgs-0.2.0-py3.10.egg-info/SOURCES.txt
[4.960s] -- Installing: /home/inouemakoto/interbotix_ws/install/graph_msgs/local/lib/python3.10/dist-packages/graph_msgs-0.2.0-py3.10.egg-info/PKG-INFO
[4.960s] -- Up-to-date: /home/inouemakoto/interbotix_ws/install/graph_msgs/local/lib/python3.10/dist-packages/graph_msgs
[4.970s] -- Up-to-date: /home/inouemakoto/interbotix_ws/install/graph_msgs/local/lib/python3.10/dist-packages/graph_msgs/graph_msgs_s__rosidl_typesupport_introspection_c.cpython-310-x86_64-linux-gnu.so
[4.971s] -- Up-to-date: /home/inouemakoto/interbotix_ws/install/graph_msgs/local/lib/python3.10/dist-packages/graph_msgs/msg
[4.972s] -- Up-to-date: /home/inouemakoto/interbotix_ws/install/graph_msgs/local/lib/python3.10/dist-packages/graph_msgs/msg/_edges_s.c
[4.973s] -- Up-to-date: /home/inouemakoto/interbotix_ws/install/graph_msgs/local/lib/python3.10/dist-packages/graph_msgs/msg/_geometry_graph.py
[4.974s] -- Up-to-date: /home/inouemakoto/interbotix_ws/install/graph_msgs/local/lib/python3.10/dist-packages/graph_msgs/msg/__init__.py
[4.975s] -- Up-to-date: /home/inouemakoto/interbotix_ws/install/graph_msgs/local/lib/python3.10/dist-packages/graph_msgs/msg/_edges.py
[4.975s] -- Up-to-date: /home/inouemakoto/interbotix_ws/install/graph_msgs/local/lib/python3.10/dist-packages/graph_msgs/msg/_geometry_graph_s.c
[4.975s] -- Up-to-date: /home/inouemakoto/interbotix_ws/install/graph_msgs/local/lib/python3.10/dist-packages/graph_msgs/_graph_msgs_s.ep.rosidl_typesupport_fastrtps_c.c
[4.976s] -- Up-to-date: /home/inouemakoto/interbotix_ws/install/graph_msgs/local/lib/python3.10/dist-packages/graph_msgs/_graph_msgs_s.ep.rosidl_typesupport_introspection_c.c
[4.976s] -- Up-to-date: /home/inouemakoto/interbotix_ws/install/graph_msgs/local/lib/python3.10/dist-packages/graph_msgs/graph_msgs_s__rosidl_typesupport_c.cpython-310-x86_64-linux-gnu.so
[4.982s] -- Up-to-date: /home/inouemakoto/interbotix_ws/install/graph_msgs/local/lib/python3.10/dist-packages/graph_msgs/__init__.py
[4.989s] -- Up-to-date: /home/inouemakoto/interbotix_ws/install/graph_msgs/local/lib/python3.10/dist-packages/graph_msgs/graph_msgs_s__rosidl_typesupport_fastrtps_c.cpython-310-x86_64-linux-gnu.so
[4.995s] -- Up-to-date: /home/inouemakoto/interbotix_ws/install/graph_msgs/local/lib/python3.10/dist-packages/graph_msgs/_graph_msgs_s.ep.rosidl_typesupport_c.c
[4.998s] -- Up-to-date: /home/inouemakoto/interbotix_ws/install/graph_msgs/local/lib/python3.10/dist-packages/graph_msgs/libgraph_msgs__rosidl_generator_py.so
[5.071s] Listing '/home/inouemakoto/interbotix_ws/install/graph_msgs/local/lib/python3.10/dist-packages/graph_msgs'...
[5.072s] Listing '/home/inouemakoto/interbotix_ws/install/graph_msgs/local/lib/python3.10/dist-packages/graph_msgs/msg'...
[5.144s] -- Up-to-date: /home/inouemakoto/interbotix_ws/install/graph_msgs/local/lib/python3.10/dist-packages/graph_msgs/graph_msgs_s__rosidl_typesupport_fastrtps_c.cpython-310-x86_64-linux-gnu.so
[5.145s] -- Up-to-date: /home/inouemakoto/interbotix_ws/install/graph_msgs/local/lib/python3.10/dist-packages/graph_msgs/graph_msgs_s__rosidl_typesupport_introspection_c.cpython-310-x86_64-linux-gnu.so
[5.145s] -- Up-to-date: /home/inouemakoto/interbotix_ws/install/graph_msgs/local/lib/python3.10/dist-packages/graph_msgs/graph_msgs_s__rosidl_typesupport_c.cpython-310-x86_64-linux-gnu.so
[5.146s] -- Up-to-date: /home/inouemakoto/interbotix_ws/install/graph_msgs/lib/libgraph_msgs__rosidl_generator_py.so
[5.146s] -- Up-to-date: /home/inouemakoto/interbotix_ws/install/graph_msgs/share/graph_msgs/msg/Edges.idl
[5.146s] -- Up-to-date: /home/inouemakoto/interbotix_ws/install/graph_msgs/share/graph_msgs/msg/GeometryGraph.idl
[5.146s] -- Up-to-date: /home/inouemakoto/interbotix_ws/install/graph_msgs/share/graph_msgs/msg/Edges.msg
[5.146s] -- Up-to-date: /home/inouemakoto/interbotix_ws/install/graph_msgs/share/graph_msgs/msg/GeometryGraph.msg
[5.153s] -- Up-to-date: /home/inouemakoto/interbotix_ws/install/graph_msgs/share/ament_index/resource_index/package_run_dependencies/graph_msgs
[5.157s] -- Up-to-date: /home/inouemakoto/interbotix_ws/install/graph_msgs/share/ament_index/resource_index/parent_prefix_path/graph_msgs
[5.158s] -- Up-to-date: /home/inouemakoto/interbotix_ws/install/graph_msgs/share/graph_msgs/environment/ament_prefix_path.sh
[5.158s] -- Up-to-date: /home/inouemakoto/interbotix_ws/install/graph_msgs/share/graph_msgs/environment/ament_prefix_path.dsv
[5.158s] -- Up-to-date: /home/inouemakoto/interbotix_ws/install/graph_msgs/share/graph_msgs/environment/path.sh
[5.158s] -- Up-to-date: /home/inouemakoto/interbotix_ws/install/graph_msgs/share/graph_msgs/environment/path.dsv
[5.159s] -- Up-to-date: /home/inouemakoto/interbotix_ws/install/graph_msgs/share/graph_msgs/local_setup.bash
[5.159s] -- Up-to-date: /home/inouemakoto/interbotix_ws/install/graph_msgs/share/graph_msgs/local_setup.sh
[5.159s] -- Up-to-date: /home/inouemakoto/interbotix_ws/install/graph_msgs/share/graph_msgs/local_setup.zsh
[5.159s] -- Up-to-date: /home/inouemakoto/interbotix_ws/install/graph_msgs/share/graph_msgs/local_setup.dsv
[5.159s] -- Installing: /home/inouemakoto/interbotix_ws/install/graph_msgs/share/graph_msgs/package.dsv
[5.159s] -- Up-to-date: /home/inouemakoto/interbotix_ws/install/graph_msgs/share/ament_index/resource_index/packages/graph_msgs
[5.160s] -- Up-to-date: /home/inouemakoto/interbotix_ws/install/graph_msgs/share/graph_msgs/cmake/export_graph_msgs__rosidl_generator_cExport.cmake
[5.160s] -- Up-to-date: /home/inouemakoto/interbotix_ws/install/graph_msgs/share/graph_msgs/cmake/export_graph_msgs__rosidl_generator_cExport-noconfig.cmake
[5.160s] -- Up-to-date: /home/inouemakoto/interbotix_ws/install/graph_msgs/share/graph_msgs/cmake/export_graph_msgs__rosidl_typesupport_fastrtps_cExport.cmake
[5.160s] -- Up-to-date: /home/inouemakoto/interbotix_ws/install/graph_msgs/share/graph_msgs/cmake/export_graph_msgs__rosidl_typesupport_fastrtps_cExport-noconfig.cmake
[5.160s] -- Up-to-date: /home/inouemakoto/interbotix_ws/install/graph_msgs/share/graph_msgs/cmake/graph_msgs__rosidl_typesupport_introspection_cExport.cmake
[5.160s] -- Up-to-date: /home/inouemakoto/interbotix_ws/install/graph_msgs/share/graph_msgs/cmake/graph_msgs__rosidl_typesupport_introspection_cExport-noconfig.cmake
[5.161s] -- Up-to-date: /home/inouemakoto/interbotix_ws/install/graph_msgs/share/graph_msgs/cmake/graph_msgs__rosidl_typesupport_cExport.cmake
[5.161s] -- Up-to-date: /home/inouemakoto/interbotix_ws/install/graph_msgs/share/graph_msgs/cmake/graph_msgs__rosidl_typesupport_cExport-noconfig.cmake
[5.161s] -- Up-to-date: /home/inouemakoto/interbotix_ws/install/graph_msgs/share/graph_msgs/cmake/export_graph_msgs__rosidl_generator_cppExport.cmake
[5.161s] -- Up-to-date: /home/inouemakoto/interbotix_ws/install/graph_msgs/share/graph_msgs/cmake/export_graph_msgs__rosidl_typesupport_fastrtps_cppExport.cmake
[5.161s] -- Up-to-date: /home/inouemakoto/interbotix_ws/install/graph_msgs/share/graph_msgs/cmake/export_graph_msgs__rosidl_typesupport_fastrtps_cppExport-noconfig.cmake
[5.161s] -- Up-to-date: /home/inouemakoto/interbotix_ws/install/graph_msgs/share/graph_msgs/cmake/graph_msgs__rosidl_typesupport_introspection_cppExport.cmake
[5.162s] -- Up-to-date: /home/inouemakoto/interbotix_ws/install/graph_msgs/share/graph_msgs/cmake/graph_msgs__rosidl_typesupport_introspection_cppExport-noconfig.cmake
[5.162s] -- Up-to-date: /home/inouemakoto/interbotix_ws/install/graph_msgs/share/graph_msgs/cmake/graph_msgs__rosidl_typesupport_cppExport.cmake
[5.162s] -- Up-to-date: /home/inouemakoto/interbotix_ws/install/graph_msgs/share/graph_msgs/cmake/graph_msgs__rosidl_typesupport_cppExport-noconfig.cmake
[5.162s] -- Up-to-date: /home/inouemakoto/interbotix_ws/install/graph_msgs/share/graph_msgs/cmake/export_graph_msgs__rosidl_generator_pyExport.cmake
[5.162s] -- Up-to-date: /home/inouemakoto/interbotix_ws/install/graph_msgs/share/graph_msgs/cmake/export_graph_msgs__rosidl_generator_pyExport-noconfig.cmake
[5.163s] -- Up-to-date: /home/inouemakoto/interbotix_ws/install/graph_msgs/share/graph_msgs/cmake/rosidl_cmake-extras.cmake
[5.163s] -- Up-to-date: /home/inouemakoto/interbotix_ws/install/graph_msgs/share/graph_msgs/cmake/ament_cmake_export_dependencies-extras.cmake
[5.163s] -- Up-to-date: /home/inouemakoto/interbotix_ws/install/graph_msgs/share/graph_msgs/cmake/ament_cmake_export_include_directories-extras.cmake
[5.163s] -- Up-to-date: /home/inouemakoto/interbotix_ws/install/graph_msgs/share/graph_msgs/cmake/ament_cmake_export_libraries-extras.cmake
[5.163s] -- Up-to-date: /home/inouemakoto/interbotix_ws/install/graph_msgs/share/graph_msgs/cmake/ament_cmake_export_targets-extras.cmake
[5.164s] -- Up-to-date: /home/inouemakoto/interbotix_ws/install/graph_msgs/share/graph_msgs/cmake/rosidl_cmake_export_typesupport_targets-extras.cmake
[5.164s] -- Up-to-date: /home/inouemakoto/interbotix_ws/install/graph_msgs/share/graph_msgs/cmake/rosidl_cmake_export_typesupport_libraries-extras.cmake
[5.164s] -- Up-to-date: /home/inouemakoto/interbotix_ws/install/graph_msgs/share/graph_msgs/cmake/graph_msgsConfig.cmake
[5.164s] -- Up-to-date: /home/inouemakoto/interbotix_ws/install/graph_msgs/share/graph_msgs/cmake/graph_msgsConfig-version.cmake
[5.164s] -- Up-to-date: /home/inouemakoto/interbotix_ws/install/graph_msgs/share/graph_msgs/package.xml
[5.272s] Invoked command in '/home/inouemakoto/interbotix_ws/build/graph_msgs' returned '0': CMAKE_PREFIX_PATH=${CMAKE_PREFIX_PATH}:/home/inouemakoto/interbotix_ws/install/moveit_service:/home/inouemakoto/interbotix_ws/install/interbotix_xs_modules:/home/inouemakoto/interbotix_ws/install/interbotix_common_modules:/home/inouemakoto/ws_moveit2/install/moveit_configs_utils:/home/inouemakoto/ws_moveit2/install/launch_param_builder:/home/inouemakoto/install/moveit_service:/home/inouemakoto/install/interbotix_xs_modules:/home/inouemakoto/install/interbotix_common_modules:/opt/ros/humble /usr/bin/cmake --install /home/inouemakoto/interbotix_ws/build/graph_msgs
