[1.540s] Invoking command in '/home/inouemakoto/interbotix_ws/build/rviz_visual_tools': CMAKE_PREFIX_PATH=${CMAKE_PREFIX_PATH}:/home/inouemakoto/interbotix_ws/install/interbotix_moveit_interface:/home/inouemakoto/interbotix_ws/install/moveit_service:/home/inouemakoto/interbotix_ws/install/makoto:/home/inouemakoto/interbotix_ws/install/interbotix_xs_modules:/home/inouemakoto/interbotix_ws/install/interbotix_rpi_modules:/home/inouemakoto/interbotix_ws/install/interbotix_common_modules:/home/inouemakoto/ws_moveit2/install/moveit_configs_utils:/home/inouemakoto/ws_moveit2/install/launch_param_builder:/home/inouemakoto/install/moveit_service:/home/inouemakoto/install/interbotix_xs_modules:/home/inouemakoto/install/interbotix_common_modules:/opt/ros/humble /usr/bin/cmake --build /home/inouemakoto/interbotix_ws/build/rviz_visual_tools -- -j20 -l20
[2.259s] [  2%] [34m[1mAutomatic MOC for target rviz_visual_tools_gui[0m
[2.259s] [  5%] [34m[1mAutomatic MOC for target gtest[0m
[2.259s] [  7%] [34m[1mAutomatic MOC for target gtest_main[0m
[2.259s] [ 10%] [34m[1mAutomatic MOC for target rviz_visual_tools_remote_control[0m
[2.259s] [ 10%] Built target rviz_visual_tools_gui_autogen
[2.259s] [ 10%] Built target gtest_main_autogen
[2.260s] [ 10%] Built target rviz_visual_tools_remote_control_autogen
[2.260s] [ 10%] Built target gtest_autogen
[2.260s] [ 17%] Built target gtest_main
[2.260s] [ 30%] Built target rviz_visual_tools_gui
[2.260s] [ 38%] Built target gtest
[2.260s] [ 46%] Built target rviz_visual_tools_remote_control
[2.262s] [ 48%] [34m[1mAutomatic MOC for target rviz_visual_tools[0m
[2.262s] [ 48%] Built target rviz_visual_tools_autogen
[2.262s] [ 58%] Built target rviz_visual_tools
[2.263s] [ 66%] [34m[1mAutomatic MOC for target rviz_visual_tools_demo[0m
[2.264s] [ 66%] [34m[1mAutomatic MOC for target rviz_visual_tools_imarker_simple[0m
[2.264s] [ 66%] [34m[1mAutomatic MOC for target rviz_visual_tools_rvt_test[0m
[2.264s] [ 66%] Built target rviz_visual_tools_imarker_simple_autogen
[2.264s] [ 66%] Built target rviz_visual_tools_rvt_test_autogen
[2.265s] [ 66%] Built target rviz_visual_tools_demo_autogen
[2.265s] [ 84%] Built target rviz_visual_tools_rvt_test
[2.265s] [ 84%] Built target rviz_visual_tools_demo
[2.265s] [ 89%] Built target rviz_visual_tools_imarker_simple
[2.265s] [ 92%] [34m[1mAutomatic MOC for target rviz_visual_tools_imarker_simple_demo[0m
[2.266s] [ 92%] Built target rviz_visual_tools_imarker_simple_demo_autogen
[2.266s] [100%] Built target rviz_visual_tools_imarker_simple_demo
[2.292s] Invoked command in '/home/inouemakoto/interbotix_ws/build/rviz_visual_tools' returned '0': CMAKE_PREFIX_PATH=${CMAKE_PREFIX_PATH}:/home/inouemakoto/interbotix_ws/install/interbotix_moveit_interface:/home/inouemakoto/interbotix_ws/install/moveit_service:/home/inouemakoto/interbotix_ws/install/makoto:/home/inouemakoto/interbotix_ws/install/interbotix_xs_modules:/home/inouemakoto/interbotix_ws/install/interbotix_rpi_modules:/home/inouemakoto/interbotix_ws/install/interbotix_common_modules:/home/inouemakoto/ws_moveit2/install/moveit_configs_utils:/home/inouemakoto/ws_moveit2/install/launch_param_builder:/home/inouemakoto/install/moveit_service:/home/inouemakoto/install/interbotix_xs_modules:/home/inouemakoto/install/interbotix_common_modules:/opt/ros/humble /usr/bin/cmake --build /home/inouemakoto/interbotix_ws/build/rviz_visual_tools -- -j20 -l20
