[3.954s] Invoking command in '/home/inouemakoto/interbotix_ws/build/rviz_visual_tools': CMAKE_PREFIX_PATH=${CMAKE_PREFIX_PATH}:/home/inouemakoto/interbotix_ws/install/yolov5_ros2:/home/inouemakoto/interbotix_ws/install/interbotix_landmark_modules:/home/inouemakoto/interbotix_ws/install/interbotix_perception_modules:/home/inouemakoto/interbotix_ws/install/pick_vision:/home/inouemakoto/interbotix_ws/install/moveit_service:/home/inouemakoto/interbotix_ws/install/opencv_tests:/home/inouemakoto/interbotix_ws/install/opencv_ros2:/home/inouemakoto/interbotix_ws/install/makoto:/home/inouemakoto/interbotix_ws/install/interbotix_xs_modules:/home/inouemakoto/interbotix_ws/install/interbotix_rpi_modules:/home/inouemakoto/interbotix_ws/install/interbotix_common_modules:/home/inouemakoto/interbotix_ws/install/camera:/home/inouemakoto/ws_moveit2/install/moveit_configs_utils:/home/inouemakoto/ws_moveit2/install/launch_param_builder:/home/inouemakoto/install/moveit_service:/home/inouemakoto/install/interbotix_xs_modules:/home/inouemakoto/install/interbotix_moveit_interface_msgs:/home/inouemakoto/install/interbotix_common_modules:/home/inouemakoto/install/camera:/opt/ros/humble /usr/bin/cmake --build /home/inouemakoto/interbotix_ws/build/rviz_visual_tools -- -j20 -l20
[7.243s] [  2%] [34m[1mAutomatic MOC for target rviz_visual_tools_remote_control[0m
[7.243s] [  5%] [34m[1mAutomatic MOC for target rviz_visual_tools_gui[0m
[7.243s] [  7%] [34m[1mAutomatic MOC for target gtest[0m
[7.243s] [ 10%] [34m[1mAutomatic MOC for target gtest_main[0m
[7.243s] [ 10%] Built target rviz_visual_tools_remote_control_autogen
[7.243s] [ 10%] Built target rviz_visual_tools_gui_autogen
[7.243s] [ 10%] Built target gtest_autogen
[7.244s] [ 10%] Built target gtest_main_autogen
[7.244s] [ 17%] Built target rviz_visual_tools_remote_control
[7.244s] [ 30%] Built target rviz_visual_tools_gui
[7.245s] [ 38%] Built target gtest
[7.245s] [ 46%] Built target gtest_main
[7.246s] [ 48%] [34m[1mAutomatic MOC for target rviz_visual_tools[0m
[7.246s] [ 48%] Built target rviz_visual_tools_autogen
[7.246s] [ 58%] Built target rviz_visual_tools
[7.247s] [ 61%] [34m[1mAutomatic MOC for target rviz_visual_tools_rvt_test[0m
[7.247s] [ 64%] [34m[1mAutomatic MOC for target rviz_visual_tools_imarker_simple[0m
[7.247s] [ 66%] [34m[1mAutomatic MOC for target rviz_visual_tools_demo[0m
[7.248s] [ 66%] Built target rviz_visual_tools_rvt_test_autogen
[7.248s] [ 66%] Built target rviz_visual_tools_demo_autogen
[7.248s] [ 66%] Built target rviz_visual_tools_imarker_simple_autogen
[7.248s] [ 74%] Built target rviz_visual_tools_rvt_test
[7.248s] [ 82%] Built target rviz_visual_tools_demo
[7.249s] [ 89%] Built target rviz_visual_tools_imarker_simple
[7.249s] [ 92%] [34m[1mAutomatic MOC for target rviz_visual_tools_imarker_simple_demo[0m
[7.249s] [ 92%] Built target rviz_visual_tools_imarker_simple_demo_autogen
[7.249s] [100%] Built target rviz_visual_tools_imarker_simple_demo
[7.290s] Invoked command in '/home/inouemakoto/interbotix_ws/build/rviz_visual_tools' returned '0': CMAKE_PREFIX_PATH=${CMAKE_PREFIX_PATH}:/home/inouemakoto/interbotix_ws/install/yolov5_ros2:/home/inouemakoto/interbotix_ws/install/interbotix_landmark_modules:/home/inouemakoto/interbotix_ws/install/interbotix_perception_modules:/home/inouemakoto/interbotix_ws/install/pick_vision:/home/inouemakoto/interbotix_ws/install/moveit_service:/home/inouemakoto/interbotix_ws/install/opencv_tests:/home/inouemakoto/interbotix_ws/install/opencv_ros2:/home/inouemakoto/interbotix_ws/install/makoto:/home/inouemakoto/interbotix_ws/install/interbotix_xs_modules:/home/inouemakoto/interbotix_ws/install/interbotix_rpi_modules:/home/inouemakoto/interbotix_ws/install/interbotix_common_modules:/home/inouemakoto/interbotix_ws/install/camera:/home/inouemakoto/ws_moveit2/install/moveit_configs_utils:/home/inouemakoto/ws_moveit2/install/launch_param_builder:/home/inouemakoto/install/moveit_service:/home/inouemakoto/install/interbotix_xs_modules:/home/inouemakoto/install/interbotix_moveit_interface_msgs:/home/inouemakoto/install/interbotix_common_modules:/home/inouemakoto/install/camera:/opt/ros/humble /usr/bin/cmake --build /home/inouemakoto/interbotix_ws/build/rviz_visual_tools -- -j20 -l20
[8.556s] Invoking command in '/home/inouemakoto/interbotix_ws/build/rviz_visual_tools': CMAKE_PREFIX_PATH=${CMAKE_PREFIX_PATH}:/home/inouemakoto/interbotix_ws/install/yolov5_ros2:/home/inouemakoto/interbotix_ws/install/interbotix_landmark_modules:/home/inouemakoto/interbotix_ws/install/interbotix_perception_modules:/home/inouemakoto/interbotix_ws/install/pick_vision:/home/inouemakoto/interbotix_ws/install/moveit_service:/home/inouemakoto/interbotix_ws/install/opencv_tests:/home/inouemakoto/interbotix_ws/install/opencv_ros2:/home/inouemakoto/interbotix_ws/install/makoto:/home/inouemakoto/interbotix_ws/install/interbotix_xs_modules:/home/inouemakoto/interbotix_ws/install/interbotix_rpi_modules:/home/inouemakoto/interbotix_ws/install/interbotix_common_modules:/home/inouemakoto/interbotix_ws/install/camera:/home/inouemakoto/ws_moveit2/install/moveit_configs_utils:/home/inouemakoto/ws_moveit2/install/launch_param_builder:/home/inouemakoto/install/moveit_service:/home/inouemakoto/install/interbotix_xs_modules:/home/inouemakoto/install/interbotix_moveit_interface_msgs:/home/inouemakoto/install/interbotix_common_modules:/home/inouemakoto/install/camera:/opt/ros/humble /usr/bin/cmake --install /home/inouemakoto/interbotix_ws/build/rviz_visual_tools
[8.818s] -- Install configuration: ""
[8.819s] -- Up-to-date: /home/inouemakoto/interbotix_ws/install/rviz_visual_tools/lib/librviz_visual_tools.so
[8.820s] -- Up-to-date: /home/inouemakoto/interbotix_ws/install/rviz_visual_tools/lib/librviz_visual_tools_remote_control.so
[8.820s] -- Up-to-date: /home/inouemakoto/interbotix_ws/install/rviz_visual_tools/lib/librviz_visual_tools_gui.so
[8.820s] -- Up-to-date: /home/inouemakoto/interbotix_ws/install/rviz_visual_tools/lib/librviz_visual_tools_imarker_simple.so
[8.821s] -- Up-to-date: /home/inouemakoto/interbotix_ws/install/rviz_visual_tools/include
[8.822s] -- Up-to-date: /home/inouemakoto/interbotix_ws/install/rviz_visual_tools/include/rviz_visual_tools
[8.822s] -- Up-to-date: /home/inouemakoto/interbotix_ws/install/rviz_visual_tools/share/rviz_visual_tools/launch
[8.822s] -- Installing: /home/inouemakoto/interbotix_ws/install/rviz_visual_tools/share/rviz_visual_tools/package.dsv
[8.822s] -- Up-to-date: /home/inouemakoto/interbotix_ws/install/rviz_visual_tools/share/rviz_visual_tools/cmake/export_rviz_visual_toolsExport.cmake
[8.822s] -- Up-to-date: /home/inouemakoto/interbotix_ws/install/rviz_visual_tools/share/rviz_visual_tools/cmake/export_rviz_visual_toolsExport-noconfig.cmake
[9.796s] Invoked command in '/home/inouemakoto/interbotix_ws/build/rviz_visual_tools' returned '0': CMAKE_PREFIX_PATH=${CMAKE_PREFIX_PATH}:/home/inouemakoto/interbotix_ws/install/yolov5_ros2:/home/inouemakoto/interbotix_ws/install/interbotix_landmark_modules:/home/inouemakoto/interbotix_ws/install/interbotix_perception_modules:/home/inouemakoto/interbotix_ws/install/pick_vision:/home/inouemakoto/interbotix_ws/install/moveit_service:/home/inouemakoto/interbotix_ws/install/opencv_tests:/home/inouemakoto/interbotix_ws/install/opencv_ros2:/home/inouemakoto/interbotix_ws/install/makoto:/home/inouemakoto/interbotix_ws/install/interbotix_xs_modules:/home/inouemakoto/interbotix_ws/install/interbotix_rpi_modules:/home/inouemakoto/interbotix_ws/install/interbotix_common_modules:/home/inouemakoto/interbotix_ws/install/camera:/home/inouemakoto/ws_moveit2/install/moveit_configs_utils:/home/inouemakoto/ws_moveit2/install/launch_param_builder:/home/inouemakoto/install/moveit_service:/home/inouemakoto/install/interbotix_xs_modules:/home/inouemakoto/install/interbotix_moveit_interface_msgs:/home/inouemakoto/install/interbotix_common_modules:/home/inouemakoto/install/camera:/opt/ros/humble /usr/bin/cmake --install /home/inouemakoto/interbotix_ws/build/rviz_visual_tools
