[0.459s] Invoking command in '/home/inouemakoto/interbotix_ws/build/rviz_visual_tools': CMAKE_PREFIX_PATH=${CMAKE_PREFIX_PATH}:/home/inouemakoto/interbotix_ws/install/moveit_service:/home/inouemakoto/interbotix_ws/install/interbotix_xs_modules:/home/inouemakoto/interbotix_ws/install/interbotix_common_modules:/home/inouemakoto/ws_moveit2/install/moveit_configs_utils:/home/inouemakoto/ws_moveit2/install/launch_param_builder:/home/inouemakoto/install/moveit_service:/home/inouemakoto/install/interbotix_xs_modules:/home/inouemakoto/install/interbotix_common_modules:/opt/ros/humble /usr/bin/cmake --build /home/inouemakoto/interbotix_ws/build/rviz_visual_tools -- -j20 -l20
[0.938s] [  2%] [34m[1mAutomatic MOC for target rviz_visual_tools_gui[0m
[0.938s] [  7%] [34m[1mAutomatic MOC for target gtest_main[0m
[0.939s] [  7%] [34m[1mAutomatic MOC for target rviz_visual_tools_remote_control[0m
[0.939s] [ 10%] [34m[1mAutomatic MOC for target gtest[0m
[0.939s] [ 10%] Built target gtest_autogen
[0.940s] [ 10%] Built target rviz_visual_tools_remote_control_autogen
[0.940s] [ 10%] Built target rviz_visual_tools_gui_autogen
[0.941s] [ 10%] Built target gtest_main_autogen
[0.941s] [ 17%] Built target gtest
[0.941s] [ 25%] Built target rviz_visual_tools_remote_control
[0.941s] [ 38%] Built target rviz_visual_tools_gui
[0.941s] [ 46%] Built target gtest_main
[0.942s] [ 48%] [34m[1mAutomatic MOC for target rviz_visual_tools[0m
[0.944s] [ 48%] Built target rviz_visual_tools_autogen
[0.944s] [ 58%] Built target rviz_visual_tools
[0.944s] [ 66%] [34m[1mAutomatic MOC for target rviz_visual_tools_rvt_test[0m
[0.944s] [ 66%] [34m[1mAutomatic MOC for target rviz_visual_tools_demo[0m
[0.944s] [ 66%] [34m[1mAutomatic MOC for target rviz_visual_tools_imarker_simple[0m
[0.944s] [ 66%] Built target rviz_visual_tools_demo_autogen
[0.944s] [ 66%] Built target rviz_visual_tools_rvt_test_autogen
[0.944s] [ 66%] Built target rviz_visual_tools_imarker_simple_autogen
[0.944s] [ 76%] Built target rviz_visual_tools_rvt_test
[0.945s] [ 82%] Built target rviz_visual_tools_demo
[0.962s] [ 89%] Built target rviz_visual_tools_imarker_simple
[1.020s] [ 92%] [34m[1mAutomatic MOC for target rviz_visual_tools_imarker_simple_demo[0m
[1.073s] [ 92%] Built target rviz_visual_tools_imarker_simple_demo_autogen
[1.116s] [100%] Built target rviz_visual_tools_imarker_simple_demo
[1.165s] Invoked command in '/home/inouemakoto/interbotix_ws/build/rviz_visual_tools' returned '0': CMAKE_PREFIX_PATH=${CMAKE_PREFIX_PATH}:/home/inouemakoto/interbotix_ws/install/moveit_service:/home/inouemakoto/interbotix_ws/install/interbotix_xs_modules:/home/inouemakoto/interbotix_ws/install/interbotix_common_modules:/home/inouemakoto/ws_moveit2/install/moveit_configs_utils:/home/inouemakoto/ws_moveit2/install/launch_param_builder:/home/inouemakoto/install/moveit_service:/home/inouemakoto/install/interbotix_xs_modules:/home/inouemakoto/install/interbotix_common_modules:/opt/ros/humble /usr/bin/cmake --build /home/inouemakoto/interbotix_ws/build/rviz_visual_tools -- -j20 -l20
[1.345s] Invoking command in '/home/inouemakoto/interbotix_ws/build/rviz_visual_tools': CMAKE_PREFIX_PATH=${CMAKE_PREFIX_PATH}:/home/inouemakoto/interbotix_ws/install/moveit_service:/home/inouemakoto/interbotix_ws/install/interbotix_xs_modules:/home/inouemakoto/interbotix_ws/install/interbotix_common_modules:/home/inouemakoto/ws_moveit2/install/moveit_configs_utils:/home/inouemakoto/ws_moveit2/install/launch_param_builder:/home/inouemakoto/install/moveit_service:/home/inouemakoto/install/interbotix_xs_modules:/home/inouemakoto/install/interbotix_common_modules:/opt/ros/humble /usr/bin/cmake --install /home/inouemakoto/interbotix_ws/build/rviz_visual_tools
[1.368s] -- Install configuration: ""
[1.368s] -- Up-to-date: /home/inouemakoto/interbotix_ws/install/rviz_visual_tools/share/rviz_visual_tools/plugin_description.xml
[1.369s] -- Up-to-date: /home/inouemakoto/interbotix_ws/install/rviz_visual_tools/lib/librviz_visual_tools.so
[1.370s] -- Up-to-date: /home/inouemakoto/interbotix_ws/install/rviz_visual_tools/lib/librviz_visual_tools_remote_control.so
[1.371s] -- Up-to-date: /home/inouemakoto/interbotix_ws/install/rviz_visual_tools/lib/librviz_visual_tools_gui.so
[1.375s] -- Up-to-date: /home/inouemakoto/interbotix_ws/install/rviz_visual_tools/lib/librviz_visual_tools_imarker_simple.so
[1.376s] -- Up-to-date: /home/inouemakoto/interbotix_ws/install/rviz_visual_tools/lib/rviz_visual_tools/rviz_visual_tools_demo
[1.376s] -- Up-to-date: /home/inouemakoto/interbotix_ws/install/rviz_visual_tools/lib/rviz_visual_tools/rviz_visual_tools_imarker_simple_demo
[1.377s] -- Up-to-date: /home/inouemakoto/interbotix_ws/install/rviz_visual_tools/include
[1.379s] -- Up-to-date: /home/inouemakoto/interbotix_ws/install/rviz_visual_tools/include/rviz_visual_tools
[1.380s] -- Up-to-date: /home/inouemakoto/interbotix_ws/install/rviz_visual_tools/include/rviz_visual_tools/rviz_visual_tools_gui.hpp
[1.380s] -- Up-to-date: /home/inouemakoto/interbotix_ws/install/rviz_visual_tools/include/rviz_visual_tools/rviz_visual_tools.hpp
[1.380s] -- Up-to-date: /home/inouemakoto/interbotix_ws/install/rviz_visual_tools/include/rviz_visual_tools/key_tool.hpp
[1.380s] -- Up-to-date: /home/inouemakoto/interbotix_ws/install/rviz_visual_tools/include/rviz_visual_tools/imarker_simple.hpp
[1.381s] -- Up-to-date: /home/inouemakoto/interbotix_ws/install/rviz_visual_tools/include/rviz_visual_tools/remote_control.hpp
[1.383s] -- Up-to-date: /home/inouemakoto/interbotix_ws/install/rviz_visual_tools/include/rviz_visual_tools/remote_reciever.hpp
[1.383s] -- Up-to-date: /home/inouemakoto/interbotix_ws/install/rviz_visual_tools/include/rviz_visual_tools/tf_visual_tools.hpp
[1.384s] -- Up-to-date: /home/inouemakoto/interbotix_ws/install/rviz_visual_tools/share/rviz_visual_tools/launch
[1.386s] -- Up-to-date: /home/inouemakoto/interbotix_ws/install/rviz_visual_tools/share/rviz_visual_tools/launch/demo.rviz
[1.386s] -- Up-to-date: /home/inouemakoto/interbotix_ws/install/rviz_visual_tools/share/rviz_visual_tools/launch/demo_combined.launch.py
[1.387s] -- Up-to-date: /home/inouemakoto/interbotix_ws/install/rviz_visual_tools/share/rviz_visual_tools/launch/rvt_test.launch
[1.387s] -- Up-to-date: /home/inouemakoto/interbotix_ws/install/rviz_visual_tools/share/rviz_visual_tools/launch/demo_rviz.launch.py
[1.387s] -- Up-to-date: /home/inouemakoto/interbotix_ws/install/rviz_visual_tools/share/rviz_visual_tools/environment/library_path.sh
[1.391s] -- Up-to-date: /home/inouemakoto/interbotix_ws/install/rviz_visual_tools/share/rviz_visual_tools/environment/library_path.dsv
[1.396s] -- Up-to-date: /home/inouemakoto/interbotix_ws/install/rviz_visual_tools/share/ament_index/resource_index/package_run_dependencies/rviz_visual_tools
[1.396s] -- Up-to-date: /home/inouemakoto/interbotix_ws/install/rviz_visual_tools/share/ament_index/resource_index/parent_prefix_path/rviz_visual_tools
[1.396s] -- Up-to-date: /home/inouemakoto/interbotix_ws/install/rviz_visual_tools/share/rviz_visual_tools/environment/ament_prefix_path.sh
[1.397s] -- Up-to-date: /home/inouemakoto/interbotix_ws/install/rviz_visual_tools/share/rviz_visual_tools/environment/ament_prefix_path.dsv
[1.397s] -- Up-to-date: /home/inouemakoto/interbotix_ws/install/rviz_visual_tools/share/rviz_visual_tools/environment/path.sh
[1.397s] -- Up-to-date: /home/inouemakoto/interbotix_ws/install/rviz_visual_tools/share/rviz_visual_tools/environment/path.dsv
[1.397s] -- Up-to-date: /home/inouemakoto/interbotix_ws/install/rviz_visual_tools/share/rviz_visual_tools/local_setup.bash
[1.397s] -- Up-to-date: /home/inouemakoto/interbotix_ws/install/rviz_visual_tools/share/rviz_visual_tools/local_setup.sh
[1.398s] -- Up-to-date: /home/inouemakoto/interbotix_ws/install/rviz_visual_tools/share/rviz_visual_tools/local_setup.zsh
[1.398s] -- Up-to-date: /home/inouemakoto/interbotix_ws/install/rviz_visual_tools/share/rviz_visual_tools/local_setup.dsv
[1.399s] -- Installing: /home/inouemakoto/interbotix_ws/install/rviz_visual_tools/share/rviz_visual_tools/package.dsv
[1.399s] -- Up-to-date: /home/inouemakoto/interbotix_ws/install/rviz_visual_tools/share/ament_index/resource_index/packages/rviz_visual_tools
[1.399s] -- Up-to-date: /home/inouemakoto/interbotix_ws/install/rviz_visual_tools/share/ament_index/resource_index/rviz_common__pluginlib__plugin/rviz_visual_tools
[1.399s] -- Up-to-date: /home/inouemakoto/interbotix_ws/install/rviz_visual_tools/share/rviz_visual_tools/cmake/export_rviz_visual_toolsExport.cmake
[1.400s] -- Up-to-date: /home/inouemakoto/interbotix_ws/install/rviz_visual_tools/share/rviz_visual_tools/cmake/export_rviz_visual_toolsExport-noconfig.cmake
[1.400s] -- Up-to-date: /home/inouemakoto/interbotix_ws/install/rviz_visual_tools/share/rviz_visual_tools/cmake/ament_cmake_export_targets-extras.cmake
[1.400s] -- Up-to-date: /home/inouemakoto/interbotix_ws/install/rviz_visual_tools/share/rviz_visual_tools/cmake/ament_cmake_export_dependencies-extras.cmake
[1.404s] -- Up-to-date: /home/inouemakoto/interbotix_ws/install/rviz_visual_tools/share/rviz_visual_tools/cmake/ament_cmake_export_include_directories-extras.cmake
[1.404s] -- Up-to-date: /home/inouemakoto/interbotix_ws/install/rviz_visual_tools/share/rviz_visual_tools/cmake/ament_cmake_export_libraries-extras.cmake
[1.405s] -- Up-to-date: /home/inouemakoto/interbotix_ws/install/rviz_visual_tools/share/rviz_visual_tools/cmake/rviz_visual_toolsConfig.cmake
[1.405s] -- Up-to-date: /home/inouemakoto/interbotix_ws/install/rviz_visual_tools/share/rviz_visual_tools/cmake/rviz_visual_toolsConfig-version.cmake
[1.405s] -- Up-to-date: /home/inouemakoto/interbotix_ws/install/rviz_visual_tools/share/rviz_visual_tools/package.xml
[1.423s] Invoked command in '/home/inouemakoto/interbotix_ws/build/rviz_visual_tools' returned '0': CMAKE_PREFIX_PATH=${CMAKE_PREFIX_PATH}:/home/inouemakoto/interbotix_ws/install/moveit_service:/home/inouemakoto/interbotix_ws/install/interbotix_xs_modules:/home/inouemakoto/interbotix_ws/install/interbotix_common_modules:/home/inouemakoto/ws_moveit2/install/moveit_configs_utils:/home/inouemakoto/ws_moveit2/install/launch_param_builder:/home/inouemakoto/install/moveit_service:/home/inouemakoto/install/interbotix_xs_modules:/home/inouemakoto/install/interbotix_common_modules:/opt/ros/humble /usr/bin/cmake --install /home/inouemakoto/interbotix_ws/build/rviz_visual_tools
