running egg_info
writing ../../build/makoto/makoto.egg-info/PKG-INFO
writing dependency_links to ../../build/makoto/makoto.egg-info/dependency_links.txt
writing entry points to ../../build/makoto/makoto.egg-info/entry_points.txt
writing requirements to ../../build/makoto/makoto.egg-info/requires.txt
writing top-level names to ../../build/makoto/makoto.egg-info/top_level.txt
reading manifest file '../../build/makoto/makoto.egg-info/SOURCES.txt'
writing manifest file '../../build/makoto/makoto.egg-info/SOURCES.txt'
running build
running build_py
copying makoto/pick__place.py -> /home/inouemakoto/interbotix_ws/build/makoto/build/lib/makoto
running install
running install_lib
copying /home/inouemakoto/interbotix_ws/build/makoto/build/lib/makoto/pick__place.py -> /home/inouemakoto/interbotix_ws/install/makoto/lib/python3.10/site-packages/makoto
byte-compiling /home/inouemakoto/interbotix_ws/install/makoto/lib/python3.10/site-packages/makoto/pick__place.py to pick__place.cpython-310.pyc
running install_data
running install_egg_info
removing '/home/inouemakoto/interbotix_ws/install/makoto/lib/python3.10/site-packages/makoto-0.0.0-py3.10.egg-info' (and everything under it)
Copying ../../build/makoto/makoto.egg-info to /home/inouemakoto/interbotix_ws/install/makoto/lib/python3.10/site-packages/makoto-0.0.0-py3.10.egg-info
running install_scripts
Installing pick__place script to /home/inouemakoto/interbotix_ws/install/makoto/lib/makoto
writing list of installed files to '/home/inouemakoto/interbotix_ws/build/makoto/install.log'
