[0.318s] Invoking command in '/home/inouemakoto/interbotix_ws/build/rviz_visual_tools': CMAKE_PREFIX_PATH=${CMAKE_PREFIX_PATH}:/home/inouemakoto/interbotix_ws/install/interbotix_xs_modules:/home/inouemakoto/interbotix_ws/install/interbotix_common_modules:/home/inouemakoto/ws_moveit2/install/moveit_configs_utils:/home/inouemakoto/ws_moveit2/install/launch_param_builder:/home/inouemakoto/install/interbotix_xs_modules:/home/inouemakoto/install/interbotix_common_modules:/opt/ros/humble /usr/bin/cmake --build /home/inouemakoto/interbotix_ws/build/rviz_visual_tools -- -j20 -l20
[0.392s] [  2%] [34m[1mAutomatic MOC for target rviz_visual_tools_gui[0m
[0.393s] [  5%] [34m[1mAutomatic MOC for target rviz_visual_tools_remote_control[0m
[0.394s] [  7%] [34m[1mAutomatic MOC for target gtest_main[0m
[0.400s] [ 10%] [34m[1mAutomatic MOC for target gtest[0m
[0.450s] [ 10%] Built target gtest_main_autogen
[0.451s] [ 10%] Built target rviz_visual_tools_gui_autogen
[0.466s] [ 10%] Built target rviz_visual_tools_remote_control_autogen
[0.472s] [ 10%] Built target gtest_autogen
[0.487s] [ 17%] Built target gtest_main
[0.501s] [ 25%] Built target rviz_visual_tools_remote_control
[0.502s] [ 38%] Built target rviz_visual_tools_gui
[0.503s] [ 46%] Built target gtest
[0.526s] [ 48%] [34m[1mAutomatic MOC for target rviz_visual_tools[0m
[0.555s] [ 48%] Built target rviz_visual_tools_autogen
[0.598s] [ 58%] Built target rviz_visual_tools
[0.627s] [ 61%] [34m[1mAutomatic MOC for target rviz_visual_tools_imarker_simple[0m
[0.627s] [ 64%] [34m[1mAutomatic MOC for target rviz_visual_tools_rvt_test[0m
[0.628s] [ 66%] [34m[1mAutomatic MOC for target rviz_visual_tools_demo[0m
[0.653s] [ 66%] Built target rviz_visual_tools_rvt_test_autogen
[0.658s] [ 66%] Built target rviz_visual_tools_demo_autogen
[0.658s] [ 66%] Built target rviz_visual_tools_imarker_simple_autogen
[0.689s] [ 82%] Built target rviz_visual_tools_rvt_test
[0.689s] [ 82%] Built target rviz_visual_tools_imarker_simple
[0.689s] [ 89%] Built target rviz_visual_tools_demo
[0.715s] [ 92%] [34m[1mAutomatic MOC for target rviz_visual_tools_imarker_simple_demo[0m
[0.740s] [ 92%] Built target rviz_visual_tools_imarker_simple_demo_autogen
[0.775s] [100%] Built target rviz_visual_tools_imarker_simple_demo
[0.789s] Invoked command in '/home/inouemakoto/interbotix_ws/build/rviz_visual_tools' returned '0': CMAKE_PREFIX_PATH=${CMAKE_PREFIX_PATH}:/home/inouemakoto/interbotix_ws/install/interbotix_xs_modules:/home/inouemakoto/interbotix_ws/install/interbotix_common_modules:/home/inouemakoto/ws_moveit2/install/moveit_configs_utils:/home/inouemakoto/ws_moveit2/install/launch_param_builder:/home/inouemakoto/install/interbotix_xs_modules:/home/inouemakoto/install/interbotix_common_modules:/opt/ros/humble /usr/bin/cmake --build /home/inouemakoto/interbotix_ws/build/rviz_visual_tools -- -j20 -l20
[0.913s] Invoking command in '/home/inouemakoto/interbotix_ws/build/rviz_visual_tools': CMAKE_PREFIX_PATH=${CMAKE_PREFIX_PATH}:/home/inouemakoto/interbotix_ws/install/interbotix_xs_modules:/home/inouemakoto/interbotix_ws/install/interbotix_common_modules:/home/inouemakoto/ws_moveit2/install/moveit_configs_utils:/home/inouemakoto/ws_moveit2/install/launch_param_builder:/home/inouemakoto/install/interbotix_xs_modules:/home/inouemakoto/install/interbotix_common_modules:/opt/ros/humble /usr/bin/cmake --install /home/inouemakoto/interbotix_ws/build/rviz_visual_tools
[0.923s] -- Install configuration: "Debug"
[0.923s] -- Up-to-date: /home/inouemakoto/interbotix_ws/install/rviz_visual_tools/share/rviz_visual_tools/plugin_description.xml
[0.923s] -- Up-to-date: /home/inouemakoto/interbotix_ws/install/rviz_visual_tools/lib/librviz_visual_tools.so
[0.923s] -- Up-to-date: /home/inouemakoto/interbotix_ws/install/rviz_visual_tools/lib/librviz_visual_tools_remote_control.so
[0.923s] -- Up-to-date: /home/inouemakoto/interbotix_ws/install/rviz_visual_tools/lib/librviz_visual_tools_gui.so
[0.923s] -- Up-to-date: /home/inouemakoto/interbotix_ws/install/rviz_visual_tools/lib/librviz_visual_tools_imarker_simple.so
[0.923s] -- Up-to-date: /home/inouemakoto/interbotix_ws/install/rviz_visual_tools/lib/rviz_visual_tools/rviz_visual_tools_demo
[0.924s] -- Up-to-date: /home/inouemakoto/interbotix_ws/install/rviz_visual_tools/lib/rviz_visual_tools/rviz_visual_tools_imarker_simple_demo
[0.924s] -- Up-to-date: /home/inouemakoto/interbotix_ws/install/rviz_visual_tools/include
[0.924s] -- Up-to-date: /home/inouemakoto/interbotix_ws/install/rviz_visual_tools/include/rviz_visual_tools
[0.924s] -- Up-to-date: /home/inouemakoto/interbotix_ws/install/rviz_visual_tools/include/rviz_visual_tools/rviz_visual_tools_gui.hpp
[0.924s] -- Up-to-date: /home/inouemakoto/interbotix_ws/install/rviz_visual_tools/include/rviz_visual_tools/rviz_visual_tools.hpp
[0.924s] -- Up-to-date: /home/inouemakoto/interbotix_ws/install/rviz_visual_tools/include/rviz_visual_tools/key_tool.hpp
[0.925s] -- Up-to-date: /home/inouemakoto/interbotix_ws/install/rviz_visual_tools/include/rviz_visual_tools/imarker_simple.hpp
[0.925s] -- Up-to-date: /home/inouemakoto/interbotix_ws/install/rviz_visual_tools/include/rviz_visual_tools/remote_control.hpp
[0.925s] -- Up-to-date: /home/inouemakoto/interbotix_ws/install/rviz_visual_tools/include/rviz_visual_tools/remote_reciever.hpp
[0.925s] -- Up-to-date: /home/inouemakoto/interbotix_ws/install/rviz_visual_tools/include/rviz_visual_tools/tf_visual_tools.hpp
[0.925s] -- Up-to-date: /home/inouemakoto/interbotix_ws/install/rviz_visual_tools/share/rviz_visual_tools/launch
[0.925s] -- Up-to-date: /home/inouemakoto/interbotix_ws/install/rviz_visual_tools/share/rviz_visual_tools/launch/demo.rviz
[0.925s] -- Up-to-date: /home/inouemakoto/interbotix_ws/install/rviz_visual_tools/share/rviz_visual_tools/launch/demo_combined.launch.py
[0.925s] -- Up-to-date: /home/inouemakoto/interbotix_ws/install/rviz_visual_tools/share/rviz_visual_tools/launch/rvt_test.launch
[0.925s] -- Up-to-date: /home/inouemakoto/interbotix_ws/install/rviz_visual_tools/share/rviz_visual_tools/launch/demo_rviz.launch.py
[0.926s] -- Up-to-date: /home/inouemakoto/interbotix_ws/install/rviz_visual_tools/share/rviz_visual_tools/environment/library_path.sh
[0.926s] -- Up-to-date: /home/inouemakoto/interbotix_ws/install/rviz_visual_tools/share/rviz_visual_tools/environment/library_path.dsv
[0.926s] -- Up-to-date: /home/inouemakoto/interbotix_ws/install/rviz_visual_tools/share/ament_index/resource_index/package_run_dependencies/rviz_visual_tools
[0.929s] -- Up-to-date: /home/inouemakoto/interbotix_ws/install/rviz_visual_tools/share/ament_index/resource_index/parent_prefix_path/rviz_visual_tools
[0.929s] -- Up-to-date: /home/inouemakoto/interbotix_ws/install/rviz_visual_tools/share/rviz_visual_tools/environment/ament_prefix_path.sh
[0.929s] -- Up-to-date: /home/inouemakoto/interbotix_ws/install/rviz_visual_tools/share/rviz_visual_tools/environment/ament_prefix_path.dsv
[0.930s] -- Up-to-date: /home/inouemakoto/interbotix_ws/install/rviz_visual_tools/share/rviz_visual_tools/environment/path.sh
[0.930s] -- Up-to-date: /home/inouemakoto/interbotix_ws/install/rviz_visual_tools/share/rviz_visual_tools/environment/path.dsv
[0.930s] -- Up-to-date: /home/inouemakoto/interbotix_ws/install/rviz_visual_tools/share/rviz_visual_tools/local_setup.bash
[0.930s] -- Up-to-date: /home/inouemakoto/interbotix_ws/install/rviz_visual_tools/share/rviz_visual_tools/local_setup.sh
[0.930s] -- Up-to-date: /home/inouemakoto/interbotix_ws/install/rviz_visual_tools/share/rviz_visual_tools/local_setup.zsh
[0.931s] -- Up-to-date: /home/inouemakoto/interbotix_ws/install/rviz_visual_tools/share/rviz_visual_tools/local_setup.dsv
[0.931s] -- Installing: /home/inouemakoto/interbotix_ws/install/rviz_visual_tools/share/rviz_visual_tools/package.dsv
[0.931s] -- Up-to-date: /home/inouemakoto/interbotix_ws/install/rviz_visual_tools/share/ament_index/resource_index/packages/rviz_visual_tools
[0.931s] -- Up-to-date: /home/inouemakoto/interbotix_ws/install/rviz_visual_tools/share/ament_index/resource_index/rviz_common__pluginlib__plugin/rviz_visual_tools
[0.931s] -- Up-to-date: /home/inouemakoto/interbotix_ws/install/rviz_visual_tools/share/rviz_visual_tools/cmake/export_rviz_visual_toolsExport.cmake
[0.931s] -- Up-to-date: /home/inouemakoto/interbotix_ws/install/rviz_visual_tools/share/rviz_visual_tools/cmake/export_rviz_visual_toolsExport-debug.cmake
[0.931s] -- Up-to-date: /home/inouemakoto/interbotix_ws/install/rviz_visual_tools/share/rviz_visual_tools/cmake/ament_cmake_export_targets-extras.cmake
[0.932s] -- Up-to-date: /home/inouemakoto/interbotix_ws/install/rviz_visual_tools/share/rviz_visual_tools/cmake/ament_cmake_export_dependencies-extras.cmake
[0.933s] -- Up-to-date: /home/inouemakoto/interbotix_ws/install/rviz_visual_tools/share/rviz_visual_tools/cmake/ament_cmake_export_include_directories-extras.cmake
[0.933s] -- Up-to-date: /home/inouemakoto/interbotix_ws/install/rviz_visual_tools/share/rviz_visual_tools/cmake/ament_cmake_export_libraries-extras.cmake
[0.933s] -- Up-to-date: /home/inouemakoto/interbotix_ws/install/rviz_visual_tools/share/rviz_visual_tools/cmake/rviz_visual_toolsConfig.cmake
[0.933s] -- Up-to-date: /home/inouemakoto/interbotix_ws/install/rviz_visual_tools/share/rviz_visual_tools/cmake/rviz_visual_toolsConfig-version.cmake
[0.933s] -- Up-to-date: /home/inouemakoto/interbotix_ws/install/rviz_visual_tools/share/rviz_visual_tools/package.xml
[0.933s] Invoked command in '/home/inouemakoto/interbotix_ws/build/rviz_visual_tools' returned '0': CMAKE_PREFIX_PATH=${CMAKE_PREFIX_PATH}:/home/inouemakoto/interbotix_ws/install/interbotix_xs_modules:/home/inouemakoto/interbotix_ws/install/interbotix_common_modules:/home/inouemakoto/ws_moveit2/install/moveit_configs_utils:/home/inouemakoto/ws_moveit2/install/launch_param_builder:/home/inouemakoto/install/interbotix_xs_modules:/home/inouemakoto/install/interbotix_common_modules:/opt/ros/humble /usr/bin/cmake --install /home/inouemakoto/interbotix_ws/build/rviz_visual_tools
