[7.744s] Invoking command in '/home/inouemakoto/interbotix_ws/src/makoto': PYTHONPATH=/home/inouemakoto/interbotix_ws/build/makoto/prefix_override:/home/inouemakoto/interbotix_ws/install/makoto/lib/python3.10/site-packages:${PYTHONPATH} /usr/bin/python3 setup.py egg_info --egg-base ../../build/makoto build --build-base /home/inouemakoto/interbotix_ws/build/makoto/build install --record /home/inouemakoto/interbotix_ws/build/makoto/install.log --single-version-externally-managed
[8.284s] running egg_info
[8.286s] writing ../../build/makoto/makoto.egg-info/PKG-INFO
[8.287s] writing dependency_links to ../../build/makoto/makoto.egg-info/dependency_links.txt
[8.287s] writing entry points to ../../build/makoto/makoto.egg-info/entry_points.txt
[8.287s] writing requirements to ../../build/makoto/makoto.egg-info/requires.txt
[8.288s] writing top-level names to ../../build/makoto/makoto.egg-info/top_level.txt
[8.296s] reading manifest file '../../build/makoto/makoto.egg-info/SOURCES.txt'
[8.307s] writing manifest file '../../build/makoto/makoto.egg-info/SOURCES.txt'
[8.308s] running build
[8.308s] running build_py
[8.309s] running install
[8.309s] running install_lib
[8.309s] running install_data
[8.336s] running install_egg_info
[8.352s] removing '/home/inouemakoto/interbotix_ws/install/makoto/lib/python3.10/site-packages/makoto-0.0.0-py3.10.egg-info' (and everything under it)
[8.353s] Copying ../../build/makoto/makoto.egg-info to /home/inouemakoto/interbotix_ws/install/makoto/lib/python3.10/site-packages/makoto-0.0.0-py3.10.egg-info
[8.356s] running install_scripts
[8.358s] Installing pick__place script to /home/inouemakoto/interbotix_ws/install/makoto/lib/makoto
[8.358s] writing list of installed files to '/home/inouemakoto/interbotix_ws/build/makoto/install.log'
[11.315s] Invoked command in '/home/inouemakoto/interbotix_ws/src/makoto' returned '0': PYTHONPATH=/home/inouemakoto/interbotix_ws/build/makoto/prefix_override:/home/inouemakoto/interbotix_ws/install/makoto/lib/python3.10/site-packages:${PYTHONPATH} /usr/bin/python3 setup.py egg_info --egg-base ../../build/makoto build --build-base /home/inouemakoto/interbotix_ws/build/makoto/build install --record /home/inouemakoto/interbotix_ws/build/makoto/install.log --single-version-externally-managed
