[3.852s] Invoking command in '/home/inouemakoto/interbotix_ws/src/makoto': PYTHONPATH=/home/inouemakoto/interbotix_ws/build/makoto/prefix_override:/home/inouemakoto/interbotix_ws/install/makoto/lib/python3.10/site-packages:${PYTHONPATH} /usr/bin/python3 setup.py egg_info --egg-base ../../build/makoto build --build-base /home/inouemakoto/interbotix_ws/build/makoto/build install --record /home/inouemakoto/interbotix_ws/build/makoto/install.log --single-version-externally-managed
[4.072s] running egg_info
[4.087s] writing ../../build/makoto/makoto.egg-info/PKG-INFO
[4.087s] writing dependency_links to ../../build/makoto/makoto.egg-info/dependency_links.txt
[4.087s] writing entry points to ../../build/makoto/makoto.egg-info/entry_points.txt
[4.087s] writing requirements to ../../build/makoto/makoto.egg-info/requires.txt
[4.087s] writing top-level names to ../../build/makoto/makoto.egg-info/top_level.txt
[4.118s] reading manifest file '../../build/makoto/makoto.egg-info/SOURCES.txt'
[4.119s] writing manifest file '../../build/makoto/makoto.egg-info/SOURCES.txt'
[4.119s] running build
[4.119s] running build_py
[4.119s] running install
[4.119s] /home/inouemakoto/.local/lib/python3.10/site-packages/setuptools/_distutils/cmd.py:66: SetuptoolsDeprecationWarning: setup.py install is deprecated.
[4.120s] !!
[4.120s] 
[4.120s]         ********************************************************************************
[4.120s]         Please avoid running ``setup.py`` directly.
[4.120s]         Instead, use pypa/build, pypa/installer or other
[4.120s]         standards-based tools.
[4.120s] 
[4.120s]         See https://blog.ganssle.io/articles/2021/10/setup-py-deprecated.html for details.
[4.120s]         ********************************************************************************
[4.120s] 
[4.120s] !!
[4.120s]   self.initialize_options()
[4.124s] running install_lib
[4.141s] running install_data
[4.156s] running install_egg_info
[4.172s] removing '/home/inouemakoto/interbotix_ws/install/makoto/lib/python3.10/site-packages/makoto-0.0.0-py3.10.egg-info' (and everything under it)
[4.172s] Copying ../../build/makoto/makoto.egg-info to /home/inouemakoto/interbotix_ws/install/makoto/lib/python3.10/site-packages/makoto-0.0.0-py3.10.egg-info
[4.173s] running install_scripts
[4.319s] Installing pick__place script to /home/inouemakoto/interbotix_ws/install/makoto/lib/makoto
[4.319s] writing list of installed files to '/home/inouemakoto/interbotix_ws/build/makoto/install.log'
[5.285s] Invoked command in '/home/inouemakoto/interbotix_ws/src/makoto' returned '0': PYTHONPATH=/home/inouemakoto/interbotix_ws/build/makoto/prefix_override:/home/inouemakoto/interbotix_ws/install/makoto/lib/python3.10/site-packages:${PYTHONPATH} /usr/bin/python3 setup.py egg_info --egg-base ../../build/makoto build --build-base /home/inouemakoto/interbotix_ws/build/makoto/build install --record /home/inouemakoto/interbotix_ws/build/makoto/install.log --single-version-externally-managed
