[6.992s] Invoking command in '/home/inouemakoto/interbotix_ws/build/moveit_service': PYTHONPATH=/home/inouemakoto/interbotix_ws/build/moveit_service/prefix_override:/home/inouemakoto/interbotix_ws/install/moveit_service/lib/python3.10/site-packages:${PYTHONPATH} /usr/bin/python3 setup.py develop --uninstall --editable --build-directory /home/inouemakoto/interbotix_ws/build/moveit_service/build
[8.225s] running develop
[9.255s] Invoked command in '/home/inouemakoto/interbotix_ws/build/moveit_service' returned '0': PYTHONPATH=/home/inouemakoto/interbotix_ws/build/moveit_service/prefix_override:/home/inouemakoto/interbotix_ws/install/moveit_service/lib/python3.10/site-packages:${PYTHONPATH} /usr/bin/python3 setup.py develop --uninstall --editable --build-directory /home/inouemakoto/interbotix_ws/build/moveit_service/build
[9.265s] Invoking command in '/home/inouemakoto/interbotix_ws/src/moveit_service': PYTHONPATH=/home/inouemakoto/interbotix_ws/build/moveit_service/prefix_override:/home/inouemakoto/interbotix_ws/install/moveit_service/lib/python3.10/site-packages:${PYTHONPATH} /usr/bin/python3 setup.py egg_info --egg-base ../../build/moveit_service build --build-base /home/inouemakoto/interbotix_ws/build/moveit_service/build install --record /home/inouemakoto/interbotix_ws/build/moveit_service/install.log --single-version-externally-managed
[10.530s] running egg_info
[10.536s] writing ../../build/moveit_service/moveit_service.egg-info/PKG-INFO
[10.539s] writing dependency_links to ../../build/moveit_service/moveit_service.egg-info/dependency_links.txt
[10.539s] writing entry points to ../../build/moveit_service/moveit_service.egg-info/entry_points.txt
[10.540s] writing requirements to ../../build/moveit_service/moveit_service.egg-info/requires.txt
[10.540s] writing top-level names to ../../build/moveit_service/moveit_service.egg-info/top_level.txt
[10.560s] reading manifest file '../../build/moveit_service/moveit_service.egg-info/SOURCES.txt'
[10.565s] writing manifest file '../../build/moveit_service/moveit_service.egg-info/SOURCES.txt'
[10.565s] running build
[10.566s] running build_py
[10.572s] copying moveit_service/interbotix_gripper.py -> /home/inouemakoto/interbotix_ws/build/moveit_service/build/lib/moveit_service
[10.580s] running install
[10.581s] running install_lib
[10.586s] copying /home/inouemakoto/interbotix_ws/build/moveit_service/build/lib/moveit_service/interbotix_gripper.py -> /home/inouemakoto/interbotix_ws/install/moveit_service/lib/python3.10/site-packages/moveit_service
[10.587s] byte-compiling /home/inouemakoto/interbotix_ws/install/moveit_service/lib/python3.10/site-packages/moveit_service/interbotix_gripper.py to interbotix_gripper.cpython-310.pyc
[10.588s] running install_data
[10.588s] running install_egg_info
[10.600s] removing '/home/inouemakoto/interbotix_ws/install/moveit_service/lib/python3.10/site-packages/moveit_service-0.0.0-py3.10.egg-info' (and everything under it)
[10.602s] Copying ../../build/moveit_service/moveit_service.egg-info to /home/inouemakoto/interbotix_ws/install/moveit_service/lib/python3.10/site-packages/moveit_service-0.0.0-py3.10.egg-info
[10.603s] running install_scripts
[10.705s] Installing interbotix_gripper script to /home/inouemakoto/interbotix_ws/install/moveit_service/lib/moveit_service
[10.706s] Installing moveit_order script to /home/inouemakoto/interbotix_ws/install/moveit_service/lib/moveit_service
[10.710s] writing list of installed files to '/home/inouemakoto/interbotix_ws/build/moveit_service/install.log'
[11.135s] Invoked command in '/home/inouemakoto/interbotix_ws/src/moveit_service' returned '0': PYTHONPATH=/home/inouemakoto/interbotix_ws/build/moveit_service/prefix_override:/home/inouemakoto/interbotix_ws/install/moveit_service/lib/python3.10/site-packages:${PYTHONPATH} /usr/bin/python3 setup.py egg_info --egg-base ../../build/moveit_service build --build-base /home/inouemakoto/interbotix_ws/build/moveit_service/build install --record /home/inouemakoto/interbotix_ws/build/moveit_service/install.log --single-version-externally-managed
