[0.273s] Invoking command in '/home/inouemakoto/interbotix_ws/build/vx300s_moveit_config': CMAKE_PREFIX_PATH=${CMAKE_PREFIX_PATH}:/home/inouemakoto/interbotix_ws/install/interbotix_xs_modules:/home/inouemakoto/interbotix_ws/install/interbotix_common_modules:/home/inouemakoto/ws_moveit2/install/moveit_configs_utils:/home/inouemakoto/ws_moveit2/install/launch_param_builder:/opt/ros/humble /usr/bin/cmake --build /home/inouemakoto/interbotix_ws/build/vx300s_moveit_config -- -j20 -l20
[0.355s] Invoked command in '/home/inouemakoto/interbotix_ws/build/vx300s_moveit_config' returned '0': CMAKE_PREFIX_PATH=${CMAKE_PREFIX_PATH}:/home/inouemakoto/interbotix_ws/install/interbotix_xs_modules:/home/inouemakoto/interbotix_ws/install/interbotix_common_modules:/home/inouemakoto/ws_moveit2/install/moveit_configs_utils:/home/inouemakoto/ws_moveit2/install/launch_param_builder:/opt/ros/humble /usr/bin/cmake --build /home/inouemakoto/interbotix_ws/build/vx300s_moveit_config -- -j20 -l20
[0.451s] Invoking command in '/home/inouemakoto/interbotix_ws/build/vx300s_moveit_config': CMAKE_PREFIX_PATH=${CMAKE_PREFIX_PATH}:/home/inouemakoto/interbotix_ws/install/interbotix_xs_modules:/home/inouemakoto/interbotix_ws/install/interbotix_common_modules:/home/inouemakoto/ws_moveit2/install/moveit_configs_utils:/home/inouemakoto/ws_moveit2/install/launch_param_builder:/opt/ros/humble /usr/bin/cmake --install /home/inouemakoto/interbotix_ws/build/vx300s_moveit_config
[0.462s] -- Install configuration: ""
[0.463s] -- Up-to-date: /home/inouemakoto/interbotix_ws/install/vx300s_moveit_config/share/vx300s_moveit_config//launch
[0.463s] -- Up-to-date: /home/inouemakoto/interbotix_ws/install/vx300s_moveit_config/share/vx300s_moveit_config//launch/moveit_demo.launch.py
[0.463s] -- Up-to-date: /home/inouemakoto/interbotix_ws/install/vx300s_moveit_config/share/vx300s_moveit_config//config
[0.463s] -- Up-to-date: /home/inouemakoto/interbotix_ws/install/vx300s_moveit_config/share/vx300s_moveit_config//config/vx300s.srdf.xacro
[0.463s] -- Up-to-date: /home/inouemakoto/interbotix_ws/install/vx300s_moveit_config/share/vx300s_moveit_config//config/ompl_planning.yaml
[0.463s] -- Up-to-date: /home/inouemakoto/interbotix_ws/install/vx300s_moveit_config/share/vx300s_moveit_config//config/vx300s_ros2_controllers.yaml
[0.463s] -- Up-to-date: /home/inouemakoto/interbotix_ws/install/vx300s_moveit_config/share/vx300s_moveit_config//config/modes.yaml
[0.463s] -- Up-to-date: /home/inouemakoto/interbotix_ws/install/vx300s_moveit_config/share/vx300s_moveit_config//config/vx300s_joint_limits.yaml
[0.464s] -- Up-to-date: /home/inouemakoto/interbotix_ws/install/vx300s_moveit_config/share/vx300s_moveit_config//config/vx300s_controllers.yaml
[0.464s] -- Up-to-date: /home/inouemakoto/interbotix_ws/install/vx300s_moveit_config/share/vx300s_moveit_config//config/chomp_planning.yaml
[0.464s] -- Up-to-date: /home/inouemakoto/interbotix_ws/install/vx300s_moveit_config/share/vx300s_moveit_config//config/kinematics.yaml
[0.464s] -- Up-to-date: /home/inouemakoto/interbotix_ws/install/vx300s_moveit_config/share/ament_index/resource_index/package_run_dependencies/vx300s_moveit_config
[0.464s] -- Up-to-date: /home/inouemakoto/interbotix_ws/install/vx300s_moveit_config/share/ament_index/resource_index/parent_prefix_path/vx300s_moveit_config
[0.464s] -- Up-to-date: /home/inouemakoto/interbotix_ws/install/vx300s_moveit_config/share/vx300s_moveit_config/environment/ament_prefix_path.sh
[0.464s] -- Up-to-date: /home/inouemakoto/interbotix_ws/install/vx300s_moveit_config/share/vx300s_moveit_config/environment/ament_prefix_path.dsv
[0.464s] -- Up-to-date: /home/inouemakoto/interbotix_ws/install/vx300s_moveit_config/share/vx300s_moveit_config/environment/path.sh
[0.464s] -- Up-to-date: /home/inouemakoto/interbotix_ws/install/vx300s_moveit_config/share/vx300s_moveit_config/environment/path.dsv
[0.465s] -- Up-to-date: /home/inouemakoto/interbotix_ws/install/vx300s_moveit_config/share/vx300s_moveit_config/local_setup.bash
[0.465s] -- Up-to-date: /home/inouemakoto/interbotix_ws/install/vx300s_moveit_config/share/vx300s_moveit_config/local_setup.sh
[0.465s] -- Up-to-date: /home/inouemakoto/interbotix_ws/install/vx300s_moveit_config/share/vx300s_moveit_config/local_setup.zsh
[0.465s] -- Up-to-date: /home/inouemakoto/interbotix_ws/install/vx300s_moveit_config/share/vx300s_moveit_config/local_setup.dsv
[0.465s] -- Installing: /home/inouemakoto/interbotix_ws/install/vx300s_moveit_config/share/vx300s_moveit_config/package.dsv
[0.465s] -- Up-to-date: /home/inouemakoto/interbotix_ws/install/vx300s_moveit_config/share/ament_index/resource_index/packages/vx300s_moveit_config
[0.468s] -- Up-to-date: /home/inouemakoto/interbotix_ws/install/vx300s_moveit_config/share/vx300s_moveit_config/cmake/vx300s_moveit_configConfig.cmake
[0.469s] -- Up-to-date: /home/inouemakoto/interbotix_ws/install/vx300s_moveit_config/share/vx300s_moveit_config/cmake/vx300s_moveit_configConfig-version.cmake
[0.469s] -- Up-to-date: /home/inouemakoto/interbotix_ws/install/vx300s_moveit_config/share/vx300s_moveit_config/package.xml
[0.471s] Invoked command in '/home/inouemakoto/interbotix_ws/build/vx300s_moveit_config' returned '0': CMAKE_PREFIX_PATH=${CMAKE_PREFIX_PATH}:/home/inouemakoto/interbotix_ws/install/interbotix_xs_modules:/home/inouemakoto/interbotix_ws/install/interbotix_common_modules:/home/inouemakoto/ws_moveit2/install/moveit_configs_utils:/home/inouemakoto/ws_moveit2/install/launch_param_builder:/opt/ros/humble /usr/bin/cmake --install /home/inouemakoto/interbotix_ws/build/vx300s_moveit_config
