[0.373s] Invoking command in '/home/inouemakoto/interbotix_ws/build/interbotix_common_sim': CMAKE_PREFIX_PATH=${CMAKE_PREFIX_PATH}:/home/inouemakoto/interbotix_ws/install/moveit_service:/home/inouemakoto/interbotix_ws/install/interbotix_xs_modules:/home/inouemakoto/interbotix_ws/install/interbotix_common_modules:/home/inouemakoto/ws_moveit2/install/moveit_configs_utils:/home/inouemakoto/ws_moveit2/install/launch_param_builder:/home/inouemakoto/install/interbotix_xs_modules:/home/inouemakoto/install/interbotix_common_modules:/opt/ros/humble /usr/bin/cmake --build /home/inouemakoto/interbotix_ws/build/interbotix_common_sim -- -j20 -l20
[0.753s] Invoked command in '/home/inouemakoto/interbotix_ws/build/interbotix_common_sim' returned '0': CMAKE_PREFIX_PATH=${CMAKE_PREFIX_PATH}:/home/inouemakoto/interbotix_ws/install/moveit_service:/home/inouemakoto/interbotix_ws/install/interbotix_xs_modules:/home/inouemakoto/interbotix_ws/install/interbotix_common_modules:/home/inouemakoto/ws_moveit2/install/moveit_configs_utils:/home/inouemakoto/ws_moveit2/install/launch_param_builder:/home/inouemakoto/install/interbotix_xs_modules:/home/inouemakoto/install/interbotix_common_modules:/opt/ros/humble /usr/bin/cmake --build /home/inouemakoto/interbotix_ws/build/interbotix_common_sim -- -j20 -l20
[0.780s] Invoking command in '/home/inouemakoto/interbotix_ws/build/interbotix_common_sim': CMAKE_PREFIX_PATH=${CMAKE_PREFIX_PATH}:/home/inouemakoto/interbotix_ws/install/moveit_service:/home/inouemakoto/interbotix_ws/install/interbotix_xs_modules:/home/inouemakoto/interbotix_ws/install/interbotix_common_modules:/home/inouemakoto/ws_moveit2/install/moveit_configs_utils:/home/inouemakoto/ws_moveit2/install/launch_param_builder:/home/inouemakoto/install/interbotix_xs_modules:/home/inouemakoto/install/interbotix_common_modules:/opt/ros/humble /usr/bin/cmake --install /home/inouemakoto/interbotix_ws/build/interbotix_common_sim
[0.795s] -- Install configuration: "Debug"
[0.795s] -- Up-to-date: /home/inouemakoto/interbotix_ws/install/interbotix_common_sim/share/interbotix_common_sim/models
[0.795s] -- Up-to-date: /home/inouemakoto/interbotix_ws/install/interbotix_common_sim/share/interbotix_common_sim/models/TrossenRoboticsOfficeBuilding
[0.796s] -- Up-to-date: /home/inouemakoto/interbotix_ws/install/interbotix_common_sim/share/interbotix_common_sim/models/TrossenRoboticsOfficeBuilding/model.config
[0.796s] -- Up-to-date: /home/inouemakoto/interbotix_ws/install/interbotix_common_sim/share/interbotix_common_sim/models/TrossenRoboticsOfficeBuilding/TrossenRoboticsOfficeBuilding.sdf
[0.796s] -- Up-to-date: /home/inouemakoto/interbotix_ws/install/interbotix_common_sim/share/interbotix_common_sim/models/RealSenseD415
[0.796s] -- Up-to-date: /home/inouemakoto/interbotix_ws/install/interbotix_common_sim/share/interbotix_common_sim/models/RealSenseD415/model.config
[0.796s] -- Up-to-date: /home/inouemakoto/interbotix_ws/install/interbotix_common_sim/share/interbotix_common_sim/models/RealSenseD415/RealSenseD415.sdf
[0.796s] -- Up-to-date: /home/inouemakoto/interbotix_ws/install/interbotix_common_sim/share/interbotix_common_sim/models/RealSenseD415/camera.stl
[0.796s] -- Up-to-date: /home/inouemakoto/interbotix_ws/install/interbotix_common_sim/share/interbotix_common_sim/models/VisionKit
[0.797s] -- Up-to-date: /home/inouemakoto/interbotix_ws/install/interbotix_common_sim/share/interbotix_common_sim/models/VisionKit/VisionKit.sdf
[0.797s] -- Up-to-date: /home/inouemakoto/interbotix_ws/install/interbotix_common_sim/share/interbotix_common_sim/models/VisionKit/model.config
[0.797s] -- Up-to-date: /home/inouemakoto/interbotix_ws/install/interbotix_common_sim/share/interbotix_common_sim/models/VisionKit/stand.stl
[0.797s] -- Up-to-date: /home/inouemakoto/interbotix_ws/install/interbotix_common_sim/share/interbotix_common_sim/worlds
[0.797s] -- Up-to-date: /home/inouemakoto/interbotix_ws/install/interbotix_common_sim/share/interbotix_common_sim/worlds/interbotix.world
[0.797s] -- Up-to-date: /home/inouemakoto/interbotix_ws/install/interbotix_common_sim/share/interbotix_common_sim/worlds/vision_kit.world
[0.797s] -- Up-to-date: /home/inouemakoto/interbotix_ws/install/interbotix_common_sim/share/interbotix_common_sim/media
[0.798s] -- Up-to-date: /home/inouemakoto/interbotix_ws/install/interbotix_common_sim/share/interbotix_common_sim/media/interbotix_black.png
[0.798s] -- Up-to-date: /home/inouemakoto/interbotix_ws/install/interbotix_common_sim/share/interbotix_common_sim/media/materials
[0.798s] -- Up-to-date: /home/inouemakoto/interbotix_ws/install/interbotix_common_sim/share/interbotix_common_sim/media/materials/textures
[0.798s] -- Up-to-date: /home/inouemakoto/interbotix_ws/install/interbotix_common_sim/share/interbotix_common_sim/media/materials/textures/interbotix_black.png
[0.798s] -- Up-to-date: /home/inouemakoto/interbotix_ws/install/interbotix_common_sim/share/interbotix_common_sim/media/materials/scripts
[0.798s] -- Up-to-date: /home/inouemakoto/interbotix_ws/install/interbotix_common_sim/share/interbotix_common_sim/media/materials/scripts/interbotix_texture.gazebo
[0.798s] -- Up-to-date: /home/inouemakoto/interbotix_ws/install/interbotix_common_sim/share/interbotix_common_sim/media/materials/scripts/interbotix_black.material
[0.798s] -- Up-to-date: /home/inouemakoto/interbotix_ws/install/interbotix_common_sim/share/ament_index/resource_index/package_run_dependencies/interbotix_common_sim
[0.798s] -- Up-to-date: /home/inouemakoto/interbotix_ws/install/interbotix_common_sim/share/ament_index/resource_index/parent_prefix_path/interbotix_common_sim
[0.799s] -- Up-to-date: /home/inouemakoto/interbotix_ws/install/interbotix_common_sim/share/interbotix_common_sim/environment/ament_prefix_path.sh
[0.799s] -- Up-to-date: /home/inouemakoto/interbotix_ws/install/interbotix_common_sim/share/interbotix_common_sim/environment/ament_prefix_path.dsv
[0.800s] -- Up-to-date: /home/inouemakoto/interbotix_ws/install/interbotix_common_sim/share/interbotix_common_sim/environment/path.sh
[0.800s] -- Up-to-date: /home/inouemakoto/interbotix_ws/install/interbotix_common_sim/share/interbotix_common_sim/environment/path.dsv
[0.802s] -- Up-to-date: /home/inouemakoto/interbotix_ws/install/interbotix_common_sim/share/interbotix_common_sim/local_setup.bash
[0.802s] -- Up-to-date: /home/inouemakoto/interbotix_ws/install/interbotix_common_sim/share/interbotix_common_sim/local_setup.sh
[0.802s] -- Up-to-date: /home/inouemakoto/interbotix_ws/install/interbotix_common_sim/share/interbotix_common_sim/local_setup.zsh
[0.802s] -- Up-to-date: /home/inouemakoto/interbotix_ws/install/interbotix_common_sim/share/interbotix_common_sim/local_setup.dsv
[0.802s] -- Installing: /home/inouemakoto/interbotix_ws/install/interbotix_common_sim/share/interbotix_common_sim/package.dsv
[0.802s] -- Up-to-date: /home/inouemakoto/interbotix_ws/install/interbotix_common_sim/share/ament_index/resource_index/packages/interbotix_common_sim
[0.803s] -- Up-to-date: /home/inouemakoto/interbotix_ws/install/interbotix_common_sim/share/interbotix_common_sim/cmake/interbotix_common_simConfig.cmake
[0.803s] -- Up-to-date: /home/inouemakoto/interbotix_ws/install/interbotix_common_sim/share/interbotix_common_sim/cmake/interbotix_common_simConfig-version.cmake
[0.803s] -- Up-to-date: /home/inouemakoto/interbotix_ws/install/interbotix_common_sim/share/interbotix_common_sim/package.xml
[0.809s] Invoked command in '/home/inouemakoto/interbotix_ws/build/interbotix_common_sim' returned '0': CMAKE_PREFIX_PATH=${CMAKE_PREFIX_PATH}:/home/inouemakoto/interbotix_ws/install/moveit_service:/home/inouemakoto/interbotix_ws/install/interbotix_xs_modules:/home/inouemakoto/interbotix_ws/install/interbotix_common_modules:/home/inouemakoto/ws_moveit2/install/moveit_configs_utils:/home/inouemakoto/ws_moveit2/install/launch_param_builder:/home/inouemakoto/install/interbotix_xs_modules:/home/inouemakoto/install/interbotix_common_modules:/opt/ros/humble /usr/bin/cmake --install /home/inouemakoto/interbotix_ws/build/interbotix_common_sim
