[0.021s] Invoking command in '/home/inouemakoto/interbotix_ws/src/build/interbotix_xs_sdk': AMENT_PREFIX_PATH=/home/inouemakoto/interbotix_ws/src/install/interbotix_xs_driver:/home/inouemakoto/interbotix_ws/src/install/interbotix_xs_msgs:/home/inouemakoto/interbotix_ws/src/install/dynamixel_workbench_toolbox:${AMENT_PREFIX_PATH} CMAKE_PREFIX_PATH=/home/inouemakoto/interbotix_ws/src/install/interbotix_xs_driver:/home/inouemakoto/interbotix_ws/src/install/interbotix_xs_msgs:/home/inouemakoto/interbotix_ws/src/install/dynamixel_workbench_toolbox:/home/inouemakoto/interbotix_ws/install/interbotix_ros_xsarms_examples:/home/inouemakoto/interbotix_ws/install/interbotix_xsarm_moveit_interface:/home/inouemakoto/interbotix_ws/install/interbotix_moveit_interface:/home/inouemakoto/interbotix_ws/install/moveit_visual_tools:/home/inouemakoto/interbotix_ws/install/rviz_visual_tools:/home/inouemakoto/interbotix_ws/install/interbotix_ros_xsarms:/home/inouemakoto/interbotix_ws/install/interbotix_xsarm_moveit:/home/inouemakoto/interbotix_ws/install/interbotix_xsarm_sim:/home/inouemakoto/interbotix_ws/install/interbotix_xsarm_ros_control:/home/inouemakoto/interbotix_ws/install/interbotix_xsarm_joy:/home/inouemakoto/interbotix_ws/install/interbotix_xsarm_control:/home/inouemakoto/interbotix_ws/install/interbotix_xsarm_descriptions:/home/inouemakoto/interbotix_ws/install/interbotix_xs_toolbox:/home/inouemakoto/interbotix_ws/install/interbotix_xs_rviz:/home/inouemakoto/interbotix_ws/install/interbotix_ros_xseries:/home/inouemakoto/interbotix_ws/install/interbotix_xs_sdk:/home/inouemakoto/interbotix_ws/install/interbotix_xs_ros_control:/home/inouemakoto/interbotix_ws/install/interbotix_xs_msgs:/home/inouemakoto/interbotix_ws/install/interbotix_xs_driver:/home/inouemakoto/interbotix_ws/install/interbotix_tf_tools:/home/inouemakoto/interbotix_ws/install/interbotix_moveit_interface_msgs:/home/inouemakoto/interbotix_ws/install/interbotix_common_toolbox:/home/inouemakoto/interbotix_ws/install/interbotix_common_sim:/home/inouemakoto/interbotix_ws/install/graph_msgs:/home/inouemakoto/interbotix_ws/install/dynamixel_workbench_toolbox:/home/inouemakoto/robotis_ws/install/dynamixel_sdk_examples:/home/inouemakoto/robotis_ws/install/dynamixel_sdk_custom_interfaces:/home/inouemakoto/robotis_ws/install/dynamixel_sdk:/home/inouemakoto/interbotix_ws/install/interbotix_xs_modules:/home/inouemakoto/interbotix_ws/install/interbotix_common_modules:/opt/ros/humble LD_LIBRARY_PATH=/home/inouemakoto/interbotix_ws/src/install/interbotix_xs_driver/lib:/home/inouemakoto/interbotix_ws/src/install/interbotix_xs_msgs/lib:/home/inouemakoto/interbotix_ws/src/install/dynamixel_workbench_toolbox/lib:/home/inouemakoto/interbotix_ws/install/moveit_visual_tools/lib:/home/inouemakoto/interbotix_ws/install/rviz_visual_tools/lib:/home/inouemakoto/interbotix_ws/install/interbotix_xs_rviz/lib:/home/inouemakoto/interbotix_ws/install/interbotix_xs_ros_control/lib:/home/inouemakoto/interbotix_ws/install/interbotix_xs_msgs/lib:/home/inouemakoto/interbotix_ws/install/interbotix_xs_driver/lib:/home/inouemakoto/interbotix_ws/install/interbotix_tf_tools/lib:/home/inouemakoto/interbotix_ws/install/interbotix_moveit_interface_msgs/lib:/home/inouemakoto/interbotix_ws/install/graph_msgs/lib:/home/inouemakoto/interbotix_ws/install/dynamixel_workbench_toolbox/lib:/home/inouemakoto/robotis_ws/install/dynamixel_sdk_custom_interfaces/lib:/home/inouemakoto/robotis_ws/install/dynamixel_sdk/lib:/usr/lib/x86_64-linux-gnu/gazebo-11/plugins:/opt/ros/humble/opt/rviz_ogre_vendor/lib:/opt/ros/humble/lib/x86_64-linux-gnu:/opt/ros/humble/lib:/usr/lib/x86_64-linux-gnu/gazebo-11/plugins PYTHONPATH=/home/inouemakoto/interbotix_ws/src/install/interbotix_xs_msgs/local/lib/python3.10/dist-packages:${PYTHONPATH} /usr/bin/cmake /home/inouemakoto/interbotix_ws/src/interbotix_ros_core/interbotix_ros_xseries/interbotix_xs_sdk -DCMAKE_INSTALL_PREFIX=/home/inouemakoto/interbotix_ws/src/install/interbotix_xs_sdk
[0.071s] -- The C compiler identification is GNU 11.3.0
[0.122s] -- The CXX compiler identification is GNU 11.3.0
[0.129s] -- Detecting C compiler ABI info
[0.183s] -- Detecting C compiler ABI info - done
[0.190s] -- Check for working C compiler: /usr/bin/cc - skipped
[0.190s] -- Detecting C compile features
[0.191s] -- Detecting C compile features - done
[0.193s] -- Detecting CXX compiler ABI info
[0.260s] -- Detecting CXX compiler ABI info - done
[0.267s] -- Check for working CXX compiler: /usr/bin/c++ - skipped
[0.267s] -- Detecting CXX compile features
[0.267s] -- Detecting CXX compile features - done
[0.272s] -- Found ament_cmake: 1.3.4 (/opt/ros/humble/share/ament_cmake/cmake)
[0.442s] -- Found Python3: /usr/bin/python3.10 (found version "3.10.6") found components: Interpreter 
[0.555s] -- Found ament_index_cpp: 1.4.0 (/opt/ros/humble/share/ament_index_cpp/cmake)
[0.558s] -- Found rclcpp: 16.0.4 (/opt/ros/humble/share/rclcpp/cmake)
[0.615s] -- Found rosidl_generator_c: 3.1.4 (/opt/ros/humble/share/rosidl_generator_c/cmake)
[0.624s] -- Found rosidl_adapter: 3.1.4 (/opt/ros/humble/share/rosidl_adapter/cmake)
[0.635s] -- Found rosidl_generator_cpp: 3.1.4 (/opt/ros/humble/share/rosidl_generator_cpp/cmake)
[0.653s] -- Using all available rosidl_typesupport_c: rosidl_typesupport_fastrtps_c;rosidl_typesupport_introspection_c
[0.677s] -- Using all available rosidl_typesupport_cpp: rosidl_typesupport_fastrtps_cpp;rosidl_typesupport_introspection_cpp
[0.760s] -- Found rmw_implementation_cmake: 6.1.1 (/opt/ros/humble/share/rmw_implementation_cmake/cmake)
[0.765s] -- Found rmw_fastrtps_cpp: 6.2.2 (/opt/ros/humble/share/rmw_fastrtps_cpp/cmake)
[0.862s] -- Found OpenSSL: /usr/lib/x86_64-linux-gnu/libcrypto.so (found version "3.0.2")  
[0.891s] -- Found FastRTPS: /opt/ros/humble/include  
[0.942s] -- Using RMW implementation 'rmw_fastrtps_cpp' as default
[0.956s] -- Looking for pthread.h
[1.017s] -- Looking for pthread.h - found
[1.017s] -- Performing Test CMAKE_HAVE_LIBC_PTHREAD
[1.078s] -- Performing Test CMAKE_HAVE_LIBC_PTHREAD - Success
[1.079s] -- Found Threads: TRUE  
[1.248s] -- Found rclpy: 3.3.8 (/opt/ros/humble/share/rclpy/cmake)
[1.251s] -- Found sensor_msgs: 4.2.3 (/opt/ros/humble/share/sensor_msgs/cmake)
[1.384s] -- Found urdf: 2.6.0 (/opt/ros/humble/share/urdf/cmake)
[1.433s] -- Found interbotix_xs_msgs: 0.0.0 (/home/inouemakoto/interbotix_ws/src/install/interbotix_xs_msgs/share/interbotix_xs_msgs/cmake)
[1.644s] -- Found interbotix_xs_driver: 0.3.3 (/home/inouemakoto/interbotix_ws/src/install/interbotix_xs_driver/share/interbotix_xs_driver/cmake)
[1.657s] -- Found ament_lint_auto: 0.12.6 (/opt/ros/humble/share/ament_lint_auto/cmake)
[1.757s] -- Added test 'copyright' to check source files copyright and LICENSE
[1.759s] -- Added test 'cppcheck' to perform static code analysis on C / C++ code
[1.759s] -- Configured cppcheck include dirs: /home/inouemakoto/interbotix_ws/src/interbotix_ros_core/interbotix_ros_xseries/interbotix_xs_sdk/include
[1.759s] -- Configured cppcheck exclude dirs and/or files: 
[1.760s] -- Added test 'cpplint' to check C / C++ code against the Google style
[1.761s] -- Configured cpplint exclude dirs and/or files: 
[1.761s] -- Added test 'flake8' to check Python code syntax and style conventions
[1.762s] -- Added test 'lint_cmake' to check CMake code style
[1.763s] -- Added test 'pep257' to check Python code against some of the docstring style conventions in PEP 257
[1.764s] -- Added test 'uncrustify' to check C / C++ code style
[1.765s] -- Configured uncrustify additional arguments: 
[1.765s] -- Added test 'xmllint' to check XML markup files
[1.767s] -- Configuring done
[1.781s] -- Generating done
[1.783s] -- Build files have been written to: /home/inouemakoto/interbotix_ws/src/build/interbotix_xs_sdk
[1.792s] Invoked command in '/home/inouemakoto/interbotix_ws/src/build/interbotix_xs_sdk' returned '0': AMENT_PREFIX_PATH=/home/inouemakoto/interbotix_ws/src/install/interbotix_xs_driver:/home/inouemakoto/interbotix_ws/src/install/interbotix_xs_msgs:/home/inouemakoto/interbotix_ws/src/install/dynamixel_workbench_toolbox:${AMENT_PREFIX_PATH} CMAKE_PREFIX_PATH=/home/inouemakoto/interbotix_ws/src/install/interbotix_xs_driver:/home/inouemakoto/interbotix_ws/src/install/interbotix_xs_msgs:/home/inouemakoto/interbotix_ws/src/install/dynamixel_workbench_toolbox:/home/inouemakoto/interbotix_ws/install/interbotix_ros_xsarms_examples:/home/inouemakoto/interbotix_ws/install/interbotix_xsarm_moveit_interface:/home/inouemakoto/interbotix_ws/install/interbotix_moveit_interface:/home/inouemakoto/interbotix_ws/install/moveit_visual_tools:/home/inouemakoto/interbotix_ws/install/rviz_visual_tools:/home/inouemakoto/interbotix_ws/install/interbotix_ros_xsarms:/home/inouemakoto/interbotix_ws/install/interbotix_xsarm_moveit:/home/inouemakoto/interbotix_ws/install/interbotix_xsarm_sim:/home/inouemakoto/interbotix_ws/install/interbotix_xsarm_ros_control:/home/inouemakoto/interbotix_ws/install/interbotix_xsarm_joy:/home/inouemakoto/interbotix_ws/install/interbotix_xsarm_control:/home/inouemakoto/interbotix_ws/install/interbotix_xsarm_descriptions:/home/inouemakoto/interbotix_ws/install/interbotix_xs_toolbox:/home/inouemakoto/interbotix_ws/install/interbotix_xs_rviz:/home/inouemakoto/interbotix_ws/install/interbotix_ros_xseries:/home/inouemakoto/interbotix_ws/install/interbotix_xs_sdk:/home/inouemakoto/interbotix_ws/install/interbotix_xs_ros_control:/home/inouemakoto/interbotix_ws/install/interbotix_xs_msgs:/home/inouemakoto/interbotix_ws/install/interbotix_xs_driver:/home/inouemakoto/interbotix_ws/install/interbotix_tf_tools:/home/inouemakoto/interbotix_ws/install/interbotix_moveit_interface_msgs:/home/inouemakoto/interbotix_ws/install/interbotix_common_toolbox:/home/inouemakoto/interbotix_ws/install/interbotix_common_sim:/home/inouemakoto/interbotix_ws/install/graph_msgs:/home/inouemakoto/interbotix_ws/install/dynamixel_workbench_toolbox:/home/inouemakoto/robotis_ws/install/dynamixel_sdk_examples:/home/inouemakoto/robotis_ws/install/dynamixel_sdk_custom_interfaces:/home/inouemakoto/robotis_ws/install/dynamixel_sdk:/home/inouemakoto/interbotix_ws/install/interbotix_xs_modules:/home/inouemakoto/interbotix_ws/install/interbotix_common_modules:/opt/ros/humble LD_LIBRARY_PATH=/home/inouemakoto/interbotix_ws/src/install/interbotix_xs_driver/lib:/home/inouemakoto/interbotix_ws/src/install/interbotix_xs_msgs/lib:/home/inouemakoto/interbotix_ws/src/install/dynamixel_workbench_toolbox/lib:/home/inouemakoto/interbotix_ws/install/moveit_visual_tools/lib:/home/inouemakoto/interbotix_ws/install/rviz_visual_tools/lib:/home/inouemakoto/interbotix_ws/install/interbotix_xs_rviz/lib:/home/inouemakoto/interbotix_ws/install/interbotix_xs_ros_control/lib:/home/inouemakoto/interbotix_ws/install/interbotix_xs_msgs/lib:/home/inouemakoto/interbotix_ws/install/interbotix_xs_driver/lib:/home/inouemakoto/interbotix_ws/install/interbotix_tf_tools/lib:/home/inouemakoto/interbotix_ws/install/interbotix_moveit_interface_msgs/lib:/home/inouemakoto/interbotix_ws/install/graph_msgs/lib:/home/inouemakoto/interbotix_ws/install/dynamixel_workbench_toolbox/lib:/home/inouemakoto/robotis_ws/install/dynamixel_sdk_custom_interfaces/lib:/home/inouemakoto/robotis_ws/install/dynamixel_sdk/lib:/usr/lib/x86_64-linux-gnu/gazebo-11/plugins:/opt/ros/humble/opt/rviz_ogre_vendor/lib:/opt/ros/humble/lib/x86_64-linux-gnu:/opt/ros/humble/lib:/usr/lib/x86_64-linux-gnu/gazebo-11/plugins PYTHONPATH=/home/inouemakoto/interbotix_ws/src/install/interbotix_xs_msgs/local/lib/python3.10/dist-packages:${PYTHONPATH} /usr/bin/cmake /home/inouemakoto/interbotix_ws/src/interbotix_ros_core/interbotix_ros_xseries/interbotix_xs_sdk -DCMAKE_INSTALL_PREFIX=/home/inouemakoto/interbotix_ws/src/install/interbotix_xs_sdk
[1.794s] Invoking command in '/home/inouemakoto/interbotix_ws/src/build/interbotix_xs_sdk': AMENT_PREFIX_PATH=/home/inouemakoto/interbotix_ws/src/install/interbotix_xs_driver:/home/inouemakoto/interbotix_ws/src/install/interbotix_xs_msgs:/home/inouemakoto/interbotix_ws/src/install/dynamixel_workbench_toolbox:${AMENT_PREFIX_PATH} CMAKE_PREFIX_PATH=/home/inouemakoto/interbotix_ws/src/install/interbotix_xs_driver:/home/inouemakoto/interbotix_ws/src/install/interbotix_xs_msgs:/home/inouemakoto/interbotix_ws/src/install/dynamixel_workbench_toolbox:/home/inouemakoto/interbotix_ws/install/interbotix_ros_xsarms_examples:/home/inouemakoto/interbotix_ws/install/interbotix_xsarm_moveit_interface:/home/inouemakoto/interbotix_ws/install/interbotix_moveit_interface:/home/inouemakoto/interbotix_ws/install/moveit_visual_tools:/home/inouemakoto/interbotix_ws/install/rviz_visual_tools:/home/inouemakoto/interbotix_ws/install/interbotix_ros_xsarms:/home/inouemakoto/interbotix_ws/install/interbotix_xsarm_moveit:/home/inouemakoto/interbotix_ws/install/interbotix_xsarm_sim:/home/inouemakoto/interbotix_ws/install/interbotix_xsarm_ros_control:/home/inouemakoto/interbotix_ws/install/interbotix_xsarm_joy:/home/inouemakoto/interbotix_ws/install/interbotix_xsarm_control:/home/inouemakoto/interbotix_ws/install/interbotix_xsarm_descriptions:/home/inouemakoto/interbotix_ws/install/interbotix_xs_toolbox:/home/inouemakoto/interbotix_ws/install/interbotix_xs_rviz:/home/inouemakoto/interbotix_ws/install/interbotix_ros_xseries:/home/inouemakoto/interbotix_ws/install/interbotix_xs_sdk:/home/inouemakoto/interbotix_ws/install/interbotix_xs_ros_control:/home/inouemakoto/interbotix_ws/install/interbotix_xs_msgs:/home/inouemakoto/interbotix_ws/install/interbotix_xs_driver:/home/inouemakoto/interbotix_ws/install/interbotix_tf_tools:/home/inouemakoto/interbotix_ws/install/interbotix_moveit_interface_msgs:/home/inouemakoto/interbotix_ws/install/interbotix_common_toolbox:/home/inouemakoto/interbotix_ws/install/interbotix_common_sim:/home/inouemakoto/interbotix_ws/install/graph_msgs:/home/inouemakoto/interbotix_ws/install/dynamixel_workbench_toolbox:/home/inouemakoto/robotis_ws/install/dynamixel_sdk_examples:/home/inouemakoto/robotis_ws/install/dynamixel_sdk_custom_interfaces:/home/inouemakoto/robotis_ws/install/dynamixel_sdk:/home/inouemakoto/interbotix_ws/install/interbotix_xs_modules:/home/inouemakoto/interbotix_ws/install/interbotix_common_modules:/opt/ros/humble LD_LIBRARY_PATH=/home/inouemakoto/interbotix_ws/src/install/interbotix_xs_driver/lib:/home/inouemakoto/interbotix_ws/src/install/interbotix_xs_msgs/lib:/home/inouemakoto/interbotix_ws/src/install/dynamixel_workbench_toolbox/lib:/home/inouemakoto/interbotix_ws/install/moveit_visual_tools/lib:/home/inouemakoto/interbotix_ws/install/rviz_visual_tools/lib:/home/inouemakoto/interbotix_ws/install/interbotix_xs_rviz/lib:/home/inouemakoto/interbotix_ws/install/interbotix_xs_ros_control/lib:/home/inouemakoto/interbotix_ws/install/interbotix_xs_msgs/lib:/home/inouemakoto/interbotix_ws/install/interbotix_xs_driver/lib:/home/inouemakoto/interbotix_ws/install/interbotix_tf_tools/lib:/home/inouemakoto/interbotix_ws/install/interbotix_moveit_interface_msgs/lib:/home/inouemakoto/interbotix_ws/install/graph_msgs/lib:/home/inouemakoto/interbotix_ws/install/dynamixel_workbench_toolbox/lib:/home/inouemakoto/robotis_ws/install/dynamixel_sdk_custom_interfaces/lib:/home/inouemakoto/robotis_ws/install/dynamixel_sdk/lib:/usr/lib/x86_64-linux-gnu/gazebo-11/plugins:/opt/ros/humble/opt/rviz_ogre_vendor/lib:/opt/ros/humble/lib/x86_64-linux-gnu:/opt/ros/humble/lib:/usr/lib/x86_64-linux-gnu/gazebo-11/plugins PYTHONPATH=/home/inouemakoto/interbotix_ws/src/install/interbotix_xs_msgs/local/lib/python3.10/dist-packages:${PYTHONPATH} /usr/bin/cmake --build /home/inouemakoto/interbotix_ws/src/build/interbotix_xs_sdk -- -j20 -l20
[1.839s] [ 66%] [32mBuilding CXX object CMakeFiles/xs_sdk.dir/src/xs_sdk_obj.cpp.o[0m
[1.840s] [ 66%] [32mBuilding CXX object CMakeFiles/xs_sdk.dir/src/xs_sdk.cpp.o[0m
[20.856s] [100%] [32m[1mLinking CXX executable xs_sdk[0m
[21.860s] [100%] Built target xs_sdk
