[1.146s] Invoking command in '/home/inouemakoto/interbotix_ws/build/original_interface': CMAKE_PREFIX_PATH=${CMAKE_PREFIX_PATH}:/home/inouemakoto/interbotix_ws/install/moveit_service:/home/inouemakoto/interbotix_ws/install/makoto:/home/inouemakoto/interbotix_ws/install/interbotix_xs_modules:/home/inouemakoto/interbotix_ws/install/interbotix_common_modules:/home/inouemakoto/ws_moveit2/install/moveit_configs_utils:/home/inouemakoto/ws_moveit2/install/launch_param_builder:/home/inouemakoto/install/moveit_service:/home/inouemakoto/install/interbotix_xs_modules:/home/inouemakoto/install/interbotix_common_modules:/opt/ros/humble /usr/bin/cmake --build /home/inouemakoto/interbotix_ws/build/original_interface -- -j20 -l20
[1.682s] -- Found ament_cmake: 1.3.5 (/opt/ros/humble/share/ament_cmake/cmake)
[1.682s] -- Found rosidl_default_generators: 1.2.0 (/opt/ros/humble/share/rosidl_default_generators/cmake)
[1.682s] -- Using all available rosidl_typesupport_c: rosidl_typesupport_fastrtps_c;rosidl_typesupport_introspection_c
[1.683s] -- Found rosidl_adapter: 3.1.5 (/opt/ros/humble/share/rosidl_adapter/cmake)
[1.683s] -- Using all available rosidl_typesupport_cpp: rosidl_typesupport_fastrtps_cpp;rosidl_typesupport_introspection_cpp
[1.795s] -- Found ament_cmake_ros: 0.10.0 (/opt/ros/humble/share/ament_cmake_ros/cmake)
[2.013s] -- Using all available rosidl_typesupport_c: rosidl_typesupport_fastrtps_c;rosidl_typesupport_introspection_c
[2.291s] -- Using all available rosidl_typesupport_cpp: rosidl_typesupport_fastrtps_cpp;rosidl_typesupport_introspection_cpp
[2.316s] -- Found python_cmake_module: 0.10.0 (/opt/ros/humble/share/python_cmake_module/cmake)
[2.339s] -- Using PYTHON_EXECUTABLE: /usr/bin/python3
[2.339s] -- Using PYTHON_INCLUDE_DIRS: /usr/include/python3.10
[2.339s] -- Using PYTHON_LIBRARIES: /usr/lib/x86_64-linux-gnu/libpython3.10.so
[2.416s] -- Found ament_lint_auto: 0.12.8 (/opt/ros/humble/share/ament_lint_auto/cmake)
[2.422s] -- Added test 'lint_cmake' to check CMake code style
[2.423s] -- Added test 'xmllint' to check XML markup files
[2.424s] -- Configuring done
[2.447s] -- Generating done
[2.449s] -- Build files have been written to: /home/inouemakoto/interbotix_ws/build/original_interface
[2.483s] [  3%] [34m[1mGenerating C code for ROS interfaces[0m
[2.497s] [  6%] [34m[1mGenerating C++ code for ROS interfaces[0m
[2.510s] [  6%] Built target ament_cmake_python_copy_original_interface
[2.744s] [35m[1mConsolidate compiler generated dependencies of target original_interface__rosidl_generator_c[0m
[2.760s] [  9%] [32mBuilding C object CMakeFiles/original_interface__rosidl_generator_c.dir/rosidl_generator_c/original_interface/srv/detail/target_pos__functions.c.o[0m
[2.785s] [  9%] Built target original_interface__cpp
[2.795s] running egg_info
[2.796s] writing original_interface.egg-info/PKG-INFO
[2.797s] writing dependency_links to original_interface.egg-info/dependency_links.txt
[2.797s] writing top-level names to original_interface.egg-info/top_level.txt
[2.799s] reading manifest file 'original_interface.egg-info/SOURCES.txt'
[2.799s] writing manifest file 'original_interface.egg-info/SOURCES.txt'
[2.800s] [ 19%] [34m[1mGenerating C++ type support dispatch for ROS interfaces[0m
[2.800s] [ 19%] [34m[1mGenerating C++ introspection for ROS interfaces[0m
[2.800s] [ 19%] [34m[1mGenerating C++ type support for eProsima Fast-RTPS[0m
[2.820s] [ 22%] [32m[1mLinking C shared library liboriginal_interface__rosidl_generator_c.so[0m
[2.837s] [ 22%] Built target ament_cmake_python_build_original_interface_egg
[2.865s] [ 22%] Built target original_interface__rosidl_generator_c
[2.882s] [ 32%] [34m[1mGenerating C type support for eProsima Fast-RTPS[0m
[2.882s] [ 32%] [34m[1mGenerating C introspection for ROS interfaces[0m
[2.882s] [ 32%] [34m[1mGenerating C type support dispatch for ROS interfaces[0m
[3.053s] [35m[1mConsolidate compiler generated dependencies of target original_interface__rosidl_typesupport_cpp[0m
[3.072s] [ 35%] [32mBuilding CXX object CMakeFiles/original_interface__rosidl_typesupport_cpp.dir/rosidl_typesupport_cpp/original_interface/srv/target_pos__type_support.cpp.o[0m
[3.110s] [35m[1mConsolidate compiler generated dependencies of target original_interface__rosidl_typesupport_fastrtps_cpp[0m
[3.110s] [ 38%] [32mBuilding CXX object CMakeFiles/original_interface__rosidl_typesupport_fastrtps_cpp.dir/rosidl_typesupport_fastrtps_cpp/original_interface/srv/detail/dds_fastrtps/target_pos__type_support.cpp.o[0m
[3.123s] [35m[1mConsolidate compiler generated dependencies of target original_interface__rosidl_typesupport_c[0m
[3.146s] [ 41%] [32mBuilding CXX object CMakeFiles/original_interface__rosidl_typesupport_c.dir/rosidl_typesupport_c/original_interface/srv/target_pos__type_support.cpp.o[0m
[3.159s] [35m[1mConsolidate compiler generated dependencies of target original_interface__rosidl_typesupport_introspection_cpp[0m
[3.164s] [35m[1mConsolidate compiler generated dependencies of target original_interface__rosidl_typesupport_fastrtps_c[0m
[3.165s] [35m[1mConsolidate compiler generated dependencies of target original_interface__rosidl_typesupport_introspection_c[0m
[3.177s] [ 45%] [32mBuilding CXX object CMakeFiles/original_interface__rosidl_typesupport_introspection_cpp.dir/rosidl_typesupport_introspection_cpp/original_interface/srv/detail/target_pos__type_support.cpp.o[0m
[3.180s] [ 51%] [32mBuilding C object CMakeFiles/original_interface__rosidl_typesupport_introspection_c.dir/rosidl_typesupport_introspection_c/original_interface/srv/detail/target_pos__type_support.c.o[0m
[3.181s] [ 51%] [32m[1mLinking CXX shared library liboriginal_interface__rosidl_typesupport_c.so[0m
[3.182s] [ 54%] [32mBuilding CXX object CMakeFiles/original_interface__rosidl_typesupport_fastrtps_c.dir/rosidl_typesupport_fastrtps_c/original_interface/srv/detail/target_pos__type_support_c.cpp.o[0m
[3.221s] [ 58%] [32m[1mLinking C shared library liboriginal_interface__rosidl_typesupport_introspection_c.so[0m
[3.233s] [ 58%] Built target original_interface__rosidl_typesupport_c
[3.261s] [ 58%] Built target original_interface__rosidl_typesupport_introspection_c
[3.332s] [ 61%] [32m[1mLinking CXX shared library liboriginal_interface__rosidl_typesupport_cpp.so[0m
[3.381s] [ 61%] Built target original_interface__rosidl_typesupport_cpp
[3.503s] [ 64%] [32m[1mLinking CXX shared library liboriginal_interface__rosidl_typesupport_fastrtps_cpp.so[0m
[3.507s] [ 67%] [32m[1mLinking CXX shared library liboriginal_interface__rosidl_typesupport_fastrtps_c.so[0m
[3.547s] [ 70%] [32m[1mLinking CXX shared library liboriginal_interface__rosidl_typesupport_introspection_cpp.so[0m
[3.600s] [ 70%] Built target original_interface__rosidl_typesupport_fastrtps_cpp
[3.601s] [ 70%] Built target original_interface__rosidl_typesupport_fastrtps_c
[3.603s] [ 70%] Built target original_interface__rosidl_typesupport_introspection_cpp
[3.631s] [ 70%] Built target original_interface
[3.660s] [ 74%] [34m[1mGenerating Python code for ROS interfaces[0m
[3.992s] [ 74%] Built target original_interface__py
[4.006s] [35m[1mConsolidate compiler generated dependencies of target original_interface__rosidl_generator_py[0m
[4.022s] [ 77%] [32mBuilding C object CMakeFiles/original_interface__rosidl_generator_py.dir/rosidl_generator_py/original_interface/srv/_target_pos_s.c.o[0m
[4.122s] [ 80%] [32m[1mLinking C shared library rosidl_generator_py/original_interface/liboriginal_interface__rosidl_generator_py.so[0m
[4.165s] [ 80%] Built target original_interface__rosidl_generator_py
[4.179s] [35m[1mConsolidate compiler generated dependencies of target original_interface__rosidl_typesupport_c__pyext[0m
[4.179s] [35m[1mConsolidate compiler generated dependencies of target original_interface__rosidl_typesupport_introspection_c__pyext[0m
[4.179s] [35m[1mConsolidate compiler generated dependencies of target original_interface__rosidl_typesupport_fastrtps_c__pyext[0m
[4.196s] [ 90%] [32mBuilding C object CMakeFiles/original_interface__rosidl_typesupport_c__pyext.dir/rosidl_generator_py/original_interface/_original_interface_s.ep.rosidl_typesupport_c.c.o[0m
[4.196s] [ 90%] [32mBuilding C object CMakeFiles/original_interface__rosidl_typesupport_fastrtps_c__pyext.dir/rosidl_generator_py/original_interface/_original_interface_s.ep.rosidl_typesupport_fastrtps_c.c.o[0m
[4.197s] [ 90%] [32mBuilding C object CMakeFiles/original_interface__rosidl_typesupport_introspection_c__pyext.dir/rosidl_generator_py/original_interface/_original_interface_s.ep.rosidl_typesupport_introspection_c.c.o[0m
[4.284s] [ 93%] [32m[1mLinking C shared library rosidl_generator_py/original_interface/original_interface_s__rosidl_typesupport_c.cpython-310-x86_64-linux-gnu.so[0m
[4.286s] [ 96%] [32m[1mLinking C shared library rosidl_generator_py/original_interface/original_interface_s__rosidl_typesupport_introspection_c.cpython-310-x86_64-linux-gnu.so[0m
[4.287s] [100%] [32m[1mLinking C shared library rosidl_generator_py/original_interface/original_interface_s__rosidl_typesupport_fastrtps_c.cpython-310-x86_64-linux-gnu.so[0m
[4.325s] [100%] Built target original_interface__rosidl_typesupport_c__pyext
[4.325s] [100%] Built target original_interface__rosidl_typesupport_introspection_c__pyext
[4.325s] [100%] Built target original_interface__rosidl_typesupport_fastrtps_c__pyext
[4.386s] Invoked command in '/home/inouemakoto/interbotix_ws/build/original_interface' returned '0': CMAKE_PREFIX_PATH=${CMAKE_PREFIX_PATH}:/home/inouemakoto/interbotix_ws/install/moveit_service:/home/inouemakoto/interbotix_ws/install/makoto:/home/inouemakoto/interbotix_ws/install/interbotix_xs_modules:/home/inouemakoto/interbotix_ws/install/interbotix_common_modules:/home/inouemakoto/ws_moveit2/install/moveit_configs_utils:/home/inouemakoto/ws_moveit2/install/launch_param_builder:/home/inouemakoto/install/moveit_service:/home/inouemakoto/install/interbotix_xs_modules:/home/inouemakoto/install/interbotix_common_modules:/opt/ros/humble /usr/bin/cmake --build /home/inouemakoto/interbotix_ws/build/original_interface -- -j20 -l20
[4.669s] Invoking command in '/home/inouemakoto/interbotix_ws/build/original_interface': CMAKE_PREFIX_PATH=${CMAKE_PREFIX_PATH}:/home/inouemakoto/interbotix_ws/install/moveit_service:/home/inouemakoto/interbotix_ws/install/makoto:/home/inouemakoto/interbotix_ws/install/interbotix_xs_modules:/home/inouemakoto/interbotix_ws/install/interbotix_common_modules:/home/inouemakoto/ws_moveit2/install/moveit_configs_utils:/home/inouemakoto/ws_moveit2/install/launch_param_builder:/home/inouemakoto/install/moveit_service:/home/inouemakoto/install/interbotix_xs_modules:/home/inouemakoto/install/interbotix_common_modules:/opt/ros/humble /usr/bin/cmake --install /home/inouemakoto/interbotix_ws/build/original_interface
[4.734s] -- Install configuration: ""
[4.734s] -- Up-to-date: /home/inouemakoto/interbotix_ws/install/original_interface/share/ament_index/resource_index/rosidl_interfaces/original_interface
[4.734s] -- Up-to-date: /home/inouemakoto/interbotix_ws/install/original_interface/include/original_interface/original_interface
[4.734s] -- Up-to-date: /home/inouemakoto/interbotix_ws/install/original_interface/include/original_interface/original_interface/srv
[4.735s] -- Installing: /home/inouemakoto/interbotix_ws/install/original_interface/include/original_interface/original_interface/srv/target_pos.h
[4.735s] -- Up-to-date: /home/inouemakoto/interbotix_ws/install/original_interface/include/original_interface/original_interface/srv/detail
[4.735s] -- Installing: /home/inouemakoto/interbotix_ws/install/original_interface/include/original_interface/original_interface/srv/detail/target_pos__type_support.h
[4.735s] -- Installing: /home/inouemakoto/interbotix_ws/install/original_interface/include/original_interface/original_interface/srv/detail/target_pos__functions.h
[4.735s] -- Installing: /home/inouemakoto/interbotix_ws/install/original_interface/include/original_interface/original_interface/srv/detail/target_pos__functions.c
[4.735s] -- Installing: /home/inouemakoto/interbotix_ws/install/original_interface/include/original_interface/original_interface/srv/detail/target_pos__struct.h
[4.735s] -- Up-to-date: /home/inouemakoto/interbotix_ws/install/original_interface/include/original_interface/original_interface/msg
[4.735s] -- Up-to-date: /home/inouemakoto/interbotix_ws/install/original_interface/include/original_interface/original_interface/msg/rosidl_generator_c__visibility_control.h
[4.735s] -- Up-to-date: /home/inouemakoto/interbotix_ws/install/original_interface/share/original_interface/environment/library_path.sh
[4.735s] -- Installing: /home/inouemakoto/interbotix_ws/install/original_interface/share/original_interface/environment/library_path.dsv
[4.735s] -- Installing: /home/inouemakoto/interbotix_ws/install/original_interface/lib/liboriginal_interface__rosidl_generator_c.so
[4.735s] -- Set runtime path of "/home/inouemakoto/interbotix_ws/install/original_interface/lib/liboriginal_interface__rosidl_generator_c.so" to ""
[4.735s] -- Up-to-date: /home/inouemakoto/interbotix_ws/install/original_interface/include/original_interface/original_interface
[4.735s] -- Up-to-date: /home/inouemakoto/interbotix_ws/install/original_interface/include/original_interface/original_interface/srv
[4.735s] -- Up-to-date: /home/inouemakoto/interbotix_ws/install/original_interface/include/original_interface/original_interface/srv/detail
[4.736s] -- Installing: /home/inouemakoto/interbotix_ws/install/original_interface/include/original_interface/original_interface/srv/detail/target_pos__rosidl_typesupport_fastrtps_c.h
[4.736s] -- Up-to-date: /home/inouemakoto/interbotix_ws/install/original_interface/include/original_interface/original_interface/msg
[4.736s] -- Up-to-date: /home/inouemakoto/interbotix_ws/install/original_interface/include/original_interface/original_interface/msg/rosidl_typesupport_fastrtps_c__visibility_control.h
[4.736s] -- Installing: /home/inouemakoto/interbotix_ws/install/original_interface/lib/liboriginal_interface__rosidl_typesupport_fastrtps_c.so
[4.736s] -- Set runtime path of "/home/inouemakoto/interbotix_ws/install/original_interface/lib/liboriginal_interface__rosidl_typesupport_fastrtps_c.so" to ""
[4.736s] -- Up-to-date: /home/inouemakoto/interbotix_ws/install/original_interface/include/original_interface/original_interface
[4.736s] -- Up-to-date: /home/inouemakoto/interbotix_ws/install/original_interface/include/original_interface/original_interface/srv
[4.736s] -- Up-to-date: /home/inouemakoto/interbotix_ws/install/original_interface/include/original_interface/original_interface/srv/detail
[4.736s] -- Installing: /home/inouemakoto/interbotix_ws/install/original_interface/include/original_interface/original_interface/srv/detail/target_pos__rosidl_typesupport_introspection_c.h
[4.736s] -- Installing: /home/inouemakoto/interbotix_ws/install/original_interface/include/original_interface/original_interface/srv/detail/target_pos__type_support.c
[4.736s] -- Up-to-date: /home/inouemakoto/interbotix_ws/install/original_interface/include/original_interface/original_interface/msg
[4.736s] -- Up-to-date: /home/inouemakoto/interbotix_ws/install/original_interface/include/original_interface/original_interface/msg/rosidl_typesupport_introspection_c__visibility_control.h
[4.736s] -- Installing: /home/inouemakoto/interbotix_ws/install/original_interface/lib/liboriginal_interface__rosidl_typesupport_introspection_c.so
[4.736s] -- Set runtime path of "/home/inouemakoto/interbotix_ws/install/original_interface/lib/liboriginal_interface__rosidl_typesupport_introspection_c.so" to ""
[4.736s] -- Installing: /home/inouemakoto/interbotix_ws/install/original_interface/lib/liboriginal_interface__rosidl_typesupport_c.so
[4.736s] -- Set runtime path of "/home/inouemakoto/interbotix_ws/install/original_interface/lib/liboriginal_interface__rosidl_typesupport_c.so" to ""
[4.737s] -- Up-to-date: /home/inouemakoto/interbotix_ws/install/original_interface/include/original_interface/original_interface
[4.737s] -- Up-to-date: /home/inouemakoto/interbotix_ws/install/original_interface/include/original_interface/original_interface/srv
[4.737s] -- Installing: /home/inouemakoto/interbotix_ws/install/original_interface/include/original_interface/original_interface/srv/target_pos.hpp
[4.737s] -- Up-to-date: /home/inouemakoto/interbotix_ws/install/original_interface/include/original_interface/original_interface/srv/detail
[4.737s] -- Installing: /home/inouemakoto/interbotix_ws/install/original_interface/include/original_interface/original_interface/srv/detail/target_pos__traits.hpp
[4.737s] -- Installing: /home/inouemakoto/interbotix_ws/install/original_interface/include/original_interface/original_interface/srv/detail/target_pos__struct.hpp
[4.737s] -- Installing: /home/inouemakoto/interbotix_ws/install/original_interface/include/original_interface/original_interface/srv/detail/target_pos__builder.hpp
[4.737s] -- Up-to-date: /home/inouemakoto/interbotix_ws/install/original_interface/include/original_interface/original_interface
[4.737s] -- Up-to-date: /home/inouemakoto/interbotix_ws/install/original_interface/include/original_interface/original_interface/srv
[4.737s] -- Up-to-date: /home/inouemakoto/interbotix_ws/install/original_interface/include/original_interface/original_interface/srv/detail
[4.737s] -- Up-to-date: /home/inouemakoto/interbotix_ws/install/original_interface/include/original_interface/original_interface/srv/detail/dds_fastrtps
[4.737s] -- Installing: /home/inouemakoto/interbotix_ws/install/original_interface/include/original_interface/original_interface/srv/detail/target_pos__rosidl_typesupport_fastrtps_cpp.hpp
[4.737s] -- Up-to-date: /home/inouemakoto/interbotix_ws/install/original_interface/include/original_interface/original_interface/msg
[4.737s] -- Up-to-date: /home/inouemakoto/interbotix_ws/install/original_interface/include/original_interface/original_interface/msg/rosidl_typesupport_fastrtps_cpp__visibility_control.h
[4.737s] -- Installing: /home/inouemakoto/interbotix_ws/install/original_interface/lib/liboriginal_interface__rosidl_typesupport_fastrtps_cpp.so
[4.737s] -- Set runtime path of "/home/inouemakoto/interbotix_ws/install/original_interface/lib/liboriginal_interface__rosidl_typesupport_fastrtps_cpp.so" to ""
[4.738s] -- Up-to-date: /home/inouemakoto/interbotix_ws/install/original_interface/include/original_interface/original_interface
[4.738s] -- Up-to-date: /home/inouemakoto/interbotix_ws/install/original_interface/include/original_interface/original_interface/srv
[4.738s] -- Up-to-date: /home/inouemakoto/interbotix_ws/install/original_interface/include/original_interface/original_interface/srv/detail
[4.738s] -- Installing: /home/inouemakoto/interbotix_ws/install/original_interface/include/original_interface/original_interface/srv/detail/target_pos__type_support.cpp
[4.738s] -- Installing: /home/inouemakoto/interbotix_ws/install/original_interface/include/original_interface/original_interface/srv/detail/target_pos__rosidl_typesupport_introspection_cpp.hpp
[4.738s] -- Installing: /home/inouemakoto/interbotix_ws/install/original_interface/lib/liboriginal_interface__rosidl_typesupport_introspection_cpp.so
[4.738s] -- Set runtime path of "/home/inouemakoto/interbotix_ws/install/original_interface/lib/liboriginal_interface__rosidl_typesupport_introspection_cpp.so" to ""
[4.738s] -- Installing: /home/inouemakoto/interbotix_ws/install/original_interface/lib/liboriginal_interface__rosidl_typesupport_cpp.so
[4.738s] -- Set runtime path of "/home/inouemakoto/interbotix_ws/install/original_interface/lib/liboriginal_interface__rosidl_typesupport_cpp.so" to ""
[4.738s] -- Up-to-date: /home/inouemakoto/interbotix_ws/install/original_interface/share/original_interface/environment/pythonpath.sh
[4.738s] -- Installing: /home/inouemakoto/interbotix_ws/install/original_interface/share/original_interface/environment/pythonpath.dsv
[4.738s] -- Up-to-date: /home/inouemakoto/interbotix_ws/install/original_interface/local/lib/python3.10/dist-packages/original_interface-0.0.0-py3.10.egg-info
[4.738s] -- Installing: /home/inouemakoto/interbotix_ws/install/original_interface/local/lib/python3.10/dist-packages/original_interface-0.0.0-py3.10.egg-info/top_level.txt
[4.738s] -- Installing: /home/inouemakoto/interbotix_ws/install/original_interface/local/lib/python3.10/dist-packages/original_interface-0.0.0-py3.10.egg-info/dependency_links.txt
[4.738s] -- Installing: /home/inouemakoto/interbotix_ws/install/original_interface/local/lib/python3.10/dist-packages/original_interface-0.0.0-py3.10.egg-info/SOURCES.txt
[4.738s] -- Installing: /home/inouemakoto/interbotix_ws/install/original_interface/local/lib/python3.10/dist-packages/original_interface-0.0.0-py3.10.egg-info/PKG-INFO
[4.738s] -- Up-to-date: /home/inouemakoto/interbotix_ws/install/original_interface/local/lib/python3.10/dist-packages/original_interface
[4.738s] -- Installing: /home/inouemakoto/interbotix_ws/install/original_interface/local/lib/python3.10/dist-packages/original_interface/liboriginal_interface__rosidl_generator_py.so
[4.739s] -- Installing: /home/inouemakoto/interbotix_ws/install/original_interface/local/lib/python3.10/dist-packages/original_interface/original_interface_s__rosidl_typesupport_c.cpython-310-x86_64-linux-gnu.so
[4.739s] -- Up-to-date: /home/inouemakoto/interbotix_ws/install/original_interface/local/lib/python3.10/dist-packages/original_interface/srv
[4.739s] -- Installing: /home/inouemakoto/interbotix_ws/install/original_interface/local/lib/python3.10/dist-packages/original_interface/srv/_target_pos.py
[4.739s] -- Installing: /home/inouemakoto/interbotix_ws/install/original_interface/local/lib/python3.10/dist-packages/original_interface/srv/_target_pos_s.c
[4.739s] -- Installing: /home/inouemakoto/interbotix_ws/install/original_interface/local/lib/python3.10/dist-packages/original_interface/srv/__init__.py
[4.739s] -- Installing: /home/inouemakoto/interbotix_ws/install/original_interface/local/lib/python3.10/dist-packages/original_interface/original_interface_s__rosidl_typesupport_fastrtps_c.cpython-310-x86_64-linux-gnu.so
[4.739s] -- Installing: /home/inouemakoto/interbotix_ws/install/original_interface/local/lib/python3.10/dist-packages/original_interface/original_interface_s__rosidl_typesupport_introspection_c.cpython-310-x86_64-linux-gnu.so
[4.739s] -- Installing: /home/inouemakoto/interbotix_ws/install/original_interface/local/lib/python3.10/dist-packages/original_interface/_original_interface_s.ep.rosidl_typesupport_introspection_c.c
[4.739s] -- Installing: /home/inouemakoto/interbotix_ws/install/original_interface/local/lib/python3.10/dist-packages/original_interface/__init__.py
[4.739s] -- Installing: /home/inouemakoto/interbotix_ws/install/original_interface/local/lib/python3.10/dist-packages/original_interface/_original_interface_s.ep.rosidl_typesupport_fastrtps_c.c
[4.739s] -- Installing: /home/inouemakoto/interbotix_ws/install/original_interface/local/lib/python3.10/dist-packages/original_interface/_original_interface_s.ep.rosidl_typesupport_c.c
[4.739s] Listing '/home/inouemakoto/interbotix_ws/install/original_interface/local/lib/python3.10/dist-packages/original_interface'...
[4.739s] Compiling '/home/inouemakoto/interbotix_ws/install/original_interface/local/lib/python3.10/dist-packages/original_interface/__init__.py'...
[4.739s] Listing '/home/inouemakoto/interbotix_ws/install/original_interface/local/lib/python3.10/dist-packages/original_interface/srv'...
[4.739s] Compiling '/home/inouemakoto/interbotix_ws/install/original_interface/local/lib/python3.10/dist-packages/original_interface/srv/__init__.py'...
[4.739s] Compiling '/home/inouemakoto/interbotix_ws/install/original_interface/local/lib/python3.10/dist-packages/original_interface/srv/_target_pos.py'...
[4.739s] -- Installing: /home/inouemakoto/interbotix_ws/install/original_interface/local/lib/python3.10/dist-packages/original_interface/original_interface_s__rosidl_typesupport_fastrtps_c.cpython-310-x86_64-linux-gnu.so
[4.740s] -- Set runtime path of "/home/inouemakoto/interbotix_ws/install/original_interface/local/lib/python3.10/dist-packages/original_interface/original_interface_s__rosidl_typesupport_fastrtps_c.cpython-310-x86_64-linux-gnu.so" to ""
[4.740s] -- Installing: /home/inouemakoto/interbotix_ws/install/original_interface/local/lib/python3.10/dist-packages/original_interface/original_interface_s__rosidl_typesupport_introspection_c.cpython-310-x86_64-linux-gnu.so
[4.740s] -- Set runtime path of "/home/inouemakoto/interbotix_ws/install/original_interface/local/lib/python3.10/dist-packages/original_interface/original_interface_s__rosidl_typesupport_introspection_c.cpython-310-x86_64-linux-gnu.so" to ""
[4.740s] -- Installing: /home/inouemakoto/interbotix_ws/install/original_interface/local/lib/python3.10/dist-packages/original_interface/original_interface_s__rosidl_typesupport_c.cpython-310-x86_64-linux-gnu.so
[4.740s] -- Set runtime path of "/home/inouemakoto/interbotix_ws/install/original_interface/local/lib/python3.10/dist-packages/original_interface/original_interface_s__rosidl_typesupport_c.cpython-310-x86_64-linux-gnu.so" to ""
[4.740s] -- Installing: /home/inouemakoto/interbotix_ws/install/original_interface/lib/liboriginal_interface__rosidl_generator_py.so
[4.740s] -- Set runtime path of "/home/inouemakoto/interbotix_ws/install/original_interface/lib/liboriginal_interface__rosidl_generator_py.so" to ""
[4.740s] -- Installing: /home/inouemakoto/interbotix_ws/install/original_interface/share/original_interface/srv/TargetPos.idl
[4.740s] -- Installing: /home/inouemakoto/interbotix_ws/install/original_interface/share/original_interface/srv/TargetPos.srv
[4.740s] -- Up-to-date: /home/inouemakoto/interbotix_ws/install/original_interface/share/original_interface/srv/TargetPos_Request.msg
[4.740s] -- Installing: /home/inouemakoto/interbotix_ws/install/original_interface/share/original_interface/srv/TargetPos_Response.msg
[4.740s] -- Up-to-date: /home/inouemakoto/interbotix_ws/install/original_interface/share/ament_index/resource_index/package_run_dependencies/original_interface
[4.740s] -- Up-to-date: /home/inouemakoto/interbotix_ws/install/original_interface/share/ament_index/resource_index/parent_prefix_path/original_interface
[4.740s] -- Up-to-date: /home/inouemakoto/interbotix_ws/install/original_interface/share/original_interface/environment/ament_prefix_path.sh
[4.740s] -- Installing: /home/inouemakoto/interbotix_ws/install/original_interface/share/original_interface/environment/ament_prefix_path.dsv
[4.740s] -- Up-to-date: /home/inouemakoto/interbotix_ws/install/original_interface/share/original_interface/environment/path.sh
[4.740s] -- Installing: /home/inouemakoto/interbotix_ws/install/original_interface/share/original_interface/environment/path.dsv
[4.741s] -- Up-to-date: /home/inouemakoto/interbotix_ws/install/original_interface/share/original_interface/local_setup.bash
[4.741s] -- Up-to-date: /home/inouemakoto/interbotix_ws/install/original_interface/share/original_interface/local_setup.sh
[4.741s] -- Up-to-date: /home/inouemakoto/interbotix_ws/install/original_interface/share/original_interface/local_setup.zsh
[4.741s] -- Installing: /home/inouemakoto/interbotix_ws/install/original_interface/share/original_interface/local_setup.dsv
[4.741s] -- Installing: /home/inouemakoto/interbotix_ws/install/original_interface/share/original_interface/package.dsv
[4.741s] -- Up-to-date: /home/inouemakoto/interbotix_ws/install/original_interface/share/ament_index/resource_index/packages/original_interface
[4.741s] -- Up-to-date: /home/inouemakoto/interbotix_ws/install/original_interface/share/original_interface/cmake/export_original_interface__rosidl_generator_cExport.cmake
[4.741s] -- Up-to-date: /home/inouemakoto/interbotix_ws/install/original_interface/share/original_interface/cmake/export_original_interface__rosidl_generator_cExport-noconfig.cmake
[4.741s] -- Up-to-date: /home/inouemakoto/interbotix_ws/install/original_interface/share/original_interface/cmake/export_original_interface__rosidl_typesupport_fastrtps_cExport.cmake
[4.741s] -- Up-to-date: /home/inouemakoto/interbotix_ws/install/original_interface/share/original_interface/cmake/export_original_interface__rosidl_typesupport_fastrtps_cExport-noconfig.cmake
[4.741s] -- Up-to-date: /home/inouemakoto/interbotix_ws/install/original_interface/share/original_interface/cmake/original_interface__rosidl_typesupport_introspection_cExport.cmake
[4.741s] -- Up-to-date: /home/inouemakoto/interbotix_ws/install/original_interface/share/original_interface/cmake/original_interface__rosidl_typesupport_introspection_cExport-noconfig.cmake
[4.741s] -- Up-to-date: /home/inouemakoto/interbotix_ws/install/original_interface/share/original_interface/cmake/original_interface__rosidl_typesupport_cExport.cmake
[4.741s] -- Up-to-date: /home/inouemakoto/interbotix_ws/install/original_interface/share/original_interface/cmake/original_interface__rosidl_typesupport_cExport-noconfig.cmake
[4.741s] -- Up-to-date: /home/inouemakoto/interbotix_ws/install/original_interface/share/original_interface/cmake/export_original_interface__rosidl_generator_cppExport.cmake
[4.741s] -- Up-to-date: /home/inouemakoto/interbotix_ws/install/original_interface/share/original_interface/cmake/export_original_interface__rosidl_typesupport_fastrtps_cppExport.cmake
[4.741s] -- Up-to-date: /home/inouemakoto/interbotix_ws/install/original_interface/share/original_interface/cmake/export_original_interface__rosidl_typesupport_fastrtps_cppExport-noconfig.cmake
[4.742s] -- Up-to-date: /home/inouemakoto/interbotix_ws/install/original_interface/share/original_interface/cmake/original_interface__rosidl_typesupport_introspection_cppExport.cmake
[4.742s] -- Up-to-date: /home/inouemakoto/interbotix_ws/install/original_interface/share/original_interface/cmake/original_interface__rosidl_typesupport_introspection_cppExport-noconfig.cmake
[4.742s] -- Up-to-date: /home/inouemakoto/interbotix_ws/install/original_interface/share/original_interface/cmake/original_interface__rosidl_typesupport_cppExport.cmake
[4.742s] -- Up-to-date: /home/inouemakoto/interbotix_ws/install/original_interface/share/original_interface/cmake/original_interface__rosidl_typesupport_cppExport-noconfig.cmake
[4.742s] -- Up-to-date: /home/inouemakoto/interbotix_ws/install/original_interface/share/original_interface/cmake/export_original_interface__rosidl_generator_pyExport.cmake
[4.742s] -- Up-to-date: /home/inouemakoto/interbotix_ws/install/original_interface/share/original_interface/cmake/export_original_interface__rosidl_generator_pyExport-noconfig.cmake
[4.742s] -- Up-to-date: /home/inouemakoto/interbotix_ws/install/original_interface/share/original_interface/cmake/rosidl_cmake-extras.cmake
[4.742s] -- Up-to-date: /home/inouemakoto/interbotix_ws/install/original_interface/share/original_interface/cmake/ament_cmake_export_include_directories-extras.cmake
[4.742s] -- Up-to-date: /home/inouemakoto/interbotix_ws/install/original_interface/share/original_interface/cmake/ament_cmake_export_libraries-extras.cmake
[4.742s] -- Up-to-date: /home/inouemakoto/interbotix_ws/install/original_interface/share/original_interface/cmake/ament_cmake_export_targets-extras.cmake
[4.742s] -- Up-to-date: /home/inouemakoto/interbotix_ws/install/original_interface/share/original_interface/cmake/rosidl_cmake_export_typesupport_targets-extras.cmake
[4.742s] -- Up-to-date: /home/inouemakoto/interbotix_ws/install/original_interface/share/original_interface/cmake/ament_cmake_export_dependencies-extras.cmake
[4.742s] -- Up-to-date: /home/inouemakoto/interbotix_ws/install/original_interface/share/original_interface/cmake/rosidl_cmake_export_typesupport_libraries-extras.cmake
[4.742s] -- Up-to-date: /home/inouemakoto/interbotix_ws/install/original_interface/share/original_interface/cmake/original_interfaceConfig.cmake
[4.742s] -- Up-to-date: /home/inouemakoto/interbotix_ws/install/original_interface/share/original_interface/cmake/original_interfaceConfig-version.cmake
[4.743s] -- Up-to-date: /home/inouemakoto/interbotix_ws/install/original_interface/share/original_interface/package.xml
[4.809s] Invoked command in '/home/inouemakoto/interbotix_ws/build/original_interface' returned '0': CMAKE_PREFIX_PATH=${CMAKE_PREFIX_PATH}:/home/inouemakoto/interbotix_ws/install/moveit_service:/home/inouemakoto/interbotix_ws/install/makoto:/home/inouemakoto/interbotix_ws/install/interbotix_xs_modules:/home/inouemakoto/interbotix_ws/install/interbotix_common_modules:/home/inouemakoto/ws_moveit2/install/moveit_configs_utils:/home/inouemakoto/ws_moveit2/install/launch_param_builder:/home/inouemakoto/install/moveit_service:/home/inouemakoto/install/interbotix_xs_modules:/home/inouemakoto/install/interbotix_common_modules:/opt/ros/humble /usr/bin/cmake --install /home/inouemakoto/interbotix_ws/build/original_interface
