[  3%] Built target interbotix_rpi_msgs__cpp
[ 12%] Built target interbotix_rpi_msgs__rosidl_generator_c
[ 12%] Built target ament_cmake_python_copy_interbotix_rpi_msgs
[ 22%] Built target interbotix_rpi_msgs__rosidl_typesupport_cpp
[ 32%] Built target interbotix_rpi_msgs__rosidl_typesupport_fastrtps_cpp
[ 41%] Built target interbotix_rpi_msgs__rosidl_typesupport_introspection_cpp
[ 51%] Built target interbotix_rpi_msgs__rosidl_typesupport_introspection_c
[ 61%] Built target interbotix_rpi_msgs__rosidl_typesupport_fastrtps_c
[ 70%] Built target interbotix_rpi_msgs__rosidl_typesupport_c
[ 70%] Built target interbotix_rpi_msgs
[ 74%] Built target interbotix_rpi_msgs__py
[ 80%] Built target interbotix_rpi_msgs__rosidl_generator_py
[ 87%] Built target interbotix_rpi_msgs__rosidl_typesupport_c__pyext
[ 93%] Built target interbotix_rpi_msgs__rosidl_typesupport_introspection_c__pyext
[100%] Built target interbotix_rpi_msgs__rosidl_typesupport_fastrtps_c__pyext
running egg_info
writing interbotix_rpi_msgs.egg-info/PKG-INFO
writing dependency_links to interbotix_rpi_msgs.egg-info/dependency_links.txt
writing top-level names to interbotix_rpi_msgs.egg-info/top_level.txt
reading manifest file 'interbotix_rpi_msgs.egg-info/SOURCES.txt'
writing manifest file 'interbotix_rpi_msgs.egg-info/SOURCES.txt'
[100%] Built target ament_cmake_python_build_interbotix_rpi_msgs_egg
-- Install configuration: ""
-- Up-to-date: /home/inouemakoto/interbotix_ws/install/interbotix_rpi_msgs/share/ament_index/resource_index/rosidl_interfaces/interbotix_rpi_msgs
-- Up-to-date: /home/inouemakoto/interbotix_ws/install/interbotix_rpi_msgs/include/interbotix_rpi_msgs/interbotix_rpi_msgs
-- Up-to-date: /home/inouemakoto/interbotix_ws/install/interbotix_rpi_msgs/include/interbotix_rpi_msgs/interbotix_rpi_msgs/msg
-- Up-to-date: /home/inouemakoto/interbotix_ws/install/interbotix_rpi_msgs/include/interbotix_rpi_msgs/interbotix_rpi_msgs/msg/pixel_commands.h
-- Up-to-date: /home/inouemakoto/interbotix_ws/install/interbotix_rpi_msgs/include/interbotix_rpi_msgs/interbotix_rpi_msgs/msg/rosidl_generator_c__visibility_control.h
-- Up-to-date: /home/inouemakoto/interbotix_ws/install/interbotix_rpi_msgs/include/interbotix_rpi_msgs/interbotix_rpi_msgs/msg/detail
-- Up-to-date: /home/inouemakoto/interbotix_ws/install/interbotix_rpi_msgs/include/interbotix_rpi_msgs/interbotix_rpi_msgs/msg/detail/pixel_commands__functions.c
-- Up-to-date: /home/inouemakoto/interbotix_ws/install/interbotix_rpi_msgs/include/interbotix_rpi_msgs/interbotix_rpi_msgs/msg/detail/pixel_commands__struct.h
-- Up-to-date: /home/inouemakoto/interbotix_ws/install/interbotix_rpi_msgs/include/interbotix_rpi_msgs/interbotix_rpi_msgs/msg/detail/pixel_commands__type_support.h
-- Up-to-date: /home/inouemakoto/interbotix_ws/install/interbotix_rpi_msgs/include/interbotix_rpi_msgs/interbotix_rpi_msgs/msg/detail/pixel_commands__functions.h
-- Up-to-date: /home/inouemakoto/interbotix_ws/install/interbotix_rpi_msgs/share/interbotix_rpi_msgs/environment/library_path.sh
-- Up-to-date: /home/inouemakoto/interbotix_ws/install/interbotix_rpi_msgs/share/interbotix_rpi_msgs/environment/library_path.dsv
-- Up-to-date: /home/inouemakoto/interbotix_ws/install/interbotix_rpi_msgs/lib/libinterbotix_rpi_msgs__rosidl_generator_c.so
-- Up-to-date: /home/inouemakoto/interbotix_ws/install/interbotix_rpi_msgs/include/interbotix_rpi_msgs/interbotix_rpi_msgs
-- Up-to-date: /home/inouemakoto/interbotix_ws/install/interbotix_rpi_msgs/include/interbotix_rpi_msgs/interbotix_rpi_msgs/msg
-- Up-to-date: /home/inouemakoto/interbotix_ws/install/interbotix_rpi_msgs/include/interbotix_rpi_msgs/interbotix_rpi_msgs/msg/detail
-- Up-to-date: /home/inouemakoto/interbotix_ws/install/interbotix_rpi_msgs/include/interbotix_rpi_msgs/interbotix_rpi_msgs/msg/detail/pixel_commands__rosidl_typesupport_fastrtps_c.h
-- Up-to-date: /home/inouemakoto/interbotix_ws/install/interbotix_rpi_msgs/include/interbotix_rpi_msgs/interbotix_rpi_msgs/msg/rosidl_typesupport_fastrtps_c__visibility_control.h
-- Up-to-date: /home/inouemakoto/interbotix_ws/install/interbotix_rpi_msgs/lib/libinterbotix_rpi_msgs__rosidl_typesupport_fastrtps_c.so
-- Up-to-date: /home/inouemakoto/interbotix_ws/install/interbotix_rpi_msgs/include/interbotix_rpi_msgs/interbotix_rpi_msgs
-- Up-to-date: /home/inouemakoto/interbotix_ws/install/interbotix_rpi_msgs/include/interbotix_rpi_msgs/interbotix_rpi_msgs/msg
-- Up-to-date: /home/inouemakoto/interbotix_ws/install/interbotix_rpi_msgs/include/interbotix_rpi_msgs/interbotix_rpi_msgs/msg/rosidl_typesupport_introspection_c__visibility_control.h
-- Up-to-date: /home/inouemakoto/interbotix_ws/install/interbotix_rpi_msgs/include/interbotix_rpi_msgs/interbotix_rpi_msgs/msg/detail
-- Up-to-date: /home/inouemakoto/interbotix_ws/install/interbotix_rpi_msgs/include/interbotix_rpi_msgs/interbotix_rpi_msgs/msg/detail/pixel_commands__type_support.c
-- Up-to-date: /home/inouemakoto/interbotix_ws/install/interbotix_rpi_msgs/include/interbotix_rpi_msgs/interbotix_rpi_msgs/msg/detail/pixel_commands__rosidl_typesupport_introspection_c.h
-- Up-to-date: /home/inouemakoto/interbotix_ws/install/interbotix_rpi_msgs/lib/libinterbotix_rpi_msgs__rosidl_typesupport_introspection_c.so
-- Up-to-date: /home/inouemakoto/interbotix_ws/install/interbotix_rpi_msgs/lib/libinterbotix_rpi_msgs__rosidl_typesupport_c.so
-- Up-to-date: /home/inouemakoto/interbotix_ws/install/interbotix_rpi_msgs/include/interbotix_rpi_msgs/interbotix_rpi_msgs
-- Up-to-date: /home/inouemakoto/interbotix_ws/install/interbotix_rpi_msgs/include/interbotix_rpi_msgs/interbotix_rpi_msgs/msg
-- Up-to-date: /home/inouemakoto/interbotix_ws/install/interbotix_rpi_msgs/include/interbotix_rpi_msgs/interbotix_rpi_msgs/msg/pixel_commands.hpp
-- Up-to-date: /home/inouemakoto/interbotix_ws/install/interbotix_rpi_msgs/include/interbotix_rpi_msgs/interbotix_rpi_msgs/msg/detail
-- Up-to-date: /home/inouemakoto/interbotix_ws/install/interbotix_rpi_msgs/include/interbotix_rpi_msgs/interbotix_rpi_msgs/msg/detail/pixel_commands__struct.hpp
-- Up-to-date: /home/inouemakoto/interbotix_ws/install/interbotix_rpi_msgs/include/interbotix_rpi_msgs/interbotix_rpi_msgs/msg/detail/pixel_commands__builder.hpp
-- Up-to-date: /home/inouemakoto/interbotix_ws/install/interbotix_rpi_msgs/include/interbotix_rpi_msgs/interbotix_rpi_msgs/msg/detail/pixel_commands__traits.hpp
-- Up-to-date: /home/inouemakoto/interbotix_ws/install/interbotix_rpi_msgs/include/interbotix_rpi_msgs/interbotix_rpi_msgs
-- Up-to-date: /home/inouemakoto/interbotix_ws/install/interbotix_rpi_msgs/include/interbotix_rpi_msgs/interbotix_rpi_msgs/msg
-- Up-to-date: /home/inouemakoto/interbotix_ws/install/interbotix_rpi_msgs/include/interbotix_rpi_msgs/interbotix_rpi_msgs/msg/rosidl_typesupport_fastrtps_cpp__visibility_control.h
-- Up-to-date: /home/inouemakoto/interbotix_ws/install/interbotix_rpi_msgs/include/interbotix_rpi_msgs/interbotix_rpi_msgs/msg/detail
-- Up-to-date: /home/inouemakoto/interbotix_ws/install/interbotix_rpi_msgs/include/interbotix_rpi_msgs/interbotix_rpi_msgs/msg/detail/dds_fastrtps
-- Up-to-date: /home/inouemakoto/interbotix_ws/install/interbotix_rpi_msgs/include/interbotix_rpi_msgs/interbotix_rpi_msgs/msg/detail/pixel_commands__rosidl_typesupport_fastrtps_cpp.hpp
-- Up-to-date: /home/inouemakoto/interbotix_ws/install/interbotix_rpi_msgs/lib/libinterbotix_rpi_msgs__rosidl_typesupport_fastrtps_cpp.so
-- Up-to-date: /home/inouemakoto/interbotix_ws/install/interbotix_rpi_msgs/include/interbotix_rpi_msgs/interbotix_rpi_msgs
-- Up-to-date: /home/inouemakoto/interbotix_ws/install/interbotix_rpi_msgs/include/interbotix_rpi_msgs/interbotix_rpi_msgs/msg
-- Up-to-date: /home/inouemakoto/interbotix_ws/install/interbotix_rpi_msgs/include/interbotix_rpi_msgs/interbotix_rpi_msgs/msg/detail
-- Up-to-date: /home/inouemakoto/interbotix_ws/install/interbotix_rpi_msgs/include/interbotix_rpi_msgs/interbotix_rpi_msgs/msg/detail/pixel_commands__rosidl_typesupport_introspection_cpp.hpp
-- Up-to-date: /home/inouemakoto/interbotix_ws/install/interbotix_rpi_msgs/include/interbotix_rpi_msgs/interbotix_rpi_msgs/msg/detail/pixel_commands__type_support.cpp
-- Up-to-date: /home/inouemakoto/interbotix_ws/install/interbotix_rpi_msgs/lib/libinterbotix_rpi_msgs__rosidl_typesupport_introspection_cpp.so
-- Up-to-date: /home/inouemakoto/interbotix_ws/install/interbotix_rpi_msgs/lib/libinterbotix_rpi_msgs__rosidl_typesupport_cpp.so
-- Up-to-date: /home/inouemakoto/interbotix_ws/install/interbotix_rpi_msgs/share/interbotix_rpi_msgs/environment/pythonpath.sh
-- Up-to-date: /home/inouemakoto/interbotix_ws/install/interbotix_rpi_msgs/share/interbotix_rpi_msgs/environment/pythonpath.dsv
-- Up-to-date: /home/inouemakoto/interbotix_ws/install/interbotix_rpi_msgs/local/lib/python3.10/dist-packages/interbotix_rpi_msgs-0.0.0-py3.10.egg-info
-- Installing: /home/inouemakoto/interbotix_ws/install/interbotix_rpi_msgs/local/lib/python3.10/dist-packages/interbotix_rpi_msgs-0.0.0-py3.10.egg-info/top_level.txt
-- Installing: /home/inouemakoto/interbotix_ws/install/interbotix_rpi_msgs/local/lib/python3.10/dist-packages/interbotix_rpi_msgs-0.0.0-py3.10.egg-info/dependency_links.txt
-- Installing: /home/inouemakoto/interbotix_ws/install/interbotix_rpi_msgs/local/lib/python3.10/dist-packages/interbotix_rpi_msgs-0.0.0-py3.10.egg-info/SOURCES.txt
-- Installing: /home/inouemakoto/interbotix_ws/install/interbotix_rpi_msgs/local/lib/python3.10/dist-packages/interbotix_rpi_msgs-0.0.0-py3.10.egg-info/PKG-INFO
-- Up-to-date: /home/inouemakoto/interbotix_ws/install/interbotix_rpi_msgs/local/lib/python3.10/dist-packages/interbotix_rpi_msgs
-- Up-to-date: /home/inouemakoto/interbotix_ws/install/interbotix_rpi_msgs/local/lib/python3.10/dist-packages/interbotix_rpi_msgs/interbotix_rpi_msgs_s__rosidl_typesupport_c.cpython-310-x86_64-linux-gnu.so
-- Up-to-date: /home/inouemakoto/interbotix_ws/install/interbotix_rpi_msgs/local/lib/python3.10/dist-packages/interbotix_rpi_msgs/libinterbotix_rpi_msgs__rosidl_generator_py.so
-- Up-to-date: /home/inouemakoto/interbotix_ws/install/interbotix_rpi_msgs/local/lib/python3.10/dist-packages/interbotix_rpi_msgs/msg
-- Up-to-date: /home/inouemakoto/interbotix_ws/install/interbotix_rpi_msgs/local/lib/python3.10/dist-packages/interbotix_rpi_msgs/msg/_pixel_commands.py
-- Up-to-date: /home/inouemakoto/interbotix_ws/install/interbotix_rpi_msgs/local/lib/python3.10/dist-packages/interbotix_rpi_msgs/msg/__init__.py
-- Up-to-date: /home/inouemakoto/interbotix_ws/install/interbotix_rpi_msgs/local/lib/python3.10/dist-packages/interbotix_rpi_msgs/msg/_pixel_commands_s.c
-- Up-to-date: /home/inouemakoto/interbotix_ws/install/interbotix_rpi_msgs/local/lib/python3.10/dist-packages/interbotix_rpi_msgs/interbotix_rpi_msgs_s__rosidl_typesupport_fastrtps_c.cpython-310-x86_64-linux-gnu.so
-- Up-to-date: /home/inouemakoto/interbotix_ws/install/interbotix_rpi_msgs/local/lib/python3.10/dist-packages/interbotix_rpi_msgs/_interbotix_rpi_msgs_s.ep.rosidl_typesupport_c.c
-- Up-to-date: /home/inouemakoto/interbotix_ws/install/interbotix_rpi_msgs/local/lib/python3.10/dist-packages/interbotix_rpi_msgs/_interbotix_rpi_msgs_s.ep.rosidl_typesupport_fastrtps_c.c
-- Up-to-date: /home/inouemakoto/interbotix_ws/install/interbotix_rpi_msgs/local/lib/python3.10/dist-packages/interbotix_rpi_msgs/_interbotix_rpi_msgs_s.ep.rosidl_typesupport_introspection_c.c
-- Up-to-date: /home/inouemakoto/interbotix_ws/install/interbotix_rpi_msgs/local/lib/python3.10/dist-packages/interbotix_rpi_msgs/__init__.py
-- Up-to-date: /home/inouemakoto/interbotix_ws/install/interbotix_rpi_msgs/local/lib/python3.10/dist-packages/interbotix_rpi_msgs/interbotix_rpi_msgs_s__rosidl_typesupport_introspection_c.cpython-310-x86_64-linux-gnu.so
Listing '/home/inouemakoto/interbotix_ws/install/interbotix_rpi_msgs/local/lib/python3.10/dist-packages/interbotix_rpi_msgs'...
Listing '/home/inouemakoto/interbotix_ws/install/interbotix_rpi_msgs/local/lib/python3.10/dist-packages/interbotix_rpi_msgs/msg'...
-- Up-to-date: /home/inouemakoto/interbotix_ws/install/interbotix_rpi_msgs/local/lib/python3.10/dist-packages/interbotix_rpi_msgs/interbotix_rpi_msgs_s__rosidl_typesupport_fastrtps_c.cpython-310-x86_64-linux-gnu.so
-- Up-to-date: /home/inouemakoto/interbotix_ws/install/interbotix_rpi_msgs/local/lib/python3.10/dist-packages/interbotix_rpi_msgs/interbotix_rpi_msgs_s__rosidl_typesupport_introspection_c.cpython-310-x86_64-linux-gnu.so
-- Up-to-date: /home/inouemakoto/interbotix_ws/install/interbotix_rpi_msgs/local/lib/python3.10/dist-packages/interbotix_rpi_msgs/interbotix_rpi_msgs_s__rosidl_typesupport_c.cpython-310-x86_64-linux-gnu.so
-- Up-to-date: /home/inouemakoto/interbotix_ws/install/interbotix_rpi_msgs/lib/libinterbotix_rpi_msgs__rosidl_generator_py.so
-- Up-to-date: /home/inouemakoto/interbotix_ws/install/interbotix_rpi_msgs/share/interbotix_rpi_msgs/msg/PixelCommands.idl
-- Up-to-date: /home/inouemakoto/interbotix_ws/install/interbotix_rpi_msgs/share/interbotix_rpi_msgs/msg/PixelCommands.msg
-- Up-to-date: /home/inouemakoto/interbotix_ws/install/interbotix_rpi_msgs/share/ament_index/resource_index/package_run_dependencies/interbotix_rpi_msgs
-- Up-to-date: /home/inouemakoto/interbotix_ws/install/interbotix_rpi_msgs/share/ament_index/resource_index/parent_prefix_path/interbotix_rpi_msgs
-- Up-to-date: /home/inouemakoto/interbotix_ws/install/interbotix_rpi_msgs/share/interbotix_rpi_msgs/environment/ament_prefix_path.sh
-- Up-to-date: /home/inouemakoto/interbotix_ws/install/interbotix_rpi_msgs/share/interbotix_rpi_msgs/environment/ament_prefix_path.dsv
-- Up-to-date: /home/inouemakoto/interbotix_ws/install/interbotix_rpi_msgs/share/interbotix_rpi_msgs/environment/path.sh
-- Up-to-date: /home/inouemakoto/interbotix_ws/install/interbotix_rpi_msgs/share/interbotix_rpi_msgs/environment/path.dsv
-- Up-to-date: /home/inouemakoto/interbotix_ws/install/interbotix_rpi_msgs/share/interbotix_rpi_msgs/local_setup.bash
-- Up-to-date: /home/inouemakoto/interbotix_ws/install/interbotix_rpi_msgs/share/interbotix_rpi_msgs/local_setup.sh
-- Up-to-date: /home/inouemakoto/interbotix_ws/install/interbotix_rpi_msgs/share/interbotix_rpi_msgs/local_setup.zsh
-- Up-to-date: /home/inouemakoto/interbotix_ws/install/interbotix_rpi_msgs/share/interbotix_rpi_msgs/local_setup.dsv
-- Installing: /home/inouemakoto/interbotix_ws/install/interbotix_rpi_msgs/share/interbotix_rpi_msgs/package.dsv
-- Up-to-date: /home/inouemakoto/interbotix_ws/install/interbotix_rpi_msgs/share/ament_index/resource_index/packages/interbotix_rpi_msgs
-- Up-to-date: /home/inouemakoto/interbotix_ws/install/interbotix_rpi_msgs/share/interbotix_rpi_msgs/cmake/export_interbotix_rpi_msgs__rosidl_generator_cExport.cmake
-- Up-to-date: /home/inouemakoto/interbotix_ws/install/interbotix_rpi_msgs/share/interbotix_rpi_msgs/cmake/export_interbotix_rpi_msgs__rosidl_generator_cExport-noconfig.cmake
-- Up-to-date: /home/inouemakoto/interbotix_ws/install/interbotix_rpi_msgs/share/interbotix_rpi_msgs/cmake/export_interbotix_rpi_msgs__rosidl_typesupport_fastrtps_cExport.cmake
-- Up-to-date: /home/inouemakoto/interbotix_ws/install/interbotix_rpi_msgs/share/interbotix_rpi_msgs/cmake/export_interbotix_rpi_msgs__rosidl_typesupport_fastrtps_cExport-noconfig.cmake
-- Up-to-date: /home/inouemakoto/interbotix_ws/install/interbotix_rpi_msgs/share/interbotix_rpi_msgs/cmake/interbotix_rpi_msgs__rosidl_typesupport_introspection_cExport.cmake
-- Up-to-date: /home/inouemakoto/interbotix_ws/install/interbotix_rpi_msgs/share/interbotix_rpi_msgs/cmake/interbotix_rpi_msgs__rosidl_typesupport_introspection_cExport-noconfig.cmake
-- Up-to-date: /home/inouemakoto/interbotix_ws/install/interbotix_rpi_msgs/share/interbotix_rpi_msgs/cmake/interbotix_rpi_msgs__rosidl_typesupport_cExport.cmake
-- Up-to-date: /home/inouemakoto/interbotix_ws/install/interbotix_rpi_msgs/share/interbotix_rpi_msgs/cmake/interbotix_rpi_msgs__rosidl_typesupport_cExport-noconfig.cmake
-- Up-to-date: /home/inouemakoto/interbotix_ws/install/interbotix_rpi_msgs/share/interbotix_rpi_msgs/cmake/export_interbotix_rpi_msgs__rosidl_generator_cppExport.cmake
-- Up-to-date: /home/inouemakoto/interbotix_ws/install/interbotix_rpi_msgs/share/interbotix_rpi_msgs/cmake/export_interbotix_rpi_msgs__rosidl_typesupport_fastrtps_cppExport.cmake
-- Up-to-date: /home/inouemakoto/interbotix_ws/install/interbotix_rpi_msgs/share/interbotix_rpi_msgs/cmake/export_interbotix_rpi_msgs__rosidl_typesupport_fastrtps_cppExport-noconfig.cmake
-- Up-to-date: /home/inouemakoto/interbotix_ws/install/interbotix_rpi_msgs/share/interbotix_rpi_msgs/cmake/interbotix_rpi_msgs__rosidl_typesupport_introspection_cppExport.cmake
-- Up-to-date: /home/inouemakoto/interbotix_ws/install/interbotix_rpi_msgs/share/interbotix_rpi_msgs/cmake/interbotix_rpi_msgs__rosidl_typesupport_introspection_cppExport-noconfig.cmake
-- Up-to-date: /home/inouemakoto/interbotix_ws/install/interbotix_rpi_msgs/share/interbotix_rpi_msgs/cmake/interbotix_rpi_msgs__rosidl_typesupport_cppExport.cmake
-- Up-to-date: /home/inouemakoto/interbotix_ws/install/interbotix_rpi_msgs/share/interbotix_rpi_msgs/cmake/interbotix_rpi_msgs__rosidl_typesupport_cppExport-noconfig.cmake
-- Up-to-date: /home/inouemakoto/interbotix_ws/install/interbotix_rpi_msgs/share/interbotix_rpi_msgs/cmake/export_interbotix_rpi_msgs__rosidl_generator_pyExport.cmake
-- Up-to-date: /home/inouemakoto/interbotix_ws/install/interbotix_rpi_msgs/share/interbotix_rpi_msgs/cmake/export_interbotix_rpi_msgs__rosidl_generator_pyExport-noconfig.cmake
-- Up-to-date: /home/inouemakoto/interbotix_ws/install/interbotix_rpi_msgs/share/interbotix_rpi_msgs/cmake/rosidl_cmake-extras.cmake
-- Up-to-date: /home/inouemakoto/interbotix_ws/install/interbotix_rpi_msgs/share/interbotix_rpi_msgs/cmake/ament_cmake_export_dependencies-extras.cmake
-- Up-to-date: /home/inouemakoto/interbotix_ws/install/interbotix_rpi_msgs/share/interbotix_rpi_msgs/cmake/ament_cmake_export_include_directories-extras.cmake
-- Up-to-date: /home/inouemakoto/interbotix_ws/install/interbotix_rpi_msgs/share/interbotix_rpi_msgs/cmake/ament_cmake_export_libraries-extras.cmake
-- Up-to-date: /home/inouemakoto/interbotix_ws/install/interbotix_rpi_msgs/share/interbotix_rpi_msgs/cmake/ament_cmake_export_targets-extras.cmake
-- Up-to-date: /home/inouemakoto/interbotix_ws/install/interbotix_rpi_msgs/share/interbotix_rpi_msgs/cmake/rosidl_cmake_export_typesupport_targets-extras.cmake
-- Up-to-date: /home/inouemakoto/interbotix_ws/install/interbotix_rpi_msgs/share/interbotix_rpi_msgs/cmake/rosidl_cmake_export_typesupport_libraries-extras.cmake
-- Up-to-date: /home/inouemakoto/interbotix_ws/install/interbotix_rpi_msgs/share/interbotix_rpi_msgs/cmake/interbotix_rpi_msgsConfig.cmake
-- Up-to-date: /home/inouemakoto/interbotix_ws/install/interbotix_rpi_msgs/share/interbotix_rpi_msgs/cmake/interbotix_rpi_msgsConfig-version.cmake
-- Up-to-date: /home/inouemakoto/interbotix_ws/install/interbotix_rpi_msgs/share/interbotix_rpi_msgs/package.xml
