[0.000000] (-) TimerEvent: {}
[0.000090] (-) JobUnselected: {'identifier': 'dynamixel_workbench_toolbox'}
[0.000112] (-) JobUnselected: {'identifier': 'graph_msgs'}
[0.000128] (-) JobUnselected: {'identifier': 'hello_moveit2'}
[0.000142] (-) JobUnselected: {'identifier': 'interbotix_common_modules'}
[0.000155] (-) JobUnselected: {'identifier': 'interbotix_common_sim'}
[0.000167] (-) JobUnselected: {'identifier': 'interbotix_common_toolbox'}
[0.000180] (-) JobUnselected: {'identifier': 'interbotix_moveit_interface'}
[0.000192] (-) JobUnselected: {'identifier': 'interbotix_moveit_interface_msgs'}
[0.000204] (-) JobUnselected: {'identifier': 'interbotix_ros_xsarms'}
[0.000216] (-) JobUnselected: {'identifier': 'interbotix_ros_xsarms_examples'}
[0.000228] (-) JobUnselected: {'identifier': 'interbotix_ros_xseries'}
[0.000240] (-) JobUnselected: {'identifier': 'interbotix_tf_tools'}
[0.000252] (-) JobUnselected: {'identifier': 'interbotix_xs_driver'}
[0.000264] (-) JobUnselected: {'identifier': 'interbotix_xs_modules'}
[0.000276] (-) JobUnselected: {'identifier': 'interbotix_xs_msgs'}
[0.000287] (-) JobUnselected: {'identifier': 'interbotix_xs_ros_control'}
[0.000299] (-) JobUnselected: {'identifier': 'interbotix_xs_rviz'}
[0.000311] (-) JobUnselected: {'identifier': 'interbotix_xs_sdk'}
[0.000322] (-) JobUnselected: {'identifier': 'interbotix_xs_toolbox'}
[0.000337] (-) JobUnselected: {'identifier': 'interbotix_xsarm_control'}
[0.000350] (-) JobUnselected: {'identifier': 'interbotix_xsarm_descriptions'}
[0.000362] (-) JobUnselected: {'identifier': 'interbotix_xsarm_joy'}
[0.000373] (-) JobUnselected: {'identifier': 'interbotix_xsarm_moveit'}
[0.000385] (-) JobUnselected: {'identifier': 'interbotix_xsarm_moveit_interface'}
[0.000396] (-) JobUnselected: {'identifier': 'interbotix_xsarm_ros_control'}
[0.000408] (-) JobUnselected: {'identifier': 'interbotix_xsarm_sim'}
[0.000420] (-) JobUnselected: {'identifier': 'moveit_interbotix_test1'}
[0.000432] (-) JobUnselected: {'identifier': 'moveit_visual_tools'}
[0.000443] (-) JobUnselected: {'identifier': 'rviz_visual_tools'}
[0.000455] (-) JobUnselected: {'identifier': 'vx300s_moveit_config'}
[0.000466] (-) JobUnselected: {'identifier': 'vx300s_run_move_group'}
[0.000479] (-) EventReactorShutdown: {}
