[1.768s] Invoking command in '/home/inouemakoto/interbotix_ws/src/makoto': PYTHONPATH=/home/inouemakoto/interbotix_ws/build/makoto/prefix_override:/home/inouemakoto/interbotix_ws/install/makoto/lib/python3.10/site-packages:${PYTHONPATH} /usr/bin/python3 setup.py egg_info --egg-base ../../build/makoto build --build-base /home/inouemakoto/interbotix_ws/build/makoto/build install --record /home/inouemakoto/interbotix_ws/build/makoto/install.log --single-version-externally-managed
[2.068s] running egg_info
[2.069s] writing ../../build/makoto/makoto.egg-info/PKG-INFO
[2.070s] writing dependency_links to ../../build/makoto/makoto.egg-info/dependency_links.txt
[2.070s] writing entry points to ../../build/makoto/makoto.egg-info/entry_points.txt
[2.070s] writing requirements to ../../build/makoto/makoto.egg-info/requires.txt
[2.070s] writing top-level names to ../../build/makoto/makoto.egg-info/top_level.txt
[2.071s] reading manifest file '../../build/makoto/makoto.egg-info/SOURCES.txt'
[2.071s] writing manifest file '../../build/makoto/makoto.egg-info/SOURCES.txt'
[2.072s] running build
[2.072s] running build_py
[2.072s] running install
[2.072s] running install_lib
[2.073s] running install_data
[2.074s] running install_egg_info
[2.075s] removing '/home/inouemakoto/interbotix_ws/install/makoto/lib/python3.10/site-packages/makoto-0.0.0-py3.10.egg-info' (and everything under it)
[2.075s] Copying ../../build/makoto/makoto.egg-info to /home/inouemakoto/interbotix_ws/install/makoto/lib/python3.10/site-packages/makoto-0.0.0-py3.10.egg-info
[2.076s] running install_scripts
[2.097s] Installing pick__place script to /home/inouemakoto/interbotix_ws/install/makoto/lib/makoto
[2.097s] writing list of installed files to '/home/inouemakoto/interbotix_ws/build/makoto/install.log'
[2.128s] Invoked command in '/home/inouemakoto/interbotix_ws/src/makoto' returned '0': PYTHONPATH=/home/inouemakoto/interbotix_ws/build/makoto/prefix_override:/home/inouemakoto/interbotix_ws/install/makoto/lib/python3.10/site-packages:${PYTHONPATH} /usr/bin/python3 setup.py egg_info --egg-base ../../build/makoto build --build-base /home/inouemakoto/interbotix_ws/build/makoto/build install --record /home/inouemakoto/interbotix_ws/build/makoto/install.log --single-version-externally-managed
