[4.667s] Invoking command in '/home/inouemakoto/interbotix_ws/src/makoto': PYTHONPATH=/home/inouemakoto/interbotix_ws/build/makoto/prefix_override:/home/inouemakoto/interbotix_ws/install/makoto/lib/python3.10/site-packages:${PYTHONPATH} /usr/bin/python3 setup.py egg_info --egg-base ../../build/makoto build --build-base /home/inouemakoto/interbotix_ws/build/makoto/build install --record /home/inouemakoto/interbotix_ws/build/makoto/install.log --single-version-externally-managed
[4.940s] running egg_info
[4.959s] writing ../../build/makoto/makoto.egg-info/PKG-INFO
[4.959s] writing dependency_links to ../../build/makoto/makoto.egg-info/dependency_links.txt
[4.960s] writing entry points to ../../build/makoto/makoto.egg-info/entry_points.txt
[4.960s] writing requirements to ../../build/makoto/makoto.egg-info/requires.txt
[4.960s] writing top-level names to ../../build/makoto/makoto.egg-info/top_level.txt
[4.998s] reading manifest file '../../build/makoto/makoto.egg-info/SOURCES.txt'
[4.999s] writing manifest file '../../build/makoto/makoto.egg-info/SOURCES.txt'
[4.999s] running build
[4.999s] running build_py
[5.000s] running install
[5.000s] /home/inouemakoto/.local/lib/python3.10/site-packages/setuptools/_distutils/cmd.py:66: SetuptoolsDeprecationWarning: setup.py install is deprecated.
[5.000s] !!
[5.000s] 
[5.000s]         ********************************************************************************
[5.000s]         Please avoid running ``setup.py`` directly.
[5.000s]         Instead, use pypa/build, pypa/installer or other
[5.000s]         standards-based tools.
[5.000s] 
[5.000s]         See https://blog.ganssle.io/articles/2021/10/setup-py-deprecated.html for details.
[5.000s]         ********************************************************************************
[5.000s] 
[5.001s] !!
[5.001s]   self.initialize_options()
[5.005s] running install_lib
[5.026s] running install_data
[5.045s] running install_egg_info
[5.065s] removing '/home/inouemakoto/interbotix_ws/install/makoto/lib/python3.10/site-packages/makoto-0.0.0-py3.10.egg-info' (and everything under it)
[5.066s] Copying ../../build/makoto/makoto.egg-info to /home/inouemakoto/interbotix_ws/install/makoto/lib/python3.10/site-packages/makoto-0.0.0-py3.10.egg-info
[5.067s] running install_scripts
[5.242s] Installing pick__place script to /home/inouemakoto/interbotix_ws/install/makoto/lib/makoto
[5.243s] writing list of installed files to '/home/inouemakoto/interbotix_ws/build/makoto/install.log'
[6.285s] Invoked command in '/home/inouemakoto/interbotix_ws/src/makoto' returned '0': PYTHONPATH=/home/inouemakoto/interbotix_ws/build/makoto/prefix_override:/home/inouemakoto/interbotix_ws/install/makoto/lib/python3.10/site-packages:${PYTHONPATH} /usr/bin/python3 setup.py egg_info --egg-base ../../build/makoto build --build-base /home/inouemakoto/interbotix_ws/build/makoto/build install --record /home/inouemakoto/interbotix_ws/build/makoto/install.log --single-version-externally-managed
