[10.462s] Invoking command in '/home/inouemakoto/interbotix_ws/src/camera': PYTHONPATH=/home/inouemakoto/interbotix_ws/build/camera/prefix_override:/home/inouemakoto/interbotix_ws/install/camera/lib/python3.10/site-packages:${PYTHONPATH} /usr/bin/python3 setup.py egg_info --egg-base ../../build/camera build --build-base /home/inouemakoto/interbotix_ws/build/camera/build install --record /home/inouemakoto/interbotix_ws/build/camera/install.log --single-version-externally-managed
[11.326s] running egg_info
[11.327s] writing ../../build/camera/camera.egg-info/PKG-INFO
[11.328s] writing dependency_links to ../../build/camera/camera.egg-info/dependency_links.txt
[11.328s] writing entry points to ../../build/camera/camera.egg-info/entry_points.txt
[11.328s] writing requirements to ../../build/camera/camera.egg-info/requires.txt
[11.328s] writing top-level names to ../../build/camera/camera.egg-info/top_level.txt
[11.336s] reading manifest file '../../build/camera/camera.egg-info/SOURCES.txt'
[11.345s] writing manifest file '../../build/camera/camera.egg-info/SOURCES.txt'
[11.346s] running build
[11.346s] running build_py
[11.346s] running install
[11.346s] running install_lib
[11.350s] running install_data
[11.351s] running install_egg_info
[11.358s] removing '/home/inouemakoto/interbotix_ws/install/camera/lib/python3.10/site-packages/camera-0.0.0-py3.10.egg-info' (and everything under it)
[11.358s] Copying ../../build/camera/camera.egg-info to /home/inouemakoto/interbotix_ws/install/camera/lib/python3.10/site-packages/camera-0.0.0-py3.10.egg-info
[11.361s] running install_scripts
[11.441s] Installing camera_imu script to /home/inouemakoto/interbotix_ws/install/camera/lib/camera
[11.441s] writing list of installed files to '/home/inouemakoto/interbotix_ws/build/camera/install.log'
[13.570s] Invoked command in '/home/inouemakoto/interbotix_ws/src/camera' returned '0': PYTHONPATH=/home/inouemakoto/interbotix_ws/build/camera/prefix_override:/home/inouemakoto/interbotix_ws/install/camera/lib/python3.10/site-packages:${PYTHONPATH} /usr/bin/python3 setup.py egg_info --egg-base ../../build/camera build --build-base /home/inouemakoto/interbotix_ws/build/camera/build install --record /home/inouemakoto/interbotix_ws/build/camera/install.log --single-version-externally-managed
