[0.684s] Invoking command in '/home/inouemakoto/interbotix_ws/src/interbotix_ros_toolboxes/interbotix_common_toolbox/interbotix_common_modules': PYTHONPATH=/home/inouemakoto/interbotix_ws/src/build/interbotix_common_modules/prefix_override:/home/inouemakoto/interbotix_ws/src/install/interbotix_common_modules/lib/python3.10/site-packages:${PYTHONPATH} /usr/bin/python3 setup.py egg_info --egg-base ../../../build/interbotix_common_modules build --build-base /home/inouemakoto/interbotix_ws/src/build/interbotix_common_modules/build install --record /home/inouemakoto/interbotix_ws/src/build/interbotix_common_modules/install.log --single-version-externally-managed
[0.909s] running egg_info
[0.909s] writing ../../../build/interbotix_common_modules/interbotix_common_modules.egg-info/PKG-INFO
[0.909s] writing dependency_links to ../../../build/interbotix_common_modules/interbotix_common_modules.egg-info/dependency_links.txt
[0.910s] writing entry points to ../../../build/interbotix_common_modules/interbotix_common_modules.egg-info/entry_points.txt
[0.910s] writing requirements to ../../../build/interbotix_common_modules/interbotix_common_modules.egg-info/requires.txt
[0.910s] writing top-level names to ../../../build/interbotix_common_modules/interbotix_common_modules.egg-info/top_level.txt
[0.911s] reading manifest file '../../../build/interbotix_common_modules/interbotix_common_modules.egg-info/SOURCES.txt'
[0.912s] writing manifest file '../../../build/interbotix_common_modules/interbotix_common_modules.egg-info/SOURCES.txt'
[0.912s] running build
[0.912s] running build_py
[0.913s] running install
[0.913s] /usr/lib/python3/dist-packages/setuptools/command/install.py:34: SetuptoolsDeprecationWarning: setup.py install is deprecated. Use build and pip and other standards-based tools.
[0.913s]   warnings.warn(
[0.913s] running install_lib
[0.914s] running install_data
[0.915s] running install_egg_info
[0.916s] removing '/home/inouemakoto/interbotix_ws/src/install/interbotix_common_modules/lib/python3.10/site-packages/interbotix_common_modules-0.0.0-py3.10.egg-info' (and everything under it)
[0.916s] Copying ../../../build/interbotix_common_modules/interbotix_common_modules.egg-info to /home/inouemakoto/interbotix_ws/src/install/interbotix_common_modules/lib/python3.10/site-packages/interbotix_common_modules-0.0.0-py3.10.egg-info
[0.917s] running install_scripts
[0.934s] writing list of installed files to '/home/inouemakoto/interbotix_ws/src/build/interbotix_common_modules/install.log'
[0.956s] Invoked command in '/home/inouemakoto/interbotix_ws/src/interbotix_ros_toolboxes/interbotix_common_toolbox/interbotix_common_modules' returned '0': PYTHONPATH=/home/inouemakoto/interbotix_ws/src/build/interbotix_common_modules/prefix_override:/home/inouemakoto/interbotix_ws/src/install/interbotix_common_modules/lib/python3.10/site-packages:${PYTHONPATH} /usr/bin/python3 setup.py egg_info --egg-base ../../../build/interbotix_common_modules build --build-base /home/inouemakoto/interbotix_ws/src/build/interbotix_common_modules/build install --record /home/inouemakoto/interbotix_ws/src/build/interbotix_common_modules/install.log --single-version-externally-managed
