[1.191s] Invoking command in '/home/inouemakoto/interbotix_ws/src/build/hello_moveit2_interbotix': CMAKE_PREFIX_PATH=${CMAKE_PREFIX_PATH}:/home/inouemakoto/ws_moveit2/install/moveit_configs_utils:/home/inouemakoto/ws_moveit2/install/launch_param_builder:/home/inouemakoto/interbotix_ws/install/interbotix_xs_modules:/home/inouemakoto/interbotix_ws/install/interbotix_common_modules:/opt/ros/humble /usr/bin/cmake /home/inouemakoto/interbotix_ws/src/hello_moveit2_interbotix -DCMAKE_INSTALL_PREFIX=/home/inouemakoto/interbotix_ws/src/install/hello_moveit2_interbotix
[1.584s] -- The C compiler identification is GNU 11.3.0
[1.961s] -- The CXX compiler identification is GNU 11.3.0
[1.990s] -- Detecting C compiler ABI info
[2.473s] -- Detecting C compiler ABI info - done
[2.477s] -- Check for working C compiler: /usr/bin/cc - skipped
[2.479s] -- Detecting C compile features
[2.480s] -- Detecting C compile features - done
[2.480s] -- Detecting CXX compiler ABI info
[2.983s] -- Detecting CXX compiler ABI info - done
[3.009s] -- Check for working CXX compiler: /usr/bin/c++ - skipped
[3.009s] -- Detecting CXX compile features
[3.010s] -- Detecting CXX compile features - done
[3.039s] -- Found ament_cmake: 1.3.4 (/opt/ros/humble/share/ament_cmake/cmake)
[4.077s] -- Found Python3: /usr/bin/python3.10 (found version "3.10.6") found components: Interpreter 
[4.649s] -- Found ament_lint_auto: 0.12.6 (/opt/ros/humble/share/ament_lint_auto/cmake)
[5.090s] -- Added test 'cppcheck' to perform static code analysis on C / C++ code
[5.090s] -- Configured cppcheck include dirs: 
[5.090s] -- Configured cppcheck exclude dirs and/or files: 
[5.096s] -- Added test 'lint_cmake' to check CMake code style
[5.102s] -- Added test 'uncrustify' to check C / C++ code style
[5.103s] -- Configured uncrustify additional arguments: 
[5.105s] -- Added test 'xmllint' to check XML markup files
[5.117s] -- Configuring done
[5.123s] -- Generating done
[5.129s] -- Build files have been written to: /home/inouemakoto/interbotix_ws/src/build/hello_moveit2_interbotix
[5.167s] Invoked command in '/home/inouemakoto/interbotix_ws/src/build/hello_moveit2_interbotix' returned '0': CMAKE_PREFIX_PATH=${CMAKE_PREFIX_PATH}:/home/inouemakoto/ws_moveit2/install/moveit_configs_utils:/home/inouemakoto/ws_moveit2/install/launch_param_builder:/home/inouemakoto/interbotix_ws/install/interbotix_xs_modules:/home/inouemakoto/interbotix_ws/install/interbotix_common_modules:/opt/ros/humble /usr/bin/cmake /home/inouemakoto/interbotix_ws/src/hello_moveit2_interbotix -DCMAKE_INSTALL_PREFIX=/home/inouemakoto/interbotix_ws/src/install/hello_moveit2_interbotix
[5.171s] Invoking command in '/home/inouemakoto/interbotix_ws/src/build/hello_moveit2_interbotix': CMAKE_PREFIX_PATH=${CMAKE_PREFIX_PATH}:/home/inouemakoto/ws_moveit2/install/moveit_configs_utils:/home/inouemakoto/ws_moveit2/install/launch_param_builder:/home/inouemakoto/interbotix_ws/install/interbotix_xs_modules:/home/inouemakoto/interbotix_ws/install/interbotix_common_modules:/opt/ros/humble /usr/bin/cmake --build /home/inouemakoto/interbotix_ws/src/build/hello_moveit2_interbotix -- -j20 -l20
[5.434s] Invoked command in '/home/inouemakoto/interbotix_ws/src/build/hello_moveit2_interbotix' returned '0': CMAKE_PREFIX_PATH=${CMAKE_PREFIX_PATH}:/home/inouemakoto/ws_moveit2/install/moveit_configs_utils:/home/inouemakoto/ws_moveit2/install/launch_param_builder:/home/inouemakoto/interbotix_ws/install/interbotix_xs_modules:/home/inouemakoto/interbotix_ws/install/interbotix_common_modules:/opt/ros/humble /usr/bin/cmake --build /home/inouemakoto/interbotix_ws/src/build/hello_moveit2_interbotix -- -j20 -l20
[5.541s] Invoking command in '/home/inouemakoto/interbotix_ws/src/build/hello_moveit2_interbotix': CMAKE_PREFIX_PATH=${CMAKE_PREFIX_PATH}:/home/inouemakoto/ws_moveit2/install/moveit_configs_utils:/home/inouemakoto/ws_moveit2/install/launch_param_builder:/home/inouemakoto/interbotix_ws/install/interbotix_xs_modules:/home/inouemakoto/interbotix_ws/install/interbotix_common_modules:/opt/ros/humble /usr/bin/cmake --install /home/inouemakoto/interbotix_ws/src/build/hello_moveit2_interbotix
[5.586s] -- Install configuration: ""
[5.587s] -- Installing: /home/inouemakoto/interbotix_ws/src/install/hello_moveit2_interbotix/share/ament_index/resource_index/package_run_dependencies/hello_moveit2_interbotix
[5.588s] -- Installing: /home/inouemakoto/interbotix_ws/src/install/hello_moveit2_interbotix/share/ament_index/resource_index/parent_prefix_path/hello_moveit2_interbotix
[5.589s] -- Installing: /home/inouemakoto/interbotix_ws/src/install/hello_moveit2_interbotix/share/hello_moveit2_interbotix/environment/ament_prefix_path.sh
[5.591s] -- Installing: /home/inouemakoto/interbotix_ws/src/install/hello_moveit2_interbotix/share/hello_moveit2_interbotix/environment/ament_prefix_path.dsv
[5.594s] -- Installing: /home/inouemakoto/interbotix_ws/src/install/hello_moveit2_interbotix/share/hello_moveit2_interbotix/environment/path.sh
[5.594s] -- Installing: /home/inouemakoto/interbotix_ws/src/install/hello_moveit2_interbotix/share/hello_moveit2_interbotix/environment/path.dsv
[5.594s] -- Installing: /home/inouemakoto/interbotix_ws/src/install/hello_moveit2_interbotix/share/hello_moveit2_interbotix/local_setup.bash
[5.594s] -- Installing: /home/inouemakoto/interbotix_ws/src/install/hello_moveit2_interbotix/share/hello_moveit2_interbotix/local_setup.sh
[5.594s] -- Installing: /home/inouemakoto/interbotix_ws/src/install/hello_moveit2_interbotix/share/hello_moveit2_interbotix/local_setup.zsh
[5.595s] -- Installing: /home/inouemakoto/interbotix_ws/src/install/hello_moveit2_interbotix/share/hello_moveit2_interbotix/local_setup.dsv
[5.595s] -- Installing: /home/inouemakoto/interbotix_ws/src/install/hello_moveit2_interbotix/share/hello_moveit2_interbotix/package.dsv
[5.595s] -- Installing: /home/inouemakoto/interbotix_ws/src/install/hello_moveit2_interbotix/share/ament_index/resource_index/packages/hello_moveit2_interbotix
[5.595s] -- Installing: /home/inouemakoto/interbotix_ws/src/install/hello_moveit2_interbotix/share/hello_moveit2_interbotix/cmake/hello_moveit2_interbotixConfig.cmake
[5.595s] -- Installing: /home/inouemakoto/interbotix_ws/src/install/hello_moveit2_interbotix/share/hello_moveit2_interbotix/cmake/hello_moveit2_interbotixConfig-version.cmake
[5.595s] -- Installing: /home/inouemakoto/interbotix_ws/src/install/hello_moveit2_interbotix/share/hello_moveit2_interbotix/package.xml
[5.611s] Invoked command in '/home/inouemakoto/interbotix_ws/src/build/hello_moveit2_interbotix' returned '0': CMAKE_PREFIX_PATH=${CMAKE_PREFIX_PATH}:/home/inouemakoto/ws_moveit2/install/moveit_configs_utils:/home/inouemakoto/ws_moveit2/install/launch_param_builder:/home/inouemakoto/interbotix_ws/install/interbotix_xs_modules:/home/inouemakoto/interbotix_ws/install/interbotix_common_modules:/opt/ros/humble /usr/bin/cmake --install /home/inouemakoto/interbotix_ws/src/build/hello_moveit2_interbotix
