[0.322s] Invoking command in '/home/inouemakoto/interbotix_ws/build/rviz_visual_tools': CMAKE_PREFIX_PATH=${CMAKE_PREFIX_PATH}:/home/inouemakoto/interbotix_ws/install/vx300s_moveit_config:/home/inouemakoto/interbotix_ws/install/moveit_service:/home/inouemakoto/interbotix_ws/install/moveit_interbotix_test1:/home/inouemakoto/interbotix_ws/install/move_group_node:/home/inouemakoto/interbotix_ws/install/interbotix_xs_modules:/home/inouemakoto/interbotix_ws/install/interbotix_common_modules:/home/inouemakoto/ws_moveit2/install/moveit_configs_utils:/home/inouemakoto/ws_moveit2/install/launch_param_builder:/home/inouemakoto/install/interbotix_xs_modules:/home/inouemakoto/install/interbotix_common_modules:/opt/ros/humble /usr/bin/cmake --build /home/inouemakoto/interbotix_ws/build/rviz_visual_tools -- -j20 -l20
[0.647s] [  2%] [34m[1mAutomatic MOC for target gtest_main[0m
[0.647s] [  5%] [34m[1mAutomatic MOC for target rviz_visual_tools_gui[0m
[0.647s] [  7%] [34m[1mAutomatic MOC for target rviz_visual_tools_remote_control[0m
[0.648s] [ 10%] [34m[1mAutomatic MOC for target gtest[0m
[0.648s] [ 10%] Built target gtest_main_autogen
[0.648s] [ 10%] Built target gtest_autogen
[0.648s] [ 10%] Built target rviz_visual_tools_gui_autogen
[0.648s] [ 10%] Built target rviz_visual_tools_remote_control_autogen
[0.648s] [ 17%] Built target gtest_main
[0.648s] [ 25%] Built target gtest
[0.648s] [ 33%] Built target rviz_visual_tools_remote_control
[0.648s] [ 46%] Built target rviz_visual_tools_gui
[0.648s] [ 48%] [34m[1mAutomatic MOC for target rviz_visual_tools[0m
[0.648s] [ 48%] Built target rviz_visual_tools_autogen
[0.648s] [ 58%] Built target rviz_visual_tools
[0.648s] [ 66%] [34m[1mAutomatic MOC for target rviz_visual_tools_imarker_simple[0m
[0.648s] [ 66%] [34m[1mAutomatic MOC for target rviz_visual_tools_demo[0m
[0.648s] [ 66%] [34m[1mAutomatic MOC for target rviz_visual_tools_rvt_test[0m
[0.648s] [ 66%] Built target rviz_visual_tools_rvt_test_autogen
[0.648s] [ 66%] Built target rviz_visual_tools_imarker_simple_autogen
[0.649s] [ 66%] Built target rviz_visual_tools_demo_autogen
[0.649s] [ 74%] Built target rviz_visual_tools_demo
[0.649s] [ 89%] Built target rviz_visual_tools_rvt_test
[0.649s] [ 89%] Built target rviz_visual_tools_imarker_simple
[0.649s] [ 92%] [34m[1mAutomatic MOC for target rviz_visual_tools_imarker_simple_demo[0m
[0.669s] [ 92%] Built target rviz_visual_tools_imarker_simple_demo_autogen
[0.717s] [100%] Built target rviz_visual_tools_imarker_simple_demo
[0.735s] Invoked command in '/home/inouemakoto/interbotix_ws/build/rviz_visual_tools' returned '0': CMAKE_PREFIX_PATH=${CMAKE_PREFIX_PATH}:/home/inouemakoto/interbotix_ws/install/vx300s_moveit_config:/home/inouemakoto/interbotix_ws/install/moveit_service:/home/inouemakoto/interbotix_ws/install/moveit_interbotix_test1:/home/inouemakoto/interbotix_ws/install/move_group_node:/home/inouemakoto/interbotix_ws/install/interbotix_xs_modules:/home/inouemakoto/interbotix_ws/install/interbotix_common_modules:/home/inouemakoto/ws_moveit2/install/moveit_configs_utils:/home/inouemakoto/ws_moveit2/install/launch_param_builder:/home/inouemakoto/install/interbotix_xs_modules:/home/inouemakoto/install/interbotix_common_modules:/opt/ros/humble /usr/bin/cmake --build /home/inouemakoto/interbotix_ws/build/rviz_visual_tools -- -j20 -l20
