-- The C compiler identification is GNU 11.4.0
-- The CXX compiler identification is GNU 11.4.0
-- Detecting C compiler ABI info
-- Detecting C compiler ABI info - done
-- Check for working C compiler: /usr/bin/cc - skipped
-- Detecting C compile features
-- Detecting C compile features - done
-- Detecting CXX compiler ABI info
-- Detecting CXX compiler ABI info - done
-- Check for working CXX compiler: /usr/bin/c++ - skipped
-- Detecting CXX compile features
-- Detecting CXX compile features - done
-- Found ament_cmake: 1.3.5 (/opt/ros/humble/share/ament_cmake/cmake)
-- Found Python3: /usr/bin/python3.10 (found version "3.10.12") found components: Interpreter 
-- Found rosidl_default_generators: 1.2.0 (/opt/ros/humble/share/rosidl_default_generators/cmake)
-- Using all available rosidl_typesupport_c: rosidl_typesupport_fastrtps_c;rosidl_typesupport_introspection_c
-- Found rosidl_adapter: 3.1.5 (/opt/ros/humble/share/rosidl_adapter/cmake)
-- Using all available rosidl_typesupport_cpp: rosidl_typesupport_fastrtps_cpp;rosidl_typesupport_introspection_cpp
-- Found ament_cmake_ros: 0.10.0 (/opt/ros/humble/share/ament_cmake_ros/cmake)
-- Using all available rosidl_typesupport_c: rosidl_typesupport_fastrtps_c;rosidl_typesupport_introspection_c
-- Using all available rosidl_typesupport_cpp: rosidl_typesupport_fastrtps_cpp;rosidl_typesupport_introspection_cpp
-- Found PythonInterp: /usr/bin/python3 (found suitable version "3.10.12", minimum required is "3.6") 
-- Found python_cmake_module: 0.10.0 (/opt/ros/humble/share/python_cmake_module/cmake)
-- Found PythonLibs: /usr/lib/x86_64-linux-gnu/libpython3.10.so (found suitable version "3.10.12", minimum required is "3.5") 
-- Using PYTHON_EXECUTABLE: /usr/bin/python3
-- Using PYTHON_INCLUDE_DIRS: /usr/include/python3.10
-- Using PYTHON_LIBRARIES: /usr/lib/x86_64-linux-gnu/libpython3.10.so
-- Found PythonExtra: .so  
-- Found ament_lint_auto: 0.12.8 (/opt/ros/humble/share/ament_lint_auto/cmake)
-- Added test 'lint_cmake' to check CMake code style
-- Added test 'xmllint' to check XML markup files
-- Configuring done
-- Generating done
-- Build files have been written to: /home/inouemakoto/interbotix_ws/build/original_interface
[35m[1mConsolidate compiler generated dependencies of target original_interface__rosidl_generator_c[0m
[  9%] Built target original_interface__rosidl_generator_c
[ 12%] Built target original_interface__cpp
[35m[1mConsolidate compiler generated dependencies of target original_interface__rosidl_typesupport_c[0m
[35m[1mConsolidate compiler generated dependencies of target original_interface__rosidl_typesupport_introspection_c[0m
[35m[1mConsolidate compiler generated dependencies of target original_interface__rosidl_typesupport_fastrtps_c[0m
[ 12%] Built target ament_cmake_python_copy_original_interface
[35m[1mConsolidate compiler generated dependencies of target original_interface__rosidl_typesupport_cpp[0m
[35m[1mConsolidate compiler generated dependencies of target original_interface__rosidl_typesupport_introspection_cpp[0m
[35m[1mConsolidate compiler generated dependencies of target original_interface__rosidl_typesupport_fastrtps_cpp[0m
[ 22%] Built target original_interface__rosidl_typesupport_c
[ 32%] Built target original_interface__rosidl_typesupport_introspection_c
[ 41%] Built target original_interface__rosidl_typesupport_fastrtps_c
[ 51%] Built target original_interface__rosidl_typesupport_cpp
[ 67%] Built target original_interface__rosidl_typesupport_fastrtps_cpp
[ 70%] Built target original_interface__rosidl_typesupport_introspection_cpp
[ 70%] Built target original_interface
[ 74%] Built target original_interface__py
[35m[1mConsolidate compiler generated dependencies of target original_interface__rosidl_generator_py[0m
[ 80%] Built target original_interface__rosidl_generator_py
[35m[1mConsolidate compiler generated dependencies of target original_interface__rosidl_typesupport_fastrtps_c__pyext[0m
[35m[1mConsolidate compiler generated dependencies of target original_interface__rosidl_typesupport_introspection_c__pyext[0m
[35m[1mConsolidate compiler generated dependencies of target original_interface__rosidl_typesupport_c__pyext[0m
[ 83%] [32m[1mLinking C shared library rosidl_generator_py/original_interface/original_interface_s__rosidl_typesupport_fastrtps_c.cpython-310-x86_64-linux-gnu.so[0m
[ 90%] [32m[1mLinking C shared library rosidl_generator_py/original_interface/original_interface_s__rosidl_typesupport_introspection_c.cpython-310-x86_64-linux-gnu.so[0m
[ 90%] [32m[1mLinking C shared library rosidl_generator_py/original_interface/original_interface_s__rosidl_typesupport_c.cpython-310-x86_64-linux-gnu.so[0m
[ 93%] Built target original_interface__rosidl_typesupport_fastrtps_c__pyext
[ 96%] Built target original_interface__rosidl_typesupport_c__pyext
[100%] Built target original_interface__rosidl_typesupport_introspection_c__pyext
running egg_info
writing original_interface.egg-info/PKG-INFO
writing dependency_links to original_interface.egg-info/dependency_links.txt
writing top-level names to original_interface.egg-info/top_level.txt
reading manifest file 'original_interface.egg-info/SOURCES.txt'
writing manifest file 'original_interface.egg-info/SOURCES.txt'
[100%] Built target ament_cmake_python_build_original_interface_egg
-- Install configuration: ""
-- Up-to-date: /home/inouemakoto/interbotix_ws/install/original_interface/share/ament_index/resource_index/rosidl_interfaces/original_interface
-- Up-to-date: /home/inouemakoto/interbotix_ws/install/original_interface/include/original_interface/original_interface
-- Up-to-date: /home/inouemakoto/interbotix_ws/install/original_interface/include/original_interface/original_interface/srv
-- Up-to-date: /home/inouemakoto/interbotix_ws/install/original_interface/include/original_interface/original_interface/srv/target_pos.h
-- Up-to-date: /home/inouemakoto/interbotix_ws/install/original_interface/include/original_interface/original_interface/srv/detail
-- Up-to-date: /home/inouemakoto/interbotix_ws/install/original_interface/include/original_interface/original_interface/srv/detail/target_pos__type_support.h
-- Up-to-date: /home/inouemakoto/interbotix_ws/install/original_interface/include/original_interface/original_interface/srv/detail/target_pos__functions.h
-- Up-to-date: /home/inouemakoto/interbotix_ws/install/original_interface/include/original_interface/original_interface/srv/detail/target_pos__functions.c
-- Up-to-date: /home/inouemakoto/interbotix_ws/install/original_interface/include/original_interface/original_interface/srv/detail/target_pos__struct.h
-- Up-to-date: /home/inouemakoto/interbotix_ws/install/original_interface/include/original_interface/original_interface/msg
-- Up-to-date: /home/inouemakoto/interbotix_ws/install/original_interface/include/original_interface/original_interface/msg/rosidl_generator_c__visibility_control.h
-- Up-to-date: /home/inouemakoto/interbotix_ws/install/original_interface/share/original_interface/environment/library_path.sh
-- Installing: /home/inouemakoto/interbotix_ws/install/original_interface/share/original_interface/environment/library_path.dsv
-- Up-to-date: /home/inouemakoto/interbotix_ws/install/original_interface/lib/liboriginal_interface__rosidl_generator_c.so
-- Up-to-date: /home/inouemakoto/interbotix_ws/install/original_interface/include/original_interface/original_interface
-- Up-to-date: /home/inouemakoto/interbotix_ws/install/original_interface/include/original_interface/original_interface/srv
-- Up-to-date: /home/inouemakoto/interbotix_ws/install/original_interface/include/original_interface/original_interface/srv/detail
-- Up-to-date: /home/inouemakoto/interbotix_ws/install/original_interface/include/original_interface/original_interface/srv/detail/target_pos__rosidl_typesupport_fastrtps_c.h
-- Up-to-date: /home/inouemakoto/interbotix_ws/install/original_interface/include/original_interface/original_interface/msg
-- Up-to-date: /home/inouemakoto/interbotix_ws/install/original_interface/include/original_interface/original_interface/msg/rosidl_typesupport_fastrtps_c__visibility_control.h
-- Up-to-date: /home/inouemakoto/interbotix_ws/install/original_interface/lib/liboriginal_interface__rosidl_typesupport_fastrtps_c.so
-- Up-to-date: /home/inouemakoto/interbotix_ws/install/original_interface/include/original_interface/original_interface
-- Up-to-date: /home/inouemakoto/interbotix_ws/install/original_interface/include/original_interface/original_interface/srv
-- Up-to-date: /home/inouemakoto/interbotix_ws/install/original_interface/include/original_interface/original_interface/srv/detail
-- Up-to-date: /home/inouemakoto/interbotix_ws/install/original_interface/include/original_interface/original_interface/srv/detail/target_pos__rosidl_typesupport_introspection_c.h
-- Up-to-date: /home/inouemakoto/interbotix_ws/install/original_interface/include/original_interface/original_interface/srv/detail/target_pos__type_support.c
-- Up-to-date: /home/inouemakoto/interbotix_ws/install/original_interface/include/original_interface/original_interface/msg
-- Up-to-date: /home/inouemakoto/interbotix_ws/install/original_interface/include/original_interface/original_interface/msg/rosidl_typesupport_introspection_c__visibility_control.h
-- Up-to-date: /home/inouemakoto/interbotix_ws/install/original_interface/lib/liboriginal_interface__rosidl_typesupport_introspection_c.so
-- Up-to-date: /home/inouemakoto/interbotix_ws/install/original_interface/lib/liboriginal_interface__rosidl_typesupport_c.so
-- Up-to-date: /home/inouemakoto/interbotix_ws/install/original_interface/include/original_interface/original_interface
-- Up-to-date: /home/inouemakoto/interbotix_ws/install/original_interface/include/original_interface/original_interface/srv
-- Up-to-date: /home/inouemakoto/interbotix_ws/install/original_interface/include/original_interface/original_interface/srv/target_pos.hpp
-- Up-to-date: /home/inouemakoto/interbotix_ws/install/original_interface/include/original_interface/original_interface/srv/detail
-- Up-to-date: /home/inouemakoto/interbotix_ws/install/original_interface/include/original_interface/original_interface/srv/detail/target_pos__traits.hpp
-- Up-to-date: /home/inouemakoto/interbotix_ws/install/original_interface/include/original_interface/original_interface/srv/detail/target_pos__struct.hpp
-- Up-to-date: /home/inouemakoto/interbotix_ws/install/original_interface/include/original_interface/original_interface/srv/detail/target_pos__builder.hpp
-- Up-to-date: /home/inouemakoto/interbotix_ws/install/original_interface/include/original_interface/original_interface
-- Up-to-date: /home/inouemakoto/interbotix_ws/install/original_interface/include/original_interface/original_interface/srv
-- Up-to-date: /home/inouemakoto/interbotix_ws/install/original_interface/include/original_interface/original_interface/srv/detail
-- Up-to-date: /home/inouemakoto/interbotix_ws/install/original_interface/include/original_interface/original_interface/srv/detail/dds_fastrtps
-- Up-to-date: /home/inouemakoto/interbotix_ws/install/original_interface/include/original_interface/original_interface/srv/detail/target_pos__rosidl_typesupport_fastrtps_cpp.hpp
-- Up-to-date: /home/inouemakoto/interbotix_ws/install/original_interface/include/original_interface/original_interface/msg
-- Up-to-date: /home/inouemakoto/interbotix_ws/install/original_interface/include/original_interface/original_interface/msg/rosidl_typesupport_fastrtps_cpp__visibility_control.h
-- Up-to-date: /home/inouemakoto/interbotix_ws/install/original_interface/lib/liboriginal_interface__rosidl_typesupport_fastrtps_cpp.so
-- Up-to-date: /home/inouemakoto/interbotix_ws/install/original_interface/include/original_interface/original_interface
-- Up-to-date: /home/inouemakoto/interbotix_ws/install/original_interface/include/original_interface/original_interface/srv
-- Up-to-date: /home/inouemakoto/interbotix_ws/install/original_interface/include/original_interface/original_interface/srv/detail
-- Up-to-date: /home/inouemakoto/interbotix_ws/install/original_interface/include/original_interface/original_interface/srv/detail/target_pos__type_support.cpp
-- Up-to-date: /home/inouemakoto/interbotix_ws/install/original_interface/include/original_interface/original_interface/srv/detail/target_pos__rosidl_typesupport_introspection_cpp.hpp
-- Up-to-date: /home/inouemakoto/interbotix_ws/install/original_interface/lib/liboriginal_interface__rosidl_typesupport_introspection_cpp.so
-- Up-to-date: /home/inouemakoto/interbotix_ws/install/original_interface/lib/liboriginal_interface__rosidl_typesupport_cpp.so
-- Up-to-date: /home/inouemakoto/interbotix_ws/install/original_interface/share/original_interface/environment/pythonpath.sh
-- Installing: /home/inouemakoto/interbotix_ws/install/original_interface/share/original_interface/environment/pythonpath.dsv
-- Up-to-date: /home/inouemakoto/interbotix_ws/install/original_interface/local/lib/python3.10/dist-packages/original_interface-0.0.0-py3.10.egg-info
-- Installing: /home/inouemakoto/interbotix_ws/install/original_interface/local/lib/python3.10/dist-packages/original_interface-0.0.0-py3.10.egg-info/top_level.txt
-- Installing: /home/inouemakoto/interbotix_ws/install/original_interface/local/lib/python3.10/dist-packages/original_interface-0.0.0-py3.10.egg-info/dependency_links.txt
-- Installing: /home/inouemakoto/interbotix_ws/install/original_interface/local/lib/python3.10/dist-packages/original_interface-0.0.0-py3.10.egg-info/SOURCES.txt
-- Installing: /home/inouemakoto/interbotix_ws/install/original_interface/local/lib/python3.10/dist-packages/original_interface-0.0.0-py3.10.egg-info/PKG-INFO
-- Up-to-date: /home/inouemakoto/interbotix_ws/install/original_interface/local/lib/python3.10/dist-packages/original_interface
-- Up-to-date: /home/inouemakoto/interbotix_ws/install/original_interface/local/lib/python3.10/dist-packages/original_interface/liboriginal_interface__rosidl_generator_py.so
-- Installing: /home/inouemakoto/interbotix_ws/install/original_interface/local/lib/python3.10/dist-packages/original_interface/original_interface_s__rosidl_typesupport_c.cpython-310-x86_64-linux-gnu.so
-- Up-to-date: /home/inouemakoto/interbotix_ws/install/original_interface/local/lib/python3.10/dist-packages/original_interface/srv
-- Up-to-date: /home/inouemakoto/interbotix_ws/install/original_interface/local/lib/python3.10/dist-packages/original_interface/srv/_target_pos.py
-- Up-to-date: /home/inouemakoto/interbotix_ws/install/original_interface/local/lib/python3.10/dist-packages/original_interface/srv/_target_pos_s.c
-- Up-to-date: /home/inouemakoto/interbotix_ws/install/original_interface/local/lib/python3.10/dist-packages/original_interface/srv/__init__.py
-- Installing: /home/inouemakoto/interbotix_ws/install/original_interface/local/lib/python3.10/dist-packages/original_interface/original_interface_s__rosidl_typesupport_fastrtps_c.cpython-310-x86_64-linux-gnu.so
-- Installing: /home/inouemakoto/interbotix_ws/install/original_interface/local/lib/python3.10/dist-packages/original_interface/original_interface_s__rosidl_typesupport_introspection_c.cpython-310-x86_64-linux-gnu.so
-- Up-to-date: /home/inouemakoto/interbotix_ws/install/original_interface/local/lib/python3.10/dist-packages/original_interface/_original_interface_s.ep.rosidl_typesupport_introspection_c.c
-- Installing: /home/inouemakoto/interbotix_ws/install/original_interface/local/lib/python3.10/dist-packages/original_interface/__init__.py
-- Up-to-date: /home/inouemakoto/interbotix_ws/install/original_interface/local/lib/python3.10/dist-packages/original_interface/_original_interface_s.ep.rosidl_typesupport_fastrtps_c.c
-- Up-to-date: /home/inouemakoto/interbotix_ws/install/original_interface/local/lib/python3.10/dist-packages/original_interface/_original_interface_s.ep.rosidl_typesupport_c.c
Listing '/home/inouemakoto/interbotix_ws/install/original_interface/local/lib/python3.10/dist-packages/original_interface'...
Compiling '/home/inouemakoto/interbotix_ws/install/original_interface/local/lib/python3.10/dist-packages/original_interface/__init__.py'...
Listing '/home/inouemakoto/interbotix_ws/install/original_interface/local/lib/python3.10/dist-packages/original_interface/srv'...
-- Installing: /home/inouemakoto/interbotix_ws/install/original_interface/local/lib/python3.10/dist-packages/original_interface/original_interface_s__rosidl_typesupport_fastrtps_c.cpython-310-x86_64-linux-gnu.so
-- Set runtime path of "/home/inouemakoto/interbotix_ws/install/original_interface/local/lib/python3.10/dist-packages/original_interface/original_interface_s__rosidl_typesupport_fastrtps_c.cpython-310-x86_64-linux-gnu.so" to ""
-- Installing: /home/inouemakoto/interbotix_ws/install/original_interface/local/lib/python3.10/dist-packages/original_interface/original_interface_s__rosidl_typesupport_introspection_c.cpython-310-x86_64-linux-gnu.so
-- Set runtime path of "/home/inouemakoto/interbotix_ws/install/original_interface/local/lib/python3.10/dist-packages/original_interface/original_interface_s__rosidl_typesupport_introspection_c.cpython-310-x86_64-linux-gnu.so" to ""
-- Installing: /home/inouemakoto/interbotix_ws/install/original_interface/local/lib/python3.10/dist-packages/original_interface/original_interface_s__rosidl_typesupport_c.cpython-310-x86_64-linux-gnu.so
-- Set runtime path of "/home/inouemakoto/interbotix_ws/install/original_interface/local/lib/python3.10/dist-packages/original_interface/original_interface_s__rosidl_typesupport_c.cpython-310-x86_64-linux-gnu.so" to ""
-- Up-to-date: /home/inouemakoto/interbotix_ws/install/original_interface/lib/liboriginal_interface__rosidl_generator_py.so
-- Up-to-date: /home/inouemakoto/interbotix_ws/install/original_interface/share/original_interface/srv/TargetPos.idl
-- Up-to-date: /home/inouemakoto/interbotix_ws/install/original_interface/share/original_interface/srv/TargetPos.srv
-- Up-to-date: /home/inouemakoto/interbotix_ws/install/original_interface/share/original_interface/srv/TargetPos_Request.msg
-- Up-to-date: /home/inouemakoto/interbotix_ws/install/original_interface/share/original_interface/srv/TargetPos_Response.msg
-- Up-to-date: /home/inouemakoto/interbotix_ws/install/original_interface/share/ament_index/resource_index/package_run_dependencies/original_interface
-- Installing: /home/inouemakoto/interbotix_ws/install/original_interface/share/ament_index/resource_index/parent_prefix_path/original_interface
-- Up-to-date: /home/inouemakoto/interbotix_ws/install/original_interface/share/original_interface/environment/ament_prefix_path.sh
-- Installing: /home/inouemakoto/interbotix_ws/install/original_interface/share/original_interface/environment/ament_prefix_path.dsv
-- Up-to-date: /home/inouemakoto/interbotix_ws/install/original_interface/share/original_interface/environment/path.sh
-- Installing: /home/inouemakoto/interbotix_ws/install/original_interface/share/original_interface/environment/path.dsv
-- Up-to-date: /home/inouemakoto/interbotix_ws/install/original_interface/share/original_interface/local_setup.bash
-- Up-to-date: /home/inouemakoto/interbotix_ws/install/original_interface/share/original_interface/local_setup.sh
-- Up-to-date: /home/inouemakoto/interbotix_ws/install/original_interface/share/original_interface/local_setup.zsh
-- Installing: /home/inouemakoto/interbotix_ws/install/original_interface/share/original_interface/local_setup.dsv
-- Installing: /home/inouemakoto/interbotix_ws/install/original_interface/share/original_interface/package.dsv
-- Up-to-date: /home/inouemakoto/interbotix_ws/install/original_interface/share/ament_index/resource_index/packages/original_interface
-- Up-to-date: /home/inouemakoto/interbotix_ws/install/original_interface/share/original_interface/cmake/export_original_interface__rosidl_generator_cExport.cmake
-- Up-to-date: /home/inouemakoto/interbotix_ws/install/original_interface/share/original_interface/cmake/export_original_interface__rosidl_generator_cExport-noconfig.cmake
-- Up-to-date: /home/inouemakoto/interbotix_ws/install/original_interface/share/original_interface/cmake/export_original_interface__rosidl_typesupport_fastrtps_cExport.cmake
-- Up-to-date: /home/inouemakoto/interbotix_ws/install/original_interface/share/original_interface/cmake/export_original_interface__rosidl_typesupport_fastrtps_cExport-noconfig.cmake
-- Up-to-date: /home/inouemakoto/interbotix_ws/install/original_interface/share/original_interface/cmake/original_interface__rosidl_typesupport_introspection_cExport.cmake
-- Up-to-date: /home/inouemakoto/interbotix_ws/install/original_interface/share/original_interface/cmake/original_interface__rosidl_typesupport_introspection_cExport-noconfig.cmake
-- Up-to-date: /home/inouemakoto/interbotix_ws/install/original_interface/share/original_interface/cmake/original_interface__rosidl_typesupport_cExport.cmake
-- Up-to-date: /home/inouemakoto/interbotix_ws/install/original_interface/share/original_interface/cmake/original_interface__rosidl_typesupport_cExport-noconfig.cmake
-- Up-to-date: /home/inouemakoto/interbotix_ws/install/original_interface/share/original_interface/cmake/export_original_interface__rosidl_generator_cppExport.cmake
-- Up-to-date: /home/inouemakoto/interbotix_ws/install/original_interface/share/original_interface/cmake/export_original_interface__rosidl_typesupport_fastrtps_cppExport.cmake
-- Up-to-date: /home/inouemakoto/interbotix_ws/install/original_interface/share/original_interface/cmake/export_original_interface__rosidl_typesupport_fastrtps_cppExport-noconfig.cmake
-- Up-to-date: /home/inouemakoto/interbotix_ws/install/original_interface/share/original_interface/cmake/original_interface__rosidl_typesupport_introspection_cppExport.cmake
-- Up-to-date: /home/inouemakoto/interbotix_ws/install/original_interface/share/original_interface/cmake/original_interface__rosidl_typesupport_introspection_cppExport-noconfig.cmake
-- Up-to-date: /home/inouemakoto/interbotix_ws/install/original_interface/share/original_interface/cmake/original_interface__rosidl_typesupport_cppExport.cmake
-- Up-to-date: /home/inouemakoto/interbotix_ws/install/original_interface/share/original_interface/cmake/original_interface__rosidl_typesupport_cppExport-noconfig.cmake
-- Up-to-date: /home/inouemakoto/interbotix_ws/install/original_interface/share/original_interface/cmake/export_original_interface__rosidl_generator_pyExport.cmake
-- Up-to-date: /home/inouemakoto/interbotix_ws/install/original_interface/share/original_interface/cmake/export_original_interface__rosidl_generator_pyExport-noconfig.cmake
-- Up-to-date: /home/inouemakoto/interbotix_ws/install/original_interface/share/original_interface/cmake/rosidl_cmake-extras.cmake
-- Up-to-date: /home/inouemakoto/interbotix_ws/install/original_interface/share/original_interface/cmake/ament_cmake_export_include_directories-extras.cmake
-- Up-to-date: /home/inouemakoto/interbotix_ws/install/original_interface/share/original_interface/cmake/ament_cmake_export_libraries-extras.cmake
-- Up-to-date: /home/inouemakoto/interbotix_ws/install/original_interface/share/original_interface/cmake/ament_cmake_export_targets-extras.cmake
-- Up-to-date: /home/inouemakoto/interbotix_ws/install/original_interface/share/original_interface/cmake/rosidl_cmake_export_typesupport_targets-extras.cmake
-- Up-to-date: /home/inouemakoto/interbotix_ws/install/original_interface/share/original_interface/cmake/ament_cmake_export_dependencies-extras.cmake
-- Up-to-date: /home/inouemakoto/interbotix_ws/install/original_interface/share/original_interface/cmake/rosidl_cmake_export_typesupport_libraries-extras.cmake
-- Up-to-date: /home/inouemakoto/interbotix_ws/install/original_interface/share/original_interface/cmake/original_interfaceConfig.cmake
-- Up-to-date: /home/inouemakoto/interbotix_ws/install/original_interface/share/original_interface/cmake/original_interfaceConfig-version.cmake
-- Up-to-date: /home/inouemakoto/interbotix_ws/install/original_interface/share/original_interface/package.xml
