[1.260s] Invoking command in '/home/inouemakoto/interbotix_ws/build/original_interface': CMAKE_PREFIX_PATH=${CMAKE_PREFIX_PATH}:/home/inouemakoto/interbotix_ws/install/yolov5_ros2:/home/inouemakoto/interbotix_ws/install/pick_vision:/home/inouemakoto/interbotix_ws/install/moveit_service:/home/inouemakoto/interbotix_ws/install/opencv_ros2:/home/inouemakoto/interbotix_ws/install/makoto:/home/inouemakoto/interbotix_ws/install/interbotix_xs_modules:/home/inouemakoto/interbotix_ws/install/interbotix_landmark_modules:/home/inouemakoto/interbotix_ws/install/interbotix_perception_modules:/home/inouemakoto/interbotix_ws/install/interbotix_rpi_modules:/home/inouemakoto/interbotix_ws/install/interbotix_common_modules:/home/inouemakoto/interbotix_ws/install/camera:/home/inouemakoto/ws_moveit2/install/moveit_configs_utils:/home/inouemakoto/ws_moveit2/install/launch_param_builder:/home/inouemakoto/install/moveit_service:/home/inouemakoto/install/interbotix_xs_modules:/home/inouemakoto/install/interbotix_moveit_interface_msgs:/home/inouemakoto/install/interbotix_common_modules:/opt/ros/humble /usr/bin/cmake /home/inouemakoto/interbotix_ws/src/original_interface -DCMAKE_INSTALL_PREFIX=/home/inouemakoto/interbotix_ws/install/original_interface
[3.322s] -- The C compiler identification is GNU 11.4.0
[3.323s] -- The CXX compiler identification is GNU 11.4.0
[3.323s] -- Detecting C compiler ABI info
[3.323s] -- Detecting C compiler ABI info - done
[3.323s] -- Check for working C compiler: /usr/bin/cc - skipped
[3.323s] -- Detecting C compile features
[3.323s] -- Detecting C compile features - done
[3.323s] -- Detecting CXX compiler ABI info
[3.323s] -- Detecting CXX compiler ABI info - done
[3.323s] -- Check for working CXX compiler: /usr/bin/c++ - skipped
[3.324s] -- Detecting CXX compile features
[3.324s] -- Detecting CXX compile features - done
[3.324s] -- Found ament_cmake: 1.3.5 (/opt/ros/humble/share/ament_cmake/cmake)
[3.324s] -- Found Python3: /usr/bin/python3.10 (found version "3.10.12") found components: Interpreter 
[3.324s] -- Found rosidl_default_generators: 1.2.0 (/opt/ros/humble/share/rosidl_default_generators/cmake)
[3.324s] -- Using all available rosidl_typesupport_c: rosidl_typesupport_fastrtps_c;rosidl_typesupport_introspection_c
[3.324s] -- Found rosidl_adapter: 3.1.5 (/opt/ros/humble/share/rosidl_adapter/cmake)
[3.496s] -- Using all available rosidl_typesupport_cpp: rosidl_typesupport_fastrtps_cpp;rosidl_typesupport_introspection_cpp
[4.127s] -- Found ament_cmake_ros: 0.10.0 (/opt/ros/humble/share/ament_cmake_ros/cmake)
[4.556s] -- Using all available rosidl_typesupport_c: rosidl_typesupport_fastrtps_c;rosidl_typesupport_introspection_c
[5.105s] -- Using all available rosidl_typesupport_cpp: rosidl_typesupport_fastrtps_cpp;rosidl_typesupport_introspection_cpp
[5.140s] -- Found PythonInterp: /usr/bin/python3 (found suitable version "3.10.12", minimum required is "3.6") 
[5.152s] -- Found python_cmake_module: 0.10.0 (/opt/ros/humble/share/python_cmake_module/cmake)
[5.207s] -- Found PythonLibs: /usr/lib/x86_64-linux-gnu/libpython3.10.so (found suitable version "3.10.12", minimum required is "3.5") 
[5.207s] -- Using PYTHON_EXECUTABLE: /usr/bin/python3
[5.207s] -- Using PYTHON_INCLUDE_DIRS: /usr/include/python3.10
[5.207s] -- Using PYTHON_LIBRARIES: /usr/lib/x86_64-linux-gnu/libpython3.10.so
[5.239s] -- Found PythonExtra: .so  
[5.460s] -- Found ament_lint_auto: 0.12.8 (/opt/ros/humble/share/ament_lint_auto/cmake)
[5.548s] -- Added test 'lint_cmake' to check CMake code style
[5.551s] -- Added test 'xmllint' to check XML markup files
[5.556s] -- Configuring done
[5.584s] -- Generating done
[5.587s] -- Build files have been written to: /home/inouemakoto/interbotix_ws/build/original_interface
[5.608s] Invoked command in '/home/inouemakoto/interbotix_ws/build/original_interface' returned '0': CMAKE_PREFIX_PATH=${CMAKE_PREFIX_PATH}:/home/inouemakoto/interbotix_ws/install/yolov5_ros2:/home/inouemakoto/interbotix_ws/install/pick_vision:/home/inouemakoto/interbotix_ws/install/moveit_service:/home/inouemakoto/interbotix_ws/install/opencv_ros2:/home/inouemakoto/interbotix_ws/install/makoto:/home/inouemakoto/interbotix_ws/install/interbotix_xs_modules:/home/inouemakoto/interbotix_ws/install/interbotix_landmark_modules:/home/inouemakoto/interbotix_ws/install/interbotix_perception_modules:/home/inouemakoto/interbotix_ws/install/interbotix_rpi_modules:/home/inouemakoto/interbotix_ws/install/interbotix_common_modules:/home/inouemakoto/interbotix_ws/install/camera:/home/inouemakoto/ws_moveit2/install/moveit_configs_utils:/home/inouemakoto/ws_moveit2/install/launch_param_builder:/home/inouemakoto/install/moveit_service:/home/inouemakoto/install/interbotix_xs_modules:/home/inouemakoto/install/interbotix_moveit_interface_msgs:/home/inouemakoto/install/interbotix_common_modules:/opt/ros/humble /usr/bin/cmake /home/inouemakoto/interbotix_ws/src/original_interface -DCMAKE_INSTALL_PREFIX=/home/inouemakoto/interbotix_ws/install/original_interface
[5.609s] Invoking command in '/home/inouemakoto/interbotix_ws/build/original_interface': CMAKE_PREFIX_PATH=${CMAKE_PREFIX_PATH}:/home/inouemakoto/interbotix_ws/install/yolov5_ros2:/home/inouemakoto/interbotix_ws/install/pick_vision:/home/inouemakoto/interbotix_ws/install/moveit_service:/home/inouemakoto/interbotix_ws/install/opencv_ros2:/home/inouemakoto/interbotix_ws/install/makoto:/home/inouemakoto/interbotix_ws/install/interbotix_xs_modules:/home/inouemakoto/interbotix_ws/install/interbotix_landmark_modules:/home/inouemakoto/interbotix_ws/install/interbotix_perception_modules:/home/inouemakoto/interbotix_ws/install/interbotix_rpi_modules:/home/inouemakoto/interbotix_ws/install/interbotix_common_modules:/home/inouemakoto/interbotix_ws/install/camera:/home/inouemakoto/ws_moveit2/install/moveit_configs_utils:/home/inouemakoto/ws_moveit2/install/launch_param_builder:/home/inouemakoto/install/moveit_service:/home/inouemakoto/install/interbotix_xs_modules:/home/inouemakoto/install/interbotix_moveit_interface_msgs:/home/inouemakoto/install/interbotix_common_modules:/opt/ros/humble /usr/bin/cmake --build /home/inouemakoto/interbotix_ws/build/original_interface -- -j20 -l20
[6.027s] [35m[1mConsolidate compiler generated dependencies of target original_interface__rosidl_generator_c[0m
[6.027s] [  9%] Built target original_interface__rosidl_generator_c
[6.028s] [ 12%] Built target original_interface__cpp
[6.028s] [35m[1mConsolidate compiler generated dependencies of target original_interface__rosidl_typesupport_c[0m
[6.028s] [35m[1mConsolidate compiler generated dependencies of target original_interface__rosidl_typesupport_introspection_c[0m
[6.028s] [35m[1mConsolidate compiler generated dependencies of target original_interface__rosidl_typesupport_fastrtps_c[0m
[6.028s] [ 12%] Built target ament_cmake_python_copy_original_interface
[6.028s] [35m[1mConsolidate compiler generated dependencies of target original_interface__rosidl_typesupport_cpp[0m
[6.028s] [35m[1mConsolidate compiler generated dependencies of target original_interface__rosidl_typesupport_introspection_cpp[0m
[6.028s] [35m[1mConsolidate compiler generated dependencies of target original_interface__rosidl_typesupport_fastrtps_cpp[0m
[6.028s] [ 22%] Built target original_interface__rosidl_typesupport_c
[6.028s] [ 32%] Built target original_interface__rosidl_typesupport_introspection_c
[6.031s] [ 41%] Built target original_interface__rosidl_typesupport_fastrtps_c
[6.031s] [ 51%] Built target original_interface__rosidl_typesupport_cpp
[6.031s] [ 67%] Built target original_interface__rosidl_typesupport_fastrtps_cpp
[6.031s] [ 70%] Built target original_interface__rosidl_typesupport_introspection_cpp
[6.031s] [ 70%] Built target original_interface
[6.031s] [ 74%] Built target original_interface__py
[6.031s] [35m[1mConsolidate compiler generated dependencies of target original_interface__rosidl_generator_py[0m
[6.032s] [ 80%] Built target original_interface__rosidl_generator_py
[6.032s] [35m[1mConsolidate compiler generated dependencies of target original_interface__rosidl_typesupport_fastrtps_c__pyext[0m
[6.032s] [35m[1mConsolidate compiler generated dependencies of target original_interface__rosidl_typesupport_introspection_c__pyext[0m
[6.032s] [35m[1mConsolidate compiler generated dependencies of target original_interface__rosidl_typesupport_c__pyext[0m
[6.032s] [ 83%] [32m[1mLinking C shared library rosidl_generator_py/original_interface/original_interface_s__rosidl_typesupport_fastrtps_c.cpython-310-x86_64-linux-gnu.so[0m
[6.032s] [ 90%] [32m[1mLinking C shared library rosidl_generator_py/original_interface/original_interface_s__rosidl_typesupport_introspection_c.cpython-310-x86_64-linux-gnu.so[0m
[6.032s] [ 90%] [32m[1mLinking C shared library rosidl_generator_py/original_interface/original_interface_s__rosidl_typesupport_c.cpython-310-x86_64-linux-gnu.so[0m
[6.032s] [ 93%] Built target original_interface__rosidl_typesupport_fastrtps_c__pyext
[6.032s] [ 96%] Built target original_interface__rosidl_typesupport_c__pyext
[6.032s] [100%] Built target original_interface__rosidl_typesupport_introspection_c__pyext
[6.132s] running egg_info
[6.168s] writing original_interface.egg-info/PKG-INFO
[6.169s] writing dependency_links to original_interface.egg-info/dependency_links.txt
[6.170s] writing top-level names to original_interface.egg-info/top_level.txt
[6.267s] reading manifest file 'original_interface.egg-info/SOURCES.txt'
[6.269s] writing manifest file 'original_interface.egg-info/SOURCES.txt'
[6.394s] [100%] Built target ament_cmake_python_build_original_interface_egg
[6.435s] Invoked command in '/home/inouemakoto/interbotix_ws/build/original_interface' returned '0': CMAKE_PREFIX_PATH=${CMAKE_PREFIX_PATH}:/home/inouemakoto/interbotix_ws/install/yolov5_ros2:/home/inouemakoto/interbotix_ws/install/pick_vision:/home/inouemakoto/interbotix_ws/install/moveit_service:/home/inouemakoto/interbotix_ws/install/opencv_ros2:/home/inouemakoto/interbotix_ws/install/makoto:/home/inouemakoto/interbotix_ws/install/interbotix_xs_modules:/home/inouemakoto/interbotix_ws/install/interbotix_landmark_modules:/home/inouemakoto/interbotix_ws/install/interbotix_perception_modules:/home/inouemakoto/interbotix_ws/install/interbotix_rpi_modules:/home/inouemakoto/interbotix_ws/install/interbotix_common_modules:/home/inouemakoto/interbotix_ws/install/camera:/home/inouemakoto/ws_moveit2/install/moveit_configs_utils:/home/inouemakoto/ws_moveit2/install/launch_param_builder:/home/inouemakoto/install/moveit_service:/home/inouemakoto/install/interbotix_xs_modules:/home/inouemakoto/install/interbotix_moveit_interface_msgs:/home/inouemakoto/install/interbotix_common_modules:/opt/ros/humble /usr/bin/cmake --build /home/inouemakoto/interbotix_ws/build/original_interface -- -j20 -l20
[6.971s] Invoking command in '/home/inouemakoto/interbotix_ws/build/original_interface': CMAKE_PREFIX_PATH=${CMAKE_PREFIX_PATH}:/home/inouemakoto/interbotix_ws/install/yolov5_ros2:/home/inouemakoto/interbotix_ws/install/pick_vision:/home/inouemakoto/interbotix_ws/install/moveit_service:/home/inouemakoto/interbotix_ws/install/opencv_ros2:/home/inouemakoto/interbotix_ws/install/makoto:/home/inouemakoto/interbotix_ws/install/interbotix_xs_modules:/home/inouemakoto/interbotix_ws/install/interbotix_landmark_modules:/home/inouemakoto/interbotix_ws/install/interbotix_perception_modules:/home/inouemakoto/interbotix_ws/install/interbotix_rpi_modules:/home/inouemakoto/interbotix_ws/install/interbotix_common_modules:/home/inouemakoto/interbotix_ws/install/camera:/home/inouemakoto/ws_moveit2/install/moveit_configs_utils:/home/inouemakoto/ws_moveit2/install/launch_param_builder:/home/inouemakoto/install/moveit_service:/home/inouemakoto/install/interbotix_xs_modules:/home/inouemakoto/install/interbotix_moveit_interface_msgs:/home/inouemakoto/install/interbotix_common_modules:/opt/ros/humble /usr/bin/cmake --install /home/inouemakoto/interbotix_ws/build/original_interface
[7.427s] -- Install configuration: ""
[7.427s] -- Up-to-date: /home/inouemakoto/interbotix_ws/install/original_interface/share/ament_index/resource_index/rosidl_interfaces/original_interface
[7.427s] -- Up-to-date: /home/inouemakoto/interbotix_ws/install/original_interface/include/original_interface/original_interface
[7.428s] -- Up-to-date: /home/inouemakoto/interbotix_ws/install/original_interface/include/original_interface/original_interface/srv
[7.428s] -- Up-to-date: /home/inouemakoto/interbotix_ws/install/original_interface/include/original_interface/original_interface/srv/target_pos.h
[7.428s] -- Up-to-date: /home/inouemakoto/interbotix_ws/install/original_interface/include/original_interface/original_interface/srv/detail
[7.428s] -- Up-to-date: /home/inouemakoto/interbotix_ws/install/original_interface/include/original_interface/original_interface/srv/detail/target_pos__type_support.h
[7.428s] -- Up-to-date: /home/inouemakoto/interbotix_ws/install/original_interface/include/original_interface/original_interface/srv/detail/target_pos__functions.h
[7.428s] -- Up-to-date: /home/inouemakoto/interbotix_ws/install/original_interface/include/original_interface/original_interface/srv/detail/target_pos__functions.c
[7.428s] -- Up-to-date: /home/inouemakoto/interbotix_ws/install/original_interface/include/original_interface/original_interface/srv/detail/target_pos__struct.h
[7.428s] -- Up-to-date: /home/inouemakoto/interbotix_ws/install/original_interface/include/original_interface/original_interface/msg
[7.428s] -- Up-to-date: /home/inouemakoto/interbotix_ws/install/original_interface/include/original_interface/original_interface/msg/rosidl_generator_c__visibility_control.h
[7.428s] -- Up-to-date: /home/inouemakoto/interbotix_ws/install/original_interface/share/original_interface/environment/library_path.sh
[7.428s] -- Installing: /home/inouemakoto/interbotix_ws/install/original_interface/share/original_interface/environment/library_path.dsv
[7.429s] -- Up-to-date: /home/inouemakoto/interbotix_ws/install/original_interface/lib/liboriginal_interface__rosidl_generator_c.so
[7.429s] -- Up-to-date: /home/inouemakoto/interbotix_ws/install/original_interface/include/original_interface/original_interface
[7.429s] -- Up-to-date: /home/inouemakoto/interbotix_ws/install/original_interface/include/original_interface/original_interface/srv
[7.429s] -- Up-to-date: /home/inouemakoto/interbotix_ws/install/original_interface/include/original_interface/original_interface/srv/detail
[7.429s] -- Up-to-date: /home/inouemakoto/interbotix_ws/install/original_interface/include/original_interface/original_interface/srv/detail/target_pos__rosidl_typesupport_fastrtps_c.h
[7.429s] -- Up-to-date: /home/inouemakoto/interbotix_ws/install/original_interface/include/original_interface/original_interface/msg
[7.429s] -- Up-to-date: /home/inouemakoto/interbotix_ws/install/original_interface/include/original_interface/original_interface/msg/rosidl_typesupport_fastrtps_c__visibility_control.h
[7.429s] -- Up-to-date: /home/inouemakoto/interbotix_ws/install/original_interface/lib/liboriginal_interface__rosidl_typesupport_fastrtps_c.so
[7.429s] -- Up-to-date: /home/inouemakoto/interbotix_ws/install/original_interface/include/original_interface/original_interface
[7.429s] -- Up-to-date: /home/inouemakoto/interbotix_ws/install/original_interface/include/original_interface/original_interface/srv
[7.429s] -- Up-to-date: /home/inouemakoto/interbotix_ws/install/original_interface/include/original_interface/original_interface/srv/detail
[7.429s] -- Up-to-date: /home/inouemakoto/interbotix_ws/install/original_interface/include/original_interface/original_interface/srv/detail/target_pos__rosidl_typesupport_introspection_c.h
[7.429s] -- Up-to-date: /home/inouemakoto/interbotix_ws/install/original_interface/include/original_interface/original_interface/srv/detail/target_pos__type_support.c
[7.430s] -- Up-to-date: /home/inouemakoto/interbotix_ws/install/original_interface/include/original_interface/original_interface/msg
[7.430s] -- Up-to-date: /home/inouemakoto/interbotix_ws/install/original_interface/include/original_interface/original_interface/msg/rosidl_typesupport_introspection_c__visibility_control.h
[7.430s] -- Up-to-date: /home/inouemakoto/interbotix_ws/install/original_interface/lib/liboriginal_interface__rosidl_typesupport_introspection_c.so
[7.430s] -- Up-to-date: /home/inouemakoto/interbotix_ws/install/original_interface/lib/liboriginal_interface__rosidl_typesupport_c.so
[7.430s] -- Up-to-date: /home/inouemakoto/interbotix_ws/install/original_interface/include/original_interface/original_interface
[7.430s] -- Up-to-date: /home/inouemakoto/interbotix_ws/install/original_interface/include/original_interface/original_interface/srv
[7.430s] -- Up-to-date: /home/inouemakoto/interbotix_ws/install/original_interface/include/original_interface/original_interface/srv/target_pos.hpp
[7.430s] -- Up-to-date: /home/inouemakoto/interbotix_ws/install/original_interface/include/original_interface/original_interface/srv/detail
[7.430s] -- Up-to-date: /home/inouemakoto/interbotix_ws/install/original_interface/include/original_interface/original_interface/srv/detail/target_pos__traits.hpp
[7.430s] -- Up-to-date: /home/inouemakoto/interbotix_ws/install/original_interface/include/original_interface/original_interface/srv/detail/target_pos__struct.hpp
[7.430s] -- Up-to-date: /home/inouemakoto/interbotix_ws/install/original_interface/include/original_interface/original_interface/srv/detail/target_pos__builder.hpp
[7.431s] -- Up-to-date: /home/inouemakoto/interbotix_ws/install/original_interface/include/original_interface/original_interface
[7.431s] -- Up-to-date: /home/inouemakoto/interbotix_ws/install/original_interface/include/original_interface/original_interface/srv
[7.431s] -- Up-to-date: /home/inouemakoto/interbotix_ws/install/original_interface/include/original_interface/original_interface/srv/detail
[7.431s] -- Up-to-date: /home/inouemakoto/interbotix_ws/install/original_interface/include/original_interface/original_interface/srv/detail/dds_fastrtps
[7.431s] -- Up-to-date: /home/inouemakoto/interbotix_ws/install/original_interface/include/original_interface/original_interface/srv/detail/target_pos__rosidl_typesupport_fastrtps_cpp.hpp
[7.431s] -- Up-to-date: /home/inouemakoto/interbotix_ws/install/original_interface/include/original_interface/original_interface/msg
[7.431s] -- Up-to-date: /home/inouemakoto/interbotix_ws/install/original_interface/include/original_interface/original_interface/msg/rosidl_typesupport_fastrtps_cpp__visibility_control.h
[7.431s] -- Up-to-date: /home/inouemakoto/interbotix_ws/install/original_interface/lib/liboriginal_interface__rosidl_typesupport_fastrtps_cpp.so
[7.431s] -- Up-to-date: /home/inouemakoto/interbotix_ws/install/original_interface/include/original_interface/original_interface
[7.431s] -- Up-to-date: /home/inouemakoto/interbotix_ws/install/original_interface/include/original_interface/original_interface/srv
[7.431s] -- Up-to-date: /home/inouemakoto/interbotix_ws/install/original_interface/include/original_interface/original_interface/srv/detail
[7.431s] -- Up-to-date: /home/inouemakoto/interbotix_ws/install/original_interface/include/original_interface/original_interface/srv/detail/target_pos__type_support.cpp
[7.431s] -- Up-to-date: /home/inouemakoto/interbotix_ws/install/original_interface/include/original_interface/original_interface/srv/detail/target_pos__rosidl_typesupport_introspection_cpp.hpp
[7.431s] -- Up-to-date: /home/inouemakoto/interbotix_ws/install/original_interface/lib/liboriginal_interface__rosidl_typesupport_introspection_cpp.so
[7.431s] -- Up-to-date: /home/inouemakoto/interbotix_ws/install/original_interface/lib/liboriginal_interface__rosidl_typesupport_cpp.so
[7.431s] -- Up-to-date: /home/inouemakoto/interbotix_ws/install/original_interface/share/original_interface/environment/pythonpath.sh
[7.432s] -- Installing: /home/inouemakoto/interbotix_ws/install/original_interface/share/original_interface/environment/pythonpath.dsv
[7.432s] -- Up-to-date: /home/inouemakoto/interbotix_ws/install/original_interface/local/lib/python3.10/dist-packages/original_interface-0.0.0-py3.10.egg-info
[7.432s] -- Installing: /home/inouemakoto/interbotix_ws/install/original_interface/local/lib/python3.10/dist-packages/original_interface-0.0.0-py3.10.egg-info/top_level.txt
[7.432s] -- Installing: /home/inouemakoto/interbotix_ws/install/original_interface/local/lib/python3.10/dist-packages/original_interface-0.0.0-py3.10.egg-info/dependency_links.txt
[7.434s] -- Installing: /home/inouemakoto/interbotix_ws/install/original_interface/local/lib/python3.10/dist-packages/original_interface-0.0.0-py3.10.egg-info/SOURCES.txt
[7.434s] -- Installing: /home/inouemakoto/interbotix_ws/install/original_interface/local/lib/python3.10/dist-packages/original_interface-0.0.0-py3.10.egg-info/PKG-INFO
[7.434s] -- Up-to-date: /home/inouemakoto/interbotix_ws/install/original_interface/local/lib/python3.10/dist-packages/original_interface
[7.434s] -- Up-to-date: /home/inouemakoto/interbotix_ws/install/original_interface/local/lib/python3.10/dist-packages/original_interface/liboriginal_interface__rosidl_generator_py.so
[7.434s] -- Installing: /home/inouemakoto/interbotix_ws/install/original_interface/local/lib/python3.10/dist-packages/original_interface/original_interface_s__rosidl_typesupport_c.cpython-310-x86_64-linux-gnu.so
[7.434s] -- Up-to-date: /home/inouemakoto/interbotix_ws/install/original_interface/local/lib/python3.10/dist-packages/original_interface/srv
[7.434s] -- Up-to-date: /home/inouemakoto/interbotix_ws/install/original_interface/local/lib/python3.10/dist-packages/original_interface/srv/_target_pos.py
[7.435s] -- Up-to-date: /home/inouemakoto/interbotix_ws/install/original_interface/local/lib/python3.10/dist-packages/original_interface/srv/_target_pos_s.c
[7.435s] -- Up-to-date: /home/inouemakoto/interbotix_ws/install/original_interface/local/lib/python3.10/dist-packages/original_interface/srv/__init__.py
[7.435s] -- Installing: /home/inouemakoto/interbotix_ws/install/original_interface/local/lib/python3.10/dist-packages/original_interface/original_interface_s__rosidl_typesupport_fastrtps_c.cpython-310-x86_64-linux-gnu.so
[7.435s] -- Installing: /home/inouemakoto/interbotix_ws/install/original_interface/local/lib/python3.10/dist-packages/original_interface/original_interface_s__rosidl_typesupport_introspection_c.cpython-310-x86_64-linux-gnu.so
[7.435s] -- Up-to-date: /home/inouemakoto/interbotix_ws/install/original_interface/local/lib/python3.10/dist-packages/original_interface/_original_interface_s.ep.rosidl_typesupport_introspection_c.c
[7.435s] -- Installing: /home/inouemakoto/interbotix_ws/install/original_interface/local/lib/python3.10/dist-packages/original_interface/__init__.py
[7.435s] -- Up-to-date: /home/inouemakoto/interbotix_ws/install/original_interface/local/lib/python3.10/dist-packages/original_interface/_original_interface_s.ep.rosidl_typesupport_fastrtps_c.c
[7.435s] -- Up-to-date: /home/inouemakoto/interbotix_ws/install/original_interface/local/lib/python3.10/dist-packages/original_interface/_original_interface_s.ep.rosidl_typesupport_c.c
[7.435s] Listing '/home/inouemakoto/interbotix_ws/install/original_interface/local/lib/python3.10/dist-packages/original_interface'...
[7.435s] Compiling '/home/inouemakoto/interbotix_ws/install/original_interface/local/lib/python3.10/dist-packages/original_interface/__init__.py'...
[7.435s] Listing '/home/inouemakoto/interbotix_ws/install/original_interface/local/lib/python3.10/dist-packages/original_interface/srv'...
[7.436s] -- Installing: /home/inouemakoto/interbotix_ws/install/original_interface/local/lib/python3.10/dist-packages/original_interface/original_interface_s__rosidl_typesupport_fastrtps_c.cpython-310-x86_64-linux-gnu.so
[7.436s] -- Set runtime path of "/home/inouemakoto/interbotix_ws/install/original_interface/local/lib/python3.10/dist-packages/original_interface/original_interface_s__rosidl_typesupport_fastrtps_c.cpython-310-x86_64-linux-gnu.so" to ""
[7.436s] -- Installing: /home/inouemakoto/interbotix_ws/install/original_interface/local/lib/python3.10/dist-packages/original_interface/original_interface_s__rosidl_typesupport_introspection_c.cpython-310-x86_64-linux-gnu.so
[7.436s] -- Set runtime path of "/home/inouemakoto/interbotix_ws/install/original_interface/local/lib/python3.10/dist-packages/original_interface/original_interface_s__rosidl_typesupport_introspection_c.cpython-310-x86_64-linux-gnu.so" to ""
[7.436s] -- Installing: /home/inouemakoto/interbotix_ws/install/original_interface/local/lib/python3.10/dist-packages/original_interface/original_interface_s__rosidl_typesupport_c.cpython-310-x86_64-linux-gnu.so
[7.437s] -- Set runtime path of "/home/inouemakoto/interbotix_ws/install/original_interface/local/lib/python3.10/dist-packages/original_interface/original_interface_s__rosidl_typesupport_c.cpython-310-x86_64-linux-gnu.so" to ""
[7.437s] -- Up-to-date: /home/inouemakoto/interbotix_ws/install/original_interface/lib/liboriginal_interface__rosidl_generator_py.so
[7.437s] -- Up-to-date: /home/inouemakoto/interbotix_ws/install/original_interface/share/original_interface/srv/TargetPos.idl
[7.437s] -- Up-to-date: /home/inouemakoto/interbotix_ws/install/original_interface/share/original_interface/srv/TargetPos.srv
[7.437s] -- Up-to-date: /home/inouemakoto/interbotix_ws/install/original_interface/share/original_interface/srv/TargetPos_Request.msg
[7.437s] -- Up-to-date: /home/inouemakoto/interbotix_ws/install/original_interface/share/original_interface/srv/TargetPos_Response.msg
[7.437s] -- Up-to-date: /home/inouemakoto/interbotix_ws/install/original_interface/share/ament_index/resource_index/package_run_dependencies/original_interface
[7.438s] -- Installing: /home/inouemakoto/interbotix_ws/install/original_interface/share/ament_index/resource_index/parent_prefix_path/original_interface
[7.438s] -- Up-to-date: /home/inouemakoto/interbotix_ws/install/original_interface/share/original_interface/environment/ament_prefix_path.sh
[7.438s] -- Installing: /home/inouemakoto/interbotix_ws/install/original_interface/share/original_interface/environment/ament_prefix_path.dsv
[7.438s] -- Up-to-date: /home/inouemakoto/interbotix_ws/install/original_interface/share/original_interface/environment/path.sh
[7.438s] -- Installing: /home/inouemakoto/interbotix_ws/install/original_interface/share/original_interface/environment/path.dsv
[7.438s] -- Up-to-date: /home/inouemakoto/interbotix_ws/install/original_interface/share/original_interface/local_setup.bash
[7.438s] -- Up-to-date: /home/inouemakoto/interbotix_ws/install/original_interface/share/original_interface/local_setup.sh
[7.438s] -- Up-to-date: /home/inouemakoto/interbotix_ws/install/original_interface/share/original_interface/local_setup.zsh
[7.438s] -- Installing: /home/inouemakoto/interbotix_ws/install/original_interface/share/original_interface/local_setup.dsv
[7.438s] -- Installing: /home/inouemakoto/interbotix_ws/install/original_interface/share/original_interface/package.dsv
[7.438s] -- Up-to-date: /home/inouemakoto/interbotix_ws/install/original_interface/share/ament_index/resource_index/packages/original_interface
[7.438s] -- Up-to-date: /home/inouemakoto/interbotix_ws/install/original_interface/share/original_interface/cmake/export_original_interface__rosidl_generator_cExport.cmake
[7.438s] -- Up-to-date: /home/inouemakoto/interbotix_ws/install/original_interface/share/original_interface/cmake/export_original_interface__rosidl_generator_cExport-noconfig.cmake
[7.438s] -- Up-to-date: /home/inouemakoto/interbotix_ws/install/original_interface/share/original_interface/cmake/export_original_interface__rosidl_typesupport_fastrtps_cExport.cmake
[7.438s] -- Up-to-date: /home/inouemakoto/interbotix_ws/install/original_interface/share/original_interface/cmake/export_original_interface__rosidl_typesupport_fastrtps_cExport-noconfig.cmake
[7.439s] -- Up-to-date: /home/inouemakoto/interbotix_ws/install/original_interface/share/original_interface/cmake/original_interface__rosidl_typesupport_introspection_cExport.cmake
[7.439s] -- Up-to-date: /home/inouemakoto/interbotix_ws/install/original_interface/share/original_interface/cmake/original_interface__rosidl_typesupport_introspection_cExport-noconfig.cmake
[7.439s] -- Up-to-date: /home/inouemakoto/interbotix_ws/install/original_interface/share/original_interface/cmake/original_interface__rosidl_typesupport_cExport.cmake
[7.439s] -- Up-to-date: /home/inouemakoto/interbotix_ws/install/original_interface/share/original_interface/cmake/original_interface__rosidl_typesupport_cExport-noconfig.cmake
[7.439s] -- Up-to-date: /home/inouemakoto/interbotix_ws/install/original_interface/share/original_interface/cmake/export_original_interface__rosidl_generator_cppExport.cmake
[7.439s] -- Up-to-date: /home/inouemakoto/interbotix_ws/install/original_interface/share/original_interface/cmake/export_original_interface__rosidl_typesupport_fastrtps_cppExport.cmake
[7.439s] -- Up-to-date: /home/inouemakoto/interbotix_ws/install/original_interface/share/original_interface/cmake/export_original_interface__rosidl_typesupport_fastrtps_cppExport-noconfig.cmake
[7.439s] -- Up-to-date: /home/inouemakoto/interbotix_ws/install/original_interface/share/original_interface/cmake/original_interface__rosidl_typesupport_introspection_cppExport.cmake
[7.439s] -- Up-to-date: /home/inouemakoto/interbotix_ws/install/original_interface/share/original_interface/cmake/original_interface__rosidl_typesupport_introspection_cppExport-noconfig.cmake
[7.439s] -- Up-to-date: /home/inouemakoto/interbotix_ws/install/original_interface/share/original_interface/cmake/original_interface__rosidl_typesupport_cppExport.cmake
[7.439s] -- Up-to-date: /home/inouemakoto/interbotix_ws/install/original_interface/share/original_interface/cmake/original_interface__rosidl_typesupport_cppExport-noconfig.cmake
[7.439s] -- Up-to-date: /home/inouemakoto/interbotix_ws/install/original_interface/share/original_interface/cmake/export_original_interface__rosidl_generator_pyExport.cmake
[7.439s] -- Up-to-date: /home/inouemakoto/interbotix_ws/install/original_interface/share/original_interface/cmake/export_original_interface__rosidl_generator_pyExport-noconfig.cmake
[7.439s] -- Up-to-date: /home/inouemakoto/interbotix_ws/install/original_interface/share/original_interface/cmake/rosidl_cmake-extras.cmake
[7.440s] -- Up-to-date: /home/inouemakoto/interbotix_ws/install/original_interface/share/original_interface/cmake/ament_cmake_export_include_directories-extras.cmake
[7.440s] -- Up-to-date: /home/inouemakoto/interbotix_ws/install/original_interface/share/original_interface/cmake/ament_cmake_export_libraries-extras.cmake
[7.440s] -- Up-to-date: /home/inouemakoto/interbotix_ws/install/original_interface/share/original_interface/cmake/ament_cmake_export_targets-extras.cmake
[7.440s] -- Up-to-date: /home/inouemakoto/interbotix_ws/install/original_interface/share/original_interface/cmake/rosidl_cmake_export_typesupport_targets-extras.cmake
[7.440s] -- Up-to-date: /home/inouemakoto/interbotix_ws/install/original_interface/share/original_interface/cmake/ament_cmake_export_dependencies-extras.cmake
[7.440s] -- Up-to-date: /home/inouemakoto/interbotix_ws/install/original_interface/share/original_interface/cmake/rosidl_cmake_export_typesupport_libraries-extras.cmake
[7.440s] -- Up-to-date: /home/inouemakoto/interbotix_ws/install/original_interface/share/original_interface/cmake/original_interfaceConfig.cmake
[7.440s] -- Up-to-date: /home/inouemakoto/interbotix_ws/install/original_interface/share/original_interface/cmake/original_interfaceConfig-version.cmake
[7.440s] -- Up-to-date: /home/inouemakoto/interbotix_ws/install/original_interface/share/original_interface/package.xml
[9.320s] Invoked command in '/home/inouemakoto/interbotix_ws/build/original_interface' returned '0': CMAKE_PREFIX_PATH=${CMAKE_PREFIX_PATH}:/home/inouemakoto/interbotix_ws/install/yolov5_ros2:/home/inouemakoto/interbotix_ws/install/pick_vision:/home/inouemakoto/interbotix_ws/install/moveit_service:/home/inouemakoto/interbotix_ws/install/opencv_ros2:/home/inouemakoto/interbotix_ws/install/makoto:/home/inouemakoto/interbotix_ws/install/interbotix_xs_modules:/home/inouemakoto/interbotix_ws/install/interbotix_landmark_modules:/home/inouemakoto/interbotix_ws/install/interbotix_perception_modules:/home/inouemakoto/interbotix_ws/install/interbotix_rpi_modules:/home/inouemakoto/interbotix_ws/install/interbotix_common_modules:/home/inouemakoto/interbotix_ws/install/camera:/home/inouemakoto/ws_moveit2/install/moveit_configs_utils:/home/inouemakoto/ws_moveit2/install/launch_param_builder:/home/inouemakoto/install/moveit_service:/home/inouemakoto/install/interbotix_xs_modules:/home/inouemakoto/install/interbotix_moveit_interface_msgs:/home/inouemakoto/install/interbotix_common_modules:/opt/ros/humble /usr/bin/cmake --install /home/inouemakoto/interbotix_ws/build/original_interface
