[0.612s] Invoking command in '/home/inouemakoto/interbotix_ws/build/hello_moveit': CMAKE_PREFIX_PATH=${CMAKE_PREFIX_PATH}:/home/inouemakoto/interbotix_ws/install/interbotix_xs_modules:/home/inouemakoto/interbotix_ws/install/interbotix_common_modules:/opt/ros/humble /usr/bin/cmake --build /home/inouemakoto/interbotix_ws/build/hello_moveit -- -j20 -l20
[0.792s] [35m[1mConsolidate compiler generated dependencies of target hello_moveit[0m
[0.936s] [100%] Built target hello_moveit
[1.197s] Invoked command in '/home/inouemakoto/interbotix_ws/build/hello_moveit' returned '0': CMAKE_PREFIX_PATH=${CMAKE_PREFIX_PATH}:/home/inouemakoto/interbotix_ws/install/interbotix_xs_modules:/home/inouemakoto/interbotix_ws/install/interbotix_common_modules:/opt/ros/humble /usr/bin/cmake --build /home/inouemakoto/interbotix_ws/build/hello_moveit -- -j20 -l20
[1.323s] Invoking command in '/home/inouemakoto/interbotix_ws/build/hello_moveit': CMAKE_PREFIX_PATH=${CMAKE_PREFIX_PATH}:/home/inouemakoto/interbotix_ws/install/interbotix_xs_modules:/home/inouemakoto/interbotix_ws/install/interbotix_common_modules:/opt/ros/humble /usr/bin/cmake --install /home/inouemakoto/interbotix_ws/build/hello_moveit
[1.372s] -- Install configuration: ""
[1.373s] -- Up-to-date: /home/inouemakoto/interbotix_ws/install/hello_moveit/lib/hello_moveit/hello_moveit
[1.374s] -- Up-to-date: /home/inouemakoto/interbotix_ws/install/hello_moveit/share/ament_index/resource_index/package_run_dependencies/hello_moveit
[1.374s] -- Up-to-date: /home/inouemakoto/interbotix_ws/install/hello_moveit/share/ament_index/resource_index/parent_prefix_path/hello_moveit
[1.374s] -- Up-to-date: /home/inouemakoto/interbotix_ws/install/hello_moveit/share/hello_moveit/environment/ament_prefix_path.sh
[1.374s] -- Up-to-date: /home/inouemakoto/interbotix_ws/install/hello_moveit/share/hello_moveit/environment/ament_prefix_path.dsv
[1.374s] -- Up-to-date: /home/inouemakoto/interbotix_ws/install/hello_moveit/share/hello_moveit/environment/path.sh
[1.374s] -- Up-to-date: /home/inouemakoto/interbotix_ws/install/hello_moveit/share/hello_moveit/environment/path.dsv
[1.375s] -- Up-to-date: /home/inouemakoto/interbotix_ws/install/hello_moveit/share/hello_moveit/local_setup.bash
[1.375s] -- Up-to-date: /home/inouemakoto/interbotix_ws/install/hello_moveit/share/hello_moveit/local_setup.sh
[1.375s] -- Up-to-date: /home/inouemakoto/interbotix_ws/install/hello_moveit/share/hello_moveit/local_setup.zsh
[1.375s] -- Up-to-date: /home/inouemakoto/interbotix_ws/install/hello_moveit/share/hello_moveit/local_setup.dsv
[1.375s] -- Installing: /home/inouemakoto/interbotix_ws/install/hello_moveit/share/hello_moveit/package.dsv
[1.376s] -- Up-to-date: /home/inouemakoto/interbotix_ws/install/hello_moveit/share/ament_index/resource_index/packages/hello_moveit
[1.376s] -- Up-to-date: /home/inouemakoto/interbotix_ws/install/hello_moveit/share/hello_moveit/cmake/hello_moveitConfig.cmake
[1.376s] -- Up-to-date: /home/inouemakoto/interbotix_ws/install/hello_moveit/share/hello_moveit/cmake/hello_moveitConfig-version.cmake
[1.377s] -- Up-to-date: /home/inouemakoto/interbotix_ws/install/hello_moveit/share/hello_moveit/package.xml
[1.593s] Invoked command in '/home/inouemakoto/interbotix_ws/build/hello_moveit' returned '0': CMAKE_PREFIX_PATH=${CMAKE_PREFIX_PATH}:/home/inouemakoto/interbotix_ws/install/interbotix_xs_modules:/home/inouemakoto/interbotix_ws/install/interbotix_common_modules:/opt/ros/humble /usr/bin/cmake --install /home/inouemakoto/interbotix_ws/build/hello_moveit
