[0.313s] Invoking command in '/home/inouemakoto/interbotix_ws/build/interbotix_common_sim': CMAKE_PREFIX_PATH=${CMAKE_PREFIX_PATH}:/home/inouemakoto/interbotix_ws/install/interbotix_xs_modules:/home/inouemakoto/interbotix_ws/install/interbotix_common_modules:/home/inouemakoto/ws_moveit2/install/moveit_configs_utils:/home/inouemakoto/ws_moveit2/install/launch_param_builder:/opt/ros/humble /usr/bin/cmake /home/inouemakoto/interbotix_ws/src/interbotix_ros_toolboxes/interbotix_common_toolbox/interbotix_common_sim -DCMAKE_INSTALL_PREFIX=/home/inouemakoto/interbotix_ws/install/interbotix_common_sim
[0.334s] -- Found ament_cmake: 1.3.4 (/opt/ros/humble/share/ament_cmake/cmake)
[0.530s] -- Found ament_lint_auto: 0.12.6 (/opt/ros/humble/share/ament_lint_auto/cmake)
[0.630s] -- Configuring done
[0.633s] -- Generating done
[0.634s] -- Build files have been written to: /home/inouemakoto/interbotix_ws/build/interbotix_common_sim
[0.637s] Invoked command in '/home/inouemakoto/interbotix_ws/build/interbotix_common_sim' returned '0': CMAKE_PREFIX_PATH=${CMAKE_PREFIX_PATH}:/home/inouemakoto/interbotix_ws/install/interbotix_xs_modules:/home/inouemakoto/interbotix_ws/install/interbotix_common_modules:/home/inouemakoto/ws_moveit2/install/moveit_configs_utils:/home/inouemakoto/ws_moveit2/install/launch_param_builder:/opt/ros/humble /usr/bin/cmake /home/inouemakoto/interbotix_ws/src/interbotix_ros_toolboxes/interbotix_common_toolbox/interbotix_common_sim -DCMAKE_INSTALL_PREFIX=/home/inouemakoto/interbotix_ws/install/interbotix_common_sim
[0.640s] Invoking command in '/home/inouemakoto/interbotix_ws/build/interbotix_common_sim': CMAKE_PREFIX_PATH=${CMAKE_PREFIX_PATH}:/home/inouemakoto/interbotix_ws/install/interbotix_xs_modules:/home/inouemakoto/interbotix_ws/install/interbotix_common_modules:/home/inouemakoto/ws_moveit2/install/moveit_configs_utils:/home/inouemakoto/ws_moveit2/install/launch_param_builder:/opt/ros/humble /usr/bin/cmake --build /home/inouemakoto/interbotix_ws/build/interbotix_common_sim -- -j20 -l20
[0.701s] Invoked command in '/home/inouemakoto/interbotix_ws/build/interbotix_common_sim' returned '0': CMAKE_PREFIX_PATH=${CMAKE_PREFIX_PATH}:/home/inouemakoto/interbotix_ws/install/interbotix_xs_modules:/home/inouemakoto/interbotix_ws/install/interbotix_common_modules:/home/inouemakoto/ws_moveit2/install/moveit_configs_utils:/home/inouemakoto/ws_moveit2/install/launch_param_builder:/opt/ros/humble /usr/bin/cmake --build /home/inouemakoto/interbotix_ws/build/interbotix_common_sim -- -j20 -l20
[0.741s] Invoking command in '/home/inouemakoto/interbotix_ws/build/interbotix_common_sim': CMAKE_PREFIX_PATH=${CMAKE_PREFIX_PATH}:/home/inouemakoto/interbotix_ws/install/interbotix_xs_modules:/home/inouemakoto/interbotix_ws/install/interbotix_common_modules:/home/inouemakoto/ws_moveit2/install/moveit_configs_utils:/home/inouemakoto/ws_moveit2/install/launch_param_builder:/opt/ros/humble /usr/bin/cmake --install /home/inouemakoto/interbotix_ws/build/interbotix_common_sim
[0.750s] -- Install configuration: "Debug"
[0.750s] -- Up-to-date: /home/inouemakoto/interbotix_ws/install/interbotix_common_sim/share/interbotix_common_sim/models
[0.750s] -- Up-to-date: /home/inouemakoto/interbotix_ws/install/interbotix_common_sim/share/interbotix_common_sim/models/TrossenRoboticsOfficeBuilding
[0.751s] -- Up-to-date: /home/inouemakoto/interbotix_ws/install/interbotix_common_sim/share/interbotix_common_sim/models/TrossenRoboticsOfficeBuilding/model.config
[0.751s] -- Up-to-date: /home/inouemakoto/interbotix_ws/install/interbotix_common_sim/share/interbotix_common_sim/models/TrossenRoboticsOfficeBuilding/TrossenRoboticsOfficeBuilding.sdf
[0.751s] -- Up-to-date: /home/inouemakoto/interbotix_ws/install/interbotix_common_sim/share/interbotix_common_sim/models/RealSenseD415
[0.751s] -- Up-to-date: /home/inouemakoto/interbotix_ws/install/interbotix_common_sim/share/interbotix_common_sim/models/RealSenseD415/model.config
[0.751s] -- Up-to-date: /home/inouemakoto/interbotix_ws/install/interbotix_common_sim/share/interbotix_common_sim/models/RealSenseD415/RealSenseD415.sdf
[0.751s] -- Up-to-date: /home/inouemakoto/interbotix_ws/install/interbotix_common_sim/share/interbotix_common_sim/models/RealSenseD415/camera.stl
[0.751s] -- Up-to-date: /home/inouemakoto/interbotix_ws/install/interbotix_common_sim/share/interbotix_common_sim/models/VisionKit
[0.751s] -- Up-to-date: /home/inouemakoto/interbotix_ws/install/interbotix_common_sim/share/interbotix_common_sim/models/VisionKit/VisionKit.sdf
[0.751s] -- Up-to-date: /home/inouemakoto/interbotix_ws/install/interbotix_common_sim/share/interbotix_common_sim/models/VisionKit/model.config
[0.752s] -- Up-to-date: /home/inouemakoto/interbotix_ws/install/interbotix_common_sim/share/interbotix_common_sim/models/VisionKit/stand.stl
[0.752s] -- Up-to-date: /home/inouemakoto/interbotix_ws/install/interbotix_common_sim/share/interbotix_common_sim/worlds
[0.752s] -- Up-to-date: /home/inouemakoto/interbotix_ws/install/interbotix_common_sim/share/interbotix_common_sim/worlds/interbotix.world
[0.752s] -- Up-to-date: /home/inouemakoto/interbotix_ws/install/interbotix_common_sim/share/interbotix_common_sim/worlds/vision_kit.world
[0.752s] -- Up-to-date: /home/inouemakoto/interbotix_ws/install/interbotix_common_sim/share/interbotix_common_sim/media
[0.752s] -- Up-to-date: /home/inouemakoto/interbotix_ws/install/interbotix_common_sim/share/interbotix_common_sim/media/interbotix_black.png
[0.752s] -- Up-to-date: /home/inouemakoto/interbotix_ws/install/interbotix_common_sim/share/interbotix_common_sim/media/materials
[0.753s] -- Up-to-date: /home/inouemakoto/interbotix_ws/install/interbotix_common_sim/share/interbotix_common_sim/media/materials/textures
[0.753s] -- Up-to-date: /home/inouemakoto/interbotix_ws/install/interbotix_common_sim/share/interbotix_common_sim/media/materials/textures/interbotix_black.png
[0.753s] -- Up-to-date: /home/inouemakoto/interbotix_ws/install/interbotix_common_sim/share/interbotix_common_sim/media/materials/scripts
[0.753s] -- Up-to-date: /home/inouemakoto/interbotix_ws/install/interbotix_common_sim/share/interbotix_common_sim/media/materials/scripts/interbotix_texture.gazebo
[0.753s] -- Up-to-date: /home/inouemakoto/interbotix_ws/install/interbotix_common_sim/share/interbotix_common_sim/media/materials/scripts/interbotix_black.material
[0.753s] -- Up-to-date: /home/inouemakoto/interbotix_ws/install/interbotix_common_sim/share/ament_index/resource_index/package_run_dependencies/interbotix_common_sim
[0.753s] -- Installing: /home/inouemakoto/interbotix_ws/install/interbotix_common_sim/share/ament_index/resource_index/parent_prefix_path/interbotix_common_sim
[0.754s] -- Up-to-date: /home/inouemakoto/interbotix_ws/install/interbotix_common_sim/share/interbotix_common_sim/environment/ament_prefix_path.sh
[0.754s] -- Installing: /home/inouemakoto/interbotix_ws/install/interbotix_common_sim/share/interbotix_common_sim/environment/ament_prefix_path.dsv
[0.754s] -- Up-to-date: /home/inouemakoto/interbotix_ws/install/interbotix_common_sim/share/interbotix_common_sim/environment/path.sh
[0.754s] -- Installing: /home/inouemakoto/interbotix_ws/install/interbotix_common_sim/share/interbotix_common_sim/environment/path.dsv
[0.755s] -- Up-to-date: /home/inouemakoto/interbotix_ws/install/interbotix_common_sim/share/interbotix_common_sim/local_setup.bash
[0.755s] -- Up-to-date: /home/inouemakoto/interbotix_ws/install/interbotix_common_sim/share/interbotix_common_sim/local_setup.sh
[0.755s] -- Up-to-date: /home/inouemakoto/interbotix_ws/install/interbotix_common_sim/share/interbotix_common_sim/local_setup.zsh
[0.756s] -- Installing: /home/inouemakoto/interbotix_ws/install/interbotix_common_sim/share/interbotix_common_sim/local_setup.dsv
[0.757s] -- Installing: /home/inouemakoto/interbotix_ws/install/interbotix_common_sim/share/interbotix_common_sim/package.dsv
[0.757s] -- Up-to-date: /home/inouemakoto/interbotix_ws/install/interbotix_common_sim/share/ament_index/resource_index/packages/interbotix_common_sim
[0.758s] -- Up-to-date: /home/inouemakoto/interbotix_ws/install/interbotix_common_sim/share/interbotix_common_sim/cmake/interbotix_common_simConfig.cmake
[0.758s] -- Up-to-date: /home/inouemakoto/interbotix_ws/install/interbotix_common_sim/share/interbotix_common_sim/cmake/interbotix_common_simConfig-version.cmake
[0.759s] -- Up-to-date: /home/inouemakoto/interbotix_ws/install/interbotix_common_sim/share/interbotix_common_sim/package.xml
[0.759s] Invoked command in '/home/inouemakoto/interbotix_ws/build/interbotix_common_sim' returned '0': CMAKE_PREFIX_PATH=${CMAKE_PREFIX_PATH}:/home/inouemakoto/interbotix_ws/install/interbotix_xs_modules:/home/inouemakoto/interbotix_ws/install/interbotix_common_modules:/home/inouemakoto/ws_moveit2/install/moveit_configs_utils:/home/inouemakoto/ws_moveit2/install/launch_param_builder:/opt/ros/humble /usr/bin/cmake --install /home/inouemakoto/interbotix_ws/build/interbotix_common_sim
