[5.612s] Invoking command in '/home/inouemakoto/interbotix_ws/build/moveit_service': PYTHONPATH=/home/inouemakoto/interbotix_ws/build/moveit_service/prefix_override:/home/inouemakoto/interbotix_ws/install/moveit_service/lib/python3.10/site-packages:${PYTHONPATH} /usr/bin/python3 setup.py develop --uninstall --editable --build-directory /home/inouemakoto/interbotix_ws/build/moveit_service/build
[6.472s] /usr/lib/python3/dist-packages/setuptools/command/easy_install.py:158: EasyInstallDeprecationWarning: easy_install command is deprecated. Use build and pip and other standards-based tools.
[6.474s]   warnings.warn(
[6.474s] running develop
[6.476s] /usr/lib/python3/dist-packages/setuptools/command/install.py:34: SetuptoolsDeprecationWarning: setup.py install is deprecated. Use build and pip and other standards-based tools.
[6.476s]   warnings.warn(
[6.684s] /usr/lib/python3/dist-packages/pkg_resources/__init__.py:116: PkgResourcesDeprecationWarning: 1.16.0-unknown is an invalid version and will not be supported in a future release
[6.684s]   warnings.warn(
[6.685s] /usr/lib/python3/dist-packages/pkg_resources/__init__.py:116: PkgResourcesDeprecationWarning: 1.1build1 is an invalid version and will not be supported in a future release
[6.685s]   warnings.warn(
[6.685s] /usr/lib/python3/dist-packages/pkg_resources/__init__.py:116: PkgResourcesDeprecationWarning: 1.12.1-git20200711.33e2d80-dfsg1-0.6 is an invalid version and will not be supported in a future release
[6.685s]   warnings.warn(
[7.426s] Invoked command in '/home/inouemakoto/interbotix_ws/build/moveit_service' returned '0': PYTHONPATH=/home/inouemakoto/interbotix_ws/build/moveit_service/prefix_override:/home/inouemakoto/interbotix_ws/install/moveit_service/lib/python3.10/site-packages:${PYTHONPATH} /usr/bin/python3 setup.py develop --uninstall --editable --build-directory /home/inouemakoto/interbotix_ws/build/moveit_service/build
[7.437s] Invoking command in '/home/inouemakoto/interbotix_ws/src/moveit_service': PYTHONPATH=/home/inouemakoto/interbotix_ws/build/moveit_service/prefix_override:/home/inouemakoto/interbotix_ws/install/moveit_service/lib/python3.10/site-packages:${PYTHONPATH} /usr/bin/python3 setup.py egg_info --egg-base ../../build/moveit_service build --build-base /home/inouemakoto/interbotix_ws/build/moveit_service/build install --record /home/inouemakoto/interbotix_ws/build/moveit_service/install.log --single-version-externally-managed
[8.568s] running egg_info
[8.574s] writing ../../build/moveit_service/moveit_service.egg-info/PKG-INFO
[8.574s] writing dependency_links to ../../build/moveit_service/moveit_service.egg-info/dependency_links.txt
[8.574s] writing entry points to ../../build/moveit_service/moveit_service.egg-info/entry_points.txt
[8.574s] writing requirements to ../../build/moveit_service/moveit_service.egg-info/requires.txt
[8.574s] writing top-level names to ../../build/moveit_service/moveit_service.egg-info/top_level.txt
[8.586s] package init file 'moveit_service/__init__.py' not found (or not a regular file)
[8.587s] reading manifest file '../../build/moveit_service/moveit_service.egg-info/SOURCES.txt'
[8.589s] writing manifest file '../../build/moveit_service/moveit_service.egg-info/SOURCES.txt'
[8.590s] running build
[8.590s] running build_py
[8.591s] copying moveit_service/moveit_order.py -> /home/inouemakoto/interbotix_ws/build/moveit_service/build/lib/moveit_service
[8.598s] running install
[8.600s] /usr/lib/python3/dist-packages/setuptools/command/install.py:34: SetuptoolsDeprecationWarning: setup.py install is deprecated. Use build and pip and other standards-based tools.
[8.600s]   warnings.warn(
[8.600s] running install_lib
[8.601s] copying /home/inouemakoto/interbotix_ws/build/moveit_service/build/lib/moveit_service/moveit_order.py -> /home/inouemakoto/interbotix_ws/install/moveit_service/lib/python3.10/site-packages/moveit_service
[8.605s] byte-compiling /home/inouemakoto/interbotix_ws/install/moveit_service/lib/python3.10/site-packages/moveit_service/moveit_order.py to moveit_order.cpython-310.pyc
[8.607s] running install_data
[8.607s] running install_egg_info
[8.621s] removing '/home/inouemakoto/interbotix_ws/install/moveit_service/lib/python3.10/site-packages/moveit_service-0.0.0-py3.10.egg-info' (and everything under it)
[8.621s] Copying ../../build/moveit_service/moveit_service.egg-info to /home/inouemakoto/interbotix_ws/install/moveit_service/lib/python3.10/site-packages/moveit_service-0.0.0-py3.10.egg-info
[8.622s] running install_scripts
[8.733s] Installing moveit_order script to /home/inouemakoto/interbotix_ws/install/moveit_service/lib/moveit_service
[8.734s] writing list of installed files to '/home/inouemakoto/interbotix_ws/build/moveit_service/install.log'
[9.696s] Invoked command in '/home/inouemakoto/interbotix_ws/src/moveit_service' returned '0': PYTHONPATH=/home/inouemakoto/interbotix_ws/build/moveit_service/prefix_override:/home/inouemakoto/interbotix_ws/install/moveit_service/lib/python3.10/site-packages:${PYTHONPATH} /usr/bin/python3 setup.py egg_info --egg-base ../../build/moveit_service build --build-base /home/inouemakoto/interbotix_ws/build/moveit_service/build install --record /home/inouemakoto/interbotix_ws/build/moveit_service/install.log --single-version-externally-managed
