[0.311s] Invoking command in '/home/inouemakoto/interbotix_ws/build/hello_moveit2': CMAKE_PREFIX_PATH=${CMAKE_PREFIX_PATH}:/home/inouemakoto/interbotix_ws/install/interbotix_xs_modules:/home/inouemakoto/interbotix_ws/install/interbotix_common_modules:/home/inouemakoto/ws_moveit2/install/moveit_configs_utils:/home/inouemakoto/ws_moveit2/install/launch_param_builder:/opt/ros/humble /usr/bin/cmake --build /home/inouemakoto/interbotix_ws/build/hello_moveit2 -- -j20 -l20
[0.457s] [100%] Built target hello_moveit2
[0.503s] Invoked command in '/home/inouemakoto/interbotix_ws/build/hello_moveit2' returned '0': CMAKE_PREFIX_PATH=${CMAKE_PREFIX_PATH}:/home/inouemakoto/interbotix_ws/install/interbotix_xs_modules:/home/inouemakoto/interbotix_ws/install/interbotix_common_modules:/home/inouemakoto/ws_moveit2/install/moveit_configs_utils:/home/inouemakoto/ws_moveit2/install/launch_param_builder:/opt/ros/humble /usr/bin/cmake --build /home/inouemakoto/interbotix_ws/build/hello_moveit2 -- -j20 -l20
[0.559s] Invoking command in '/home/inouemakoto/interbotix_ws/build/hello_moveit2': CMAKE_PREFIX_PATH=${CMAKE_PREFIX_PATH}:/home/inouemakoto/interbotix_ws/install/interbotix_xs_modules:/home/inouemakoto/interbotix_ws/install/interbotix_common_modules:/home/inouemakoto/ws_moveit2/install/moveit_configs_utils:/home/inouemakoto/ws_moveit2/install/launch_param_builder:/opt/ros/humble /usr/bin/cmake --install /home/inouemakoto/interbotix_ws/build/hello_moveit2
[0.572s] -- Install configuration: "Debug"
[0.573s] -- Up-to-date: /home/inouemakoto/interbotix_ws/install/hello_moveit2/lib/hello_moveit2/hello_moveit2
[0.574s] -- Up-to-date: /home/inouemakoto/interbotix_ws/install/hello_moveit2/share/ament_index/resource_index/package_run_dependencies/hello_moveit2
[0.574s] -- Up-to-date: /home/inouemakoto/interbotix_ws/install/hello_moveit2/share/ament_index/resource_index/parent_prefix_path/hello_moveit2
[0.574s] -- Up-to-date: /home/inouemakoto/interbotix_ws/install/hello_moveit2/share/hello_moveit2/environment/ament_prefix_path.sh
[0.574s] -- Up-to-date: /home/inouemakoto/interbotix_ws/install/hello_moveit2/share/hello_moveit2/environment/ament_prefix_path.dsv
[0.575s] -- Up-to-date: /home/inouemakoto/interbotix_ws/install/hello_moveit2/share/hello_moveit2/environment/path.sh
[0.575s] -- Up-to-date: /home/inouemakoto/interbotix_ws/install/hello_moveit2/share/hello_moveit2/environment/path.dsv
[0.575s] -- Up-to-date: /home/inouemakoto/interbotix_ws/install/hello_moveit2/share/hello_moveit2/local_setup.bash
[0.575s] -- Up-to-date: /home/inouemakoto/interbotix_ws/install/hello_moveit2/share/hello_moveit2/local_setup.sh
[0.575s] -- Up-to-date: /home/inouemakoto/interbotix_ws/install/hello_moveit2/share/hello_moveit2/local_setup.zsh
[0.575s] -- Up-to-date: /home/inouemakoto/interbotix_ws/install/hello_moveit2/share/hello_moveit2/local_setup.dsv
[0.577s] -- Installing: /home/inouemakoto/interbotix_ws/install/hello_moveit2/share/hello_moveit2/package.dsv
[0.577s] -- Up-to-date: /home/inouemakoto/interbotix_ws/install/hello_moveit2/share/ament_index/resource_index/packages/hello_moveit2
[0.578s] -- Up-to-date: /home/inouemakoto/interbotix_ws/install/hello_moveit2/share/hello_moveit2/cmake/hello_moveit2Config.cmake
[0.578s] -- Up-to-date: /home/inouemakoto/interbotix_ws/install/hello_moveit2/share/hello_moveit2/cmake/hello_moveit2Config-version.cmake
[0.578s] -- Up-to-date: /home/inouemakoto/interbotix_ws/install/hello_moveit2/share/hello_moveit2/package.xml
[0.632s] Invoked command in '/home/inouemakoto/interbotix_ws/build/hello_moveit2' returned '0': CMAKE_PREFIX_PATH=${CMAKE_PREFIX_PATH}:/home/inouemakoto/interbotix_ws/install/interbotix_xs_modules:/home/inouemakoto/interbotix_ws/install/interbotix_common_modules:/home/inouemakoto/ws_moveit2/install/moveit_configs_utils:/home/inouemakoto/ws_moveit2/install/launch_param_builder:/opt/ros/humble /usr/bin/cmake --install /home/inouemakoto/interbotix_ws/build/hello_moveit2
