[1.270s] Invoking command in '/home/inouemakoto/interbotix_ws/build/interbotix_rpi_msgs': CMAKE_PREFIX_PATH=${CMAKE_PREFIX_PATH}:/home/inouemakoto/interbotix_ws/install/moveit_service:/home/inouemakoto/interbotix_ws/install/makoto:/home/inouemakoto/interbotix_ws/install/interbotix_xs_modules:/home/inouemakoto/interbotix_ws/install/interbotix_common_modules:/home/inouemakoto/ws_moveit2/install/moveit_configs_utils:/home/inouemakoto/ws_moveit2/install/launch_param_builder:/home/inouemakoto/install/moveit_service:/home/inouemakoto/install/interbotix_xs_modules:/home/inouemakoto/install/interbotix_common_modules:/opt/ros/humble /usr/bin/cmake /home/inouemakoto/interbotix_ws/src/interbotix_ros_toolboxes/interbotix_rpi_toolbox/interbotix_rpi_msgs -DCMAKE_INSTALL_PREFIX=/home/inouemakoto/interbotix_ws/install/interbotix_rpi_msgs
[1.913s] -- The C compiler identification is GNU 11.4.0
[1.913s] -- The CXX compiler identification is GNU 11.4.0
[1.913s] -- Detecting C compiler ABI info
[1.913s] -- Detecting C compiler ABI info - done
[1.913s] -- Check for working C compiler: /usr/bin/cc - skipped
[1.913s] -- Detecting C compile features
[1.914s] -- Detecting C compile features - done
[1.914s] -- Detecting CXX compiler ABI info
[1.914s] -- Detecting CXX compiler ABI info - done
[1.914s] -- Check for working CXX compiler: /usr/bin/c++ - skipped
[1.914s] -- Detecting CXX compile features
[1.914s] -- Detecting CXX compile features - done
[1.914s] -- Found rosidl_default_generators: 1.2.0 (/opt/ros/humble/share/rosidl_default_generators/cmake)
[1.914s] -- Found ament_cmake_core: 1.3.5 (/opt/ros/humble/share/ament_cmake_core/cmake)
[2.034s] -- Found Python3: /usr/bin/python3.10 (found version "3.10.12") found components: Interpreter 
[2.146s] -- Using all available rosidl_typesupport_c: rosidl_typesupport_fastrtps_c;rosidl_typesupport_introspection_c
[2.186s] -- Found rosidl_adapter: 3.1.5 (/opt/ros/humble/share/rosidl_adapter/cmake)
[2.468s] -- Using all available rosidl_typesupport_cpp: rosidl_typesupport_fastrtps_cpp;rosidl_typesupport_introspection_cpp
[2.561s] -- Found std_msgs: 4.2.3 (/opt/ros/humble/share/std_msgs/cmake)
[2.922s] -- Found ament_cmake_ros: 0.10.0 (/opt/ros/humble/share/ament_cmake_ros/cmake)
[3.188s] -- Using all available rosidl_typesupport_c: rosidl_typesupport_fastrtps_c;rosidl_typesupport_introspection_c
[3.473s] -- Using all available rosidl_typesupport_cpp: rosidl_typesupport_fastrtps_cpp;rosidl_typesupport_introspection_cpp
[3.504s] -- Found PythonInterp: /usr/bin/python3 (found suitable version "3.10.12", minimum required is "3.6") 
[3.514s] -- Found python_cmake_module: 0.10.0 (/opt/ros/humble/share/python_cmake_module/cmake)
[3.547s] -- Found PythonLibs: /usr/lib/x86_64-linux-gnu/libpython3.10.so (found suitable version "3.10.12", minimum required is "3.5") 
[3.548s] -- Using PYTHON_EXECUTABLE: /usr/bin/python3
[3.548s] -- Using PYTHON_INCLUDE_DIRS: /usr/include/python3.10
[3.548s] -- Using PYTHON_LIBRARIES: /usr/lib/x86_64-linux-gnu/libpython3.10.so
[3.572s] -- Found PythonExtra: .so  
[3.723s] -- Found ament_lint_auto: 0.12.8 (/opt/ros/humble/share/ament_lint_auto/cmake)
[3.741s] -- Configuring done
[3.763s] -- Generating done
[3.765s] -- Build files have been written to: /home/inouemakoto/interbotix_ws/build/interbotix_rpi_msgs
[4.310s] Invoked command in '/home/inouemakoto/interbotix_ws/build/interbotix_rpi_msgs' returned '0': CMAKE_PREFIX_PATH=${CMAKE_PREFIX_PATH}:/home/inouemakoto/interbotix_ws/install/moveit_service:/home/inouemakoto/interbotix_ws/install/makoto:/home/inouemakoto/interbotix_ws/install/interbotix_xs_modules:/home/inouemakoto/interbotix_ws/install/interbotix_common_modules:/home/inouemakoto/ws_moveit2/install/moveit_configs_utils:/home/inouemakoto/ws_moveit2/install/launch_param_builder:/home/inouemakoto/install/moveit_service:/home/inouemakoto/install/interbotix_xs_modules:/home/inouemakoto/install/interbotix_common_modules:/opt/ros/humble /usr/bin/cmake /home/inouemakoto/interbotix_ws/src/interbotix_ros_toolboxes/interbotix_rpi_toolbox/interbotix_rpi_msgs -DCMAKE_INSTALL_PREFIX=/home/inouemakoto/interbotix_ws/install/interbotix_rpi_msgs
[4.311s] Invoking command in '/home/inouemakoto/interbotix_ws/build/interbotix_rpi_msgs': CMAKE_PREFIX_PATH=${CMAKE_PREFIX_PATH}:/home/inouemakoto/interbotix_ws/install/moveit_service:/home/inouemakoto/interbotix_ws/install/makoto:/home/inouemakoto/interbotix_ws/install/interbotix_xs_modules:/home/inouemakoto/interbotix_ws/install/interbotix_common_modules:/home/inouemakoto/ws_moveit2/install/moveit_configs_utils:/home/inouemakoto/ws_moveit2/install/launch_param_builder:/home/inouemakoto/install/moveit_service:/home/inouemakoto/install/interbotix_xs_modules:/home/inouemakoto/install/interbotix_common_modules:/opt/ros/humble /usr/bin/cmake --build /home/inouemakoto/interbotix_ws/build/interbotix_rpi_msgs -- -j20 -l20
[4.387s] [  3%] [34m[1mGenerating C code for ROS interfaces[0m
[4.387s] [  6%] [34m[1mGenerating C++ code for ROS interfaces[0m
[4.392s] [  6%] Built target ament_cmake_python_copy_interbotix_rpi_msgs
[4.666s] running egg_info
[4.667s] creating interbotix_rpi_msgs.egg-info
[4.667s] writing interbotix_rpi_msgs.egg-info/PKG-INFO
[4.667s] writing dependency_links to interbotix_rpi_msgs.egg-info/dependency_links.txt
[4.667s] writing top-level names to interbotix_rpi_msgs.egg-info/top_level.txt
[4.667s] writing manifest file 'interbotix_rpi_msgs.egg-info/SOURCES.txt'
[4.669s] reading manifest file 'interbotix_rpi_msgs.egg-info/SOURCES.txt'
[4.670s] writing manifest file 'interbotix_rpi_msgs.egg-info/SOURCES.txt'
[4.700s] [  6%] Built target interbotix_rpi_msgs__cpp
[4.703s] [  9%] [32mBuilding C object CMakeFiles/interbotix_rpi_msgs__rosidl_generator_c.dir/rosidl_generator_c/interbotix_rpi_msgs/msg/detail/pixel_commands__functions.c.o[0m
[4.704s] [  9%] Built target ament_cmake_python_build_interbotix_rpi_msgs_egg
[4.715s] [ 19%] [34m[1mGenerating C++ introspection for ROS interfaces[0m
[4.715s] [ 19%] [34m[1mGenerating C++ type support dispatch for ROS interfaces[0m
[4.715s] [ 19%] [34m[1mGenerating C++ type support for eProsima Fast-RTPS[0m
[4.753s] [ 22%] [32m[1mLinking C shared library libinterbotix_rpi_msgs__rosidl_generator_c.so[0m
[4.798s] [ 22%] Built target interbotix_rpi_msgs__rosidl_generator_c
[4.813s] [ 32%] [34m[1mGenerating C type support dispatch for ROS interfaces[0m
[4.814s] [ 32%] [34m[1mGenerating C type support for eProsima Fast-RTPS[0m
[4.815s] [ 32%] [34m[1mGenerating C introspection for ROS interfaces[0m
[5.006s] [ 35%] [32mBuilding CXX object CMakeFiles/interbotix_rpi_msgs__rosidl_typesupport_cpp.dir/rosidl_typesupport_cpp/interbotix_rpi_msgs/msg/pixel_commands__type_support.cpp.o[0m
[5.026s] [ 38%] [32mBuilding CXX object CMakeFiles/interbotix_rpi_msgs__rosidl_typesupport_introspection_cpp.dir/rosidl_typesupport_introspection_cpp/interbotix_rpi_msgs/msg/detail/pixel_commands__type_support.cpp.o[0m
[5.035s] [ 41%] [32mBuilding CXX object CMakeFiles/interbotix_rpi_msgs__rosidl_typesupport_fastrtps_cpp.dir/rosidl_typesupport_fastrtps_cpp/interbotix_rpi_msgs/msg/detail/dds_fastrtps/pixel_commands__type_support.cpp.o[0m
[5.118s] [ 45%] [32mBuilding CXX object CMakeFiles/interbotix_rpi_msgs__rosidl_typesupport_c.dir/rosidl_typesupport_c/interbotix_rpi_msgs/msg/pixel_commands__type_support.cpp.o[0m
[5.142s] [ 48%] [32mBuilding C object CMakeFiles/interbotix_rpi_msgs__rosidl_typesupport_introspection_c.dir/rosidl_typesupport_introspection_c/interbotix_rpi_msgs/msg/detail/pixel_commands__type_support.c.o[0m
[5.152s] [ 51%] [32mBuilding CXX object CMakeFiles/interbotix_rpi_msgs__rosidl_typesupport_fastrtps_c.dir/rosidl_typesupport_fastrtps_c/interbotix_rpi_msgs/msg/detail/pixel_commands__type_support_c.cpp.o[0m
[5.154s] [ 54%] [32m[1mLinking CXX shared library libinterbotix_rpi_msgs__rosidl_typesupport_c.so[0m
[5.185s] [ 58%] [32m[1mLinking C shared library libinterbotix_rpi_msgs__rosidl_typesupport_introspection_c.so[0m
[5.210s] [ 58%] Built target interbotix_rpi_msgs__rosidl_typesupport_c
[5.229s] [ 58%] Built target interbotix_rpi_msgs__rosidl_typesupport_introspection_c
[5.267s] [ 61%] [32m[1mLinking CXX shared library libinterbotix_rpi_msgs__rosidl_typesupport_cpp.so[0m
[5.317s] [ 61%] Built target interbotix_rpi_msgs__rosidl_typesupport_cpp
[5.386s] [ 64%] [32m[1mLinking CXX shared library libinterbotix_rpi_msgs__rosidl_typesupport_introspection_cpp.so[0m
[5.421s] [ 67%] [32m[1mLinking CXX shared library libinterbotix_rpi_msgs__rosidl_typesupport_fastrtps_cpp.so[0m
[5.464s] [ 67%] Built target interbotix_rpi_msgs__rosidl_typesupport_introspection_cpp
[5.501s] [ 70%] [32m[1mLinking CXX shared library libinterbotix_rpi_msgs__rosidl_typesupport_fastrtps_c.so[0m
[5.522s] [ 70%] Built target interbotix_rpi_msgs__rosidl_typesupport_fastrtps_cpp
[5.589s] [ 70%] Built target interbotix_rpi_msgs__rosidl_typesupport_fastrtps_c
[5.620s] [ 70%] Built target interbotix_rpi_msgs
[5.649s] [ 74%] [34m[1mGenerating Python code for ROS interfaces[0m
[6.059s] [ 74%] Built target interbotix_rpi_msgs__py
[6.089s] [ 77%] [32mBuilding C object CMakeFiles/interbotix_rpi_msgs__rosidl_generator_py.dir/rosidl_generator_py/interbotix_rpi_msgs/msg/_pixel_commands_s.c.o[0m
[6.181s] [ 80%] [32m[1mLinking C shared library rosidl_generator_py/interbotix_rpi_msgs/libinterbotix_rpi_msgs__rosidl_generator_py.so[0m
[6.230s] [ 80%] Built target interbotix_rpi_msgs__rosidl_generator_py
[6.261s] [ 90%] [32mBuilding C object CMakeFiles/interbotix_rpi_msgs__rosidl_typesupport_c__pyext.dir/rosidl_generator_py/interbotix_rpi_msgs/_interbotix_rpi_msgs_s.ep.rosidl_typesupport_c.c.o[0m
[6.261s] [ 90%] [32mBuilding C object CMakeFiles/interbotix_rpi_msgs__rosidl_typesupport_fastrtps_c__pyext.dir/rosidl_generator_py/interbotix_rpi_msgs/_interbotix_rpi_msgs_s.ep.rosidl_typesupport_fastrtps_c.c.o[0m
[6.261s] [ 90%] [32mBuilding C object CMakeFiles/interbotix_rpi_msgs__rosidl_typesupport_introspection_c__pyext.dir/rosidl_generator_py/interbotix_rpi_msgs/_interbotix_rpi_msgs_s.ep.rosidl_typesupport_introspection_c.c.o[0m
[6.359s] [100%] [32m[1mLinking C shared library rosidl_generator_py/interbotix_rpi_msgs/interbotix_rpi_msgs_s__rosidl_typesupport_c.cpython-310-x86_64-linux-gnu.so[0m
[6.359s] [100%] [32m[1mLinking C shared library rosidl_generator_py/interbotix_rpi_msgs/interbotix_rpi_msgs_s__rosidl_typesupport_fastrtps_c.cpython-310-x86_64-linux-gnu.so[0m
[6.359s] [100%] [32m[1mLinking C shared library rosidl_generator_py/interbotix_rpi_msgs/interbotix_rpi_msgs_s__rosidl_typesupport_introspection_c.cpython-310-x86_64-linux-gnu.so[0m
[6.408s] [100%] Built target interbotix_rpi_msgs__rosidl_typesupport_c__pyext
[6.409s] [100%] Built target interbotix_rpi_msgs__rosidl_typesupport_introspection_c__pyext
[6.409s] [100%] Built target interbotix_rpi_msgs__rosidl_typesupport_fastrtps_c__pyext
[6.480s] Invoked command in '/home/inouemakoto/interbotix_ws/build/interbotix_rpi_msgs' returned '0': CMAKE_PREFIX_PATH=${CMAKE_PREFIX_PATH}:/home/inouemakoto/interbotix_ws/install/moveit_service:/home/inouemakoto/interbotix_ws/install/makoto:/home/inouemakoto/interbotix_ws/install/interbotix_xs_modules:/home/inouemakoto/interbotix_ws/install/interbotix_common_modules:/home/inouemakoto/ws_moveit2/install/moveit_configs_utils:/home/inouemakoto/ws_moveit2/install/launch_param_builder:/home/inouemakoto/install/moveit_service:/home/inouemakoto/install/interbotix_xs_modules:/home/inouemakoto/install/interbotix_common_modules:/opt/ros/humble /usr/bin/cmake --build /home/inouemakoto/interbotix_ws/build/interbotix_rpi_msgs -- -j20 -l20
[7.068s] Invoking command in '/home/inouemakoto/interbotix_ws/build/interbotix_rpi_msgs': CMAKE_PREFIX_PATH=${CMAKE_PREFIX_PATH}:/home/inouemakoto/interbotix_ws/install/moveit_service:/home/inouemakoto/interbotix_ws/install/makoto:/home/inouemakoto/interbotix_ws/install/interbotix_xs_modules:/home/inouemakoto/interbotix_ws/install/interbotix_common_modules:/home/inouemakoto/ws_moveit2/install/moveit_configs_utils:/home/inouemakoto/ws_moveit2/install/launch_param_builder:/home/inouemakoto/install/moveit_service:/home/inouemakoto/install/interbotix_xs_modules:/home/inouemakoto/install/interbotix_common_modules:/opt/ros/humble /usr/bin/cmake --install /home/inouemakoto/interbotix_ws/build/interbotix_rpi_msgs
[7.078s] -- Install configuration: ""
[7.078s] -- Installing: /home/inouemakoto/interbotix_ws/install/interbotix_rpi_msgs/share/ament_index/resource_index/rosidl_interfaces/interbotix_rpi_msgs
[7.078s] -- Installing: /home/inouemakoto/interbotix_ws/install/interbotix_rpi_msgs/include/interbotix_rpi_msgs/interbotix_rpi_msgs
[7.078s] -- Installing: /home/inouemakoto/interbotix_ws/install/interbotix_rpi_msgs/include/interbotix_rpi_msgs/interbotix_rpi_msgs/msg
[7.078s] -- Installing: /home/inouemakoto/interbotix_ws/install/interbotix_rpi_msgs/include/interbotix_rpi_msgs/interbotix_rpi_msgs/msg/pixel_commands.h
[7.078s] -- Installing: /home/inouemakoto/interbotix_ws/install/interbotix_rpi_msgs/include/interbotix_rpi_msgs/interbotix_rpi_msgs/msg/rosidl_generator_c__visibility_control.h
[7.078s] -- Installing: /home/inouemakoto/interbotix_ws/install/interbotix_rpi_msgs/include/interbotix_rpi_msgs/interbotix_rpi_msgs/msg/detail
[7.078s] -- Installing: /home/inouemakoto/interbotix_ws/install/interbotix_rpi_msgs/include/interbotix_rpi_msgs/interbotix_rpi_msgs/msg/detail/pixel_commands__functions.c
[7.078s] -- Installing: /home/inouemakoto/interbotix_ws/install/interbotix_rpi_msgs/include/interbotix_rpi_msgs/interbotix_rpi_msgs/msg/detail/pixel_commands__struct.h
[7.079s] -- Installing: /home/inouemakoto/interbotix_ws/install/interbotix_rpi_msgs/include/interbotix_rpi_msgs/interbotix_rpi_msgs/msg/detail/pixel_commands__type_support.h
[7.079s] -- Installing: /home/inouemakoto/interbotix_ws/install/interbotix_rpi_msgs/include/interbotix_rpi_msgs/interbotix_rpi_msgs/msg/detail/pixel_commands__functions.h
[7.079s] -- Installing: /home/inouemakoto/interbotix_ws/install/interbotix_rpi_msgs/share/interbotix_rpi_msgs/environment/library_path.sh
[7.079s] -- Installing: /home/inouemakoto/interbotix_ws/install/interbotix_rpi_msgs/share/interbotix_rpi_msgs/environment/library_path.dsv
[7.079s] -- Installing: /home/inouemakoto/interbotix_ws/install/interbotix_rpi_msgs/lib/libinterbotix_rpi_msgs__rosidl_generator_c.so
[7.079s] -- Set runtime path of "/home/inouemakoto/interbotix_ws/install/interbotix_rpi_msgs/lib/libinterbotix_rpi_msgs__rosidl_generator_c.so" to ""
[7.079s] -- Up-to-date: /home/inouemakoto/interbotix_ws/install/interbotix_rpi_msgs/include/interbotix_rpi_msgs/interbotix_rpi_msgs
[7.079s] -- Up-to-date: /home/inouemakoto/interbotix_ws/install/interbotix_rpi_msgs/include/interbotix_rpi_msgs/interbotix_rpi_msgs/msg
[7.079s] -- Up-to-date: /home/inouemakoto/interbotix_ws/install/interbotix_rpi_msgs/include/interbotix_rpi_msgs/interbotix_rpi_msgs/msg/detail
[7.079s] -- Installing: /home/inouemakoto/interbotix_ws/install/interbotix_rpi_msgs/include/interbotix_rpi_msgs/interbotix_rpi_msgs/msg/detail/pixel_commands__rosidl_typesupport_fastrtps_c.h
[7.079s] -- Installing: /home/inouemakoto/interbotix_ws/install/interbotix_rpi_msgs/include/interbotix_rpi_msgs/interbotix_rpi_msgs/msg/rosidl_typesupport_fastrtps_c__visibility_control.h
[7.079s] -- Installing: /home/inouemakoto/interbotix_ws/install/interbotix_rpi_msgs/lib/libinterbotix_rpi_msgs__rosidl_typesupport_fastrtps_c.so
[7.079s] -- Set runtime path of "/home/inouemakoto/interbotix_ws/install/interbotix_rpi_msgs/lib/libinterbotix_rpi_msgs__rosidl_typesupport_fastrtps_c.so" to ""
[7.080s] -- Up-to-date: /home/inouemakoto/interbotix_ws/install/interbotix_rpi_msgs/include/interbotix_rpi_msgs/interbotix_rpi_msgs
[7.080s] -- Up-to-date: /home/inouemakoto/interbotix_ws/install/interbotix_rpi_msgs/include/interbotix_rpi_msgs/interbotix_rpi_msgs/msg
[7.080s] -- Installing: /home/inouemakoto/interbotix_ws/install/interbotix_rpi_msgs/include/interbotix_rpi_msgs/interbotix_rpi_msgs/msg/rosidl_typesupport_introspection_c__visibility_control.h
[7.080s] -- Up-to-date: /home/inouemakoto/interbotix_ws/install/interbotix_rpi_msgs/include/interbotix_rpi_msgs/interbotix_rpi_msgs/msg/detail
[7.080s] -- Installing: /home/inouemakoto/interbotix_ws/install/interbotix_rpi_msgs/include/interbotix_rpi_msgs/interbotix_rpi_msgs/msg/detail/pixel_commands__type_support.c
[7.080s] -- Installing: /home/inouemakoto/interbotix_ws/install/interbotix_rpi_msgs/include/interbotix_rpi_msgs/interbotix_rpi_msgs/msg/detail/pixel_commands__rosidl_typesupport_introspection_c.h
[7.080s] -- Installing: /home/inouemakoto/interbotix_ws/install/interbotix_rpi_msgs/lib/libinterbotix_rpi_msgs__rosidl_typesupport_introspection_c.so
[7.080s] -- Set runtime path of "/home/inouemakoto/interbotix_ws/install/interbotix_rpi_msgs/lib/libinterbotix_rpi_msgs__rosidl_typesupport_introspection_c.so" to ""
[7.080s] -- Installing: /home/inouemakoto/interbotix_ws/install/interbotix_rpi_msgs/lib/libinterbotix_rpi_msgs__rosidl_typesupport_c.so
[7.080s] -- Set runtime path of "/home/inouemakoto/interbotix_ws/install/interbotix_rpi_msgs/lib/libinterbotix_rpi_msgs__rosidl_typesupport_c.so" to ""
[7.080s] -- Up-to-date: /home/inouemakoto/interbotix_ws/install/interbotix_rpi_msgs/include/interbotix_rpi_msgs/interbotix_rpi_msgs
[7.080s] -- Up-to-date: /home/inouemakoto/interbotix_ws/install/interbotix_rpi_msgs/include/interbotix_rpi_msgs/interbotix_rpi_msgs/msg
[7.080s] -- Installing: /home/inouemakoto/interbotix_ws/install/interbotix_rpi_msgs/include/interbotix_rpi_msgs/interbotix_rpi_msgs/msg/pixel_commands.hpp
[7.080s] -- Up-to-date: /home/inouemakoto/interbotix_ws/install/interbotix_rpi_msgs/include/interbotix_rpi_msgs/interbotix_rpi_msgs/msg/detail
[7.081s] -- Installing: /home/inouemakoto/interbotix_ws/install/interbotix_rpi_msgs/include/interbotix_rpi_msgs/interbotix_rpi_msgs/msg/detail/pixel_commands__struct.hpp
[7.081s] -- Installing: /home/inouemakoto/interbotix_ws/install/interbotix_rpi_msgs/include/interbotix_rpi_msgs/interbotix_rpi_msgs/msg/detail/pixel_commands__builder.hpp
[7.081s] -- Installing: /home/inouemakoto/interbotix_ws/install/interbotix_rpi_msgs/include/interbotix_rpi_msgs/interbotix_rpi_msgs/msg/detail/pixel_commands__traits.hpp
[7.081s] -- Up-to-date: /home/inouemakoto/interbotix_ws/install/interbotix_rpi_msgs/include/interbotix_rpi_msgs/interbotix_rpi_msgs
[7.081s] -- Up-to-date: /home/inouemakoto/interbotix_ws/install/interbotix_rpi_msgs/include/interbotix_rpi_msgs/interbotix_rpi_msgs/msg
[7.081s] -- Installing: /home/inouemakoto/interbotix_ws/install/interbotix_rpi_msgs/include/interbotix_rpi_msgs/interbotix_rpi_msgs/msg/rosidl_typesupport_fastrtps_cpp__visibility_control.h
[7.081s] -- Up-to-date: /home/inouemakoto/interbotix_ws/install/interbotix_rpi_msgs/include/interbotix_rpi_msgs/interbotix_rpi_msgs/msg/detail
[7.081s] -- Installing: /home/inouemakoto/interbotix_ws/install/interbotix_rpi_msgs/include/interbotix_rpi_msgs/interbotix_rpi_msgs/msg/detail/dds_fastrtps
[7.081s] -- Installing: /home/inouemakoto/interbotix_ws/install/interbotix_rpi_msgs/include/interbotix_rpi_msgs/interbotix_rpi_msgs/msg/detail/pixel_commands__rosidl_typesupport_fastrtps_cpp.hpp
[7.081s] -- Installing: /home/inouemakoto/interbotix_ws/install/interbotix_rpi_msgs/lib/libinterbotix_rpi_msgs__rosidl_typesupport_fastrtps_cpp.so
[7.081s] -- Set runtime path of "/home/inouemakoto/interbotix_ws/install/interbotix_rpi_msgs/lib/libinterbotix_rpi_msgs__rosidl_typesupport_fastrtps_cpp.so" to ""
[7.081s] -- Up-to-date: /home/inouemakoto/interbotix_ws/install/interbotix_rpi_msgs/include/interbotix_rpi_msgs/interbotix_rpi_msgs
[7.081s] -- Up-to-date: /home/inouemakoto/interbotix_ws/install/interbotix_rpi_msgs/include/interbotix_rpi_msgs/interbotix_rpi_msgs/msg
[7.081s] -- Up-to-date: /home/inouemakoto/interbotix_ws/install/interbotix_rpi_msgs/include/interbotix_rpi_msgs/interbotix_rpi_msgs/msg/detail
[7.082s] -- Installing: /home/inouemakoto/interbotix_ws/install/interbotix_rpi_msgs/include/interbotix_rpi_msgs/interbotix_rpi_msgs/msg/detail/pixel_commands__rosidl_typesupport_introspection_cpp.hpp
[7.082s] -- Installing: /home/inouemakoto/interbotix_ws/install/interbotix_rpi_msgs/include/interbotix_rpi_msgs/interbotix_rpi_msgs/msg/detail/pixel_commands__type_support.cpp
[7.082s] -- Installing: /home/inouemakoto/interbotix_ws/install/interbotix_rpi_msgs/lib/libinterbotix_rpi_msgs__rosidl_typesupport_introspection_cpp.so
[7.082s] -- Set runtime path of "/home/inouemakoto/interbotix_ws/install/interbotix_rpi_msgs/lib/libinterbotix_rpi_msgs__rosidl_typesupport_introspection_cpp.so" to ""
[7.082s] -- Installing: /home/inouemakoto/interbotix_ws/install/interbotix_rpi_msgs/lib/libinterbotix_rpi_msgs__rosidl_typesupport_cpp.so
[7.082s] -- Set runtime path of "/home/inouemakoto/interbotix_ws/install/interbotix_rpi_msgs/lib/libinterbotix_rpi_msgs__rosidl_typesupport_cpp.so" to ""
[7.082s] -- Installing: /home/inouemakoto/interbotix_ws/install/interbotix_rpi_msgs/share/interbotix_rpi_msgs/environment/pythonpath.sh
[7.082s] -- Installing: /home/inouemakoto/interbotix_ws/install/interbotix_rpi_msgs/share/interbotix_rpi_msgs/environment/pythonpath.dsv
[7.082s] -- Installing: /home/inouemakoto/interbotix_ws/install/interbotix_rpi_msgs/local/lib/python3.10/dist-packages/interbotix_rpi_msgs-0.0.0-py3.10.egg-info
[7.082s] -- Installing: /home/inouemakoto/interbotix_ws/install/interbotix_rpi_msgs/local/lib/python3.10/dist-packages/interbotix_rpi_msgs-0.0.0-py3.10.egg-info/top_level.txt
[7.082s] -- Installing: /home/inouemakoto/interbotix_ws/install/interbotix_rpi_msgs/local/lib/python3.10/dist-packages/interbotix_rpi_msgs-0.0.0-py3.10.egg-info/dependency_links.txt
[7.082s] -- Installing: /home/inouemakoto/interbotix_ws/install/interbotix_rpi_msgs/local/lib/python3.10/dist-packages/interbotix_rpi_msgs-0.0.0-py3.10.egg-info/SOURCES.txt
[7.082s] -- Installing: /home/inouemakoto/interbotix_ws/install/interbotix_rpi_msgs/local/lib/python3.10/dist-packages/interbotix_rpi_msgs-0.0.0-py3.10.egg-info/PKG-INFO
[7.083s] -- Installing: /home/inouemakoto/interbotix_ws/install/interbotix_rpi_msgs/local/lib/python3.10/dist-packages/interbotix_rpi_msgs
[7.083s] -- Installing: /home/inouemakoto/interbotix_ws/install/interbotix_rpi_msgs/local/lib/python3.10/dist-packages/interbotix_rpi_msgs/interbotix_rpi_msgs_s__rosidl_typesupport_c.cpython-310-x86_64-linux-gnu.so
[7.083s] -- Installing: /home/inouemakoto/interbotix_ws/install/interbotix_rpi_msgs/local/lib/python3.10/dist-packages/interbotix_rpi_msgs/libinterbotix_rpi_msgs__rosidl_generator_py.so
[7.083s] -- Installing: /home/inouemakoto/interbotix_ws/install/interbotix_rpi_msgs/local/lib/python3.10/dist-packages/interbotix_rpi_msgs/msg
[7.083s] -- Installing: /home/inouemakoto/interbotix_ws/install/interbotix_rpi_msgs/local/lib/python3.10/dist-packages/interbotix_rpi_msgs/msg/_pixel_commands.py
[7.083s] -- Installing: /home/inouemakoto/interbotix_ws/install/interbotix_rpi_msgs/local/lib/python3.10/dist-packages/interbotix_rpi_msgs/msg/__init__.py
[7.083s] -- Installing: /home/inouemakoto/interbotix_ws/install/interbotix_rpi_msgs/local/lib/python3.10/dist-packages/interbotix_rpi_msgs/msg/_pixel_commands_s.c
[7.083s] -- Installing: /home/inouemakoto/interbotix_ws/install/interbotix_rpi_msgs/local/lib/python3.10/dist-packages/interbotix_rpi_msgs/interbotix_rpi_msgs_s__rosidl_typesupport_fastrtps_c.cpython-310-x86_64-linux-gnu.so
[7.083s] -- Installing: /home/inouemakoto/interbotix_ws/install/interbotix_rpi_msgs/local/lib/python3.10/dist-packages/interbotix_rpi_msgs/_interbotix_rpi_msgs_s.ep.rosidl_typesupport_c.c
[7.083s] -- Installing: /home/inouemakoto/interbotix_ws/install/interbotix_rpi_msgs/local/lib/python3.10/dist-packages/interbotix_rpi_msgs/_interbotix_rpi_msgs_s.ep.rosidl_typesupport_fastrtps_c.c
[7.083s] -- Installing: /home/inouemakoto/interbotix_ws/install/interbotix_rpi_msgs/local/lib/python3.10/dist-packages/interbotix_rpi_msgs/_interbotix_rpi_msgs_s.ep.rosidl_typesupport_introspection_c.c
[7.083s] -- Installing: /home/inouemakoto/interbotix_ws/install/interbotix_rpi_msgs/local/lib/python3.10/dist-packages/interbotix_rpi_msgs/__init__.py
[7.083s] -- Installing: /home/inouemakoto/interbotix_ws/install/interbotix_rpi_msgs/local/lib/python3.10/dist-packages/interbotix_rpi_msgs/interbotix_rpi_msgs_s__rosidl_typesupport_introspection_c.cpython-310-x86_64-linux-gnu.so
[7.121s] Listing '/home/inouemakoto/interbotix_ws/install/interbotix_rpi_msgs/local/lib/python3.10/dist-packages/interbotix_rpi_msgs'...
[7.121s] Compiling '/home/inouemakoto/interbotix_ws/install/interbotix_rpi_msgs/local/lib/python3.10/dist-packages/interbotix_rpi_msgs/__init__.py'...
[7.121s] Listing '/home/inouemakoto/interbotix_ws/install/interbotix_rpi_msgs/local/lib/python3.10/dist-packages/interbotix_rpi_msgs/msg'...
[7.121s] Compiling '/home/inouemakoto/interbotix_ws/install/interbotix_rpi_msgs/local/lib/python3.10/dist-packages/interbotix_rpi_msgs/msg/__init__.py'...
[7.121s] Compiling '/home/inouemakoto/interbotix_ws/install/interbotix_rpi_msgs/local/lib/python3.10/dist-packages/interbotix_rpi_msgs/msg/_pixel_commands.py'...
[7.125s] -- Installing: /home/inouemakoto/interbotix_ws/install/interbotix_rpi_msgs/local/lib/python3.10/dist-packages/interbotix_rpi_msgs/interbotix_rpi_msgs_s__rosidl_typesupport_fastrtps_c.cpython-310-x86_64-linux-gnu.so
[7.125s] -- Set runtime path of "/home/inouemakoto/interbotix_ws/install/interbotix_rpi_msgs/local/lib/python3.10/dist-packages/interbotix_rpi_msgs/interbotix_rpi_msgs_s__rosidl_typesupport_fastrtps_c.cpython-310-x86_64-linux-gnu.so" to ""
[7.125s] -- Installing: /home/inouemakoto/interbotix_ws/install/interbotix_rpi_msgs/local/lib/python3.10/dist-packages/interbotix_rpi_msgs/interbotix_rpi_msgs_s__rosidl_typesupport_introspection_c.cpython-310-x86_64-linux-gnu.so
[7.125s] -- Set runtime path of "/home/inouemakoto/interbotix_ws/install/interbotix_rpi_msgs/local/lib/python3.10/dist-packages/interbotix_rpi_msgs/interbotix_rpi_msgs_s__rosidl_typesupport_introspection_c.cpython-310-x86_64-linux-gnu.so" to ""
[7.125s] -- Installing: /home/inouemakoto/interbotix_ws/install/interbotix_rpi_msgs/local/lib/python3.10/dist-packages/interbotix_rpi_msgs/interbotix_rpi_msgs_s__rosidl_typesupport_c.cpython-310-x86_64-linux-gnu.so
[7.126s] -- Set runtime path of "/home/inouemakoto/interbotix_ws/install/interbotix_rpi_msgs/local/lib/python3.10/dist-packages/interbotix_rpi_msgs/interbotix_rpi_msgs_s__rosidl_typesupport_c.cpython-310-x86_64-linux-gnu.so" to ""
[7.126s] -- Installing: /home/inouemakoto/interbotix_ws/install/interbotix_rpi_msgs/lib/libinterbotix_rpi_msgs__rosidl_generator_py.so
[7.126s] -- Set runtime path of "/home/inouemakoto/interbotix_ws/install/interbotix_rpi_msgs/lib/libinterbotix_rpi_msgs__rosidl_generator_py.so" to ""
[7.126s] -- Installing: /home/inouemakoto/interbotix_ws/install/interbotix_rpi_msgs/share/interbotix_rpi_msgs/msg/PixelCommands.idl
[7.126s] -- Installing: /home/inouemakoto/interbotix_ws/install/interbotix_rpi_msgs/share/interbotix_rpi_msgs/msg/PixelCommands.msg
[7.126s] -- Installing: /home/inouemakoto/interbotix_ws/install/interbotix_rpi_msgs/share/ament_index/resource_index/package_run_dependencies/interbotix_rpi_msgs
[7.126s] -- Installing: /home/inouemakoto/interbotix_ws/install/interbotix_rpi_msgs/share/ament_index/resource_index/parent_prefix_path/interbotix_rpi_msgs
[7.127s] -- Installing: /home/inouemakoto/interbotix_ws/install/interbotix_rpi_msgs/share/interbotix_rpi_msgs/environment/ament_prefix_path.sh
[7.127s] -- Installing: /home/inouemakoto/interbotix_ws/install/interbotix_rpi_msgs/share/interbotix_rpi_msgs/environment/ament_prefix_path.dsv
[7.127s] -- Installing: /home/inouemakoto/interbotix_ws/install/interbotix_rpi_msgs/share/interbotix_rpi_msgs/environment/path.sh
[7.127s] -- Installing: /home/inouemakoto/interbotix_ws/install/interbotix_rpi_msgs/share/interbotix_rpi_msgs/environment/path.dsv
[7.127s] -- Installing: /home/inouemakoto/interbotix_ws/install/interbotix_rpi_msgs/share/interbotix_rpi_msgs/local_setup.bash
[7.127s] -- Installing: /home/inouemakoto/interbotix_ws/install/interbotix_rpi_msgs/share/interbotix_rpi_msgs/local_setup.sh
[7.127s] -- Installing: /home/inouemakoto/interbotix_ws/install/interbotix_rpi_msgs/share/interbotix_rpi_msgs/local_setup.zsh
[7.127s] -- Installing: /home/inouemakoto/interbotix_ws/install/interbotix_rpi_msgs/share/interbotix_rpi_msgs/local_setup.dsv
[7.127s] -- Installing: /home/inouemakoto/interbotix_ws/install/interbotix_rpi_msgs/share/interbotix_rpi_msgs/package.dsv
[7.127s] -- Installing: /home/inouemakoto/interbotix_ws/install/interbotix_rpi_msgs/share/ament_index/resource_index/packages/interbotix_rpi_msgs
[7.128s] -- Installing: /home/inouemakoto/interbotix_ws/install/interbotix_rpi_msgs/share/interbotix_rpi_msgs/cmake/export_interbotix_rpi_msgs__rosidl_generator_cExport.cmake
[7.128s] -- Installing: /home/inouemakoto/interbotix_ws/install/interbotix_rpi_msgs/share/interbotix_rpi_msgs/cmake/export_interbotix_rpi_msgs__rosidl_generator_cExport-noconfig.cmake
[7.128s] -- Installing: /home/inouemakoto/interbotix_ws/install/interbotix_rpi_msgs/share/interbotix_rpi_msgs/cmake/export_interbotix_rpi_msgs__rosidl_typesupport_fastrtps_cExport.cmake
[7.128s] -- Installing: /home/inouemakoto/interbotix_ws/install/interbotix_rpi_msgs/share/interbotix_rpi_msgs/cmake/export_interbotix_rpi_msgs__rosidl_typesupport_fastrtps_cExport-noconfig.cmake
[7.128s] -- Installing: /home/inouemakoto/interbotix_ws/install/interbotix_rpi_msgs/share/interbotix_rpi_msgs/cmake/interbotix_rpi_msgs__rosidl_typesupport_introspection_cExport.cmake
[7.128s] -- Installing: /home/inouemakoto/interbotix_ws/install/interbotix_rpi_msgs/share/interbotix_rpi_msgs/cmake/interbotix_rpi_msgs__rosidl_typesupport_introspection_cExport-noconfig.cmake
[7.128s] -- Installing: /home/inouemakoto/interbotix_ws/install/interbotix_rpi_msgs/share/interbotix_rpi_msgs/cmake/interbotix_rpi_msgs__rosidl_typesupport_cExport.cmake
[7.128s] -- Installing: /home/inouemakoto/interbotix_ws/install/interbotix_rpi_msgs/share/interbotix_rpi_msgs/cmake/interbotix_rpi_msgs__rosidl_typesupport_cExport-noconfig.cmake
[7.128s] -- Installing: /home/inouemakoto/interbotix_ws/install/interbotix_rpi_msgs/share/interbotix_rpi_msgs/cmake/export_interbotix_rpi_msgs__rosidl_generator_cppExport.cmake
[7.128s] -- Installing: /home/inouemakoto/interbotix_ws/install/interbotix_rpi_msgs/share/interbotix_rpi_msgs/cmake/export_interbotix_rpi_msgs__rosidl_typesupport_fastrtps_cppExport.cmake
[7.128s] -- Installing: /home/inouemakoto/interbotix_ws/install/interbotix_rpi_msgs/share/interbotix_rpi_msgs/cmake/export_interbotix_rpi_msgs__rosidl_typesupport_fastrtps_cppExport-noconfig.cmake
[7.129s] -- Installing: /home/inouemakoto/interbotix_ws/install/interbotix_rpi_msgs/share/interbotix_rpi_msgs/cmake/interbotix_rpi_msgs__rosidl_typesupport_introspection_cppExport.cmake
[7.129s] -- Installing: /home/inouemakoto/interbotix_ws/install/interbotix_rpi_msgs/share/interbotix_rpi_msgs/cmake/interbotix_rpi_msgs__rosidl_typesupport_introspection_cppExport-noconfig.cmake
[7.129s] -- Installing: /home/inouemakoto/interbotix_ws/install/interbotix_rpi_msgs/share/interbotix_rpi_msgs/cmake/interbotix_rpi_msgs__rosidl_typesupport_cppExport.cmake
[7.129s] -- Installing: /home/inouemakoto/interbotix_ws/install/interbotix_rpi_msgs/share/interbotix_rpi_msgs/cmake/interbotix_rpi_msgs__rosidl_typesupport_cppExport-noconfig.cmake
[7.129s] -- Installing: /home/inouemakoto/interbotix_ws/install/interbotix_rpi_msgs/share/interbotix_rpi_msgs/cmake/export_interbotix_rpi_msgs__rosidl_generator_pyExport.cmake
[7.129s] -- Installing: /home/inouemakoto/interbotix_ws/install/interbotix_rpi_msgs/share/interbotix_rpi_msgs/cmake/export_interbotix_rpi_msgs__rosidl_generator_pyExport-noconfig.cmake
[7.129s] -- Installing: /home/inouemakoto/interbotix_ws/install/interbotix_rpi_msgs/share/interbotix_rpi_msgs/cmake/rosidl_cmake-extras.cmake
[7.129s] -- Installing: /home/inouemakoto/interbotix_ws/install/interbotix_rpi_msgs/share/interbotix_rpi_msgs/cmake/ament_cmake_export_dependencies-extras.cmake
[7.129s] -- Installing: /home/inouemakoto/interbotix_ws/install/interbotix_rpi_msgs/share/interbotix_rpi_msgs/cmake/ament_cmake_export_include_directories-extras.cmake
[7.129s] -- Installing: /home/inouemakoto/interbotix_ws/install/interbotix_rpi_msgs/share/interbotix_rpi_msgs/cmake/ament_cmake_export_libraries-extras.cmake
[7.130s] -- Installing: /home/inouemakoto/interbotix_ws/install/interbotix_rpi_msgs/share/interbotix_rpi_msgs/cmake/ament_cmake_export_targets-extras.cmake
[7.130s] -- Installing: /home/inouemakoto/interbotix_ws/install/interbotix_rpi_msgs/share/interbotix_rpi_msgs/cmake/rosidl_cmake_export_typesupport_targets-extras.cmake
[7.130s] -- Installing: /home/inouemakoto/interbotix_ws/install/interbotix_rpi_msgs/share/interbotix_rpi_msgs/cmake/rosidl_cmake_export_typesupport_libraries-extras.cmake
[7.130s] -- Installing: /home/inouemakoto/interbotix_ws/install/interbotix_rpi_msgs/share/interbotix_rpi_msgs/cmake/interbotix_rpi_msgsConfig.cmake
[7.130s] -- Installing: /home/inouemakoto/interbotix_ws/install/interbotix_rpi_msgs/share/interbotix_rpi_msgs/cmake/interbotix_rpi_msgsConfig-version.cmake
[7.130s] -- Installing: /home/inouemakoto/interbotix_ws/install/interbotix_rpi_msgs/share/interbotix_rpi_msgs/package.xml
