[1.327s] Invoking command in '/home/inouemakoto/interbotix_ws/build/openvino_param_lib': CMAKE_PREFIX_PATH=${CMAKE_PREFIX_PATH}:/home/inouemakoto/interbotix_ws/install/yolov5_ros2:/home/inouemakoto/interbotix_ws/install/interbotix_landmark_modules:/home/inouemakoto/interbotix_ws/install/interbotix_perception_modules:/home/inouemakoto/interbotix_ws/install/pick_vision:/home/inouemakoto/interbotix_ws/install/moveit_service:/home/inouemakoto/interbotix_ws/install/opencv_tests:/home/inouemakoto/interbotix_ws/install/opencv_ros2:/home/inouemakoto/interbotix_ws/install/makoto:/home/inouemakoto/interbotix_ws/install/interbotix_xs_modules:/home/inouemakoto/interbotix_ws/install/interbotix_rpi_modules:/home/inouemakoto/interbotix_ws/install/interbotix_common_modules:/home/inouemakoto/interbotix_ws/install/camera:/home/inouemakoto/ws_moveit2/install/moveit_configs_utils:/home/inouemakoto/ws_moveit2/install/launch_param_builder:/home/inouemakoto/install/moveit_service:/home/inouemakoto/install/interbotix_xs_modules:/home/inouemakoto/install/interbotix_moveit_interface_msgs:/home/inouemakoto/install/interbotix_common_modules:/opt/ros/humble /usr/bin/cmake --build /home/inouemakoto/interbotix_ws/build/openvino_param_lib -- -j20 -l20
[1.943s] [100%] Built target openvino_param_lib
[1.956s] Invoked command in '/home/inouemakoto/interbotix_ws/build/openvino_param_lib' returned '0': CMAKE_PREFIX_PATH=${CMAKE_PREFIX_PATH}:/home/inouemakoto/interbotix_ws/install/yolov5_ros2:/home/inouemakoto/interbotix_ws/install/interbotix_landmark_modules:/home/inouemakoto/interbotix_ws/install/interbotix_perception_modules:/home/inouemakoto/interbotix_ws/install/pick_vision:/home/inouemakoto/interbotix_ws/install/moveit_service:/home/inouemakoto/interbotix_ws/install/opencv_tests:/home/inouemakoto/interbotix_ws/install/opencv_ros2:/home/inouemakoto/interbotix_ws/install/makoto:/home/inouemakoto/interbotix_ws/install/interbotix_xs_modules:/home/inouemakoto/interbotix_ws/install/interbotix_rpi_modules:/home/inouemakoto/interbotix_ws/install/interbotix_common_modules:/home/inouemakoto/interbotix_ws/install/camera:/home/inouemakoto/ws_moveit2/install/moveit_configs_utils:/home/inouemakoto/ws_moveit2/install/launch_param_builder:/home/inouemakoto/install/moveit_service:/home/inouemakoto/install/interbotix_xs_modules:/home/inouemakoto/install/interbotix_moveit_interface_msgs:/home/inouemakoto/install/interbotix_common_modules:/opt/ros/humble /usr/bin/cmake --build /home/inouemakoto/interbotix_ws/build/openvino_param_lib -- -j20 -l20
[2.029s] Invoking command in '/home/inouemakoto/interbotix_ws/build/openvino_param_lib': CMAKE_PREFIX_PATH=${CMAKE_PREFIX_PATH}:/home/inouemakoto/interbotix_ws/install/yolov5_ros2:/home/inouemakoto/interbotix_ws/install/interbotix_landmark_modules:/home/inouemakoto/interbotix_ws/install/interbotix_perception_modules:/home/inouemakoto/interbotix_ws/install/pick_vision:/home/inouemakoto/interbotix_ws/install/moveit_service:/home/inouemakoto/interbotix_ws/install/opencv_tests:/home/inouemakoto/interbotix_ws/install/opencv_ros2:/home/inouemakoto/interbotix_ws/install/makoto:/home/inouemakoto/interbotix_ws/install/interbotix_xs_modules:/home/inouemakoto/interbotix_ws/install/interbotix_rpi_modules:/home/inouemakoto/interbotix_ws/install/interbotix_common_modules:/home/inouemakoto/interbotix_ws/install/camera:/home/inouemakoto/ws_moveit2/install/moveit_configs_utils:/home/inouemakoto/ws_moveit2/install/launch_param_builder:/home/inouemakoto/install/moveit_service:/home/inouemakoto/install/interbotix_xs_modules:/home/inouemakoto/install/interbotix_moveit_interface_msgs:/home/inouemakoto/install/interbotix_common_modules:/opt/ros/humble /usr/bin/cmake --install /home/inouemakoto/interbotix_ws/build/openvino_param_lib
[2.048s] -- Install configuration: ""
[2.049s] -- Execute custom install script
[2.050s] -- Up-to-date symlink: /home/inouemakoto/interbotix_ws/install/openvino_param_lib/lib/libopenvino_param_lib.so
[2.051s] -- Up-to-date symlink: /home/inouemakoto/interbotix_ws/install/openvino_param_lib/include/openvino_param_lib/param_manager.hpp
[2.051s] -- Up-to-date symlink: /home/inouemakoto/interbotix_ws/install/openvino_param_lib/include/openvino_param_lib/slog.hpp
[2.052s] -- Up-to-date symlink: /home/inouemakoto/interbotix_ws/install/openvino_param_lib/share/openvino_param_lib/environment/library_path.sh
[2.052s] -- Up-to-date symlink: /home/inouemakoto/interbotix_ws/install/openvino_param_lib/share/openvino_param_lib/environment/library_path.dsv
[2.053s] -- Up-to-date symlink: /home/inouemakoto/interbotix_ws/install/openvino_param_lib/share/ament_index/resource_index/package_run_dependencies/openvino_param_lib
[2.053s] -- Up-to-date symlink: /home/inouemakoto/interbotix_ws/install/openvino_param_lib/share/ament_index/resource_index/parent_prefix_path/openvino_param_lib
[2.053s] -- Up-to-date symlink: /home/inouemakoto/interbotix_ws/install/openvino_param_lib/share/openvino_param_lib/environment/ament_prefix_path.sh
[2.054s] -- Up-to-date symlink: /home/inouemakoto/interbotix_ws/install/openvino_param_lib/share/openvino_param_lib/environment/ament_prefix_path.dsv
[2.055s] -- Up-to-date symlink: /home/inouemakoto/interbotix_ws/install/openvino_param_lib/share/openvino_param_lib/environment/path.sh
[2.055s] -- Up-to-date symlink: /home/inouemakoto/interbotix_ws/install/openvino_param_lib/share/openvino_param_lib/environment/path.dsv
[2.056s] -- Up-to-date symlink: /home/inouemakoto/interbotix_ws/install/openvino_param_lib/share/openvino_param_lib/local_setup.bash
[2.056s] -- Up-to-date symlink: /home/inouemakoto/interbotix_ws/install/openvino_param_lib/share/openvino_param_lib/local_setup.sh
[2.056s] -- Up-to-date symlink: /home/inouemakoto/interbotix_ws/install/openvino_param_lib/share/openvino_param_lib/local_setup.zsh
[2.057s] -- Up-to-date symlink: /home/inouemakoto/interbotix_ws/install/openvino_param_lib/share/openvino_param_lib/local_setup.dsv
[2.057s] -- Symlinking: /home/inouemakoto/interbotix_ws/install/openvino_param_lib/share/openvino_param_lib/package.dsv
[2.080s] -- Up-to-date symlink: /home/inouemakoto/interbotix_ws/install/openvino_param_lib/share/ament_index/resource_index/packages/openvino_param_lib
[2.083s] -- Up-to-date symlink: /home/inouemakoto/interbotix_ws/install/openvino_param_lib/share/openvino_param_lib/cmake/ament_cmake_export_include_directories-extras.cmake
[2.084s] -- Up-to-date symlink: /home/inouemakoto/interbotix_ws/install/openvino_param_lib/share/openvino_param_lib/cmake/ament_cmake_export_libraries-extras.cmake
[2.084s] -- Up-to-date symlink: /home/inouemakoto/interbotix_ws/install/openvino_param_lib/share/openvino_param_lib/cmake/openvino_param_libConfig.cmake
[2.086s] -- Up-to-date symlink: /home/inouemakoto/interbotix_ws/install/openvino_param_lib/share/openvino_param_lib/cmake/openvino_param_libConfig-version.cmake
[2.086s] -- Up-to-date symlink: /home/inouemakoto/interbotix_ws/install/openvino_param_lib/share/openvino_param_lib/package.xml
