[0.027s] Invoking command in '/home/inouemakoto/interbotix_ws/build/hello_moveit2': CMAKE_PREFIX_PATH=/home/inouemakoto/interbotix_ws/install/moveit_visual_tools:/home/inouemakoto/interbotix_ws/install/rviz_visual_tools:/home/inouemakoto/interbotix_ws/install/graph_msgs:/home/inouemakoto/interbotix_ws/install/vx300s_run_move_group:/home/inouemakoto/interbotix_ws/install/vx300s_moveit_config:/home/inouemakoto/interbotix_ws/install/interbotix_ros_xsarms_examples:/home/inouemakoto/interbotix_ws/install/interbotix_xsarm_moveit_interface:/home/inouemakoto/interbotix_ws/install/interbotix_moveit_interface:/home/inouemakoto/interbotix_ws/install/moveit_interbotix_test1:/home/inouemakoto/interbotix_ws/install/moveit_interbotix_test:/home/inouemakoto/interbotix_ws/install/interbotix_ros_xsarms:/home/inouemakoto/interbotix_ws/install/interbotix_xsarm_moveit:/home/inouemakoto/interbotix_ws/install/interbotix_xsarm_sim:/home/inouemakoto/interbotix_ws/install/interbotix_xsarm_ros_control:/home/inouemakoto/interbotix_ws/install/interbotix_xsarm_joy:/home/inouemakoto/interbotix_ws/install/interbotix_xsarm_control:/home/inouemakoto/interbotix_ws/install/interbotix_xsarm_descriptions:/home/inouemakoto/interbotix_ws/install/interbotix_xs_toolbox:/home/inouemakoto/interbotix_ws/install/interbotix_xs_rviz:/home/inouemakoto/interbotix_ws/install/interbotix_ros_xseries:/home/inouemakoto/interbotix_ws/install/interbotix_xs_sdk:/home/inouemakoto/interbotix_ws/install/interbotix_xs_ros_control:/home/inouemakoto/interbotix_ws/install/interbotix_xs_msgs:/home/inouemakoto/interbotix_ws/install/interbotix_xs_driver:/home/inouemakoto/interbotix_ws/install/interbotix_tf_tools:/home/inouemakoto/interbotix_ws/install/interbotix_moveit_interface_msgs:/home/inouemakoto/interbotix_ws/install/interbotix_common_toolbox:/home/inouemakoto/interbotix_ws/install/interbotix_common_sim:/home/inouemakoto/interbotix_ws/install/hello_moveit2_interbotix:/home/inouemakoto/interbotix_ws/install/hello_moveit2:/home/inouemakoto/interbotix_ws/install/hello_moveit:/home/inouemakoto/interbotix_ws/install/dynamixel_workbench_toolbox:/home/inouemakoto/ws_moveit2/install/pilz_industrial_motion_planner_testutils:/home/inouemakoto/ws_moveit2/install/moveit_runtime:/home/inouemakoto/ws_moveit2/install/moveit2_tutorials:/home/inouemakoto/ws_moveit2/install/moveit:/home/inouemakoto/ws_moveit2/install/moveit_planners:/home/inouemakoto/ws_moveit2/install/pilz_industrial_motion_planner:/home/inouemakoto/ws_moveit2/install/hello_moveit:/home/inouemakoto/ws_moveit2/install/moveit_visual_tools:/home/inouemakoto/ws_moveit2/install/moveit_ros_control_interface:/home/inouemakoto/ws_moveit2/install/moveit_plugins:/home/inouemakoto/ws_moveit2/install/moveit_simple_controller_manager:/home/inouemakoto/ws_moveit2/install/moveit_setup_assistant:/home/inouemakoto/ws_moveit2/install/moveit_setup_srdf_plugins:/home/inouemakoto/ws_moveit2/install/moveit_setup_core_plugins:/home/inouemakoto/ws_moveit2/install/moveit_setup_controllers:/home/inouemakoto/ws_moveit2/install/moveit_setup_app_plugins:/home/inouemakoto/ws_moveit2/install/moveit_setup_framework:/home/inouemakoto/ws_moveit2/install/moveit_servo:/home/inouemakoto/ws_moveit2/install/moveit_ros:/home/inouemakoto/ws_moveit2/install/moveit_ros_visualization:/home/inouemakoto/ws_moveit2/install/moveit_hybrid_planning:/home/inouemakoto/ws_moveit2/install/moveit_ros_planning_interface:/home/inouemakoto/ws_moveit2/install/moveit_ros_benchmarks:/home/inouemakoto/ws_moveit2/install/moveit_ros_warehouse:/home/inouemakoto/ws_moveit2/install/moveit_ros_robot_interaction:/home/inouemakoto/ws_moveit2/install/moveit_ros_perception:/home/inouemakoto/ws_moveit2/install/moveit_resources_prbt_pg70_support:/home/inouemakoto/ws_moveit2/install/moveit_resources_prbt_moveit_config:/home/inouemakoto/ws_moveit2/install/moveit_ros_move_group:/home/inouemakoto/ws_moveit2/install/moveit_planners_ompl:/home/inouemakoto/ws_moveit2/install/moveit_ros_planning:/home/inouemakoto/ws_moveit2/install/moveit_ros_occupancy_map_monitor:/home/inouemakoto/ws_moveit2/install/moveit_resources_prbt_ikfast_manipulator_plugin:/home/inouemakoto/ws_moveit2/install/moveit_planners_chomp:/home/inouemakoto/ws_moveit2/install/moveit_kinematics:/home/inouemakoto/ws_moveit2/install/moveit_chomp_optimizer_adapter:/home/inouemakoto/ws_moveit2/install/chomp_motion_planner:/home/inouemakoto/ws_moveit2/install/moveit_core:/home/inouemakoto/ws_moveit2/install/srdfdom:/home/inouemakoto/ws_moveit2/install/rviz_marker_tools:/home/inouemakoto/ws_moveit2/install/rosparam_shortcuts:/home/inouemakoto/ws_moveit2/install/moveit_task_constructor_msgs:/home/inouemakoto/ws_moveit2/install/moveit_resources_prbt_support:/home/inouemakoto/ws_moveit2/install/moveit_resources:/home/inouemakoto/ws_moveit2/install/moveit_resources_pr2_description:/home/inouemakoto/ws_moveit2/install/moveit_resources_panda_moveit_config:/home/inouemakoto/ws_moveit2/install/moveit_resources_panda_description:/home/inouemakoto/ws_moveit2/install/moveit_resources_fanuc_moveit_config:/home/inouemakoto/ws_moveit2/install/moveit_resources_fanuc_description:/home/inouemakoto/ws_moveit2/install/moveit_common:/home/inouemakoto/robotis_ws/install/dynamixel_sdk_examples:/home/inouemakoto/robotis_ws/install/dynamixel_sdk_custom_interfaces:/home/inouemakoto/robotis_ws/install/dynamixel_sdk:/home/inouemakoto/interbotix_ws/install/interbotix_xs_modules:/home/inouemakoto/interbotix_ws/install/interbotix_common_modules:/home/inouemakoto/ws_moveit2/install/moveit_configs_utils:/home/inouemakoto/ws_moveit2/install/launch_param_builder:/opt/ros/humble LD_LIBRARY_PATH=/home/inouemakoto/interbotix_ws/install/moveit_visual_tools/lib:/home/inouemakoto/interbotix_ws/install/rviz_visual_tools/lib:/home/inouemakoto/interbotix_ws/install/graph_msgs/lib:/home/inouemakoto/interbotix_ws/install/interbotix_xs_rviz/lib:/home/inouemakoto/interbotix_ws/install/interbotix_xs_ros_control/lib:/home/inouemakoto/interbotix_ws/install/interbotix_xs_msgs/lib:/home/inouemakoto/interbotix_ws/install/interbotix_xs_driver/lib:/home/inouemakoto/interbotix_ws/install/interbotix_tf_tools/lib:/home/inouemakoto/interbotix_ws/install/interbotix_moveit_interface_msgs/lib:/home/inouemakoto/interbotix_ws/install/dynamixel_workbench_toolbox/lib:/home/inouemakoto/ws_moveit2/install/pilz_industrial_motion_planner_testutils/lib:/home/inouemakoto/ws_moveit2/install/pilz_industrial_motion_planner/lib:/home/inouemakoto/ws_moveit2/install/moveit_visual_tools/lib:/home/inouemakoto/ws_moveit2/install/moveit_ros_control_interface/lib:/home/inouemakoto/ws_moveit2/install/moveit_simple_controller_manager/lib:/home/inouemakoto/ws_moveit2/install/moveit_setup_assistant/lib:/home/inouemakoto/ws_moveit2/install/moveit_setup_srdf_plugins/lib:/home/inouemakoto/ws_moveit2/install/moveit_setup_core_plugins/lib:/home/inouemakoto/ws_moveit2/install/moveit_setup_controllers/lib:/home/inouemakoto/ws_moveit2/install/moveit_setup_app_plugins/lib:/home/inouemakoto/ws_moveit2/install/moveit_setup_framework/lib:/home/inouemakoto/ws_moveit2/install/moveit_servo/lib:/home/inouemakoto/ws_moveit2/install/moveit_ros_visualization/lib:/home/inouemakoto/ws_moveit2/install/moveit_hybrid_planning/lib:/home/inouemakoto/ws_moveit2/install/moveit_ros_planning_interface/lib:/home/inouemakoto/ws_moveit2/install/moveit_ros_benchmarks/lib:/home/inouemakoto/ws_moveit2/install/moveit_ros_warehouse/lib:/home/inouemakoto/ws_moveit2/install/moveit_ros_robot_interaction/lib:/home/inouemakoto/ws_moveit2/install/moveit_ros_perception/lib:/home/inouemakoto/ws_moveit2/install/moveit_ros_move_group/lib:/home/inouemakoto/ws_moveit2/install/moveit_planners_ompl/lib:/home/inouemakoto/ws_moveit2/install/moveit_ros_planning/lib:/home/inouemakoto/ws_moveit2/install/moveit_ros_occupancy_map_monitor/lib:/home/inouemakoto/ws_moveit2/install/moveit_resources_prbt_ikfast_manipulator_plugin/lib:/home/inouemakoto/ws_moveit2/install/moveit_planners_chomp/lib:/home/inouemakoto/ws_moveit2/install/moveit_kinematics/lib:/home/inouemakoto/ws_moveit2/install/moveit_chomp_optimizer_adapter/lib:/home/inouemakoto/ws_moveit2/install/chomp_motion_planner/lib:/home/inouemakoto/ws_moveit2/install/moveit_core/lib:/home/inouemakoto/ws_moveit2/install/srdfdom/lib:/home/inouemakoto/ws_moveit2/install/rviz_marker_tools/lib:/home/inouemakoto/ws_moveit2/install/rosparam_shortcuts/lib:/home/inouemakoto/ws_moveit2/install/moveit_task_constructor_msgs/lib:/home/inouemakoto/robotis_ws/install/dynamixel_sdk_custom_interfaces/lib:/home/inouemakoto/robotis_ws/install/dynamixel_sdk/lib:/usr/lib/x86_64-linux-gnu/gazebo-11/plugins:/opt/ros/humble/opt/rviz_ogre_vendor/lib:/opt/ros/humble/lib/x86_64-linux-gnu:/opt/ros/humble/lib:/usr/lib/x86_64-linux-gnu/gazebo-11/plugins /usr/bin/cmake --build /home/inouemakoto/interbotix_ws/build/hello_moveit2 -- -j20 -l20
[0.052s] -- Found ament_cmake: 1.3.4 (/opt/ros/humble/share/ament_cmake/cmake)
[0.169s] -- Found moveit_msgs: 2.2.1 (/opt/ros/humble/share/moveit_msgs/cmake)
[0.193s] -- Found rosidl_generator_c: 3.1.4 (/opt/ros/humble/share/rosidl_generator_c/cmake)
[0.195s] -- Found rosidl_adapter: 3.1.4 (/opt/ros/humble/share/rosidl_adapter/cmake)
[0.200s] -- Found rosidl_generator_cpp: 3.1.4 (/opt/ros/humble/share/rosidl_generator_cpp/cmake)
[0.212s] -- Using all available rosidl_typesupport_c: rosidl_typesupport_fastrtps_c;rosidl_typesupport_introspection_c
[0.227s] -- Using all available rosidl_typesupport_cpp: rosidl_typesupport_fastrtps_cpp;rosidl_typesupport_introspection_cpp
[0.946s] -- Found moveit_ros_planning_interface: 2.5.4 (/home/inouemakoto/ws_moveit2/install/moveit_ros_planning_interface/share/moveit_ros_planning_interface/cmake)
[0.954s] -- Found Boost: /usr/lib/x86_64-linux-gnu/cmake/Boost-1.74.0/BoostConfig.cmake (found version "1.74.0") found components: date_time filesystem program_options system thread 
[0.974s] -- Found Boost: /usr/lib/x86_64-linux-gnu/cmake/Boost-1.74.0/BoostConfig.cmake (found version "1.74.0") found components: chrono date_time filesystem iostreams program_options regex serialization system thread 
[0.980s] -- Found parameter_traits: 0.3.3 (/opt/ros/humble/share/parameter_traits/cmake)
[1.022s] -- Found rmw_implementation_cmake: 6.1.1 (/opt/ros/humble/share/rmw_implementation_cmake/cmake)
[1.026s] -- Found rmw_fastrtps_cpp: 6.2.2 (/opt/ros/humble/share/rmw_fastrtps_cpp/cmake)
[1.143s] -- Using RMW implementation 'rmw_fastrtps_cpp' as default
[1.268s] -- Found rclcpp_lifecycle: 16.0.4 (/opt/ros/humble/share/rclcpp_lifecycle/cmake)
[1.304s] -- Found Boost: /usr/lib/x86_64-linux-gnu/cmake/Boost-1.74.0/BoostConfig.cmake (found version "1.74.0") found components: filesystem 
[1.341s] -- library: /usr/lib/x86_64-linux-gnu/libcurl.so
[1.478s] -- Ensuring Eigen3 include directory is part of orocos-kdl CMake target
[1.955s] -- Found Boost: /usr/lib/x86_64-linux-gnu/cmake/Boost-1.74.0/BoostConfig.cmake (found version "1.74.0") found components: system filesystem date_time program_options thread chrono 
[2.483s] -- Found Boost: /usr/lib/x86_64-linux-gnu/cmake/Boost-1.74.0/BoostConfig.cmake (found version "1.74.0") found components: thread system filesystem regex date_time program_options 
[2.722s] -- Found Boost: /usr/lib/x86_64-linux-gnu/cmake/Boost-1.74.0/BoostConfig.cmake (found version "1.74.0") found components: system filesystem date_time program_options thread 
[3.149s] -- Found moveit_visual_tools: 4.1.0 (/home/inouemakoto/interbotix_ws/install/moveit_visual_tools/share/moveit_visual_tools/cmake)
[3.509s] -- Setting OGRE_DIR to: '/opt/ros/humble/share/rviz_ogre_vendor/cmake/../../../opt/rviz_ogre_vendor/lib/OGRE/cmake'
[3.510s] -- Found OGRE
[3.510s] --   static     : OFF
[3.510s] --   components : HLMS;MeshLodGenerator;Overlay;Paging;Property;RTShaderSystem;Terrain;Volume
[3.510s] --   plugins    : Plugin_BSPSceneManager;Plugin_OctreeSceneManager;Plugin_PCZSceneManager;Plugin_ParticleFX;RenderSystem_GL;RenderSystem_GL3Plus;Codec_STBI
[3.510s] --   media      : /opt/ros/humble/opt/rviz_ogre_vendor/share/OGRE/Media
[3.510s] -- OGRE_LIBRARIES: OgreHLMS;OgreMeshLodGenerator;OgreOverlay;OgrePaging;OgreProperty;OgreRTShaderSystem;OgreTerrain;OgreVolume;OgreMain
[3.510s] -- OGRE_LIBRARY_DIRS: /opt/ros/humble/opt/rviz_ogre_vendor/lib
[3.510s] -- OGRE_PLUGINS: Plugin_BSPSceneManager;Plugin_OctreeSceneManager;Plugin_PCZSceneManager;Plugin_ParticleFX;RenderSystem_GL;RenderSystem_GL3Plus;Codec_STBI
[3.510s] -- OGRE_PLUGIN_DIR: /opt/ros/humble/opt/rviz_ogre_vendor/lib/OGRE
[3.510s] -- rviz_ogre_vendor::OgreOverlay for IMPORTED_LOCATION_RELEASE: /opt/ros/humble/opt/rviz_ogre_vendor/lib/libOgreOverlay.so
[3.510s] -- rviz_ogre_vendor::OgreOverlay for IMPORTED_LOCATION_DEBUG: /opt/ros/humble/opt/rviz_ogre_vendor/lib/libOgreOverlay.so
[3.510s] -- rviz_ogre_vendor::OgreMain for IMPORTED_LOCATION_RELEASE: /opt/ros/humble/opt/rviz_ogre_vendor/lib/libOgreMain.so
[3.510s] -- rviz_ogre_vendor::OgreMain for IMPORTED_LOCATION_DEBUG: /opt/ros/humble/opt/rviz_ogre_vendor/lib/libOgreMain.so
[3.556s] -- rviz_ogre_vendor::RenderSystem_GL for IMPORTED_LOCATION_RELEASE: _render_system_gl_static_library_abs-NOTFOUND
[3.556s] -- rviz_ogre_vendor::RenderSystem_GL for IMPORTED_LOCATION_DEBUG: _render_system_gl_static_library_abs-NOTFOUND
[4.267s] -- Found ament_lint_auto: 0.12.6 (/opt/ros/humble/share/ament_lint_auto/cmake)
[4.322s] -- Added test 'cppcheck' to perform static code analysis on C / C++ code
[4.322s] -- Configured cppcheck include dirs: $<BUILD_INTERFACE:/home/inouemakoto/interbotix_ws/src/hello_moveit2/include>
[4.322s] -- Configured cppcheck exclude dirs and/or files: 
[4.323s] -- Added test 'lint_cmake' to check CMake code style
[4.323s] -- Added test 'uncrustify' to check C / C++ code style
[4.323s] -- Configured uncrustify additional arguments: 
[4.324s] -- Added test 'xmllint' to check XML markup files
[4.324s] -- Configuring done
[4.355s] -- Generating done
[4.357s] -- Build files have been written to: /home/inouemakoto/interbotix_ws/build/hello_moveit2
[4.388s] [35m[1mConsolidate compiler generated dependencies of target hello_moveit2[0m
[4.409s] [ 50%] [32mBuilding CXX object CMakeFiles/hello_moveit2.dir/src/hello_moveit2.cpp.o[0m
[10.593s] [01m[K/home/inouemakoto/interbotix_ws/src/hello_moveit2/src/hello_moveit2.cpp:16:20:[m[K [01;31m[Kerror: [m[K‘[01m[Kcahr[m[K’ has not been declared
[10.593s]    16 | int main(int argc, [01;31m[Kcahr[m[K** argv)
[10.593s]       |                    [01;31m[K^~~~[m[K
[10.600s] [01m[K/home/inouemakoto/interbotix_ws/src/hello_moveit2/src/hello_moveit2.cpp:16:5:[m[K [01;35m[Kwarning: [m[Ksecond argument of ‘[01m[Kint main(int, int**)[m[K’ should be ‘[01m[Kchar **[m[K’ [[01;35m[K]8;;https://gcc.gnu.org/onlinedocs/gcc/Warning-Options.html#index-Wmain-Wmain]8;;[m[K]
[10.601s]    16 | int [01;35m[Kmain[m[K(int argc, cahr** argv)
[10.601s]       |     [01;35m[K^~~~[m[K
[10.601s] [01m[K/home/inouemakoto/interbotix_ws/src/hello_moveit2/src/hello_moveit2.cpp:[m[K In function ‘[01m[Kint main(int, int**)[m[K’:
[10.602s] [01m[K/home/inouemakoto/interbotix_ws/src/hello_moveit2/src/hello_moveit2.cpp:18:22:[m[K [01;31m[Kerror: [m[Kcannot convert ‘[01m[Kint**[m[K’ to ‘[01m[Kconst char* const*[m[K’
[10.602s]    18 |   rclcpp::init(argc, [01;31m[Kargv[m[K);
[10.602s]       |                      [01;31m[K^~~~[m[K
[10.602s]       |                      [01;31m[K|[m[K
[10.602s]       |                      [01;31m[Kint**[m[K
[10.602s] In file included from [01m[K/opt/ros/humble/include/rclcpp/rclcpp/logging.hpp:25[m[K,
[10.603s]                  from [01m[K/home/inouemakoto/ws_moveit2/install/moveit_core/include/moveit/kinematics_base/kinematics_base.h:42[m[K,
[10.603s]                  from [01m[K/home/inouemakoto/ws_moveit2/install/moveit_core/include/moveit/robot_model/joint_model_group.h:42[m[K,
[10.603s]                  from [01m[K/home/inouemakoto/ws_moveit2/install/moveit_core/include/moveit/robot_model/robot_model.h:45[m[K,
[10.603s]                  from [01m[K/home/inouemakoto/ws_moveit2/install/moveit_core/include/moveit/robot_state/robot_state.h:40[m[K,
[10.603s]                  from [01m[K/home/inouemakoto/ws_moveit2/install/moveit_ros_planning_interface/include/moveit/move_group_interface/move_group_interface.h:41[m[K,
[10.603s]                  from [01m[K/home/inouemakoto/interbotix_ws/src/hello_moveit2/src/hello_moveit2.cpp:1[m[K:
[10.604s] [01m[K/opt/ros/humble/include/rclcpp/rclcpp/utilities.hpp:77:24:[m[K [01;36m[Knote: [m[K  initializing argument 2 of ‘[01m[Kvoid rclcpp::init(int, const char* const*, const rclcpp::InitOptions&, rclcpp::SignalHandlerOptions)[m[K’
[10.604s]    77 |   [01;36m[Kchar const * const * argv[m[K,
[10.604s]       |   [01;36m[K~~~~~~~~~~~~~~~~~~~~~^~~~[m[K
[10.611s] [01m[K/home/inouemakoto/interbotix_ws/src/hello_moveit2/src/hello_moveit2.cpp:21:76:[m[K [01;31m[Kerror: [m[K‘[01m[Knode_optiond[m[K’ was not declared in this scope; did you mean ‘[01m[Knode_options[m[K’?
[10.611s]    21 | up_node = rclcpp::Node::make_shared("move_group_interface", [01;31m[Knode_optiond[m[K);
[10.611s]       |                                                             [01;31m[K^~~~~~~~~~~~[m[K
[10.611s]       |                                                             [32m[Knode_options[m[K
[10.611s] [01m[K/home/inouemakoto/interbotix_ws/src/hello_moveit2/src/hello_moveit2.cpp:25:46:[m[K [01;31m[Kerror: [m[Kconverting to ‘[01m[Kstd::thread[m[K’ from initializer list would use explicit constructor ‘[01m[Kstd::thread::thread(_Callable&&, _Args&& ...) [with _Callable = rclcpp::executors::SingleThreadedExecutor*; _Args = {}; <template-parameter-1-3> = void][m[K’
[10.611s]    25 |   std::thread({&executor}(){executor.spin();}[01;31m[K)[m[K.detach();
[10.612s]       |                                              [01;31m[K^[m[K
[10.612s] [01m[K/home/inouemakoto/interbotix_ws/src/hello_moveit2/src/hello_moveit2.cpp:25:14:[m[K [01;31m[Kerror: [m[Kexpected primary-expression before ‘[01m[K([m[K’ token
[10.612s]    25 |   std::thread[01;31m[K([m[K{&executor}(){executor.spin();}).detach();
[10.612s]       |              [01;31m[K^[m[K
[10.612s] [01m[K/home/inouemakoto/interbotix_ws/src/hello_moveit2/src/hello_moveit2.cpp:25:26:[m[K [01;31m[Kerror: [m[Kexpected ‘[01m[K)[m[K’ before ‘[01m[K([m[K’ token
[10.612s]    25 |   std::thread[34m[K([m[K{&executor}[01;31m[K([m[K){executor.spin();}).detach();
[10.612s]       |              [34m[K~[m[K           [01;31m[K^[m[K
[10.612s]       |                          [32m[K)[m[K
[10.622s] [01m[K/home/inouemakoto/interbotix_ws/src/hello_moveit2/src/hello_moveit2.cpp:38:3:[m[K [01;31m[Kerror: [m[K‘[01m[Kvisual_tools[m[K’ was not declared in this scope; did you mean ‘[01m[Krviz_visual_tools[m[K’?
[10.622s]    38 |   [01;31m[Kvisual_tools[m[K = std::make_shared<moveit_visual_tools::MoveItVisualTools>(
[10.622s]       |   [01;31m[K^~~~~~~~~~~~[m[K
[10.622s]       |   [32m[Krviz_visual_tools[m[K
[10.622s] [01m[K/home/inouemakoto/interbotix_ws/src/hello_moveit2/src/hello_moveit2.cpp:40:15:[m[K [01;31m[Kerror: [m[Kbase operand of ‘[01m[K->[m[K’ has non-pointer type ‘[01m[Kmoveit::planning_interface::MoveGroupInterface[m[K’
[10.622s]    40 |     move_group[01;31m[K->[m[KgetPlanningFrame(),
[10.623s]       |               [01;31m[K^~[m[K
[10.628s] [01m[K/home/inouemakoto/interbotix_ws/src/hello_moveit2/src/hello_moveit2.cpp:43:3:[m[K [01;31m[Kerror: [m[K‘[01m[Ktext_pose[m[K’ was not declared in this scope
[10.628s]    43 |   [01;31m[Ktext_pose[m[K = Eigen::Isometry3d::Identity();
[10.628s]       |   [01;31m[K^~~~~~~~~[m[K
[10.630s] [01m[K/home/inouemakoto/interbotix_ws/src/hello_moveit2/src/hello_moveit2.cpp:56:70:[m[K [01;31m[Kerror: [m[K‘[01m[Kclass moveit::planning_interface::MoveGroupInterface[m[K’ has no member named ‘[01m[KgetJoint[m[K’; did you mean ‘[01m[KgetJoints[m[K’?
[10.630s]    56 | py(move_group.getJointModelGroupNames().begin(), move_group.[01;31m[KgetJoint[m[K<odelGroupNames().end(),
[10.630s]       |                                                             [01;31m[K^~~~~~~~[m[K
[10.630s]       |                                                             [32m[KgetJoints[m[K
[10.640s] [01m[K/home/inouemakoto/interbotix_ws/src/hello_moveit2/src/hello_moveit2.cpp:56:79:[m[K [01;31m[Kerror: [m[K‘[01m[KodelGroupNames[m[K’ was not declared in this scope
[10.640s]    56 | roup.getJointModelGroupNames().begin(), move_group.getJoint<[01;31m[KodelGroupNames[m[K().end(),
[10.640s]       |                                                             [01;31m[K^~~~~~~~~~~~~~[m[K
[10.640s] 
[10.647s] [01m[K/home/inouemakoto/interbotix_ws/src/hello_moveit2/src/hello_moveit2.cpp:62:3:[m[K [01;31m[Kerror: [m[K‘[01m[Ktarget_pose1[m[K’ was not declared in this scope
[10.647s]    62 |   [01;31m[Ktarget_pose1[m[K.orientation.w = 1.0;
[10.647s]       |   [01;31m[K^~~~~~~~~~~~[m[K
[10.647s] [01m[K/home/inouemakoto/interbotix_ws/src/hello_moveit2/src/hello_moveit2.cpp:70:61:[m[K [01;31m[Kerror: [m[K‘[01m[Kmoveit::core::MoveitErroeCode[m[K’ has not been declared
[10.648s]    70 |   bool success = (move_group.plan(my_plan) == moveit::core::[01;31m[KMoveitErroeCode[m[K::SUCCESS);
[10.648s]       |                                                             [01;31m[K^~~~~~~~~~~~~~~[m[K
[10.653s] In file included from [01m[K/home/inouemakoto/ws_moveit2/install/moveit_core/include/moveit/kinematics_base/kinematics_base.h:42[m[K,
[10.653s]                  from [01m[K/home/inouemakoto/ws_moveit2/install/moveit_core/include/moveit/robot_model/joint_model_group.h:42[m[K,
[10.653s]                  from [01m[K/home/inouemakoto/ws_moveit2/install/moveit_core/include/moveit/robot_model/robot_model.h:45[m[K,
[10.653s]                  from [01m[K/home/inouemakoto/ws_moveit2/install/moveit_core/include/moveit/robot_state/robot_state.h:40[m[K,
[10.653s]                  from [01m[K/home/inouemakoto/ws_moveit2/install/moveit_ros_planning_interface/include/moveit/move_group_interface/move_group_interface.h:41[m[K,
[10.653s]                  from [01m[K/home/inouemakoto/interbotix_ws/src/hello_moveit2/src/hello_moveit2.cpp:1[m[K:
[10.653s] [01m[K/home/inouemakoto/interbotix_ws/src/hello_moveit2/src/hello_moveit2.cpp:75:3:[m[K [01;31m[Kerror: [m[Kexpected ‘[01m[K;[m[K’ before ‘[01m[Kdo[m[K’
[10.653s]    75 |   [01;31m[KRCLCPP_INFO[m[K(LOGGER, "visualizing plan 1 as trajectory line");
[10.653s]       |   [01;31m[K^~~~~~~~~~~[m[K
[10.653s] [01m[K/home/inouemakoto/interbotix_ws/src/hello_moveit2/src/hello_moveit2.cpp:77:52:[m[K [01;31m[Kerror: [m[K‘[01m[Krvt[m[K’ has not been declared
[10.653s]    77 |   visual_tools.publishText(text_pose, "Pose_Goal", [01;31m[Krvt[m[K::WHITE, rvt::XLARGE);
[10.654s]       |                                                    [01;31m[K^~~[m[K
[10.654s] [01m[K/home/inouemakoto/interbotix_ws/src/hello_moveit2/src/hello_moveit2.cpp:77:64:[m[K [01;31m[Kerror: [m[K‘[01m[Krvt[m[K’ has not been declared
[10.654s]    77 | isual_tools.publishText(text_pose, "Pose_Goal", rvt::WHITE, [01;31m[Krvt[m[K::XLARGE);
[10.654s]       |                                                             [01;31m[K^~~[m[K
[10.654s] 
[10.658s] [01m[K/home/inouemakoto/interbotix_ws/src/hello_moveit2/src/hello_moveit2.cpp:78:38:[m[K [01;31m[Kerror: [m[K‘[01m[Kmyplan[m[K’ was not declared in this scope; did you mean ‘[01m[Kmy_plan[m[K’?
[10.658s]    78 |   visual_tools.publishTrajectoryLine([01;31m[Kmyplan[m[K.trajectory, joint_model_group);
[10.658s]       |                                      [01;31m[K^~~~~~[m[K
[10.658s]       |                                      [32m[Kmy_plan[m[K
[10.934s] In file included from [01m[K/usr/include/c++/11/future:48[m[K,
[10.934s]                  from [01m[K/opt/ros/humble/include/rclcpp/rclcpp/client.hpp:19[m[K,
[10.934s]                  from [01m[K/opt/ros/humble/include/rclcpp/rclcpp/callback_group.hpp:24[m[K,
[10.934s]                  from [01m[K/opt/ros/humble/include/rclcpp/rclcpp/node.hpp:40[m[K,
[10.934s]                  from [01m[K/home/inouemakoto/ws_moveit2/install/moveit_core/include/moveit/kinematics_base/kinematics_base.h:43[m[K,
[10.934s]                  from [01m[K/home/inouemakoto/ws_moveit2/install/moveit_core/include/moveit/robot_model/joint_model_group.h:42[m[K,
[10.934s]                  from [01m[K/home/inouemakoto/ws_moveit2/install/moveit_core/include/moveit/robot_model/robot_model.h:45[m[K,
[10.934s]                  from [01m[K/home/inouemakoto/ws_moveit2/install/moveit_core/include/moveit/robot_state/robot_state.h:40[m[K,
[10.934s]                  from [01m[K/home/inouemakoto/ws_moveit2/install/moveit_ros_planning_interface/include/moveit/move_group_interface/move_group_interface.h:41[m[K,
[10.934s]                  from [01m[K/home/inouemakoto/interbotix_ws/src/hello_moveit2/src/hello_moveit2.cpp:1[m[K:
[10.934s] /usr/include/c++/11/bits/std_thread.h: In instantiation of ‘[01m[Kstd::thread::thread(_Callable&&, _Args&& ...) [with _Callable = rclcpp::executors::SingleThreadedExecutor*; _Args = {}; <template-parameter-1-3> = void][m[K’:
[10.934s] [01m[K/home/inouemakoto/interbotix_ws/src/hello_moveit2/src/hello_moveit2.cpp:25:46:[m[K   required from here
[10.934s] [01m[K/usr/include/c++/11/bits/std_thread.h:130:72:[m[K [01;31m[Kerror: [m[Kstatic assertion failed: std::thread arguments must be invocable after conversion to rvalues
[10.934s]   130 |                                 typename decay<_Args>::type...>::[01;31m[Kvalue[m[K,
[10.935s]       |                                                                  [01;31m[K^~~~~[m[K
[10.935s] 
[10.935s] [01m[K/usr/include/c++/11/bits/std_thread.h:130:72:[m[K [01;36m[Knote: [m[K‘[01m[Kstd::integral_constant<bool, false>::value[m[K’ evaluates to false
[10.935s] /usr/include/c++/11/bits/std_thread.h: In instantiation of ‘[01m[Kstruct std::thread::_Invoker<std::tuple<rclcpp::executors::SingleThreadedExecutor*> >[m[K’:
[10.935s] [01m[K/usr/include/c++/11/bits/std_thread.h:203:13:[m[K   required from ‘[01m[Kstruct std::thread::_State_impl<std::thread::_Invoker<std::tuple<rclcpp::executors::SingleThreadedExecutor*> > >[m[K’
[10.935s] [01m[K/usr/include/c++/11/bits/std_thread.h:143:29:[m[K   required from ‘[01m[Kstd::thread::thread(_Callable&&, _Args&& ...) [with _Callable = rclcpp::executors::SingleThreadedExecutor*; _Args = {}; <template-parameter-1-3> = void][m[K’
[10.936s] [01m[K/home/inouemakoto/interbotix_ws/src/hello_moveit2/src/hello_moveit2.cpp:25:46:[m[K   required from here
[10.936s] [01m[K/usr/include/c++/11/bits/std_thread.h:252:11:[m[K [01;31m[Kerror: [m[Kno type named ‘[01m[Ktype[m[K’ in ‘[01m[Kstruct std::thread::_Invoker<std::tuple<rclcpp::executors::SingleThreadedExecutor*> >::__result<std::tuple<rclcpp::executors::SingleThreadedExecutor*> >[m[K’
[10.936s]   252 |           [01;31m[K_M_invoke[m[K(_Index_tuple<_Ind...>)
[10.936s]       |           [01;31m[K^~~~~~~~~[m[K
[10.936s] [01m[K/usr/include/c++/11/bits/std_thread.h:256:9:[m[K [01;31m[Kerror: [m[Kno type named ‘[01m[Ktype[m[K’ in ‘[01m[Kstruct std::thread::_Invoker<std::tuple<rclcpp::executors::SingleThreadedExecutor*> >::__result<std::tuple<rclcpp::executors::SingleThreadedExecutor*> >[m[K’
[10.936s]   256 |         [01;31m[Koperator[m[K()()
[10.936s]       |         [01;31m[K^~~~~~~~[m[K
[12.845s] gmake[2]: *** [CMakeFiles/hello_moveit2.dir/build.make:76: CMakeFiles/hello_moveit2.dir/src/hello_moveit2.cpp.o] Error 1
[12.845s] gmake[1]: *** [CMakeFiles/Makefile2:137: CMakeFiles/hello_moveit2.dir/all] Error 2
[12.845s] gmake: *** [Makefile:146: all] Error 2
[12.847s] Invoked command in '/home/inouemakoto/interbotix_ws/build/hello_moveit2' returned '2': CMAKE_PREFIX_PATH=/home/inouemakoto/interbotix_ws/install/moveit_visual_tools:/home/inouemakoto/interbotix_ws/install/rviz_visual_tools:/home/inouemakoto/interbotix_ws/install/graph_msgs:/home/inouemakoto/interbotix_ws/install/vx300s_run_move_group:/home/inouemakoto/interbotix_ws/install/vx300s_moveit_config:/home/inouemakoto/interbotix_ws/install/interbotix_ros_xsarms_examples:/home/inouemakoto/interbotix_ws/install/interbotix_xsarm_moveit_interface:/home/inouemakoto/interbotix_ws/install/interbotix_moveit_interface:/home/inouemakoto/interbotix_ws/install/moveit_interbotix_test1:/home/inouemakoto/interbotix_ws/install/moveit_interbotix_test:/home/inouemakoto/interbotix_ws/install/interbotix_ros_xsarms:/home/inouemakoto/interbotix_ws/install/interbotix_xsarm_moveit:/home/inouemakoto/interbotix_ws/install/interbotix_xsarm_sim:/home/inouemakoto/interbotix_ws/install/interbotix_xsarm_ros_control:/home/inouemakoto/interbotix_ws/install/interbotix_xsarm_joy:/home/inouemakoto/interbotix_ws/install/interbotix_xsarm_control:/home/inouemakoto/interbotix_ws/install/interbotix_xsarm_descriptions:/home/inouemakoto/interbotix_ws/install/interbotix_xs_toolbox:/home/inouemakoto/interbotix_ws/install/interbotix_xs_rviz:/home/inouemakoto/interbotix_ws/install/interbotix_ros_xseries:/home/inouemakoto/interbotix_ws/install/interbotix_xs_sdk:/home/inouemakoto/interbotix_ws/install/interbotix_xs_ros_control:/home/inouemakoto/interbotix_ws/install/interbotix_xs_msgs:/home/inouemakoto/interbotix_ws/install/interbotix_xs_driver:/home/inouemakoto/interbotix_ws/install/interbotix_tf_tools:/home/inouemakoto/interbotix_ws/install/interbotix_moveit_interface_msgs:/home/inouemakoto/interbotix_ws/install/interbotix_common_toolbox:/home/inouemakoto/interbotix_ws/install/interbotix_common_sim:/home/inouemakoto/interbotix_ws/install/hello_moveit2_interbotix:/home/inouemakoto/interbotix_ws/install/hello_moveit2:/home/inouemakoto/interbotix_ws/install/hello_moveit:/home/inouemakoto/interbotix_ws/install/dynamixel_workbench_toolbox:/home/inouemakoto/ws_moveit2/install/pilz_industrial_motion_planner_testutils:/home/inouemakoto/ws_moveit2/install/moveit_runtime:/home/inouemakoto/ws_moveit2/install/moveit2_tutorials:/home/inouemakoto/ws_moveit2/install/moveit:/home/inouemakoto/ws_moveit2/install/moveit_planners:/home/inouemakoto/ws_moveit2/install/pilz_industrial_motion_planner:/home/inouemakoto/ws_moveit2/install/hello_moveit:/home/inouemakoto/ws_moveit2/install/moveit_visual_tools:/home/inouemakoto/ws_moveit2/install/moveit_ros_control_interface:/home/inouemakoto/ws_moveit2/install/moveit_plugins:/home/inouemakoto/ws_moveit2/install/moveit_simple_controller_manager:/home/inouemakoto/ws_moveit2/install/moveit_setup_assistant:/home/inouemakoto/ws_moveit2/install/moveit_setup_srdf_plugins:/home/inouemakoto/ws_moveit2/install/moveit_setup_core_plugins:/home/inouemakoto/ws_moveit2/install/moveit_setup_controllers:/home/inouemakoto/ws_moveit2/install/moveit_setup_app_plugins:/home/inouemakoto/ws_moveit2/install/moveit_setup_framework:/home/inouemakoto/ws_moveit2/install/moveit_servo:/home/inouemakoto/ws_moveit2/install/moveit_ros:/home/inouemakoto/ws_moveit2/install/moveit_ros_visualization:/home/inouemakoto/ws_moveit2/install/moveit_hybrid_planning:/home/inouemakoto/ws_moveit2/install/moveit_ros_planning_interface:/home/inouemakoto/ws_moveit2/install/moveit_ros_benchmarks:/home/inouemakoto/ws_moveit2/install/moveit_ros_warehouse:/home/inouemakoto/ws_moveit2/install/moveit_ros_robot_interaction:/home/inouemakoto/ws_moveit2/install/moveit_ros_perception:/home/inouemakoto/ws_moveit2/install/moveit_resources_prbt_pg70_support:/home/inouemakoto/ws_moveit2/install/moveit_resources_prbt_moveit_config:/home/inouemakoto/ws_moveit2/install/moveit_ros_move_group:/home/inouemakoto/ws_moveit2/install/moveit_planners_ompl:/home/inouemakoto/ws_moveit2/install/moveit_ros_planning:/home/inouemakoto/ws_moveit2/install/moveit_ros_occupancy_map_monitor:/home/inouemakoto/ws_moveit2/install/moveit_resources_prbt_ikfast_manipulator_plugin:/home/inouemakoto/ws_moveit2/install/moveit_planners_chomp:/home/inouemakoto/ws_moveit2/install/moveit_kinematics:/home/inouemakoto/ws_moveit2/install/moveit_chomp_optimizer_adapter:/home/inouemakoto/ws_moveit2/install/chomp_motion_planner:/home/inouemakoto/ws_moveit2/install/moveit_core:/home/inouemakoto/ws_moveit2/install/srdfdom:/home/inouemakoto/ws_moveit2/install/rviz_marker_tools:/home/inouemakoto/ws_moveit2/install/rosparam_shortcuts:/home/inouemakoto/ws_moveit2/install/moveit_task_constructor_msgs:/home/inouemakoto/ws_moveit2/install/moveit_resources_prbt_support:/home/inouemakoto/ws_moveit2/install/moveit_resources:/home/inouemakoto/ws_moveit2/install/moveit_resources_pr2_description:/home/inouemakoto/ws_moveit2/install/moveit_resources_panda_moveit_config:/home/inouemakoto/ws_moveit2/install/moveit_resources_panda_description:/home/inouemakoto/ws_moveit2/install/moveit_resources_fanuc_moveit_config:/home/inouemakoto/ws_moveit2/install/moveit_resources_fanuc_description:/home/inouemakoto/ws_moveit2/install/moveit_common:/home/inouemakoto/robotis_ws/install/dynamixel_sdk_examples:/home/inouemakoto/robotis_ws/install/dynamixel_sdk_custom_interfaces:/home/inouemakoto/robotis_ws/install/dynamixel_sdk:/home/inouemakoto/interbotix_ws/install/interbotix_xs_modules:/home/inouemakoto/interbotix_ws/install/interbotix_common_modules:/home/inouemakoto/ws_moveit2/install/moveit_configs_utils:/home/inouemakoto/ws_moveit2/install/launch_param_builder:/opt/ros/humble LD_LIBRARY_PATH=/home/inouemakoto/interbotix_ws/install/moveit_visual_tools/lib:/home/inouemakoto/interbotix_ws/install/rviz_visual_tools/lib:/home/inouemakoto/interbotix_ws/install/graph_msgs/lib:/home/inouemakoto/interbotix_ws/install/interbotix_xs_rviz/lib:/home/inouemakoto/interbotix_ws/install/interbotix_xs_ros_control/lib:/home/inouemakoto/interbotix_ws/install/interbotix_xs_msgs/lib:/home/inouemakoto/interbotix_ws/install/interbotix_xs_driver/lib:/home/inouemakoto/interbotix_ws/install/interbotix_tf_tools/lib:/home/inouemakoto/interbotix_ws/install/interbotix_moveit_interface_msgs/lib:/home/inouemakoto/interbotix_ws/install/dynamixel_workbench_toolbox/lib:/home/inouemakoto/ws_moveit2/install/pilz_industrial_motion_planner_testutils/lib:/home/inouemakoto/ws_moveit2/install/pilz_industrial_motion_planner/lib:/home/inouemakoto/ws_moveit2/install/moveit_visual_tools/lib:/home/inouemakoto/ws_moveit2/install/moveit_ros_control_interface/lib:/home/inouemakoto/ws_moveit2/install/moveit_simple_controller_manager/lib:/home/inouemakoto/ws_moveit2/install/moveit_setup_assistant/lib:/home/inouemakoto/ws_moveit2/install/moveit_setup_srdf_plugins/lib:/home/inouemakoto/ws_moveit2/install/moveit_setup_core_plugins/lib:/home/inouemakoto/ws_moveit2/install/moveit_setup_controllers/lib:/home/inouemakoto/ws_moveit2/install/moveit_setup_app_plugins/lib:/home/inouemakoto/ws_moveit2/install/moveit_setup_framework/lib:/home/inouemakoto/ws_moveit2/install/moveit_servo/lib:/home/inouemakoto/ws_moveit2/install/moveit_ros_visualization/lib:/home/inouemakoto/ws_moveit2/install/moveit_hybrid_planning/lib:/home/inouemakoto/ws_moveit2/install/moveit_ros_planning_interface/lib:/home/inouemakoto/ws_moveit2/install/moveit_ros_benchmarks/lib:/home/inouemakoto/ws_moveit2/install/moveit_ros_warehouse/lib:/home/inouemakoto/ws_moveit2/install/moveit_ros_robot_interaction/lib:/home/inouemakoto/ws_moveit2/install/moveit_ros_perception/lib:/home/inouemakoto/ws_moveit2/install/moveit_ros_move_group/lib:/home/inouemakoto/ws_moveit2/install/moveit_planners_ompl/lib:/home/inouemakoto/ws_moveit2/install/moveit_ros_planning/lib:/home/inouemakoto/ws_moveit2/install/moveit_ros_occupancy_map_monitor/lib:/home/inouemakoto/ws_moveit2/install/moveit_resources_prbt_ikfast_manipulator_plugin/lib:/home/inouemakoto/ws_moveit2/install/moveit_planners_chomp/lib:/home/inouemakoto/ws_moveit2/install/moveit_kinematics/lib:/home/inouemakoto/ws_moveit2/install/moveit_chomp_optimizer_adapter/lib:/home/inouemakoto/ws_moveit2/install/chomp_motion_planner/lib:/home/inouemakoto/ws_moveit2/install/moveit_core/lib:/home/inouemakoto/ws_moveit2/install/srdfdom/lib:/home/inouemakoto/ws_moveit2/install/rviz_marker_tools/lib:/home/inouemakoto/ws_moveit2/install/rosparam_shortcuts/lib:/home/inouemakoto/ws_moveit2/install/moveit_task_constructor_msgs/lib:/home/inouemakoto/robotis_ws/install/dynamixel_sdk_custom_interfaces/lib:/home/inouemakoto/robotis_ws/install/dynamixel_sdk/lib:/usr/lib/x86_64-linux-gnu/gazebo-11/plugins:/opt/ros/humble/opt/rviz_ogre_vendor/lib:/opt/ros/humble/lib/x86_64-linux-gnu:/opt/ros/humble/lib:/usr/lib/x86_64-linux-gnu/gazebo-11/plugins /usr/bin/cmake --build /home/inouemakoto/interbotix_ws/build/hello_moveit2 -- -j20 -l20
