[35m[1mConsolidate compiler generated dependencies of target gmock_main[0m
[35m[1mConsolidate compiler generated dependencies of target gmock[0m
[ 33%] Built target gmock_main
[ 33%] [32mBuilding CXX object CMakeFiles/interbotix_xs_ros_control.dir/src/xs_hardware_interface.cpp.o[0m
[ 66%] Built target gmock
[35m[1mConsolidate compiler generated dependencies of target test_load_xs_hardware_interface[0m
[ 77%] [32m[1mLinking CXX executable test_load_xs_hardware_interface[0m
[ 88%] Built target test_load_xs_hardware_interface
[100%] [32m[1mLinking CXX shared library libinterbotix_xs_ros_control.so[0m
[100%] Built target interbotix_xs_ros_control
-- Install configuration: ""
-- Up-to-date: /home/inouemakoto/interbotix_ws/src/install/interbotix_xs_ros_control/share/interbotix_xs_ros_control/interbotix_xs_ros_control.xml
-- Up-to-date: /home/inouemakoto/interbotix_ws/src/install/interbotix_xs_ros_control/include
-- Up-to-date: /home/inouemakoto/interbotix_ws/src/install/interbotix_xs_ros_control/include/interbotix_xs_ros_control
-- Up-to-date: /home/inouemakoto/interbotix_ws/src/install/interbotix_xs_ros_control/include/interbotix_xs_ros_control/xs_hardware_interface.hpp
-- Installing: /home/inouemakoto/interbotix_ws/src/install/interbotix_xs_ros_control/lib/libinterbotix_xs_ros_control.so
-- Set runtime path of "/home/inouemakoto/interbotix_ws/src/install/interbotix_xs_ros_control/lib/libinterbotix_xs_ros_control.so" to ""
-- Up-to-date: /home/inouemakoto/interbotix_ws/src/install/interbotix_xs_ros_control/share/interbotix_xs_ros_control/environment/library_path.sh
-- Installing: /home/inouemakoto/interbotix_ws/src/install/interbotix_xs_ros_control/share/interbotix_xs_ros_control/environment/library_path.dsv
-- Up-to-date: /home/inouemakoto/interbotix_ws/src/install/interbotix_xs_ros_control/share/ament_index/resource_index/package_run_dependencies/interbotix_xs_ros_control
-- Installing: /home/inouemakoto/interbotix_ws/src/install/interbotix_xs_ros_control/share/ament_index/resource_index/parent_prefix_path/interbotix_xs_ros_control
-- Installing: /home/inouemakoto/interbotix_ws/src/install/interbotix_xs_ros_control/share/interbotix_xs_ros_control/environment/ament_prefix_path.sh
-- Installing: /home/inouemakoto/interbotix_ws/src/install/interbotix_xs_ros_control/share/interbotix_xs_ros_control/environment/ament_prefix_path.dsv
-- Installing: /home/inouemakoto/interbotix_ws/src/install/interbotix_xs_ros_control/share/interbotix_xs_ros_control/environment/path.sh
-- Installing: /home/inouemakoto/interbotix_ws/src/install/interbotix_xs_ros_control/share/interbotix_xs_ros_control/environment/path.dsv
-- Up-to-date: /home/inouemakoto/interbotix_ws/src/install/interbotix_xs_ros_control/share/interbotix_xs_ros_control/local_setup.bash
-- Up-to-date: /home/inouemakoto/interbotix_ws/src/install/interbotix_xs_ros_control/share/interbotix_xs_ros_control/local_setup.sh
-- Up-to-date: /home/inouemakoto/interbotix_ws/src/install/interbotix_xs_ros_control/share/interbotix_xs_ros_control/local_setup.zsh
-- Installing: /home/inouemakoto/interbotix_ws/src/install/interbotix_xs_ros_control/share/interbotix_xs_ros_control/local_setup.dsv
-- Installing: /home/inouemakoto/interbotix_ws/src/install/interbotix_xs_ros_control/share/interbotix_xs_ros_control/package.dsv
-- Up-to-date: /home/inouemakoto/interbotix_ws/src/install/interbotix_xs_ros_control/share/ament_index/resource_index/packages/interbotix_xs_ros_control
-- Up-to-date: /home/inouemakoto/interbotix_ws/src/install/interbotix_xs_ros_control/share/ament_index/resource_index/hardware_interface__pluginlib__plugin/interbotix_xs_ros_control
-- Up-to-date: /home/inouemakoto/interbotix_ws/src/install/interbotix_xs_ros_control/share/interbotix_xs_ros_control/cmake/export_interbotix_xs_ros_controlExport.cmake
-- Up-to-date: /home/inouemakoto/interbotix_ws/src/install/interbotix_xs_ros_control/share/interbotix_xs_ros_control/cmake/export_interbotix_xs_ros_controlExport-noconfig.cmake
-- Up-to-date: /home/inouemakoto/interbotix_ws/src/install/interbotix_xs_ros_control/share/interbotix_xs_ros_control/cmake/ament_cmake_export_include_directories-extras.cmake
-- Up-to-date: /home/inouemakoto/interbotix_ws/src/install/interbotix_xs_ros_control/share/interbotix_xs_ros_control/cmake/ament_cmake_export_libraries-extras.cmake
-- Up-to-date: /home/inouemakoto/interbotix_ws/src/install/interbotix_xs_ros_control/share/interbotix_xs_ros_control/cmake/ament_cmake_export_targets-extras.cmake
-- Up-to-date: /home/inouemakoto/interbotix_ws/src/install/interbotix_xs_ros_control/share/interbotix_xs_ros_control/cmake/ament_cmake_export_dependencies-extras.cmake
-- Up-to-date: /home/inouemakoto/interbotix_ws/src/install/interbotix_xs_ros_control/share/interbotix_xs_ros_control/cmake/interbotix_xs_ros_controlConfig.cmake
-- Up-to-date: /home/inouemakoto/interbotix_ws/src/install/interbotix_xs_ros_control/share/interbotix_xs_ros_control/cmake/interbotix_xs_ros_controlConfig-version.cmake
-- Up-to-date: /home/inouemakoto/interbotix_ws/src/install/interbotix_xs_ros_control/share/interbotix_xs_ros_control/package.xml
