[0.403s] Invoking command in '/home/inouemakoto/interbotix_ws/src/build/move_group_node': CMAKE_PREFIX_PATH=${CMAKE_PREFIX_PATH}:/home/inouemakoto/interbotix_ws/install/moveit_service:/home/inouemakoto/interbotix_ws/install/interbotix_xs_modules:/home/inouemakoto/interbotix_ws/install/interbotix_common_modules:/home/inouemakoto/ws_moveit2/install/moveit_configs_utils:/home/inouemakoto/ws_moveit2/install/launch_param_builder:/home/inouemakoto/install/moveit_service:/home/inouemakoto/install/interbotix_xs_modules:/home/inouemakoto/install/interbotix_common_modules:/opt/ros/humble /usr/bin/cmake /home/inouemakoto/interbotix_ws/src/move_group_node -DCMAKE_INSTALL_PREFIX=/home/inouemakoto/interbotix_ws/src/install/move_group_node
[0.791s] -- The C compiler identification is GNU 11.4.0
[0.792s] -- The CXX compiler identification is GNU 11.4.0
[0.792s] -- Detecting C compiler ABI info
[0.792s] -- Detecting C compiler ABI info - done
[0.792s] -- Check for working C compiler: /usr/bin/cc - skipped
[0.792s] -- Detecting C compile features
[0.792s] -- Detecting C compile features - done
[0.793s] -- Detecting CXX compiler ABI info
[0.818s] -- Detecting CXX compiler ABI info - done
[0.832s] -- Check for working CXX compiler: /usr/bin/c++ - skipped
[0.832s] -- Detecting CXX compile features
[0.833s] -- Detecting CXX compile features - done
[0.851s] -- Found ament_cmake: 1.3.5 (/opt/ros/humble/share/ament_cmake/cmake)
[1.165s] -- Found Python3: /usr/bin/python3.10 (found version "3.10.12") found components: Interpreter 
[1.446s] -- Found moveit_ros_planning_interface: 2.5.4 (/home/inouemakoto/ws_moveit2/install/moveit_ros_planning_interface/share/moveit_ros_planning_interface/cmake)
[1.746s] -- Found Boost: /usr/lib/x86_64-linux-gnu/cmake/Boost-1.74.0/BoostConfig.cmake (found version "1.74.0") found components: date_time filesystem program_options system thread 
[1.884s] -- Found rosidl_generator_c: 3.1.5 (/opt/ros/humble/share/rosidl_generator_c/cmake)
[1.904s] -- Found rosidl_adapter: 3.1.5 (/opt/ros/humble/share/rosidl_adapter/cmake)
[1.929s] -- Found rosidl_generator_cpp: 3.1.5 (/opt/ros/humble/share/rosidl_generator_cpp/cmake)
[1.965s] -- Using all available rosidl_typesupport_c: rosidl_typesupport_fastrtps_c;rosidl_typesupport_introspection_c
[2.017s] -- Using all available rosidl_typesupport_cpp: rosidl_typesupport_fastrtps_cpp;rosidl_typesupport_introspection_cpp
[3.475s] -- Found Boost: /usr/lib/x86_64-linux-gnu/cmake/Boost-1.74.0/BoostConfig.cmake (found version "1.74.0") found components: chrono date_time filesystem iostreams program_options regex serialization system thread 
[3.567s] -- Found parameter_traits: 0.3.3 (/opt/ros/humble/share/parameter_traits/cmake)
[3.825s] -- Found rmw_implementation_cmake: 6.1.1 (/opt/ros/humble/share/rmw_implementation_cmake/cmake)
[3.855s] -- Found rmw_fastrtps_cpp: 6.2.3 (/opt/ros/humble/share/rmw_fastrtps_cpp/cmake)
[4.063s] -- Found OpenSSL: /usr/lib/x86_64-linux-gnu/libcrypto.so (found version "3.0.2")  
[4.104s] -- Found FastRTPS: /opt/ros/humble/include  
[4.178s] -- Using RMW implementation 'rmw_fastrtps_cpp' as default
[4.212s] -- Found Threads: TRUE  
[4.441s] -- Found rclcpp_lifecycle: 16.0.5 (/opt/ros/humble/share/rclcpp_lifecycle/cmake)
[4.515s] -- Found Boost: /usr/lib/x86_64-linux-gnu/cmake/Boost-1.74.0/BoostConfig.cmake (found version "1.74.0") found components: filesystem 
[4.725s] -- library: /usr/lib/x86_64-linux-gnu/libcurl.so
[5.029s] -- Found Eigen3: TRUE (found version "3.4.0") 
[5.029s] -- Ensuring Eigen3 include directory is part of orocos-kdl CMake target
[6.245s] -- Found Boost: /usr/lib/x86_64-linux-gnu/cmake/Boost-1.74.0/BoostConfig.cmake (found version "1.74.0") found components: system filesystem date_time program_options thread chrono 
[7.290s] -- Found Boost: /usr/lib/x86_64-linux-gnu/cmake/Boost-1.74.0/BoostConfig.cmake (found version "1.74.0") found components: thread system filesystem regex date_time program_options 
[7.798s] -- Found Boost: /usr/lib/x86_64-linux-gnu/cmake/Boost-1.74.0/BoostConfig.cmake (found version "1.74.0") found components: system filesystem date_time program_options thread 
[8.719s] -- Found ament_lint_auto: 0.12.7 (/opt/ros/humble/share/ament_lint_auto/cmake)
[9.393s] -- Added test 'cppcheck' to perform static code analysis on C / C++ code
[9.393s] -- Configured cppcheck include dirs: $<BUILD_INTERFACE:/home/inouemakoto/interbotix_ws/src/move_group_node/include>
[9.393s] -- Configured cppcheck exclude dirs and/or files: 
[9.399s] -- Added test 'lint_cmake' to check CMake code style
[9.406s] -- Added test 'uncrustify' to check C / C++ code style
[9.406s] -- Configured uncrustify additional arguments: 
[9.427s] -- Added test 'xmllint' to check XML markup files
[9.439s] -- Configuring done
[9.549s] -- Generating done
[9.555s] -- Build files have been written to: /home/inouemakoto/interbotix_ws/src/build/move_group_node
[9.614s] Invoked command in '/home/inouemakoto/interbotix_ws/src/build/move_group_node' returned '0': CMAKE_PREFIX_PATH=${CMAKE_PREFIX_PATH}:/home/inouemakoto/interbotix_ws/install/moveit_service:/home/inouemakoto/interbotix_ws/install/interbotix_xs_modules:/home/inouemakoto/interbotix_ws/install/interbotix_common_modules:/home/inouemakoto/ws_moveit2/install/moveit_configs_utils:/home/inouemakoto/ws_moveit2/install/launch_param_builder:/home/inouemakoto/install/moveit_service:/home/inouemakoto/install/interbotix_xs_modules:/home/inouemakoto/install/interbotix_common_modules:/opt/ros/humble /usr/bin/cmake /home/inouemakoto/interbotix_ws/src/move_group_node -DCMAKE_INSTALL_PREFIX=/home/inouemakoto/interbotix_ws/src/install/move_group_node
[9.615s] Invoking command in '/home/inouemakoto/interbotix_ws/src/build/move_group_node': CMAKE_PREFIX_PATH=${CMAKE_PREFIX_PATH}:/home/inouemakoto/interbotix_ws/install/moveit_service:/home/inouemakoto/interbotix_ws/install/interbotix_xs_modules:/home/inouemakoto/interbotix_ws/install/interbotix_common_modules:/home/inouemakoto/ws_moveit2/install/moveit_configs_utils:/home/inouemakoto/ws_moveit2/install/launch_param_builder:/home/inouemakoto/install/moveit_service:/home/inouemakoto/install/interbotix_xs_modules:/home/inouemakoto/install/interbotix_common_modules:/opt/ros/humble /usr/bin/cmake --build /home/inouemakoto/interbotix_ws/src/build/move_group_node -- -j20 -l20
[9.960s] [ 50%] [32mBuilding CXX object CMakeFiles/run_move_group.dir/src/run_move_group.cpp.o[0m
[21.343s] [100%] [32m[1mLinking CXX executable run_move_group[0m
[22.590s] [100%] Built target run_move_group
[22.604s] Invoked command in '/home/inouemakoto/interbotix_ws/src/build/move_group_node' returned '0': CMAKE_PREFIX_PATH=${CMAKE_PREFIX_PATH}:/home/inouemakoto/interbotix_ws/install/moveit_service:/home/inouemakoto/interbotix_ws/install/interbotix_xs_modules:/home/inouemakoto/interbotix_ws/install/interbotix_common_modules:/home/inouemakoto/ws_moveit2/install/moveit_configs_utils:/home/inouemakoto/ws_moveit2/install/launch_param_builder:/home/inouemakoto/install/moveit_service:/home/inouemakoto/install/interbotix_xs_modules:/home/inouemakoto/install/interbotix_common_modules:/opt/ros/humble /usr/bin/cmake --build /home/inouemakoto/interbotix_ws/src/build/move_group_node -- -j20 -l20
[22.648s] Invoking command in '/home/inouemakoto/interbotix_ws/src/build/move_group_node': CMAKE_PREFIX_PATH=${CMAKE_PREFIX_PATH}:/home/inouemakoto/interbotix_ws/install/moveit_service:/home/inouemakoto/interbotix_ws/install/interbotix_xs_modules:/home/inouemakoto/interbotix_ws/install/interbotix_common_modules:/home/inouemakoto/ws_moveit2/install/moveit_configs_utils:/home/inouemakoto/ws_moveit2/install/launch_param_builder:/home/inouemakoto/install/moveit_service:/home/inouemakoto/install/interbotix_xs_modules:/home/inouemakoto/install/interbotix_common_modules:/opt/ros/humble /usr/bin/cmake --install /home/inouemakoto/interbotix_ws/src/build/move_group_node
[22.660s] -- Install configuration: ""
[22.660s] -- Installing: /home/inouemakoto/interbotix_ws/src/install/move_group_node/lib/move_group_node/run_move_group
[22.661s] -- Set runtime path of "/home/inouemakoto/interbotix_ws/src/install/move_group_node/lib/move_group_node/run_move_group" to ""
[22.661s] -- Installing: /home/inouemakoto/interbotix_ws/src/install/move_group_node/share/ament_index/resource_index/package_run_dependencies/move_group_node
[22.661s] -- Installing: /home/inouemakoto/interbotix_ws/src/install/move_group_node/share/ament_index/resource_index/parent_prefix_path/move_group_node
[22.662s] -- Installing: /home/inouemakoto/interbotix_ws/src/install/move_group_node/share/move_group_node/environment/ament_prefix_path.sh
[22.662s] -- Installing: /home/inouemakoto/interbotix_ws/src/install/move_group_node/share/move_group_node/environment/ament_prefix_path.dsv
[22.662s] -- Installing: /home/inouemakoto/interbotix_ws/src/install/move_group_node/share/move_group_node/environment/path.sh
[22.662s] -- Installing: /home/inouemakoto/interbotix_ws/src/install/move_group_node/share/move_group_node/environment/path.dsv
[22.662s] -- Installing: /home/inouemakoto/interbotix_ws/src/install/move_group_node/share/move_group_node/local_setup.bash
[22.662s] -- Installing: /home/inouemakoto/interbotix_ws/src/install/move_group_node/share/move_group_node/local_setup.sh
[22.662s] -- Installing: /home/inouemakoto/interbotix_ws/src/install/move_group_node/share/move_group_node/local_setup.zsh
[22.662s] -- Installing: /home/inouemakoto/interbotix_ws/src/install/move_group_node/share/move_group_node/local_setup.dsv
[22.662s] -- Installing: /home/inouemakoto/interbotix_ws/src/install/move_group_node/share/move_group_node/package.dsv
[22.662s] -- Installing: /home/inouemakoto/interbotix_ws/src/install/move_group_node/share/ament_index/resource_index/packages/move_group_node
[22.663s] -- Installing: /home/inouemakoto/interbotix_ws/src/install/move_group_node/share/move_group_node/cmake/move_group_nodeConfig.cmake
[22.663s] -- Installing: /home/inouemakoto/interbotix_ws/src/install/move_group_node/share/move_group_node/cmake/move_group_nodeConfig-version.cmake
[22.663s] -- Installing: /home/inouemakoto/interbotix_ws/src/install/move_group_node/share/move_group_node/package.xml
[22.667s] Invoked command in '/home/inouemakoto/interbotix_ws/src/build/move_group_node' returned '0': CMAKE_PREFIX_PATH=${CMAKE_PREFIX_PATH}:/home/inouemakoto/interbotix_ws/install/moveit_service:/home/inouemakoto/interbotix_ws/install/interbotix_xs_modules:/home/inouemakoto/interbotix_ws/install/interbotix_common_modules:/home/inouemakoto/ws_moveit2/install/moveit_configs_utils:/home/inouemakoto/ws_moveit2/install/launch_param_builder:/home/inouemakoto/install/moveit_service:/home/inouemakoto/install/interbotix_xs_modules:/home/inouemakoto/install/interbotix_common_modules:/opt/ros/humble /usr/bin/cmake --install /home/inouemakoto/interbotix_ws/src/build/move_group_node
