[0.139s] Invoking command in '/home/inouemakoto/interbotix_ws/build/interbotix_xs_msgs': CMAKE_PREFIX_PATH=${CMAKE_PREFIX_PATH}:/home/inouemakoto/interbotix_ws/install/moveit_service:/home/inouemakoto/interbotix_ws/install/interbotix_xs_modules:/home/inouemakoto/interbotix_ws/install/interbotix_common_modules:/home/inouemakoto/ws_moveit2/install/moveit_configs_utils:/home/inouemakoto/ws_moveit2/install/launch_param_builder:/home/inouemakoto/install/moveit_service:/home/inouemakoto/install/interbotix_xs_modules:/home/inouemakoto/install/interbotix_common_modules:/opt/ros/humble /usr/bin/cmake /home/inouemakoto/interbotix_ws/src/interbotix_ros_core/interbotix_ros_xseries/interbotix_xs_msgs -DCMAKE_INSTALL_PREFIX=/home/inouemakoto/interbotix_ws/install/interbotix_xs_msgs
[0.827s] -- The C compiler identification is GNU 11.4.0
[0.827s] -- The CXX compiler identification is GNU 11.4.0
[0.828s] -- Detecting C compiler ABI info
[0.828s] -- Detecting C compiler ABI info - done
[0.828s] -- Check for working C compiler: /usr/bin/cc - skipped
[0.828s] -- Detecting C compile features
[0.828s] -- Detecting C compile features - done
[0.829s] -- Detecting CXX compiler ABI info
[0.829s] -- Detecting CXX compiler ABI info - done
[0.829s] -- Check for working CXX compiler: /usr/bin/c++ - skipped
[0.829s] -- Detecting CXX compile features
[0.830s] -- Detecting CXX compile features - done
[0.830s] -- Found rosidl_default_generators: 1.2.0 (/opt/ros/humble/share/rosidl_default_generators/cmake)
[0.830s] -- Found ament_cmake_core: 1.3.5 (/opt/ros/humble/share/ament_cmake_core/cmake)
[0.830s] -- Found Python3: /usr/bin/python3.10 (found version "3.10.12") found components: Interpreter 
[0.867s] -- Using all available rosidl_typesupport_c: rosidl_typesupport_fastrtps_c;rosidl_typesupport_introspection_c
[0.918s] -- Found rosidl_adapter: 3.1.5 (/opt/ros/humble/share/rosidl_adapter/cmake)
[1.236s] -- Using all available rosidl_typesupport_cpp: rosidl_typesupport_fastrtps_cpp;rosidl_typesupport_introspection_cpp
[1.384s] -- Found std_msgs: 4.2.3 (/opt/ros/humble/share/std_msgs/cmake)
[1.545s] -- Found trajectory_msgs: 4.2.3 (/opt/ros/humble/share/trajectory_msgs/cmake)
[2.187s] -- Found ament_cmake_ros: 0.10.0 (/opt/ros/humble/share/ament_cmake_ros/cmake)
[2.608s] -- Using all available rosidl_typesupport_c: rosidl_typesupport_fastrtps_c;rosidl_typesupport_introspection_c
[3.055s] -- Using all available rosidl_typesupport_cpp: rosidl_typesupport_fastrtps_cpp;rosidl_typesupport_introspection_cpp
[3.088s] -- Found PythonInterp: /usr/bin/python3 (found suitable version "3.10.12", minimum required is "3.6") 
[3.103s] -- Found python_cmake_module: 0.10.0 (/opt/ros/humble/share/python_cmake_module/cmake)
[3.145s] -- Found PythonLibs: /usr/lib/x86_64-linux-gnu/libpython3.10.so (found suitable version "3.10.12", minimum required is "3.5") 
[3.145s] -- Using PYTHON_EXECUTABLE: /usr/bin/python3
[3.146s] -- Using PYTHON_INCLUDE_DIRS: /usr/include/python3.10
[3.146s] -- Using PYTHON_LIBRARIES: /usr/lib/x86_64-linux-gnu/libpython3.10.so
[3.171s] -- Found PythonExtra: .so  
[3.444s] -- Found ament_lint_auto: 0.12.7 (/opt/ros/humble/share/ament_lint_auto/cmake)
[3.479s] -- Configuring done
[3.578s] -- Generating done
[3.583s] -- Build files have been written to: /home/inouemakoto/interbotix_ws/build/interbotix_xs_msgs
[3.605s] Invoked command in '/home/inouemakoto/interbotix_ws/build/interbotix_xs_msgs' returned '0': CMAKE_PREFIX_PATH=${CMAKE_PREFIX_PATH}:/home/inouemakoto/interbotix_ws/install/moveit_service:/home/inouemakoto/interbotix_ws/install/interbotix_xs_modules:/home/inouemakoto/interbotix_ws/install/interbotix_common_modules:/home/inouemakoto/ws_moveit2/install/moveit_configs_utils:/home/inouemakoto/ws_moveit2/install/launch_param_builder:/home/inouemakoto/install/moveit_service:/home/inouemakoto/install/interbotix_xs_modules:/home/inouemakoto/install/interbotix_common_modules:/opt/ros/humble /usr/bin/cmake /home/inouemakoto/interbotix_ws/src/interbotix_ros_core/interbotix_ros_xseries/interbotix_xs_msgs -DCMAKE_INSTALL_PREFIX=/home/inouemakoto/interbotix_ws/install/interbotix_xs_msgs
[3.607s] Invoking command in '/home/inouemakoto/interbotix_ws/build/interbotix_xs_msgs': CMAKE_PREFIX_PATH=${CMAKE_PREFIX_PATH}:/home/inouemakoto/interbotix_ws/install/moveit_service:/home/inouemakoto/interbotix_ws/install/interbotix_xs_modules:/home/inouemakoto/interbotix_ws/install/interbotix_common_modules:/home/inouemakoto/ws_moveit2/install/moveit_configs_utils:/home/inouemakoto/ws_moveit2/install/launch_param_builder:/home/inouemakoto/install/moveit_service:/home/inouemakoto/install/interbotix_xs_modules:/home/inouemakoto/install/interbotix_common_modules:/opt/ros/humble /usr/bin/cmake --build /home/inouemakoto/interbotix_ws/build/interbotix_xs_msgs -- -j20 -l20
[3.711s] [35m[1mConsolidate compiler generated dependencies of target interbotix_xs_msgs__rosidl_generator_c[0m
[3.746s] [ 12%] Built target interbotix_xs_msgs__rosidl_generator_c
[3.755s] [ 12%] Built target ament_cmake_python_copy_interbotix_xs_msgs
[3.755s] [ 12%] Built target interbotix_xs_msgs__cpp
[3.778s] [35m[1mConsolidate compiler generated dependencies of target interbotix_xs_msgs__rosidl_typesupport_fastrtps_c[0m
[3.787s] [35m[1mConsolidate compiler generated dependencies of target interbotix_xs_msgs__rosidl_typesupport_c[0m
[3.802s] [35m[1mConsolidate compiler generated dependencies of target interbotix_xs_msgs__rosidl_typesupport_introspection_c[0m
[3.819s] [35m[1mConsolidate compiler generated dependencies of target interbotix_xs_msgs__rosidl_typesupport_introspection_cpp[0m
[3.820s] [35m[1mConsolidate compiler generated dependencies of target interbotix_xs_msgs__rosidl_typesupport_fastrtps_cpp[0m
[3.829s] [ 24%] Built target interbotix_xs_msgs__rosidl_typesupport_c
[3.829s] [35m[1mConsolidate compiler generated dependencies of target interbotix_xs_msgs__rosidl_typesupport_cpp[0m
[3.847s] [ 36%] Built target interbotix_xs_msgs__rosidl_typesupport_introspection_c
[3.850s] [ 48%] Built target interbotix_xs_msgs__rosidl_typesupport_fastrtps_c
[3.882s] [ 49%] [32mBuilding CXX object CMakeFiles/interbotix_xs_msgs__rosidl_typesupport_cpp.dir/rosidl_typesupport_cpp/interbotix_xs_msgs/msg/arm_joy__type_support.cpp.o[0m
[3.891s] [ 49%] [32mBuilding CXX object CMakeFiles/interbotix_xs_msgs__rosidl_typesupport_cpp.dir/rosidl_typesupport_cpp/interbotix_xs_msgs/msg/joint_group_command__type_support.cpp.o[0m
[3.892s] [ 50%] [32mBuilding CXX object CMakeFiles/interbotix_xs_msgs__rosidl_typesupport_introspection_cpp.dir/rosidl_typesupport_introspection_cpp/interbotix_xs_msgs/msg/detail/arm_joy__type_support.cpp.o[0m
[3.896s] [ 52%] [32mBuilding CXX object CMakeFiles/interbotix_xs_msgs__rosidl_typesupport_cpp.dir/rosidl_typesupport_cpp/interbotix_xs_msgs/msg/hex_joy__type_support.cpp.o[0m
[3.896s] [ 52%] [32mBuilding CXX object CMakeFiles/interbotix_xs_msgs__rosidl_typesupport_cpp.dir/rosidl_typesupport_cpp/interbotix_xs_msgs/msg/joint_single_command__type_support.cpp.o[0m
[3.898s] [ 52%] [32mBuilding CXX object CMakeFiles/interbotix_xs_msgs__rosidl_typesupport_cpp.dir/rosidl_typesupport_cpp/interbotix_xs_msgs/msg/joint_trajectory_command__type_support.cpp.o[0m
[3.919s] [ 53%] [32mBuilding CXX object CMakeFiles/interbotix_xs_msgs__rosidl_typesupport_cpp.dir/rosidl_typesupport_cpp/interbotix_xs_msgs/msg/locobot_joy__type_support.cpp.o[0m
[3.919s] [ 54%] [32mBuilding CXX object CMakeFiles/interbotix_xs_msgs__rosidl_typesupport_fastrtps_cpp.dir/rosidl_typesupport_fastrtps_cpp/interbotix_xs_msgs/msg/detail/dds_fastrtps/arm_joy__type_support.cpp.o[0m
[3.926s] [ 55%] [32mBuilding CXX object CMakeFiles/interbotix_xs_msgs__rosidl_typesupport_cpp.dir/rosidl_typesupport_cpp/interbotix_xs_msgs/msg/turret_joy__type_support.cpp.o[0m
[3.930s] [ 55%] [32mBuilding CXX object CMakeFiles/interbotix_xs_msgs__rosidl_typesupport_introspection_cpp.dir/rosidl_typesupport_introspection_cpp/interbotix_xs_msgs/msg/detail/joint_single_command__type_support.cpp.o[0m
[3.930s] [ 56%] [32mBuilding CXX object CMakeFiles/interbotix_xs_msgs__rosidl_typesupport_introspection_cpp.dir/rosidl_typesupport_introspection_cpp/interbotix_xs_msgs/msg/detail/hex_joy__type_support.cpp.o[0m
[3.935s] [ 57%] [32mBuilding CXX object CMakeFiles/interbotix_xs_msgs__rosidl_typesupport_cpp.dir/rosidl_typesupport_cpp/interbotix_xs_msgs/msg/joint_temps__type_support.cpp.o[0m
[3.937s] [ 58%] [32mBuilding CXX object CMakeFiles/interbotix_xs_msgs__rosidl_typesupport_introspection_cpp.dir/rosidl_typesupport_introspection_cpp/interbotix_xs_msgs/msg/detail/joint_group_command__type_support.cpp.o[0m
[3.946s] [ 59%] [32mBuilding CXX object CMakeFiles/interbotix_xs_msgs__rosidl_typesupport_introspection_cpp.dir/rosidl_typesupport_introspection_cpp/interbotix_xs_msgs/msg/detail/joint_trajectory_command__type_support.cpp.o[0m
[3.946s] [ 60%] [32mBuilding CXX object CMakeFiles/interbotix_xs_msgs__rosidl_typesupport_fastrtps_cpp.dir/rosidl_typesupport_fastrtps_cpp/interbotix_xs_msgs/msg/detail/dds_fastrtps/hex_joy__type_support.cpp.o[0m
[3.961s] [ 61%] [32mBuilding CXX object CMakeFiles/interbotix_xs_msgs__rosidl_typesupport_fastrtps_cpp.dir/rosidl_typesupport_fastrtps_cpp/interbotix_xs_msgs/msg/detail/dds_fastrtps/joint_single_command__type_support.cpp.o[0m
[3.962s] [ 62%] [32mBuilding CXX object CMakeFiles/interbotix_xs_msgs__rosidl_typesupport_introspection_cpp.dir/rosidl_typesupport_introspection_cpp/interbotix_xs_msgs/msg/detail/joint_temps__type_support.cpp.o[0m
[3.966s] [ 63%] [32mBuilding CXX object CMakeFiles/interbotix_xs_msgs__rosidl_typesupport_introspection_cpp.dir/rosidl_typesupport_introspection_cpp/interbotix_xs_msgs/msg/detail/locobot_joy__type_support.cpp.o[0m
[3.981s] [ 63%] [32mBuilding CXX object CMakeFiles/interbotix_xs_msgs__rosidl_typesupport_fastrtps_cpp.dir/rosidl_typesupport_fastrtps_cpp/interbotix_xs_msgs/msg/detail/dds_fastrtps/joint_group_command__type_support.cpp.o[0m
[4.510s] [ 64%] [32mBuilding CXX object CMakeFiles/interbotix_xs_msgs__rosidl_typesupport_cpp.dir/rosidl_typesupport_cpp/interbotix_xs_msgs/srv/motor_gains__type_support.cpp.o[0m
[4.590s] [ 64%] [32mBuilding CXX object CMakeFiles/interbotix_xs_msgs__rosidl_typesupport_cpp.dir/rosidl_typesupport_cpp/interbotix_xs_msgs/srv/operating_modes__type_support.cpp.o[0m
[4.672s] [ 65%] [32mBuilding CXX object CMakeFiles/interbotix_xs_msgs__rosidl_typesupport_cpp.dir/rosidl_typesupport_cpp/interbotix_xs_msgs/srv/reboot__type_support.cpp.o[0m
[4.712s] running egg_info
[4.732s] writing interbotix_xs_msgs.egg-info/PKG-INFO
[4.733s] writing dependency_links to interbotix_xs_msgs.egg-info/dependency_links.txt
[4.733s] writing top-level names to interbotix_xs_msgs.egg-info/top_level.txt
[4.754s] reading manifest file 'interbotix_xs_msgs.egg-info/SOURCES.txt'
[4.756s] writing manifest file 'interbotix_xs_msgs.egg-info/SOURCES.txt'
[4.758s] [ 65%] [32mBuilding CXX object CMakeFiles/interbotix_xs_msgs__rosidl_typesupport_introspection_cpp.dir/rosidl_typesupport_introspection_cpp/interbotix_xs_msgs/msg/detail/turret_joy__type_support.cpp.o[0m
[4.781s] [ 66%] [32mBuilding CXX object CMakeFiles/interbotix_xs_msgs__rosidl_typesupport_introspection_cpp.dir/rosidl_typesupport_introspection_cpp/interbotix_xs_msgs/srv/detail/motor_gains__type_support.cpp.o[0m
[4.788s] [ 67%] [32mBuilding CXX object CMakeFiles/interbotix_xs_msgs__rosidl_typesupport_fastrtps_cpp.dir/rosidl_typesupport_fastrtps_cpp/interbotix_xs_msgs/msg/detail/dds_fastrtps/joint_temps__type_support.cpp.o[0m
[4.823s] [ 69%] [32mBuilding CXX object CMakeFiles/interbotix_xs_msgs__rosidl_typesupport_fastrtps_cpp.dir/rosidl_typesupport_fastrtps_cpp/interbotix_xs_msgs/msg/detail/dds_fastrtps/joint_trajectory_command__type_support.cpp.o[0m
[4.828s] [ 69%] [32mBuilding CXX object CMakeFiles/interbotix_xs_msgs__rosidl_typesupport_cpp.dir/rosidl_typesupport_cpp/interbotix_xs_msgs/srv/register_values__type_support.cpp.o[0m
[4.842s] [ 70%] [32mBuilding CXX object CMakeFiles/interbotix_xs_msgs__rosidl_typesupport_introspection_cpp.dir/rosidl_typesupport_introspection_cpp/interbotix_xs_msgs/srv/detail/operating_modes__type_support.cpp.o[0m
[4.964s] [ 70%] Built target ament_cmake_python_build_interbotix_xs_msgs_egg
[4.988s] [ 71%] [32mBuilding CXX object CMakeFiles/interbotix_xs_msgs__rosidl_typesupport_cpp.dir/rosidl_typesupport_cpp/interbotix_xs_msgs/srv/robot_info__type_support.cpp.o[0m
[4.994s] [ 71%] [32mBuilding CXX object CMakeFiles/interbotix_xs_msgs__rosidl_typesupport_introspection_cpp.dir/rosidl_typesupport_introspection_cpp/interbotix_xs_msgs/srv/detail/register_values__type_support.cpp.o[0m
[5.034s] [ 72%] [32mBuilding CXX object CMakeFiles/interbotix_xs_msgs__rosidl_typesupport_introspection_cpp.dir/rosidl_typesupport_introspection_cpp/interbotix_xs_msgs/srv/detail/reboot__type_support.cpp.o[0m
[5.039s] [ 73%] [32mBuilding CXX object CMakeFiles/interbotix_xs_msgs__rosidl_typesupport_introspection_cpp.dir/rosidl_typesupport_introspection_cpp/interbotix_xs_msgs/srv/detail/torque_enable__type_support.cpp.o[0m
[5.045s] [ 73%] [32mBuilding CXX object CMakeFiles/interbotix_xs_msgs__rosidl_typesupport_fastrtps_cpp.dir/rosidl_typesupport_fastrtps_cpp/interbotix_xs_msgs/msg/detail/dds_fastrtps/locobot_joy__type_support.cpp.o[0m
[5.046s] [ 74%] [32mBuilding CXX object CMakeFiles/interbotix_xs_msgs__rosidl_typesupport_introspection_cpp.dir/rosidl_typesupport_introspection_cpp/interbotix_xs_msgs/srv/detail/robot_info__type_support.cpp.o[0m
[5.074s] [ 74%] [32mBuilding CXX object CMakeFiles/interbotix_xs_msgs__rosidl_typesupport_cpp.dir/rosidl_typesupport_cpp/interbotix_xs_msgs/srv/torque_enable__type_support.cpp.o[0m
[5.129s] [ 75%] [32mBuilding CXX object CMakeFiles/interbotix_xs_msgs__rosidl_typesupport_fastrtps_cpp.dir/rosidl_typesupport_fastrtps_cpp/interbotix_xs_msgs/msg/detail/dds_fastrtps/turret_joy__type_support.cpp.o[0m
[5.239s] [ 76%] [32mBuilding CXX object CMakeFiles/interbotix_xs_msgs__rosidl_typesupport_fastrtps_cpp.dir/rosidl_typesupport_fastrtps_cpp/interbotix_xs_msgs/srv/detail/dds_fastrtps/motor_gains__type_support.cpp.o[0m
[5.249s] [ 77%] [32mBuilding CXX object CMakeFiles/interbotix_xs_msgs__rosidl_typesupport_fastrtps_cpp.dir/rosidl_typesupport_fastrtps_cpp/interbotix_xs_msgs/srv/detail/dds_fastrtps/operating_modes__type_support.cpp.o[0m
[5.273s] [ 77%] [32mBuilding CXX object CMakeFiles/interbotix_xs_msgs__rosidl_typesupport_fastrtps_cpp.dir/rosidl_typesupport_fastrtps_cpp/interbotix_xs_msgs/srv/detail/dds_fastrtps/reboot__type_support.cpp.o[0m
[5.298s] [ 78%] [32mBuilding CXX object CMakeFiles/interbotix_xs_msgs__rosidl_typesupport_fastrtps_cpp.dir/rosidl_typesupport_fastrtps_cpp/interbotix_xs_msgs/srv/detail/dds_fastrtps/register_values__type_support.cpp.o[0m
[5.322s] [ 79%] [32mBuilding CXX object CMakeFiles/interbotix_xs_msgs__rosidl_typesupport_fastrtps_cpp.dir/rosidl_typesupport_fastrtps_cpp/interbotix_xs_msgs/srv/detail/dds_fastrtps/robot_info__type_support.cpp.o[0m
[5.357s] [ 80%] [32mBuilding CXX object CMakeFiles/interbotix_xs_msgs__rosidl_typesupport_fastrtps_cpp.dir/rosidl_typesupport_fastrtps_cpp/interbotix_xs_msgs/srv/detail/dds_fastrtps/torque_enable__type_support.cpp.o[0m
[5.712s] [ 81%] [32m[1mLinking CXX shared library libinterbotix_xs_msgs__rosidl_typesupport_cpp.so[0m
[5.856s] [ 82%] Built target interbotix_xs_msgs__rosidl_typesupport_cpp
[6.014s] [ 83%] [32m[1mLinking CXX shared library libinterbotix_xs_msgs__rosidl_typesupport_introspection_cpp.so[0m
[6.118s] [ 83%] Built target interbotix_xs_msgs__rosidl_typesupport_introspection_cpp
[6.216s] [ 83%] [32m[1mLinking CXX shared library libinterbotix_xs_msgs__rosidl_typesupport_fastrtps_cpp.so[0m
[6.303s] [ 84%] Built target interbotix_xs_msgs__rosidl_typesupport_fastrtps_cpp
[6.333s] [ 84%] Built target interbotix_xs_msgs
[6.363s] [ 85%] Built target interbotix_xs_msgs__py
[6.381s] [35m[1mConsolidate compiler generated dependencies of target interbotix_xs_msgs__rosidl_generator_py[0m
[6.408s] [ 96%] Built target interbotix_xs_msgs__rosidl_generator_py
[6.423s] [35m[1mConsolidate compiler generated dependencies of target interbotix_xs_msgs__rosidl_typesupport_introspection_c__pyext[0m
[6.424s] [35m[1mConsolidate compiler generated dependencies of target interbotix_xs_msgs__rosidl_typesupport_fastrtps_c__pyext[0m
[6.424s] [35m[1mConsolidate compiler generated dependencies of target interbotix_xs_msgs__rosidl_typesupport_c__pyext[0m
[6.441s] [ 99%] Built target interbotix_xs_msgs__rosidl_typesupport_fastrtps_c__pyext
[6.441s] [ 99%] Built target interbotix_xs_msgs__rosidl_typesupport_c__pyext
[6.441s] [100%] Built target interbotix_xs_msgs__rosidl_typesupport_introspection_c__pyext
[6.455s] Invoked command in '/home/inouemakoto/interbotix_ws/build/interbotix_xs_msgs' returned '0': CMAKE_PREFIX_PATH=${CMAKE_PREFIX_PATH}:/home/inouemakoto/interbotix_ws/install/moveit_service:/home/inouemakoto/interbotix_ws/install/interbotix_xs_modules:/home/inouemakoto/interbotix_ws/install/interbotix_common_modules:/home/inouemakoto/ws_moveit2/install/moveit_configs_utils:/home/inouemakoto/ws_moveit2/install/launch_param_builder:/home/inouemakoto/install/moveit_service:/home/inouemakoto/install/interbotix_xs_modules:/home/inouemakoto/install/interbotix_common_modules:/opt/ros/humble /usr/bin/cmake --build /home/inouemakoto/interbotix_ws/build/interbotix_xs_msgs -- -j20 -l20
[6.955s] Invoking command in '/home/inouemakoto/interbotix_ws/build/interbotix_xs_msgs': CMAKE_PREFIX_PATH=${CMAKE_PREFIX_PATH}:/home/inouemakoto/interbotix_ws/install/moveit_service:/home/inouemakoto/interbotix_ws/install/interbotix_xs_modules:/home/inouemakoto/interbotix_ws/install/interbotix_common_modules:/home/inouemakoto/ws_moveit2/install/moveit_configs_utils:/home/inouemakoto/ws_moveit2/install/launch_param_builder:/home/inouemakoto/install/moveit_service:/home/inouemakoto/install/interbotix_xs_modules:/home/inouemakoto/install/interbotix_common_modules:/opt/ros/humble /usr/bin/cmake --install /home/inouemakoto/interbotix_ws/build/interbotix_xs_msgs
[6.965s] -- Install configuration: ""
[6.965s] -- Up-to-date: /home/inouemakoto/interbotix_ws/install/interbotix_xs_msgs/share/ament_index/resource_index/rosidl_interfaces/interbotix_xs_msgs
[6.965s] -- Up-to-date: /home/inouemakoto/interbotix_ws/install/interbotix_xs_msgs/include/interbotix_xs_msgs/interbotix_xs_msgs
[6.965s] -- Up-to-date: /home/inouemakoto/interbotix_ws/install/interbotix_xs_msgs/include/interbotix_xs_msgs/interbotix_xs_msgs/srv
[6.965s] -- Up-to-date: /home/inouemakoto/interbotix_ws/install/interbotix_xs_msgs/include/interbotix_xs_msgs/interbotix_xs_msgs/srv/reboot.h
[6.966s] -- Up-to-date: /home/inouemakoto/interbotix_ws/install/interbotix_xs_msgs/include/interbotix_xs_msgs/interbotix_xs_msgs/srv/torque_enable.h
[6.966s] -- Up-to-date: /home/inouemakoto/interbotix_ws/install/interbotix_xs_msgs/include/interbotix_xs_msgs/interbotix_xs_msgs/srv/operating_modes.h
[6.966s] -- Up-to-date: /home/inouemakoto/interbotix_ws/install/interbotix_xs_msgs/include/interbotix_xs_msgs/interbotix_xs_msgs/srv/detail
[6.966s] -- Up-to-date: /home/inouemakoto/interbotix_ws/install/interbotix_xs_msgs/include/interbotix_xs_msgs/interbotix_xs_msgs/srv/detail/operating_modes__functions.h
[6.966s] -- Up-to-date: /home/inouemakoto/interbotix_ws/install/interbotix_xs_msgs/include/interbotix_xs_msgs/interbotix_xs_msgs/srv/detail/robot_info__type_support.h
[6.966s] -- Up-to-date: /home/inouemakoto/interbotix_ws/install/interbotix_xs_msgs/include/interbotix_xs_msgs/interbotix_xs_msgs/srv/detail/reboot__struct.h
[6.966s] -- Up-to-date: /home/inouemakoto/interbotix_ws/install/interbotix_xs_msgs/include/interbotix_xs_msgs/interbotix_xs_msgs/srv/detail/reboot__functions.h
[6.966s] -- Up-to-date: /home/inouemakoto/interbotix_ws/install/interbotix_xs_msgs/include/interbotix_xs_msgs/interbotix_xs_msgs/srv/detail/torque_enable__functions.h
[6.966s] -- Up-to-date: /home/inouemakoto/interbotix_ws/install/interbotix_xs_msgs/include/interbotix_xs_msgs/interbotix_xs_msgs/srv/detail/robot_info__struct.h
[6.967s] -- Up-to-date: /home/inouemakoto/interbotix_ws/install/interbotix_xs_msgs/include/interbotix_xs_msgs/interbotix_xs_msgs/srv/detail/reboot__functions.c
[6.967s] -- Up-to-date: /home/inouemakoto/interbotix_ws/install/interbotix_xs_msgs/include/interbotix_xs_msgs/interbotix_xs_msgs/srv/detail/motor_gains__struct.h
[6.967s] -- Up-to-date: /home/inouemakoto/interbotix_ws/install/interbotix_xs_msgs/include/interbotix_xs_msgs/interbotix_xs_msgs/srv/detail/torque_enable__type_support.h
[6.967s] -- Up-to-date: /home/inouemakoto/interbotix_ws/install/interbotix_xs_msgs/include/interbotix_xs_msgs/interbotix_xs_msgs/srv/detail/register_values__functions.c
[6.967s] -- Up-to-date: /home/inouemakoto/interbotix_ws/install/interbotix_xs_msgs/include/interbotix_xs_msgs/interbotix_xs_msgs/srv/detail/operating_modes__type_support.h
[6.967s] -- Up-to-date: /home/inouemakoto/interbotix_ws/install/interbotix_xs_msgs/include/interbotix_xs_msgs/interbotix_xs_msgs/srv/detail/robot_info__functions.h
[6.967s] -- Up-to-date: /home/inouemakoto/interbotix_ws/install/interbotix_xs_msgs/include/interbotix_xs_msgs/interbotix_xs_msgs/srv/detail/operating_modes__functions.c
[6.967s] -- Up-to-date: /home/inouemakoto/interbotix_ws/install/interbotix_xs_msgs/include/interbotix_xs_msgs/interbotix_xs_msgs/srv/detail/torque_enable__functions.c
[6.968s] -- Up-to-date: /home/inouemakoto/interbotix_ws/install/interbotix_xs_msgs/include/interbotix_xs_msgs/interbotix_xs_msgs/srv/detail/reboot__type_support.h
[6.968s] -- Up-to-date: /home/inouemakoto/interbotix_ws/install/interbotix_xs_msgs/include/interbotix_xs_msgs/interbotix_xs_msgs/srv/detail/register_values__type_support.h
[6.968s] -- Up-to-date: /home/inouemakoto/interbotix_ws/install/interbotix_xs_msgs/include/interbotix_xs_msgs/interbotix_xs_msgs/srv/detail/motor_gains__functions.h
[6.968s] -- Up-to-date: /home/inouemakoto/interbotix_ws/install/interbotix_xs_msgs/include/interbotix_xs_msgs/interbotix_xs_msgs/srv/detail/operating_modes__struct.h
[6.968s] -- Up-to-date: /home/inouemakoto/interbotix_ws/install/interbotix_xs_msgs/include/interbotix_xs_msgs/interbotix_xs_msgs/srv/detail/register_values__functions.h
[6.968s] -- Up-to-date: /home/inouemakoto/interbotix_ws/install/interbotix_xs_msgs/include/interbotix_xs_msgs/interbotix_xs_msgs/srv/detail/register_values__struct.h
[6.968s] -- Up-to-date: /home/inouemakoto/interbotix_ws/install/interbotix_xs_msgs/include/interbotix_xs_msgs/interbotix_xs_msgs/srv/detail/motor_gains__type_support.h
[6.968s] -- Up-to-date: /home/inouemakoto/interbotix_ws/install/interbotix_xs_msgs/include/interbotix_xs_msgs/interbotix_xs_msgs/srv/detail/motor_gains__functions.c
[6.968s] -- Up-to-date: /home/inouemakoto/interbotix_ws/install/interbotix_xs_msgs/include/interbotix_xs_msgs/interbotix_xs_msgs/srv/detail/torque_enable__struct.h
[6.969s] -- Up-to-date: /home/inouemakoto/interbotix_ws/install/interbotix_xs_msgs/include/interbotix_xs_msgs/interbotix_xs_msgs/srv/detail/robot_info__functions.c
[6.969s] -- Up-to-date: /home/inouemakoto/interbotix_ws/install/interbotix_xs_msgs/include/interbotix_xs_msgs/interbotix_xs_msgs/srv/register_values.h
[6.969s] -- Up-to-date: /home/inouemakoto/interbotix_ws/install/interbotix_xs_msgs/include/interbotix_xs_msgs/interbotix_xs_msgs/srv/robot_info.h
[6.969s] -- Up-to-date: /home/inouemakoto/interbotix_ws/install/interbotix_xs_msgs/include/interbotix_xs_msgs/interbotix_xs_msgs/srv/motor_gains.h
[6.969s] -- Up-to-date: /home/inouemakoto/interbotix_ws/install/interbotix_xs_msgs/include/interbotix_xs_msgs/interbotix_xs_msgs/msg
[6.969s] -- Up-to-date: /home/inouemakoto/interbotix_ws/install/interbotix_xs_msgs/include/interbotix_xs_msgs/interbotix_xs_msgs/msg/locobot_joy.h
[6.969s] -- Up-to-date: /home/inouemakoto/interbotix_ws/install/interbotix_xs_msgs/include/interbotix_xs_msgs/interbotix_xs_msgs/msg/hex_joy.h
[6.969s] -- Up-to-date: /home/inouemakoto/interbotix_ws/install/interbotix_xs_msgs/include/interbotix_xs_msgs/interbotix_xs_msgs/msg/joint_trajectory_command.h
[6.969s] -- Up-to-date: /home/inouemakoto/interbotix_ws/install/interbotix_xs_msgs/include/interbotix_xs_msgs/interbotix_xs_msgs/msg/joint_group_command.h
[6.969s] -- Up-to-date: /home/inouemakoto/interbotix_ws/install/interbotix_xs_msgs/include/interbotix_xs_msgs/interbotix_xs_msgs/msg/arm_joy.h
[6.970s] -- Up-to-date: /home/inouemakoto/interbotix_ws/install/interbotix_xs_msgs/include/interbotix_xs_msgs/interbotix_xs_msgs/msg/rosidl_generator_c__visibility_control.h
[6.970s] -- Up-to-date: /home/inouemakoto/interbotix_ws/install/interbotix_xs_msgs/include/interbotix_xs_msgs/interbotix_xs_msgs/msg/joint_single_command.h
[6.970s] -- Up-to-date: /home/inouemakoto/interbotix_ws/install/interbotix_xs_msgs/include/interbotix_xs_msgs/interbotix_xs_msgs/msg/turret_joy.h
[6.970s] -- Up-to-date: /home/inouemakoto/interbotix_ws/install/interbotix_xs_msgs/include/interbotix_xs_msgs/interbotix_xs_msgs/msg/joint_temps.h
[6.970s] -- Up-to-date: /home/inouemakoto/interbotix_ws/install/interbotix_xs_msgs/include/interbotix_xs_msgs/interbotix_xs_msgs/msg/detail
[6.970s] -- Up-to-date: /home/inouemakoto/interbotix_ws/install/interbotix_xs_msgs/include/interbotix_xs_msgs/interbotix_xs_msgs/msg/detail/arm_joy__functions.c
[6.970s] -- Up-to-date: /home/inouemakoto/interbotix_ws/install/interbotix_xs_msgs/include/interbotix_xs_msgs/interbotix_xs_msgs/msg/detail/joint_group_command__functions.c
[6.970s] -- Up-to-date: /home/inouemakoto/interbotix_ws/install/interbotix_xs_msgs/include/interbotix_xs_msgs/interbotix_xs_msgs/msg/detail/locobot_joy__type_support.h
[6.970s] -- Up-to-date: /home/inouemakoto/interbotix_ws/install/interbotix_xs_msgs/include/interbotix_xs_msgs/interbotix_xs_msgs/msg/detail/joint_group_command__struct.h
[6.970s] -- Up-to-date: /home/inouemakoto/interbotix_ws/install/interbotix_xs_msgs/include/interbotix_xs_msgs/interbotix_xs_msgs/msg/detail/locobot_joy__struct.h
[6.971s] -- Up-to-date: /home/inouemakoto/interbotix_ws/install/interbotix_xs_msgs/include/interbotix_xs_msgs/interbotix_xs_msgs/msg/detail/turret_joy__functions.h
[6.971s] -- Up-to-date: /home/inouemakoto/interbotix_ws/install/interbotix_xs_msgs/include/interbotix_xs_msgs/interbotix_xs_msgs/msg/detail/joint_trajectory_command__struct.h
[6.971s] -- Up-to-date: /home/inouemakoto/interbotix_ws/install/interbotix_xs_msgs/include/interbotix_xs_msgs/interbotix_xs_msgs/msg/detail/hex_joy__functions.c
[6.971s] -- Up-to-date: /home/inouemakoto/interbotix_ws/install/interbotix_xs_msgs/include/interbotix_xs_msgs/interbotix_xs_msgs/msg/detail/turret_joy__type_support.h
[6.971s] -- Up-to-date: /home/inouemakoto/interbotix_ws/install/interbotix_xs_msgs/include/interbotix_xs_msgs/interbotix_xs_msgs/msg/detail/joint_temps__struct.h
[6.971s] -- Up-to-date: /home/inouemakoto/interbotix_ws/install/interbotix_xs_msgs/include/interbotix_xs_msgs/interbotix_xs_msgs/msg/detail/arm_joy__struct.h
[6.971s] -- Up-to-date: /home/inouemakoto/interbotix_ws/install/interbotix_xs_msgs/include/interbotix_xs_msgs/interbotix_xs_msgs/msg/detail/hex_joy__type_support.h
[6.971s] -- Up-to-date: /home/inouemakoto/interbotix_ws/install/interbotix_xs_msgs/include/interbotix_xs_msgs/interbotix_xs_msgs/msg/detail/joint_trajectory_command__functions.h
[6.971s] -- Up-to-date: /home/inouemakoto/interbotix_ws/install/interbotix_xs_msgs/include/interbotix_xs_msgs/interbotix_xs_msgs/msg/detail/turret_joy__functions.c
[6.971s] -- Up-to-date: /home/inouemakoto/interbotix_ws/install/interbotix_xs_msgs/include/interbotix_xs_msgs/interbotix_xs_msgs/msg/detail/joint_trajectory_command__type_support.h
[6.972s] -- Up-to-date: /home/inouemakoto/interbotix_ws/install/interbotix_xs_msgs/include/interbotix_xs_msgs/interbotix_xs_msgs/msg/detail/joint_temps__functions.c
[6.972s] -- Up-to-date: /home/inouemakoto/interbotix_ws/install/interbotix_xs_msgs/include/interbotix_xs_msgs/interbotix_xs_msgs/msg/detail/hex_joy__struct.h
[6.972s] -- Up-to-date: /home/inouemakoto/interbotix_ws/install/interbotix_xs_msgs/include/interbotix_xs_msgs/interbotix_xs_msgs/msg/detail/turret_joy__struct.h
[6.972s] -- Up-to-date: /home/inouemakoto/interbotix_ws/install/interbotix_xs_msgs/include/interbotix_xs_msgs/interbotix_xs_msgs/msg/detail/joint_group_command__functions.h
[6.972s] -- Up-to-date: /home/inouemakoto/interbotix_ws/install/interbotix_xs_msgs/include/interbotix_xs_msgs/interbotix_xs_msgs/msg/detail/hex_joy__functions.h
[6.972s] -- Up-to-date: /home/inouemakoto/interbotix_ws/install/interbotix_xs_msgs/include/interbotix_xs_msgs/interbotix_xs_msgs/msg/detail/joint_group_command__type_support.h
[6.972s] -- Up-to-date: /home/inouemakoto/interbotix_ws/install/interbotix_xs_msgs/include/interbotix_xs_msgs/interbotix_xs_msgs/msg/detail/joint_trajectory_command__functions.c
[6.972s] -- Up-to-date: /home/inouemakoto/interbotix_ws/install/interbotix_xs_msgs/include/interbotix_xs_msgs/interbotix_xs_msgs/msg/detail/arm_joy__type_support.h
[6.972s] -- Up-to-date: /home/inouemakoto/interbotix_ws/install/interbotix_xs_msgs/include/interbotix_xs_msgs/interbotix_xs_msgs/msg/detail/joint_single_command__type_support.h
[6.972s] -- Up-to-date: /home/inouemakoto/interbotix_ws/install/interbotix_xs_msgs/include/interbotix_xs_msgs/interbotix_xs_msgs/msg/detail/arm_joy__functions.h
[6.972s] -- Up-to-date: /home/inouemakoto/interbotix_ws/install/interbotix_xs_msgs/include/interbotix_xs_msgs/interbotix_xs_msgs/msg/detail/joint_single_command__functions.h
[6.972s] -- Up-to-date: /home/inouemakoto/interbotix_ws/install/interbotix_xs_msgs/include/interbotix_xs_msgs/interbotix_xs_msgs/msg/detail/joint_temps__type_support.h
[6.972s] -- Up-to-date: /home/inouemakoto/interbotix_ws/install/interbotix_xs_msgs/include/interbotix_xs_msgs/interbotix_xs_msgs/msg/detail/joint_single_command__functions.c
[6.973s] -- Up-to-date: /home/inouemakoto/interbotix_ws/install/interbotix_xs_msgs/include/interbotix_xs_msgs/interbotix_xs_msgs/msg/detail/joint_temps__functions.h
[6.973s] -- Up-to-date: /home/inouemakoto/interbotix_ws/install/interbotix_xs_msgs/include/interbotix_xs_msgs/interbotix_xs_msgs/msg/detail/locobot_joy__functions.c
[6.973s] -- Up-to-date: /home/inouemakoto/interbotix_ws/install/interbotix_xs_msgs/include/interbotix_xs_msgs/interbotix_xs_msgs/msg/detail/locobot_joy__functions.h
[6.973s] -- Up-to-date: /home/inouemakoto/interbotix_ws/install/interbotix_xs_msgs/include/interbotix_xs_msgs/interbotix_xs_msgs/msg/detail/joint_single_command__struct.h
[6.973s] -- Up-to-date: /home/inouemakoto/interbotix_ws/install/interbotix_xs_msgs/share/interbotix_xs_msgs/environment/library_path.sh
[6.973s] -- Installing: /home/inouemakoto/interbotix_ws/install/interbotix_xs_msgs/share/interbotix_xs_msgs/environment/library_path.dsv
[6.973s] -- Up-to-date: /home/inouemakoto/interbotix_ws/install/interbotix_xs_msgs/lib/libinterbotix_xs_msgs__rosidl_generator_c.so
[6.973s] -- Up-to-date: /home/inouemakoto/interbotix_ws/install/interbotix_xs_msgs/include/interbotix_xs_msgs/interbotix_xs_msgs
[6.973s] -- Up-to-date: /home/inouemakoto/interbotix_ws/install/interbotix_xs_msgs/include/interbotix_xs_msgs/interbotix_xs_msgs/srv
[6.973s] -- Up-to-date: /home/inouemakoto/interbotix_ws/install/interbotix_xs_msgs/include/interbotix_xs_msgs/interbotix_xs_msgs/srv/detail
[6.973s] -- Up-to-date: /home/inouemakoto/interbotix_ws/install/interbotix_xs_msgs/include/interbotix_xs_msgs/interbotix_xs_msgs/srv/detail/torque_enable__rosidl_typesupport_fastrtps_c.h
[6.973s] -- Up-to-date: /home/inouemakoto/interbotix_ws/install/interbotix_xs_msgs/include/interbotix_xs_msgs/interbotix_xs_msgs/srv/detail/robot_info__rosidl_typesupport_fastrtps_c.h
[6.973s] -- Up-to-date: /home/inouemakoto/interbotix_ws/install/interbotix_xs_msgs/include/interbotix_xs_msgs/interbotix_xs_msgs/srv/detail/reboot__rosidl_typesupport_fastrtps_c.h
[6.974s] -- Up-to-date: /home/inouemakoto/interbotix_ws/install/interbotix_xs_msgs/include/interbotix_xs_msgs/interbotix_xs_msgs/srv/detail/register_values__rosidl_typesupport_fastrtps_c.h
[6.974s] -- Up-to-date: /home/inouemakoto/interbotix_ws/install/interbotix_xs_msgs/include/interbotix_xs_msgs/interbotix_xs_msgs/srv/detail/operating_modes__rosidl_typesupport_fastrtps_c.h
[6.974s] -- Up-to-date: /home/inouemakoto/interbotix_ws/install/interbotix_xs_msgs/include/interbotix_xs_msgs/interbotix_xs_msgs/srv/detail/motor_gains__rosidl_typesupport_fastrtps_c.h
[6.974s] -- Up-to-date: /home/inouemakoto/interbotix_ws/install/interbotix_xs_msgs/include/interbotix_xs_msgs/interbotix_xs_msgs/msg
[6.974s] -- Up-to-date: /home/inouemakoto/interbotix_ws/install/interbotix_xs_msgs/include/interbotix_xs_msgs/interbotix_xs_msgs/msg/detail
[6.974s] -- Up-to-date: /home/inouemakoto/interbotix_ws/install/interbotix_xs_msgs/include/interbotix_xs_msgs/interbotix_xs_msgs/msg/detail/joint_group_command__rosidl_typesupport_fastrtps_c.h
[6.974s] -- Up-to-date: /home/inouemakoto/interbotix_ws/install/interbotix_xs_msgs/include/interbotix_xs_msgs/interbotix_xs_msgs/msg/detail/joint_trajectory_command__rosidl_typesupport_fastrtps_c.h
[6.974s] -- Up-to-date: /home/inouemakoto/interbotix_ws/install/interbotix_xs_msgs/include/interbotix_xs_msgs/interbotix_xs_msgs/msg/detail/joint_single_command__rosidl_typesupport_fastrtps_c.h
[6.974s] -- Up-to-date: /home/inouemakoto/interbotix_ws/install/interbotix_xs_msgs/include/interbotix_xs_msgs/interbotix_xs_msgs/msg/detail/locobot_joy__rosidl_typesupport_fastrtps_c.h
[6.974s] -- Up-to-date: /home/inouemakoto/interbotix_ws/install/interbotix_xs_msgs/include/interbotix_xs_msgs/interbotix_xs_msgs/msg/detail/turret_joy__rosidl_typesupport_fastrtps_c.h
[6.974s] -- Up-to-date: /home/inouemakoto/interbotix_ws/install/interbotix_xs_msgs/include/interbotix_xs_msgs/interbotix_xs_msgs/msg/detail/arm_joy__rosidl_typesupport_fastrtps_c.h
[6.974s] -- Up-to-date: /home/inouemakoto/interbotix_ws/install/interbotix_xs_msgs/include/interbotix_xs_msgs/interbotix_xs_msgs/msg/detail/joint_temps__rosidl_typesupport_fastrtps_c.h
[6.974s] -- Up-to-date: /home/inouemakoto/interbotix_ws/install/interbotix_xs_msgs/include/interbotix_xs_msgs/interbotix_xs_msgs/msg/detail/hex_joy__rosidl_typesupport_fastrtps_c.h
[6.975s] -- Up-to-date: /home/inouemakoto/interbotix_ws/install/interbotix_xs_msgs/include/interbotix_xs_msgs/interbotix_xs_msgs/msg/rosidl_typesupport_fastrtps_c__visibility_control.h
[6.975s] -- Up-to-date: /home/inouemakoto/interbotix_ws/install/interbotix_xs_msgs/lib/libinterbotix_xs_msgs__rosidl_typesupport_fastrtps_c.so
[6.975s] -- Up-to-date: /home/inouemakoto/interbotix_ws/install/interbotix_xs_msgs/include/interbotix_xs_msgs/interbotix_xs_msgs
[6.975s] -- Up-to-date: /home/inouemakoto/interbotix_ws/install/interbotix_xs_msgs/include/interbotix_xs_msgs/interbotix_xs_msgs/srv
[6.975s] -- Up-to-date: /home/inouemakoto/interbotix_ws/install/interbotix_xs_msgs/include/interbotix_xs_msgs/interbotix_xs_msgs/srv/detail
[6.975s] -- Up-to-date: /home/inouemakoto/interbotix_ws/install/interbotix_xs_msgs/include/interbotix_xs_msgs/interbotix_xs_msgs/srv/detail/torque_enable__rosidl_typesupport_introspection_c.h
[6.975s] -- Up-to-date: /home/inouemakoto/interbotix_ws/install/interbotix_xs_msgs/include/interbotix_xs_msgs/interbotix_xs_msgs/srv/detail/torque_enable__type_support.c
[6.975s] -- Up-to-date: /home/inouemakoto/interbotix_ws/install/interbotix_xs_msgs/include/interbotix_xs_msgs/interbotix_xs_msgs/srv/detail/motor_gains__type_support.c
[6.975s] -- Up-to-date: /home/inouemakoto/interbotix_ws/install/interbotix_xs_msgs/include/interbotix_xs_msgs/interbotix_xs_msgs/srv/detail/reboot__rosidl_typesupport_introspection_c.h
[6.975s] -- Up-to-date: /home/inouemakoto/interbotix_ws/install/interbotix_xs_msgs/include/interbotix_xs_msgs/interbotix_xs_msgs/srv/detail/robot_info__rosidl_typesupport_introspection_c.h
[6.975s] -- Up-to-date: /home/inouemakoto/interbotix_ws/install/interbotix_xs_msgs/include/interbotix_xs_msgs/interbotix_xs_msgs/srv/detail/reboot__type_support.c
[6.975s] -- Up-to-date: /home/inouemakoto/interbotix_ws/install/interbotix_xs_msgs/include/interbotix_xs_msgs/interbotix_xs_msgs/srv/detail/motor_gains__rosidl_typesupport_introspection_c.h
[6.975s] -- Up-to-date: /home/inouemakoto/interbotix_ws/install/interbotix_xs_msgs/include/interbotix_xs_msgs/interbotix_xs_msgs/srv/detail/operating_modes__type_support.c
[6.975s] -- Up-to-date: /home/inouemakoto/interbotix_ws/install/interbotix_xs_msgs/include/interbotix_xs_msgs/interbotix_xs_msgs/srv/detail/operating_modes__rosidl_typesupport_introspection_c.h
[6.976s] -- Up-to-date: /home/inouemakoto/interbotix_ws/install/interbotix_xs_msgs/include/interbotix_xs_msgs/interbotix_xs_msgs/srv/detail/register_values__rosidl_typesupport_introspection_c.h
[6.976s] -- Up-to-date: /home/inouemakoto/interbotix_ws/install/interbotix_xs_msgs/include/interbotix_xs_msgs/interbotix_xs_msgs/srv/detail/register_values__type_support.c
[6.976s] -- Up-to-date: /home/inouemakoto/interbotix_ws/install/interbotix_xs_msgs/include/interbotix_xs_msgs/interbotix_xs_msgs/srv/detail/robot_info__type_support.c
[6.976s] -- Up-to-date: /home/inouemakoto/interbotix_ws/install/interbotix_xs_msgs/include/interbotix_xs_msgs/interbotix_xs_msgs/msg
[6.976s] -- Up-to-date: /home/inouemakoto/interbotix_ws/install/interbotix_xs_msgs/include/interbotix_xs_msgs/interbotix_xs_msgs/msg/rosidl_typesupport_introspection_c__visibility_control.h
[6.976s] -- Up-to-date: /home/inouemakoto/interbotix_ws/install/interbotix_xs_msgs/include/interbotix_xs_msgs/interbotix_xs_msgs/msg/detail
[6.976s] -- Up-to-date: /home/inouemakoto/interbotix_ws/install/interbotix_xs_msgs/include/interbotix_xs_msgs/interbotix_xs_msgs/msg/detail/turret_joy__rosidl_typesupport_introspection_c.h
[6.976s] -- Up-to-date: /home/inouemakoto/interbotix_ws/install/interbotix_xs_msgs/include/interbotix_xs_msgs/interbotix_xs_msgs/msg/detail/hex_joy__type_support.c
[6.976s] -- Up-to-date: /home/inouemakoto/interbotix_ws/install/interbotix_xs_msgs/include/interbotix_xs_msgs/interbotix_xs_msgs/msg/detail/joint_group_command__rosidl_typesupport_introspection_c.h
[6.976s] -- Up-to-date: /home/inouemakoto/interbotix_ws/install/interbotix_xs_msgs/include/interbotix_xs_msgs/interbotix_xs_msgs/msg/detail/joint_trajectory_command__rosidl_typesupport_introspection_c.h
[6.976s] -- Up-to-date: /home/inouemakoto/interbotix_ws/install/interbotix_xs_msgs/include/interbotix_xs_msgs/interbotix_xs_msgs/msg/detail/joint_trajectory_command__type_support.c
[6.976s] -- Up-to-date: /home/inouemakoto/interbotix_ws/install/interbotix_xs_msgs/include/interbotix_xs_msgs/interbotix_xs_msgs/msg/detail/hex_joy__rosidl_typesupport_introspection_c.h
[6.976s] -- Up-to-date: /home/inouemakoto/interbotix_ws/install/interbotix_xs_msgs/include/interbotix_xs_msgs/interbotix_xs_msgs/msg/detail/joint_single_command__type_support.c
[6.977s] -- Up-to-date: /home/inouemakoto/interbotix_ws/install/interbotix_xs_msgs/include/interbotix_xs_msgs/interbotix_xs_msgs/msg/detail/arm_joy__rosidl_typesupport_introspection_c.h
[6.977s] -- Up-to-date: /home/inouemakoto/interbotix_ws/install/interbotix_xs_msgs/include/interbotix_xs_msgs/interbotix_xs_msgs/msg/detail/turret_joy__type_support.c
[6.977s] -- Up-to-date: /home/inouemakoto/interbotix_ws/install/interbotix_xs_msgs/include/interbotix_xs_msgs/interbotix_xs_msgs/msg/detail/joint_temps__type_support.c
[6.977s] -- Up-to-date: /home/inouemakoto/interbotix_ws/install/interbotix_xs_msgs/include/interbotix_xs_msgs/interbotix_xs_msgs/msg/detail/arm_joy__type_support.c
[6.977s] -- Up-to-date: /home/inouemakoto/interbotix_ws/install/interbotix_xs_msgs/include/interbotix_xs_msgs/interbotix_xs_msgs/msg/detail/locobot_joy__rosidl_typesupport_introspection_c.h
[6.977s] -- Up-to-date: /home/inouemakoto/interbotix_ws/install/interbotix_xs_msgs/include/interbotix_xs_msgs/interbotix_xs_msgs/msg/detail/joint_temps__rosidl_typesupport_introspection_c.h
[6.977s] -- Up-to-date: /home/inouemakoto/interbotix_ws/install/interbotix_xs_msgs/include/interbotix_xs_msgs/interbotix_xs_msgs/msg/detail/joint_single_command__rosidl_typesupport_introspection_c.h
[6.977s] -- Up-to-date: /home/inouemakoto/interbotix_ws/install/interbotix_xs_msgs/include/interbotix_xs_msgs/interbotix_xs_msgs/msg/detail/locobot_joy__type_support.c
[6.977s] -- Up-to-date: /home/inouemakoto/interbotix_ws/install/interbotix_xs_msgs/include/interbotix_xs_msgs/interbotix_xs_msgs/msg/detail/joint_group_command__type_support.c
[6.977s] -- Up-to-date: /home/inouemakoto/interbotix_ws/install/interbotix_xs_msgs/lib/libinterbotix_xs_msgs__rosidl_typesupport_introspection_c.so
[6.977s] -- Up-to-date: /home/inouemakoto/interbotix_ws/install/interbotix_xs_msgs/lib/libinterbotix_xs_msgs__rosidl_typesupport_c.so
[6.977s] -- Up-to-date: /home/inouemakoto/interbotix_ws/install/interbotix_xs_msgs/include/interbotix_xs_msgs/interbotix_xs_msgs
[6.977s] -- Up-to-date: /home/inouemakoto/interbotix_ws/install/interbotix_xs_msgs/include/interbotix_xs_msgs/interbotix_xs_msgs/srv
[6.978s] -- Up-to-date: /home/inouemakoto/interbotix_ws/install/interbotix_xs_msgs/include/interbotix_xs_msgs/interbotix_xs_msgs/srv/operating_modes.hpp
[6.978s] -- Up-to-date: /home/inouemakoto/interbotix_ws/install/interbotix_xs_msgs/include/interbotix_xs_msgs/interbotix_xs_msgs/srv/register_values.hpp
[6.978s] -- Up-to-date: /home/inouemakoto/interbotix_ws/install/interbotix_xs_msgs/include/interbotix_xs_msgs/interbotix_xs_msgs/srv/robot_info.hpp
[6.978s] -- Up-to-date: /home/inouemakoto/interbotix_ws/install/interbotix_xs_msgs/include/interbotix_xs_msgs/interbotix_xs_msgs/srv/reboot.hpp
[6.978s] -- Up-to-date: /home/inouemakoto/interbotix_ws/install/interbotix_xs_msgs/include/interbotix_xs_msgs/interbotix_xs_msgs/srv/motor_gains.hpp
[6.978s] -- Up-to-date: /home/inouemakoto/interbotix_ws/install/interbotix_xs_msgs/include/interbotix_xs_msgs/interbotix_xs_msgs/srv/detail
[6.978s] -- Up-to-date: /home/inouemakoto/interbotix_ws/install/interbotix_xs_msgs/include/interbotix_xs_msgs/interbotix_xs_msgs/srv/detail/torque_enable__traits.hpp
[6.978s] -- Up-to-date: /home/inouemakoto/interbotix_ws/install/interbotix_xs_msgs/include/interbotix_xs_msgs/interbotix_xs_msgs/srv/detail/operating_modes__builder.hpp
[6.978s] -- Up-to-date: /home/inouemakoto/interbotix_ws/install/interbotix_xs_msgs/include/interbotix_xs_msgs/interbotix_xs_msgs/srv/detail/register_values__traits.hpp
[6.978s] -- Up-to-date: /home/inouemakoto/interbotix_ws/install/interbotix_xs_msgs/include/interbotix_xs_msgs/interbotix_xs_msgs/srv/detail/torque_enable__builder.hpp
[6.978s] -- Up-to-date: /home/inouemakoto/interbotix_ws/install/interbotix_xs_msgs/include/interbotix_xs_msgs/interbotix_xs_msgs/srv/detail/register_values__struct.hpp
[6.978s] -- Up-to-date: /home/inouemakoto/interbotix_ws/install/interbotix_xs_msgs/include/interbotix_xs_msgs/interbotix_xs_msgs/srv/detail/robot_info__builder.hpp
[6.978s] -- Up-to-date: /home/inouemakoto/interbotix_ws/install/interbotix_xs_msgs/include/interbotix_xs_msgs/interbotix_xs_msgs/srv/detail/motor_gains__traits.hpp
[6.979s] -- Up-to-date: /home/inouemakoto/interbotix_ws/install/interbotix_xs_msgs/include/interbotix_xs_msgs/interbotix_xs_msgs/srv/detail/torque_enable__struct.hpp
[6.979s] -- Up-to-date: /home/inouemakoto/interbotix_ws/install/interbotix_xs_msgs/include/interbotix_xs_msgs/interbotix_xs_msgs/srv/detail/motor_gains__builder.hpp
[6.979s] -- Up-to-date: /home/inouemakoto/interbotix_ws/install/interbotix_xs_msgs/include/interbotix_xs_msgs/interbotix_xs_msgs/srv/detail/reboot__builder.hpp
[6.979s] -- Up-to-date: /home/inouemakoto/interbotix_ws/install/interbotix_xs_msgs/include/interbotix_xs_msgs/interbotix_xs_msgs/srv/detail/robot_info__struct.hpp
[6.979s] -- Up-to-date: /home/inouemakoto/interbotix_ws/install/interbotix_xs_msgs/include/interbotix_xs_msgs/interbotix_xs_msgs/srv/detail/robot_info__traits.hpp
[6.979s] -- Up-to-date: /home/inouemakoto/interbotix_ws/install/interbotix_xs_msgs/include/interbotix_xs_msgs/interbotix_xs_msgs/srv/detail/operating_modes__struct.hpp
[6.979s] -- Up-to-date: /home/inouemakoto/interbotix_ws/install/interbotix_xs_msgs/include/interbotix_xs_msgs/interbotix_xs_msgs/srv/detail/reboot__struct.hpp
[6.979s] -- Up-to-date: /home/inouemakoto/interbotix_ws/install/interbotix_xs_msgs/include/interbotix_xs_msgs/interbotix_xs_msgs/srv/detail/register_values__builder.hpp
[6.979s] -- Up-to-date: /home/inouemakoto/interbotix_ws/install/interbotix_xs_msgs/include/interbotix_xs_msgs/interbotix_xs_msgs/srv/detail/operating_modes__traits.hpp
[6.979s] -- Up-to-date: /home/inouemakoto/interbotix_ws/install/interbotix_xs_msgs/include/interbotix_xs_msgs/interbotix_xs_msgs/srv/detail/motor_gains__struct.hpp
[6.979s] -- Up-to-date: /home/inouemakoto/interbotix_ws/install/interbotix_xs_msgs/include/interbotix_xs_msgs/interbotix_xs_msgs/srv/detail/reboot__traits.hpp
[6.979s] -- Up-to-date: /home/inouemakoto/interbotix_ws/install/interbotix_xs_msgs/include/interbotix_xs_msgs/interbotix_xs_msgs/srv/torque_enable.hpp
[6.979s] -- Up-to-date: /home/inouemakoto/interbotix_ws/install/interbotix_xs_msgs/include/interbotix_xs_msgs/interbotix_xs_msgs/msg
[6.980s] -- Up-to-date: /home/inouemakoto/interbotix_ws/install/interbotix_xs_msgs/include/interbotix_xs_msgs/interbotix_xs_msgs/msg/arm_joy.hpp
[6.980s] -- Up-to-date: /home/inouemakoto/interbotix_ws/install/interbotix_xs_msgs/include/interbotix_xs_msgs/interbotix_xs_msgs/msg/locobot_joy.hpp
[6.980s] -- Up-to-date: /home/inouemakoto/interbotix_ws/install/interbotix_xs_msgs/include/interbotix_xs_msgs/interbotix_xs_msgs/msg/hex_joy.hpp
[6.980s] -- Up-to-date: /home/inouemakoto/interbotix_ws/install/interbotix_xs_msgs/include/interbotix_xs_msgs/interbotix_xs_msgs/msg/joint_temps.hpp
[6.980s] -- Up-to-date: /home/inouemakoto/interbotix_ws/install/interbotix_xs_msgs/include/interbotix_xs_msgs/interbotix_xs_msgs/msg/joint_group_command.hpp
[6.980s] -- Up-to-date: /home/inouemakoto/interbotix_ws/install/interbotix_xs_msgs/include/interbotix_xs_msgs/interbotix_xs_msgs/msg/joint_trajectory_command.hpp
[6.980s] -- Up-to-date: /home/inouemakoto/interbotix_ws/install/interbotix_xs_msgs/include/interbotix_xs_msgs/interbotix_xs_msgs/msg/joint_single_command.hpp
[6.980s] -- Up-to-date: /home/inouemakoto/interbotix_ws/install/interbotix_xs_msgs/include/interbotix_xs_msgs/interbotix_xs_msgs/msg/turret_joy.hpp
[6.980s] -- Up-to-date: /home/inouemakoto/interbotix_ws/install/interbotix_xs_msgs/include/interbotix_xs_msgs/interbotix_xs_msgs/msg/detail
[6.980s] -- Up-to-date: /home/inouemakoto/interbotix_ws/install/interbotix_xs_msgs/include/interbotix_xs_msgs/interbotix_xs_msgs/msg/detail/joint_trajectory_command__traits.hpp
[6.980s] -- Up-to-date: /home/inouemakoto/interbotix_ws/install/interbotix_xs_msgs/include/interbotix_xs_msgs/interbotix_xs_msgs/msg/detail/joint_single_command__traits.hpp
[6.980s] -- Up-to-date: /home/inouemakoto/interbotix_ws/install/interbotix_xs_msgs/include/interbotix_xs_msgs/interbotix_xs_msgs/msg/detail/joint_group_command__traits.hpp
[6.980s] -- Up-to-date: /home/inouemakoto/interbotix_ws/install/interbotix_xs_msgs/include/interbotix_xs_msgs/interbotix_xs_msgs/msg/detail/arm_joy__traits.hpp
[6.981s] -- Up-to-date: /home/inouemakoto/interbotix_ws/install/interbotix_xs_msgs/include/interbotix_xs_msgs/interbotix_xs_msgs/msg/detail/joint_trajectory_command__builder.hpp
[6.981s] -- Up-to-date: /home/inouemakoto/interbotix_ws/install/interbotix_xs_msgs/include/interbotix_xs_msgs/interbotix_xs_msgs/msg/detail/joint_group_command__struct.hpp
[6.981s] -- Up-to-date: /home/inouemakoto/interbotix_ws/install/interbotix_xs_msgs/include/interbotix_xs_msgs/interbotix_xs_msgs/msg/detail/locobot_joy__traits.hpp
[6.981s] -- Up-to-date: /home/inouemakoto/interbotix_ws/install/interbotix_xs_msgs/include/interbotix_xs_msgs/interbotix_xs_msgs/msg/detail/arm_joy__builder.hpp
[6.981s] -- Up-to-date: /home/inouemakoto/interbotix_ws/install/interbotix_xs_msgs/include/interbotix_xs_msgs/interbotix_xs_msgs/msg/detail/hex_joy__traits.hpp
[6.981s] -- Up-to-date: /home/inouemakoto/interbotix_ws/install/interbotix_xs_msgs/include/interbotix_xs_msgs/interbotix_xs_msgs/msg/detail/joint_temps__struct.hpp
[6.981s] -- Up-to-date: /home/inouemakoto/interbotix_ws/install/interbotix_xs_msgs/include/interbotix_xs_msgs/interbotix_xs_msgs/msg/detail/turret_joy__struct.hpp
[6.981s] -- Up-to-date: /home/inouemakoto/interbotix_ws/install/interbotix_xs_msgs/include/interbotix_xs_msgs/interbotix_xs_msgs/msg/detail/joint_trajectory_command__struct.hpp
[6.981s] -- Up-to-date: /home/inouemakoto/interbotix_ws/install/interbotix_xs_msgs/include/interbotix_xs_msgs/interbotix_xs_msgs/msg/detail/joint_temps__builder.hpp
[6.981s] -- Up-to-date: /home/inouemakoto/interbotix_ws/install/interbotix_xs_msgs/include/interbotix_xs_msgs/interbotix_xs_msgs/msg/detail/hex_joy__struct.hpp
[6.981s] -- Up-to-date: /home/inouemakoto/interbotix_ws/install/interbotix_xs_msgs/include/interbotix_xs_msgs/interbotix_xs_msgs/msg/detail/joint_single_command__builder.hpp
[6.981s] -- Up-to-date: /home/inouemakoto/interbotix_ws/install/interbotix_xs_msgs/include/interbotix_xs_msgs/interbotix_xs_msgs/msg/detail/joint_temps__traits.hpp
[6.981s] -- Up-to-date: /home/inouemakoto/interbotix_ws/install/interbotix_xs_msgs/include/interbotix_xs_msgs/interbotix_xs_msgs/msg/detail/hex_joy__builder.hpp
[6.982s] -- Up-to-date: /home/inouemakoto/interbotix_ws/install/interbotix_xs_msgs/include/interbotix_xs_msgs/interbotix_xs_msgs/msg/detail/turret_joy__traits.hpp
[6.982s] -- Up-to-date: /home/inouemakoto/interbotix_ws/install/interbotix_xs_msgs/include/interbotix_xs_msgs/interbotix_xs_msgs/msg/detail/arm_joy__struct.hpp
[6.982s] -- Up-to-date: /home/inouemakoto/interbotix_ws/install/interbotix_xs_msgs/include/interbotix_xs_msgs/interbotix_xs_msgs/msg/detail/joint_single_command__struct.hpp
[6.982s] -- Up-to-date: /home/inouemakoto/interbotix_ws/install/interbotix_xs_msgs/include/interbotix_xs_msgs/interbotix_xs_msgs/msg/detail/joint_group_command__builder.hpp
[6.982s] -- Up-to-date: /home/inouemakoto/interbotix_ws/install/interbotix_xs_msgs/include/interbotix_xs_msgs/interbotix_xs_msgs/msg/detail/locobot_joy__builder.hpp
[6.982s] -- Up-to-date: /home/inouemakoto/interbotix_ws/install/interbotix_xs_msgs/include/interbotix_xs_msgs/interbotix_xs_msgs/msg/detail/locobot_joy__struct.hpp
[6.982s] -- Up-to-date: /home/inouemakoto/interbotix_ws/install/interbotix_xs_msgs/include/interbotix_xs_msgs/interbotix_xs_msgs/msg/detail/turret_joy__builder.hpp
[6.982s] -- Up-to-date: /home/inouemakoto/interbotix_ws/install/interbotix_xs_msgs/include/interbotix_xs_msgs/interbotix_xs_msgs
[6.982s] -- Up-to-date: /home/inouemakoto/interbotix_ws/install/interbotix_xs_msgs/include/interbotix_xs_msgs/interbotix_xs_msgs/srv
[6.982s] -- Up-to-date: /home/inouemakoto/interbotix_ws/install/interbotix_xs_msgs/include/interbotix_xs_msgs/interbotix_xs_msgs/srv/detail
[6.982s] -- Up-to-date: /home/inouemakoto/interbotix_ws/install/interbotix_xs_msgs/include/interbotix_xs_msgs/interbotix_xs_msgs/srv/detail/operating_modes__rosidl_typesupport_fastrtps_cpp.hpp
[6.982s] -- Up-to-date: /home/inouemakoto/interbotix_ws/install/interbotix_xs_msgs/include/interbotix_xs_msgs/interbotix_xs_msgs/srv/detail/dds_fastrtps
[6.982s] -- Up-to-date: /home/inouemakoto/interbotix_ws/install/interbotix_xs_msgs/include/interbotix_xs_msgs/interbotix_xs_msgs/srv/detail/torque_enable__rosidl_typesupport_fastrtps_cpp.hpp
[6.982s] -- Up-to-date: /home/inouemakoto/interbotix_ws/install/interbotix_xs_msgs/include/interbotix_xs_msgs/interbotix_xs_msgs/srv/detail/robot_info__rosidl_typesupport_fastrtps_cpp.hpp
[6.983s] -- Up-to-date: /home/inouemakoto/interbotix_ws/install/interbotix_xs_msgs/include/interbotix_xs_msgs/interbotix_xs_msgs/srv/detail/register_values__rosidl_typesupport_fastrtps_cpp.hpp
[6.983s] -- Up-to-date: /home/inouemakoto/interbotix_ws/install/interbotix_xs_msgs/include/interbotix_xs_msgs/interbotix_xs_msgs/srv/detail/motor_gains__rosidl_typesupport_fastrtps_cpp.hpp
[6.983s] -- Up-to-date: /home/inouemakoto/interbotix_ws/install/interbotix_xs_msgs/include/interbotix_xs_msgs/interbotix_xs_msgs/srv/detail/reboot__rosidl_typesupport_fastrtps_cpp.hpp
[6.983s] -- Up-to-date: /home/inouemakoto/interbotix_ws/install/interbotix_xs_msgs/include/interbotix_xs_msgs/interbotix_xs_msgs/msg
[6.983s] -- Up-to-date: /home/inouemakoto/interbotix_ws/install/interbotix_xs_msgs/include/interbotix_xs_msgs/interbotix_xs_msgs/msg/rosidl_typesupport_fastrtps_cpp__visibility_control.h
[6.983s] -- Up-to-date: /home/inouemakoto/interbotix_ws/install/interbotix_xs_msgs/include/interbotix_xs_msgs/interbotix_xs_msgs/msg/detail
[6.983s] -- Up-to-date: /home/inouemakoto/interbotix_ws/install/interbotix_xs_msgs/include/interbotix_xs_msgs/interbotix_xs_msgs/msg/detail/locobot_joy__rosidl_typesupport_fastrtps_cpp.hpp
[6.983s] -- Up-to-date: /home/inouemakoto/interbotix_ws/install/interbotix_xs_msgs/include/interbotix_xs_msgs/interbotix_xs_msgs/msg/detail/joint_trajectory_command__rosidl_typesupport_fastrtps_cpp.hpp
[6.983s] -- Up-to-date: /home/inouemakoto/interbotix_ws/install/interbotix_xs_msgs/include/interbotix_xs_msgs/interbotix_xs_msgs/msg/detail/hex_joy__rosidl_typesupport_fastrtps_cpp.hpp
[6.983s] -- Up-to-date: /home/inouemakoto/interbotix_ws/install/interbotix_xs_msgs/include/interbotix_xs_msgs/interbotix_xs_msgs/msg/detail/dds_fastrtps
[6.983s] -- Up-to-date: /home/inouemakoto/interbotix_ws/install/interbotix_xs_msgs/include/interbotix_xs_msgs/interbotix_xs_msgs/msg/detail/arm_joy__rosidl_typesupport_fastrtps_cpp.hpp
[6.983s] -- Up-to-date: /home/inouemakoto/interbotix_ws/install/interbotix_xs_msgs/include/interbotix_xs_msgs/interbotix_xs_msgs/msg/detail/joint_temps__rosidl_typesupport_fastrtps_cpp.hpp
[6.983s] -- Up-to-date: /home/inouemakoto/interbotix_ws/install/interbotix_xs_msgs/include/interbotix_xs_msgs/interbotix_xs_msgs/msg/detail/joint_group_command__rosidl_typesupport_fastrtps_cpp.hpp
[6.984s] -- Up-to-date: /home/inouemakoto/interbotix_ws/install/interbotix_xs_msgs/include/interbotix_xs_msgs/interbotix_xs_msgs/msg/detail/joint_single_command__rosidl_typesupport_fastrtps_cpp.hpp
[6.984s] -- Up-to-date: /home/inouemakoto/interbotix_ws/install/interbotix_xs_msgs/include/interbotix_xs_msgs/interbotix_xs_msgs/msg/detail/turret_joy__rosidl_typesupport_fastrtps_cpp.hpp
[6.984s] -- Installing: /home/inouemakoto/interbotix_ws/install/interbotix_xs_msgs/lib/libinterbotix_xs_msgs__rosidl_typesupport_fastrtps_cpp.so
[6.984s] -- Set runtime path of "/home/inouemakoto/interbotix_ws/install/interbotix_xs_msgs/lib/libinterbotix_xs_msgs__rosidl_typesupport_fastrtps_cpp.so" to ""
[6.984s] -- Up-to-date: /home/inouemakoto/interbotix_ws/install/interbotix_xs_msgs/include/interbotix_xs_msgs/interbotix_xs_msgs
[6.984s] -- Up-to-date: /home/inouemakoto/interbotix_ws/install/interbotix_xs_msgs/include/interbotix_xs_msgs/interbotix_xs_msgs/srv
[6.984s] -- Up-to-date: /home/inouemakoto/interbotix_ws/install/interbotix_xs_msgs/include/interbotix_xs_msgs/interbotix_xs_msgs/srv/detail
[6.984s] -- Up-to-date: /home/inouemakoto/interbotix_ws/install/interbotix_xs_msgs/include/interbotix_xs_msgs/interbotix_xs_msgs/srv/detail/reboot__type_support.cpp
[6.984s] -- Up-to-date: /home/inouemakoto/interbotix_ws/install/interbotix_xs_msgs/include/interbotix_xs_msgs/interbotix_xs_msgs/srv/detail/register_values__rosidl_typesupport_introspection_cpp.hpp
[6.984s] -- Up-to-date: /home/inouemakoto/interbotix_ws/install/interbotix_xs_msgs/include/interbotix_xs_msgs/interbotix_xs_msgs/srv/detail/operating_modes__rosidl_typesupport_introspection_cpp.hpp
[6.984s] -- Up-to-date: /home/inouemakoto/interbotix_ws/install/interbotix_xs_msgs/include/interbotix_xs_msgs/interbotix_xs_msgs/srv/detail/operating_modes__type_support.cpp
[6.984s] -- Up-to-date: /home/inouemakoto/interbotix_ws/install/interbotix_xs_msgs/include/interbotix_xs_msgs/interbotix_xs_msgs/srv/detail/register_values__type_support.cpp
[6.984s] -- Up-to-date: /home/inouemakoto/interbotix_ws/install/interbotix_xs_msgs/include/interbotix_xs_msgs/interbotix_xs_msgs/srv/detail/robot_info__type_support.cpp
[6.985s] -- Up-to-date: /home/inouemakoto/interbotix_ws/install/interbotix_xs_msgs/include/interbotix_xs_msgs/interbotix_xs_msgs/srv/detail/robot_info__rosidl_typesupport_introspection_cpp.hpp
[6.985s] -- Up-to-date: /home/inouemakoto/interbotix_ws/install/interbotix_xs_msgs/include/interbotix_xs_msgs/interbotix_xs_msgs/srv/detail/motor_gains__rosidl_typesupport_introspection_cpp.hpp
[6.985s] -- Up-to-date: /home/inouemakoto/interbotix_ws/install/interbotix_xs_msgs/include/interbotix_xs_msgs/interbotix_xs_msgs/srv/detail/motor_gains__type_support.cpp
[6.985s] -- Up-to-date: /home/inouemakoto/interbotix_ws/install/interbotix_xs_msgs/include/interbotix_xs_msgs/interbotix_xs_msgs/srv/detail/torque_enable__rosidl_typesupport_introspection_cpp.hpp
[6.985s] -- Up-to-date: /home/inouemakoto/interbotix_ws/install/interbotix_xs_msgs/include/interbotix_xs_msgs/interbotix_xs_msgs/srv/detail/reboot__rosidl_typesupport_introspection_cpp.hpp
[6.985s] -- Up-to-date: /home/inouemakoto/interbotix_ws/install/interbotix_xs_msgs/include/interbotix_xs_msgs/interbotix_xs_msgs/srv/detail/torque_enable__type_support.cpp
[6.985s] -- Up-to-date: /home/inouemakoto/interbotix_ws/install/interbotix_xs_msgs/include/interbotix_xs_msgs/interbotix_xs_msgs/msg
[6.985s] -- Up-to-date: /home/inouemakoto/interbotix_ws/install/interbotix_xs_msgs/include/interbotix_xs_msgs/interbotix_xs_msgs/msg/detail
[6.985s] -- Up-to-date: /home/inouemakoto/interbotix_ws/install/interbotix_xs_msgs/include/interbotix_xs_msgs/interbotix_xs_msgs/msg/detail/arm_joy__type_support.cpp
[6.985s] -- Up-to-date: /home/inouemakoto/interbotix_ws/install/interbotix_xs_msgs/include/interbotix_xs_msgs/interbotix_xs_msgs/msg/detail/hex_joy__type_support.cpp
[6.985s] -- Up-to-date: /home/inouemakoto/interbotix_ws/install/interbotix_xs_msgs/include/interbotix_xs_msgs/interbotix_xs_msgs/msg/detail/joint_trajectory_command__rosidl_typesupport_introspection_cpp.hpp
[6.985s] -- Up-to-date: /home/inouemakoto/interbotix_ws/install/interbotix_xs_msgs/include/interbotix_xs_msgs/interbotix_xs_msgs/msg/detail/arm_joy__rosidl_typesupport_introspection_cpp.hpp
[6.986s] -- Up-to-date: /home/inouemakoto/interbotix_ws/install/interbotix_xs_msgs/include/interbotix_xs_msgs/interbotix_xs_msgs/msg/detail/joint_trajectory_command__type_support.cpp
[6.986s] -- Up-to-date: /home/inouemakoto/interbotix_ws/install/interbotix_xs_msgs/include/interbotix_xs_msgs/interbotix_xs_msgs/msg/detail/joint_temps__type_support.cpp
[6.986s] -- Up-to-date: /home/inouemakoto/interbotix_ws/install/interbotix_xs_msgs/include/interbotix_xs_msgs/interbotix_xs_msgs/msg/detail/joint_single_command__type_support.cpp
[6.986s] -- Up-to-date: /home/inouemakoto/interbotix_ws/install/interbotix_xs_msgs/include/interbotix_xs_msgs/interbotix_xs_msgs/msg/detail/joint_group_command__type_support.cpp
[6.986s] -- Up-to-date: /home/inouemakoto/interbotix_ws/install/interbotix_xs_msgs/include/interbotix_xs_msgs/interbotix_xs_msgs/msg/detail/joint_single_command__rosidl_typesupport_introspection_cpp.hpp
[6.986s] -- Up-to-date: /home/inouemakoto/interbotix_ws/install/interbotix_xs_msgs/include/interbotix_xs_msgs/interbotix_xs_msgs/msg/detail/turret_joy__type_support.cpp
[6.986s] -- Up-to-date: /home/inouemakoto/interbotix_ws/install/interbotix_xs_msgs/include/interbotix_xs_msgs/interbotix_xs_msgs/msg/detail/hex_joy__rosidl_typesupport_introspection_cpp.hpp
[6.986s] -- Up-to-date: /home/inouemakoto/interbotix_ws/install/interbotix_xs_msgs/include/interbotix_xs_msgs/interbotix_xs_msgs/msg/detail/locobot_joy__type_support.cpp
[6.986s] -- Up-to-date: /home/inouemakoto/interbotix_ws/install/interbotix_xs_msgs/include/interbotix_xs_msgs/interbotix_xs_msgs/msg/detail/joint_group_command__rosidl_typesupport_introspection_cpp.hpp
[6.986s] -- Up-to-date: /home/inouemakoto/interbotix_ws/install/interbotix_xs_msgs/include/interbotix_xs_msgs/interbotix_xs_msgs/msg/detail/joint_temps__rosidl_typesupport_introspection_cpp.hpp
[6.986s] -- Up-to-date: /home/inouemakoto/interbotix_ws/install/interbotix_xs_msgs/include/interbotix_xs_msgs/interbotix_xs_msgs/msg/detail/turret_joy__rosidl_typesupport_introspection_cpp.hpp
[6.986s] -- Up-to-date: /home/inouemakoto/interbotix_ws/install/interbotix_xs_msgs/include/interbotix_xs_msgs/interbotix_xs_msgs/msg/detail/locobot_joy__rosidl_typesupport_introspection_cpp.hpp
[6.986s] -- Installing: /home/inouemakoto/interbotix_ws/install/interbotix_xs_msgs/lib/libinterbotix_xs_msgs__rosidl_typesupport_introspection_cpp.so
[6.987s] -- Set runtime path of "/home/inouemakoto/interbotix_ws/install/interbotix_xs_msgs/lib/libinterbotix_xs_msgs__rosidl_typesupport_introspection_cpp.so" to ""
[6.987s] -- Installing: /home/inouemakoto/interbotix_ws/install/interbotix_xs_msgs/lib/libinterbotix_xs_msgs__rosidl_typesupport_cpp.so
[6.987s] -- Set runtime path of "/home/inouemakoto/interbotix_ws/install/interbotix_xs_msgs/lib/libinterbotix_xs_msgs__rosidl_typesupport_cpp.so" to ""
[6.987s] -- Up-to-date: /home/inouemakoto/interbotix_ws/install/interbotix_xs_msgs/share/interbotix_xs_msgs/environment/pythonpath.sh
[6.987s] -- Installing: /home/inouemakoto/interbotix_ws/install/interbotix_xs_msgs/share/interbotix_xs_msgs/environment/pythonpath.dsv
[6.987s] -- Up-to-date: /home/inouemakoto/interbotix_ws/install/interbotix_xs_msgs/local/lib/python3.10/dist-packages/interbotix_xs_msgs-0.0.0-py3.10.egg-info
[6.987s] -- Installing: /home/inouemakoto/interbotix_ws/install/interbotix_xs_msgs/local/lib/python3.10/dist-packages/interbotix_xs_msgs-0.0.0-py3.10.egg-info/top_level.txt
[6.987s] -- Installing: /home/inouemakoto/interbotix_ws/install/interbotix_xs_msgs/local/lib/python3.10/dist-packages/interbotix_xs_msgs-0.0.0-py3.10.egg-info/dependency_links.txt
[6.987s] -- Installing: /home/inouemakoto/interbotix_ws/install/interbotix_xs_msgs/local/lib/python3.10/dist-packages/interbotix_xs_msgs-0.0.0-py3.10.egg-info/SOURCES.txt
[6.987s] -- Installing: /home/inouemakoto/interbotix_ws/install/interbotix_xs_msgs/local/lib/python3.10/dist-packages/interbotix_xs_msgs-0.0.0-py3.10.egg-info/PKG-INFO
[6.987s] -- Up-to-date: /home/inouemakoto/interbotix_ws/install/interbotix_xs_msgs/local/lib/python3.10/dist-packages/interbotix_xs_msgs
[6.987s] -- Up-to-date: /home/inouemakoto/interbotix_ws/install/interbotix_xs_msgs/local/lib/python3.10/dist-packages/interbotix_xs_msgs/libinterbotix_xs_msgs__rosidl_generator_py.so
[6.987s] -- Up-to-date: /home/inouemakoto/interbotix_ws/install/interbotix_xs_msgs/local/lib/python3.10/dist-packages/interbotix_xs_msgs/srv
[6.987s] -- Up-to-date: /home/inouemakoto/interbotix_ws/install/interbotix_xs_msgs/local/lib/python3.10/dist-packages/interbotix_xs_msgs/srv/_robot_info_s.c
[6.988s] -- Up-to-date: /home/inouemakoto/interbotix_ws/install/interbotix_xs_msgs/local/lib/python3.10/dist-packages/interbotix_xs_msgs/srv/_torque_enable_s.c
[6.988s] -- Up-to-date: /home/inouemakoto/interbotix_ws/install/interbotix_xs_msgs/local/lib/python3.10/dist-packages/interbotix_xs_msgs/srv/_motor_gains_s.c
[6.988s] -- Up-to-date: /home/inouemakoto/interbotix_ws/install/interbotix_xs_msgs/local/lib/python3.10/dist-packages/interbotix_xs_msgs/srv/_operating_modes.py
[6.988s] -- Up-to-date: /home/inouemakoto/interbotix_ws/install/interbotix_xs_msgs/local/lib/python3.10/dist-packages/interbotix_xs_msgs/srv/_motor_gains.py
[6.988s] -- Up-to-date: /home/inouemakoto/interbotix_ws/install/interbotix_xs_msgs/local/lib/python3.10/dist-packages/interbotix_xs_msgs/srv/_reboot_s.c
[6.988s] -- Up-to-date: /home/inouemakoto/interbotix_ws/install/interbotix_xs_msgs/local/lib/python3.10/dist-packages/interbotix_xs_msgs/srv/_register_values.py
[6.988s] -- Up-to-date: /home/inouemakoto/interbotix_ws/install/interbotix_xs_msgs/local/lib/python3.10/dist-packages/interbotix_xs_msgs/srv/_operating_modes_s.c
[6.988s] -- Up-to-date: /home/inouemakoto/interbotix_ws/install/interbotix_xs_msgs/local/lib/python3.10/dist-packages/interbotix_xs_msgs/srv/_robot_info.py
[6.988s] -- Up-to-date: /home/inouemakoto/interbotix_ws/install/interbotix_xs_msgs/local/lib/python3.10/dist-packages/interbotix_xs_msgs/srv/_reboot.py
[6.988s] -- Up-to-date: /home/inouemakoto/interbotix_ws/install/interbotix_xs_msgs/local/lib/python3.10/dist-packages/interbotix_xs_msgs/srv/__init__.py
[6.988s] -- Up-to-date: /home/inouemakoto/interbotix_ws/install/interbotix_xs_msgs/local/lib/python3.10/dist-packages/interbotix_xs_msgs/srv/_torque_enable.py
[6.988s] -- Up-to-date: /home/inouemakoto/interbotix_ws/install/interbotix_xs_msgs/local/lib/python3.10/dist-packages/interbotix_xs_msgs/srv/_register_values_s.c
[6.988s] -- Up-to-date: /home/inouemakoto/interbotix_ws/install/interbotix_xs_msgs/local/lib/python3.10/dist-packages/interbotix_xs_msgs/_interbotix_xs_msgs_s.ep.rosidl_typesupport_c.c
[6.989s] -- Up-to-date: /home/inouemakoto/interbotix_ws/install/interbotix_xs_msgs/local/lib/python3.10/dist-packages/interbotix_xs_msgs/msg
[6.989s] -- Up-to-date: /home/inouemakoto/interbotix_ws/install/interbotix_xs_msgs/local/lib/python3.10/dist-packages/interbotix_xs_msgs/msg/_joint_single_command.py
[6.989s] -- Up-to-date: /home/inouemakoto/interbotix_ws/install/interbotix_xs_msgs/local/lib/python3.10/dist-packages/interbotix_xs_msgs/msg/_joint_temps.py
[6.989s] -- Up-to-date: /home/inouemakoto/interbotix_ws/install/interbotix_xs_msgs/local/lib/python3.10/dist-packages/interbotix_xs_msgs/msg/_arm_joy.py
[6.989s] -- Up-to-date: /home/inouemakoto/interbotix_ws/install/interbotix_xs_msgs/local/lib/python3.10/dist-packages/interbotix_xs_msgs/msg/_locobot_joy.py
[6.989s] -- Up-to-date: /home/inouemakoto/interbotix_ws/install/interbotix_xs_msgs/local/lib/python3.10/dist-packages/interbotix_xs_msgs/msg/_turret_joy.py
[6.989s] -- Up-to-date: /home/inouemakoto/interbotix_ws/install/interbotix_xs_msgs/local/lib/python3.10/dist-packages/interbotix_xs_msgs/msg/_hex_joy.py
[6.989s] -- Up-to-date: /home/inouemakoto/interbotix_ws/install/interbotix_xs_msgs/local/lib/python3.10/dist-packages/interbotix_xs_msgs/msg/_turret_joy_s.c
[6.989s] -- Up-to-date: /home/inouemakoto/interbotix_ws/install/interbotix_xs_msgs/local/lib/python3.10/dist-packages/interbotix_xs_msgs/msg/_joint_trajectory_command.py
[6.989s] -- Up-to-date: /home/inouemakoto/interbotix_ws/install/interbotix_xs_msgs/local/lib/python3.10/dist-packages/interbotix_xs_msgs/msg/_arm_joy_s.c
[6.989s] -- Up-to-date: /home/inouemakoto/interbotix_ws/install/interbotix_xs_msgs/local/lib/python3.10/dist-packages/interbotix_xs_msgs/msg/_locobot_joy_s.c
[6.989s] -- Up-to-date: /home/inouemakoto/interbotix_ws/install/interbotix_xs_msgs/local/lib/python3.10/dist-packages/interbotix_xs_msgs/msg/__init__.py
[6.989s] -- Up-to-date: /home/inouemakoto/interbotix_ws/install/interbotix_xs_msgs/local/lib/python3.10/dist-packages/interbotix_xs_msgs/msg/_joint_temps_s.c
[6.990s] -- Up-to-date: /home/inouemakoto/interbotix_ws/install/interbotix_xs_msgs/local/lib/python3.10/dist-packages/interbotix_xs_msgs/msg/_joint_trajectory_command_s.c
[6.990s] -- Up-to-date: /home/inouemakoto/interbotix_ws/install/interbotix_xs_msgs/local/lib/python3.10/dist-packages/interbotix_xs_msgs/msg/_hex_joy_s.c
[6.990s] -- Up-to-date: /home/inouemakoto/interbotix_ws/install/interbotix_xs_msgs/local/lib/python3.10/dist-packages/interbotix_xs_msgs/msg/_joint_group_command_s.c
[6.990s] -- Up-to-date: /home/inouemakoto/interbotix_ws/install/interbotix_xs_msgs/local/lib/python3.10/dist-packages/interbotix_xs_msgs/msg/_joint_group_command.py
[6.990s] -- Up-to-date: /home/inouemakoto/interbotix_ws/install/interbotix_xs_msgs/local/lib/python3.10/dist-packages/interbotix_xs_msgs/msg/_joint_single_command_s.c
[6.990s] -- Up-to-date: /home/inouemakoto/interbotix_ws/install/interbotix_xs_msgs/local/lib/python3.10/dist-packages/interbotix_xs_msgs/interbotix_xs_msgs_s__rosidl_typesupport_fastrtps_c.cpython-310-x86_64-linux-gnu.so
[6.990s] -- Up-to-date: /home/inouemakoto/interbotix_ws/install/interbotix_xs_msgs/local/lib/python3.10/dist-packages/interbotix_xs_msgs/_interbotix_xs_msgs_s.ep.rosidl_typesupport_introspection_c.c
[6.990s] -- Up-to-date: /home/inouemakoto/interbotix_ws/install/interbotix_xs_msgs/local/lib/python3.10/dist-packages/interbotix_xs_msgs/_interbotix_xs_msgs_s.ep.rosidl_typesupport_fastrtps_c.c
[6.990s] -- Installing: /home/inouemakoto/interbotix_ws/install/interbotix_xs_msgs/local/lib/python3.10/dist-packages/interbotix_xs_msgs/__init__.py
[6.990s] -- Up-to-date: /home/inouemakoto/interbotix_ws/install/interbotix_xs_msgs/local/lib/python3.10/dist-packages/interbotix_xs_msgs/interbotix_xs_msgs_s__rosidl_typesupport_c.cpython-310-x86_64-linux-gnu.so
[6.990s] -- Up-to-date: /home/inouemakoto/interbotix_ws/install/interbotix_xs_msgs/local/lib/python3.10/dist-packages/interbotix_xs_msgs/interbotix_xs_msgs_s__rosidl_typesupport_introspection_c.cpython-310-x86_64-linux-gnu.so
[7.003s] Listing '/home/inouemakoto/interbotix_ws/install/interbotix_xs_msgs/local/lib/python3.10/dist-packages/interbotix_xs_msgs'...
[7.003s] Compiling '/home/inouemakoto/interbotix_ws/install/interbotix_xs_msgs/local/lib/python3.10/dist-packages/interbotix_xs_msgs/__init__.py'...
[7.003s] Listing '/home/inouemakoto/interbotix_ws/install/interbotix_xs_msgs/local/lib/python3.10/dist-packages/interbotix_xs_msgs/msg'...
[7.003s] Listing '/home/inouemakoto/interbotix_ws/install/interbotix_xs_msgs/local/lib/python3.10/dist-packages/interbotix_xs_msgs/srv'...
[7.006s] -- Up-to-date: /home/inouemakoto/interbotix_ws/install/interbotix_xs_msgs/local/lib/python3.10/dist-packages/interbotix_xs_msgs/interbotix_xs_msgs_s__rosidl_typesupport_fastrtps_c.cpython-310-x86_64-linux-gnu.so
[7.006s] -- Up-to-date: /home/inouemakoto/interbotix_ws/install/interbotix_xs_msgs/local/lib/python3.10/dist-packages/interbotix_xs_msgs/interbotix_xs_msgs_s__rosidl_typesupport_introspection_c.cpython-310-x86_64-linux-gnu.so
[7.006s] -- Up-to-date: /home/inouemakoto/interbotix_ws/install/interbotix_xs_msgs/local/lib/python3.10/dist-packages/interbotix_xs_msgs/interbotix_xs_msgs_s__rosidl_typesupport_c.cpython-310-x86_64-linux-gnu.so
[7.007s] -- Up-to-date: /home/inouemakoto/interbotix_ws/install/interbotix_xs_msgs/lib/libinterbotix_xs_msgs__rosidl_generator_py.so
[7.007s] -- Up-to-date: /home/inouemakoto/interbotix_ws/install/interbotix_xs_msgs/share/interbotix_xs_msgs/msg/ArmJoy.idl
[7.007s] -- Up-to-date: /home/inouemakoto/interbotix_ws/install/interbotix_xs_msgs/share/interbotix_xs_msgs/msg/HexJoy.idl
[7.007s] -- Up-to-date: /home/inouemakoto/interbotix_ws/install/interbotix_xs_msgs/share/interbotix_xs_msgs/msg/JointGroupCommand.idl
[7.007s] -- Up-to-date: /home/inouemakoto/interbotix_ws/install/interbotix_xs_msgs/share/interbotix_xs_msgs/msg/JointSingleCommand.idl
[7.007s] -- Up-to-date: /home/inouemakoto/interbotix_ws/install/interbotix_xs_msgs/share/interbotix_xs_msgs/msg/JointTemps.idl
[7.007s] -- Up-to-date: /home/inouemakoto/interbotix_ws/install/interbotix_xs_msgs/share/interbotix_xs_msgs/msg/JointTrajectoryCommand.idl
[7.007s] -- Up-to-date: /home/inouemakoto/interbotix_ws/install/interbotix_xs_msgs/share/interbotix_xs_msgs/msg/LocobotJoy.idl
[7.008s] -- Up-to-date: /home/inouemakoto/interbotix_ws/install/interbotix_xs_msgs/share/interbotix_xs_msgs/msg/TurretJoy.idl
[7.008s] -- Up-to-date: /home/inouemakoto/interbotix_ws/install/interbotix_xs_msgs/share/interbotix_xs_msgs/srv/MotorGains.idl
[7.008s] -- Up-to-date: /home/inouemakoto/interbotix_ws/install/interbotix_xs_msgs/share/interbotix_xs_msgs/srv/OperatingModes.idl
[7.008s] -- Up-to-date: /home/inouemakoto/interbotix_ws/install/interbotix_xs_msgs/share/interbotix_xs_msgs/srv/Reboot.idl
[7.008s] -- Up-to-date: /home/inouemakoto/interbotix_ws/install/interbotix_xs_msgs/share/interbotix_xs_msgs/srv/RegisterValues.idl
[7.008s] -- Up-to-date: /home/inouemakoto/interbotix_ws/install/interbotix_xs_msgs/share/interbotix_xs_msgs/srv/RobotInfo.idl
[7.008s] -- Up-to-date: /home/inouemakoto/interbotix_ws/install/interbotix_xs_msgs/share/interbotix_xs_msgs/srv/TorqueEnable.idl
[7.008s] -- Up-to-date: /home/inouemakoto/interbotix_ws/install/interbotix_xs_msgs/share/interbotix_xs_msgs/msg/ArmJoy.msg
[7.008s] -- Up-to-date: /home/inouemakoto/interbotix_ws/install/interbotix_xs_msgs/share/interbotix_xs_msgs/msg/HexJoy.msg
[7.009s] -- Up-to-date: /home/inouemakoto/interbotix_ws/install/interbotix_xs_msgs/share/interbotix_xs_msgs/msg/JointGroupCommand.msg
[7.009s] -- Up-to-date: /home/inouemakoto/interbotix_ws/install/interbotix_xs_msgs/share/interbotix_xs_msgs/msg/JointSingleCommand.msg
[7.009s] -- Up-to-date: /home/inouemakoto/interbotix_ws/install/interbotix_xs_msgs/share/interbotix_xs_msgs/msg/JointTemps.msg
[7.009s] -- Up-to-date: /home/inouemakoto/interbotix_ws/install/interbotix_xs_msgs/share/interbotix_xs_msgs/msg/JointTrajectoryCommand.msg
[7.009s] -- Up-to-date: /home/inouemakoto/interbotix_ws/install/interbotix_xs_msgs/share/interbotix_xs_msgs/msg/LocobotJoy.msg
[7.009s] -- Up-to-date: /home/inouemakoto/interbotix_ws/install/interbotix_xs_msgs/share/interbotix_xs_msgs/msg/TurretJoy.msg
[7.009s] -- Up-to-date: /home/inouemakoto/interbotix_ws/install/interbotix_xs_msgs/share/interbotix_xs_msgs/srv/MotorGains.srv
[7.009s] -- Up-to-date: /home/inouemakoto/interbotix_ws/install/interbotix_xs_msgs/share/interbotix_xs_msgs/srv/MotorGains_Request.msg
[7.009s] -- Up-to-date: /home/inouemakoto/interbotix_ws/install/interbotix_xs_msgs/share/interbotix_xs_msgs/srv/MotorGains_Response.msg
[7.009s] -- Up-to-date: /home/inouemakoto/interbotix_ws/install/interbotix_xs_msgs/share/interbotix_xs_msgs/srv/OperatingModes.srv
[7.010s] -- Up-to-date: /home/inouemakoto/interbotix_ws/install/interbotix_xs_msgs/share/interbotix_xs_msgs/srv/OperatingModes_Request.msg
[7.010s] -- Up-to-date: /home/inouemakoto/interbotix_ws/install/interbotix_xs_msgs/share/interbotix_xs_msgs/srv/OperatingModes_Response.msg
[7.010s] -- Up-to-date: /home/inouemakoto/interbotix_ws/install/interbotix_xs_msgs/share/interbotix_xs_msgs/srv/Reboot.srv
[7.010s] -- Up-to-date: /home/inouemakoto/interbotix_ws/install/interbotix_xs_msgs/share/interbotix_xs_msgs/srv/Reboot_Request.msg
[7.010s] -- Up-to-date: /home/inouemakoto/interbotix_ws/install/interbotix_xs_msgs/share/interbotix_xs_msgs/srv/Reboot_Response.msg
[7.010s] -- Up-to-date: /home/inouemakoto/interbotix_ws/install/interbotix_xs_msgs/share/interbotix_xs_msgs/srv/RegisterValues.srv
[7.010s] -- Up-to-date: /home/inouemakoto/interbotix_ws/install/interbotix_xs_msgs/share/interbotix_xs_msgs/srv/RegisterValues_Request.msg
[7.010s] -- Up-to-date: /home/inouemakoto/interbotix_ws/install/interbotix_xs_msgs/share/interbotix_xs_msgs/srv/RegisterValues_Response.msg
[7.010s] -- Up-to-date: /home/inouemakoto/interbotix_ws/install/interbotix_xs_msgs/share/interbotix_xs_msgs/srv/RobotInfo.srv
[7.011s] -- Up-to-date: /home/inouemakoto/interbotix_ws/install/interbotix_xs_msgs/share/interbotix_xs_msgs/srv/RobotInfo_Request.msg
[7.011s] -- Up-to-date: /home/inouemakoto/interbotix_ws/install/interbotix_xs_msgs/share/interbotix_xs_msgs/srv/RobotInfo_Response.msg
[7.011s] -- Up-to-date: /home/inouemakoto/interbotix_ws/install/interbotix_xs_msgs/share/interbotix_xs_msgs/srv/TorqueEnable.srv
[7.011s] -- Up-to-date: /home/inouemakoto/interbotix_ws/install/interbotix_xs_msgs/share/interbotix_xs_msgs/srv/TorqueEnable_Request.msg
[7.011s] -- Up-to-date: /home/inouemakoto/interbotix_ws/install/interbotix_xs_msgs/share/interbotix_xs_msgs/srv/TorqueEnable_Response.msg
[7.011s] -- Up-to-date: /home/inouemakoto/interbotix_ws/install/interbotix_xs_msgs/share/ament_index/resource_index/package_run_dependencies/interbotix_xs_msgs
[7.011s] -- Up-to-date: /home/inouemakoto/interbotix_ws/install/interbotix_xs_msgs/share/ament_index/resource_index/parent_prefix_path/interbotix_xs_msgs
[7.011s] -- Up-to-date: /home/inouemakoto/interbotix_ws/install/interbotix_xs_msgs/share/interbotix_xs_msgs/environment/ament_prefix_path.sh
[7.011s] -- Installing: /home/inouemakoto/interbotix_ws/install/interbotix_xs_msgs/share/interbotix_xs_msgs/environment/ament_prefix_path.dsv
[7.011s] -- Up-to-date: /home/inouemakoto/interbotix_ws/install/interbotix_xs_msgs/share/interbotix_xs_msgs/environment/path.sh
[7.011s] -- Installing: /home/inouemakoto/interbotix_ws/install/interbotix_xs_msgs/share/interbotix_xs_msgs/environment/path.dsv
[7.012s] -- Up-to-date: /home/inouemakoto/interbotix_ws/install/interbotix_xs_msgs/share/interbotix_xs_msgs/local_setup.bash
[7.014s] -- Up-to-date: /home/inouemakoto/interbotix_ws/install/interbotix_xs_msgs/share/interbotix_xs_msgs/local_setup.sh
[7.014s] -- Up-to-date: /home/inouemakoto/interbotix_ws/install/interbotix_xs_msgs/share/interbotix_xs_msgs/local_setup.zsh
[7.014s] -- Installing: /home/inouemakoto/interbotix_ws/install/interbotix_xs_msgs/share/interbotix_xs_msgs/local_setup.dsv
[7.015s] -- Installing: /home/inouemakoto/interbotix_ws/install/interbotix_xs_msgs/share/interbotix_xs_msgs/package.dsv
[7.015s] -- Up-to-date: /home/inouemakoto/interbotix_ws/install/interbotix_xs_msgs/share/ament_index/resource_index/packages/interbotix_xs_msgs
[7.015s] -- Up-to-date: /home/inouemakoto/interbotix_ws/install/interbotix_xs_msgs/share/interbotix_xs_msgs/cmake/export_interbotix_xs_msgs__rosidl_generator_cExport.cmake
[7.015s] -- Up-to-date: /home/inouemakoto/interbotix_ws/install/interbotix_xs_msgs/share/interbotix_xs_msgs/cmake/export_interbotix_xs_msgs__rosidl_generator_cExport-noconfig.cmake
[7.015s] -- Up-to-date: /home/inouemakoto/interbotix_ws/install/interbotix_xs_msgs/share/interbotix_xs_msgs/cmake/export_interbotix_xs_msgs__rosidl_typesupport_fastrtps_cExport.cmake
[7.015s] -- Up-to-date: /home/inouemakoto/interbotix_ws/install/interbotix_xs_msgs/share/interbotix_xs_msgs/cmake/export_interbotix_xs_msgs__rosidl_typesupport_fastrtps_cExport-noconfig.cmake
[7.015s] -- Up-to-date: /home/inouemakoto/interbotix_ws/install/interbotix_xs_msgs/share/interbotix_xs_msgs/cmake/interbotix_xs_msgs__rosidl_typesupport_introspection_cExport.cmake
[7.016s] -- Up-to-date: /home/inouemakoto/interbotix_ws/install/interbotix_xs_msgs/share/interbotix_xs_msgs/cmake/interbotix_xs_msgs__rosidl_typesupport_introspection_cExport-noconfig.cmake
[7.016s] -- Up-to-date: /home/inouemakoto/interbotix_ws/install/interbotix_xs_msgs/share/interbotix_xs_msgs/cmake/interbotix_xs_msgs__rosidl_typesupport_cExport.cmake
[7.016s] -- Up-to-date: /home/inouemakoto/interbotix_ws/install/interbotix_xs_msgs/share/interbotix_xs_msgs/cmake/interbotix_xs_msgs__rosidl_typesupport_cExport-noconfig.cmake
[7.016s] -- Up-to-date: /home/inouemakoto/interbotix_ws/install/interbotix_xs_msgs/share/interbotix_xs_msgs/cmake/export_interbotix_xs_msgs__rosidl_generator_cppExport.cmake
[7.016s] -- Up-to-date: /home/inouemakoto/interbotix_ws/install/interbotix_xs_msgs/share/interbotix_xs_msgs/cmake/export_interbotix_xs_msgs__rosidl_typesupport_fastrtps_cppExport.cmake
[7.016s] -- Up-to-date: /home/inouemakoto/interbotix_ws/install/interbotix_xs_msgs/share/interbotix_xs_msgs/cmake/export_interbotix_xs_msgs__rosidl_typesupport_fastrtps_cppExport-noconfig.cmake
[7.016s] -- Up-to-date: /home/inouemakoto/interbotix_ws/install/interbotix_xs_msgs/share/interbotix_xs_msgs/cmake/interbotix_xs_msgs__rosidl_typesupport_introspection_cppExport.cmake
[7.016s] -- Up-to-date: /home/inouemakoto/interbotix_ws/install/interbotix_xs_msgs/share/interbotix_xs_msgs/cmake/interbotix_xs_msgs__rosidl_typesupport_introspection_cppExport-noconfig.cmake
[7.016s] -- Up-to-date: /home/inouemakoto/interbotix_ws/install/interbotix_xs_msgs/share/interbotix_xs_msgs/cmake/interbotix_xs_msgs__rosidl_typesupport_cppExport.cmake
[7.017s] -- Up-to-date: /home/inouemakoto/interbotix_ws/install/interbotix_xs_msgs/share/interbotix_xs_msgs/cmake/interbotix_xs_msgs__rosidl_typesupport_cppExport-noconfig.cmake
[7.017s] -- Up-to-date: /home/inouemakoto/interbotix_ws/install/interbotix_xs_msgs/share/interbotix_xs_msgs/cmake/export_interbotix_xs_msgs__rosidl_generator_pyExport.cmake
[7.017s] -- Up-to-date: /home/inouemakoto/interbotix_ws/install/interbotix_xs_msgs/share/interbotix_xs_msgs/cmake/export_interbotix_xs_msgs__rosidl_generator_pyExport-noconfig.cmake
[7.017s] -- Up-to-date: /home/inouemakoto/interbotix_ws/install/interbotix_xs_msgs/share/interbotix_xs_msgs/cmake/rosidl_cmake-extras.cmake
[7.017s] -- Up-to-date: /home/inouemakoto/interbotix_ws/install/interbotix_xs_msgs/share/interbotix_xs_msgs/cmake/ament_cmake_export_dependencies-extras.cmake
[7.017s] -- Up-to-date: /home/inouemakoto/interbotix_ws/install/interbotix_xs_msgs/share/interbotix_xs_msgs/cmake/ament_cmake_export_include_directories-extras.cmake
[7.017s] -- Up-to-date: /home/inouemakoto/interbotix_ws/install/interbotix_xs_msgs/share/interbotix_xs_msgs/cmake/ament_cmake_export_libraries-extras.cmake
[7.017s] -- Up-to-date: /home/inouemakoto/interbotix_ws/install/interbotix_xs_msgs/share/interbotix_xs_msgs/cmake/ament_cmake_export_targets-extras.cmake
[7.018s] -- Up-to-date: /home/inouemakoto/interbotix_ws/install/interbotix_xs_msgs/share/interbotix_xs_msgs/cmake/rosidl_cmake_export_typesupport_targets-extras.cmake
[7.018s] -- Up-to-date: /home/inouemakoto/interbotix_ws/install/interbotix_xs_msgs/share/interbotix_xs_msgs/cmake/rosidl_cmake_export_typesupport_libraries-extras.cmake
[7.018s] -- Up-to-date: /home/inouemakoto/interbotix_ws/install/interbotix_xs_msgs/share/interbotix_xs_msgs/cmake/interbotix_xs_msgsConfig.cmake
[7.018s] -- Up-to-date: /home/inouemakoto/interbotix_ws/install/interbotix_xs_msgs/share/interbotix_xs_msgs/cmake/interbotix_xs_msgsConfig-version.cmake
[7.018s] -- Up-to-date: /home/inouemakoto/interbotix_ws/install/interbotix_xs_msgs/share/interbotix_xs_msgs/package.xml
[7.018s] Invoked command in '/home/inouemakoto/interbotix_ws/build/interbotix_xs_msgs' returned '0': CMAKE_PREFIX_PATH=${CMAKE_PREFIX_PATH}:/home/inouemakoto/interbotix_ws/install/moveit_service:/home/inouemakoto/interbotix_ws/install/interbotix_xs_modules:/home/inouemakoto/interbotix_ws/install/interbotix_common_modules:/home/inouemakoto/ws_moveit2/install/moveit_configs_utils:/home/inouemakoto/ws_moveit2/install/launch_param_builder:/home/inouemakoto/install/moveit_service:/home/inouemakoto/install/interbotix_xs_modules:/home/inouemakoto/install/interbotix_common_modules:/opt/ros/humble /usr/bin/cmake --install /home/inouemakoto/interbotix_ws/build/interbotix_xs_msgs
