[2.697s] Invoking command in '/home/inouemakoto/interbotix_ws/src/build/cv_bridge': CMAKE_PREFIX_PATH=${CMAKE_PREFIX_PATH}:/home/inouemakoto/interbotix_ws/install/yolov5_ros2:/home/inouemakoto/interbotix_ws/install/pick_vision:/home/inouemakoto/interbotix_ws/install/moveit_service:/home/inouemakoto/interbotix_ws/install/opencv_ros2:/home/inouemakoto/interbotix_ws/install/makoto:/home/inouemakoto/interbotix_ws/install/interbotix_xs_modules:/home/inouemakoto/interbotix_ws/install/interbotix_landmark_modules:/home/inouemakoto/interbotix_ws/install/interbotix_perception_modules:/home/inouemakoto/interbotix_ws/install/interbotix_rpi_modules:/home/inouemakoto/interbotix_ws/install/interbotix_common_modules:/home/inouemakoto/interbotix_ws/install/camera:/home/inouemakoto/ws_moveit2/install/moveit_configs_utils:/home/inouemakoto/ws_moveit2/install/launch_param_builder:/home/inouemakoto/install/moveit_service:/home/inouemakoto/install/interbotix_xs_modules:/home/inouemakoto/install/interbotix_moveit_interface_msgs:/home/inouemakoto/install/interbotix_common_modules:/opt/ros/humble /usr/bin/cmake /home/inouemakoto/interbotix_ws/src/vision_opencv/cv_bridge -DCMAKE_INSTALL_PREFIX=/home/inouemakoto/interbotix_ws/src/install/cv_bridge
[3.845s] -- The C compiler identification is GNU 11.4.0
[3.846s] -- The CXX compiler identification is GNU 11.4.0
[3.846s] -- Detecting C compiler ABI info
[3.846s] -- Detecting C compiler ABI info - done
[3.846s] -- Check for working C compiler: /usr/bin/cc - skipped
[3.846s] -- Detecting C compile features
[3.846s] -- Detecting C compile features - done
[3.846s] -- Detecting CXX compiler ABI info
[3.846s] -- Detecting CXX compiler ABI info - done
[3.846s] -- Check for working CXX compiler: /usr/bin/c++ - skipped
[3.846s] -- Detecting CXX compile features
[3.847s] -- Detecting CXX compile features - done
[3.847s] -- Found ament_cmake_ros: 0.10.0 (/opt/ros/humble/share/ament_cmake_ros/cmake)
[3.847s] -- Found Python3: /usr/bin/python3.10 (found version "3.10.12") found components: Interpreter 
[5.233s] -- Found Python3: /usr/include/python3.10 (found version "3.10.12") found components: Development NumPy Interpreter Development.Module Development.Embed 
[5.288s] -- Found Boost: /usr/lib/x86_64-linux-gnu/cmake/Boost-1.74.0/BoostConfig.cmake (found version "1.74.0") found components: python310 
[5.299s] -- Found rcpputils: 2.4.1 (/opt/ros/humble/share/rcpputils/cmake)
[5.331s] -- Found sensor_msgs: 4.2.3 (/opt/ros/humble/share/sensor_msgs/cmake)
[5.428s] -- Found rosidl_generator_c: 3.1.5 (/opt/ros/humble/share/rosidl_generator_c/cmake)
[5.450s] -- Found rosidl_adapter: 3.1.5 (/opt/ros/humble/share/rosidl_adapter/cmake)
[5.476s] -- Found rosidl_generator_cpp: 3.1.5 (/opt/ros/humble/share/rosidl_generator_cpp/cmake)
[5.515s] -- Using all available rosidl_typesupport_c: rosidl_typesupport_fastrtps_c;rosidl_typesupport_introspection_c
[5.555s] -- Using all available rosidl_typesupport_cpp: rosidl_typesupport_fastrtps_cpp;rosidl_typesupport_introspection_cpp
[5.891s] -- Performing Test COMPILER_HAS_HIDDEN_VISIBILITY
[5.982s] -- Performing Test COMPILER_HAS_HIDDEN_VISIBILITY - Success
[5.983s] -- Performing Test COMPILER_HAS_HIDDEN_INLINE_VISIBILITY
[6.074s] -- Performing Test COMPILER_HAS_HIDDEN_INLINE_VISIBILITY - Success
[6.075s] -- Performing Test COMPILER_HAS_DEPRECATED_ATTR
[6.173s] -- Performing Test COMPILER_HAS_DEPRECATED_ATTR - Success
[6.185s] -- Found ament_lint_auto: 0.12.8 (/opt/ros/humble/share/ament_lint_auto/cmake)
[6.345s] -- Found gtest sources under '/opt/ros/humble/src/gtest_vendor': C++ tests using 'Google Test' will be built
[6.347s] -- Looking for pthread.h
[6.416s] -- Looking for pthread.h - found
[6.417s] -- Performing Test CMAKE_HAVE_LIBC_PTHREAD
[6.486s] -- Performing Test CMAKE_HAVE_LIBC_PTHREAD - Success
[6.487s] -- Found Threads: TRUE  
[7.405s] -- Configuring done
[7.420s] -- Generating done
[7.422s] -- Build files have been written to: /home/inouemakoto/interbotix_ws/src/build/cv_bridge
