[4.963s] Invoking command in '/home/inouemakoto/interbotix_ws/build/moveit_service': PYTHONPATH=/home/inouemakoto/interbotix_ws/build/moveit_service/prefix_override:/home/inouemakoto/interbotix_ws/install/moveit_service/lib/python3.10/site-packages:${PYTHONPATH} /usr/bin/python3 setup.py develop --uninstall --editable --build-directory /home/inouemakoto/interbotix_ws/build/moveit_service/build
[6.002s] running develop
[7.140s] Invoked command in '/home/inouemakoto/interbotix_ws/build/moveit_service' returned '0': PYTHONPATH=/home/inouemakoto/interbotix_ws/build/moveit_service/prefix_override:/home/inouemakoto/interbotix_ws/install/moveit_service/lib/python3.10/site-packages:${PYTHONPATH} /usr/bin/python3 setup.py develop --uninstall --editable --build-directory /home/inouemakoto/interbotix_ws/build/moveit_service/build
[7.147s] Invoking command in '/home/inouemakoto/interbotix_ws/src/moveit_service': PYTHONPATH=/home/inouemakoto/interbotix_ws/build/moveit_service/prefix_override:/home/inouemakoto/interbotix_ws/install/moveit_service/lib/python3.10/site-packages:${PYTHONPATH} /usr/bin/python3 setup.py egg_info --egg-base ../../build/moveit_service build --build-base /home/inouemakoto/interbotix_ws/build/moveit_service/build install --record /home/inouemakoto/interbotix_ws/build/moveit_service/install.log --single-version-externally-managed
[8.239s] running egg_info
[8.239s] writing ../../build/moveit_service/moveit_service.egg-info/PKG-INFO
[8.240s] writing dependency_links to ../../build/moveit_service/moveit_service.egg-info/dependency_links.txt
[8.240s] writing entry points to ../../build/moveit_service/moveit_service.egg-info/entry_points.txt
[8.240s] writing requirements to ../../build/moveit_service/moveit_service.egg-info/requires.txt
[8.240s] writing top-level names to ../../build/moveit_service/moveit_service.egg-info/top_level.txt
[8.254s] reading manifest file '../../build/moveit_service/moveit_service.egg-info/SOURCES.txt'
[8.254s] writing manifest file '../../build/moveit_service/moveit_service.egg-info/SOURCES.txt'
[8.254s] running build
[8.254s] running build_py
[8.254s] copying moveit_service/interbotix_gripper.py -> /home/inouemakoto/interbotix_ws/build/moveit_service/build/lib/moveit_service
[8.254s] running install
[8.254s] running install_lib
[8.263s] copying /home/inouemakoto/interbotix_ws/build/moveit_service/build/lib/moveit_service/interbotix_gripper.py -> /home/inouemakoto/interbotix_ws/install/moveit_service/lib/python3.10/site-packages/moveit_service
[8.263s] byte-compiling /home/inouemakoto/interbotix_ws/install/moveit_service/lib/python3.10/site-packages/moveit_service/interbotix_gripper.py to interbotix_gripper.cpython-310.pyc
[8.264s] running install_data
[8.269s] running install_egg_info
[8.270s] removing '/home/inouemakoto/interbotix_ws/install/moveit_service/lib/python3.10/site-packages/moveit_service-0.0.0-py3.10.egg-info' (and everything under it)
[8.270s] Copying ../../build/moveit_service/moveit_service.egg-info to /home/inouemakoto/interbotix_ws/install/moveit_service/lib/python3.10/site-packages/moveit_service-0.0.0-py3.10.egg-info
[8.270s] running install_scripts
[8.338s] Installing interbotix_gripper script to /home/inouemakoto/interbotix_ws/install/moveit_service/lib/moveit_service
[8.339s] Installing moveit_order script to /home/inouemakoto/interbotix_ws/install/moveit_service/lib/moveit_service
[8.339s] writing list of installed files to '/home/inouemakoto/interbotix_ws/build/moveit_service/install.log'
[9.096s] Invoked command in '/home/inouemakoto/interbotix_ws/src/moveit_service' returned '0': PYTHONPATH=/home/inouemakoto/interbotix_ws/build/moveit_service/prefix_override:/home/inouemakoto/interbotix_ws/install/moveit_service/lib/python3.10/site-packages:${PYTHONPATH} /usr/bin/python3 setup.py egg_info --egg-base ../../build/moveit_service build --build-base /home/inouemakoto/interbotix_ws/build/moveit_service/build install --record /home/inouemakoto/interbotix_ws/build/moveit_service/install.log --single-version-externally-managed
