[3.351s] Invoking command in '/home/inouemakoto/interbotix_ws/src/makoto': PYTHONPATH=/home/inouemakoto/interbotix_ws/build/makoto/prefix_override:/home/inouemakoto/interbotix_ws/install/makoto/lib/python3.10/site-packages:${PYTHONPATH} /usr/bin/python3 setup.py egg_info --egg-base ../../build/makoto build --build-base /home/inouemakoto/interbotix_ws/build/makoto/build install --record /home/inouemakoto/interbotix_ws/build/makoto/install.log --single-version-externally-managed
[3.799s] running egg_info
[3.800s] writing ../../build/makoto/makoto.egg-info/PKG-INFO
[3.800s] writing dependency_links to ../../build/makoto/makoto.egg-info/dependency_links.txt
[3.800s] writing entry points to ../../build/makoto/makoto.egg-info/entry_points.txt
[3.800s] writing requirements to ../../build/makoto/makoto.egg-info/requires.txt
[3.800s] writing top-level names to ../../build/makoto/makoto.egg-info/top_level.txt
[3.800s] reading manifest file '../../build/makoto/makoto.egg-info/SOURCES.txt'
[3.800s] writing manifest file '../../build/makoto/makoto.egg-info/SOURCES.txt'
[3.800s] running build
[3.800s] running build_py
[3.800s] running install
[3.800s] running install_lib
[3.800s] running install_data
[3.800s] running install_egg_info
[3.800s] removing '/home/inouemakoto/interbotix_ws/install/makoto/lib/python3.10/site-packages/makoto-0.0.0-py3.10.egg-info' (and everything under it)
[3.800s] Copying ../../build/makoto/makoto.egg-info to /home/inouemakoto/interbotix_ws/install/makoto/lib/python3.10/site-packages/makoto-0.0.0-py3.10.egg-info
[3.800s] running install_scripts
[3.800s] /home/inouemakoto/.local/lib/python3.10/site-packages/setuptools/_distutils/cmd.py:66: SetuptoolsDeprecationWarning: setup.py install is deprecated.
[3.800s] !!
[3.801s] 
[3.801s]         ********************************************************************************
[3.801s]         Please avoid running ``setup.py`` directly.
[3.801s]         Instead, use pypa/build, pypa/installer or other
[3.801s]         standards-based tools.
[3.801s] 
[3.801s]         See https://blog.ganssle.io/articles/2021/10/setup-py-deprecated.html for details.
[3.801s]         ********************************************************************************
[3.801s] 
[3.801s] !!
[3.801s]   self.initialize_options()
[3.817s] Installing pick__place script to /home/inouemakoto/interbotix_ws/install/makoto/lib/makoto
[3.817s] writing list of installed files to '/home/inouemakoto/interbotix_ws/build/makoto/install.log'
[4.325s] Invoked command in '/home/inouemakoto/interbotix_ws/src/makoto' returned '0': PYTHONPATH=/home/inouemakoto/interbotix_ws/build/makoto/prefix_override:/home/inouemakoto/interbotix_ws/install/makoto/lib/python3.10/site-packages:${PYTHONPATH} /usr/bin/python3 setup.py egg_info --egg-base ../../build/makoto build --build-base /home/inouemakoto/interbotix_ws/build/makoto/build install --record /home/inouemakoto/interbotix_ws/build/makoto/install.log --single-version-externally-managed
