[0.414s] Invoking command in '/home/inouemakoto/interbotix_ws/build/rviz_visual_tools': CMAKE_PREFIX_PATH=${CMAKE_PREFIX_PATH}:/home/inouemakoto/interbotix_ws/install/moveit_service:/home/inouemakoto/interbotix_ws/install/interbotix_xs_modules:/home/inouemakoto/interbotix_ws/install/interbotix_common_modules:/home/inouemakoto/ws_moveit2/install/moveit_configs_utils:/home/inouemakoto/ws_moveit2/install/launch_param_builder:/home/inouemakoto/install/interbotix_xs_modules:/home/inouemakoto/install/interbotix_common_modules:/opt/ros/humble /usr/bin/cmake --build /home/inouemakoto/interbotix_ws/build/rviz_visual_tools -- -j20 -l20
[0.809s] [  7%] [34m[1mAutomatic MOC for target rviz_visual_tools_remote_control[0m
[0.809s] [  7%] [34m[1mAutomatic MOC for target gtest_main[0m
[0.809s] [  7%] [34m[1mAutomatic MOC for target rviz_visual_tools_gui[0m
[0.809s] [ 10%] [34m[1mAutomatic MOC for target gtest[0m
[0.809s] [ 10%] Built target rviz_visual_tools_remote_control_autogen
[0.810s] [ 10%] Built target gtest_main_autogen
[0.810s] [ 10%] Built target rviz_visual_tools_gui_autogen
[0.810s] [ 10%] Built target gtest_autogen
[0.810s] [ 17%] Built target gtest_main
[0.810s] [ 25%] Built target rviz_visual_tools_remote_control
[0.810s] [ 33%] Built target gtest
[0.810s] [ 46%] Built target rviz_visual_tools_gui
[0.810s] [ 48%] [34m[1mAutomatic MOC for target rviz_visual_tools[0m
[0.810s] [ 48%] Built target rviz_visual_tools_autogen
[0.810s] [ 58%] Built target rviz_visual_tools
[0.810s] [ 66%] [34m[1mAutomatic MOC for target rviz_visual_tools_imarker_simple[0m
[0.810s] [ 66%] [34m[1mAutomatic MOC for target rviz_visual_tools_rvt_test[0m
[0.810s] [ 66%] [34m[1mAutomatic MOC for target rviz_visual_tools_demo[0m
[0.810s] [ 66%] Built target rviz_visual_tools_demo_autogen
[0.811s] [ 66%] Built target rviz_visual_tools_rvt_test_autogen
[0.811s] [ 66%] Built target rviz_visual_tools_imarker_simple_autogen
[0.811s] [ 89%] Built target rviz_visual_tools_rvt_test
[0.812s] [ 89%] Built target rviz_visual_tools_demo
[0.812s] [ 89%] Built target rviz_visual_tools_imarker_simple
[0.818s] [ 92%] [34m[1mAutomatic MOC for target rviz_visual_tools_imarker_simple_demo[0m
[0.834s] [ 92%] Built target rviz_visual_tools_imarker_simple_demo_autogen
[0.886s] [100%] Built target rviz_visual_tools_imarker_simple_demo
[0.983s] Invoked command in '/home/inouemakoto/interbotix_ws/build/rviz_visual_tools' returned '0': CMAKE_PREFIX_PATH=${CMAKE_PREFIX_PATH}:/home/inouemakoto/interbotix_ws/install/moveit_service:/home/inouemakoto/interbotix_ws/install/interbotix_xs_modules:/home/inouemakoto/interbotix_ws/install/interbotix_common_modules:/home/inouemakoto/ws_moveit2/install/moveit_configs_utils:/home/inouemakoto/ws_moveit2/install/launch_param_builder:/home/inouemakoto/install/interbotix_xs_modules:/home/inouemakoto/install/interbotix_common_modules:/opt/ros/humble /usr/bin/cmake --build /home/inouemakoto/interbotix_ws/build/rviz_visual_tools -- -j20 -l20
[1.112s] Invoking command in '/home/inouemakoto/interbotix_ws/build/rviz_visual_tools': CMAKE_PREFIX_PATH=${CMAKE_PREFIX_PATH}:/home/inouemakoto/interbotix_ws/install/moveit_service:/home/inouemakoto/interbotix_ws/install/interbotix_xs_modules:/home/inouemakoto/interbotix_ws/install/interbotix_common_modules:/home/inouemakoto/ws_moveit2/install/moveit_configs_utils:/home/inouemakoto/ws_moveit2/install/launch_param_builder:/home/inouemakoto/install/interbotix_xs_modules:/home/inouemakoto/install/interbotix_common_modules:/opt/ros/humble /usr/bin/cmake --install /home/inouemakoto/interbotix_ws/build/rviz_visual_tools
[1.134s] -- Install configuration: "Debug"
[1.134s] -- Up-to-date: /home/inouemakoto/interbotix_ws/install/rviz_visual_tools/share/rviz_visual_tools/plugin_description.xml
[1.134s] -- Up-to-date: /home/inouemakoto/interbotix_ws/install/rviz_visual_tools/lib/librviz_visual_tools.so
[1.134s] -- Up-to-date: /home/inouemakoto/interbotix_ws/install/rviz_visual_tools/lib/librviz_visual_tools_remote_control.so
[1.135s] -- Up-to-date: /home/inouemakoto/interbotix_ws/install/rviz_visual_tools/lib/librviz_visual_tools_gui.so
[1.135s] -- Up-to-date: /home/inouemakoto/interbotix_ws/install/rviz_visual_tools/lib/librviz_visual_tools_imarker_simple.so
[1.135s] -- Up-to-date: /home/inouemakoto/interbotix_ws/install/rviz_visual_tools/lib/rviz_visual_tools/rviz_visual_tools_demo
[1.136s] -- Up-to-date: /home/inouemakoto/interbotix_ws/install/rviz_visual_tools/lib/rviz_visual_tools/rviz_visual_tools_imarker_simple_demo
[1.136s] -- Up-to-date: /home/inouemakoto/interbotix_ws/install/rviz_visual_tools/include
[1.136s] -- Up-to-date: /home/inouemakoto/interbotix_ws/install/rviz_visual_tools/include/rviz_visual_tools
[1.136s] -- Up-to-date: /home/inouemakoto/interbotix_ws/install/rviz_visual_tools/include/rviz_visual_tools/rviz_visual_tools_gui.hpp
[1.136s] -- Up-to-date: /home/inouemakoto/interbotix_ws/install/rviz_visual_tools/include/rviz_visual_tools/rviz_visual_tools.hpp
[1.136s] -- Up-to-date: /home/inouemakoto/interbotix_ws/install/rviz_visual_tools/include/rviz_visual_tools/key_tool.hpp
[1.136s] -- Up-to-date: /home/inouemakoto/interbotix_ws/install/rviz_visual_tools/include/rviz_visual_tools/imarker_simple.hpp
[1.138s] -- Up-to-date: /home/inouemakoto/interbotix_ws/install/rviz_visual_tools/include/rviz_visual_tools/remote_control.hpp
[1.139s] -- Up-to-date: /home/inouemakoto/interbotix_ws/install/rviz_visual_tools/include/rviz_visual_tools/remote_reciever.hpp
[1.139s] -- Up-to-date: /home/inouemakoto/interbotix_ws/install/rviz_visual_tools/include/rviz_visual_tools/tf_visual_tools.hpp
[1.139s] -- Up-to-date: /home/inouemakoto/interbotix_ws/install/rviz_visual_tools/share/rviz_visual_tools/launch
[1.140s] -- Up-to-date: /home/inouemakoto/interbotix_ws/install/rviz_visual_tools/share/rviz_visual_tools/launch/demo.rviz
[1.140s] -- Up-to-date: /home/inouemakoto/interbotix_ws/install/rviz_visual_tools/share/rviz_visual_tools/launch/demo_combined.launch.py
[1.140s] -- Up-to-date: /home/inouemakoto/interbotix_ws/install/rviz_visual_tools/share/rviz_visual_tools/launch/rvt_test.launch
[1.141s] -- Up-to-date: /home/inouemakoto/interbotix_ws/install/rviz_visual_tools/share/rviz_visual_tools/launch/demo_rviz.launch.py
[1.143s] -- Up-to-date: /home/inouemakoto/interbotix_ws/install/rviz_visual_tools/share/rviz_visual_tools/environment/library_path.sh
[1.143s] -- Up-to-date: /home/inouemakoto/interbotix_ws/install/rviz_visual_tools/share/rviz_visual_tools/environment/library_path.dsv
[1.144s] -- Up-to-date: /home/inouemakoto/interbotix_ws/install/rviz_visual_tools/share/ament_index/resource_index/package_run_dependencies/rviz_visual_tools
[1.144s] -- Up-to-date: /home/inouemakoto/interbotix_ws/install/rviz_visual_tools/share/ament_index/resource_index/parent_prefix_path/rviz_visual_tools
[1.144s] -- Up-to-date: /home/inouemakoto/interbotix_ws/install/rviz_visual_tools/share/rviz_visual_tools/environment/ament_prefix_path.sh
[1.144s] -- Up-to-date: /home/inouemakoto/interbotix_ws/install/rviz_visual_tools/share/rviz_visual_tools/environment/ament_prefix_path.dsv
[1.147s] -- Up-to-date: /home/inouemakoto/interbotix_ws/install/rviz_visual_tools/share/rviz_visual_tools/environment/path.sh
[1.147s] -- Up-to-date: /home/inouemakoto/interbotix_ws/install/rviz_visual_tools/share/rviz_visual_tools/environment/path.dsv
[1.147s] -- Up-to-date: /home/inouemakoto/interbotix_ws/install/rviz_visual_tools/share/rviz_visual_tools/local_setup.bash
[1.148s] -- Up-to-date: /home/inouemakoto/interbotix_ws/install/rviz_visual_tools/share/rviz_visual_tools/local_setup.sh
[1.148s] -- Up-to-date: /home/inouemakoto/interbotix_ws/install/rviz_visual_tools/share/rviz_visual_tools/local_setup.zsh
[1.148s] -- Up-to-date: /home/inouemakoto/interbotix_ws/install/rviz_visual_tools/share/rviz_visual_tools/local_setup.dsv
[1.149s] -- Installing: /home/inouemakoto/interbotix_ws/install/rviz_visual_tools/share/rviz_visual_tools/package.dsv
[1.149s] -- Up-to-date: /home/inouemakoto/interbotix_ws/install/rviz_visual_tools/share/ament_index/resource_index/packages/rviz_visual_tools
[1.150s] -- Up-to-date: /home/inouemakoto/interbotix_ws/install/rviz_visual_tools/share/ament_index/resource_index/rviz_common__pluginlib__plugin/rviz_visual_tools
[1.150s] -- Up-to-date: /home/inouemakoto/interbotix_ws/install/rviz_visual_tools/share/rviz_visual_tools/cmake/export_rviz_visual_toolsExport.cmake
[1.150s] -- Up-to-date: /home/inouemakoto/interbotix_ws/install/rviz_visual_tools/share/rviz_visual_tools/cmake/export_rviz_visual_toolsExport-debug.cmake
[1.150s] -- Up-to-date: /home/inouemakoto/interbotix_ws/install/rviz_visual_tools/share/rviz_visual_tools/cmake/ament_cmake_export_targets-extras.cmake
[1.151s] -- Up-to-date: /home/inouemakoto/interbotix_ws/install/rviz_visual_tools/share/rviz_visual_tools/cmake/ament_cmake_export_dependencies-extras.cmake
[1.151s] -- Up-to-date: /home/inouemakoto/interbotix_ws/install/rviz_visual_tools/share/rviz_visual_tools/cmake/ament_cmake_export_include_directories-extras.cmake
[1.151s] -- Up-to-date: /home/inouemakoto/interbotix_ws/install/rviz_visual_tools/share/rviz_visual_tools/cmake/ament_cmake_export_libraries-extras.cmake
[1.151s] -- Up-to-date: /home/inouemakoto/interbotix_ws/install/rviz_visual_tools/share/rviz_visual_tools/cmake/rviz_visual_toolsConfig.cmake
[1.151s] -- Up-to-date: /home/inouemakoto/interbotix_ws/install/rviz_visual_tools/share/rviz_visual_tools/cmake/rviz_visual_toolsConfig-version.cmake
[1.152s] -- Up-to-date: /home/inouemakoto/interbotix_ws/install/rviz_visual_tools/share/rviz_visual_tools/package.xml
[1.152s] Invoked command in '/home/inouemakoto/interbotix_ws/build/rviz_visual_tools' returned '0': CMAKE_PREFIX_PATH=${CMAKE_PREFIX_PATH}:/home/inouemakoto/interbotix_ws/install/moveit_service:/home/inouemakoto/interbotix_ws/install/interbotix_xs_modules:/home/inouemakoto/interbotix_ws/install/interbotix_common_modules:/home/inouemakoto/ws_moveit2/install/moveit_configs_utils:/home/inouemakoto/ws_moveit2/install/launch_param_builder:/home/inouemakoto/install/interbotix_xs_modules:/home/inouemakoto/install/interbotix_common_modules:/opt/ros/humble /usr/bin/cmake --install /home/inouemakoto/interbotix_ws/build/rviz_visual_tools
