[2.394s] Invoking command in '/home/inouemakoto/interbotix_ws/build/realsense2_camera_msgs': CMAKE_PREFIX_PATH=${CMAKE_PREFIX_PATH}:/home/inouemakoto/interbotix_ws/install/yolov5_ros2:/home/inouemakoto/interbotix_ws/install/interbotix_landmark_modules:/home/inouemakoto/interbotix_ws/install/interbotix_perception_modules:/home/inouemakoto/interbotix_ws/install/pick_vision:/home/inouemakoto/interbotix_ws/install/moveit_service:/home/inouemakoto/interbotix_ws/install/opencv_tests:/home/inouemakoto/interbotix_ws/install/opencv_ros2:/home/inouemakoto/interbotix_ws/install/makoto:/home/inouemakoto/interbotix_ws/install/interbotix_xs_modules:/home/inouemakoto/interbotix_ws/install/interbotix_tf_tools:/home/inouemakoto/interbotix_ws/install/interbotix_rpi_modules:/home/inouemakoto/interbotix_ws/install/interbotix_common_modules:/home/inouemakoto/interbotix_ws/install/camera:/home/inouemakoto/ws_moveit2/install/moveit_configs_utils:/home/inouemakoto/ws_moveit2/install/launch_param_builder:/home/inouemakoto/install/moveit_service:/home/inouemakoto/install/interbotix_xs_modules:/home/inouemakoto/install/interbotix_moveit_interface_msgs:/home/inouemakoto/install/interbotix_common_modules:/opt/ros/humble /usr/bin/cmake --build /home/inouemakoto/interbotix_ws/build/realsense2_camera_msgs -- -j20 -l20
[3.882s] [  1%] Built target realsense2_camera_msgs__cpp
[3.882s] [ 12%] Built target realsense2_camera_msgs__rosidl_generator_c
[3.882s] [ 12%] Built target ament_cmake_python_copy_realsense2_camera_msgs
[3.882s] [ 23%] Built target realsense2_camera_msgs__rosidl_typesupport_cpp
[3.882s] [ 34%] Built target realsense2_camera_msgs__rosidl_typesupport_fastrtps_cpp
[3.882s] [ 46%] Built target realsense2_camera_msgs__rosidl_typesupport_introspection_cpp
[3.882s] [ 65%] Built target realsense2_camera_msgs__rosidl_typesupport_c
[3.883s] [ 68%] Built target realsense2_camera_msgs__rosidl_typesupport_fastrtps_c
[3.883s] [ 79%] Built target realsense2_camera_msgs__rosidl_typesupport_introspection_c
[3.883s] [ 79%] Built target realsense2_camera_msgs
[3.883s] [ 80%] Built target realsense2_camera_msgs__py
[3.883s] [ 90%] Built target realsense2_camera_msgs__rosidl_generator_py
[3.883s] [ 93%] Built target realsense2_camera_msgs__rosidl_typesupport_introspection_c__pyext
[3.883s] [ 96%] Built target realsense2_camera_msgs__rosidl_typesupport_c__pyext
[3.883s] [100%] Built target realsense2_camera_msgs__rosidl_typesupport_fastrtps_c__pyext
[3.883s] running egg_info
[3.883s] writing realsense2_camera_msgs.egg-info/PKG-INFO
[3.883s] writing dependency_links to realsense2_camera_msgs.egg-info/dependency_links.txt
[3.883s] writing top-level names to realsense2_camera_msgs.egg-info/top_level.txt
[3.883s] reading manifest file 'realsense2_camera_msgs.egg-info/SOURCES.txt'
[3.884s] writing manifest file 'realsense2_camera_msgs.egg-info/SOURCES.txt'
[3.884s] [100%] Built target ament_cmake_python_build_realsense2_camera_msgs_egg
[3.902s] Invoked command in '/home/inouemakoto/interbotix_ws/build/realsense2_camera_msgs' returned '0': CMAKE_PREFIX_PATH=${CMAKE_PREFIX_PATH}:/home/inouemakoto/interbotix_ws/install/yolov5_ros2:/home/inouemakoto/interbotix_ws/install/interbotix_landmark_modules:/home/inouemakoto/interbotix_ws/install/interbotix_perception_modules:/home/inouemakoto/interbotix_ws/install/pick_vision:/home/inouemakoto/interbotix_ws/install/moveit_service:/home/inouemakoto/interbotix_ws/install/opencv_tests:/home/inouemakoto/interbotix_ws/install/opencv_ros2:/home/inouemakoto/interbotix_ws/install/makoto:/home/inouemakoto/interbotix_ws/install/interbotix_xs_modules:/home/inouemakoto/interbotix_ws/install/interbotix_tf_tools:/home/inouemakoto/interbotix_ws/install/interbotix_rpi_modules:/home/inouemakoto/interbotix_ws/install/interbotix_common_modules:/home/inouemakoto/interbotix_ws/install/camera:/home/inouemakoto/ws_moveit2/install/moveit_configs_utils:/home/inouemakoto/ws_moveit2/install/launch_param_builder:/home/inouemakoto/install/moveit_service:/home/inouemakoto/install/interbotix_xs_modules:/home/inouemakoto/install/interbotix_moveit_interface_msgs:/home/inouemakoto/install/interbotix_common_modules:/opt/ros/humble /usr/bin/cmake --build /home/inouemakoto/interbotix_ws/build/realsense2_camera_msgs -- -j20 -l20
[4.760s] Invoking command in '/home/inouemakoto/interbotix_ws/build/realsense2_camera_msgs': CMAKE_PREFIX_PATH=${CMAKE_PREFIX_PATH}:/home/inouemakoto/interbotix_ws/install/yolov5_ros2:/home/inouemakoto/interbotix_ws/install/interbotix_landmark_modules:/home/inouemakoto/interbotix_ws/install/interbotix_perception_modules:/home/inouemakoto/interbotix_ws/install/pick_vision:/home/inouemakoto/interbotix_ws/install/moveit_service:/home/inouemakoto/interbotix_ws/install/opencv_tests:/home/inouemakoto/interbotix_ws/install/opencv_ros2:/home/inouemakoto/interbotix_ws/install/makoto:/home/inouemakoto/interbotix_ws/install/interbotix_xs_modules:/home/inouemakoto/interbotix_ws/install/interbotix_tf_tools:/home/inouemakoto/interbotix_ws/install/interbotix_rpi_modules:/home/inouemakoto/interbotix_ws/install/interbotix_common_modules:/home/inouemakoto/interbotix_ws/install/camera:/home/inouemakoto/ws_moveit2/install/moveit_configs_utils:/home/inouemakoto/ws_moveit2/install/launch_param_builder:/home/inouemakoto/install/moveit_service:/home/inouemakoto/install/interbotix_xs_modules:/home/inouemakoto/install/interbotix_moveit_interface_msgs:/home/inouemakoto/install/interbotix_common_modules:/opt/ros/humble /usr/bin/cmake --install /home/inouemakoto/interbotix_ws/build/realsense2_camera_msgs
[5.020s] -- Install configuration: ""
[5.020s] -- Up-to-date: /home/inouemakoto/interbotix_ws/install/realsense2_camera_msgs/share/ament_index/resource_index/rosidl_interfaces/realsense2_camera_msgs
[5.021s] -- Up-to-date: /home/inouemakoto/interbotix_ws/install/realsense2_camera_msgs/include/realsense2_camera_msgs/realsense2_camera_msgs
[5.021s] -- Up-to-date: /home/inouemakoto/interbotix_ws/install/realsense2_camera_msgs/include/realsense2_camera_msgs/realsense2_camera_msgs/srv
[5.021s] -- Up-to-date: /home/inouemakoto/interbotix_ws/install/realsense2_camera_msgs/include/realsense2_camera_msgs/realsense2_camera_msgs/srv/device_info.h
[5.021s] -- Up-to-date: /home/inouemakoto/interbotix_ws/install/realsense2_camera_msgs/include/realsense2_camera_msgs/realsense2_camera_msgs/srv/detail
[5.021s] -- Up-to-date: /home/inouemakoto/interbotix_ws/install/realsense2_camera_msgs/include/realsense2_camera_msgs/realsense2_camera_msgs/srv/detail/device_info__functions.h
[5.021s] -- Up-to-date: /home/inouemakoto/interbotix_ws/install/realsense2_camera_msgs/include/realsense2_camera_msgs/realsense2_camera_msgs/srv/detail/device_info__struct.h
[5.021s] -- Up-to-date: /home/inouemakoto/interbotix_ws/install/realsense2_camera_msgs/include/realsense2_camera_msgs/realsense2_camera_msgs/srv/detail/device_info__type_support.h
[5.021s] -- Up-to-date: /home/inouemakoto/interbotix_ws/install/realsense2_camera_msgs/include/realsense2_camera_msgs/realsense2_camera_msgs/srv/detail/device_info__functions.c
[5.021s] -- Up-to-date: /home/inouemakoto/interbotix_ws/install/realsense2_camera_msgs/include/realsense2_camera_msgs/realsense2_camera_msgs/msg
[5.021s] -- Up-to-date: /home/inouemakoto/interbotix_ws/install/realsense2_camera_msgs/include/realsense2_camera_msgs/realsense2_camera_msgs/msg/rgbd.h
[5.021s] -- Up-to-date: /home/inouemakoto/interbotix_ws/install/realsense2_camera_msgs/include/realsense2_camera_msgs/realsense2_camera_msgs/msg/metadata.h
[5.021s] -- Up-to-date: /home/inouemakoto/interbotix_ws/install/realsense2_camera_msgs/include/realsense2_camera_msgs/realsense2_camera_msgs/msg/rosidl_generator_c__visibility_control.h
[5.021s] -- Up-to-date: /home/inouemakoto/interbotix_ws/install/realsense2_camera_msgs/include/realsense2_camera_msgs/realsense2_camera_msgs/msg/imu_info.h
[5.021s] -- Up-to-date: /home/inouemakoto/interbotix_ws/install/realsense2_camera_msgs/include/realsense2_camera_msgs/realsense2_camera_msgs/msg/detail
[5.021s] -- Up-to-date: /home/inouemakoto/interbotix_ws/install/realsense2_camera_msgs/include/realsense2_camera_msgs/realsense2_camera_msgs/msg/detail/extrinsics__struct.h
[5.021s] -- Up-to-date: /home/inouemakoto/interbotix_ws/install/realsense2_camera_msgs/include/realsense2_camera_msgs/realsense2_camera_msgs/msg/detail/metadata__functions.c
[5.022s] -- Up-to-date: /home/inouemakoto/interbotix_ws/install/realsense2_camera_msgs/include/realsense2_camera_msgs/realsense2_camera_msgs/msg/detail/metadata__functions.h
[5.022s] -- Up-to-date: /home/inouemakoto/interbotix_ws/install/realsense2_camera_msgs/include/realsense2_camera_msgs/realsense2_camera_msgs/msg/detail/metadata__type_support.h
[5.022s] -- Up-to-date: /home/inouemakoto/interbotix_ws/install/realsense2_camera_msgs/include/realsense2_camera_msgs/realsense2_camera_msgs/msg/detail/imu_info__functions.c
[5.022s] -- Up-to-date: /home/inouemakoto/interbotix_ws/install/realsense2_camera_msgs/include/realsense2_camera_msgs/realsense2_camera_msgs/msg/detail/extrinsics__functions.h
[5.022s] -- Up-to-date: /home/inouemakoto/interbotix_ws/install/realsense2_camera_msgs/include/realsense2_camera_msgs/realsense2_camera_msgs/msg/detail/rgbd__type_support.h
[5.022s] -- Up-to-date: /home/inouemakoto/interbotix_ws/install/realsense2_camera_msgs/include/realsense2_camera_msgs/realsense2_camera_msgs/msg/detail/rgbd__struct.h
[5.022s] -- Up-to-date: /home/inouemakoto/interbotix_ws/install/realsense2_camera_msgs/include/realsense2_camera_msgs/realsense2_camera_msgs/msg/detail/imu_info__type_support.h
[5.022s] -- Up-to-date: /home/inouemakoto/interbotix_ws/install/realsense2_camera_msgs/include/realsense2_camera_msgs/realsense2_camera_msgs/msg/detail/extrinsics__type_support.h
[5.022s] -- Up-to-date: /home/inouemakoto/interbotix_ws/install/realsense2_camera_msgs/include/realsense2_camera_msgs/realsense2_camera_msgs/msg/detail/rgbd__functions.c
[5.022s] -- Up-to-date: /home/inouemakoto/interbotix_ws/install/realsense2_camera_msgs/include/realsense2_camera_msgs/realsense2_camera_msgs/msg/detail/metadata__struct.h
[5.022s] -- Up-to-date: /home/inouemakoto/interbotix_ws/install/realsense2_camera_msgs/include/realsense2_camera_msgs/realsense2_camera_msgs/msg/detail/imu_info__functions.h
[5.022s] -- Up-to-date: /home/inouemakoto/interbotix_ws/install/realsense2_camera_msgs/include/realsense2_camera_msgs/realsense2_camera_msgs/msg/detail/imu_info__struct.h
[5.022s] -- Up-to-date: /home/inouemakoto/interbotix_ws/install/realsense2_camera_msgs/include/realsense2_camera_msgs/realsense2_camera_msgs/msg/detail/extrinsics__functions.c
[5.022s] -- Up-to-date: /home/inouemakoto/interbotix_ws/install/realsense2_camera_msgs/include/realsense2_camera_msgs/realsense2_camera_msgs/msg/detail/rgbd__functions.h
[5.022s] -- Up-to-date: /home/inouemakoto/interbotix_ws/install/realsense2_camera_msgs/include/realsense2_camera_msgs/realsense2_camera_msgs/msg/extrinsics.h
[5.022s] -- Up-to-date: /home/inouemakoto/interbotix_ws/install/realsense2_camera_msgs/share/realsense2_camera_msgs/environment/library_path.sh
[5.022s] -- Installing: /home/inouemakoto/interbotix_ws/install/realsense2_camera_msgs/share/realsense2_camera_msgs/environment/library_path.dsv
[5.022s] -- Up-to-date: /home/inouemakoto/interbotix_ws/install/realsense2_camera_msgs/lib/librealsense2_camera_msgs__rosidl_generator_c.so
[5.022s] -- Up-to-date: /home/inouemakoto/interbotix_ws/install/realsense2_camera_msgs/include/realsense2_camera_msgs/realsense2_camera_msgs
[5.022s] -- Up-to-date: /home/inouemakoto/interbotix_ws/install/realsense2_camera_msgs/include/realsense2_camera_msgs/realsense2_camera_msgs/srv
[5.023s] -- Up-to-date: /home/inouemakoto/interbotix_ws/install/realsense2_camera_msgs/include/realsense2_camera_msgs/realsense2_camera_msgs/srv/detail
[5.023s] -- Up-to-date: /home/inouemakoto/interbotix_ws/install/realsense2_camera_msgs/include/realsense2_camera_msgs/realsense2_camera_msgs/srv/detail/device_info__rosidl_typesupport_fastrtps_c.h
[5.023s] -- Up-to-date: /home/inouemakoto/interbotix_ws/install/realsense2_camera_msgs/include/realsense2_camera_msgs/realsense2_camera_msgs/msg
[5.023s] -- Up-to-date: /home/inouemakoto/interbotix_ws/install/realsense2_camera_msgs/include/realsense2_camera_msgs/realsense2_camera_msgs/msg/detail
[5.023s] -- Up-to-date: /home/inouemakoto/interbotix_ws/install/realsense2_camera_msgs/include/realsense2_camera_msgs/realsense2_camera_msgs/msg/detail/metadata__rosidl_typesupport_fastrtps_c.h
[5.023s] -- Up-to-date: /home/inouemakoto/interbotix_ws/install/realsense2_camera_msgs/include/realsense2_camera_msgs/realsense2_camera_msgs/msg/detail/imu_info__rosidl_typesupport_fastrtps_c.h
[5.023s] -- Up-to-date: /home/inouemakoto/interbotix_ws/install/realsense2_camera_msgs/include/realsense2_camera_msgs/realsense2_camera_msgs/msg/detail/extrinsics__rosidl_typesupport_fastrtps_c.h
[5.023s] -- Up-to-date: /home/inouemakoto/interbotix_ws/install/realsense2_camera_msgs/include/realsense2_camera_msgs/realsense2_camera_msgs/msg/detail/rgbd__rosidl_typesupport_fastrtps_c.h
[5.023s] -- Up-to-date: /home/inouemakoto/interbotix_ws/install/realsense2_camera_msgs/include/realsense2_camera_msgs/realsense2_camera_msgs/msg/rosidl_typesupport_fastrtps_c__visibility_control.h
[5.023s] -- Up-to-date: /home/inouemakoto/interbotix_ws/install/realsense2_camera_msgs/lib/librealsense2_camera_msgs__rosidl_typesupport_fastrtps_c.so
[5.023s] -- Up-to-date: /home/inouemakoto/interbotix_ws/install/realsense2_camera_msgs/include/realsense2_camera_msgs/realsense2_camera_msgs
[5.023s] -- Up-to-date: /home/inouemakoto/interbotix_ws/install/realsense2_camera_msgs/include/realsense2_camera_msgs/realsense2_camera_msgs/srv
[5.023s] -- Up-to-date: /home/inouemakoto/interbotix_ws/install/realsense2_camera_msgs/include/realsense2_camera_msgs/realsense2_camera_msgs/srv/detail
[5.023s] -- Up-to-date: /home/inouemakoto/interbotix_ws/install/realsense2_camera_msgs/include/realsense2_camera_msgs/realsense2_camera_msgs/srv/detail/device_info__rosidl_typesupport_introspection_c.h
[5.024s] -- Up-to-date: /home/inouemakoto/interbotix_ws/install/realsense2_camera_msgs/include/realsense2_camera_msgs/realsense2_camera_msgs/srv/detail/device_info__type_support.c
[5.024s] -- Up-to-date: /home/inouemakoto/interbotix_ws/install/realsense2_camera_msgs/include/realsense2_camera_msgs/realsense2_camera_msgs/msg
[5.024s] -- Up-to-date: /home/inouemakoto/interbotix_ws/install/realsense2_camera_msgs/include/realsense2_camera_msgs/realsense2_camera_msgs/msg/rosidl_typesupport_introspection_c__visibility_control.h
[5.024s] -- Up-to-date: /home/inouemakoto/interbotix_ws/install/realsense2_camera_msgs/include/realsense2_camera_msgs/realsense2_camera_msgs/msg/detail
[5.024s] -- Up-to-date: /home/inouemakoto/interbotix_ws/install/realsense2_camera_msgs/include/realsense2_camera_msgs/realsense2_camera_msgs/msg/detail/imu_info__rosidl_typesupport_introspection_c.h
[5.024s] -- Up-to-date: /home/inouemakoto/interbotix_ws/install/realsense2_camera_msgs/include/realsense2_camera_msgs/realsense2_camera_msgs/msg/detail/imu_info__type_support.c
[5.024s] -- Up-to-date: /home/inouemakoto/interbotix_ws/install/realsense2_camera_msgs/include/realsense2_camera_msgs/realsense2_camera_msgs/msg/detail/extrinsics__rosidl_typesupport_introspection_c.h
[5.024s] -- Up-to-date: /home/inouemakoto/interbotix_ws/install/realsense2_camera_msgs/include/realsense2_camera_msgs/realsense2_camera_msgs/msg/detail/metadata__type_support.c
[5.024s] -- Up-to-date: /home/inouemakoto/interbotix_ws/install/realsense2_camera_msgs/include/realsense2_camera_msgs/realsense2_camera_msgs/msg/detail/rgbd__rosidl_typesupport_introspection_c.h
[5.024s] -- Up-to-date: /home/inouemakoto/interbotix_ws/install/realsense2_camera_msgs/include/realsense2_camera_msgs/realsense2_camera_msgs/msg/detail/rgbd__type_support.c
[5.024s] -- Up-to-date: /home/inouemakoto/interbotix_ws/install/realsense2_camera_msgs/include/realsense2_camera_msgs/realsense2_camera_msgs/msg/detail/metadata__rosidl_typesupport_introspection_c.h
[5.024s] -- Up-to-date: /home/inouemakoto/interbotix_ws/install/realsense2_camera_msgs/include/realsense2_camera_msgs/realsense2_camera_msgs/msg/detail/extrinsics__type_support.c
[5.024s] -- Up-to-date: /home/inouemakoto/interbotix_ws/install/realsense2_camera_msgs/lib/librealsense2_camera_msgs__rosidl_typesupport_introspection_c.so
[5.024s] -- Up-to-date: /home/inouemakoto/interbotix_ws/install/realsense2_camera_msgs/lib/librealsense2_camera_msgs__rosidl_typesupport_c.so
[5.024s] -- Up-to-date: /home/inouemakoto/interbotix_ws/install/realsense2_camera_msgs/include/realsense2_camera_msgs/realsense2_camera_msgs
[5.024s] -- Up-to-date: /home/inouemakoto/interbotix_ws/install/realsense2_camera_msgs/include/realsense2_camera_msgs/realsense2_camera_msgs/srv
[5.024s] -- Up-to-date: /home/inouemakoto/interbotix_ws/install/realsense2_camera_msgs/include/realsense2_camera_msgs/realsense2_camera_msgs/srv/device_info.hpp
[5.024s] -- Up-to-date: /home/inouemakoto/interbotix_ws/install/realsense2_camera_msgs/include/realsense2_camera_msgs/realsense2_camera_msgs/srv/detail
[5.025s] -- Up-to-date: /home/inouemakoto/interbotix_ws/install/realsense2_camera_msgs/include/realsense2_camera_msgs/realsense2_camera_msgs/srv/detail/device_info__traits.hpp
[5.025s] -- Up-to-date: /home/inouemakoto/interbotix_ws/install/realsense2_camera_msgs/include/realsense2_camera_msgs/realsense2_camera_msgs/srv/detail/device_info__builder.hpp
[5.025s] -- Up-to-date: /home/inouemakoto/interbotix_ws/install/realsense2_camera_msgs/include/realsense2_camera_msgs/realsense2_camera_msgs/srv/detail/device_info__struct.hpp
[5.025s] -- Up-to-date: /home/inouemakoto/interbotix_ws/install/realsense2_camera_msgs/include/realsense2_camera_msgs/realsense2_camera_msgs/msg
[5.025s] -- Up-to-date: /home/inouemakoto/interbotix_ws/install/realsense2_camera_msgs/include/realsense2_camera_msgs/realsense2_camera_msgs/msg/metadata.hpp
[5.025s] -- Up-to-date: /home/inouemakoto/interbotix_ws/install/realsense2_camera_msgs/include/realsense2_camera_msgs/realsense2_camera_msgs/msg/rgbd.hpp
[5.025s] -- Up-to-date: /home/inouemakoto/interbotix_ws/install/realsense2_camera_msgs/include/realsense2_camera_msgs/realsense2_camera_msgs/msg/extrinsics.hpp
[5.025s] -- Up-to-date: /home/inouemakoto/interbotix_ws/install/realsense2_camera_msgs/include/realsense2_camera_msgs/realsense2_camera_msgs/msg/detail
[5.025s] -- Up-to-date: /home/inouemakoto/interbotix_ws/install/realsense2_camera_msgs/include/realsense2_camera_msgs/realsense2_camera_msgs/msg/detail/rgbd__builder.hpp
[5.025s] -- Up-to-date: /home/inouemakoto/interbotix_ws/install/realsense2_camera_msgs/include/realsense2_camera_msgs/realsense2_camera_msgs/msg/detail/rgbd__traits.hpp
[5.025s] -- Up-to-date: /home/inouemakoto/interbotix_ws/install/realsense2_camera_msgs/include/realsense2_camera_msgs/realsense2_camera_msgs/msg/detail/extrinsics__builder.hpp
[5.025s] -- Up-to-date: /home/inouemakoto/interbotix_ws/install/realsense2_camera_msgs/include/realsense2_camera_msgs/realsense2_camera_msgs/msg/detail/imu_info__builder.hpp
[5.025s] -- Up-to-date: /home/inouemakoto/interbotix_ws/install/realsense2_camera_msgs/include/realsense2_camera_msgs/realsense2_camera_msgs/msg/detail/rgbd__struct.hpp
[5.025s] -- Up-to-date: /home/inouemakoto/interbotix_ws/install/realsense2_camera_msgs/include/realsense2_camera_msgs/realsense2_camera_msgs/msg/detail/imu_info__struct.hpp
[5.025s] -- Up-to-date: /home/inouemakoto/interbotix_ws/install/realsense2_camera_msgs/include/realsense2_camera_msgs/realsense2_camera_msgs/msg/detail/metadata__builder.hpp
[5.025s] -- Up-to-date: /home/inouemakoto/interbotix_ws/install/realsense2_camera_msgs/include/realsense2_camera_msgs/realsense2_camera_msgs/msg/detail/metadata__traits.hpp
[5.025s] -- Up-to-date: /home/inouemakoto/interbotix_ws/install/realsense2_camera_msgs/include/realsense2_camera_msgs/realsense2_camera_msgs/msg/detail/imu_info__traits.hpp
[5.025s] -- Up-to-date: /home/inouemakoto/interbotix_ws/install/realsense2_camera_msgs/include/realsense2_camera_msgs/realsense2_camera_msgs/msg/detail/extrinsics__struct.hpp
[5.025s] -- Up-to-date: /home/inouemakoto/interbotix_ws/install/realsense2_camera_msgs/include/realsense2_camera_msgs/realsense2_camera_msgs/msg/detail/extrinsics__traits.hpp
[5.025s] -- Up-to-date: /home/inouemakoto/interbotix_ws/install/realsense2_camera_msgs/include/realsense2_camera_msgs/realsense2_camera_msgs/msg/detail/metadata__struct.hpp
[5.026s] -- Up-to-date: /home/inouemakoto/interbotix_ws/install/realsense2_camera_msgs/include/realsense2_camera_msgs/realsense2_camera_msgs/msg/imu_info.hpp
[5.026s] -- Up-to-date: /home/inouemakoto/interbotix_ws/install/realsense2_camera_msgs/include/realsense2_camera_msgs/realsense2_camera_msgs
[5.026s] -- Up-to-date: /home/inouemakoto/interbotix_ws/install/realsense2_camera_msgs/include/realsense2_camera_msgs/realsense2_camera_msgs/srv
[5.026s] -- Up-to-date: /home/inouemakoto/interbotix_ws/install/realsense2_camera_msgs/include/realsense2_camera_msgs/realsense2_camera_msgs/srv/detail
[5.026s] -- Up-to-date: /home/inouemakoto/interbotix_ws/install/realsense2_camera_msgs/include/realsense2_camera_msgs/realsense2_camera_msgs/srv/detail/dds_fastrtps
[5.026s] -- Up-to-date: /home/inouemakoto/interbotix_ws/install/realsense2_camera_msgs/include/realsense2_camera_msgs/realsense2_camera_msgs/srv/detail/device_info__rosidl_typesupport_fastrtps_cpp.hpp
[5.026s] -- Up-to-date: /home/inouemakoto/interbotix_ws/install/realsense2_camera_msgs/include/realsense2_camera_msgs/realsense2_camera_msgs/msg
[5.026s] -- Up-to-date: /home/inouemakoto/interbotix_ws/install/realsense2_camera_msgs/include/realsense2_camera_msgs/realsense2_camera_msgs/msg/rosidl_typesupport_fastrtps_cpp__visibility_control.h
[5.026s] -- Up-to-date: /home/inouemakoto/interbotix_ws/install/realsense2_camera_msgs/include/realsense2_camera_msgs/realsense2_camera_msgs/msg/detail
[5.026s] -- Up-to-date: /home/inouemakoto/interbotix_ws/install/realsense2_camera_msgs/include/realsense2_camera_msgs/realsense2_camera_msgs/msg/detail/dds_fastrtps
[5.026s] -- Up-to-date: /home/inouemakoto/interbotix_ws/install/realsense2_camera_msgs/include/realsense2_camera_msgs/realsense2_camera_msgs/msg/detail/metadata__rosidl_typesupport_fastrtps_cpp.hpp
[5.026s] -- Up-to-date: /home/inouemakoto/interbotix_ws/install/realsense2_camera_msgs/include/realsense2_camera_msgs/realsense2_camera_msgs/msg/detail/imu_info__rosidl_typesupport_fastrtps_cpp.hpp
[5.026s] -- Up-to-date: /home/inouemakoto/interbotix_ws/install/realsense2_camera_msgs/include/realsense2_camera_msgs/realsense2_camera_msgs/msg/detail/rgbd__rosidl_typesupport_fastrtps_cpp.hpp
[5.026s] -- Up-to-date: /home/inouemakoto/interbotix_ws/install/realsense2_camera_msgs/include/realsense2_camera_msgs/realsense2_camera_msgs/msg/detail/extrinsics__rosidl_typesupport_fastrtps_cpp.hpp
[5.026s] -- Up-to-date: /home/inouemakoto/interbotix_ws/install/realsense2_camera_msgs/lib/librealsense2_camera_msgs__rosidl_typesupport_fastrtps_cpp.so
[5.026s] -- Up-to-date: /home/inouemakoto/interbotix_ws/install/realsense2_camera_msgs/include/realsense2_camera_msgs/realsense2_camera_msgs
[5.026s] -- Up-to-date: /home/inouemakoto/interbotix_ws/install/realsense2_camera_msgs/include/realsense2_camera_msgs/realsense2_camera_msgs/srv
[5.026s] -- Up-to-date: /home/inouemakoto/interbotix_ws/install/realsense2_camera_msgs/include/realsense2_camera_msgs/realsense2_camera_msgs/srv/detail
[5.026s] -- Up-to-date: /home/inouemakoto/interbotix_ws/install/realsense2_camera_msgs/include/realsense2_camera_msgs/realsense2_camera_msgs/srv/detail/device_info__type_support.cpp
[5.026s] -- Up-to-date: /home/inouemakoto/interbotix_ws/install/realsense2_camera_msgs/include/realsense2_camera_msgs/realsense2_camera_msgs/srv/detail/device_info__rosidl_typesupport_introspection_cpp.hpp
[5.027s] -- Up-to-date: /home/inouemakoto/interbotix_ws/install/realsense2_camera_msgs/include/realsense2_camera_msgs/realsense2_camera_msgs/msg
[5.027s] -- Up-to-date: /home/inouemakoto/interbotix_ws/install/realsense2_camera_msgs/include/realsense2_camera_msgs/realsense2_camera_msgs/msg/detail
[5.027s] -- Up-to-date: /home/inouemakoto/interbotix_ws/install/realsense2_camera_msgs/include/realsense2_camera_msgs/realsense2_camera_msgs/msg/detail/extrinsics__rosidl_typesupport_introspection_cpp.hpp
[5.027s] -- Up-to-date: /home/inouemakoto/interbotix_ws/install/realsense2_camera_msgs/include/realsense2_camera_msgs/realsense2_camera_msgs/msg/detail/imu_info__rosidl_typesupport_introspection_cpp.hpp
[5.027s] -- Up-to-date: /home/inouemakoto/interbotix_ws/install/realsense2_camera_msgs/include/realsense2_camera_msgs/realsense2_camera_msgs/msg/detail/extrinsics__type_support.cpp
[5.027s] -- Up-to-date: /home/inouemakoto/interbotix_ws/install/realsense2_camera_msgs/include/realsense2_camera_msgs/realsense2_camera_msgs/msg/detail/imu_info__type_support.cpp
[5.027s] -- Up-to-date: /home/inouemakoto/interbotix_ws/install/realsense2_camera_msgs/include/realsense2_camera_msgs/realsense2_camera_msgs/msg/detail/metadata__type_support.cpp
[5.027s] -- Up-to-date: /home/inouemakoto/interbotix_ws/install/realsense2_camera_msgs/include/realsense2_camera_msgs/realsense2_camera_msgs/msg/detail/metadata__rosidl_typesupport_introspection_cpp.hpp
[5.027s] -- Up-to-date: /home/inouemakoto/interbotix_ws/install/realsense2_camera_msgs/include/realsense2_camera_msgs/realsense2_camera_msgs/msg/detail/rgbd__rosidl_typesupport_introspection_cpp.hpp
[5.027s] -- Up-to-date: /home/inouemakoto/interbotix_ws/install/realsense2_camera_msgs/include/realsense2_camera_msgs/realsense2_camera_msgs/msg/detail/rgbd__type_support.cpp
[5.027s] -- Up-to-date: /home/inouemakoto/interbotix_ws/install/realsense2_camera_msgs/lib/librealsense2_camera_msgs__rosidl_typesupport_introspection_cpp.so
[5.027s] -- Up-to-date: /home/inouemakoto/interbotix_ws/install/realsense2_camera_msgs/lib/librealsense2_camera_msgs__rosidl_typesupport_cpp.so
[5.027s] -- Up-to-date: /home/inouemakoto/interbotix_ws/install/realsense2_camera_msgs/share/realsense2_camera_msgs/environment/pythonpath.sh
[5.027s] -- Installing: /home/inouemakoto/interbotix_ws/install/realsense2_camera_msgs/share/realsense2_camera_msgs/environment/pythonpath.dsv
[5.027s] -- Up-to-date: /home/inouemakoto/interbotix_ws/install/realsense2_camera_msgs/local/lib/python3.10/dist-packages/realsense2_camera_msgs-4.54.1-py3.10.egg-info
[5.027s] -- Installing: /home/inouemakoto/interbotix_ws/install/realsense2_camera_msgs/local/lib/python3.10/dist-packages/realsense2_camera_msgs-4.54.1-py3.10.egg-info/top_level.txt
[5.028s] -- Installing: /home/inouemakoto/interbotix_ws/install/realsense2_camera_msgs/local/lib/python3.10/dist-packages/realsense2_camera_msgs-4.54.1-py3.10.egg-info/dependency_links.txt
[5.028s] -- Installing: /home/inouemakoto/interbotix_ws/install/realsense2_camera_msgs/local/lib/python3.10/dist-packages/realsense2_camera_msgs-4.54.1-py3.10.egg-info/SOURCES.txt
[5.028s] -- Installing: /home/inouemakoto/interbotix_ws/install/realsense2_camera_msgs/local/lib/python3.10/dist-packages/realsense2_camera_msgs-4.54.1-py3.10.egg-info/PKG-INFO
[5.028s] -- Up-to-date: /home/inouemakoto/interbotix_ws/install/realsense2_camera_msgs/local/lib/python3.10/dist-packages/realsense2_camera_msgs
[5.028s] -- Up-to-date: /home/inouemakoto/interbotix_ws/install/realsense2_camera_msgs/local/lib/python3.10/dist-packages/realsense2_camera_msgs/srv
[5.029s] -- Up-to-date: /home/inouemakoto/interbotix_ws/install/realsense2_camera_msgs/local/lib/python3.10/dist-packages/realsense2_camera_msgs/srv/_device_info.py
[5.029s] -- Up-to-date: /home/inouemakoto/interbotix_ws/install/realsense2_camera_msgs/local/lib/python3.10/dist-packages/realsense2_camera_msgs/srv/__init__.py
[5.029s] -- Up-to-date: /home/inouemakoto/interbotix_ws/install/realsense2_camera_msgs/local/lib/python3.10/dist-packages/realsense2_camera_msgs/srv/_device_info_s.c
[5.029s] -- Up-to-date: /home/inouemakoto/interbotix_ws/install/realsense2_camera_msgs/local/lib/python3.10/dist-packages/realsense2_camera_msgs/msg
[5.029s] -- Up-to-date: /home/inouemakoto/interbotix_ws/install/realsense2_camera_msgs/local/lib/python3.10/dist-packages/realsense2_camera_msgs/msg/_rgbd.py
[5.029s] -- Up-to-date: /home/inouemakoto/interbotix_ws/install/realsense2_camera_msgs/local/lib/python3.10/dist-packages/realsense2_camera_msgs/msg/_imu_info.py
[5.029s] -- Up-to-date: /home/inouemakoto/interbotix_ws/install/realsense2_camera_msgs/local/lib/python3.10/dist-packages/realsense2_camera_msgs/msg/__init__.py
[5.029s] -- Up-to-date: /home/inouemakoto/interbotix_ws/install/realsense2_camera_msgs/local/lib/python3.10/dist-packages/realsense2_camera_msgs/msg/_extrinsics_s.c
[5.030s] -- Up-to-date: /home/inouemakoto/interbotix_ws/install/realsense2_camera_msgs/local/lib/python3.10/dist-packages/realsense2_camera_msgs/msg/_metadata_s.c
[5.030s] -- Up-to-date: /home/inouemakoto/interbotix_ws/install/realsense2_camera_msgs/local/lib/python3.10/dist-packages/realsense2_camera_msgs/msg/_metadata.py
[5.030s] -- Up-to-date: /home/inouemakoto/interbotix_ws/install/realsense2_camera_msgs/local/lib/python3.10/dist-packages/realsense2_camera_msgs/msg/_imu_info_s.c
[5.030s] -- Up-to-date: /home/inouemakoto/interbotix_ws/install/realsense2_camera_msgs/local/lib/python3.10/dist-packages/realsense2_camera_msgs/msg/_rgbd_s.c
[5.030s] -- Up-to-date: /home/inouemakoto/interbotix_ws/install/realsense2_camera_msgs/local/lib/python3.10/dist-packages/realsense2_camera_msgs/msg/_extrinsics.py
[5.030s] -- Up-to-date: /home/inouemakoto/interbotix_ws/install/realsense2_camera_msgs/local/lib/python3.10/dist-packages/realsense2_camera_msgs/_realsense2_camera_msgs_s.ep.rosidl_typesupport_fastrtps_c.c
[5.030s] -- Up-to-date: /home/inouemakoto/interbotix_ws/install/realsense2_camera_msgs/local/lib/python3.10/dist-packages/realsense2_camera_msgs/_realsense2_camera_msgs_s.ep.rosidl_typesupport_c.c
[5.030s] -- Installing: /home/inouemakoto/interbotix_ws/install/realsense2_camera_msgs/local/lib/python3.10/dist-packages/realsense2_camera_msgs/realsense2_camera_msgs_s__rosidl_typesupport_c.cpython-310-x86_64-linux-gnu.so
[5.030s] -- Up-to-date: /home/inouemakoto/interbotix_ws/install/realsense2_camera_msgs/local/lib/python3.10/dist-packages/realsense2_camera_msgs/librealsense2_camera_msgs__rosidl_generator_py.so
[5.030s] -- Up-to-date: /home/inouemakoto/interbotix_ws/install/realsense2_camera_msgs/local/lib/python3.10/dist-packages/realsense2_camera_msgs/_realsense2_camera_msgs_s.ep.rosidl_typesupport_introspection_c.c
[5.030s] -- Installing: /home/inouemakoto/interbotix_ws/install/realsense2_camera_msgs/local/lib/python3.10/dist-packages/realsense2_camera_msgs/__init__.py
[5.030s] -- Installing: /home/inouemakoto/interbotix_ws/install/realsense2_camera_msgs/local/lib/python3.10/dist-packages/realsense2_camera_msgs/realsense2_camera_msgs_s__rosidl_typesupport_fastrtps_c.cpython-310-x86_64-linux-gnu.so
[5.030s] -- Installing: /home/inouemakoto/interbotix_ws/install/realsense2_camera_msgs/local/lib/python3.10/dist-packages/realsense2_camera_msgs/realsense2_camera_msgs_s__rosidl_typesupport_introspection_c.cpython-310-x86_64-linux-gnu.so
[5.054s] Listing '/home/inouemakoto/interbotix_ws/install/realsense2_camera_msgs/local/lib/python3.10/dist-packages/realsense2_camera_msgs'...
[5.054s] Compiling '/home/inouemakoto/interbotix_ws/install/realsense2_camera_msgs/local/lib/python3.10/dist-packages/realsense2_camera_msgs/__init__.py'...
[5.054s] Listing '/home/inouemakoto/interbotix_ws/install/realsense2_camera_msgs/local/lib/python3.10/dist-packages/realsense2_camera_msgs/msg'...
[5.054s] Listing '/home/inouemakoto/interbotix_ws/install/realsense2_camera_msgs/local/lib/python3.10/dist-packages/realsense2_camera_msgs/srv'...
[5.058s] -- Installing: /home/inouemakoto/interbotix_ws/install/realsense2_camera_msgs/local/lib/python3.10/dist-packages/realsense2_camera_msgs/realsense2_camera_msgs_s__rosidl_typesupport_fastrtps_c.cpython-310-x86_64-linux-gnu.so
[5.058s] -- Set runtime path of "/home/inouemakoto/interbotix_ws/install/realsense2_camera_msgs/local/lib/python3.10/dist-packages/realsense2_camera_msgs/realsense2_camera_msgs_s__rosidl_typesupport_fastrtps_c.cpython-310-x86_64-linux-gnu.so" to ""
[5.058s] -- Installing: /home/inouemakoto/interbotix_ws/install/realsense2_camera_msgs/local/lib/python3.10/dist-packages/realsense2_camera_msgs/realsense2_camera_msgs_s__rosidl_typesupport_introspection_c.cpython-310-x86_64-linux-gnu.so
[5.058s] -- Set runtime path of "/home/inouemakoto/interbotix_ws/install/realsense2_camera_msgs/local/lib/python3.10/dist-packages/realsense2_camera_msgs/realsense2_camera_msgs_s__rosidl_typesupport_introspection_c.cpython-310-x86_64-linux-gnu.so" to ""
[5.058s] -- Installing: /home/inouemakoto/interbotix_ws/install/realsense2_camera_msgs/local/lib/python3.10/dist-packages/realsense2_camera_msgs/realsense2_camera_msgs_s__rosidl_typesupport_c.cpython-310-x86_64-linux-gnu.so
[5.058s] -- Set runtime path of "/home/inouemakoto/interbotix_ws/install/realsense2_camera_msgs/local/lib/python3.10/dist-packages/realsense2_camera_msgs/realsense2_camera_msgs_s__rosidl_typesupport_c.cpython-310-x86_64-linux-gnu.so" to ""
[5.059s] -- Up-to-date: /home/inouemakoto/interbotix_ws/install/realsense2_camera_msgs/lib/librealsense2_camera_msgs__rosidl_generator_py.so
[5.060s] -- Up-to-date: /home/inouemakoto/interbotix_ws/install/realsense2_camera_msgs/share/realsense2_camera_msgs/msg/IMUInfo.idl
[5.060s] -- Up-to-date: /home/inouemakoto/interbotix_ws/install/realsense2_camera_msgs/share/realsense2_camera_msgs/msg/Extrinsics.idl
[5.060s] -- Up-to-date: /home/inouemakoto/interbotix_ws/install/realsense2_camera_msgs/share/realsense2_camera_msgs/msg/Metadata.idl
[5.060s] -- Up-to-date: /home/inouemakoto/interbotix_ws/install/realsense2_camera_msgs/share/realsense2_camera_msgs/msg/RGBD.idl
[5.060s] -- Up-to-date: /home/inouemakoto/interbotix_ws/install/realsense2_camera_msgs/share/realsense2_camera_msgs/srv/DeviceInfo.idl
[5.060s] -- Up-to-date: /home/inouemakoto/interbotix_ws/install/realsense2_camera_msgs/share/realsense2_camera_msgs/msg/IMUInfo.msg
[5.060s] -- Up-to-date: /home/inouemakoto/interbotix_ws/install/realsense2_camera_msgs/share/realsense2_camera_msgs/msg/Extrinsics.msg
[5.060s] -- Up-to-date: /home/inouemakoto/interbotix_ws/install/realsense2_camera_msgs/share/realsense2_camera_msgs/msg/Metadata.msg
[5.060s] -- Up-to-date: /home/inouemakoto/interbotix_ws/install/realsense2_camera_msgs/share/realsense2_camera_msgs/msg/RGBD.msg
[5.060s] -- Up-to-date: /home/inouemakoto/interbotix_ws/install/realsense2_camera_msgs/share/realsense2_camera_msgs/srv/DeviceInfo.srv
[5.060s] -- Up-to-date: /home/inouemakoto/interbotix_ws/install/realsense2_camera_msgs/share/realsense2_camera_msgs/srv/DeviceInfo_Request.msg
[5.060s] -- Up-to-date: /home/inouemakoto/interbotix_ws/install/realsense2_camera_msgs/share/realsense2_camera_msgs/srv/DeviceInfo_Response.msg
[5.060s] -- Up-to-date: /home/inouemakoto/interbotix_ws/install/realsense2_camera_msgs/share/ament_index/resource_index/package_run_dependencies/realsense2_camera_msgs
[5.060s] -- Installing: /home/inouemakoto/interbotix_ws/install/realsense2_camera_msgs/share/ament_index/resource_index/parent_prefix_path/realsense2_camera_msgs
[5.060s] -- Up-to-date: /home/inouemakoto/interbotix_ws/install/realsense2_camera_msgs/share/realsense2_camera_msgs/environment/ament_prefix_path.sh
[5.060s] -- Installing: /home/inouemakoto/interbotix_ws/install/realsense2_camera_msgs/share/realsense2_camera_msgs/environment/ament_prefix_path.dsv
[5.061s] -- Up-to-date: /home/inouemakoto/interbotix_ws/install/realsense2_camera_msgs/share/realsense2_camera_msgs/environment/path.sh
[5.061s] -- Installing: /home/inouemakoto/interbotix_ws/install/realsense2_camera_msgs/share/realsense2_camera_msgs/environment/path.dsv
[5.061s] -- Up-to-date: /home/inouemakoto/interbotix_ws/install/realsense2_camera_msgs/share/realsense2_camera_msgs/local_setup.bash
[5.061s] -- Up-to-date: /home/inouemakoto/interbotix_ws/install/realsense2_camera_msgs/share/realsense2_camera_msgs/local_setup.sh
[5.061s] -- Up-to-date: /home/inouemakoto/interbotix_ws/install/realsense2_camera_msgs/share/realsense2_camera_msgs/local_setup.zsh
[5.061s] -- Installing: /home/inouemakoto/interbotix_ws/install/realsense2_camera_msgs/share/realsense2_camera_msgs/local_setup.dsv
[5.061s] -- Installing: /home/inouemakoto/interbotix_ws/install/realsense2_camera_msgs/share/realsense2_camera_msgs/package.dsv
[5.061s] -- Up-to-date: /home/inouemakoto/interbotix_ws/install/realsense2_camera_msgs/share/ament_index/resource_index/packages/realsense2_camera_msgs
[5.061s] -- Up-to-date: /home/inouemakoto/interbotix_ws/install/realsense2_camera_msgs/share/realsense2_camera_msgs/cmake/export_realsense2_camera_msgs__rosidl_generator_cExport.cmake
[5.061s] -- Up-to-date: /home/inouemakoto/interbotix_ws/install/realsense2_camera_msgs/share/realsense2_camera_msgs/cmake/export_realsense2_camera_msgs__rosidl_generator_cExport-noconfig.cmake
[5.061s] -- Up-to-date: /home/inouemakoto/interbotix_ws/install/realsense2_camera_msgs/share/realsense2_camera_msgs/cmake/export_realsense2_camera_msgs__rosidl_typesupport_fastrtps_cExport.cmake
[5.061s] -- Up-to-date: /home/inouemakoto/interbotix_ws/install/realsense2_camera_msgs/share/realsense2_camera_msgs/cmake/export_realsense2_camera_msgs__rosidl_typesupport_fastrtps_cExport-noconfig.cmake
[5.061s] -- Up-to-date: /home/inouemakoto/interbotix_ws/install/realsense2_camera_msgs/share/realsense2_camera_msgs/cmake/realsense2_camera_msgs__rosidl_typesupport_introspection_cExport.cmake
[5.061s] -- Up-to-date: /home/inouemakoto/interbotix_ws/install/realsense2_camera_msgs/share/realsense2_camera_msgs/cmake/realsense2_camera_msgs__rosidl_typesupport_introspection_cExport-noconfig.cmake
[5.062s] -- Up-to-date: /home/inouemakoto/interbotix_ws/install/realsense2_camera_msgs/share/realsense2_camera_msgs/cmake/realsense2_camera_msgs__rosidl_typesupport_cExport.cmake
[5.062s] -- Up-to-date: /home/inouemakoto/interbotix_ws/install/realsense2_camera_msgs/share/realsense2_camera_msgs/cmake/realsense2_camera_msgs__rosidl_typesupport_cExport-noconfig.cmake
[5.062s] -- Up-to-date: /home/inouemakoto/interbotix_ws/install/realsense2_camera_msgs/share/realsense2_camera_msgs/cmake/export_realsense2_camera_msgs__rosidl_generator_cppExport.cmake
[5.062s] -- Up-to-date: /home/inouemakoto/interbotix_ws/install/realsense2_camera_msgs/share/realsense2_camera_msgs/cmake/export_realsense2_camera_msgs__rosidl_typesupport_fastrtps_cppExport.cmake
[5.062s] -- Up-to-date: /home/inouemakoto/interbotix_ws/install/realsense2_camera_msgs/share/realsense2_camera_msgs/cmake/export_realsense2_camera_msgs__rosidl_typesupport_fastrtps_cppExport-noconfig.cmake
[5.062s] -- Up-to-date: /home/inouemakoto/interbotix_ws/install/realsense2_camera_msgs/share/realsense2_camera_msgs/cmake/realsense2_camera_msgs__rosidl_typesupport_introspection_cppExport.cmake
[5.062s] -- Up-to-date: /home/inouemakoto/interbotix_ws/install/realsense2_camera_msgs/share/realsense2_camera_msgs/cmake/realsense2_camera_msgs__rosidl_typesupport_introspection_cppExport-noconfig.cmake
[5.062s] -- Up-to-date: /home/inouemakoto/interbotix_ws/install/realsense2_camera_msgs/share/realsense2_camera_msgs/cmake/realsense2_camera_msgs__rosidl_typesupport_cppExport.cmake
[5.062s] -- Up-to-date: /home/inouemakoto/interbotix_ws/install/realsense2_camera_msgs/share/realsense2_camera_msgs/cmake/realsense2_camera_msgs__rosidl_typesupport_cppExport-noconfig.cmake
[5.062s] -- Up-to-date: /home/inouemakoto/interbotix_ws/install/realsense2_camera_msgs/share/realsense2_camera_msgs/cmake/export_realsense2_camera_msgs__rosidl_generator_pyExport.cmake
[5.062s] -- Up-to-date: /home/inouemakoto/interbotix_ws/install/realsense2_camera_msgs/share/realsense2_camera_msgs/cmake/export_realsense2_camera_msgs__rosidl_generator_pyExport-noconfig.cmake
[5.062s] -- Up-to-date: /home/inouemakoto/interbotix_ws/install/realsense2_camera_msgs/share/realsense2_camera_msgs/cmake/rosidl_cmake-extras.cmake
[5.062s] -- Up-to-date: /home/inouemakoto/interbotix_ws/install/realsense2_camera_msgs/share/realsense2_camera_msgs/cmake/ament_cmake_export_dependencies-extras.cmake
[5.062s] -- Up-to-date: /home/inouemakoto/interbotix_ws/install/realsense2_camera_msgs/share/realsense2_camera_msgs/cmake/ament_cmake_export_include_directories-extras.cmake
[5.062s] -- Up-to-date: /home/inouemakoto/interbotix_ws/install/realsense2_camera_msgs/share/realsense2_camera_msgs/cmake/ament_cmake_export_libraries-extras.cmake
[5.063s] -- Up-to-date: /home/inouemakoto/interbotix_ws/install/realsense2_camera_msgs/share/realsense2_camera_msgs/cmake/ament_cmake_export_targets-extras.cmake
[5.063s] -- Up-to-date: /home/inouemakoto/interbotix_ws/install/realsense2_camera_msgs/share/realsense2_camera_msgs/cmake/rosidl_cmake_export_typesupport_targets-extras.cmake
[5.063s] -- Up-to-date: /home/inouemakoto/interbotix_ws/install/realsense2_camera_msgs/share/realsense2_camera_msgs/cmake/rosidl_cmake_export_typesupport_libraries-extras.cmake
[5.063s] -- Up-to-date: /home/inouemakoto/interbotix_ws/install/realsense2_camera_msgs/share/realsense2_camera_msgs/cmake/realsense2_camera_msgsConfig.cmake
[5.063s] -- Up-to-date: /home/inouemakoto/interbotix_ws/install/realsense2_camera_msgs/share/realsense2_camera_msgs/cmake/realsense2_camera_msgsConfig-version.cmake
[5.063s] -- Up-to-date: /home/inouemakoto/interbotix_ws/install/realsense2_camera_msgs/share/realsense2_camera_msgs/package.xml
[5.867s] Invoked command in '/home/inouemakoto/interbotix_ws/build/realsense2_camera_msgs' returned '0': CMAKE_PREFIX_PATH=${CMAKE_PREFIX_PATH}:/home/inouemakoto/interbotix_ws/install/yolov5_ros2:/home/inouemakoto/interbotix_ws/install/interbotix_landmark_modules:/home/inouemakoto/interbotix_ws/install/interbotix_perception_modules:/home/inouemakoto/interbotix_ws/install/pick_vision:/home/inouemakoto/interbotix_ws/install/moveit_service:/home/inouemakoto/interbotix_ws/install/opencv_tests:/home/inouemakoto/interbotix_ws/install/opencv_ros2:/home/inouemakoto/interbotix_ws/install/makoto:/home/inouemakoto/interbotix_ws/install/interbotix_xs_modules:/home/inouemakoto/interbotix_ws/install/interbotix_tf_tools:/home/inouemakoto/interbotix_ws/install/interbotix_rpi_modules:/home/inouemakoto/interbotix_ws/install/interbotix_common_modules:/home/inouemakoto/interbotix_ws/install/camera:/home/inouemakoto/ws_moveit2/install/moveit_configs_utils:/home/inouemakoto/ws_moveit2/install/launch_param_builder:/home/inouemakoto/install/moveit_service:/home/inouemakoto/install/interbotix_xs_modules:/home/inouemakoto/install/interbotix_moveit_interface_msgs:/home/inouemakoto/install/interbotix_common_modules:/opt/ros/humble /usr/bin/cmake --install /home/inouemakoto/interbotix_ws/build/realsense2_camera_msgs
