-- Found ament_cmake: 1.3.4 (/opt/ros/humble/share/ament_cmake/cmake)
-- Override CMake install command with custom implementation using symlinks instead of copying resources
-- Found ament_lint_auto: 0.12.6 (/opt/ros/humble/share/ament_lint_auto/cmake)
-- Added test 'copyright' to check source files copyright and LICENSE
-- Added test 'lint_cmake' to check CMake code style
-- Added test 'xmllint' to check XML markup files
-- Configuring done
-- Generating done
-- Build files have been written to: /home/inouemakoto/interbotix_ws/build/interbotix_common_toolbox
-- Install configuration: "Debug"
-- Execute custom install script
-- Symlinking: /home/inouemakoto/interbotix_ws/install/interbotix_common_toolbox/share/ament_index/resource_index/package_run_dependencies/interbotix_common_toolbox
-- Symlinking: /home/inouemakoto/interbotix_ws/install/interbotix_common_toolbox/share/ament_index/resource_index/parent_prefix_path/interbotix_common_toolbox
-- Symlinking: /home/inouemakoto/interbotix_ws/install/interbotix_common_toolbox/share/interbotix_common_toolbox/environment/ament_prefix_path.sh
-- Symlinking: /home/inouemakoto/interbotix_ws/install/interbotix_common_toolbox/share/interbotix_common_toolbox/environment/ament_prefix_path.dsv
-- Symlinking: /home/inouemakoto/interbotix_ws/install/interbotix_common_toolbox/share/interbotix_common_toolbox/environment/path.sh
-- Symlinking: /home/inouemakoto/interbotix_ws/install/interbotix_common_toolbox/share/interbotix_common_toolbox/environment/path.dsv
-- Symlinking: /home/inouemakoto/interbotix_ws/install/interbotix_common_toolbox/share/interbotix_common_toolbox/local_setup.bash
-- Symlinking: /home/inouemakoto/interbotix_ws/install/interbotix_common_toolbox/share/interbotix_common_toolbox/local_setup.sh
-- Symlinking: /home/inouemakoto/interbotix_ws/install/interbotix_common_toolbox/share/interbotix_common_toolbox/local_setup.zsh
-- Symlinking: /home/inouemakoto/interbotix_ws/install/interbotix_common_toolbox/share/interbotix_common_toolbox/local_setup.dsv
-- Symlinking: /home/inouemakoto/interbotix_ws/install/interbotix_common_toolbox/share/interbotix_common_toolbox/package.dsv
-- Symlinking: /home/inouemakoto/interbotix_ws/install/interbotix_common_toolbox/share/ament_index/resource_index/packages/interbotix_common_toolbox
-- Symlinking: /home/inouemakoto/interbotix_ws/install/interbotix_common_toolbox/share/interbotix_common_toolbox/cmake/interbotix_common_toolboxConfig.cmake
-- Symlinking: /home/inouemakoto/interbotix_ws/install/interbotix_common_toolbox/share/interbotix_common_toolbox/cmake/interbotix_common_toolboxConfig-version.cmake
-- Symlinking: /home/inouemakoto/interbotix_ws/install/interbotix_common_toolbox/share/interbotix_common_toolbox/package.xml
