[0.256s] Invoking command in '/home/inouemakoto/interbotix_ws/src/build/interbotix_common_sim': CMAKE_PREFIX_PATH=${CMAKE_PREFIX_PATH}:/home/inouemakoto/interbotix_ws/install/interbotix_xs_modules:/home/inouemakoto/interbotix_ws/install/interbotix_common_modules:/opt/ros/humble /usr/bin/cmake --build /home/inouemakoto/interbotix_ws/src/build/interbotix_common_sim -- -j20 -l20
[0.282s] Invoked command in '/home/inouemakoto/interbotix_ws/src/build/interbotix_common_sim' returned '0': CMAKE_PREFIX_PATH=${CMAKE_PREFIX_PATH}:/home/inouemakoto/interbotix_ws/install/interbotix_xs_modules:/home/inouemakoto/interbotix_ws/install/interbotix_common_modules:/opt/ros/humble /usr/bin/cmake --build /home/inouemakoto/interbotix_ws/src/build/interbotix_common_sim -- -j20 -l20
[0.306s] Invoking command in '/home/inouemakoto/interbotix_ws/src/build/interbotix_common_sim': CMAKE_PREFIX_PATH=${CMAKE_PREFIX_PATH}:/home/inouemakoto/interbotix_ws/install/interbotix_xs_modules:/home/inouemakoto/interbotix_ws/install/interbotix_common_modules:/opt/ros/humble /usr/bin/cmake --install /home/inouemakoto/interbotix_ws/src/build/interbotix_common_sim
[0.322s] -- Install configuration: ""
[0.323s] -- Up-to-date: /home/inouemakoto/interbotix_ws/src/install/interbotix_common_sim/share/interbotix_common_sim/models
[0.323s] -- Up-to-date: /home/inouemakoto/interbotix_ws/src/install/interbotix_common_sim/share/interbotix_common_sim/models/TrossenRoboticsOfficeBuilding
[0.323s] -- Up-to-date: /home/inouemakoto/interbotix_ws/src/install/interbotix_common_sim/share/interbotix_common_sim/models/TrossenRoboticsOfficeBuilding/model.config
[0.323s] -- Up-to-date: /home/inouemakoto/interbotix_ws/src/install/interbotix_common_sim/share/interbotix_common_sim/models/TrossenRoboticsOfficeBuilding/TrossenRoboticsOfficeBuilding.sdf
[0.323s] -- Up-to-date: /home/inouemakoto/interbotix_ws/src/install/interbotix_common_sim/share/interbotix_common_sim/models/RealSenseD415
[0.323s] -- Up-to-date: /home/inouemakoto/interbotix_ws/src/install/interbotix_common_sim/share/interbotix_common_sim/models/RealSenseD415/model.config
[0.323s] -- Up-to-date: /home/inouemakoto/interbotix_ws/src/install/interbotix_common_sim/share/interbotix_common_sim/models/RealSenseD415/RealSenseD415.sdf
[0.324s] -- Up-to-date: /home/inouemakoto/interbotix_ws/src/install/interbotix_common_sim/share/interbotix_common_sim/models/RealSenseD415/camera.stl
[0.324s] -- Up-to-date: /home/inouemakoto/interbotix_ws/src/install/interbotix_common_sim/share/interbotix_common_sim/models/VisionKit
[0.324s] -- Up-to-date: /home/inouemakoto/interbotix_ws/src/install/interbotix_common_sim/share/interbotix_common_sim/models/VisionKit/VisionKit.sdf
[0.324s] -- Up-to-date: /home/inouemakoto/interbotix_ws/src/install/interbotix_common_sim/share/interbotix_common_sim/models/VisionKit/model.config
[0.324s] -- Up-to-date: /home/inouemakoto/interbotix_ws/src/install/interbotix_common_sim/share/interbotix_common_sim/models/VisionKit/stand.stl
[0.324s] -- Up-to-date: /home/inouemakoto/interbotix_ws/src/install/interbotix_common_sim/share/interbotix_common_sim/worlds
[0.324s] -- Up-to-date: /home/inouemakoto/interbotix_ws/src/install/interbotix_common_sim/share/interbotix_common_sim/worlds/interbotix.world
[0.324s] -- Up-to-date: /home/inouemakoto/interbotix_ws/src/install/interbotix_common_sim/share/interbotix_common_sim/worlds/vision_kit.world
[0.324s] -- Up-to-date: /home/inouemakoto/interbotix_ws/src/install/interbotix_common_sim/share/interbotix_common_sim/media
[0.324s] -- Up-to-date: /home/inouemakoto/interbotix_ws/src/install/interbotix_common_sim/share/interbotix_common_sim/media/interbotix_black.png
[0.324s] -- Up-to-date: /home/inouemakoto/interbotix_ws/src/install/interbotix_common_sim/share/interbotix_common_sim/media/materials
[0.324s] -- Up-to-date: /home/inouemakoto/interbotix_ws/src/install/interbotix_common_sim/share/interbotix_common_sim/media/materials/textures
[0.324s] -- Up-to-date: /home/inouemakoto/interbotix_ws/src/install/interbotix_common_sim/share/interbotix_common_sim/media/materials/textures/interbotix_black.png
[0.325s] -- Up-to-date: /home/inouemakoto/interbotix_ws/src/install/interbotix_common_sim/share/interbotix_common_sim/media/materials/scripts
[0.325s] -- Up-to-date: /home/inouemakoto/interbotix_ws/src/install/interbotix_common_sim/share/interbotix_common_sim/media/materials/scripts/interbotix_texture.gazebo
[0.325s] -- Up-to-date: /home/inouemakoto/interbotix_ws/src/install/interbotix_common_sim/share/interbotix_common_sim/media/materials/scripts/interbotix_black.material
[0.325s] -- Up-to-date: /home/inouemakoto/interbotix_ws/src/install/interbotix_common_sim/share/ament_index/resource_index/package_run_dependencies/interbotix_common_sim
[0.325s] -- Up-to-date: /home/inouemakoto/interbotix_ws/src/install/interbotix_common_sim/share/ament_index/resource_index/parent_prefix_path/interbotix_common_sim
[0.325s] -- Up-to-date: /home/inouemakoto/interbotix_ws/src/install/interbotix_common_sim/share/interbotix_common_sim/environment/ament_prefix_path.sh
[0.325s] -- Up-to-date: /home/inouemakoto/interbotix_ws/src/install/interbotix_common_sim/share/interbotix_common_sim/environment/ament_prefix_path.dsv
[0.325s] -- Up-to-date: /home/inouemakoto/interbotix_ws/src/install/interbotix_common_sim/share/interbotix_common_sim/environment/path.sh
[0.325s] -- Up-to-date: /home/inouemakoto/interbotix_ws/src/install/interbotix_common_sim/share/interbotix_common_sim/environment/path.dsv
[0.325s] -- Up-to-date: /home/inouemakoto/interbotix_ws/src/install/interbotix_common_sim/share/interbotix_common_sim/local_setup.bash
[0.325s] -- Up-to-date: /home/inouemakoto/interbotix_ws/src/install/interbotix_common_sim/share/interbotix_common_sim/local_setup.sh
[0.325s] -- Up-to-date: /home/inouemakoto/interbotix_ws/src/install/interbotix_common_sim/share/interbotix_common_sim/local_setup.zsh
[0.325s] -- Up-to-date: /home/inouemakoto/interbotix_ws/src/install/interbotix_common_sim/share/interbotix_common_sim/local_setup.dsv
[0.325s] -- Up-to-date: /home/inouemakoto/interbotix_ws/src/install/interbotix_common_sim/share/interbotix_common_sim/package.dsv
[0.326s] -- Up-to-date: /home/inouemakoto/interbotix_ws/src/install/interbotix_common_sim/share/ament_index/resource_index/packages/interbotix_common_sim
[0.326s] -- Up-to-date: /home/inouemakoto/interbotix_ws/src/install/interbotix_common_sim/share/interbotix_common_sim/cmake/interbotix_common_simConfig.cmake
[0.326s] -- Up-to-date: /home/inouemakoto/interbotix_ws/src/install/interbotix_common_sim/share/interbotix_common_sim/cmake/interbotix_common_simConfig-version.cmake
[0.326s] -- Up-to-date: /home/inouemakoto/interbotix_ws/src/install/interbotix_common_sim/share/interbotix_common_sim/package.xml
[0.349s] Invoked command in '/home/inouemakoto/interbotix_ws/src/build/interbotix_common_sim' returned '0': CMAKE_PREFIX_PATH=${CMAKE_PREFIX_PATH}:/home/inouemakoto/interbotix_ws/install/interbotix_xs_modules:/home/inouemakoto/interbotix_ws/install/interbotix_common_modules:/opt/ros/humble /usr/bin/cmake --install /home/inouemakoto/interbotix_ws/src/build/interbotix_common_sim
