[01m[K/home/inouemakoto/interbotix_ws/src/hello_moveit2/src/hello_moveit2.cpp:[m[K In function ‘[01m[Kint main(int, char**)[m[K’:
[01m[K/home/inouemakoto/interbotix_ws/src/hello_moveit2/src/hello_moveit2.cpp:41:15:[m[K [01;31m[Kerror: [m[Kbase operand of ‘[01m[K->[m[K’ has non-pointer type ‘[01m[Kmoveit::planning_interface::MoveGroupInterface[m[K’
   41 |     move_group[01;31m[K->[m[KgetPlanningFrame(),
      |               [01;31m[K^~[m[K
[01m[K/home/inouemakoto/interbotix_ws/src/hello_moveit2/src/hello_moveit2.cpp:44:3:[m[K [01;31m[Kerror: [m[K‘[01m[Ktext_pose[m[K’ was not declared in this scope
   44 |   [01;31m[Ktext_pose[m[K = Eigen::Isometry3d::Identity();
      |   [01;31m[K^~~~~~~~~[m[K
[01m[K/home/inouemakoto/interbotix_ws/src/hello_moveit2/src/hello_moveit2.cpp:57:70:[m[K [01;31m[Kerror: [m[K‘[01m[Kclass moveit::planning_interface::MoveGroupInterface[m[K’ has no member named ‘[01m[KgetJoint[m[K’; did you mean ‘[01m[KgetJoints[m[K’?
   57 |   std::copy(move_group.getJointModelGroupNames().begin(), move_group.[01;31m[KgetJoint[m[K<odelGroupNames().end(),
      |                                                                      [01;31m[K^~~~~~~~[m[K
      |                                                                      [32m[KgetJoints[m[K
[01m[K/home/inouemakoto/interbotix_ws/src/hello_moveit2/src/hello_moveit2.cpp:57:79:[m[K [01;31m[Kerror: [m[K‘[01m[KodelGroupNames[m[K’ was not declared in this scope
   57 |   std::copy(move_group.getJointModelGroupNames().begin(), move_group.getJoint<[01;31m[KodelGroupNames[m[K().end(),
      |                                                                               [01;31m[K^~~~~~~~~~~~~~[m[K
[01m[K/home/inouemakoto/interbotix_ws/src/hello_moveit2/src/hello_moveit2.cpp:61:16:[m[K [01;31m[Kerror: [m[K‘[01m[Kmoveit_visual_tools::MoveItVisualToolsPtr[m[K’ {aka ‘[01m[Kclass std::shared_ptr<moveit_visual_tools::MoveItVisualTools>[m[K’} has no member named ‘[01m[Kprompt[m[K’
   61 |   visual_tools.[01;31m[Kprompt[m[K("Press 'next' in the RvizVisualToolsGui window to start the demo")
      |                [01;31m[K^~~~~~[m[K
[01m[K/home/inouemakoto/interbotix_ws/src/hello_moveit2/src/hello_moveit2.cpp:63:3:[m[K [01;31m[Kerror: [m[K‘[01m[Ktarget_pose1[m[K’ was not declared in this scope
   63 |   [01;31m[Ktarget_pose1[m[K.orientation.w = 1.0;
      |   [01;31m[K^~~~~~~~~~~~[m[K
[01m[K/home/inouemakoto/interbotix_ws/src/hello_moveit2/src/hello_moveit2.cpp:71:61:[m[K [01;31m[Kerror: [m[K‘[01m[Kmoveit::core::MoveitErroeCode[m[K’ has not been declared
   71 |   bool success = (move_group.plan(my_plan) == moveit::core::[01;31m[KMoveitErroeCode[m[K::SUCCESS);
      |                                                             [01;31m[K^~~~~~~~~~~~~~~[m[K
In file included from [01m[K/home/inouemakoto/ws_moveit2/install/moveit_core/include/moveit/kinematics_base/kinematics_base.h:42[m[K,
                 from [01m[K/home/inouemakoto/ws_moveit2/install/moveit_core/include/moveit/robot_model/joint_model_group.h:42[m[K,
                 from [01m[K/home/inouemakoto/ws_moveit2/install/moveit_core/include/moveit/robot_model/robot_model.h:45[m[K,
                 from [01m[K/home/inouemakoto/ws_moveit2/install/moveit_core/include/moveit/robot_state/robot_state.h:40[m[K,
                 from [01m[K/home/inouemakoto/ws_moveit2/install/moveit_ros_planning_interface/include/moveit/move_group_interface/move_group_interface.h:41[m[K,
                 from [01m[K/home/inouemakoto/interbotix_ws/src/hello_moveit2/src/hello_moveit2.cpp:1[m[K:
[01m[K/home/inouemakoto/interbotix_ws/src/hello_moveit2/src/hello_moveit2.cpp:76:3:[m[K [01;31m[Kerror: [m[Kexpected ‘[01m[K;[m[K’ before ‘[01m[Kdo[m[K’
   76 |   [01;31m[KRCLCPP_INFO[m[K(LOGGER, "visualizing plan 1 as trajectory line");
      |   [01;31m[K^~~~~~~~~~~[m[K
[01m[K/home/inouemakoto/interbotix_ws/src/hello_moveit2/src/hello_moveit2.cpp:77:16:[m[K [01;31m[Kerror: [m[K‘[01m[Kmoveit_visual_tools::MoveItVisualToolsPtr[m[K’ {aka ‘[01m[Kclass std::shared_ptr<moveit_visual_tools::MoveItVisualTools>[m[K’} has no member named ‘[01m[KpublishAxisLabeled[m[K’
   77 |   visual_tools.[01;31m[KpublishAxisLabeled[m[K(target_pose1, "pose1");
      |                [01;31m[K^~~~~~~~~~~~~~~~~~[m[K
[01m[K/home/inouemakoto/interbotix_ws/src/hello_moveit2/src/hello_moveit2.cpp:78:16:[m[K [01;31m[Kerror: [m[K‘[01m[Kmoveit_visual_tools::MoveItVisualToolsPtr[m[K’ {aka ‘[01m[Kclass std::shared_ptr<moveit_visual_tools::MoveItVisualTools>[m[K’} has no member named ‘[01m[KpublishText[m[K’
   78 |   visual_tools.[01;31m[KpublishText[m[K(text_pose, "Pose_Goal", rvt::WHITE, rvt::XLARGE);
      |                [01;31m[K^~~~~~~~~~~[m[K
[01m[K/home/inouemakoto/interbotix_ws/src/hello_moveit2/src/hello_moveit2.cpp:78:52:[m[K [01;31m[Kerror: [m[K‘[01m[Krvt[m[K’ has not been declared
   78 |   visual_tools.publishText(text_pose, "Pose_Goal", [01;31m[Krvt[m[K::WHITE, rvt::XLARGE);
      |                                                    [01;31m[K^~~[m[K
[01m[K/home/inouemakoto/interbotix_ws/src/hello_moveit2/src/hello_moveit2.cpp:78:64:[m[K [01;31m[Kerror: [m[K‘[01m[Krvt[m[K’ has not been declared
   78 |   visual_tools.publishText(text_pose, "Pose_Goal", rvt::WHITE, [01;31m[Krvt[m[K::XLARGE);
      |                                                                [01;31m[K^~~[m[K
[01m[K/home/inouemakoto/interbotix_ws/src/hello_moveit2/src/hello_moveit2.cpp:79:16:[m[K [01;31m[Kerror: [m[K‘[01m[Kmoveit_visual_tools::MoveItVisualToolsPtr[m[K’ {aka ‘[01m[Kclass std::shared_ptr<moveit_visual_tools::MoveItVisualTools>[m[K’} has no member named ‘[01m[KpublishTrajectoryLine[m[K’
   79 |   visual_tools.[01;31m[KpublishTrajectoryLine[m[K(myplan.trajectory, joint_model_group);
      |                [01;31m[K^~~~~~~~~~~~~~~~~~~~~[m[K
[01m[K/home/inouemakoto/interbotix_ws/src/hello_moveit2/src/hello_moveit2.cpp:79:38:[m[K [01;31m[Kerror: [m[K‘[01m[Kmyplan[m[K’ was not declared in this scope; did you mean ‘[01m[Kmy_plan[m[K’?
   79 |   visual_tools.publishTrajectoryLine([01;31m[Kmyplan[m[K.trajectory, joint_model_group);
      |                                      [01;31m[K^~~~~~[m[K
      |                                      [32m[Kmy_plan[m[K
[01m[K/home/inouemakoto/interbotix_ws/src/hello_moveit2/src/hello_moveit2.cpp:80:16:[m[K [01;31m[Kerror: [m[K‘[01m[Kmoveit_visual_tools::MoveItVisualToolsPtr[m[K’ {aka ‘[01m[Kclass std::shared_ptr<moveit_visual_tools::MoveItVisualTools>[m[K’} has no member named ‘[01m[Ktrigger[m[K’
   80 |   visual_tools.[01;31m[Ktrigger[m[K();
      |                [01;31m[K^~~~~~~[m[K
[01m[K/home/inouemakoto/interbotix_ws/src/hello_moveit2/src/hello_moveit2.cpp:81:16:[m[K [01;31m[Kerror: [m[K‘[01m[Kmoveit_visual_tools::MoveItVisualToolsPtr[m[K’ {aka ‘[01m[Kclass std::shared_ptr<moveit_visual_tools::MoveItVisualTools>[m[K’} has no member named ‘[01m[Kprompt[m[K’
   81 |   visual_tools.[01;31m[Kprompt[m[K("Press 'next' in the RvizVisualToolsGui window to continue the demo");
      |                [01;31m[K^~~~~~[m[K
gmake[2]: *** [CMakeFiles/hello_moveit2.dir/build.make:76: CMakeFiles/hello_moveit2.dir/src/hello_moveit2.cpp.o] Error 1
gmake[1]: *** [CMakeFiles/Makefile2:137: CMakeFiles/hello_moveit2.dir/all] Error 2
gmake: *** [Makefile:146: all] Error 2
