[1.488s] Invoking command in '/home/inouemakoto/interbotix_ws/build/interbotix_common_modules': PYTHONPATH=/home/inouemakoto/interbotix_ws/build/interbotix_common_modules/prefix_override:/home/inouemakoto/interbotix_ws/install/interbotix_common_modules/lib/python3.10/site-packages:${PYTHONPATH} /usr/bin/python3 setup.py develop --uninstall --editable --build-directory /home/inouemakoto/interbotix_ws/build/interbotix_common_modules/build
[1.794s] running develop
[2.040s] Invoked command in '/home/inouemakoto/interbotix_ws/build/interbotix_common_modules' returned '0': PYTHONPATH=/home/inouemakoto/interbotix_ws/build/interbotix_common_modules/prefix_override:/home/inouemakoto/interbotix_ws/install/interbotix_common_modules/lib/python3.10/site-packages:${PYTHONPATH} /usr/bin/python3 setup.py develop --uninstall --editable --build-directory /home/inouemakoto/interbotix_ws/build/interbotix_common_modules/build
[2.041s] Invoking command in '/home/inouemakoto/interbotix_ws/src/interbotix_ros_toolboxes/interbotix_common_toolbox/interbotix_common_modules': PYTHONPATH=/home/inouemakoto/interbotix_ws/build/interbotix_common_modules/prefix_override:/home/inouemakoto/interbotix_ws/install/interbotix_common_modules/lib/python3.10/site-packages:${PYTHONPATH} /usr/bin/python3 setup.py egg_info --egg-base ../../../../build/interbotix_common_modules build --build-base /home/inouemakoto/interbotix_ws/build/interbotix_common_modules/build install --record /home/inouemakoto/interbotix_ws/build/interbotix_common_modules/install.log --single-version-externally-managed
[2.323s] running egg_info
[2.323s] writing ../../../../build/interbotix_common_modules/interbotix_common_modules.egg-info/PKG-INFO
[2.324s] writing dependency_links to ../../../../build/interbotix_common_modules/interbotix_common_modules.egg-info/dependency_links.txt
[2.324s] writing entry points to ../../../../build/interbotix_common_modules/interbotix_common_modules.egg-info/entry_points.txt
[2.325s] writing requirements to ../../../../build/interbotix_common_modules/interbotix_common_modules.egg-info/requires.txt
[2.325s] writing top-level names to ../../../../build/interbotix_common_modules/interbotix_common_modules.egg-info/top_level.txt
[2.327s] reading manifest file '../../../../build/interbotix_common_modules/interbotix_common_modules.egg-info/SOURCES.txt'
[2.327s] writing manifest file '../../../../build/interbotix_common_modules/interbotix_common_modules.egg-info/SOURCES.txt'
[2.327s] running build
[2.327s] running build_py
[2.328s] running install
[2.328s] running install_lib
[2.329s] running install_data
[2.330s] running install_egg_info
[2.331s] removing '/home/inouemakoto/interbotix_ws/install/interbotix_common_modules/lib/python3.10/site-packages/interbotix_common_modules-0.0.0-py3.10.egg-info' (and everything under it)
[2.331s] Copying ../../../../build/interbotix_common_modules/interbotix_common_modules.egg-info to /home/inouemakoto/interbotix_ws/install/interbotix_common_modules/lib/python3.10/site-packages/interbotix_common_modules-0.0.0-py3.10.egg-info
[2.332s] running install_scripts
[2.354s] writing list of installed files to '/home/inouemakoto/interbotix_ws/build/interbotix_common_modules/install.log'
[2.384s] Invoked command in '/home/inouemakoto/interbotix_ws/src/interbotix_ros_toolboxes/interbotix_common_toolbox/interbotix_common_modules' returned '0': PYTHONPATH=/home/inouemakoto/interbotix_ws/build/interbotix_common_modules/prefix_override:/home/inouemakoto/interbotix_ws/install/interbotix_common_modules/lib/python3.10/site-packages:${PYTHONPATH} /usr/bin/python3 setup.py egg_info --egg-base ../../../../build/interbotix_common_modules build --build-base /home/inouemakoto/interbotix_ws/build/interbotix_common_modules/build install --record /home/inouemakoto/interbotix_ws/build/interbotix_common_modules/install.log --single-version-externally-managed
