[35m[1mConsolidate compiler generated dependencies of target xs_sdk[0m
[100%] Built target xs_sdk
-- Install configuration: ""
-- Installing: /home/inouemakoto/interbotix_ws/src/install/interbotix_xs_sdk/lib/interbotix_xs_sdk/xs_sdk
-- Set runtime path of "/home/inouemakoto/interbotix_ws/src/install/interbotix_xs_sdk/lib/interbotix_xs_sdk/xs_sdk" to ""
-- Installing: /home/inouemakoto/interbotix_ws/src/install/interbotix_xs_sdk/lib/interbotix_xs_sdk/xs_sdk_sim.py
-- Installing: /home/inouemakoto/interbotix_ws/src/install/interbotix_xs_sdk/share/interbotix_xs_sdk//config
-- Installing: /home/inouemakoto/interbotix_ws/src/install/interbotix_xs_sdk/share/interbotix_xs_sdk//config/motor_configs_template.yaml
-- Installing: /home/inouemakoto/interbotix_ws/src/install/interbotix_xs_sdk/share/interbotix_xs_sdk//config/mode_configs_template.yaml
-- Installing: /home/inouemakoto/interbotix_ws/src/install/interbotix_xs_sdk/share/ament_index/resource_index/package_run_dependencies/interbotix_xs_sdk
-- Installing: /home/inouemakoto/interbotix_ws/src/install/interbotix_xs_sdk/share/ament_index/resource_index/parent_prefix_path/interbotix_xs_sdk
-- Installing: /home/inouemakoto/interbotix_ws/src/install/interbotix_xs_sdk/share/interbotix_xs_sdk/environment/ament_prefix_path.sh
-- Installing: /home/inouemakoto/interbotix_ws/src/install/interbotix_xs_sdk/share/interbotix_xs_sdk/environment/ament_prefix_path.dsv
-- Installing: /home/inouemakoto/interbotix_ws/src/install/interbotix_xs_sdk/share/interbotix_xs_sdk/environment/path.sh
-- Installing: /home/inouemakoto/interbotix_ws/src/install/interbotix_xs_sdk/share/interbotix_xs_sdk/environment/path.dsv
-- Installing: /home/inouemakoto/interbotix_ws/src/install/interbotix_xs_sdk/share/interbotix_xs_sdk/local_setup.bash
-- Installing: /home/inouemakoto/interbotix_ws/src/install/interbotix_xs_sdk/share/interbotix_xs_sdk/local_setup.sh
-- Installing: /home/inouemakoto/interbotix_ws/src/install/interbotix_xs_sdk/share/interbotix_xs_sdk/local_setup.zsh
-- Installing: /home/inouemakoto/interbotix_ws/src/install/interbotix_xs_sdk/share/interbotix_xs_sdk/local_setup.dsv
-- Installing: /home/inouemakoto/interbotix_ws/src/install/interbotix_xs_sdk/share/interbotix_xs_sdk/package.dsv
-- Installing: /home/inouemakoto/interbotix_ws/src/install/interbotix_xs_sdk/share/ament_index/resource_index/packages/interbotix_xs_sdk
-- Installing: /home/inouemakoto/interbotix_ws/src/install/interbotix_xs_sdk/share/interbotix_xs_sdk/cmake/interbotix_xs_sdkConfig.cmake
-- Installing: /home/inouemakoto/interbotix_ws/src/install/interbotix_xs_sdk/share/interbotix_xs_sdk/cmake/interbotix_xs_sdkConfig-version.cmake
-- Installing: /home/inouemakoto/interbotix_ws/src/install/interbotix_xs_sdk/share/interbotix_xs_sdk/package.xml
