[3.101s] Invoking command in '/home/inouemakoto/interbotix_ws/build/makoto': PYTHONPATH=/home/inouemakoto/interbotix_ws/build/makoto/prefix_override:/home/inouemakoto/interbotix_ws/install/makoto/lib/python3.10/site-packages:${PYTHONPATH} /usr/bin/python3 setup.py develop --editable --build-directory /home/inouemakoto/interbotix_ws/build/makoto/build --no-deps install_data
[3.830s] running develop
[3.840s] /home/inouemakoto/.local/lib/python3.10/site-packages/setuptools/command/develop.py:40: EasyInstallDeprecationWarning: easy_install command is deprecated.
[3.840s] !!
[3.840s] 
[3.840s]         ********************************************************************************
[3.841s]         Please avoid running ``setup.py`` and ``easy_install``.
[3.841s]         Instead, use pypa/build, pypa/installer or other
[3.841s]         standards-based tools.
[3.841s] 
[3.841s]         See https://github.com/pypa/setuptools/issues/917 for details.
[3.841s]         ********************************************************************************
[3.841s] 
[3.841s] !!
[3.841s]   easy_install.initialize_options(self)
[3.842s] /home/inouemakoto/.local/lib/python3.10/site-packages/setuptools/_distutils/cmd.py:66: SetuptoolsDeprecationWarning: setup.py install is deprecated.
[3.842s] !!
[3.842s] 
[3.842s]         ********************************************************************************
[3.842s]         Please avoid running ``setup.py`` directly.
[3.842s]         Instead, use pypa/build, pypa/installer or other
[3.842s]         standards-based tools.
[3.842s] 
[3.843s]         See https://blog.ganssle.io/articles/2021/10/setup-py-deprecated.html for details.
[3.843s]         ********************************************************************************
[3.843s] 
[3.843s] !!
[3.843s]   self.initialize_options()
[3.971s] running egg_info
[3.989s] writing makoto.egg-info/PKG-INFO
[3.989s] writing dependency_links to makoto.egg-info/dependency_links.txt
[3.990s] writing entry points to makoto.egg-info/entry_points.txt
[3.990s] writing requirements to makoto.egg-info/requires.txt
[3.991s] writing top-level names to makoto.egg-info/top_level.txt
[4.031s] reading manifest file 'makoto.egg-info/SOURCES.txt'
[4.032s] writing manifest file 'makoto.egg-info/SOURCES.txt'
[4.060s] running build_ext
[4.060s] Creating /home/inouemakoto/interbotix_ws/install/makoto/lib/python3.10/site-packages/makoto.egg-link (link to .)
[4.060s] Installing pick__place script to /home/inouemakoto/interbotix_ws/install/makoto/lib/makoto
[4.060s] 
[4.061s] Installed /home/inouemakoto/interbotix_ws/build/makoto
[4.061s] running install_data
