[0.284s] Invoking command in '/home/inouemakoto/interbotix_ws/build/move_group_node': CMAKE_PREFIX_PATH=${CMAKE_PREFIX_PATH}:/home/inouemakoto/interbotix_ws/install/interbotix_xs_modules:/home/inouemakoto/interbotix_ws/install/interbotix_common_modules:/home/inouemakoto/install/interbotix_xs_modules:/home/inouemakoto/install/interbotix_common_modules:/home/inouemakoto/ws_moveit2/install/moveit_configs_utils:/home/inouemakoto/ws_moveit2/install/launch_param_builder:/opt/ros/humble /usr/bin/cmake /home/inouemakoto/interbotix_ws/src/move_group_node -DCMAKE_INSTALL_PREFIX=/home/inouemakoto/interbotix_ws/install/move_group_node
[0.296s] -- Found ament_cmake: 1.3.4 (/opt/ros/humble/share/ament_cmake/cmake)
[0.475s] -- Found moveit_ros_planning_interface: 2.5.4 (/home/inouemakoto/ws_moveit2/install/moveit_ros_planning_interface/share/moveit_ros_planning_interface/cmake)
[0.485s] -- Found Boost: /usr/lib/x86_64-linux-gnu/cmake/Boost-1.74.0/BoostConfig.cmake (found version "1.74.0") found components: date_time filesystem program_options system thread 
[0.517s] -- Found rosidl_generator_c: 3.1.4 (/opt/ros/humble/share/rosidl_generator_c/cmake)
[0.521s] -- Found rosidl_adapter: 3.1.4 (/opt/ros/humble/share/rosidl_adapter/cmake)
[0.529s] -- Found rosidl_generator_cpp: 3.1.4 (/opt/ros/humble/share/rosidl_generator_cpp/cmake)
[0.547s] -- Using all available rosidl_typesupport_c: rosidl_typesupport_fastrtps_c;rosidl_typesupport_introspection_c
[0.566s] -- Using all available rosidl_typesupport_cpp: rosidl_typesupport_fastrtps_cpp;rosidl_typesupport_introspection_cpp
[1.414s] -- Found Boost: /usr/lib/x86_64-linux-gnu/cmake/Boost-1.74.0/BoostConfig.cmake (found version "1.74.0") found components: chrono date_time filesystem iostreams program_options regex serialization system thread 
[1.421s] -- Found parameter_traits: 0.3.3 (/opt/ros/humble/share/parameter_traits/cmake)
[1.470s] -- Found rmw_implementation_cmake: 6.1.1 (/opt/ros/humble/share/rmw_implementation_cmake/cmake)
[1.477s] -- Found rmw_fastrtps_cpp: 6.2.2 (/opt/ros/humble/share/rmw_fastrtps_cpp/cmake)
[1.638s] -- Using RMW implementation 'rmw_fastrtps_cpp' as default
[1.763s] -- Found rclcpp_lifecycle: 16.0.4 (/opt/ros/humble/share/rclcpp_lifecycle/cmake)
[1.800s] -- Found Boost: /usr/lib/x86_64-linux-gnu/cmake/Boost-1.74.0/BoostConfig.cmake (found version "1.74.0") found components: filesystem 
[1.854s] -- library: /usr/lib/x86_64-linux-gnu/libcurl.so
[2.087s] -- Ensuring Eigen3 include directory is part of orocos-kdl CMake target
[2.625s] -- Found Boost: /usr/lib/x86_64-linux-gnu/cmake/Boost-1.74.0/BoostConfig.cmake (found version "1.74.0") found components: system filesystem date_time program_options thread chrono 
[3.152s] -- Found Boost: /usr/lib/x86_64-linux-gnu/cmake/Boost-1.74.0/BoostConfig.cmake (found version "1.74.0") found components: thread system filesystem regex date_time program_options 
[3.394s] -- Found Boost: /usr/lib/x86_64-linux-gnu/cmake/Boost-1.74.0/BoostConfig.cmake (found version "1.74.0") found components: system filesystem date_time program_options thread 
[3.838s] -- Found ament_lint_auto: 0.12.6 (/opt/ros/humble/share/ament_lint_auto/cmake)
[3.896s] -- Added test 'cppcheck' to perform static code analysis on C / C++ code
[3.896s] -- Configured cppcheck include dirs: $<BUILD_INTERFACE:/home/inouemakoto/interbotix_ws/src/move_group_node/include>
[3.896s] -- Configured cppcheck exclude dirs and/or files: 
[3.897s] -- Added test 'lint_cmake' to check CMake code style
[3.897s] -- Added test 'uncrustify' to check C / C++ code style
[3.897s] -- Configured uncrustify additional arguments: 
[3.897s] -- Added test 'xmllint' to check XML markup files
[3.898s] -- Configuring done
[3.919s] -- Generating done
[3.921s] -- Build files have been written to: /home/inouemakoto/interbotix_ws/build/move_group_node
[3.929s] Invoked command in '/home/inouemakoto/interbotix_ws/build/move_group_node' returned '0': CMAKE_PREFIX_PATH=${CMAKE_PREFIX_PATH}:/home/inouemakoto/interbotix_ws/install/interbotix_xs_modules:/home/inouemakoto/interbotix_ws/install/interbotix_common_modules:/home/inouemakoto/install/interbotix_xs_modules:/home/inouemakoto/install/interbotix_common_modules:/home/inouemakoto/ws_moveit2/install/moveit_configs_utils:/home/inouemakoto/ws_moveit2/install/launch_param_builder:/opt/ros/humble /usr/bin/cmake /home/inouemakoto/interbotix_ws/src/move_group_node -DCMAKE_INSTALL_PREFIX=/home/inouemakoto/interbotix_ws/install/move_group_node
[3.930s] Invoking command in '/home/inouemakoto/interbotix_ws/build/move_group_node': CMAKE_PREFIX_PATH=${CMAKE_PREFIX_PATH}:/home/inouemakoto/interbotix_ws/install/interbotix_xs_modules:/home/inouemakoto/interbotix_ws/install/interbotix_common_modules:/home/inouemakoto/install/interbotix_xs_modules:/home/inouemakoto/install/interbotix_common_modules:/home/inouemakoto/ws_moveit2/install/moveit_configs_utils:/home/inouemakoto/ws_moveit2/install/launch_param_builder:/opt/ros/humble /usr/bin/cmake --build /home/inouemakoto/interbotix_ws/build/move_group_node -- -j20 -l20
[3.974s] [35m[1mConsolidate compiler generated dependencies of target run_move_group[0m
[3.995s] [ 50%] [32mBuilding CXX object CMakeFiles/run_move_group.dir/src/run_move_group.cpp.o[0m
[11.521s] [100%] [32m[1mLinking CXX executable run_move_group[0m
[12.318s] [100%] Built target run_move_group
[12.330s] Invoked command in '/home/inouemakoto/interbotix_ws/build/move_group_node' returned '0': CMAKE_PREFIX_PATH=${CMAKE_PREFIX_PATH}:/home/inouemakoto/interbotix_ws/install/interbotix_xs_modules:/home/inouemakoto/interbotix_ws/install/interbotix_common_modules:/home/inouemakoto/install/interbotix_xs_modules:/home/inouemakoto/install/interbotix_common_modules:/home/inouemakoto/ws_moveit2/install/moveit_configs_utils:/home/inouemakoto/ws_moveit2/install/launch_param_builder:/opt/ros/humble /usr/bin/cmake --build /home/inouemakoto/interbotix_ws/build/move_group_node -- -j20 -l20
[12.366s] Invoking command in '/home/inouemakoto/interbotix_ws/build/move_group_node': CMAKE_PREFIX_PATH=${CMAKE_PREFIX_PATH}:/home/inouemakoto/interbotix_ws/install/interbotix_xs_modules:/home/inouemakoto/interbotix_ws/install/interbotix_common_modules:/home/inouemakoto/install/interbotix_xs_modules:/home/inouemakoto/install/interbotix_common_modules:/home/inouemakoto/ws_moveit2/install/moveit_configs_utils:/home/inouemakoto/ws_moveit2/install/launch_param_builder:/opt/ros/humble /usr/bin/cmake --install /home/inouemakoto/interbotix_ws/build/move_group_node
[12.375s] -- Install configuration: "Debug"
[12.376s] -- Installing: /home/inouemakoto/interbotix_ws/install/move_group_node/lib/move_group_node/run_move_group
[12.382s] -- Set runtime path of "/home/inouemakoto/interbotix_ws/install/move_group_node/lib/move_group_node/run_move_group" to ""
[12.382s] -- Up-to-date: /home/inouemakoto/interbotix_ws/install/move_group_node/share/ament_index/resource_index/package_run_dependencies/move_group_node
[12.382s] -- Installing: /home/inouemakoto/interbotix_ws/install/move_group_node/share/ament_index/resource_index/parent_prefix_path/move_group_node
[12.382s] -- Up-to-date: /home/inouemakoto/interbotix_ws/install/move_group_node/share/move_group_node/environment/ament_prefix_path.sh
[12.382s] -- Installing: /home/inouemakoto/interbotix_ws/install/move_group_node/share/move_group_node/environment/ament_prefix_path.dsv
[12.383s] -- Up-to-date: /home/inouemakoto/interbotix_ws/install/move_group_node/share/move_group_node/environment/path.sh
[12.383s] -- Installing: /home/inouemakoto/interbotix_ws/install/move_group_node/share/move_group_node/environment/path.dsv
[12.383s] -- Up-to-date: /home/inouemakoto/interbotix_ws/install/move_group_node/share/move_group_node/local_setup.bash
[12.383s] -- Up-to-date: /home/inouemakoto/interbotix_ws/install/move_group_node/share/move_group_node/local_setup.sh
[12.383s] -- Up-to-date: /home/inouemakoto/interbotix_ws/install/move_group_node/share/move_group_node/local_setup.zsh
[12.383s] -- Installing: /home/inouemakoto/interbotix_ws/install/move_group_node/share/move_group_node/local_setup.dsv
[12.383s] -- Installing: /home/inouemakoto/interbotix_ws/install/move_group_node/share/move_group_node/package.dsv
[12.383s] -- Up-to-date: /home/inouemakoto/interbotix_ws/install/move_group_node/share/ament_index/resource_index/packages/move_group_node
[12.383s] -- Up-to-date: /home/inouemakoto/interbotix_ws/install/move_group_node/share/move_group_node/cmake/move_group_nodeConfig.cmake
[12.383s] -- Up-to-date: /home/inouemakoto/interbotix_ws/install/move_group_node/share/move_group_node/cmake/move_group_nodeConfig-version.cmake
[12.383s] -- Up-to-date: /home/inouemakoto/interbotix_ws/install/move_group_node/share/move_group_node/package.xml
[12.384s] Invoked command in '/home/inouemakoto/interbotix_ws/build/move_group_node' returned '0': CMAKE_PREFIX_PATH=${CMAKE_PREFIX_PATH}:/home/inouemakoto/interbotix_ws/install/interbotix_xs_modules:/home/inouemakoto/interbotix_ws/install/interbotix_common_modules:/home/inouemakoto/install/interbotix_xs_modules:/home/inouemakoto/install/interbotix_common_modules:/home/inouemakoto/ws_moveit2/install/moveit_configs_utils:/home/inouemakoto/ws_moveit2/install/launch_param_builder:/opt/ros/humble /usr/bin/cmake --install /home/inouemakoto/interbotix_ws/build/move_group_node
