[0.401s] Invoking command in '/home/inouemakoto/interbotix_ws/src/build/vx300s_run_move_group': CMAKE_PREFIX_PATH=${CMAKE_PREFIX_PATH}:/home/inouemakoto/interbotix_ws/install/interbotix_xs_modules:/home/inouemakoto/interbotix_ws/install/interbotix_common_modules:/home/inouemakoto/ws_moveit2/install/moveit_configs_utils:/home/inouemakoto/ws_moveit2/install/launch_param_builder:/opt/ros/humble /usr/bin/cmake /home/inouemakoto/interbotix_ws/src/vx300s_run_move_group -DCMAKE_INSTALL_PREFIX=/home/inouemakoto/interbotix_ws/src/install/vx300s_run_move_group
[0.490s] -- The C compiler identification is GNU 11.3.0
[0.582s] -- The CXX compiler identification is GNU 11.3.0
[0.593s] -- Detecting C compiler ABI info
[0.713s] -- Detecting C compiler ABI info - done
[0.728s] -- Check for working C compiler: /usr/bin/cc - skipped
[0.728s] -- Detecting C compile features
[0.728s] -- Detecting C compile features - done
[0.734s] -- Detecting CXX compiler ABI info
[0.938s] -- Detecting CXX compiler ABI info - done
[0.958s] -- Check for working CXX compiler: /usr/bin/c++ - skipped
[0.959s] -- Detecting CXX compile features
[0.959s] -- Detecting CXX compile features - done
[0.979s] -- Found ament_cmake: 1.3.4 (/opt/ros/humble/share/ament_cmake/cmake)
[1.386s] -- Found Python3: /usr/bin/python3.10 (found version "3.10.6") found components: Interpreter 
[1.617s] -- Found ament_lint_auto: 0.12.6 (/opt/ros/humble/share/ament_lint_auto/cmake)
[1.748s] -- Added test 'cppcheck' to perform static code analysis on C / C++ code
[1.749s] -- Configured cppcheck include dirs: 
[1.749s] -- Configured cppcheck exclude dirs and/or files: 
[1.749s] -- Added test 'lint_cmake' to check CMake code style
[1.749s] -- Added test 'uncrustify' to check C / C++ code style
[1.749s] -- Configured uncrustify additional arguments: 
[1.751s] -- Added test 'xmllint' to check XML markup files
[1.756s] -- Configuring done
[1.758s] -- Generating done
[1.759s] -- Build files have been written to: /home/inouemakoto/interbotix_ws/src/build/vx300s_run_move_group
[1.775s] Invoked command in '/home/inouemakoto/interbotix_ws/src/build/vx300s_run_move_group' returned '0': CMAKE_PREFIX_PATH=${CMAKE_PREFIX_PATH}:/home/inouemakoto/interbotix_ws/install/interbotix_xs_modules:/home/inouemakoto/interbotix_ws/install/interbotix_common_modules:/home/inouemakoto/ws_moveit2/install/moveit_configs_utils:/home/inouemakoto/ws_moveit2/install/launch_param_builder:/opt/ros/humble /usr/bin/cmake /home/inouemakoto/interbotix_ws/src/vx300s_run_move_group -DCMAKE_INSTALL_PREFIX=/home/inouemakoto/interbotix_ws/src/install/vx300s_run_move_group
[1.779s] Invoking command in '/home/inouemakoto/interbotix_ws/src/build/vx300s_run_move_group': CMAKE_PREFIX_PATH=${CMAKE_PREFIX_PATH}:/home/inouemakoto/interbotix_ws/install/interbotix_xs_modules:/home/inouemakoto/interbotix_ws/install/interbotix_common_modules:/home/inouemakoto/ws_moveit2/install/moveit_configs_utils:/home/inouemakoto/ws_moveit2/install/launch_param_builder:/opt/ros/humble /usr/bin/cmake --build /home/inouemakoto/interbotix_ws/src/build/vx300s_run_move_group -- -j20 -l20
[1.819s] Invoked command in '/home/inouemakoto/interbotix_ws/src/build/vx300s_run_move_group' returned '0': CMAKE_PREFIX_PATH=${CMAKE_PREFIX_PATH}:/home/inouemakoto/interbotix_ws/install/interbotix_xs_modules:/home/inouemakoto/interbotix_ws/install/interbotix_common_modules:/home/inouemakoto/ws_moveit2/install/moveit_configs_utils:/home/inouemakoto/ws_moveit2/install/launch_param_builder:/opt/ros/humble /usr/bin/cmake --build /home/inouemakoto/interbotix_ws/src/build/vx300s_run_move_group -- -j20 -l20
[1.852s] Invoking command in '/home/inouemakoto/interbotix_ws/src/build/vx300s_run_move_group': CMAKE_PREFIX_PATH=${CMAKE_PREFIX_PATH}:/home/inouemakoto/interbotix_ws/install/interbotix_xs_modules:/home/inouemakoto/interbotix_ws/install/interbotix_common_modules:/home/inouemakoto/ws_moveit2/install/moveit_configs_utils:/home/inouemakoto/ws_moveit2/install/launch_param_builder:/opt/ros/humble /usr/bin/cmake --install /home/inouemakoto/interbotix_ws/src/build/vx300s_run_move_group
[1.862s] -- Install configuration: ""
[1.862s] -- Installing: /home/inouemakoto/interbotix_ws/src/install/vx300s_run_move_group/share/ament_index/resource_index/package_run_dependencies/vx300s_run_move_group
[1.862s] -- Installing: /home/inouemakoto/interbotix_ws/src/install/vx300s_run_move_group/share/ament_index/resource_index/parent_prefix_path/vx300s_run_move_group
[1.863s] -- Installing: /home/inouemakoto/interbotix_ws/src/install/vx300s_run_move_group/share/vx300s_run_move_group/environment/ament_prefix_path.sh
[1.863s] -- Installing: /home/inouemakoto/interbotix_ws/src/install/vx300s_run_move_group/share/vx300s_run_move_group/environment/ament_prefix_path.dsv
[1.863s] -- Installing: /home/inouemakoto/interbotix_ws/src/install/vx300s_run_move_group/share/vx300s_run_move_group/environment/path.sh
[1.863s] -- Installing: /home/inouemakoto/interbotix_ws/src/install/vx300s_run_move_group/share/vx300s_run_move_group/environment/path.dsv
[1.863s] -- Installing: /home/inouemakoto/interbotix_ws/src/install/vx300s_run_move_group/share/vx300s_run_move_group/local_setup.bash
[1.863s] -- Installing: /home/inouemakoto/interbotix_ws/src/install/vx300s_run_move_group/share/vx300s_run_move_group/local_setup.sh
[1.863s] -- Installing: /home/inouemakoto/interbotix_ws/src/install/vx300s_run_move_group/share/vx300s_run_move_group/local_setup.zsh
[1.863s] -- Installing: /home/inouemakoto/interbotix_ws/src/install/vx300s_run_move_group/share/vx300s_run_move_group/local_setup.dsv
[1.863s] -- Installing: /home/inouemakoto/interbotix_ws/src/install/vx300s_run_move_group/share/vx300s_run_move_group/package.dsv
[1.864s] -- Installing: /home/inouemakoto/interbotix_ws/src/install/vx300s_run_move_group/share/ament_index/resource_index/packages/vx300s_run_move_group
[1.864s] -- Installing: /home/inouemakoto/interbotix_ws/src/install/vx300s_run_move_group/share/vx300s_run_move_group/cmake/vx300s_run_move_groupConfig.cmake
[1.864s] -- Installing: /home/inouemakoto/interbotix_ws/src/install/vx300s_run_move_group/share/vx300s_run_move_group/cmake/vx300s_run_move_groupConfig-version.cmake
[1.864s] -- Installing: /home/inouemakoto/interbotix_ws/src/install/vx300s_run_move_group/share/vx300s_run_move_group/package.xml
[1.877s] Invoked command in '/home/inouemakoto/interbotix_ws/src/build/vx300s_run_move_group' returned '0': CMAKE_PREFIX_PATH=${CMAKE_PREFIX_PATH}:/home/inouemakoto/interbotix_ws/install/interbotix_xs_modules:/home/inouemakoto/interbotix_ws/install/interbotix_common_modules:/home/inouemakoto/ws_moveit2/install/moveit_configs_utils:/home/inouemakoto/ws_moveit2/install/launch_param_builder:/opt/ros/humble /usr/bin/cmake --install /home/inouemakoto/interbotix_ws/src/build/vx300s_run_move_group
