[0.027s] Invoking command in '/home/inouemakoto/interbotix_ws/build/interbotix_moveit_interface': CMAKE_PREFIX_PATH=/home/inouemakoto/interbotix_ws/install/moveit_visual_tools:/home/inouemakoto/interbotix_ws/install/rviz_visual_tools:/home/inouemakoto/interbotix_ws/install/interbotix_moveit_interface_msgs:/home/inouemakoto/interbotix_ws/install/graph_msgs:/home/inouemakoto/interbotix_ws/install/vx300s_run_move_group:/home/inouemakoto/interbotix_ws/install/vx300s_moveit_config:/home/inouemakoto/interbotix_ws/install/interbotix_ros_xsarms_examples:/home/inouemakoto/interbotix_ws/install/interbotix_xsarm_moveit_interface:/home/inouemakoto/interbotix_ws/install/interbotix_moveit_interface:/home/inouemakoto/interbotix_ws/install/hello_moveit2:/home/inouemakoto/interbotix_ws/install/moveit_interbotix_test1:/home/inouemakoto/interbotix_ws/install/moveit_interbotix_test:/home/inouemakoto/interbotix_ws/install/move_group_node:/home/inouemakoto/interbotix_ws/install/interbotix_ros_xsarms:/home/inouemakoto/interbotix_ws/install/interbotix_xsarm_moveit:/home/inouemakoto/interbotix_ws/install/interbotix_xsarm_sim:/home/inouemakoto/interbotix_ws/install/interbotix_xsarm_ros_control:/home/inouemakoto/interbotix_ws/install/interbotix_xsarm_joy:/home/inouemakoto/interbotix_ws/install/interbotix_xsarm_control:/home/inouemakoto/interbotix_ws/install/interbotix_xsarm_descriptions:/home/inouemakoto/interbotix_ws/install/interbotix_xs_toolbox:/home/inouemakoto/interbotix_ws/install/interbotix_xs_rviz:/home/inouemakoto/interbotix_ws/install/interbotix_ros_xseries:/home/inouemakoto/interbotix_ws/install/interbotix_xs_sdk:/home/inouemakoto/interbotix_ws/install/interbotix_xs_ros_control:/home/inouemakoto/interbotix_ws/install/interbotix_xs_msgs:/home/inouemakoto/interbotix_ws/install/interbotix_xs_driver:/home/inouemakoto/interbotix_ws/install/interbotix_tf_tools:/home/inouemakoto/interbotix_ws/install/interbotix_common_toolbox:/home/inouemakoto/interbotix_ws/install/interbotix_common_sim:/home/inouemakoto/interbotix_ws/install/hello_moveit2_interbotix:/home/inouemakoto/interbotix_ws/install/hello_moveit:/home/inouemakoto/interbotix_ws/install/dynamixel_workbench_toolbox:/home/inouemakoto/ws_moveit2/install/pilz_industrial_motion_planner_testutils:/home/inouemakoto/ws_moveit2/install/moveit_runtime:/home/inouemakoto/ws_moveit2/install/moveit2_tutorials:/home/inouemakoto/ws_moveit2/install/moveit:/home/inouemakoto/ws_moveit2/install/moveit_planners:/home/inouemakoto/ws_moveit2/install/pilz_industrial_motion_planner:/home/inouemakoto/ws_moveit2/install/hello_moveit:/home/inouemakoto/ws_moveit2/install/moveit_visual_tools:/home/inouemakoto/ws_moveit2/install/moveit_ros_control_interface:/home/inouemakoto/ws_moveit2/install/moveit_plugins:/home/inouemakoto/ws_moveit2/install/moveit_simple_controller_manager:/home/inouemakoto/ws_moveit2/install/moveit_setup_assistant:/home/inouemakoto/ws_moveit2/install/moveit_setup_srdf_plugins:/home/inouemakoto/ws_moveit2/install/moveit_setup_core_plugins:/home/inouemakoto/ws_moveit2/install/moveit_setup_controllers:/home/inouemakoto/ws_moveit2/install/moveit_setup_app_plugins:/home/inouemakoto/ws_moveit2/install/moveit_setup_framework:/home/inouemakoto/ws_moveit2/install/moveit_servo:/home/inouemakoto/ws_moveit2/install/moveit_ros:/home/inouemakoto/ws_moveit2/install/moveit_ros_visualization:/home/inouemakoto/ws_moveit2/install/moveit_hybrid_planning:/home/inouemakoto/ws_moveit2/install/moveit_ros_planning_interface:/home/inouemakoto/ws_moveit2/install/moveit_ros_benchmarks:/home/inouemakoto/ws_moveit2/install/moveit_ros_warehouse:/home/inouemakoto/ws_moveit2/install/moveit_ros_robot_interaction:/home/inouemakoto/ws_moveit2/install/moveit_ros_perception:/home/inouemakoto/ws_moveit2/install/moveit_resources_prbt_pg70_support:/home/inouemakoto/ws_moveit2/install/moveit_resources_prbt_moveit_config:/home/inouemakoto/ws_moveit2/install/moveit_ros_move_group:/home/inouemakoto/ws_moveit2/install/moveit_planners_ompl:/home/inouemakoto/ws_moveit2/install/moveit_ros_planning:/home/inouemakoto/ws_moveit2/install/moveit_ros_occupancy_map_monitor:/home/inouemakoto/ws_moveit2/install/moveit_resources_prbt_ikfast_manipulator_plugin:/home/inouemakoto/ws_moveit2/install/moveit_planners_chomp:/home/inouemakoto/ws_moveit2/install/moveit_kinematics:/home/inouemakoto/ws_moveit2/install/moveit_chomp_optimizer_adapter:/home/inouemakoto/ws_moveit2/install/chomp_motion_planner:/home/inouemakoto/ws_moveit2/install/moveit_core:/home/inouemakoto/ws_moveit2/install/srdfdom:/home/inouemakoto/ws_moveit2/install/rviz_marker_tools:/home/inouemakoto/ws_moveit2/install/rosparam_shortcuts:/home/inouemakoto/ws_moveit2/install/moveit_task_constructor_msgs:/home/inouemakoto/ws_moveit2/install/moveit_resources_prbt_support:/home/inouemakoto/ws_moveit2/install/moveit_resources:/home/inouemakoto/ws_moveit2/install/moveit_resources_pr2_description:/home/inouemakoto/ws_moveit2/install/moveit_resources_panda_moveit_config:/home/inouemakoto/ws_moveit2/install/moveit_resources_panda_description:/home/inouemakoto/ws_moveit2/install/moveit_resources_fanuc_moveit_config:/home/inouemakoto/ws_moveit2/install/moveit_resources_fanuc_description:/home/inouemakoto/ws_moveit2/install/moveit_common:/home/inouemakoto/install/vx300s_run_move_group:/home/inouemakoto/install/interbotix_ros_xsarms_examples:/home/inouemakoto/install/interbotix_xsarm_moveit_interface:/home/inouemakoto/install/interbotix_moveit_interface:/home/inouemakoto/install/moveit_visual_tools:/home/inouemakoto/install/rviz_visual_tools:/home/inouemakoto/install/interbotix_ros_xsarms:/home/inouemakoto/install/interbotix_xsarm_moveit:/home/inouemakoto/install/interbotix_xsarm_sim:/home/inouemakoto/install/interbotix_xsarm_ros_control:/home/inouemakoto/install/interbotix_xsarm_joy:/home/inouemakoto/install/interbotix_xsarm_control:/home/inouemakoto/install/interbotix_xsarm_descriptions:/home/inouemakoto/install/interbotix_xs_toolbox:/home/inouemakoto/install/interbotix_xs_rviz:/home/inouemakoto/install/interbotix_ros_xseries:/home/inouemakoto/install/interbotix_xs_sdk:/home/inouemakoto/install/interbotix_xs_ros_control:/home/inouemakoto/install/interbotix_xs_msgs:/home/inouemakoto/install/interbotix_xs_driver:/home/inouemakoto/install/interbotix_tf_tools:/home/inouemakoto/install/interbotix_moveit_interface_msgs:/home/inouemakoto/install/interbotix_common_toolbox:/home/inouemakoto/install/interbotix_common_sim:/home/inouemakoto/install/graph_msgs:/home/inouemakoto/install/dynamixel_workbench_toolbox:/home/inouemakoto/install/dynamixel_sdk_examples:/home/inouemakoto/install/dynamixel_sdk_custom_interfaces:/home/inouemakoto/install/dynamixel_sdk:/home/inouemakoto/robotis_ws/install/dynamixel_sdk_examples:/home/inouemakoto/robotis_ws/install/dynamixel_sdk_custom_interfaces:/home/inouemakoto/robotis_ws/install/dynamixel_sdk:/home/inouemakoto/interbotix_ws/install/interbotix_xs_modules:/home/inouemakoto/interbotix_ws/install/interbotix_common_modules:/home/inouemakoto/ws_moveit2/install/moveit_configs_utils:/home/inouemakoto/ws_moveit2/install/launch_param_builder:/home/inouemakoto/install/interbotix_xs_modules:/home/inouemakoto/install/interbotix_common_modules:/opt/ros/humble LD_LIBRARY_PATH=/home/inouemakoto/interbotix_ws/install/moveit_visual_tools/lib:/home/inouemakoto/interbotix_ws/install/rviz_visual_tools/lib:/home/inouemakoto/interbotix_ws/install/interbotix_moveit_interface_msgs/lib:/home/inouemakoto/interbotix_ws/install/graph_msgs/lib:/home/inouemakoto/interbotix_ws/install/interbotix_xs_rviz/lib:/home/inouemakoto/interbotix_ws/install/interbotix_xs_ros_control/lib:/home/inouemakoto/interbotix_ws/install/interbotix_xs_msgs/lib:/home/inouemakoto/interbotix_ws/install/interbotix_xs_driver/lib:/home/inouemakoto/interbotix_ws/install/interbotix_tf_tools/lib:/home/inouemakoto/interbotix_ws/install/dynamixel_workbench_toolbox/lib:/home/inouemakoto/ws_moveit2/install/pilz_industrial_motion_planner_testutils/lib:/home/inouemakoto/ws_moveit2/install/pilz_industrial_motion_planner/lib:/home/inouemakoto/ws_moveit2/install/moveit_visual_tools/lib:/home/inouemakoto/ws_moveit2/install/moveit_ros_control_interface/lib:/home/inouemakoto/ws_moveit2/install/moveit_simple_controller_manager/lib:/home/inouemakoto/ws_moveit2/install/moveit_setup_assistant/lib:/home/inouemakoto/ws_moveit2/install/moveit_setup_srdf_plugins/lib:/home/inouemakoto/ws_moveit2/install/moveit_setup_core_plugins/lib:/home/inouemakoto/ws_moveit2/install/moveit_setup_controllers/lib:/home/inouemakoto/ws_moveit2/install/moveit_setup_app_plugins/lib:/home/inouemakoto/ws_moveit2/install/moveit_setup_framework/lib:/home/inouemakoto/ws_moveit2/install/moveit_servo/lib:/home/inouemakoto/ws_moveit2/install/moveit_ros_visualization/lib:/home/inouemakoto/ws_moveit2/install/moveit_hybrid_planning/lib:/home/inouemakoto/ws_moveit2/install/moveit_ros_planning_interface/lib:/home/inouemakoto/ws_moveit2/install/moveit_ros_benchmarks/lib:/home/inouemakoto/ws_moveit2/install/moveit_ros_warehouse/lib:/home/inouemakoto/ws_moveit2/install/moveit_ros_robot_interaction/lib:/home/inouemakoto/ws_moveit2/install/moveit_ros_perception/lib:/home/inouemakoto/ws_moveit2/install/moveit_ros_move_group/lib:/home/inouemakoto/ws_moveit2/install/moveit_planners_ompl/lib:/home/inouemakoto/ws_moveit2/install/moveit_ros_planning/lib:/home/inouemakoto/ws_moveit2/install/moveit_ros_occupancy_map_monitor/lib:/home/inouemakoto/ws_moveit2/install/moveit_resources_prbt_ikfast_manipulator_plugin/lib:/home/inouemakoto/ws_moveit2/install/moveit_planners_chomp/lib:/home/inouemakoto/ws_moveit2/install/moveit_kinematics/lib:/home/inouemakoto/ws_moveit2/install/moveit_chomp_optimizer_adapter/lib:/home/inouemakoto/ws_moveit2/install/chomp_motion_planner/lib:/home/inouemakoto/ws_moveit2/install/moveit_core/lib:/home/inouemakoto/ws_moveit2/install/srdfdom/lib:/home/inouemakoto/ws_moveit2/install/rviz_marker_tools/lib:/home/inouemakoto/ws_moveit2/install/rosparam_shortcuts/lib:/home/inouemakoto/ws_moveit2/install/moveit_task_constructor_msgs/lib:/home/inouemakoto/install/moveit_visual_tools/lib:/home/inouemakoto/install/rviz_visual_tools/lib:/home/inouemakoto/install/interbotix_xs_rviz/lib:/home/inouemakoto/install/interbotix_xs_ros_control/lib:/home/inouemakoto/install/interbotix_xs_msgs/lib:/home/inouemakoto/install/interbotix_xs_driver/lib:/home/inouemakoto/install/interbotix_tf_tools/lib:/home/inouemakoto/install/interbotix_moveit_interface_msgs/lib:/home/inouemakoto/install/graph_msgs/lib:/home/inouemakoto/install/dynamixel_workbench_toolbox/lib:/home/inouemakoto/install/dynamixel_sdk_custom_interfaces/lib:/home/inouemakoto/install/dynamixel_sdk/lib:/home/inouemakoto/robotis_ws/install/dynamixel_sdk_custom_interfaces/lib:/home/inouemakoto/robotis_ws/install/dynamixel_sdk/lib:/usr/lib/x86_64-linux-gnu/gazebo-11/plugins:/opt/ros/humble/opt/rviz_ogre_vendor/lib:/opt/ros/humble/lib/x86_64-linux-gnu:/opt/ros/humble/lib:/usr/lib/x86_64-linux-gnu/gazebo-11/plugins /usr/bin/cmake --build /home/inouemakoto/interbotix_ws/build/interbotix_moveit_interface -- -j20 -l20
[0.080s] [35m[1mConsolidate compiler generated dependencies of target moveit_interface[0m
[0.114s] [ 33%] [32mBuilding CXX object CMakeFiles/moveit_interface.dir/src/moveit_interface_obj.cpp.o[0m
[6.634s] [01m[K/home/inouemakoto/interbotix_ws/src/interbotix_ros_toolboxes/interbotix_common_toolbox/interbotix_moveit_interface/src/moveit_interface_obj.cpp:[m[K In constructor ‘[01m[Kinterbotix::InterbotixMoveItInterface::InterbotixMoveItInterface(rclcpp::Node::SharedPtr&)[m[K’:
[6.634s] [01m[K/home/inouemakoto/interbotix_ws/src/interbotix_ros_toolboxes/interbotix_common_toolbox/interbotix_moveit_interface/src/moveit_interface_obj.cpp:74:34:[m[K [01;31m[Kerror: [m[Kcapture of non-variable ‘[01m[Kinterbotix::InterbotixMoveItInterface::move_group[m[K’
[6.634s]    74 |   auto const [success, plan] = [&[01;31m[Kmove_group[m[K]{
[6.634s]       |                                  [01;31m[K^~~~~~~~~~[m[K
[6.634s] In file included from [01m[K/home/inouemakoto/interbotix_ws/src/interbotix_ros_toolboxes/interbotix_common_toolbox/interbotix_moveit_interface/src/moveit_interface_obj.cpp:29[m[K:
[6.634s] [01m[K/home/inouemakoto/interbotix_ws/src/interbotix_ros_toolboxes/interbotix_common_toolbox/interbotix_moveit_interface/include/interbotix_moveit_interface/moveit_interface_obj.hpp:151:67:[m[K [01;36m[Knote: [m[K‘[01m[Kstd::shared_ptr<moveit::planning_interface::MoveGroupInterface> interbotix::InterbotixMoveItInterface::move_group[m[K’ declared here
[6.635s]   151 | :shared_ptr<moveit::planning_interface::MoveGroupInterface> [01;36m[Kmove_group[m[K;
[6.635s]       |                                                             [01;36m[K^~~~~~~~~~[m[K
[6.635s] 
[6.635s] [01m[K/home/inouemakoto/interbotix_ws/src/interbotix_ros_toolboxes/interbotix_common_toolbox/interbotix_moveit_interface/src/moveit_interface_obj.cpp:[m[K In lambda function:
[6.635s] [01m[K/home/inouemakoto/interbotix_ws/src/interbotix_ros_toolboxes/interbotix_common_toolbox/interbotix_moveit_interface/src/moveit_interface_obj.cpp:75:13:[m[K [01;31m[Kerror: [m[K‘[01m[Kmoveit::Planning_interface[m[K’ has not been declared
[6.635s]    75 |     moveit::[01;31m[KPlanning_interface[m[K::MoveGroupInterface::Plan msg;
[6.635s]       |             [01;31m[K^~~~~~~~~~~~~~~~~~[m[K
[6.635s] [01m[K/home/inouemakoto/interbotix_ws/src/interbotix_ros_toolboxes/interbotix_common_toolbox/interbotix_moveit_interface/src/moveit_interface_obj.cpp:76:39:[m[K [01;31m[Kerror: [m[K‘[01m[Kthis[m[K’ was not captured for this lambda function
[6.635s]    76 |     auto const ok = static_cast<bool>([01;31m[Kmove_group[m[K.plan(msg));
[6.635s]       |                                       [01;31m[K^~~~~~~~~~[m[K
[6.635s] [01m[K/home/inouemakoto/interbotix_ws/src/interbotix_ros_toolboxes/interbotix_common_toolbox/interbotix_moveit_interface/src/moveit_interface_obj.cpp:76:39:[m[K [01;31m[Kerror: [m[Kinvalid use of non-static data member ‘[01m[Kinterbotix::InterbotixMoveItInterface::move_group[m[K’
[6.635s] In file included from [01m[K/home/inouemakoto/interbotix_ws/src/interbotix_ros_toolboxes/interbotix_common_toolbox/interbotix_moveit_interface/src/moveit_interface_obj.cpp:29[m[K:
[6.635s] [01m[K/home/inouemakoto/interbotix_ws/src/interbotix_ros_toolboxes/interbotix_common_toolbox/interbotix_moveit_interface/include/interbotix_moveit_interface/moveit_interface_obj.hpp:151:67:[m[K [01;36m[Knote: [m[Kdeclared here
[6.635s]   151 | :shared_ptr<moveit::planning_interface::MoveGroupInterface> [01;36m[Kmove_group[m[K;
[6.635s]       |                                                             [01;36m[K^~~~~~~~~~[m[K
[6.635s] 
[6.635s] [01m[K/home/inouemakoto/interbotix_ws/src/interbotix_ros_toolboxes/interbotix_common_toolbox/interbotix_moveit_interface/src/moveit_interface_obj.cpp:76:55:[m[K [01;31m[Kerror: [m[K‘[01m[Kmsg[m[K’ was not declared in this scope
[6.636s]    76 |     auto const ok = static_cast<bool>(move_group.plan([01;31m[Kmsg[m[K));
[6.636s]       |                                                       [01;31m[K^~~[m[K
[6.644s] [01m[K/home/inouemakoto/interbotix_ws/src/interbotix_ros_toolboxes/interbotix_common_toolbox/interbotix_moveit_interface/src/moveit_interface_obj.cpp:76:55:[m[K [01;36m[Knote: [m[Ksuggested alternatives:
[6.644s] In file included from [01m[K/opt/ros/humble/include/builtin_interfaces/builtin_interfaces/msg/duration.hpp:7[m[K,
[6.644s]                  from [01m[K/opt/ros/humble/include/rclcpp/rclcpp/duration.hpp:20[m[K,
[6.644s]                  from [01m[K/opt/ros/humble/include/rclcpp/rclcpp/qos.hpp:20[m[K,
[6.645s]                  from [01m[K/opt/ros/humble/include/rclcpp/rclcpp/node_interfaces/node_graph_interface.hpp:32[m[K,
[6.645s]                  from [01m[K/opt/ros/humble/include/rclcpp/rclcpp/client.hpp:42[m[K,
[6.645s]                  from [01m[K/opt/ros/humble/include/rclcpp/rclcpp/callback_group.hpp:24[m[K,
[6.645s]                  from [01m[K/opt/ros/humble/include/rclcpp/rclcpp/any_executable.hpp:20[m[K,
[6.645s]                  from [01m[K/opt/ros/humble/include/rclcpp/rclcpp/memory_strategy.hpp:25[m[K,
[6.646s]                  from [01m[K/opt/ros/humble/include/rclcpp/rclcpp/memory_strategies.hpp:18[m[K,
[6.646s]                  from [01m[K/opt/ros/humble/include/rclcpp/rclcpp/executor_options.hpp:20[m[K,
[6.646s]                  from [01m[K/opt/ros/humble/include/rclcpp/rclcpp/executor.hpp:37[m[K,
[6.646s]                  from [01m[K/opt/ros/humble/include/rclcpp/rclcpp/executors/multi_threaded_executor.hpp:25[m[K,
[6.646s]                  from [01m[K/opt/ros/humble/include/rclcpp/rclcpp/executors.hpp:21[m[K,
[6.646s]                  from [01m[K/opt/ros/humble/include/rclcpp/rclcpp/rclcpp.hpp:155[m[K,
[6.646s]                  from [01m[K/home/inouemakoto/interbotix_ws/src/interbotix_ros_toolboxes/interbotix_common_toolbox/interbotix_moveit_interface/include/interbotix_moveit_interface/moveit_interface_obj.hpp:36[m[K,
[6.646s]                  from [01m[K/home/inouemakoto/interbotix_ws/src/interbotix_ros_toolboxes/interbotix_common_toolbox/interbotix_moveit_interface/src/moveit_interface_obj.cpp:29[m[K:
[6.646s] [01m[K/opt/ros/humble/include/builtin_interfaces/builtin_interfaces/msg/detail/duration__struct.hpp:27:11:[m[K [01;36m[Knote: [m[K  ‘[01m[Kbuiltin_interfaces::msg[m[K’
[6.646s]    27 | namespace [01;36m[Kmsg[m[K
[6.646s]       |           [01;36m[K^~~[m[K
[6.646s] In file included from [01m[K/opt/ros/humble/include/rcl_interfaces/rcl_interfaces/msg/set_parameters_result.hpp:7[m[K,
[6.646s]                  from [01m[K/opt/ros/humble/include/rclcpp/rclcpp/qos_overriding_options.hpp:28[m[K,
[6.646s]                  from [01m[K/opt/ros/humble/include/rclcpp/rclcpp/subscription_options.hpp:30[m[K,
[6.646s]                  from [01m[K/opt/ros/humble/include/rclcpp/rclcpp/subscription.hpp:45[m[K,
[6.646s]                  from [01m[K/opt/ros/humble/include/rclcpp/rclcpp/any_executable.hpp:25[m[K,
[6.646s]                  from [01m[K/opt/ros/humble/include/rclcpp/rclcpp/memory_strategy.hpp:25[m[K,
[6.646s]                  from [01m[K/opt/ros/humble/include/rclcpp/rclcpp/memory_strategies.hpp:18[m[K,
[6.646s]                  from [01m[K/opt/ros/humble/include/rclcpp/rclcpp/executor_options.hpp:20[m[K,
[6.646s]                  from [01m[K/opt/ros/humble/include/rclcpp/rclcpp/executor.hpp:37[m[K,
[6.647s]                  from [01m[K/opt/ros/humble/include/rclcpp/rclcpp/executors/multi_threaded_executor.hpp:25[m[K,
[6.647s]                  from [01m[K/opt/ros/humble/include/rclcpp/rclcpp/executors.hpp:21[m[K,
[6.647s]                  from [01m[K/opt/ros/humble/include/rclcpp/rclcpp/rclcpp.hpp:155[m[K,
[6.647s]                  from [01m[K/home/inouemakoto/interbotix_ws/src/interbotix_ros_toolboxes/interbotix_common_toolbox/interbotix_moveit_interface/include/interbotix_moveit_interface/moveit_interface_obj.hpp:36[m[K,
[6.647s]                  from [01m[K/home/inouemakoto/interbotix_ws/src/interbotix_ros_toolboxes/interbotix_common_toolbox/interbotix_moveit_interface/src/moveit_interface_obj.cpp:29[m[K:
[6.647s] [01m[K/opt/ros/humble/include/rcl_interfaces/rcl_interfaces/msg/detail/set_parameters_result__struct.hpp:27:11:[m[K [01;36m[Knote: [m[K  ‘[01m[Krcl_interfaces::msg[m[K’
[6.647s]    27 | namespace [01;36m[Kmsg[m[K
[6.647s]       |           [01;36m[K^~~[m[K
[6.647s] In file included from [01m[K/opt/ros/humble/include/statistics_msgs/statistics_msgs/msg/detail/metrics_message__struct.hpp:23[m[K,
[6.647s]                  from [01m[K/opt/ros/humble/include/statistics_msgs/statistics_msgs/msg/metrics_message.hpp:7[m[K,
[6.647s]                  from [01m[K/opt/ros/humble/include/libstatistics_collector/libstatistics_collector/collector/generate_statistics_message.hpp:21[m[K,
[6.647s]                  from [01m[K/opt/ros/humble/include/rclcpp/rclcpp/topic_statistics/subscription_topic_statistics.hpp:23[m[K,
[6.647s]                  from [01m[K/opt/ros/humble/include/rclcpp/rclcpp/subscription.hpp:50[m[K,
[6.647s]                  from [01m[K/opt/ros/humble/include/rclcpp/rclcpp/any_executable.hpp:25[m[K,
[6.647s]                  from [01m[K/opt/ros/humble/include/rclcpp/rclcpp/memory_strategy.hpp:25[m[K,
[6.647s]                  from [01m[K/opt/ros/humble/include/rclcpp/rclcpp/memory_strategies.hpp:18[m[K,
[6.647s]                  from [01m[K/opt/ros/humble/include/rclcpp/rclcpp/executor_options.hpp:20[m[K,
[6.647s]                  from [01m[K/opt/ros/humble/include/rclcpp/rclcpp/executor.hpp:37[m[K,
[6.647s]                  from [01m[K/opt/ros/humble/include/rclcpp/rclcpp/executors/multi_threaded_executor.hpp:25[m[K,
[6.647s]                  from [01m[K/opt/ros/humble/include/rclcpp/rclcpp/executors.hpp:21[m[K,
[6.648s]                  from [01m[K/opt/ros/humble/include/rclcpp/rclcpp/rclcpp.hpp:155[m[K,
[6.648s]                  from [01m[K/home/inouemakoto/interbotix_ws/src/interbotix_ros_toolboxes/interbotix_common_toolbox/interbotix_moveit_interface/include/interbotix_moveit_interface/moveit_interface_obj.hpp:36[m[K,
[6.648s]                  from [01m[K/home/inouemakoto/interbotix_ws/src/interbotix_ros_toolboxes/interbotix_common_toolbox/interbotix_moveit_interface/src/moveit_interface_obj.cpp:29[m[K:
[6.648s] [01m[K/opt/ros/humble/include/statistics_msgs/statistics_msgs/msg/detail/statistic_data_point__struct.hpp:27:11:[m[K [01;36m[Knote: [m[K  ‘[01m[Kstatistics_msgs::msg[m[K’
[6.648s]    27 | namespace [01;36m[Kmsg[m[K
[6.648s]       |           [01;36m[K^~~[m[K
[6.648s] In file included from [01m[K/opt/ros/humble/include/moveit_msgs/moveit_msgs/msg/joint_limits.hpp:7[m[K,
[6.648s]                  from [01m[K/opt/ros/humble/include/moveit/robot_model/joint_model.h:44[m[K,
[6.648s]                  from [01m[K/opt/ros/humble/include/moveit/robot_model/joint_model_group.h:40[m[K,
[6.648s]                  from [01m[K/opt/ros/humble/include/moveit/robot_model/robot_model.h:45[m[K,
[6.648s]                  from [01m[K/opt/ros/humble/include/moveit/robot_state/robot_state.h:40[m[K,
[6.648s]                  from [01m[K/opt/ros/humble/include/moveit/move_group_interface/move_group_interface.h:41[m[K,
[6.648s]                  from [01m[K/home/inouemakoto/interbotix_ws/src/interbotix_ros_toolboxes/interbotix_common_toolbox/interbotix_moveit_interface/include/interbotix_moveit_interface/moveit_interface_obj.hpp:38[m[K,
[6.648s]                  from [01m[K/home/inouemakoto/interbotix_ws/src/interbotix_ros_toolboxes/interbotix_common_toolbox/interbotix_moveit_interface/src/moveit_interface_obj.cpp:29[m[K:
[6.648s] [01m[K/opt/ros/humble/include/moveit_msgs/moveit_msgs/msg/detail/joint_limits__struct.hpp:27:11:[m[K [01;36m[Knote: [m[K  ‘[01m[Kmoveit_msgs::msg[m[K’
[6.648s]    27 | namespace [01;36m[Kmsg[m[K
[6.648s]       |           [01;36m[K^~~[m[K
[6.648s] In file included from [01m[K/opt/ros/humble/include/geometry_msgs/geometry_msgs/msg/detail/pose__struct.hpp:20[m[K,
[6.648s]                  from [01m[K/opt/ros/humble/include/geometry_msgs/geometry_msgs/msg/pose.hpp:7[m[K,
[6.648s]                  from [01m[K/opt/ros/humble/include/moveit/kinematics_base/kinematics_base.h:39[m[K,
[6.649s]                  from [01m[K/opt/ros/humble/include/moveit/robot_model/joint_model_group.h:42[m[K,
[6.649s]                  from [01m[K/opt/ros/humble/include/moveit/robot_model/robot_model.h:45[m[K,
[6.649s]                  from [01m[K/opt/ros/humble/include/moveit/robot_state/robot_state.h:40[m[K,
[6.649s]                  from [01m[K/opt/ros/humble/include/moveit/move_group_interface/move_group_interface.h:41[m[K,
[6.649s]                  from [01m[K/home/inouemakoto/interbotix_ws/src/interbotix_ros_toolboxes/interbotix_common_toolbox/interbotix_moveit_interface/include/interbotix_moveit_interface/moveit_interface_obj.hpp:38[m[K,
[6.649s]                  from [01m[K/home/inouemakoto/interbotix_ws/src/interbotix_ros_toolboxes/interbotix_common_toolbox/interbotix_moveit_interface/src/moveit_interface_obj.cpp:29[m[K:
[6.649s] [01m[K/opt/ros/humble/include/geometry_msgs/geometry_msgs/msg/detail/point__struct.hpp:27:11:[m[K [01;36m[Knote: [m[K  ‘[01m[Kgeometry_msgs::msg[m[K’
[6.649s]    27 | namespace [01;36m[Kmsg[m[K
[6.649s]       |           [01;36m[K^~~[m[K
[6.649s] In file included from [01m[K/opt/ros/humble/include/geometry_msgs/geometry_msgs/msg/detail/transform_stamped__struct.hpp:20[m[K,
[6.649s]                  from [01m[K/opt/ros/humble/include/geometry_msgs/geometry_msgs/msg/transform_stamped.hpp:7[m[K,
[6.649s]                  from [01m[K/opt/ros/humble/include/moveit/transforms/transforms.h:39[m[K,
[6.649s]                  from [01m[K/opt/ros/humble/include/moveit/robot_state/attached_body.h:40[m[K,
[6.649s]                  from [01m[K/opt/ros/humble/include/moveit/robot_state/robot_state.h:41[m[K,
[6.649s]                  from [01m[K/opt/ros/humble/include/moveit/move_group_interface/move_group_interface.h:41[m[K,
[6.649s]                  from [01m[K/home/inouemakoto/interbotix_ws/src/interbotix_ros_toolboxes/interbotix_common_toolbox/interbotix_moveit_interface/include/interbotix_moveit_interface/moveit_interface_obj.hpp:38[m[K,
[6.649s]                  from [01m[K/home/inouemakoto/interbotix_ws/src/interbotix_ros_toolboxes/interbotix_common_toolbox/interbotix_moveit_interface/src/moveit_interface_obj.cpp:29[m[K:
[6.649s] [01m[K/opt/ros/humble/include/std_msgs/std_msgs/msg/detail/header__struct.hpp:31:11:[m[K [01;36m[Knote: [m[K  ‘[01m[Kstd_msgs::msg[m[K’
[6.649s]    31 | namespace [01;36m[Kmsg[m[K
[6.649s]       |           [01;36m[K^~~[m[K
[6.650s] In file included from [01m[K/opt/ros/humble/include/trajectory_msgs/trajectory_msgs/msg/detail/joint_trajectory__struct.hpp:22[m[K,
[6.650s]                  from [01m[K/opt/ros/humble/include/trajectory_msgs/trajectory_msgs/msg/joint_trajectory.hpp:7[m[K,
[6.650s]                  from [01m[K/opt/ros/humble/include/moveit/robot_state/attached_body.h:43[m[K,
[6.650s]                  from [01m[K/opt/ros/humble/include/moveit/robot_state/robot_state.h:41[m[K,
[6.650s]                  from [01m[K/opt/ros/humble/include/moveit/move_group_interface/move_group_interface.h:41[m[K,
[6.650s]                  from [01m[K/home/inouemakoto/interbotix_ws/src/interbotix_ros_toolboxes/interbotix_common_toolbox/interbotix_moveit_interface/include/interbotix_moveit_interface/moveit_interface_obj.hpp:38[m[K,
[6.650s]                  from [01m[K/home/inouemakoto/interbotix_ws/src/interbotix_ros_toolboxes/interbotix_common_toolbox/interbotix_moveit_interface/src/moveit_interface_obj.cpp:29[m[K:
[6.650s] [01m[K/opt/ros/humble/include/trajectory_msgs/trajectory_msgs/msg/detail/joint_trajectory_point__struct.hpp:31:11:[m[K [01;36m[Knote: [m[K  ‘[01m[Ktrajectory_msgs::msg[m[K’
[6.650s]    31 | namespace [01;36m[Kmsg[m[K
[6.650s]       |           [01;36m[K^~~[m[K
[6.650s] In file included from [01m[K/opt/ros/humble/include/sensor_msgs/sensor_msgs/msg/joint_state.hpp:7[m[K,
[6.650s]                  from [01m[K/opt/ros/humble/include/moveit/robot_state/robot_state.h:43[m[K,
[6.650s]                  from [01m[K/opt/ros/humble/include/moveit/move_group_interface/move_group_interface.h:41[m[K,
[6.650s]                  from [01m[K/home/inouemakoto/interbotix_ws/src/interbotix_ros_toolboxes/interbotix_common_toolbox/interbotix_moveit_interface/include/interbotix_moveit_interface/moveit_interface_obj.hpp:38[m[K,
[6.650s]                  from [01m[K/home/inouemakoto/interbotix_ws/src/interbotix_ros_toolboxes/interbotix_common_toolbox/interbotix_moveit_interface/src/moveit_interface_obj.cpp:29[m[K:
[6.650s] [01m[K/opt/ros/humble/include/sensor_msgs/sensor_msgs/msg/detail/joint_state__struct.hpp:31:11:[m[K [01;36m[Knote: [m[K  ‘[01m[Ksensor_msgs::msg[m[K’
[6.650s]    31 | namespace [01;36m[Kmsg[m[K
[6.650s]       |           [01;36m[K^~~[m[K
[6.651s] In file included from [01m[K/opt/ros/humble/include/visualization_msgs/visualization_msgs/msg/detail/marker__struct.hpp:35[m[K,
[6.651s]                  from [01m[K/opt/ros/humble/include/visualization_msgs/visualization_msgs/msg/detail/marker_array__struct.hpp:20[m[K,
[6.651s]                  from [01m[K/opt/ros/humble/include/visualization_msgs/visualization_msgs/msg/marker_array.hpp:7[m[K,
[6.651s]                  from [01m[K/opt/ros/humble/include/moveit/robot_state/robot_state.h:44[m[K,
[6.651s]                  from [01m[K/opt/ros/humble/include/moveit/move_group_interface/move_group_interface.h:41[m[K,
[6.651s]                  from [01m[K/home/inouemakoto/interbotix_ws/src/interbotix_ros_toolboxes/interbotix_common_toolbox/interbotix_moveit_interface/include/interbotix_moveit_interface/moveit_interface_obj.hpp:38[m[K,
[6.651s]                  from [01m[K/home/inouemakoto/interbotix_ws/src/interbotix_ros_toolboxes/interbotix_common_toolbox/interbotix_moveit_interface/src/moveit_interface_obj.cpp:29[m[K:
[6.651s] [01m[K/opt/ros/humble/include/visualization_msgs/visualization_msgs/msg/detail/uv_coordinate__struct.hpp:27:11:[m[K [01;36m[Knote: [m[K  ‘[01m[Kvisualization_msgs::msg[m[K’
[6.651s]    27 | namespace [01;36m[Kmsg[m[K
[6.651s]       |           [01;36m[K^~~[m[K
[6.651s] In file included from [01m[K/opt/ros/humble/include/moveit_msgs/moveit_msgs/msg/detail/collision_object__struct.hpp:28[m[K,
[6.651s]                  from [01m[K/opt/ros/humble/include/moveit_msgs/moveit_msgs/msg/detail/attached_collision_object__struct.hpp:20[m[K,
[6.651s]                  from [01m[K/opt/ros/humble/include/moveit_msgs/moveit_msgs/msg/detail/robot_state__struct.hpp:24[m[K,
[6.651s]                  from [01m[K/opt/ros/humble/include/moveit_msgs/moveit_msgs/msg/robot_state.hpp:7[m[K,
[6.651s]                  from [01m[K/opt/ros/humble/include/moveit/move_group_interface/move_group_interface.h:44[m[K,
[6.651s]                  from [01m[K/home/inouemakoto/interbotix_ws/src/interbotix_ros_toolboxes/interbotix_common_toolbox/interbotix_moveit_interface/include/interbotix_moveit_interface/moveit_interface_obj.hpp:38[m[K,
[6.651s]                  from [01m[K/home/inouemakoto/interbotix_ws/src/interbotix_ros_toolboxes/interbotix_common_toolbox/interbotix_moveit_interface/src/moveit_interface_obj.cpp:29[m[K:
[6.651s] [01m[K/opt/ros/humble/include/object_recognition_msgs/object_recognition_msgs/msg/detail/object_type__struct.hpp:27:11:[m[K [01;36m[Knote: [m[K  ‘[01m[Kobject_recognition_msgs::msg[m[K’
[6.651s]    27 | namespace [01;36m[Kmsg[m[K
[6.651s]       |           [01;36m[K^~~[m[K
[6.652s] In file included from [01m[K/opt/ros/humble/include/moveit_msgs/moveit_msgs/msg/detail/collision_object__struct.hpp:30[m[K,
[6.652s]                  from [01m[K/opt/ros/humble/include/moveit_msgs/moveit_msgs/msg/detail/attached_collision_object__struct.hpp:20[m[K,
[6.652s]                  from [01m[K/opt/ros/humble/include/moveit_msgs/moveit_msgs/msg/detail/robot_state__struct.hpp:24[m[K,
[6.652s]                  from [01m[K/opt/ros/humble/include/moveit_msgs/moveit_msgs/msg/robot_state.hpp:7[m[K,
[6.652s]                  from [01m[K/opt/ros/humble/include/moveit/move_group_interface/move_group_interface.h:44[m[K,
[6.652s]                  from [01m[K/home/inouemakoto/interbotix_ws/src/interbotix_ros_toolboxes/interbotix_common_toolbox/interbotix_moveit_interface/include/interbotix_moveit_interface/moveit_interface_obj.hpp:38[m[K,
[6.652s]                  from [01m[K/home/inouemakoto/interbotix_ws/src/interbotix_ros_toolboxes/interbotix_common_toolbox/interbotix_moveit_interface/src/moveit_interface_obj.cpp:29[m[K:
[6.652s] [01m[K/opt/ros/humble/include/shape_msgs/shape_msgs/msg/detail/solid_primitive__struct.hpp:31:11:[m[K [01;36m[Knote: [m[K  ‘[01m[Kshape_msgs::msg[m[K’
[6.652s]    31 | namespace [01;36m[Kmsg[m[K
[6.652s]       |           [01;36m[K^~~[m[K
[6.652s] In file included from [01m[K/opt/ros/humble/include/octomap_msgs/octomap_msgs/msg/detail/octomap_with_pose__struct.hpp:24[m[K,
[6.652s]                  from [01m[K/opt/ros/humble/include/moveit_msgs/moveit_msgs/msg/detail/planning_scene_world__struct.hpp:22[m[K,
[6.652s]                  from [01m[K/opt/ros/humble/include/moveit_msgs/moveit_msgs/msg/detail/planning_scene__struct.hpp:32[m[K,
[6.652s]                  from [01m[K/opt/ros/humble/include/moveit_msgs/moveit_msgs/msg/detail/planning_options__struct.hpp:20[m[K,
[6.652s]                  from [01m[K/opt/ros/humble/include/moveit_msgs/moveit_msgs/action/detail/move_group__struct.hpp:22[m[K,
[6.652s]                  from [01m[K/opt/ros/humble/include/moveit_msgs/moveit_msgs/action/move_group.hpp:7[m[K,
[6.652s]                  from [01m[K/opt/ros/humble/include/moveit/move_group_interface/move_group_interface.h:52[m[K,
[6.652s]                  from [01m[K/home/inouemakoto/interbotix_ws/src/interbotix_ros_toolboxes/interbotix_common_toolbox/interbotix_moveit_interface/include/interbotix_moveit_interface/moveit_interface_obj.hpp:38[m[K,
[6.652s]                  from [01m[K/home/inouemakoto/interbotix_ws/src/interbotix_ros_toolboxes/interbotix_common_toolbox/interbotix_moveit_interface/src/moveit_interface_obj.cpp:29[m[K:
[6.652s] [01m[K/opt/ros/humble/include/octomap_msgs/octomap_msgs/msg/detail/octomap__struct.hpp:31:11:[m[K [01;36m[Knote: [m[K  ‘[01m[Koctomap_msgs::msg[m[K’
[6.652s]    31 | namespace [01;36m[Kmsg[m[K
[6.653s]       |           [01;36m[K^~~[m[K
[6.653s] In file included from [01m[K/opt/ros/humble/include/moveit_msgs/moveit_msgs/action/detail/move_group__struct.hpp:439[m[K,
[6.653s]                  from [01m[K/opt/ros/humble/include/moveit_msgs/moveit_msgs/action/move_group.hpp:7[m[K,
[6.653s]                  from [01m[K/opt/ros/humble/include/moveit/move_group_interface/move_group_interface.h:52[m[K,
[6.653s]                  from [01m[K/home/inouemakoto/interbotix_ws/src/interbotix_ros_toolboxes/interbotix_common_toolbox/interbotix_moveit_interface/include/interbotix_moveit_interface/moveit_interface_obj.hpp:38[m[K,
[6.653s]                  from [01m[K/home/inouemakoto/interbotix_ws/src/interbotix_ros_toolboxes/interbotix_common_toolbox/interbotix_moveit_interface/src/moveit_interface_obj.cpp:29[m[K:
[6.653s] [01m[K/opt/ros/humble/include/unique_identifier_msgs/unique_identifier_msgs/msg/detail/uuid__struct.hpp:27:11:[m[K [01;36m[Knote: [m[K  ‘[01m[Kunique_identifier_msgs::msg[m[K’
[6.653s]    27 | namespace [01;36m[Kmsg[m[K
[6.653s]       |           [01;36m[K^~~[m[K
[6.653s] In file included from [01m[K/opt/ros/humble/include/action_msgs/action_msgs/srv/detail/cancel_goal__struct.hpp:20[m[K,
[6.653s]                  from [01m[K/opt/ros/humble/include/action_msgs/action_msgs/srv/cancel_goal.hpp:7[m[K,
[6.653s]                  from [01m[K/opt/ros/humble/include/moveit_msgs/moveit_msgs/action/detail/move_group__struct.hpp:1099[m[K,
[6.653s]                  from [01m[K/opt/ros/humble/include/moveit_msgs/moveit_msgs/action/move_group.hpp:7[m[K,
[6.653s]                  from [01m[K/opt/ros/humble/include/moveit/move_group_interface/move_group_interface.h:52[m[K,
[6.653s]                  from [01m[K/home/inouemakoto/interbotix_ws/src/interbotix_ros_toolboxes/interbotix_common_toolbox/interbotix_moveit_interface/include/interbotix_moveit_interface/moveit_interface_obj.hpp:38[m[K,
[6.653s]                  from [01m[K/home/inouemakoto/interbotix_ws/src/interbotix_ros_toolboxes/interbotix_common_toolbox/interbotix_moveit_interface/src/moveit_interface_obj.cpp:29[m[K:
[6.653s] [01m[K/opt/ros/humble/include/action_msgs/action_msgs/msg/detail/goal_info__struct.hpp:33:11:[m[K [01;36m[Knote: [m[K  ‘[01m[Kaction_msgs::msg[m[K’
[6.653s]    33 | namespace [01;36m[Kmsg[m[K
[6.653s]       |           [01;36m[K^~~[m[K
[6.653s] In file included from [01m[K/opt/ros/humble/include/tf2_msgs/tf2_msgs/msg/tf_message.hpp:7[m[K,
[6.654s]                  from [01m[K/opt/ros/humble/include/tf2_ros/tf2_ros/transform_listener.h:44[m[K,
[6.654s]                  from [01m[K/opt/ros/humble/include/moveit/planning_scene_monitor/planning_scene_monitor.h:41[m[K,
[6.654s]                  from [01m[K/home/inouemakoto/interbotix_ws/install/moveit_visual_tools/include/moveit_visual_tools/moveit_visual_tools.h:41[m[K,
[6.654s]                  from [01m[K/home/inouemakoto/interbotix_ws/src/interbotix_ros_toolboxes/interbotix_common_toolbox/interbotix_moveit_interface/include/interbotix_moveit_interface/moveit_interface_obj.hpp:44[m[K,
[6.654s]                  from [01m[K/home/inouemakoto/interbotix_ws/src/interbotix_ros_toolboxes/interbotix_common_toolbox/interbotix_moveit_interface/src/moveit_interface_obj.cpp:29[m[K:
[6.654s] [01m[K/opt/ros/humble/include/tf2_msgs/tf2_msgs/msg/detail/tf_message__struct.hpp:31:11:[m[K [01;36m[Knote: [m[K  ‘[01m[Ktf2_msgs::msg[m[K’
[6.654s]    31 | namespace [01;36m[Kmsg[m[K
[6.654s]       |           [01;36m[K^~~[m[K
[6.654s] In file included from [01m[K/home/inouemakoto/interbotix_ws/install/graph_msgs/include/graph_msgs/graph_msgs/msg/detail/geometry_graph__struct.hpp:24[m[K,
[6.654s]                  from [01m[K/home/inouemakoto/interbotix_ws/install/graph_msgs/include/graph_msgs/graph_msgs/msg/geometry_graph.hpp:7[m[K,
[6.654s]                  from [01m[K/home/inouemakoto/interbotix_ws/install/moveit_visual_tools/include/moveit_visual_tools/moveit_visual_tools.h:52[m[K,
[6.654s]                  from [01m[K/home/inouemakoto/interbotix_ws/src/interbotix_ros_toolboxes/interbotix_common_toolbox/interbotix_moveit_interface/include/interbotix_moveit_interface/moveit_interface_obj.hpp:44[m[K,
[6.654s]                  from [01m[K/home/inouemakoto/interbotix_ws/src/interbotix_ros_toolboxes/interbotix_common_toolbox/interbotix_moveit_interface/src/moveit_interface_obj.cpp:29[m[K:
[6.654s] [01m[K/home/inouemakoto/interbotix_ws/install/graph_msgs/include/graph_msgs/graph_msgs/msg/detail/edges__struct.hpp:27:11:[m[K [01;36m[Knote: [m[K  ‘[01m[Kgraph_msgs::msg[m[K’
[6.654s]    27 | namespace [01;36m[Kmsg[m[K
[6.654s]       |           [01;36m[K^~~[m[K
[6.654s] [01m[K/home/inouemakoto/interbotix_ws/src/interbotix_ros_toolboxes/interbotix_common_toolbox/interbotix_moveit_interface/src/moveit_interface_obj.cpp:[m[K In constructor ‘[01m[Kinterbotix::InterbotixMoveItInterface::InterbotixMoveItInterface(rclcpp::Node::SharedPtr&)[m[K’:
[6.654s] [01m[K/home/inouemakoto/interbotix_ws/src/interbotix_ros_toolboxes/interbotix_common_toolbox/interbotix_moveit_interface/src/moveit_interface_obj.cpp:81:16:[m[K [01;31m[Kerror: [m[K‘[01m[Kclass std::shared_ptr<moveit::planning_interface::MoveGroupInterface>[m[K’ has no member named ‘[01m[Kexcute[m[K’
[6.654s]    81 |     move_group.[01;31m[Kexcute[m[K(plan);
[6.654s]       |                [01;31m[K^~~~~~[m[K
[8.862s] gmake[2]: *** [CMakeFiles/moveit_interface.dir/build.make:90: CMakeFiles/moveit_interface.dir/src/moveit_interface_obj.cpp.o] Error 1
[8.862s] gmake[1]: *** [CMakeFiles/Makefile2:137: CMakeFiles/moveit_interface.dir/all] Error 2
[8.862s] gmake: *** [Makefile:146: all] Error 2
[8.864s] Invoked command in '/home/inouemakoto/interbotix_ws/build/interbotix_moveit_interface' returned '2': CMAKE_PREFIX_PATH=/home/inouemakoto/interbotix_ws/install/moveit_visual_tools:/home/inouemakoto/interbotix_ws/install/rviz_visual_tools:/home/inouemakoto/interbotix_ws/install/interbotix_moveit_interface_msgs:/home/inouemakoto/interbotix_ws/install/graph_msgs:/home/inouemakoto/interbotix_ws/install/vx300s_run_move_group:/home/inouemakoto/interbotix_ws/install/vx300s_moveit_config:/home/inouemakoto/interbotix_ws/install/interbotix_ros_xsarms_examples:/home/inouemakoto/interbotix_ws/install/interbotix_xsarm_moveit_interface:/home/inouemakoto/interbotix_ws/install/interbotix_moveit_interface:/home/inouemakoto/interbotix_ws/install/hello_moveit2:/home/inouemakoto/interbotix_ws/install/moveit_interbotix_test1:/home/inouemakoto/interbotix_ws/install/moveit_interbotix_test:/home/inouemakoto/interbotix_ws/install/move_group_node:/home/inouemakoto/interbotix_ws/install/interbotix_ros_xsarms:/home/inouemakoto/interbotix_ws/install/interbotix_xsarm_moveit:/home/inouemakoto/interbotix_ws/install/interbotix_xsarm_sim:/home/inouemakoto/interbotix_ws/install/interbotix_xsarm_ros_control:/home/inouemakoto/interbotix_ws/install/interbotix_xsarm_joy:/home/inouemakoto/interbotix_ws/install/interbotix_xsarm_control:/home/inouemakoto/interbotix_ws/install/interbotix_xsarm_descriptions:/home/inouemakoto/interbotix_ws/install/interbotix_xs_toolbox:/home/inouemakoto/interbotix_ws/install/interbotix_xs_rviz:/home/inouemakoto/interbotix_ws/install/interbotix_ros_xseries:/home/inouemakoto/interbotix_ws/install/interbotix_xs_sdk:/home/inouemakoto/interbotix_ws/install/interbotix_xs_ros_control:/home/inouemakoto/interbotix_ws/install/interbotix_xs_msgs:/home/inouemakoto/interbotix_ws/install/interbotix_xs_driver:/home/inouemakoto/interbotix_ws/install/interbotix_tf_tools:/home/inouemakoto/interbotix_ws/install/interbotix_common_toolbox:/home/inouemakoto/interbotix_ws/install/interbotix_common_sim:/home/inouemakoto/interbotix_ws/install/hello_moveit2_interbotix:/home/inouemakoto/interbotix_ws/install/hello_moveit:/home/inouemakoto/interbotix_ws/install/dynamixel_workbench_toolbox:/home/inouemakoto/ws_moveit2/install/pilz_industrial_motion_planner_testutils:/home/inouemakoto/ws_moveit2/install/moveit_runtime:/home/inouemakoto/ws_moveit2/install/moveit2_tutorials:/home/inouemakoto/ws_moveit2/install/moveit:/home/inouemakoto/ws_moveit2/install/moveit_planners:/home/inouemakoto/ws_moveit2/install/pilz_industrial_motion_planner:/home/inouemakoto/ws_moveit2/install/hello_moveit:/home/inouemakoto/ws_moveit2/install/moveit_visual_tools:/home/inouemakoto/ws_moveit2/install/moveit_ros_control_interface:/home/inouemakoto/ws_moveit2/install/moveit_plugins:/home/inouemakoto/ws_moveit2/install/moveit_simple_controller_manager:/home/inouemakoto/ws_moveit2/install/moveit_setup_assistant:/home/inouemakoto/ws_moveit2/install/moveit_setup_srdf_plugins:/home/inouemakoto/ws_moveit2/install/moveit_setup_core_plugins:/home/inouemakoto/ws_moveit2/install/moveit_setup_controllers:/home/inouemakoto/ws_moveit2/install/moveit_setup_app_plugins:/home/inouemakoto/ws_moveit2/install/moveit_setup_framework:/home/inouemakoto/ws_moveit2/install/moveit_servo:/home/inouemakoto/ws_moveit2/install/moveit_ros:/home/inouemakoto/ws_moveit2/install/moveit_ros_visualization:/home/inouemakoto/ws_moveit2/install/moveit_hybrid_planning:/home/inouemakoto/ws_moveit2/install/moveit_ros_planning_interface:/home/inouemakoto/ws_moveit2/install/moveit_ros_benchmarks:/home/inouemakoto/ws_moveit2/install/moveit_ros_warehouse:/home/inouemakoto/ws_moveit2/install/moveit_ros_robot_interaction:/home/inouemakoto/ws_moveit2/install/moveit_ros_perception:/home/inouemakoto/ws_moveit2/install/moveit_resources_prbt_pg70_support:/home/inouemakoto/ws_moveit2/install/moveit_resources_prbt_moveit_config:/home/inouemakoto/ws_moveit2/install/moveit_ros_move_group:/home/inouemakoto/ws_moveit2/install/moveit_planners_ompl:/home/inouemakoto/ws_moveit2/install/moveit_ros_planning:/home/inouemakoto/ws_moveit2/install/moveit_ros_occupancy_map_monitor:/home/inouemakoto/ws_moveit2/install/moveit_resources_prbt_ikfast_manipulator_plugin:/home/inouemakoto/ws_moveit2/install/moveit_planners_chomp:/home/inouemakoto/ws_moveit2/install/moveit_kinematics:/home/inouemakoto/ws_moveit2/install/moveit_chomp_optimizer_adapter:/home/inouemakoto/ws_moveit2/install/chomp_motion_planner:/home/inouemakoto/ws_moveit2/install/moveit_core:/home/inouemakoto/ws_moveit2/install/srdfdom:/home/inouemakoto/ws_moveit2/install/rviz_marker_tools:/home/inouemakoto/ws_moveit2/install/rosparam_shortcuts:/home/inouemakoto/ws_moveit2/install/moveit_task_constructor_msgs:/home/inouemakoto/ws_moveit2/install/moveit_resources_prbt_support:/home/inouemakoto/ws_moveit2/install/moveit_resources:/home/inouemakoto/ws_moveit2/install/moveit_resources_pr2_description:/home/inouemakoto/ws_moveit2/install/moveit_resources_panda_moveit_config:/home/inouemakoto/ws_moveit2/install/moveit_resources_panda_description:/home/inouemakoto/ws_moveit2/install/moveit_resources_fanuc_moveit_config:/home/inouemakoto/ws_moveit2/install/moveit_resources_fanuc_description:/home/inouemakoto/ws_moveit2/install/moveit_common:/home/inouemakoto/install/vx300s_run_move_group:/home/inouemakoto/install/interbotix_ros_xsarms_examples:/home/inouemakoto/install/interbotix_xsarm_moveit_interface:/home/inouemakoto/install/interbotix_moveit_interface:/home/inouemakoto/install/moveit_visual_tools:/home/inouemakoto/install/rviz_visual_tools:/home/inouemakoto/install/interbotix_ros_xsarms:/home/inouemakoto/install/interbotix_xsarm_moveit:/home/inouemakoto/install/interbotix_xsarm_sim:/home/inouemakoto/install/interbotix_xsarm_ros_control:/home/inouemakoto/install/interbotix_xsarm_joy:/home/inouemakoto/install/interbotix_xsarm_control:/home/inouemakoto/install/interbotix_xsarm_descriptions:/home/inouemakoto/install/interbotix_xs_toolbox:/home/inouemakoto/install/interbotix_xs_rviz:/home/inouemakoto/install/interbotix_ros_xseries:/home/inouemakoto/install/interbotix_xs_sdk:/home/inouemakoto/install/interbotix_xs_ros_control:/home/inouemakoto/install/interbotix_xs_msgs:/home/inouemakoto/install/interbotix_xs_driver:/home/inouemakoto/install/interbotix_tf_tools:/home/inouemakoto/install/interbotix_moveit_interface_msgs:/home/inouemakoto/install/interbotix_common_toolbox:/home/inouemakoto/install/interbotix_common_sim:/home/inouemakoto/install/graph_msgs:/home/inouemakoto/install/dynamixel_workbench_toolbox:/home/inouemakoto/install/dynamixel_sdk_examples:/home/inouemakoto/install/dynamixel_sdk_custom_interfaces:/home/inouemakoto/install/dynamixel_sdk:/home/inouemakoto/robotis_ws/install/dynamixel_sdk_examples:/home/inouemakoto/robotis_ws/install/dynamixel_sdk_custom_interfaces:/home/inouemakoto/robotis_ws/install/dynamixel_sdk:/home/inouemakoto/interbotix_ws/install/interbotix_xs_modules:/home/inouemakoto/interbotix_ws/install/interbotix_common_modules:/home/inouemakoto/ws_moveit2/install/moveit_configs_utils:/home/inouemakoto/ws_moveit2/install/launch_param_builder:/home/inouemakoto/install/interbotix_xs_modules:/home/inouemakoto/install/interbotix_common_modules:/opt/ros/humble LD_LIBRARY_PATH=/home/inouemakoto/interbotix_ws/install/moveit_visual_tools/lib:/home/inouemakoto/interbotix_ws/install/rviz_visual_tools/lib:/home/inouemakoto/interbotix_ws/install/interbotix_moveit_interface_msgs/lib:/home/inouemakoto/interbotix_ws/install/graph_msgs/lib:/home/inouemakoto/interbotix_ws/install/interbotix_xs_rviz/lib:/home/inouemakoto/interbotix_ws/install/interbotix_xs_ros_control/lib:/home/inouemakoto/interbotix_ws/install/interbotix_xs_msgs/lib:/home/inouemakoto/interbotix_ws/install/interbotix_xs_driver/lib:/home/inouemakoto/interbotix_ws/install/interbotix_tf_tools/lib:/home/inouemakoto/interbotix_ws/install/dynamixel_workbench_toolbox/lib:/home/inouemakoto/ws_moveit2/install/pilz_industrial_motion_planner_testutils/lib:/home/inouemakoto/ws_moveit2/install/pilz_industrial_motion_planner/lib:/home/inouemakoto/ws_moveit2/install/moveit_visual_tools/lib:/home/inouemakoto/ws_moveit2/install/moveit_ros_control_interface/lib:/home/inouemakoto/ws_moveit2/install/moveit_simple_controller_manager/lib:/home/inouemakoto/ws_moveit2/install/moveit_setup_assistant/lib:/home/inouemakoto/ws_moveit2/install/moveit_setup_srdf_plugins/lib:/home/inouemakoto/ws_moveit2/install/moveit_setup_core_plugins/lib:/home/inouemakoto/ws_moveit2/install/moveit_setup_controllers/lib:/home/inouemakoto/ws_moveit2/install/moveit_setup_app_plugins/lib:/home/inouemakoto/ws_moveit2/install/moveit_setup_framework/lib:/home/inouemakoto/ws_moveit2/install/moveit_servo/lib:/home/inouemakoto/ws_moveit2/install/moveit_ros_visualization/lib:/home/inouemakoto/ws_moveit2/install/moveit_hybrid_planning/lib:/home/inouemakoto/ws_moveit2/install/moveit_ros_planning_interface/lib:/home/inouemakoto/ws_moveit2/install/moveit_ros_benchmarks/lib:/home/inouemakoto/ws_moveit2/install/moveit_ros_warehouse/lib:/home/inouemakoto/ws_moveit2/install/moveit_ros_robot_interaction/lib:/home/inouemakoto/ws_moveit2/install/moveit_ros_perception/lib:/home/inouemakoto/ws_moveit2/install/moveit_ros_move_group/lib:/home/inouemakoto/ws_moveit2/install/moveit_planners_ompl/lib:/home/inouemakoto/ws_moveit2/install/moveit_ros_planning/lib:/home/inouemakoto/ws_moveit2/install/moveit_ros_occupancy_map_monitor/lib:/home/inouemakoto/ws_moveit2/install/moveit_resources_prbt_ikfast_manipulator_plugin/lib:/home/inouemakoto/ws_moveit2/install/moveit_planners_chomp/lib:/home/inouemakoto/ws_moveit2/install/moveit_kinematics/lib:/home/inouemakoto/ws_moveit2/install/moveit_chomp_optimizer_adapter/lib:/home/inouemakoto/ws_moveit2/install/chomp_motion_planner/lib:/home/inouemakoto/ws_moveit2/install/moveit_core/lib:/home/inouemakoto/ws_moveit2/install/srdfdom/lib:/home/inouemakoto/ws_moveit2/install/rviz_marker_tools/lib:/home/inouemakoto/ws_moveit2/install/rosparam_shortcuts/lib:/home/inouemakoto/ws_moveit2/install/moveit_task_constructor_msgs/lib:/home/inouemakoto/install/moveit_visual_tools/lib:/home/inouemakoto/install/rviz_visual_tools/lib:/home/inouemakoto/install/interbotix_xs_rviz/lib:/home/inouemakoto/install/interbotix_xs_ros_control/lib:/home/inouemakoto/install/interbotix_xs_msgs/lib:/home/inouemakoto/install/interbotix_xs_driver/lib:/home/inouemakoto/install/interbotix_tf_tools/lib:/home/inouemakoto/install/interbotix_moveit_interface_msgs/lib:/home/inouemakoto/install/graph_msgs/lib:/home/inouemakoto/install/dynamixel_workbench_toolbox/lib:/home/inouemakoto/install/dynamixel_sdk_custom_interfaces/lib:/home/inouemakoto/install/dynamixel_sdk/lib:/home/inouemakoto/robotis_ws/install/dynamixel_sdk_custom_interfaces/lib:/home/inouemakoto/robotis_ws/install/dynamixel_sdk/lib:/usr/lib/x86_64-linux-gnu/gazebo-11/plugins:/opt/ros/humble/opt/rviz_ogre_vendor/lib:/opt/ros/humble/lib/x86_64-linux-gnu:/opt/ros/humble/lib:/usr/lib/x86_64-linux-gnu/gazebo-11/plugins /usr/bin/cmake --build /home/inouemakoto/interbotix_ws/build/interbotix_moveit_interface -- -j20 -l20
