running egg_info
creating ../../build/pick_vision/pick_vision.egg-info
writing ../../build/pick_vision/pick_vision.egg-info/PKG-INFO
writing dependency_links to ../../build/pick_vision/pick_vision.egg-info/dependency_links.txt
writing requirements to ../../build/pick_vision/pick_vision.egg-info/requires.txt
writing top-level names to ../../build/pick_vision/pick_vision.egg-info/top_level.txt
writing manifest file '../../build/pick_vision/pick_vision.egg-info/SOURCES.txt'
reading manifest file '../../build/pick_vision/pick_vision.egg-info/SOURCES.txt'
writing manifest file '../../build/pick_vision/pick_vision.egg-info/SOURCES.txt'
running build
running build_py
creating /home/inouemakoto/interbotix_ws/build/pick_vision/build
creating /home/inouemakoto/interbotix_ws/build/pick_vision/build/lib
creating /home/inouemakoto/interbotix_ws/build/pick_vision/build/lib/pick_vision
copying pick_vision/__init__.py -> /home/inouemakoto/interbotix_ws/build/pick_vision/build/lib/pick_vision
running install
running install_lib
creating /home/inouemakoto/interbotix_ws/install/pick_vision/lib/python3.10/site-packages/pick_vision
copying /home/inouemakoto/interbotix_ws/build/pick_vision/build/lib/pick_vision/__init__.py -> /home/inouemakoto/interbotix_ws/install/pick_vision/lib/python3.10/site-packages/pick_vision
byte-compiling /home/inouemakoto/interbotix_ws/install/pick_vision/lib/python3.10/site-packages/pick_vision/__init__.py to __init__.cpython-310.pyc
running install_data
creating /home/inouemakoto/interbotix_ws/install/pick_vision/share/ament_index
creating /home/inouemakoto/interbotix_ws/install/pick_vision/share/ament_index/resource_index
creating /home/inouemakoto/interbotix_ws/install/pick_vision/share/ament_index/resource_index/packages
copying resource/pick_vision -> /home/inouemakoto/interbotix_ws/install/pick_vision/share/ament_index/resource_index/packages
copying package.xml -> /home/inouemakoto/interbotix_ws/install/pick_vision/share/pick_vision
running install_egg_info
Copying ../../build/pick_vision/pick_vision.egg-info to /home/inouemakoto/interbotix_ws/install/pick_vision/lib/python3.10/site-packages/pick_vision-0.0.0-py3.10.egg-info
running install_scripts
writing list of installed files to '/home/inouemakoto/interbotix_ws/build/pick_vision/install.log'
