[0.021s] Invoking command in '/home/inouemakoto/interbotix_ws/build/vx300s_run_move_group': CMAKE_PREFIX_PATH=${CMAKE_PREFIX_PATH}:/home/inouemakoto/interbotix_ws/install/interbotix_xs_modules:/home/inouemakoto/interbotix_ws/install/interbotix_common_modules:/home/inouemakoto/install/interbotix_xs_modules:/home/inouemakoto/install/interbotix_common_modules:/home/inouemakoto/ws_moveit2/install/moveit_configs_utils:/home/inouemakoto/ws_moveit2/install/launch_param_builder:/opt/ros/humble /usr/bin/cmake --build /home/inouemakoto/interbotix_ws/build/vx300s_run_move_group -- -j20 -l20
[0.049s] -- Found ament_cmake: 1.3.4 (/opt/ros/humble/share/ament_cmake/cmake)
[0.179s] -- Found moveit_ros_planning_interface: 2.5.4 (/home/inouemakoto/ws_moveit2/install/moveit_ros_planning_interface/share/moveit_ros_planning_interface/cmake)
[0.188s] -- Found Boost: /usr/lib/x86_64-linux-gnu/cmake/Boost-1.74.0/BoostConfig.cmake (found version "1.74.0") found components: date_time filesystem program_options system thread 
[0.211s] -- Found rosidl_generator_c: 3.1.4 (/opt/ros/humble/share/rosidl_generator_c/cmake)
[0.213s] -- Found rosidl_adapter: 3.1.4 (/opt/ros/humble/share/rosidl_adapter/cmake)
[0.217s] -- Found rosidl_generator_cpp: 3.1.4 (/opt/ros/humble/share/rosidl_generator_cpp/cmake)
[0.231s] -- Using all available rosidl_typesupport_c: rosidl_typesupport_fastrtps_c;rosidl_typesupport_introspection_c
[0.248s] -- Using all available rosidl_typesupport_cpp: rosidl_typesupport_fastrtps_cpp;rosidl_typesupport_introspection_cpp
[1.023s] -- Found Boost: /usr/lib/x86_64-linux-gnu/cmake/Boost-1.74.0/BoostConfig.cmake (found version "1.74.0") found components: chrono date_time filesystem iostreams program_options regex serialization system thread 
[1.029s] -- Found parameter_traits: 0.3.3 (/opt/ros/humble/share/parameter_traits/cmake)
[1.071s] -- Found rmw_implementation_cmake: 6.1.1 (/opt/ros/humble/share/rmw_implementation_cmake/cmake)
[1.076s] -- Found rmw_fastrtps_cpp: 6.2.2 (/opt/ros/humble/share/rmw_fastrtps_cpp/cmake)
[1.201s] -- Using RMW implementation 'rmw_fastrtps_cpp' as default
[1.321s] -- Found rclcpp_lifecycle: 16.0.4 (/opt/ros/humble/share/rclcpp_lifecycle/cmake)
[1.357s] -- Found Boost: /usr/lib/x86_64-linux-gnu/cmake/Boost-1.74.0/BoostConfig.cmake (found version "1.74.0") found components: filesystem 
[1.396s] -- library: /usr/lib/x86_64-linux-gnu/libcurl.so
[1.530s] -- Ensuring Eigen3 include directory is part of orocos-kdl CMake target
[1.999s] -- Found Boost: /usr/lib/x86_64-linux-gnu/cmake/Boost-1.74.0/BoostConfig.cmake (found version "1.74.0") found components: system filesystem date_time program_options thread chrono 
[2.526s] -- Found Boost: /usr/lib/x86_64-linux-gnu/cmake/Boost-1.74.0/BoostConfig.cmake (found version "1.74.0") found components: thread system filesystem regex date_time program_options 
[2.766s] -- Found Boost: /usr/lib/x86_64-linux-gnu/cmake/Boost-1.74.0/BoostConfig.cmake (found version "1.74.0") found components: system filesystem date_time program_options thread 
[3.195s] -- Found ament_lint_auto: 0.12.6 (/opt/ros/humble/share/ament_lint_auto/cmake)
[3.285s] -- Added test 'cppcheck' to perform static code analysis on C / C++ code
[3.286s] -- Configured cppcheck include dirs: 
[3.286s] -- Configured cppcheck exclude dirs and/or files: 
[3.287s] -- Added test 'lint_cmake' to check CMake code style
[3.288s] -- Added test 'uncrustify' to check C / C++ code style
[3.289s] -- Configured uncrustify additional arguments: 
[3.289s] -- Added test 'xmllint' to check XML markup files
[3.291s] -- Configuring done
[3.308s] -- Generating done
[3.313s] -- Build files have been written to: /home/inouemakoto/interbotix_ws/build/vx300s_run_move_group
[3.351s] Invoked command in '/home/inouemakoto/interbotix_ws/build/vx300s_run_move_group' returned '0': CMAKE_PREFIX_PATH=${CMAKE_PREFIX_PATH}:/home/inouemakoto/interbotix_ws/install/interbotix_xs_modules:/home/inouemakoto/interbotix_ws/install/interbotix_common_modules:/home/inouemakoto/install/interbotix_xs_modules:/home/inouemakoto/install/interbotix_common_modules:/home/inouemakoto/ws_moveit2/install/moveit_configs_utils:/home/inouemakoto/ws_moveit2/install/launch_param_builder:/opt/ros/humble /usr/bin/cmake --build /home/inouemakoto/interbotix_ws/build/vx300s_run_move_group -- -j20 -l20
[3.394s] Invoking command in '/home/inouemakoto/interbotix_ws/build/vx300s_run_move_group': CMAKE_PREFIX_PATH=${CMAKE_PREFIX_PATH}:/home/inouemakoto/interbotix_ws/install/interbotix_xs_modules:/home/inouemakoto/interbotix_ws/install/interbotix_common_modules:/home/inouemakoto/install/interbotix_xs_modules:/home/inouemakoto/install/interbotix_common_modules:/home/inouemakoto/ws_moveit2/install/moveit_configs_utils:/home/inouemakoto/ws_moveit2/install/launch_param_builder:/opt/ros/humble /usr/bin/cmake --install /home/inouemakoto/interbotix_ws/build/vx300s_run_move_group
[3.403s] -- Install configuration: ""
[3.403s] -- Installing: /home/inouemakoto/interbotix_ws/install/vx300s_run_move_group/share/ament_index/resource_index/package_run_dependencies/vx300s_run_move_group
[3.403s] -- Installing: /home/inouemakoto/interbotix_ws/install/vx300s_run_move_group/share/ament_index/resource_index/parent_prefix_path/vx300s_run_move_group
[3.403s] -- Up-to-date: /home/inouemakoto/interbotix_ws/install/vx300s_run_move_group/share/vx300s_run_move_group/environment/ament_prefix_path.sh
[3.403s] -- Installing: /home/inouemakoto/interbotix_ws/install/vx300s_run_move_group/share/vx300s_run_move_group/environment/ament_prefix_path.dsv
[3.403s] -- Up-to-date: /home/inouemakoto/interbotix_ws/install/vx300s_run_move_group/share/vx300s_run_move_group/environment/path.sh
[3.403s] -- Installing: /home/inouemakoto/interbotix_ws/install/vx300s_run_move_group/share/vx300s_run_move_group/environment/path.dsv
[3.403s] -- Up-to-date: /home/inouemakoto/interbotix_ws/install/vx300s_run_move_group/share/vx300s_run_move_group/local_setup.bash
[3.403s] -- Up-to-date: /home/inouemakoto/interbotix_ws/install/vx300s_run_move_group/share/vx300s_run_move_group/local_setup.sh
[3.403s] -- Up-to-date: /home/inouemakoto/interbotix_ws/install/vx300s_run_move_group/share/vx300s_run_move_group/local_setup.zsh
[3.403s] -- Installing: /home/inouemakoto/interbotix_ws/install/vx300s_run_move_group/share/vx300s_run_move_group/local_setup.dsv
[3.403s] -- Installing: /home/inouemakoto/interbotix_ws/install/vx300s_run_move_group/share/vx300s_run_move_group/package.dsv
[3.403s] -- Up-to-date: /home/inouemakoto/interbotix_ws/install/vx300s_run_move_group/share/ament_index/resource_index/packages/vx300s_run_move_group
[3.403s] -- Up-to-date: /home/inouemakoto/interbotix_ws/install/vx300s_run_move_group/share/vx300s_run_move_group/cmake/vx300s_run_move_groupConfig.cmake
[3.403s] -- Up-to-date: /home/inouemakoto/interbotix_ws/install/vx300s_run_move_group/share/vx300s_run_move_group/cmake/vx300s_run_move_groupConfig-version.cmake
[3.404s] -- Installing: /home/inouemakoto/interbotix_ws/install/vx300s_run_move_group/share/vx300s_run_move_group/package.xml
[3.404s] Invoked command in '/home/inouemakoto/interbotix_ws/build/vx300s_run_move_group' returned '0': CMAKE_PREFIX_PATH=${CMAKE_PREFIX_PATH}:/home/inouemakoto/interbotix_ws/install/interbotix_xs_modules:/home/inouemakoto/interbotix_ws/install/interbotix_common_modules:/home/inouemakoto/install/interbotix_xs_modules:/home/inouemakoto/install/interbotix_common_modules:/home/inouemakoto/ws_moveit2/install/moveit_configs_utils:/home/inouemakoto/ws_moveit2/install/launch_param_builder:/opt/ros/humble /usr/bin/cmake --install /home/inouemakoto/interbotix_ws/build/vx300s_run_move_group
