[1.141s] Invoking command in '/home/inouemakoto/interbotix_ws/build/image_geometry': CMAKE_PREFIX_PATH=${CMAKE_PREFIX_PATH}:/home/inouemakoto/interbotix_ws/install/yolov5_ros2:/home/inouemakoto/interbotix_ws/install/pick_vision:/home/inouemakoto/interbotix_ws/install/moveit_service:/home/inouemakoto/interbotix_ws/install/opencv_ros2:/home/inouemakoto/interbotix_ws/install/makoto:/home/inouemakoto/interbotix_ws/install/interbotix_xs_modules:/home/inouemakoto/interbotix_ws/install/interbotix_landmark_modules:/home/inouemakoto/interbotix_ws/install/interbotix_perception_modules:/home/inouemakoto/interbotix_ws/install/interbotix_rpi_modules:/home/inouemakoto/interbotix_ws/install/interbotix_common_modules:/home/inouemakoto/interbotix_ws/install/camera:/home/inouemakoto/ws_moveit2/install/moveit_configs_utils:/home/inouemakoto/ws_moveit2/install/launch_param_builder:/home/inouemakoto/install/moveit_service:/home/inouemakoto/install/interbotix_xs_modules:/home/inouemakoto/install/interbotix_moveit_interface_msgs:/home/inouemakoto/install/interbotix_common_modules:/opt/ros/humble /usr/bin/cmake /home/inouemakoto/interbotix_ws/src/vision_opencv/image_geometry -DCMAKE_INSTALL_PREFIX=/home/inouemakoto/interbotix_ws/install/image_geometry
[3.449s] -- The C compiler identification is GNU 11.4.0
[3.449s] -- The CXX compiler identification is GNU 11.4.0
[3.449s] -- Detecting C compiler ABI info
[3.449s] -- Detecting C compiler ABI info - done
[3.450s] -- Check for working C compiler: /usr/bin/cc - skipped
[3.450s] -- Detecting C compile features
[3.450s] -- Detecting C compile features - done
[3.450s] -- Detecting CXX compiler ABI info
[3.450s] -- Detecting CXX compiler ABI info - done
[3.450s] -- Check for working CXX compiler: /usr/bin/c++ - skipped
[3.450s] -- Detecting CXX compile features
[3.450s] -- Detecting CXX compile features - done
[3.450s] -- Found ament_cmake_python: 1.3.5 (/opt/ros/humble/share/ament_cmake_python/cmake)
[3.451s] -- Found ament_cmake_ros: 0.10.0 (/opt/ros/humble/share/ament_cmake_ros/cmake)
[3.451s] -- Found Python3: /usr/bin/python3.10 (found version "3.10.12") found components: Interpreter 
[3.451s] -- Found OpenCV: /usr (found version "4.5.4") found components: calib3d core highgui imgproc 
[3.451s] -- Found sensor_msgs: 4.2.3 (/opt/ros/humble/share/sensor_msgs/cmake)
[3.485s] -- Found rosidl_generator_c: 3.1.5 (/opt/ros/humble/share/rosidl_generator_c/cmake)
[3.523s] -- Found rosidl_adapter: 3.1.5 (/opt/ros/humble/share/rosidl_adapter/cmake)
[3.568s] -- Found rosidl_generator_cpp: 3.1.5 (/opt/ros/humble/share/rosidl_generator_cpp/cmake)
[3.631s] -- Using all available rosidl_typesupport_c: rosidl_typesupport_fastrtps_c;rosidl_typesupport_introspection_c
[3.714s] -- Using all available rosidl_typesupport_cpp: rosidl_typesupport_fastrtps_cpp;rosidl_typesupport_introspection_cpp
[4.128s] -- Found gtest sources under '/opt/ros/humble/src/gtest_vendor': C++ tests using 'Google Test' will be built
[4.130s] -- Looking for pthread.h
[4.325s] -- Looking for pthread.h - found
[4.325s] -- Performing Test CMAKE_HAVE_LIBC_PTHREAD
[4.529s] -- Performing Test CMAKE_HAVE_LIBC_PTHREAD - Success
[4.530s] -- Found Threads: TRUE  
[4.679s] -- Configuring done
[4.704s] -- Generating done
[4.708s] -- Build files have been written to: /home/inouemakoto/interbotix_ws/build/image_geometry
[4.740s] Invoked command in '/home/inouemakoto/interbotix_ws/build/image_geometry' returned '0': CMAKE_PREFIX_PATH=${CMAKE_PREFIX_PATH}:/home/inouemakoto/interbotix_ws/install/yolov5_ros2:/home/inouemakoto/interbotix_ws/install/pick_vision:/home/inouemakoto/interbotix_ws/install/moveit_service:/home/inouemakoto/interbotix_ws/install/opencv_ros2:/home/inouemakoto/interbotix_ws/install/makoto:/home/inouemakoto/interbotix_ws/install/interbotix_xs_modules:/home/inouemakoto/interbotix_ws/install/interbotix_landmark_modules:/home/inouemakoto/interbotix_ws/install/interbotix_perception_modules:/home/inouemakoto/interbotix_ws/install/interbotix_rpi_modules:/home/inouemakoto/interbotix_ws/install/interbotix_common_modules:/home/inouemakoto/interbotix_ws/install/camera:/home/inouemakoto/ws_moveit2/install/moveit_configs_utils:/home/inouemakoto/ws_moveit2/install/launch_param_builder:/home/inouemakoto/install/moveit_service:/home/inouemakoto/install/interbotix_xs_modules:/home/inouemakoto/install/interbotix_moveit_interface_msgs:/home/inouemakoto/install/interbotix_common_modules:/opt/ros/humble /usr/bin/cmake /home/inouemakoto/interbotix_ws/src/vision_opencv/image_geometry -DCMAKE_INSTALL_PREFIX=/home/inouemakoto/interbotix_ws/install/image_geometry
[4.743s] Invoking command in '/home/inouemakoto/interbotix_ws/build/image_geometry': CMAKE_PREFIX_PATH=${CMAKE_PREFIX_PATH}:/home/inouemakoto/interbotix_ws/install/yolov5_ros2:/home/inouemakoto/interbotix_ws/install/pick_vision:/home/inouemakoto/interbotix_ws/install/moveit_service:/home/inouemakoto/interbotix_ws/install/opencv_ros2:/home/inouemakoto/interbotix_ws/install/makoto:/home/inouemakoto/interbotix_ws/install/interbotix_xs_modules:/home/inouemakoto/interbotix_ws/install/interbotix_landmark_modules:/home/inouemakoto/interbotix_ws/install/interbotix_perception_modules:/home/inouemakoto/interbotix_ws/install/interbotix_rpi_modules:/home/inouemakoto/interbotix_ws/install/interbotix_common_modules:/home/inouemakoto/interbotix_ws/install/camera:/home/inouemakoto/ws_moveit2/install/moveit_configs_utils:/home/inouemakoto/ws_moveit2/install/launch_param_builder:/home/inouemakoto/install/moveit_service:/home/inouemakoto/install/interbotix_xs_modules:/home/inouemakoto/install/interbotix_moveit_interface_msgs:/home/inouemakoto/install/interbotix_common_modules:/opt/ros/humble /usr/bin/cmake --build /home/inouemakoto/interbotix_ws/build/image_geometry -- -j20 -l20
[5.900s] [35m[1mConsolidate compiler generated dependencies of target gtest_main[0m
[5.900s] [35m[1mConsolidate compiler generated dependencies of target gtest[0m
[5.900s] [35m[1mConsolidate compiler generated dependencies of target image_geometry[0m
[5.900s] [ 44%] Built target gtest_main
[5.900s] [ 44%] Built target gtest
[5.900s] [ 77%] Built target image_geometry
[5.900s] [ 77%] Built target ament_cmake_python_copy_image_geometry
[5.900s] [35m[1mConsolidate compiler generated dependencies of target image_geometry-utest[0m
[5.900s] [100%] Built target image_geometry-utest
[5.901s] running egg_info
[5.901s] writing image_geometry.egg-info/PKG-INFO
[5.901s] writing dependency_links to image_geometry.egg-info/dependency_links.txt
[5.901s] writing top-level names to image_geometry.egg-info/top_level.txt
[5.901s] reading manifest file 'image_geometry.egg-info/SOURCES.txt'
[5.901s] writing manifest file 'image_geometry.egg-info/SOURCES.txt'
[5.901s] [100%] Built target ament_cmake_python_build_image_geometry_egg
[5.918s] Invoked command in '/home/inouemakoto/interbotix_ws/build/image_geometry' returned '0': CMAKE_PREFIX_PATH=${CMAKE_PREFIX_PATH}:/home/inouemakoto/interbotix_ws/install/yolov5_ros2:/home/inouemakoto/interbotix_ws/install/pick_vision:/home/inouemakoto/interbotix_ws/install/moveit_service:/home/inouemakoto/interbotix_ws/install/opencv_ros2:/home/inouemakoto/interbotix_ws/install/makoto:/home/inouemakoto/interbotix_ws/install/interbotix_xs_modules:/home/inouemakoto/interbotix_ws/install/interbotix_landmark_modules:/home/inouemakoto/interbotix_ws/install/interbotix_perception_modules:/home/inouemakoto/interbotix_ws/install/interbotix_rpi_modules:/home/inouemakoto/interbotix_ws/install/interbotix_common_modules:/home/inouemakoto/interbotix_ws/install/camera:/home/inouemakoto/ws_moveit2/install/moveit_configs_utils:/home/inouemakoto/ws_moveit2/install/launch_param_builder:/home/inouemakoto/install/moveit_service:/home/inouemakoto/install/interbotix_xs_modules:/home/inouemakoto/install/interbotix_moveit_interface_msgs:/home/inouemakoto/install/interbotix_common_modules:/opt/ros/humble /usr/bin/cmake --build /home/inouemakoto/interbotix_ws/build/image_geometry -- -j20 -l20
[6.174s] Invoking command in '/home/inouemakoto/interbotix_ws/build/image_geometry': CMAKE_PREFIX_PATH=${CMAKE_PREFIX_PATH}:/home/inouemakoto/interbotix_ws/install/yolov5_ros2:/home/inouemakoto/interbotix_ws/install/pick_vision:/home/inouemakoto/interbotix_ws/install/moveit_service:/home/inouemakoto/interbotix_ws/install/opencv_ros2:/home/inouemakoto/interbotix_ws/install/makoto:/home/inouemakoto/interbotix_ws/install/interbotix_xs_modules:/home/inouemakoto/interbotix_ws/install/interbotix_landmark_modules:/home/inouemakoto/interbotix_ws/install/interbotix_perception_modules:/home/inouemakoto/interbotix_ws/install/interbotix_rpi_modules:/home/inouemakoto/interbotix_ws/install/interbotix_common_modules:/home/inouemakoto/interbotix_ws/install/camera:/home/inouemakoto/ws_moveit2/install/moveit_configs_utils:/home/inouemakoto/ws_moveit2/install/launch_param_builder:/home/inouemakoto/install/moveit_service:/home/inouemakoto/install/interbotix_xs_modules:/home/inouemakoto/install/interbotix_moveit_interface_msgs:/home/inouemakoto/install/interbotix_common_modules:/opt/ros/humble /usr/bin/cmake --install /home/inouemakoto/interbotix_ws/build/image_geometry
[7.310s] -- Install configuration: ""
[7.310s] -- Installing: /home/inouemakoto/interbotix_ws/install/image_geometry/share/image_geometry/environment/pythonpath.sh
[7.310s] -- Installing: /home/inouemakoto/interbotix_ws/install/image_geometry/share/image_geometry/environment/pythonpath.dsv
[7.310s] -- Installing: /home/inouemakoto/interbotix_ws/install/image_geometry/local/lib/python3.10/dist-packages/image_geometry-3.2.1-py3.10.egg-info
[7.310s] -- Installing: /home/inouemakoto/interbotix_ws/install/image_geometry/local/lib/python3.10/dist-packages/image_geometry-3.2.1-py3.10.egg-info/top_level.txt
[7.310s] -- Installing: /home/inouemakoto/interbotix_ws/install/image_geometry/local/lib/python3.10/dist-packages/image_geometry-3.2.1-py3.10.egg-info/dependency_links.txt
[7.310s] -- Installing: /home/inouemakoto/interbotix_ws/install/image_geometry/local/lib/python3.10/dist-packages/image_geometry-3.2.1-py3.10.egg-info/SOURCES.txt
[7.310s] -- Installing: /home/inouemakoto/interbotix_ws/install/image_geometry/local/lib/python3.10/dist-packages/image_geometry-3.2.1-py3.10.egg-info/PKG-INFO
[7.311s] -- Installing: /home/inouemakoto/interbotix_ws/install/image_geometry/local/lib/python3.10/dist-packages/image_geometry
[7.311s] -- Installing: /home/inouemakoto/interbotix_ws/install/image_geometry/local/lib/python3.10/dist-packages/image_geometry/cameramodels.py
[7.311s] -- Installing: /home/inouemakoto/interbotix_ws/install/image_geometry/local/lib/python3.10/dist-packages/image_geometry/__init__.py
[7.311s] Listing '/home/inouemakoto/interbotix_ws/install/image_geometry/local/lib/python3.10/dist-packages/image_geometry'...
[7.311s] Compiling '/home/inouemakoto/interbotix_ws/install/image_geometry/local/lib/python3.10/dist-packages/image_geometry/__init__.py'...
[7.311s] Compiling '/home/inouemakoto/interbotix_ws/install/image_geometry/local/lib/python3.10/dist-packages/image_geometry/cameramodels.py'...
[7.311s] -- Installing: /home/inouemakoto/interbotix_ws/install/image_geometry/include/image_geometry
[7.311s] -- Installing: /home/inouemakoto/interbotix_ws/install/image_geometry/include/image_geometry/image_geometry
[7.311s] -- Installing: /home/inouemakoto/interbotix_ws/install/image_geometry/include/image_geometry/image_geometry/visibility_control.hpp
[7.311s] -- Installing: /home/inouemakoto/interbotix_ws/install/image_geometry/include/image_geometry/image_geometry/stereo_camera_model.h
[7.311s] -- Installing: /home/inouemakoto/interbotix_ws/install/image_geometry/include/image_geometry/image_geometry/pinhole_camera_model.h
[7.311s] -- Installing: /home/inouemakoto/interbotix_ws/install/image_geometry/lib/libimage_geometry.so
[7.311s] -- Set runtime path of "/home/inouemakoto/interbotix_ws/install/image_geometry/lib/libimage_geometry.so" to ""
[7.311s] -- Installing: /home/inouemakoto/interbotix_ws/install/image_geometry/share/ament_index/resource_index/package_run_dependencies/image_geometry
[7.311s] -- Installing: /home/inouemakoto/interbotix_ws/install/image_geometry/share/ament_index/resource_index/parent_prefix_path/image_geometry
[7.312s] -- Installing: /home/inouemakoto/interbotix_ws/install/image_geometry/share/image_geometry/environment/ament_prefix_path.sh
[7.312s] -- Installing: /home/inouemakoto/interbotix_ws/install/image_geometry/share/image_geometry/environment/ament_prefix_path.dsv
[7.312s] -- Installing: /home/inouemakoto/interbotix_ws/install/image_geometry/share/image_geometry/environment/path.sh
[7.312s] -- Installing: /home/inouemakoto/interbotix_ws/install/image_geometry/share/image_geometry/environment/path.dsv
[7.312s] -- Installing: /home/inouemakoto/interbotix_ws/install/image_geometry/share/image_geometry/local_setup.bash
[7.312s] -- Installing: /home/inouemakoto/interbotix_ws/install/image_geometry/share/image_geometry/local_setup.sh
[7.312s] -- Installing: /home/inouemakoto/interbotix_ws/install/image_geometry/share/image_geometry/local_setup.zsh
[7.312s] -- Installing: /home/inouemakoto/interbotix_ws/install/image_geometry/share/image_geometry/local_setup.dsv
[7.312s] -- Installing: /home/inouemakoto/interbotix_ws/install/image_geometry/share/image_geometry/package.dsv
[7.312s] -- Installing: /home/inouemakoto/interbotix_ws/install/image_geometry/share/ament_index/resource_index/packages/image_geometry
[7.314s] -- Installing: /home/inouemakoto/interbotix_ws/install/image_geometry/share/image_geometry/cmake/export_image_geometryExport.cmake
[7.314s] -- Installing: /home/inouemakoto/interbotix_ws/install/image_geometry/share/image_geometry/cmake/export_image_geometryExport-noconfig.cmake
[7.314s] -- Installing: /home/inouemakoto/interbotix_ws/install/image_geometry/share/image_geometry/cmake/ament_cmake_export_targets-extras.cmake
[7.314s] -- Installing: /home/inouemakoto/interbotix_ws/install/image_geometry/share/image_geometry/cmake/ament_cmake_export_dependencies-extras.cmake
[7.314s] -- Installing: /home/inouemakoto/interbotix_ws/install/image_geometry/share/image_geometry/cmake/image_geometryConfig.cmake
[7.314s] -- Installing: /home/inouemakoto/interbotix_ws/install/image_geometry/share/image_geometry/cmake/image_geometryConfig-version.cmake
[7.315s] -- Installing: /home/inouemakoto/interbotix_ws/install/image_geometry/share/image_geometry/package.xml
[8.203s] Invoked command in '/home/inouemakoto/interbotix_ws/build/image_geometry' returned '0': CMAKE_PREFIX_PATH=${CMAKE_PREFIX_PATH}:/home/inouemakoto/interbotix_ws/install/yolov5_ros2:/home/inouemakoto/interbotix_ws/install/pick_vision:/home/inouemakoto/interbotix_ws/install/moveit_service:/home/inouemakoto/interbotix_ws/install/opencv_ros2:/home/inouemakoto/interbotix_ws/install/makoto:/home/inouemakoto/interbotix_ws/install/interbotix_xs_modules:/home/inouemakoto/interbotix_ws/install/interbotix_landmark_modules:/home/inouemakoto/interbotix_ws/install/interbotix_perception_modules:/home/inouemakoto/interbotix_ws/install/interbotix_rpi_modules:/home/inouemakoto/interbotix_ws/install/interbotix_common_modules:/home/inouemakoto/interbotix_ws/install/camera:/home/inouemakoto/ws_moveit2/install/moveit_configs_utils:/home/inouemakoto/ws_moveit2/install/launch_param_builder:/home/inouemakoto/install/moveit_service:/home/inouemakoto/install/interbotix_xs_modules:/home/inouemakoto/install/interbotix_moveit_interface_msgs:/home/inouemakoto/install/interbotix_common_modules:/opt/ros/humble /usr/bin/cmake --install /home/inouemakoto/interbotix_ws/build/image_geometry
