[0.247s] Invoking command in '/home/inouemakoto/interbotix_ws/src/build/moveit_visual_tools': CMAKE_PREFIX_PATH=${CMAKE_PREFIX_PATH}:/home/inouemakoto/interbotix_ws/install/interbotix_xs_modules:/home/inouemakoto/interbotix_ws/install/interbotix_common_modules:/opt/ros/humble /usr/bin/cmake /home/inouemakoto/interbotix_ws/src/moveit_visual_tools -DCMAKE_INSTALL_PREFIX=/home/inouemakoto/interbotix_ws/src/install/moveit_visual_tools
[0.290s] -- The C compiler identification is GNU 11.3.0
[0.342s] -- The CXX compiler identification is GNU 11.3.0
[0.348s] -- Detecting C compiler ABI info
[0.407s] -- Detecting C compiler ABI info - done
[0.414s] -- Check for working C compiler: /usr/bin/cc - skipped
[0.414s] -- Detecting C compile features
[0.415s] -- Detecting C compile features - done
[0.417s] -- Detecting CXX compiler ABI info
[0.483s] -- Detecting CXX compiler ABI info - done
[0.490s] -- Check for working CXX compiler: /usr/bin/c++ - skipped
[0.490s] -- Detecting CXX compile features
[0.490s] -- Detecting CXX compile features - done
[0.495s] -- Found moveit_common: 2.5.4 (/opt/ros/humble/share/moveit_common/cmake)
[0.498s] -- Found ament_cmake: 1.3.4 (/opt/ros/humble/share/ament_cmake/cmake)
[0.658s] -- Found Python3: /usr/bin/python3.10 (found version "3.10.6") found components: Interpreter 
[0.856s] -- Found libdw: /usr/lib/x86_64-linux-gnu/libdw.so  
[0.867s] -- Could NOT find libbfd (missing: LIBBFD_LIBRARY LIBBFD_INCLUDE_DIR) 
[0.867s] -- BACKWARD_HAS_UNWIND=1
[0.867s] -- BACKWARD_HAS_BACKTRACE=0
[0.867s] -- BACKWARD_HAS_BACKTRACE_SYMBOL=0
[0.867s] -- BACKWARD_HAS_DW=1
[0.868s] -- BACKWARD_HAS_BFD=0
[0.868s] -- Found Backward: /opt/ros/humble/share/backward_ros/cmake  
[0.869s] [0mmoveit_visual_tools: You did not request a specific build type: Choosing 'Release' for maximum performance[0m
[0.889s] -- Found Boost: /usr/lib/x86_64-linux-gnu/cmake/Boost-1.74.0/BoostConfig.cmake (found version "1.74.0") found components: system 
[0.908s] -- Found geometry_msgs: 4.2.3 (/opt/ros/humble/share/geometry_msgs/cmake)
[0.949s] -- Found rosidl_generator_c: 3.1.4 (/opt/ros/humble/share/rosidl_generator_c/cmake)
[0.955s] -- Found rosidl_adapter: 3.1.4 (/opt/ros/humble/share/rosidl_adapter/cmake)
[0.964s] -- Found rosidl_generator_cpp: 3.1.4 (/opt/ros/humble/share/rosidl_generator_cpp/cmake)
[0.979s] -- Using all available rosidl_typesupport_c: rosidl_typesupport_fastrtps_c;rosidl_typesupport_introspection_c
[1.002s] -- Using all available rosidl_typesupport_cpp: rosidl_typesupport_fastrtps_cpp;rosidl_typesupport_introspection_cpp
[1.110s] -- Found graph_msgs: 0.2.0 (/home/inouemakoto/interbotix_ws/install/graph_msgs/share/graph_msgs/cmake)
[1.184s] -- Found moveit_core: 2.5.4 (/opt/ros/humble/share/moveit_core/cmake)
[1.410s] -- Found Boost: /usr/lib/x86_64-linux-gnu/cmake/Boost-1.74.0/BoostConfig.cmake (found version "1.74.0") found components: chrono date_time filesystem iostreams program_options regex serialization system thread 
[1.429s] -- Found Boost: /usr/lib/x86_64-linux-gnu/cmake/Boost-1.74.0/BoostConfig.cmake (found version "1.74.0") found components: filesystem 
[1.520s] -- Found rmw_implementation_cmake: 6.1.1 (/opt/ros/humble/share/rmw_implementation_cmake/cmake)
[1.524s] -- Found rmw_fastrtps_cpp: 6.2.2 (/opt/ros/humble/share/rmw_fastrtps_cpp/cmake)
[1.607s] -- Found OpenSSL: /usr/lib/x86_64-linux-gnu/libcrypto.so (found version "3.0.2")  
[1.627s] -- Found FastRTPS: /opt/ros/humble/include  
[1.670s] -- Using RMW implementation 'rmw_fastrtps_cpp' as default
[1.682s] -- Found Threads: TRUE  
[1.859s] -- library: /usr/lib/x86_64-linux-gnu/libcurl.so
[2.161s] -- Found Eigen3: TRUE (found version "3.4.0") 
[2.161s] -- Ensuring Eigen3 include directory is part of orocos-kdl CMake target
[3.381s] -- Found moveit_ros_planning: 2.5.4 (/opt/ros/humble/share/moveit_ros_planning/cmake)
[3.385s] -- Found Boost: /usr/lib/x86_64-linux-gnu/cmake/Boost-1.74.0/BoostConfig.cmake (found version "1.74.0") found components: system filesystem date_time program_options thread chrono 
[3.783s] -- Found rviz_visual_tools: 4.1.4 (/home/inouemakoto/interbotix_ws/install/rviz_visual_tools/share/rviz_visual_tools/cmake)
[3.927s] -- Setting OGRE_DIR to: '/opt/ros/humble/share/rviz_ogre_vendor/cmake/../../../opt/rviz_ogre_vendor/lib/OGRE/cmake'
[3.929s] -- Found OGRE
[3.929s] --   static     : OFF
[3.929s] --   components : HLMS;MeshLodGenerator;Overlay;Paging;Property;RTShaderSystem;Terrain;Volume
[3.929s] --   plugins    : Plugin_BSPSceneManager;Plugin_OctreeSceneManager;Plugin_PCZSceneManager;Plugin_ParticleFX;RenderSystem_GL;RenderSystem_GL3Plus;Codec_STBI
[3.929s] --   media      : /opt/ros/humble/opt/rviz_ogre_vendor/share/OGRE/Media
[3.929s] -- OGRE_LIBRARIES: OgreHLMS;OgreMeshLodGenerator;OgreOverlay;OgrePaging;OgreProperty;OgreRTShaderSystem;OgreTerrain;OgreVolume;OgreMain
[3.929s] -- OGRE_LIBRARY_DIRS: /opt/ros/humble/opt/rviz_ogre_vendor/lib
[3.929s] -- OGRE_PLUGINS: Plugin_BSPSceneManager;Plugin_OctreeSceneManager;Plugin_PCZSceneManager;Plugin_ParticleFX;RenderSystem_GL;RenderSystem_GL3Plus;Codec_STBI
[3.929s] -- OGRE_PLUGIN_DIR: /opt/ros/humble/opt/rviz_ogre_vendor/lib/OGRE
[3.930s] -- rviz_ogre_vendor::OgreOverlay for IMPORTED_LOCATION_RELEASE: /opt/ros/humble/opt/rviz_ogre_vendor/lib/libOgreOverlay.so
[3.930s] -- rviz_ogre_vendor::OgreOverlay for IMPORTED_LOCATION_DEBUG: /opt/ros/humble/opt/rviz_ogre_vendor/lib/libOgreOverlay.so
[3.930s] -- rviz_ogre_vendor::OgreMain for IMPORTED_LOCATION_RELEASE: /opt/ros/humble/opt/rviz_ogre_vendor/lib/libOgreMain.so
[3.930s] -- rviz_ogre_vendor::OgreMain for IMPORTED_LOCATION_DEBUG: /opt/ros/humble/opt/rviz_ogre_vendor/lib/libOgreMain.so
[3.952s] -- Found ZLIB: /usr/lib/x86_64-linux-gnu/libz.so (found version "1.2.11") 
[3.958s] -- Found OpenGL: /usr/lib/x86_64-linux-gnu/libOpenGL.so   
[4.066s] -- Found X11: /usr/include   
[4.066s] -- Looking for XOpenDisplay in /usr/lib/x86_64-linux-gnu/libX11.so;/usr/lib/x86_64-linux-gnu/libXext.so
[4.152s] -- Looking for XOpenDisplay in /usr/lib/x86_64-linux-gnu/libX11.so;/usr/lib/x86_64-linux-gnu/libXext.so - found
[4.152s] -- Looking for gethostbyname
[4.232s] -- Looking for gethostbyname - found
[4.232s] -- Looking for connect
[4.343s] -- Looking for connect - found
[4.343s] -- Looking for remove
[4.513s] -- Looking for remove - found
[4.513s] -- Looking for shmat
[4.601s] -- Looking for shmat - found
[4.602s] -- Looking for IceConnectionNumber in ICE
[4.699s] -- Looking for IceConnectionNumber in ICE - found
[4.703s] -- rviz_ogre_vendor::RenderSystem_GL for IMPORTED_LOCATION_RELEASE: _render_system_gl_static_library_abs-NOTFOUND
[4.703s] -- rviz_ogre_vendor::RenderSystem_GL for IMPORTED_LOCATION_DEBUG: _render_system_gl_static_library_abs-NOTFOUND
[5.423s] -- Found ament_lint_auto: 0.12.6 (/opt/ros/humble/share/ament_lint_auto/cmake)
[5.447s] -- Added test 'copyright' to check source files copyright and LICENSE
[5.449s] -- Added test 'flake8' to check Python code syntax and style conventions
[5.451s] -- Added test 'lint_cmake' to check CMake code style
[5.452s] -- Added test 'pep257' to check Python code against some of the docstring style conventions in PEP 257
[5.453s] -- Added test 'xmllint' to check XML markup files
[5.455s] -- Configuring done
[5.501s] -- Generating done
[5.504s] -- Build files have been written to: /home/inouemakoto/interbotix_ws/src/build/moveit_visual_tools
