[6.534s] Invoking command in '/home/inouemakoto/interbotix_ws/src/makoto': PYTHONPATH=/home/inouemakoto/interbotix_ws/build/makoto/prefix_override:/home/inouemakoto/interbotix_ws/install/makoto/lib/python3.10/site-packages:${PYTHONPATH} /usr/bin/python3 setup.py egg_info --egg-base ../../build/makoto build --build-base /home/inouemakoto/interbotix_ws/build/makoto/build install --record /home/inouemakoto/interbotix_ws/build/makoto/install.log --single-version-externally-managed
[7.299s] running egg_info
[7.299s] writing ../../build/makoto/makoto.egg-info/PKG-INFO
[7.299s] writing dependency_links to ../../build/makoto/makoto.egg-info/dependency_links.txt
[7.299s] writing entry points to ../../build/makoto/makoto.egg-info/entry_points.txt
[7.299s] writing requirements to ../../build/makoto/makoto.egg-info/requires.txt
[7.299s] writing top-level names to ../../build/makoto/makoto.egg-info/top_level.txt
[7.299s] reading manifest file '../../build/makoto/makoto.egg-info/SOURCES.txt'
[7.300s] writing manifest file '../../build/makoto/makoto.egg-info/SOURCES.txt'
[7.300s] running build
[7.300s] running build_py
[7.300s] running install
[7.300s] running install_lib
[7.300s] running install_data
[7.300s] running install_egg_info
[7.300s] removing '/home/inouemakoto/interbotix_ws/install/makoto/lib/python3.10/site-packages/makoto-0.0.0-py3.10.egg-info' (and everything under it)
[7.300s] Copying ../../build/makoto/makoto.egg-info to /home/inouemakoto/interbotix_ws/install/makoto/lib/python3.10/site-packages/makoto-0.0.0-py3.10.egg-info
[7.301s] running install_scripts
[7.306s] /home/inouemakoto/.local/lib/python3.10/site-packages/setuptools/_distutils/cmd.py:66: SetuptoolsDeprecationWarning: setup.py install is deprecated.
[7.307s] !!
[7.307s] 
[7.307s]         ********************************************************************************
[7.307s]         Please avoid running ``setup.py`` directly.
[7.307s]         Instead, use pypa/build, pypa/installer or other
[7.307s]         standards-based tools.
[7.307s] 
[7.308s]         See https://blog.ganssle.io/articles/2021/10/setup-py-deprecated.html for details.
[7.308s]         ********************************************************************************
[7.308s] 
[7.308s] !!
[7.308s]   self.initialize_options()
[7.457s] Installing pick__place script to /home/inouemakoto/interbotix_ws/install/makoto/lib/makoto
[7.458s] writing list of installed files to '/home/inouemakoto/interbotix_ws/build/makoto/install.log'
[9.168s] Invoked command in '/home/inouemakoto/interbotix_ws/src/makoto' returned '0': PYTHONPATH=/home/inouemakoto/interbotix_ws/build/makoto/prefix_override:/home/inouemakoto/interbotix_ws/install/makoto/lib/python3.10/site-packages:${PYTHONPATH} /usr/bin/python3 setup.py egg_info --egg-base ../../build/makoto build --build-base /home/inouemakoto/interbotix_ws/build/makoto/build install --record /home/inouemakoto/interbotix_ws/build/makoto/install.log --single-version-externally-managed
