[1.423s] Invoking command in '/home/inouemakoto/interbotix_ws/build/moveit_service': PYTHONPATH=/home/inouemakoto/interbotix_ws/build/moveit_service/prefix_override:/home/inouemakoto/interbotix_ws/install/moveit_service/lib/python3.10/site-packages:${PYTHONPATH} /usr/bin/python3 setup.py develop --uninstall --editable --build-directory /home/inouemakoto/interbotix_ws/build/moveit_service/build
[1.722s] running develop
[1.957s] Invoked command in '/home/inouemakoto/interbotix_ws/build/moveit_service' returned '0': PYTHONPATH=/home/inouemakoto/interbotix_ws/build/moveit_service/prefix_override:/home/inouemakoto/interbotix_ws/install/moveit_service/lib/python3.10/site-packages:${PYTHONPATH} /usr/bin/python3 setup.py develop --uninstall --editable --build-directory /home/inouemakoto/interbotix_ws/build/moveit_service/build
[1.958s] Invoking command in '/home/inouemakoto/interbotix_ws/src/moveit_service': PYTHONPATH=/home/inouemakoto/interbotix_ws/build/moveit_service/prefix_override:/home/inouemakoto/interbotix_ws/install/moveit_service/lib/python3.10/site-packages:${PYTHONPATH} /usr/bin/python3 setup.py egg_info --egg-base ../../build/moveit_service build --build-base /home/inouemakoto/interbotix_ws/build/moveit_service/build install --record /home/inouemakoto/interbotix_ws/build/moveit_service/install.log --single-version-externally-managed
[2.236s] running egg_info
[2.237s] writing ../../build/moveit_service/moveit_service.egg-info/PKG-INFO
[2.237s] writing dependency_links to ../../build/moveit_service/moveit_service.egg-info/dependency_links.txt
[2.237s] writing entry points to ../../build/moveit_service/moveit_service.egg-info/entry_points.txt
[2.237s] writing requirements to ../../build/moveit_service/moveit_service.egg-info/requires.txt
[2.237s] writing top-level names to ../../build/moveit_service/moveit_service.egg-info/top_level.txt
[2.239s] reading manifest file '../../build/moveit_service/moveit_service.egg-info/SOURCES.txt'
[2.240s] writing manifest file '../../build/moveit_service/moveit_service.egg-info/SOURCES.txt'
[2.240s] running build
[2.240s] running build_py
[2.240s] copying moveit_service/moveit_order.py -> /home/inouemakoto/interbotix_ws/build/moveit_service/build/lib/moveit_service
[2.240s] running install
[2.240s] running install_lib
[2.241s] copying /home/inouemakoto/interbotix_ws/build/moveit_service/build/lib/moveit_service/moveit_order.py -> /home/inouemakoto/interbotix_ws/install/moveit_service/lib/python3.10/site-packages/moveit_service
[2.242s] byte-compiling /home/inouemakoto/interbotix_ws/install/moveit_service/lib/python3.10/site-packages/moveit_service/moveit_order.py to moveit_order.cpython-310.pyc
[2.242s] running install_data
[2.243s] running install_egg_info
[2.244s] removing '/home/inouemakoto/interbotix_ws/install/moveit_service/lib/python3.10/site-packages/moveit_service-0.0.0-py3.10.egg-info' (and everything under it)
[2.244s] Copying ../../build/moveit_service/moveit_service.egg-info to /home/inouemakoto/interbotix_ws/install/moveit_service/lib/python3.10/site-packages/moveit_service-0.0.0-py3.10.egg-info
[2.245s] running install_scripts
[2.264s] Installing moveit_order script to /home/inouemakoto/interbotix_ws/install/moveit_service/lib/moveit_service
[2.265s] writing list of installed files to '/home/inouemakoto/interbotix_ws/build/moveit_service/install.log'
[2.292s] Invoked command in '/home/inouemakoto/interbotix_ws/src/moveit_service' returned '0': PYTHONPATH=/home/inouemakoto/interbotix_ws/build/moveit_service/prefix_override:/home/inouemakoto/interbotix_ws/install/moveit_service/lib/python3.10/site-packages:${PYTHONPATH} /usr/bin/python3 setup.py egg_info --egg-base ../../build/moveit_service build --build-base /home/inouemakoto/interbotix_ws/build/moveit_service/build install --record /home/inouemakoto/interbotix_ws/build/moveit_service/install.log --single-version-externally-managed
