[  2%] [34m[1mAutomatic MOC for target rviz_visual_tools_gui[0m
[  5%] [34m[1mAutomatic MOC for target rviz_visual_tools_remote_control[0m
[  7%] [34m[1mAutomatic MOC for target gtest_main[0m
[ 10%] [34m[1mAutomatic MOC for target gtest[0m
[ 10%] Built target rviz_visual_tools_remote_control_autogen
[ 10%] Built target rviz_visual_tools_gui_autogen
[ 10%] Built target gtest_main_autogen
[ 10%] Built target gtest_autogen
[35m[1mConsolidate compiler generated dependencies of target rviz_visual_tools_gui[0m
[35m[1mConsolidate compiler generated dependencies of target rviz_visual_tools_remote_control[0m
[35m[1mConsolidate compiler generated dependencies of target gtest_main[0m
[35m[1mConsolidate compiler generated dependencies of target gtest[0m
[ 17%] Built target gtest_main
[ 25%] Built target gtest
[ 33%] Built target rviz_visual_tools_remote_control
[ 46%] Built target rviz_visual_tools_gui
[ 48%] [34m[1mAutomatic MOC for target rviz_visual_tools[0m
[ 48%] Built target rviz_visual_tools_autogen
[35m[1mConsolidate compiler generated dependencies of target rviz_visual_tools[0m
[ 58%] Built target rviz_visual_tools
[ 66%] [34m[1mAutomatic MOC for target rviz_visual_tools_imarker_simple[0m
[ 66%] [34m[1mAutomatic MOC for target rviz_visual_tools_demo[0m
[ 66%] [34m[1mAutomatic MOC for target rviz_visual_tools_rvt_test[0m
[ 66%] Built target rviz_visual_tools_imarker_simple_autogen
[ 66%] Built target rviz_visual_tools_rvt_test_autogen
[ 66%] Built target rviz_visual_tools_demo_autogen
[35m[1mConsolidate compiler generated dependencies of target rviz_visual_tools_imarker_simple[0m
[35m[1mConsolidate compiler generated dependencies of target rviz_visual_tools_rvt_test[0m
[35m[1mConsolidate compiler generated dependencies of target rviz_visual_tools_demo[0m
[ 84%] Built target rviz_visual_tools_imarker_simple
[ 84%] Built target rviz_visual_tools_rvt_test
[ 84%] [32m[1mLinking CXX executable rviz_visual_tools_demo[0m
[ 87%] [34m[1mAutomatic MOC for target rviz_visual_tools_imarker_simple_demo[0m
[ 87%] Built target rviz_visual_tools_imarker_simple_demo_autogen
[35m[1mConsolidate compiler generated dependencies of target rviz_visual_tools_imarker_simple_demo[0m
[ 89%] [32m[1mLinking CXX executable rviz_visual_tools_imarker_simple_demo[0m
[ 94%] Built target rviz_visual_tools_demo
[100%] Built target rviz_visual_tools_imarker_simple_demo
-- Install configuration: ""
-- Execute custom install script
-- Symlinking: /home/inouemakoto/interbotix_ws/install/rviz_visual_tools/share/rviz_visual_tools//plugin_description.xml
-- Symlinking: /home/inouemakoto/interbotix_ws/install/rviz_visual_tools/lib/rviz_visual_tools/rviz_visual_tools_demo
-- Symlinking: /home/inouemakoto/interbotix_ws/install/rviz_visual_tools/lib/rviz_visual_tools/rviz_visual_tools_imarker_simple_demo
-- Symlinking: /home/inouemakoto/interbotix_ws/install/rviz_visual_tools/include/rviz_visual_tools/imarker_simple.hpp
-- Symlinking: /home/inouemakoto/interbotix_ws/install/rviz_visual_tools/include/rviz_visual_tools/key_tool.hpp
-- Symlinking: /home/inouemakoto/interbotix_ws/install/rviz_visual_tools/include/rviz_visual_tools/remote_control.hpp
-- Symlinking: /home/inouemakoto/interbotix_ws/install/rviz_visual_tools/include/rviz_visual_tools/remote_reciever.hpp
-- Symlinking: /home/inouemakoto/interbotix_ws/install/rviz_visual_tools/include/rviz_visual_tools/rviz_visual_tools.hpp
-- Symlinking: /home/inouemakoto/interbotix_ws/install/rviz_visual_tools/include/rviz_visual_tools/rviz_visual_tools_gui.hpp
-- Symlinking: /home/inouemakoto/interbotix_ws/install/rviz_visual_tools/include/rviz_visual_tools/tf_visual_tools.hpp
-- Symlinking: /home/inouemakoto/interbotix_ws/install/rviz_visual_tools/share/rviz_visual_tools/launch/demo.rviz
-- Symlinking: /home/inouemakoto/interbotix_ws/install/rviz_visual_tools/share/rviz_visual_tools/launch/demo_combined.launch.py
-- Symlinking: /home/inouemakoto/interbotix_ws/install/rviz_visual_tools/share/rviz_visual_tools/launch/demo_rviz.launch.py
-- Symlinking: /home/inouemakoto/interbotix_ws/install/rviz_visual_tools/share/rviz_visual_tools/launch/rvt_test.launch
-- Symlinking: /home/inouemakoto/interbotix_ws/install/rviz_visual_tools/share/rviz_visual_tools/environment/library_path.sh
-- Symlinking: /home/inouemakoto/interbotix_ws/install/rviz_visual_tools/share/rviz_visual_tools/environment/library_path.dsv
-- Symlinking: /home/inouemakoto/interbotix_ws/install/rviz_visual_tools/share/ament_index/resource_index/package_run_dependencies/rviz_visual_tools
-- Symlinking: /home/inouemakoto/interbotix_ws/install/rviz_visual_tools/share/ament_index/resource_index/parent_prefix_path/rviz_visual_tools
-- Symlinking: /home/inouemakoto/interbotix_ws/install/rviz_visual_tools/share/rviz_visual_tools/environment/ament_prefix_path.sh
-- Symlinking: /home/inouemakoto/interbotix_ws/install/rviz_visual_tools/share/rviz_visual_tools/environment/ament_prefix_path.dsv
-- Symlinking: /home/inouemakoto/interbotix_ws/install/rviz_visual_tools/share/rviz_visual_tools/environment/path.sh
-- Symlinking: /home/inouemakoto/interbotix_ws/install/rviz_visual_tools/share/rviz_visual_tools/environment/path.dsv
-- Symlinking: /home/inouemakoto/interbotix_ws/install/rviz_visual_tools/share/rviz_visual_tools/local_setup.bash
-- Symlinking: /home/inouemakoto/interbotix_ws/install/rviz_visual_tools/share/rviz_visual_tools/local_setup.sh
-- Symlinking: /home/inouemakoto/interbotix_ws/install/rviz_visual_tools/share/rviz_visual_tools/local_setup.zsh
-- Symlinking: /home/inouemakoto/interbotix_ws/install/rviz_visual_tools/share/rviz_visual_tools/local_setup.dsv
-- Symlinking: /home/inouemakoto/interbotix_ws/install/rviz_visual_tools/share/rviz_visual_tools/package.dsv
-- Symlinking: /home/inouemakoto/interbotix_ws/install/rviz_visual_tools/share/ament_index/resource_index/packages/rviz_visual_tools
-- Symlinking: /home/inouemakoto/interbotix_ws/install/rviz_visual_tools/share/ament_index/resource_index/rviz_common__pluginlib__plugin/rviz_visual_tools
-- Symlinking: /home/inouemakoto/interbotix_ws/install/rviz_visual_tools/share/rviz_visual_tools/cmake/ament_cmake_export_targets-extras.cmake
-- Symlinking: /home/inouemakoto/interbotix_ws/install/rviz_visual_tools/share/rviz_visual_tools/cmake/ament_cmake_export_dependencies-extras.cmake
-- Symlinking: /home/inouemakoto/interbotix_ws/install/rviz_visual_tools/share/rviz_visual_tools/cmake/ament_cmake_export_include_directories-extras.cmake
-- Symlinking: /home/inouemakoto/interbotix_ws/install/rviz_visual_tools/share/rviz_visual_tools/cmake/ament_cmake_export_libraries-extras.cmake
-- Symlinking: /home/inouemakoto/interbotix_ws/install/rviz_visual_tools/share/rviz_visual_tools/cmake/rviz_visual_toolsConfig.cmake
-- Symlinking: /home/inouemakoto/interbotix_ws/install/rviz_visual_tools/share/rviz_visual_tools/cmake/rviz_visual_toolsConfig-version.cmake
-- Symlinking: /home/inouemakoto/interbotix_ws/install/rviz_visual_tools/share/rviz_visual_tools/package.xml
-- Up-to-date: /home/inouemakoto/interbotix_ws/install/rviz_visual_tools/lib/librviz_visual_tools.so
-- Up-to-date: /home/inouemakoto/interbotix_ws/install/rviz_visual_tools/lib/librviz_visual_tools_remote_control.so
-- Up-to-date: /home/inouemakoto/interbotix_ws/install/rviz_visual_tools/lib/librviz_visual_tools_gui.so
-- Up-to-date: /home/inouemakoto/interbotix_ws/install/rviz_visual_tools/lib/librviz_visual_tools_imarker_simple.so
-- Up-to-date: /home/inouemakoto/interbotix_ws/install/rviz_visual_tools/share/rviz_visual_tools/cmake/export_rviz_visual_toolsExport.cmake
-- Up-to-date: /home/inouemakoto/interbotix_ws/install/rviz_visual_tools/share/rviz_visual_tools/cmake/export_rviz_visual_toolsExport-noconfig.cmake
