-- The C compiler identification is GNU 11.4.0
-- The CXX compiler identification is GNU 11.4.0
-- Detecting C compiler ABI info
-- Detecting C compiler ABI info - done
-- Check for working C compiler: /usr/bin/cc - skipped
-- Detecting C compile features
-- Detecting C compile features - done
-- Detecting CXX compiler ABI info
-- Detecting CXX compiler ABI info - done
-- Check for working CXX compiler: /usr/bin/c++ - skipped
-- Detecting CXX compile features
-- Detecting CXX compile features - done
-- Found ament_cmake: 1.3.5 (/opt/ros/humble/share/ament_cmake/cmake)
-- Found Python3: /usr/bin/python3.10 (found version "3.10.12") found components: Interpreter 
-- Found rosidl_default_generators: 1.2.0 (/opt/ros/humble/share/rosidl_default_generators/cmake)
-- Using all available rosidl_typesupport_c: rosidl_typesupport_fastrtps_c;rosidl_typesupport_introspection_c
-- Found rosidl_adapter: 3.1.5 (/opt/ros/humble/share/rosidl_adapter/cmake)
-- Using all available rosidl_typesupport_cpp: rosidl_typesupport_fastrtps_cpp;rosidl_typesupport_introspection_cpp
-- Found builtin_interfaces: 1.2.1 (/opt/ros/humble/share/builtin_interfaces/cmake)
-- Found std_msgs: 4.2.3 (/opt/ros/humble/share/std_msgs/cmake)
-- Found sensor_msgs: 4.2.3 (/opt/ros/humble/share/sensor_msgs/cmake)
-- Found object_msgs: 0.4.0 (/home/inouemakoto/interbotix_ws/install/object_msgs/share/object_msgs/cmake)
-- Found ament_cmake_ros: 0.10.0 (/opt/ros/humble/share/ament_cmake_ros/cmake)
-- Using all available rosidl_typesupport_c: rosidl_typesupport_fastrtps_c;rosidl_typesupport_introspection_c
-- Using all available rosidl_typesupport_cpp: rosidl_typesupport_fastrtps_cpp;rosidl_typesupport_introspection_cpp
-- Found PythonInterp: /usr/bin/python3 (found suitable version "3.10.12", minimum required is "3.6") 
-- Found python_cmake_module: 0.10.0 (/opt/ros/humble/share/python_cmake_module/cmake)
-- Found PythonLibs: /usr/lib/x86_64-linux-gnu/libpython3.10.so (found suitable version "3.10.12", minimum required is "3.5") 
-- Using PYTHON_EXECUTABLE: /usr/bin/python3
-- Using PYTHON_INCLUDE_DIRS: /usr/include/python3.10
-- Using PYTHON_LIBRARIES: /usr/lib/x86_64-linux-gnu/libpython3.10.so
-- Found PythonExtra: .so  
-- Configuring done
-- Generating done
-- Build files have been written to: /home/inouemakoto/interbotix_ws/build/openvino_msgs
[  1%] [34m[1mGenerating C code for ROS interfaces[0m
[  3%] [34m[1mGenerating C++ code for ROS interfaces[0m
[  3%] Built target ament_cmake_python_copy_openvino_msgs
running egg_info
creating openvino_msgs.egg-info
writing openvino_msgs.egg-info/PKG-INFO
writing dependency_links to openvino_msgs.egg-info/dependency_links.txt
writing top-level names to openvino_msgs.egg-info/top_level.txt
writing manifest file 'openvino_msgs.egg-info/SOURCES.txt'
reading manifest file 'openvino_msgs.egg-info/SOURCES.txt'
writing manifest file 'openvino_msgs.egg-info/SOURCES.txt'
[  3%] Built target ament_cmake_python_build_openvino_msgs_egg
[  3%] Built target openvino_msgs__cpp
[  5%] [34m[1mGenerating C++ type support dispatch for ROS interfaces[0m
[  7%] [34m[1mGenerating C++ introspection for ROS interfaces[0m
[  9%] [34m[1mGenerating C++ type support for eProsima Fast-RTPS[0m
[ 10%] [32mBuilding C object CMakeFiles/openvino_msgs__rosidl_generator_c.dir/rosidl_generator_c/openvino_msgs/msg/detail/connection__functions.c.o[0m
[ 12%] [32mBuilding C object CMakeFiles/openvino_msgs__rosidl_generator_c.dir/rosidl_generator_c/openvino_msgs/msg/detail/pipeline_request__functions.c.o[0m
[ 14%] [32mBuilding C object CMakeFiles/openvino_msgs__rosidl_generator_c.dir/rosidl_generator_c/openvino_msgs/msg/detail/pipeline__functions.c.o[0m
[ 16%] [32mBuilding C object CMakeFiles/openvino_msgs__rosidl_generator_c.dir/rosidl_generator_c/openvino_msgs/srv/detail/pipeline_srv__functions.c.o[0m
[ 18%] [32m[1mLinking C shared library libopenvino_msgs__rosidl_generator_c.so[0m
[ 18%] Built target openvino_msgs__rosidl_generator_c
[ 20%] [34m[1mGenerating C introspection for ROS interfaces[0m
[ 21%] [34m[1mGenerating C type support for eProsima Fast-RTPS[0m
[ 23%] [34m[1mGenerating C type support dispatch for ROS interfaces[0m
[ 25%] [32mBuilding CXX object CMakeFiles/openvino_msgs__rosidl_typesupport_cpp.dir/rosidl_typesupport_cpp/openvino_msgs/msg/connection__type_support.cpp.o[0m
[ 27%] [32mBuilding CXX object CMakeFiles/openvino_msgs__rosidl_typesupport_cpp.dir/rosidl_typesupport_cpp/openvino_msgs/srv/pipeline_srv__type_support.cpp.o[0m
[ 29%] [32mBuilding CXX object CMakeFiles/openvino_msgs__rosidl_typesupport_cpp.dir/rosidl_typesupport_cpp/openvino_msgs/msg/pipeline_request__type_support.cpp.o[0m
[ 30%] [32mBuilding CXX object CMakeFiles/openvino_msgs__rosidl_typesupport_cpp.dir/rosidl_typesupport_cpp/openvino_msgs/msg/pipeline__type_support.cpp.o[0m
[ 32%] [32mBuilding CXX object CMakeFiles/openvino_msgs__rosidl_typesupport_fastrtps_cpp.dir/rosidl_typesupport_fastrtps_cpp/openvino_msgs/msg/detail/dds_fastrtps/connection__type_support.cpp.o[0m
[ 34%] [32mBuilding CXX object CMakeFiles/openvino_msgs__rosidl_typesupport_fastrtps_cpp.dir/rosidl_typesupport_fastrtps_cpp/openvino_msgs/msg/detail/dds_fastrtps/pipeline_request__type_support.cpp.o[0m
[ 36%] [32mBuilding CXX object CMakeFiles/openvino_msgs__rosidl_typesupport_fastrtps_cpp.dir/rosidl_typesupport_fastrtps_cpp/openvino_msgs/msg/detail/dds_fastrtps/pipeline__type_support.cpp.o[0m
[ 38%] [32mBuilding CXX object CMakeFiles/openvino_msgs__rosidl_typesupport_introspection_cpp.dir/rosidl_typesupport_introspection_cpp/openvino_msgs/msg/detail/connection__type_support.cpp.o[0m
[ 40%] [32mBuilding CXX object CMakeFiles/openvino_msgs__rosidl_typesupport_fastrtps_cpp.dir/rosidl_typesupport_fastrtps_cpp/openvino_msgs/srv/detail/dds_fastrtps/pipeline_srv__type_support.cpp.o[0m
[ 41%] [32mBuilding CXX object CMakeFiles/openvino_msgs__rosidl_typesupport_introspection_cpp.dir/rosidl_typesupport_introspection_cpp/openvino_msgs/msg/detail/pipeline_request__type_support.cpp.o[0m
[ 43%] [32mBuilding CXX object CMakeFiles/openvino_msgs__rosidl_typesupport_introspection_cpp.dir/rosidl_typesupport_introspection_cpp/openvino_msgs/msg/detail/pipeline__type_support.cpp.o[0m
[ 45%] [32mBuilding CXX object CMakeFiles/openvino_msgs__rosidl_typesupport_introspection_cpp.dir/rosidl_typesupport_introspection_cpp/openvino_msgs/srv/detail/pipeline_srv__type_support.cpp.o[0m
[ 47%] [32mBuilding CXX object CMakeFiles/openvino_msgs__rosidl_typesupport_c.dir/rosidl_typesupport_c/openvino_msgs/msg/connection__type_support.cpp.o[0m
[ 49%] [32m[1mLinking CXX shared library libopenvino_msgs__rosidl_typesupport_cpp.so[0m
[ 50%] [32mBuilding CXX object CMakeFiles/openvino_msgs__rosidl_typesupport_c.dir/rosidl_typesupport_c/openvino_msgs/msg/pipeline_request__type_support.cpp.o[0m
[ 52%] [32mBuilding CXX object CMakeFiles/openvino_msgs__rosidl_typesupport_c.dir/rosidl_typesupport_c/openvino_msgs/msg/pipeline__type_support.cpp.o[0m
[ 54%] [32mBuilding CXX object CMakeFiles/openvino_msgs__rosidl_typesupport_c.dir/rosidl_typesupport_c/openvino_msgs/srv/pipeline_srv__type_support.cpp.o[0m
[ 58%] [32mBuilding C object CMakeFiles/openvino_msgs__rosidl_typesupport_introspection_c.dir/rosidl_typesupport_introspection_c/openvino_msgs/msg/detail/pipeline_request__type_support.c.o[0m
[ 56%] [32mBuilding C object CMakeFiles/openvino_msgs__rosidl_typesupport_introspection_c.dir/rosidl_typesupport_introspection_c/openvino_msgs/msg/detail/connection__type_support.c.o[0m
[ 60%] [32mBuilding C object CMakeFiles/openvino_msgs__rosidl_typesupport_introspection_c.dir/rosidl_typesupport_introspection_c/openvino_msgs/srv/detail/pipeline_srv__type_support.c.o[0m
[ 61%] [32mBuilding C object CMakeFiles/openvino_msgs__rosidl_typesupport_introspection_c.dir/rosidl_typesupport_introspection_c/openvino_msgs/msg/detail/pipeline__type_support.c.o[0m
[ 63%] [32mBuilding CXX object CMakeFiles/openvino_msgs__rosidl_typesupport_fastrtps_c.dir/rosidl_typesupport_fastrtps_c/openvino_msgs/msg/detail/connection__type_support_c.cpp.o[0m
[ 63%] Built target openvino_msgs__rosidl_typesupport_cpp
[ 67%] [32m[1mLinking CXX shared library libopenvino_msgs__rosidl_typesupport_c.so[0m
[ 67%] [32mBuilding CXX object CMakeFiles/openvino_msgs__rosidl_typesupport_fastrtps_c.dir/rosidl_typesupport_fastrtps_c/openvino_msgs/msg/detail/pipeline_request__type_support_c.cpp.o[0m
[ 69%] [32mBuilding CXX object CMakeFiles/openvino_msgs__rosidl_typesupport_fastrtps_c.dir/rosidl_typesupport_fastrtps_c/openvino_msgs/msg/detail/pipeline__type_support_c.cpp.o[0m
[ 70%] [32mBuilding CXX object CMakeFiles/openvino_msgs__rosidl_typesupport_fastrtps_c.dir/rosidl_typesupport_fastrtps_c/openvino_msgs/srv/detail/pipeline_srv__type_support_c.cpp.o[0m
[ 72%] [32m[1mLinking C shared library libopenvino_msgs__rosidl_typesupport_introspection_c.so[0m
[ 72%] Built target openvino_msgs__rosidl_typesupport_c
[ 72%] Built target openvino_msgs__rosidl_typesupport_introspection_c
[ 74%] [32m[1mLinking CXX shared library libopenvino_msgs__rosidl_typesupport_introspection_cpp.so[0m
[ 76%] [32m[1mLinking CXX shared library libopenvino_msgs__rosidl_typesupport_fastrtps_cpp.so[0m
[ 78%] [32m[1mLinking CXX shared library libopenvino_msgs__rosidl_typesupport_fastrtps_c.so[0m
[ 78%] Built target openvino_msgs__rosidl_typesupport_introspection_cpp
[ 78%] Built target openvino_msgs__rosidl_typesupport_fastrtps_cpp
[ 78%] Built target openvino_msgs__rosidl_typesupport_fastrtps_c
[ 78%] Built target openvino_msgs
[ 80%] [34m[1mGenerating Python code for ROS interfaces[0m
[ 80%] Built target openvino_msgs__py
[ 81%] [32mBuilding C object CMakeFiles/openvino_msgs__rosidl_generator_py.dir/rosidl_generator_py/openvino_msgs/msg/_connection_s.c.o[0m
[ 87%] [32mBuilding C object CMakeFiles/openvino_msgs__rosidl_generator_py.dir/rosidl_generator_py/openvino_msgs/srv/_pipeline_srv_s.c.o[0m
[ 87%] [32mBuilding C object CMakeFiles/openvino_msgs__rosidl_generator_py.dir/rosidl_generator_py/openvino_msgs/msg/_pipeline_request_s.c.o[0m
[ 87%] [32mBuilding C object CMakeFiles/openvino_msgs__rosidl_generator_py.dir/rosidl_generator_py/openvino_msgs/msg/_pipeline_s.c.o[0m
[ 89%] [32m[1mLinking C shared library rosidl_generator_py/openvino_msgs/libopenvino_msgs__rosidl_generator_py.so[0m
[ 89%] Built target openvino_msgs__rosidl_generator_py
[ 90%] [32mBuilding C object CMakeFiles/openvino_msgs__rosidl_typesupport_fastrtps_c__pyext.dir/rosidl_generator_py/openvino_msgs/_openvino_msgs_s.ep.rosidl_typesupport_fastrtps_c.c.o[0m
[ 94%] [32mBuilding C object CMakeFiles/openvino_msgs__rosidl_typesupport_introspection_c__pyext.dir/rosidl_generator_py/openvino_msgs/_openvino_msgs_s.ep.rosidl_typesupport_introspection_c.c.o[0m
[ 94%] [32mBuilding C object CMakeFiles/openvino_msgs__rosidl_typesupport_c__pyext.dir/rosidl_generator_py/openvino_msgs/_openvino_msgs_s.ep.rosidl_typesupport_c.c.o[0m
[ 96%] [32m[1mLinking C shared library rosidl_generator_py/openvino_msgs/openvino_msgs_s__rosidl_typesupport_fastrtps_c.cpython-310-x86_64-linux-gnu.so[0m
[ 96%] Built target openvino_msgs__rosidl_typesupport_fastrtps_c__pyext
[100%] [32m[1mLinking C shared library rosidl_generator_py/openvino_msgs/openvino_msgs_s__rosidl_typesupport_c.cpython-310-x86_64-linux-gnu.so[0m
[100%] [32m[1mLinking C shared library rosidl_generator_py/openvino_msgs/openvino_msgs_s__rosidl_typesupport_introspection_c.cpython-310-x86_64-linux-gnu.so[0m
[100%] Built target openvino_msgs__rosidl_typesupport_introspection_c__pyext
[100%] Built target openvino_msgs__rosidl_typesupport_c__pyext
-- Install configuration: ""
-- Installing: /home/inouemakoto/interbotix_ws/install/openvino_msgs/share/ament_index/resource_index/rosidl_interfaces/openvino_msgs
-- Installing: /home/inouemakoto/interbotix_ws/install/openvino_msgs/include/openvino_msgs/openvino_msgs
-- Installing: /home/inouemakoto/interbotix_ws/install/openvino_msgs/include/openvino_msgs/openvino_msgs/srv
-- Installing: /home/inouemakoto/interbotix_ws/install/openvino_msgs/include/openvino_msgs/openvino_msgs/srv/pipeline_srv.h
-- Installing: /home/inouemakoto/interbotix_ws/install/openvino_msgs/include/openvino_msgs/openvino_msgs/srv/detail
-- Installing: /home/inouemakoto/interbotix_ws/install/openvino_msgs/include/openvino_msgs/openvino_msgs/srv/detail/pipeline_srv__functions.c
-- Installing: /home/inouemakoto/interbotix_ws/install/openvino_msgs/include/openvino_msgs/openvino_msgs/srv/detail/pipeline_srv__type_support.h
-- Installing: /home/inouemakoto/interbotix_ws/install/openvino_msgs/include/openvino_msgs/openvino_msgs/srv/detail/pipeline_srv__functions.h
-- Installing: /home/inouemakoto/interbotix_ws/install/openvino_msgs/include/openvino_msgs/openvino_msgs/srv/detail/pipeline_srv__struct.h
-- Installing: /home/inouemakoto/interbotix_ws/install/openvino_msgs/include/openvino_msgs/openvino_msgs/msg
-- Installing: /home/inouemakoto/interbotix_ws/install/openvino_msgs/include/openvino_msgs/openvino_msgs/msg/pipeline_request.h
-- Installing: /home/inouemakoto/interbotix_ws/install/openvino_msgs/include/openvino_msgs/openvino_msgs/msg/rosidl_generator_c__visibility_control.h
-- Installing: /home/inouemakoto/interbotix_ws/install/openvino_msgs/include/openvino_msgs/openvino_msgs/msg/connection.h
-- Installing: /home/inouemakoto/interbotix_ws/install/openvino_msgs/include/openvino_msgs/openvino_msgs/msg/detail
-- Installing: /home/inouemakoto/interbotix_ws/install/openvino_msgs/include/openvino_msgs/openvino_msgs/msg/detail/pipeline__functions.c
-- Installing: /home/inouemakoto/interbotix_ws/install/openvino_msgs/include/openvino_msgs/openvino_msgs/msg/detail/connection__struct.h
-- Installing: /home/inouemakoto/interbotix_ws/install/openvino_msgs/include/openvino_msgs/openvino_msgs/msg/detail/pipeline_request__functions.h
-- Installing: /home/inouemakoto/interbotix_ws/install/openvino_msgs/include/openvino_msgs/openvino_msgs/msg/detail/connection__type_support.h
-- Installing: /home/inouemakoto/interbotix_ws/install/openvino_msgs/include/openvino_msgs/openvino_msgs/msg/detail/connection__functions.c
-- Installing: /home/inouemakoto/interbotix_ws/install/openvino_msgs/include/openvino_msgs/openvino_msgs/msg/detail/pipeline__struct.h
-- Installing: /home/inouemakoto/interbotix_ws/install/openvino_msgs/include/openvino_msgs/openvino_msgs/msg/detail/pipeline__type_support.h
-- Installing: /home/inouemakoto/interbotix_ws/install/openvino_msgs/include/openvino_msgs/openvino_msgs/msg/detail/pipeline__functions.h
-- Installing: /home/inouemakoto/interbotix_ws/install/openvino_msgs/include/openvino_msgs/openvino_msgs/msg/detail/pipeline_request__functions.c
-- Installing: /home/inouemakoto/interbotix_ws/install/openvino_msgs/include/openvino_msgs/openvino_msgs/msg/detail/pipeline_request__struct.h
-- Installing: /home/inouemakoto/interbotix_ws/install/openvino_msgs/include/openvino_msgs/openvino_msgs/msg/detail/connection__functions.h
-- Installing: /home/inouemakoto/interbotix_ws/install/openvino_msgs/include/openvino_msgs/openvino_msgs/msg/detail/pipeline_request__type_support.h
-- Installing: /home/inouemakoto/interbotix_ws/install/openvino_msgs/include/openvino_msgs/openvino_msgs/msg/pipeline.h
-- Installing: /home/inouemakoto/interbotix_ws/install/openvino_msgs/share/openvino_msgs/environment/library_path.sh
-- Installing: /home/inouemakoto/interbotix_ws/install/openvino_msgs/share/openvino_msgs/environment/library_path.dsv
-- Installing: /home/inouemakoto/interbotix_ws/install/openvino_msgs/lib/libopenvino_msgs__rosidl_generator_c.so
-- Set runtime path of "/home/inouemakoto/interbotix_ws/install/openvino_msgs/lib/libopenvino_msgs__rosidl_generator_c.so" to ""
-- Up-to-date: /home/inouemakoto/interbotix_ws/install/openvino_msgs/include/openvino_msgs/openvino_msgs
-- Up-to-date: /home/inouemakoto/interbotix_ws/install/openvino_msgs/include/openvino_msgs/openvino_msgs/srv
-- Up-to-date: /home/inouemakoto/interbotix_ws/install/openvino_msgs/include/openvino_msgs/openvino_msgs/srv/detail
-- Installing: /home/inouemakoto/interbotix_ws/install/openvino_msgs/include/openvino_msgs/openvino_msgs/srv/detail/pipeline_srv__rosidl_typesupport_fastrtps_c.h
-- Up-to-date: /home/inouemakoto/interbotix_ws/install/openvino_msgs/include/openvino_msgs/openvino_msgs/msg
-- Up-to-date: /home/inouemakoto/interbotix_ws/install/openvino_msgs/include/openvino_msgs/openvino_msgs/msg/detail
-- Installing: /home/inouemakoto/interbotix_ws/install/openvino_msgs/include/openvino_msgs/openvino_msgs/msg/detail/connection__rosidl_typesupport_fastrtps_c.h
-- Installing: /home/inouemakoto/interbotix_ws/install/openvino_msgs/include/openvino_msgs/openvino_msgs/msg/detail/pipeline_request__rosidl_typesupport_fastrtps_c.h
-- Installing: /home/inouemakoto/interbotix_ws/install/openvino_msgs/include/openvino_msgs/openvino_msgs/msg/detail/pipeline__rosidl_typesupport_fastrtps_c.h
-- Installing: /home/inouemakoto/interbotix_ws/install/openvino_msgs/include/openvino_msgs/openvino_msgs/msg/rosidl_typesupport_fastrtps_c__visibility_control.h
-- Installing: /home/inouemakoto/interbotix_ws/install/openvino_msgs/lib/libopenvino_msgs__rosidl_typesupport_fastrtps_c.so
-- Set runtime path of "/home/inouemakoto/interbotix_ws/install/openvino_msgs/lib/libopenvino_msgs__rosidl_typesupport_fastrtps_c.so" to ""
-- Up-to-date: /home/inouemakoto/interbotix_ws/install/openvino_msgs/include/openvino_msgs/openvino_msgs
-- Up-to-date: /home/inouemakoto/interbotix_ws/install/openvino_msgs/include/openvino_msgs/openvino_msgs/srv
-- Up-to-date: /home/inouemakoto/interbotix_ws/install/openvino_msgs/include/openvino_msgs/openvino_msgs/srv/detail
-- Installing: /home/inouemakoto/interbotix_ws/install/openvino_msgs/include/openvino_msgs/openvino_msgs/srv/detail/pipeline_srv__type_support.c
-- Installing: /home/inouemakoto/interbotix_ws/install/openvino_msgs/include/openvino_msgs/openvino_msgs/srv/detail/pipeline_srv__rosidl_typesupport_introspection_c.h
-- Up-to-date: /home/inouemakoto/interbotix_ws/install/openvino_msgs/include/openvino_msgs/openvino_msgs/msg
-- Installing: /home/inouemakoto/interbotix_ws/install/openvino_msgs/include/openvino_msgs/openvino_msgs/msg/rosidl_typesupport_introspection_c__visibility_control.h
-- Up-to-date: /home/inouemakoto/interbotix_ws/install/openvino_msgs/include/openvino_msgs/openvino_msgs/msg/detail
-- Installing: /home/inouemakoto/interbotix_ws/install/openvino_msgs/include/openvino_msgs/openvino_msgs/msg/detail/pipeline_request__type_support.c
-- Installing: /home/inouemakoto/interbotix_ws/install/openvino_msgs/include/openvino_msgs/openvino_msgs/msg/detail/connection__type_support.c
-- Installing: /home/inouemakoto/interbotix_ws/install/openvino_msgs/include/openvino_msgs/openvino_msgs/msg/detail/pipeline__type_support.c
-- Installing: /home/inouemakoto/interbotix_ws/install/openvino_msgs/include/openvino_msgs/openvino_msgs/msg/detail/connection__rosidl_typesupport_introspection_c.h
-- Installing: /home/inouemakoto/interbotix_ws/install/openvino_msgs/include/openvino_msgs/openvino_msgs/msg/detail/pipeline_request__rosidl_typesupport_introspection_c.h
-- Installing: /home/inouemakoto/interbotix_ws/install/openvino_msgs/include/openvino_msgs/openvino_msgs/msg/detail/pipeline__rosidl_typesupport_introspection_c.h
-- Installing: /home/inouemakoto/interbotix_ws/install/openvino_msgs/lib/libopenvino_msgs__rosidl_typesupport_introspection_c.so
-- Set runtime path of "/home/inouemakoto/interbotix_ws/install/openvino_msgs/lib/libopenvino_msgs__rosidl_typesupport_introspection_c.so" to ""
-- Installing: /home/inouemakoto/interbotix_ws/install/openvino_msgs/lib/libopenvino_msgs__rosidl_typesupport_c.so
-- Set runtime path of "/home/inouemakoto/interbotix_ws/install/openvino_msgs/lib/libopenvino_msgs__rosidl_typesupport_c.so" to ""
-- Up-to-date: /home/inouemakoto/interbotix_ws/install/openvino_msgs/include/openvino_msgs/openvino_msgs
-- Up-to-date: /home/inouemakoto/interbotix_ws/install/openvino_msgs/include/openvino_msgs/openvino_msgs/srv
-- Installing: /home/inouemakoto/interbotix_ws/install/openvino_msgs/include/openvino_msgs/openvino_msgs/srv/pipeline_srv.hpp
-- Up-to-date: /home/inouemakoto/interbotix_ws/install/openvino_msgs/include/openvino_msgs/openvino_msgs/srv/detail
-- Installing: /home/inouemakoto/interbotix_ws/install/openvino_msgs/include/openvino_msgs/openvino_msgs/srv/detail/pipeline_srv__builder.hpp
-- Installing: /home/inouemakoto/interbotix_ws/install/openvino_msgs/include/openvino_msgs/openvino_msgs/srv/detail/pipeline_srv__struct.hpp
-- Installing: /home/inouemakoto/interbotix_ws/install/openvino_msgs/include/openvino_msgs/openvino_msgs/srv/detail/pipeline_srv__traits.hpp
-- Up-to-date: /home/inouemakoto/interbotix_ws/install/openvino_msgs/include/openvino_msgs/openvino_msgs/msg
-- Installing: /home/inouemakoto/interbotix_ws/install/openvino_msgs/include/openvino_msgs/openvino_msgs/msg/connection.hpp
-- Installing: /home/inouemakoto/interbotix_ws/install/openvino_msgs/include/openvino_msgs/openvino_msgs/msg/pipeline.hpp
-- Installing: /home/inouemakoto/interbotix_ws/install/openvino_msgs/include/openvino_msgs/openvino_msgs/msg/pipeline_request.hpp
-- Up-to-date: /home/inouemakoto/interbotix_ws/install/openvino_msgs/include/openvino_msgs/openvino_msgs/msg/detail
-- Installing: /home/inouemakoto/interbotix_ws/install/openvino_msgs/include/openvino_msgs/openvino_msgs/msg/detail/connection__struct.hpp
-- Installing: /home/inouemakoto/interbotix_ws/install/openvino_msgs/include/openvino_msgs/openvino_msgs/msg/detail/pipeline_request__builder.hpp
-- Installing: /home/inouemakoto/interbotix_ws/install/openvino_msgs/include/openvino_msgs/openvino_msgs/msg/detail/pipeline__builder.hpp
-- Installing: /home/inouemakoto/interbotix_ws/install/openvino_msgs/include/openvino_msgs/openvino_msgs/msg/detail/connection__builder.hpp
-- Installing: /home/inouemakoto/interbotix_ws/install/openvino_msgs/include/openvino_msgs/openvino_msgs/msg/detail/connection__traits.hpp
-- Installing: /home/inouemakoto/interbotix_ws/install/openvino_msgs/include/openvino_msgs/openvino_msgs/msg/detail/pipeline_request__struct.hpp
-- Installing: /home/inouemakoto/interbotix_ws/install/openvino_msgs/include/openvino_msgs/openvino_msgs/msg/detail/pipeline_request__traits.hpp
-- Installing: /home/inouemakoto/interbotix_ws/install/openvino_msgs/include/openvino_msgs/openvino_msgs/msg/detail/pipeline__struct.hpp
-- Installing: /home/inouemakoto/interbotix_ws/install/openvino_msgs/include/openvino_msgs/openvino_msgs/msg/detail/pipeline__traits.hpp
-- Up-to-date: /home/inouemakoto/interbotix_ws/install/openvino_msgs/include/openvino_msgs/openvino_msgs
-- Up-to-date: /home/inouemakoto/interbotix_ws/install/openvino_msgs/include/openvino_msgs/openvino_msgs/srv
-- Up-to-date: /home/inouemakoto/interbotix_ws/install/openvino_msgs/include/openvino_msgs/openvino_msgs/srv/detail
-- Installing: /home/inouemakoto/interbotix_ws/install/openvino_msgs/include/openvino_msgs/openvino_msgs/srv/detail/pipeline_srv__rosidl_typesupport_fastrtps_cpp.hpp
-- Installing: /home/inouemakoto/interbotix_ws/install/openvino_msgs/include/openvino_msgs/openvino_msgs/srv/detail/dds_fastrtps
-- Up-to-date: /home/inouemakoto/interbotix_ws/install/openvino_msgs/include/openvino_msgs/openvino_msgs/msg
-- Installing: /home/inouemakoto/interbotix_ws/install/openvino_msgs/include/openvino_msgs/openvino_msgs/msg/rosidl_typesupport_fastrtps_cpp__visibility_control.h
-- Up-to-date: /home/inouemakoto/interbotix_ws/install/openvino_msgs/include/openvino_msgs/openvino_msgs/msg/detail
-- Installing: /home/inouemakoto/interbotix_ws/install/openvino_msgs/include/openvino_msgs/openvino_msgs/msg/detail/pipeline__rosidl_typesupport_fastrtps_cpp.hpp
-- Installing: /home/inouemakoto/interbotix_ws/install/openvino_msgs/include/openvino_msgs/openvino_msgs/msg/detail/pipeline_request__rosidl_typesupport_fastrtps_cpp.hpp
-- Installing: /home/inouemakoto/interbotix_ws/install/openvino_msgs/include/openvino_msgs/openvino_msgs/msg/detail/dds_fastrtps
-- Installing: /home/inouemakoto/interbotix_ws/install/openvino_msgs/include/openvino_msgs/openvino_msgs/msg/detail/connection__rosidl_typesupport_fastrtps_cpp.hpp
-- Installing: /home/inouemakoto/interbotix_ws/install/openvino_msgs/lib/libopenvino_msgs__rosidl_typesupport_fastrtps_cpp.so
-- Set runtime path of "/home/inouemakoto/interbotix_ws/install/openvino_msgs/lib/libopenvino_msgs__rosidl_typesupport_fastrtps_cpp.so" to ""
-- Up-to-date: /home/inouemakoto/interbotix_ws/install/openvino_msgs/include/openvino_msgs/openvino_msgs
-- Up-to-date: /home/inouemakoto/interbotix_ws/install/openvino_msgs/include/openvino_msgs/openvino_msgs/srv
-- Up-to-date: /home/inouemakoto/interbotix_ws/install/openvino_msgs/include/openvino_msgs/openvino_msgs/srv/detail
-- Installing: /home/inouemakoto/interbotix_ws/install/openvino_msgs/include/openvino_msgs/openvino_msgs/srv/detail/pipeline_srv__rosidl_typesupport_introspection_cpp.hpp
-- Installing: /home/inouemakoto/interbotix_ws/install/openvino_msgs/include/openvino_msgs/openvino_msgs/srv/detail/pipeline_srv__type_support.cpp
-- Up-to-date: /home/inouemakoto/interbotix_ws/install/openvino_msgs/include/openvino_msgs/openvino_msgs/msg
-- Up-to-date: /home/inouemakoto/interbotix_ws/install/openvino_msgs/include/openvino_msgs/openvino_msgs/msg/detail
-- Installing: /home/inouemakoto/interbotix_ws/install/openvino_msgs/include/openvino_msgs/openvino_msgs/msg/detail/pipeline__rosidl_typesupport_introspection_cpp.hpp
-- Installing: /home/inouemakoto/interbotix_ws/install/openvino_msgs/include/openvino_msgs/openvino_msgs/msg/detail/pipeline_request__rosidl_typesupport_introspection_cpp.hpp
-- Installing: /home/inouemakoto/interbotix_ws/install/openvino_msgs/include/openvino_msgs/openvino_msgs/msg/detail/pipeline_request__type_support.cpp
-- Installing: /home/inouemakoto/interbotix_ws/install/openvino_msgs/include/openvino_msgs/openvino_msgs/msg/detail/connection__type_support.cpp
-- Installing: /home/inouemakoto/interbotix_ws/install/openvino_msgs/include/openvino_msgs/openvino_msgs/msg/detail/connection__rosidl_typesupport_introspection_cpp.hpp
-- Installing: /home/inouemakoto/interbotix_ws/install/openvino_msgs/include/openvino_msgs/openvino_msgs/msg/detail/pipeline__type_support.cpp
-- Installing: /home/inouemakoto/interbotix_ws/install/openvino_msgs/lib/libopenvino_msgs__rosidl_typesupport_introspection_cpp.so
-- Set runtime path of "/home/inouemakoto/interbotix_ws/install/openvino_msgs/lib/libopenvino_msgs__rosidl_typesupport_introspection_cpp.so" to ""
-- Installing: /home/inouemakoto/interbotix_ws/install/openvino_msgs/lib/libopenvino_msgs__rosidl_typesupport_cpp.so
-- Set runtime path of "/home/inouemakoto/interbotix_ws/install/openvino_msgs/lib/libopenvino_msgs__rosidl_typesupport_cpp.so" to ""
-- Installing: /home/inouemakoto/interbotix_ws/install/openvino_msgs/share/openvino_msgs/environment/pythonpath.sh
-- Installing: /home/inouemakoto/interbotix_ws/install/openvino_msgs/share/openvino_msgs/environment/pythonpath.dsv
-- Installing: /home/inouemakoto/interbotix_ws/install/openvino_msgs/local/lib/python3.10/dist-packages/openvino_msgs-0.9.0-py3.10.egg-info
-- Installing: /home/inouemakoto/interbotix_ws/install/openvino_msgs/local/lib/python3.10/dist-packages/openvino_msgs-0.9.0-py3.10.egg-info/top_level.txt
-- Installing: /home/inouemakoto/interbotix_ws/install/openvino_msgs/local/lib/python3.10/dist-packages/openvino_msgs-0.9.0-py3.10.egg-info/dependency_links.txt
-- Installing: /home/inouemakoto/interbotix_ws/install/openvino_msgs/local/lib/python3.10/dist-packages/openvino_msgs-0.9.0-py3.10.egg-info/SOURCES.txt
-- Installing: /home/inouemakoto/interbotix_ws/install/openvino_msgs/local/lib/python3.10/dist-packages/openvino_msgs-0.9.0-py3.10.egg-info/PKG-INFO
-- Installing: /home/inouemakoto/interbotix_ws/install/openvino_msgs/local/lib/python3.10/dist-packages/openvino_msgs
-- Installing: /home/inouemakoto/interbotix_ws/install/openvino_msgs/local/lib/python3.10/dist-packages/openvino_msgs/_openvino_msgs_s.ep.rosidl_typesupport_c.c
-- Installing: /home/inouemakoto/interbotix_ws/install/openvino_msgs/local/lib/python3.10/dist-packages/openvino_msgs/openvino_msgs_s__rosidl_typesupport_introspection_c.cpython-310-x86_64-linux-gnu.so
-- Installing: /home/inouemakoto/interbotix_ws/install/openvino_msgs/local/lib/python3.10/dist-packages/openvino_msgs/_openvino_msgs_s.ep.rosidl_typesupport_introspection_c.c
-- Installing: /home/inouemakoto/interbotix_ws/install/openvino_msgs/local/lib/python3.10/dist-packages/openvino_msgs/srv
-- Installing: /home/inouemakoto/interbotix_ws/install/openvino_msgs/local/lib/python3.10/dist-packages/openvino_msgs/srv/_pipeline_srv.py
-- Installing: /home/inouemakoto/interbotix_ws/install/openvino_msgs/local/lib/python3.10/dist-packages/openvino_msgs/srv/_pipeline_srv_s.c
-- Installing: /home/inouemakoto/interbotix_ws/install/openvino_msgs/local/lib/python3.10/dist-packages/openvino_msgs/srv/__init__.py
-- Installing: /home/inouemakoto/interbotix_ws/install/openvino_msgs/local/lib/python3.10/dist-packages/openvino_msgs/libopenvino_msgs__rosidl_generator_py.so
-- Installing: /home/inouemakoto/interbotix_ws/install/openvino_msgs/local/lib/python3.10/dist-packages/openvino_msgs/msg
-- Installing: /home/inouemakoto/interbotix_ws/install/openvino_msgs/local/lib/python3.10/dist-packages/openvino_msgs/msg/_connection_s.c
-- Installing: /home/inouemakoto/interbotix_ws/install/openvino_msgs/local/lib/python3.10/dist-packages/openvino_msgs/msg/_pipeline_s.c
-- Installing: /home/inouemakoto/interbotix_ws/install/openvino_msgs/local/lib/python3.10/dist-packages/openvino_msgs/msg/_connection.py
-- Installing: /home/inouemakoto/interbotix_ws/install/openvino_msgs/local/lib/python3.10/dist-packages/openvino_msgs/msg/__init__.py
-- Installing: /home/inouemakoto/interbotix_ws/install/openvino_msgs/local/lib/python3.10/dist-packages/openvino_msgs/msg/_pipeline_request.py
-- Installing: /home/inouemakoto/interbotix_ws/install/openvino_msgs/local/lib/python3.10/dist-packages/openvino_msgs/msg/_pipeline.py
-- Installing: /home/inouemakoto/interbotix_ws/install/openvino_msgs/local/lib/python3.10/dist-packages/openvino_msgs/msg/_pipeline_request_s.c
-- Installing: /home/inouemakoto/interbotix_ws/install/openvino_msgs/local/lib/python3.10/dist-packages/openvino_msgs/openvino_msgs_s__rosidl_typesupport_c.cpython-310-x86_64-linux-gnu.so
-- Installing: /home/inouemakoto/interbotix_ws/install/openvino_msgs/local/lib/python3.10/dist-packages/openvino_msgs/__init__.py
-- Installing: /home/inouemakoto/interbotix_ws/install/openvino_msgs/local/lib/python3.10/dist-packages/openvino_msgs/openvino_msgs_s__rosidl_typesupport_fastrtps_c.cpython-310-x86_64-linux-gnu.so
-- Installing: /home/inouemakoto/interbotix_ws/install/openvino_msgs/local/lib/python3.10/dist-packages/openvino_msgs/_openvino_msgs_s.ep.rosidl_typesupport_fastrtps_c.c
Listing '/home/inouemakoto/interbotix_ws/install/openvino_msgs/local/lib/python3.10/dist-packages/openvino_msgs'...
Compiling '/home/inouemakoto/interbotix_ws/install/openvino_msgs/local/lib/python3.10/dist-packages/openvino_msgs/__init__.py'...
Listing '/home/inouemakoto/interbotix_ws/install/openvino_msgs/local/lib/python3.10/dist-packages/openvino_msgs/msg'...
Compiling '/home/inouemakoto/interbotix_ws/install/openvino_msgs/local/lib/python3.10/dist-packages/openvino_msgs/msg/__init__.py'...
Compiling '/home/inouemakoto/interbotix_ws/install/openvino_msgs/local/lib/python3.10/dist-packages/openvino_msgs/msg/_connection.py'...
Compiling '/home/inouemakoto/interbotix_ws/install/openvino_msgs/local/lib/python3.10/dist-packages/openvino_msgs/msg/_pipeline.py'...
Compiling '/home/inouemakoto/interbotix_ws/install/openvino_msgs/local/lib/python3.10/dist-packages/openvino_msgs/msg/_pipeline_request.py'...
Listing '/home/inouemakoto/interbotix_ws/install/openvino_msgs/local/lib/python3.10/dist-packages/openvino_msgs/srv'...
Compiling '/home/inouemakoto/interbotix_ws/install/openvino_msgs/local/lib/python3.10/dist-packages/openvino_msgs/srv/__init__.py'...
Compiling '/home/inouemakoto/interbotix_ws/install/openvino_msgs/local/lib/python3.10/dist-packages/openvino_msgs/srv/_pipeline_srv.py'...
-- Installing: /home/inouemakoto/interbotix_ws/install/openvino_msgs/local/lib/python3.10/dist-packages/openvino_msgs/openvino_msgs_s__rosidl_typesupport_fastrtps_c.cpython-310-x86_64-linux-gnu.so
-- Set runtime path of "/home/inouemakoto/interbotix_ws/install/openvino_msgs/local/lib/python3.10/dist-packages/openvino_msgs/openvino_msgs_s__rosidl_typesupport_fastrtps_c.cpython-310-x86_64-linux-gnu.so" to ""
-- Installing: /home/inouemakoto/interbotix_ws/install/openvino_msgs/local/lib/python3.10/dist-packages/openvino_msgs/openvino_msgs_s__rosidl_typesupport_introspection_c.cpython-310-x86_64-linux-gnu.so
-- Set runtime path of "/home/inouemakoto/interbotix_ws/install/openvino_msgs/local/lib/python3.10/dist-packages/openvino_msgs/openvino_msgs_s__rosidl_typesupport_introspection_c.cpython-310-x86_64-linux-gnu.so" to ""
-- Installing: /home/inouemakoto/interbotix_ws/install/openvino_msgs/local/lib/python3.10/dist-packages/openvino_msgs/openvino_msgs_s__rosidl_typesupport_c.cpython-310-x86_64-linux-gnu.so
-- Set runtime path of "/home/inouemakoto/interbotix_ws/install/openvino_msgs/local/lib/python3.10/dist-packages/openvino_msgs/openvino_msgs_s__rosidl_typesupport_c.cpython-310-x86_64-linux-gnu.so" to ""
-- Installing: /home/inouemakoto/interbotix_ws/install/openvino_msgs/lib/libopenvino_msgs__rosidl_generator_py.so
-- Set runtime path of "/home/inouemakoto/interbotix_ws/install/openvino_msgs/lib/libopenvino_msgs__rosidl_generator_py.so" to ""
-- Installing: /home/inouemakoto/interbotix_ws/install/openvino_msgs/share/openvino_msgs/msg/Connection.idl
-- Installing: /home/inouemakoto/interbotix_ws/install/openvino_msgs/share/openvino_msgs/msg/PipelineRequest.idl
-- Installing: /home/inouemakoto/interbotix_ws/install/openvino_msgs/share/openvino_msgs/msg/Pipeline.idl
-- Installing: /home/inouemakoto/interbotix_ws/install/openvino_msgs/share/openvino_msgs/srv/PipelineSrv.idl
-- Installing: /home/inouemakoto/interbotix_ws/install/openvino_msgs/share/openvino_msgs/msg/Connection.msg
-- Installing: /home/inouemakoto/interbotix_ws/install/openvino_msgs/share/openvino_msgs/msg/PipelineRequest.msg
-- Installing: /home/inouemakoto/interbotix_ws/install/openvino_msgs/share/openvino_msgs/msg/Pipeline.msg
-- Installing: /home/inouemakoto/interbotix_ws/install/openvino_msgs/share/openvino_msgs/srv/PipelineSrv.srv
-- Installing: /home/inouemakoto/interbotix_ws/install/openvino_msgs/share/openvino_msgs/srv/PipelineSrv_Request.msg
-- Installing: /home/inouemakoto/interbotix_ws/install/openvino_msgs/share/openvino_msgs/srv/PipelineSrv_Response.msg
-- Installing: /home/inouemakoto/interbotix_ws/install/openvino_msgs/share/ament_index/resource_index/package_run_dependencies/openvino_msgs
-- Installing: /home/inouemakoto/interbotix_ws/install/openvino_msgs/share/ament_index/resource_index/parent_prefix_path/openvino_msgs
-- Installing: /home/inouemakoto/interbotix_ws/install/openvino_msgs/share/openvino_msgs/environment/ament_prefix_path.sh
-- Installing: /home/inouemakoto/interbotix_ws/install/openvino_msgs/share/openvino_msgs/environment/ament_prefix_path.dsv
-- Installing: /home/inouemakoto/interbotix_ws/install/openvino_msgs/share/openvino_msgs/environment/path.sh
-- Installing: /home/inouemakoto/interbotix_ws/install/openvino_msgs/share/openvino_msgs/environment/path.dsv
-- Installing: /home/inouemakoto/interbotix_ws/install/openvino_msgs/share/openvino_msgs/local_setup.bash
-- Installing: /home/inouemakoto/interbotix_ws/install/openvino_msgs/share/openvino_msgs/local_setup.sh
-- Installing: /home/inouemakoto/interbotix_ws/install/openvino_msgs/share/openvino_msgs/local_setup.zsh
-- Installing: /home/inouemakoto/interbotix_ws/install/openvino_msgs/share/openvino_msgs/local_setup.dsv
-- Installing: /home/inouemakoto/interbotix_ws/install/openvino_msgs/share/openvino_msgs/package.dsv
-- Installing: /home/inouemakoto/interbotix_ws/install/openvino_msgs/share/ament_index/resource_index/packages/openvino_msgs
-- Installing: /home/inouemakoto/interbotix_ws/install/openvino_msgs/share/openvino_msgs/cmake/export_openvino_msgs__rosidl_generator_cExport.cmake
-- Installing: /home/inouemakoto/interbotix_ws/install/openvino_msgs/share/openvino_msgs/cmake/export_openvino_msgs__rosidl_generator_cExport-noconfig.cmake
-- Installing: /home/inouemakoto/interbotix_ws/install/openvino_msgs/share/openvino_msgs/cmake/export_openvino_msgs__rosidl_typesupport_fastrtps_cExport.cmake
-- Installing: /home/inouemakoto/interbotix_ws/install/openvino_msgs/share/openvino_msgs/cmake/export_openvino_msgs__rosidl_typesupport_fastrtps_cExport-noconfig.cmake
-- Installing: /home/inouemakoto/interbotix_ws/install/openvino_msgs/share/openvino_msgs/cmake/openvino_msgs__rosidl_typesupport_introspection_cExport.cmake
-- Installing: /home/inouemakoto/interbotix_ws/install/openvino_msgs/share/openvino_msgs/cmake/openvino_msgs__rosidl_typesupport_introspection_cExport-noconfig.cmake
-- Installing: /home/inouemakoto/interbotix_ws/install/openvino_msgs/share/openvino_msgs/cmake/openvino_msgs__rosidl_typesupport_cExport.cmake
-- Installing: /home/inouemakoto/interbotix_ws/install/openvino_msgs/share/openvino_msgs/cmake/openvino_msgs__rosidl_typesupport_cExport-noconfig.cmake
-- Installing: /home/inouemakoto/interbotix_ws/install/openvino_msgs/share/openvino_msgs/cmake/export_openvino_msgs__rosidl_generator_cppExport.cmake
-- Installing: /home/inouemakoto/interbotix_ws/install/openvino_msgs/share/openvino_msgs/cmake/export_openvino_msgs__rosidl_typesupport_fastrtps_cppExport.cmake
-- Installing: /home/inouemakoto/interbotix_ws/install/openvino_msgs/share/openvino_msgs/cmake/export_openvino_msgs__rosidl_typesupport_fastrtps_cppExport-noconfig.cmake
-- Installing: /home/inouemakoto/interbotix_ws/install/openvino_msgs/share/openvino_msgs/cmake/openvino_msgs__rosidl_typesupport_introspection_cppExport.cmake
-- Installing: /home/inouemakoto/interbotix_ws/install/openvino_msgs/share/openvino_msgs/cmake/openvino_msgs__rosidl_typesupport_introspection_cppExport-noconfig.cmake
-- Installing: /home/inouemakoto/interbotix_ws/install/openvino_msgs/share/openvino_msgs/cmake/openvino_msgs__rosidl_typesupport_cppExport.cmake
-- Installing: /home/inouemakoto/interbotix_ws/install/openvino_msgs/share/openvino_msgs/cmake/openvino_msgs__rosidl_typesupport_cppExport-noconfig.cmake
-- Installing: /home/inouemakoto/interbotix_ws/install/openvino_msgs/share/openvino_msgs/cmake/export_openvino_msgs__rosidl_generator_pyExport.cmake
-- Installing: /home/inouemakoto/interbotix_ws/install/openvino_msgs/share/openvino_msgs/cmake/export_openvino_msgs__rosidl_generator_pyExport-noconfig.cmake
-- Installing: /home/inouemakoto/interbotix_ws/install/openvino_msgs/share/openvino_msgs/cmake/rosidl_cmake-extras.cmake
-- Installing: /home/inouemakoto/interbotix_ws/install/openvino_msgs/share/openvino_msgs/cmake/ament_cmake_export_dependencies-extras.cmake
-- Installing: /home/inouemakoto/interbotix_ws/install/openvino_msgs/share/openvino_msgs/cmake/ament_cmake_export_include_directories-extras.cmake
-- Installing: /home/inouemakoto/interbotix_ws/install/openvino_msgs/share/openvino_msgs/cmake/ament_cmake_export_libraries-extras.cmake
-- Installing: /home/inouemakoto/interbotix_ws/install/openvino_msgs/share/openvino_msgs/cmake/ament_cmake_export_targets-extras.cmake
-- Installing: /home/inouemakoto/interbotix_ws/install/openvino_msgs/share/openvino_msgs/cmake/rosidl_cmake_export_typesupport_targets-extras.cmake
-- Installing: /home/inouemakoto/interbotix_ws/install/openvino_msgs/share/openvino_msgs/cmake/rosidl_cmake_export_typesupport_libraries-extras.cmake
-- Installing: /home/inouemakoto/interbotix_ws/install/openvino_msgs/share/openvino_msgs/cmake/openvino_msgsConfig.cmake
-- Installing: /home/inouemakoto/interbotix_ws/install/openvino_msgs/share/openvino_msgs/cmake/openvino_msgsConfig-version.cmake
-- Installing: /home/inouemakoto/interbotix_ws/install/openvino_msgs/share/openvino_msgs/package.xml
