[0.302s] Invoking command in '/home/inouemakoto/interbotix_ws/build/interbotix_tf_tools': CMAKE_PREFIX_PATH=${CMAKE_PREFIX_PATH}:/home/inouemakoto/interbotix_ws/install/interbotix_xs_modules:/home/inouemakoto/interbotix_ws/install/interbotix_common_modules:/home/inouemakoto/install/interbotix_xs_modules:/home/inouemakoto/install/interbotix_common_modules:/home/inouemakoto/ws_moveit2/install/moveit_configs_utils:/home/inouemakoto/ws_moveit2/install/launch_param_builder:/opt/ros/humble /usr/bin/cmake /home/inouemakoto/interbotix_ws/src/interbotix_ros_toolboxes/interbotix_common_toolbox/interbotix_tf_tools -DCMAKE_BUILD_TYPE=Debug -DCMAKE_INSTALL_PREFIX=/home/inouemakoto/interbotix_ws/install/interbotix_tf_tools
[0.315s] -- Found ament_cmake: 1.3.4 (/opt/ros/humble/share/ament_cmake/cmake)
[0.477s] -- Found geometry_msgs: 4.2.3 (/opt/ros/humble/share/geometry_msgs/cmake)
[0.504s] -- Found rosidl_generator_c: 3.1.4 (/opt/ros/humble/share/rosidl_generator_c/cmake)
[0.506s] -- Found rosidl_adapter: 3.1.4 (/opt/ros/humble/share/rosidl_adapter/cmake)
[0.513s] -- Found rosidl_generator_cpp: 3.1.4 (/opt/ros/humble/share/rosidl_generator_cpp/cmake)
[0.540s] -- Using all available rosidl_typesupport_c: rosidl_typesupport_fastrtps_c;rosidl_typesupport_introspection_c
[0.575s] -- Using all available rosidl_typesupport_cpp: rosidl_typesupport_fastrtps_cpp;rosidl_typesupport_introspection_cpp
[0.759s] -- Found rclcpp: 16.0.4 (/opt/ros/humble/share/rclcpp/cmake)
[0.811s] -- Found rmw_implementation_cmake: 6.1.1 (/opt/ros/humble/share/rmw_implementation_cmake/cmake)
[0.818s] -- Found rmw_fastrtps_cpp: 6.2.2 (/opt/ros/humble/share/rmw_fastrtps_cpp/cmake)
[0.974s] -- Using RMW implementation 'rmw_fastrtps_cpp' as default
[1.131s] -- Found rclcpp_components: 16.0.4 (/opt/ros/humble/share/rclcpp_components/cmake)
[1.190s] -- Found tf2_msgs: 0.25.2 (/opt/ros/humble/share/tf2_msgs/cmake)
[1.338s] -- Found tf2_ros: 0.25.2 (/opt/ros/humble/share/tf2_ros/cmake)
[1.420s] -- Found ament_lint_auto: 0.12.6 (/opt/ros/humble/share/ament_lint_auto/cmake)
[1.492s] -- Added test 'copyright' to check source files copyright and LICENSE
[1.492s] -- Added test 'cppcheck' to perform static code analysis on C / C++ code
[1.492s] -- Configured cppcheck include dirs: /home/inouemakoto/interbotix_ws/src/interbotix_ros_toolboxes/interbotix_common_toolbox/interbotix_tf_tools/include
[1.493s] -- Configured cppcheck exclude dirs and/or files: 
[1.493s] -- Added test 'cpplint' to check C / C++ code against the Google style
[1.493s] -- Configured cpplint exclude dirs and/or files: 
[1.493s] -- Added test 'flake8' to check Python code syntax and style conventions
[1.493s] -- Added test 'lint_cmake' to check CMake code style
[1.494s] -- Added test 'pep257' to check Python code against some of the docstring style conventions in PEP 257
[1.496s] -- Added test 'uncrustify' to check C / C++ code style
[1.496s] -- Configured uncrustify additional arguments: 
[1.496s] -- Added test 'xmllint' to check XML markup files
[1.496s] -- Configuring done
[1.507s] -- Generating done
[1.508s] -- Build files have been written to: /home/inouemakoto/interbotix_ws/build/interbotix_tf_tools
[1.516s] Invoked command in '/home/inouemakoto/interbotix_ws/build/interbotix_tf_tools' returned '0': CMAKE_PREFIX_PATH=${CMAKE_PREFIX_PATH}:/home/inouemakoto/interbotix_ws/install/interbotix_xs_modules:/home/inouemakoto/interbotix_ws/install/interbotix_common_modules:/home/inouemakoto/install/interbotix_xs_modules:/home/inouemakoto/install/interbotix_common_modules:/home/inouemakoto/ws_moveit2/install/moveit_configs_utils:/home/inouemakoto/ws_moveit2/install/launch_param_builder:/opt/ros/humble /usr/bin/cmake /home/inouemakoto/interbotix_ws/src/interbotix_ros_toolboxes/interbotix_common_toolbox/interbotix_tf_tools -DCMAKE_BUILD_TYPE=Debug -DCMAKE_INSTALL_PREFIX=/home/inouemakoto/interbotix_ws/install/interbotix_tf_tools
[1.517s] Invoking command in '/home/inouemakoto/interbotix_ws/build/interbotix_tf_tools': CMAKE_PREFIX_PATH=${CMAKE_PREFIX_PATH}:/home/inouemakoto/interbotix_ws/install/interbotix_xs_modules:/home/inouemakoto/interbotix_ws/install/interbotix_common_modules:/home/inouemakoto/install/interbotix_xs_modules:/home/inouemakoto/install/interbotix_common_modules:/home/inouemakoto/ws_moveit2/install/moveit_configs_utils:/home/inouemakoto/ws_moveit2/install/launch_param_builder:/opt/ros/humble /usr/bin/cmake --build /home/inouemakoto/interbotix_ws/build/interbotix_tf_tools -- -j20 -l20
[1.566s] [35m[1mConsolidate compiler generated dependencies of target tf_rebroadcaster[0m
[1.583s] [100%] Built target tf_rebroadcaster
[1.595s] Invoked command in '/home/inouemakoto/interbotix_ws/build/interbotix_tf_tools' returned '0': CMAKE_PREFIX_PATH=${CMAKE_PREFIX_PATH}:/home/inouemakoto/interbotix_ws/install/interbotix_xs_modules:/home/inouemakoto/interbotix_ws/install/interbotix_common_modules:/home/inouemakoto/install/interbotix_xs_modules:/home/inouemakoto/install/interbotix_common_modules:/home/inouemakoto/ws_moveit2/install/moveit_configs_utils:/home/inouemakoto/ws_moveit2/install/launch_param_builder:/opt/ros/humble /usr/bin/cmake --build /home/inouemakoto/interbotix_ws/build/interbotix_tf_tools -- -j20 -l20
[1.627s] Invoking command in '/home/inouemakoto/interbotix_ws/build/interbotix_tf_tools': CMAKE_PREFIX_PATH=${CMAKE_PREFIX_PATH}:/home/inouemakoto/interbotix_ws/install/interbotix_xs_modules:/home/inouemakoto/interbotix_ws/install/interbotix_common_modules:/home/inouemakoto/install/interbotix_xs_modules:/home/inouemakoto/install/interbotix_common_modules:/home/inouemakoto/ws_moveit2/install/moveit_configs_utils:/home/inouemakoto/ws_moveit2/install/launch_param_builder:/opt/ros/humble /usr/bin/cmake --install /home/inouemakoto/interbotix_ws/build/interbotix_tf_tools
[1.635s] -- Install configuration: "Debug"
[1.635s] -- Up-to-date: /home/inouemakoto/interbotix_ws/install/interbotix_tf_tools/lib/libtf_rebroadcaster.so
[1.636s] -- Up-to-date: /home/inouemakoto/interbotix_ws/install/interbotix_tf_tools/lib/interbotix_tf_tools/static_trans_pub.py
[1.636s] -- Up-to-date: /home/inouemakoto/interbotix_ws/install/interbotix_tf_tools/share/interbotix_tf_tools//config
[1.636s] -- Up-to-date: /home/inouemakoto/interbotix_ws/install/interbotix_tf_tools/share/interbotix_tf_tools//config/tf_rebroadcaster.yaml
[1.636s] -- Up-to-date: /home/inouemakoto/interbotix_ws/install/interbotix_tf_tools/share/interbotix_tf_tools//launch
[1.636s] -- Up-to-date: /home/inouemakoto/interbotix_ws/install/interbotix_tf_tools/share/interbotix_tf_tools//launch/static_transform_pub.launch.py
[1.636s] -- Up-to-date: /home/inouemakoto/interbotix_ws/install/interbotix_tf_tools/share/interbotix_tf_tools//launch/tf_rebroadcaster.launch.py
[1.636s] -- Up-to-date: /home/inouemakoto/interbotix_ws/install/interbotix_tf_tools/share/ament_index/resource_index/package_run_dependencies/interbotix_tf_tools
[1.636s] -- Installing: /home/inouemakoto/interbotix_ws/install/interbotix_tf_tools/share/ament_index/resource_index/parent_prefix_path/interbotix_tf_tools
[1.637s] -- Up-to-date: /home/inouemakoto/interbotix_ws/install/interbotix_tf_tools/share/interbotix_tf_tools/environment/ament_prefix_path.sh
[1.637s] -- Installing: /home/inouemakoto/interbotix_ws/install/interbotix_tf_tools/share/interbotix_tf_tools/environment/ament_prefix_path.dsv
[1.637s] -- Up-to-date: /home/inouemakoto/interbotix_ws/install/interbotix_tf_tools/share/interbotix_tf_tools/environment/path.sh
[1.637s] -- Installing: /home/inouemakoto/interbotix_ws/install/interbotix_tf_tools/share/interbotix_tf_tools/environment/path.dsv
[1.637s] -- Up-to-date: /home/inouemakoto/interbotix_ws/install/interbotix_tf_tools/share/interbotix_tf_tools/local_setup.bash
[1.637s] -- Up-to-date: /home/inouemakoto/interbotix_ws/install/interbotix_tf_tools/share/interbotix_tf_tools/local_setup.sh
[1.637s] -- Up-to-date: /home/inouemakoto/interbotix_ws/install/interbotix_tf_tools/share/interbotix_tf_tools/local_setup.zsh
[1.637s] -- Installing: /home/inouemakoto/interbotix_ws/install/interbotix_tf_tools/share/interbotix_tf_tools/local_setup.dsv
[1.637s] -- Installing: /home/inouemakoto/interbotix_ws/install/interbotix_tf_tools/share/interbotix_tf_tools/package.dsv
[1.637s] -- Up-to-date: /home/inouemakoto/interbotix_ws/install/interbotix_tf_tools/share/ament_index/resource_index/packages/interbotix_tf_tools
[1.638s] -- Up-to-date: /home/inouemakoto/interbotix_ws/install/interbotix_tf_tools/share/ament_index/resource_index/rclcpp_components/interbotix_tf_tools
[1.638s] -- Up-to-date: /home/inouemakoto/interbotix_ws/install/interbotix_tf_tools/share/interbotix_tf_tools/cmake/interbotix_tf_toolsConfig.cmake
[1.638s] -- Up-to-date: /home/inouemakoto/interbotix_ws/install/interbotix_tf_tools/share/interbotix_tf_tools/cmake/interbotix_tf_toolsConfig-version.cmake
[1.638s] -- Up-to-date: /home/inouemakoto/interbotix_ws/install/interbotix_tf_tools/share/interbotix_tf_tools/package.xml
[1.640s] Invoked command in '/home/inouemakoto/interbotix_ws/build/interbotix_tf_tools' returned '0': CMAKE_PREFIX_PATH=${CMAKE_PREFIX_PATH}:/home/inouemakoto/interbotix_ws/install/interbotix_xs_modules:/home/inouemakoto/interbotix_ws/install/interbotix_common_modules:/home/inouemakoto/install/interbotix_xs_modules:/home/inouemakoto/install/interbotix_common_modules:/home/inouemakoto/ws_moveit2/install/moveit_configs_utils:/home/inouemakoto/ws_moveit2/install/launch_param_builder:/opt/ros/humble /usr/bin/cmake --install /home/inouemakoto/interbotix_ws/build/interbotix_tf_tools
