[0.303s] Invoking command in '/home/inouemakoto/interbotix_ws/build/interbotix_tf_tools': CMAKE_PREFIX_PATH=${CMAKE_PREFIX_PATH}:/home/inouemakoto/interbotix_ws/install/interbotix_xs_modules:/home/inouemakoto/interbotix_ws/install/interbotix_common_modules:/home/inouemakoto/ws_moveit2/install/moveit_configs_utils:/home/inouemakoto/ws_moveit2/install/launch_param_builder:/home/inouemakoto/install/interbotix_xs_modules:/home/inouemakoto/install/interbotix_common_modules:/opt/ros/humble /usr/bin/cmake --build /home/inouemakoto/interbotix_ws/build/interbotix_tf_tools -- -j20 -l20
[0.415s] [100%] Built target tf_rebroadcaster
[0.493s] Invoked command in '/home/inouemakoto/interbotix_ws/build/interbotix_tf_tools' returned '0': CMAKE_PREFIX_PATH=${CMAKE_PREFIX_PATH}:/home/inouemakoto/interbotix_ws/install/interbotix_xs_modules:/home/inouemakoto/interbotix_ws/install/interbotix_common_modules:/home/inouemakoto/ws_moveit2/install/moveit_configs_utils:/home/inouemakoto/ws_moveit2/install/launch_param_builder:/home/inouemakoto/install/interbotix_xs_modules:/home/inouemakoto/install/interbotix_common_modules:/opt/ros/humble /usr/bin/cmake --build /home/inouemakoto/interbotix_ws/build/interbotix_tf_tools -- -j20 -l20
[0.584s] Invoking command in '/home/inouemakoto/interbotix_ws/build/interbotix_tf_tools': CMAKE_PREFIX_PATH=${CMAKE_PREFIX_PATH}:/home/inouemakoto/interbotix_ws/install/interbotix_xs_modules:/home/inouemakoto/interbotix_ws/install/interbotix_common_modules:/home/inouemakoto/ws_moveit2/install/moveit_configs_utils:/home/inouemakoto/ws_moveit2/install/launch_param_builder:/home/inouemakoto/install/interbotix_xs_modules:/home/inouemakoto/install/interbotix_common_modules:/opt/ros/humble /usr/bin/cmake --install /home/inouemakoto/interbotix_ws/build/interbotix_tf_tools
[0.617s] -- Install configuration: "Debug"
[0.617s] -- Up-to-date: /home/inouemakoto/interbotix_ws/install/interbotix_tf_tools/lib/libtf_rebroadcaster.so
[0.617s] -- Up-to-date: /home/inouemakoto/interbotix_ws/install/interbotix_tf_tools/lib/interbotix_tf_tools/static_trans_pub.py
[0.618s] -- Up-to-date: /home/inouemakoto/interbotix_ws/install/interbotix_tf_tools/share/interbotix_tf_tools//config
[0.618s] -- Up-to-date: /home/inouemakoto/interbotix_ws/install/interbotix_tf_tools/share/interbotix_tf_tools//config/tf_rebroadcaster.yaml
[0.618s] -- Up-to-date: /home/inouemakoto/interbotix_ws/install/interbotix_tf_tools/share/interbotix_tf_tools//launch
[0.618s] -- Up-to-date: /home/inouemakoto/interbotix_ws/install/interbotix_tf_tools/share/interbotix_tf_tools//launch/static_transform_pub.launch.py
[0.618s] -- Up-to-date: /home/inouemakoto/interbotix_ws/install/interbotix_tf_tools/share/interbotix_tf_tools//launch/tf_rebroadcaster.launch.py
[0.618s] -- Up-to-date: /home/inouemakoto/interbotix_ws/install/interbotix_tf_tools/share/ament_index/resource_index/package_run_dependencies/interbotix_tf_tools
[0.618s] -- Up-to-date: /home/inouemakoto/interbotix_ws/install/interbotix_tf_tools/share/ament_index/resource_index/parent_prefix_path/interbotix_tf_tools
[0.618s] -- Up-to-date: /home/inouemakoto/interbotix_ws/install/interbotix_tf_tools/share/interbotix_tf_tools/environment/ament_prefix_path.sh
[0.618s] -- Up-to-date: /home/inouemakoto/interbotix_ws/install/interbotix_tf_tools/share/interbotix_tf_tools/environment/ament_prefix_path.dsv
[0.619s] -- Up-to-date: /home/inouemakoto/interbotix_ws/install/interbotix_tf_tools/share/interbotix_tf_tools/environment/path.sh
[0.619s] -- Up-to-date: /home/inouemakoto/interbotix_ws/install/interbotix_tf_tools/share/interbotix_tf_tools/environment/path.dsv
[0.619s] -- Up-to-date: /home/inouemakoto/interbotix_ws/install/interbotix_tf_tools/share/interbotix_tf_tools/local_setup.bash
[0.619s] -- Up-to-date: /home/inouemakoto/interbotix_ws/install/interbotix_tf_tools/share/interbotix_tf_tools/local_setup.sh
[0.619s] -- Up-to-date: /home/inouemakoto/interbotix_ws/install/interbotix_tf_tools/share/interbotix_tf_tools/local_setup.zsh
[0.619s] -- Up-to-date: /home/inouemakoto/interbotix_ws/install/interbotix_tf_tools/share/interbotix_tf_tools/local_setup.dsv
[0.620s] -- Installing: /home/inouemakoto/interbotix_ws/install/interbotix_tf_tools/share/interbotix_tf_tools/package.dsv
[0.620s] -- Up-to-date: /home/inouemakoto/interbotix_ws/install/interbotix_tf_tools/share/ament_index/resource_index/packages/interbotix_tf_tools
[0.622s] -- Up-to-date: /home/inouemakoto/interbotix_ws/install/interbotix_tf_tools/share/ament_index/resource_index/rclcpp_components/interbotix_tf_tools
[0.624s] -- Up-to-date: /home/inouemakoto/interbotix_ws/install/interbotix_tf_tools/share/interbotix_tf_tools/cmake/interbotix_tf_toolsConfig.cmake
[0.625s] -- Up-to-date: /home/inouemakoto/interbotix_ws/install/interbotix_tf_tools/share/interbotix_tf_tools/cmake/interbotix_tf_toolsConfig-version.cmake
[0.626s] -- Up-to-date: /home/inouemakoto/interbotix_ws/install/interbotix_tf_tools/share/interbotix_tf_tools/package.xml
[0.644s] Invoked command in '/home/inouemakoto/interbotix_ws/build/interbotix_tf_tools' returned '0': CMAKE_PREFIX_PATH=${CMAKE_PREFIX_PATH}:/home/inouemakoto/interbotix_ws/install/interbotix_xs_modules:/home/inouemakoto/interbotix_ws/install/interbotix_common_modules:/home/inouemakoto/ws_moveit2/install/moveit_configs_utils:/home/inouemakoto/ws_moveit2/install/launch_param_builder:/home/inouemakoto/install/interbotix_xs_modules:/home/inouemakoto/install/interbotix_common_modules:/opt/ros/humble /usr/bin/cmake --install /home/inouemakoto/interbotix_ws/build/interbotix_tf_tools
