running egg_info
creating ../../../../build/interbotix_common_modules/interbotix_common_modules.egg-info
writing ../../../../build/interbotix_common_modules/interbotix_common_modules.egg-info/PKG-INFO
writing dependency_links to ../../../../build/interbotix_common_modules/interbotix_common_modules.egg-info/dependency_links.txt
writing entry points to ../../../../build/interbotix_common_modules/interbotix_common_modules.egg-info/entry_points.txt
writing requirements to ../../../../build/interbotix_common_modules/interbotix_common_modules.egg-info/requires.txt
writing top-level names to ../../../../build/interbotix_common_modules/interbotix_common_modules.egg-info/top_level.txt
writing manifest file '../../../../build/interbotix_common_modules/interbotix_common_modules.egg-info/SOURCES.txt'
reading manifest file '../../../../build/interbotix_common_modules/interbotix_common_modules.egg-info/SOURCES.txt'
writing manifest file '../../../../build/interbotix_common_modules/interbotix_common_modules.egg-info/SOURCES.txt'
running build
running build_py
creating /home/inouemakoto/interbotix_ws/build/interbotix_common_modules/build
creating /home/inouemakoto/interbotix_ws/build/interbotix_common_modules/build/lib
creating /home/inouemakoto/interbotix_ws/build/interbotix_common_modules/build/lib/interbotix_common_modules
copying interbotix_common_modules/__init__.py -> /home/inouemakoto/interbotix_ws/build/interbotix_common_modules/build/lib/interbotix_common_modules
creating /home/inouemakoto/interbotix_ws/build/interbotix_common_modules/build/lib/interbotix_common_modules/py_common
copying interbotix_common_modules/py_common/params.py -> /home/inouemakoto/interbotix_ws/build/interbotix_common_modules/build/lib/interbotix_common_modules/py_common
copying interbotix_common_modules/py_common/__init__.py -> /home/inouemakoto/interbotix_ws/build/interbotix_common_modules/build/lib/interbotix_common_modules/py_common
creating /home/inouemakoto/interbotix_ws/build/interbotix_common_modules/build/lib/interbotix_common_modules/launch
copying interbotix_common_modules/launch/and_condition.py -> /home/inouemakoto/interbotix_ws/build/interbotix_common_modules/build/lib/interbotix_common_modules/launch
copying interbotix_common_modules/launch/or_condition.py -> /home/inouemakoto/interbotix_ws/build/interbotix_common_modules/build/lib/interbotix_common_modules/launch
copying interbotix_common_modules/launch/__init__.py -> /home/inouemakoto/interbotix_ws/build/interbotix_common_modules/build/lib/interbotix_common_modules/launch
creating /home/inouemakoto/interbotix_ws/build/interbotix_common_modules/build/lib/interbotix_common_modules/angle_manipulation
copying interbotix_common_modules/angle_manipulation/__init__.py -> /home/inouemakoto/interbotix_ws/build/interbotix_common_modules/build/lib/interbotix_common_modules/angle_manipulation
copying interbotix_common_modules/angle_manipulation/angle_manipulation.py -> /home/inouemakoto/interbotix_ws/build/interbotix_common_modules/build/lib/interbotix_common_modules/angle_manipulation
running install
/usr/lib/python3/dist-packages/setuptools/command/install.py:34: SetuptoolsDeprecationWarning: setup.py install is deprecated. Use build and pip and other standards-based tools.
  warnings.warn(
running install_lib
creating /home/inouemakoto/interbotix_ws/install/interbotix_common_modules/lib/python3.10/site-packages/interbotix_common_modules
creating /home/inouemakoto/interbotix_ws/install/interbotix_common_modules/lib/python3.10/site-packages/interbotix_common_modules/py_common
copying /home/inouemakoto/interbotix_ws/build/interbotix_common_modules/build/lib/interbotix_common_modules/py_common/params.py -> /home/inouemakoto/interbotix_ws/install/interbotix_common_modules/lib/python3.10/site-packages/interbotix_common_modules/py_common
copying /home/inouemakoto/interbotix_ws/build/interbotix_common_modules/build/lib/interbotix_common_modules/py_common/__init__.py -> /home/inouemakoto/interbotix_ws/install/interbotix_common_modules/lib/python3.10/site-packages/interbotix_common_modules/py_common
creating /home/inouemakoto/interbotix_ws/install/interbotix_common_modules/lib/python3.10/site-packages/interbotix_common_modules/launch
copying /home/inouemakoto/interbotix_ws/build/interbotix_common_modules/build/lib/interbotix_common_modules/launch/and_condition.py -> /home/inouemakoto/interbotix_ws/install/interbotix_common_modules/lib/python3.10/site-packages/interbotix_common_modules/launch
copying /home/inouemakoto/interbotix_ws/build/interbotix_common_modules/build/lib/interbotix_common_modules/launch/or_condition.py -> /home/inouemakoto/interbotix_ws/install/interbotix_common_modules/lib/python3.10/site-packages/interbotix_common_modules/launch
copying /home/inouemakoto/interbotix_ws/build/interbotix_common_modules/build/lib/interbotix_common_modules/launch/__init__.py -> /home/inouemakoto/interbotix_ws/install/interbotix_common_modules/lib/python3.10/site-packages/interbotix_common_modules/launch
copying /home/inouemakoto/interbotix_ws/build/interbotix_common_modules/build/lib/interbotix_common_modules/__init__.py -> /home/inouemakoto/interbotix_ws/install/interbotix_common_modules/lib/python3.10/site-packages/interbotix_common_modules
creating /home/inouemakoto/interbotix_ws/install/interbotix_common_modules/lib/python3.10/site-packages/interbotix_common_modules/angle_manipulation
copying /home/inouemakoto/interbotix_ws/build/interbotix_common_modules/build/lib/interbotix_common_modules/angle_manipulation/__init__.py -> /home/inouemakoto/interbotix_ws/install/interbotix_common_modules/lib/python3.10/site-packages/interbotix_common_modules/angle_manipulation
copying /home/inouemakoto/interbotix_ws/build/interbotix_common_modules/build/lib/interbotix_common_modules/angle_manipulation/angle_manipulation.py -> /home/inouemakoto/interbotix_ws/install/interbotix_common_modules/lib/python3.10/site-packages/interbotix_common_modules/angle_manipulation
byte-compiling /home/inouemakoto/interbotix_ws/install/interbotix_common_modules/lib/python3.10/site-packages/interbotix_common_modules/py_common/params.py to params.cpython-310.pyc
byte-compiling /home/inouemakoto/interbotix_ws/install/interbotix_common_modules/lib/python3.10/site-packages/interbotix_common_modules/py_common/__init__.py to __init__.cpython-310.pyc
byte-compiling /home/inouemakoto/interbotix_ws/install/interbotix_common_modules/lib/python3.10/site-packages/interbotix_common_modules/launch/and_condition.py to and_condition.cpython-310.pyc
byte-compiling /home/inouemakoto/interbotix_ws/install/interbotix_common_modules/lib/python3.10/site-packages/interbotix_common_modules/launch/or_condition.py to or_condition.cpython-310.pyc
byte-compiling /home/inouemakoto/interbotix_ws/install/interbotix_common_modules/lib/python3.10/site-packages/interbotix_common_modules/launch/__init__.py to __init__.cpython-310.pyc
byte-compiling /home/inouemakoto/interbotix_ws/install/interbotix_common_modules/lib/python3.10/site-packages/interbotix_common_modules/__init__.py to __init__.cpython-310.pyc
byte-compiling /home/inouemakoto/interbotix_ws/install/interbotix_common_modules/lib/python3.10/site-packages/interbotix_common_modules/angle_manipulation/__init__.py to __init__.cpython-310.pyc
byte-compiling /home/inouemakoto/interbotix_ws/install/interbotix_common_modules/lib/python3.10/site-packages/interbotix_common_modules/angle_manipulation/angle_manipulation.py to angle_manipulation.cpython-310.pyc
running install_data
creating /home/inouemakoto/interbotix_ws/install/interbotix_common_modules/share/ament_index
creating /home/inouemakoto/interbotix_ws/install/interbotix_common_modules/share/ament_index/resource_index
creating /home/inouemakoto/interbotix_ws/install/interbotix_common_modules/share/ament_index/resource_index/packages
copying resource/interbotix_common_modules -> /home/inouemakoto/interbotix_ws/install/interbotix_common_modules/share/ament_index/resource_index/packages
copying package.xml -> /home/inouemakoto/interbotix_ws/install/interbotix_common_modules/share/interbotix_common_modules
running install_egg_info
Copying ../../../../build/interbotix_common_modules/interbotix_common_modules.egg-info to /home/inouemakoto/interbotix_ws/install/interbotix_common_modules/lib/python3.10/site-packages/interbotix_common_modules-0.0.0-py3.10.egg-info
running install_scripts
writing list of installed files to '/home/inouemakoto/interbotix_ws/build/interbotix_common_modules/install.log'
