[1.215s] Invoking command in '/home/inouemakoto/interbotix_ws/build/interbotix_common_modules': PYTHONPATH=/home/inouemakoto/interbotix_ws/build/interbotix_common_modules/prefix_override:/home/inouemakoto/interbotix_ws/install/interbotix_common_modules/lib/python3.10/site-packages:${PYTHONPATH} /usr/bin/python3 setup.py develop --uninstall --editable --build-directory /home/inouemakoto/interbotix_ws/build/interbotix_common_modules/build
[1.503s] running develop
[1.504s] /usr/lib/python3/dist-packages/setuptools/command/easy_install.py:158: EasyInstallDeprecationWarning: easy_install command is deprecated. Use build and pip and other standards-based tools.
[1.504s]   warnings.warn(
[1.505s] /usr/lib/python3/dist-packages/setuptools/command/install.py:34: SetuptoolsDeprecationWarning: setup.py install is deprecated. Use build and pip and other standards-based tools.
[1.505s]   warnings.warn(
[1.568s] /usr/lib/python3/dist-packages/pkg_resources/__init__.py:116: PkgResourcesDeprecationWarning: 1.16.0-unknown is an invalid version and will not be supported in a future release
[1.568s]   warnings.warn(
[1.568s] /usr/lib/python3/dist-packages/pkg_resources/__init__.py:116: PkgResourcesDeprecationWarning: 0.1.43ubuntu1 is an invalid version and will not be supported in a future release
[1.568s]   warnings.warn(
[1.569s] /usr/lib/python3/dist-packages/pkg_resources/__init__.py:116: PkgResourcesDeprecationWarning: 1.1build1 is an invalid version and will not be supported in a future release
[1.569s]   warnings.warn(
[1.569s] /usr/lib/python3/dist-packages/pkg_resources/__init__.py:116: PkgResourcesDeprecationWarning: 1.12.1-git20200711.33e2d80-dfsg1-0.6 is an invalid version and will not be supported in a future release
[1.569s]   warnings.warn(
[1.683s] Removing /home/inouemakoto/interbotix_ws/install/interbotix_common_modules/lib/python3.10/site-packages/interbotix-common-modules.egg-link (link to .)
[1.720s] Invoked command in '/home/inouemakoto/interbotix_ws/build/interbotix_common_modules' returned '0': PYTHONPATH=/home/inouemakoto/interbotix_ws/build/interbotix_common_modules/prefix_override:/home/inouemakoto/interbotix_ws/install/interbotix_common_modules/lib/python3.10/site-packages:${PYTHONPATH} /usr/bin/python3 setup.py develop --uninstall --editable --build-directory /home/inouemakoto/interbotix_ws/build/interbotix_common_modules/build
[1.723s] Invoking command in '/home/inouemakoto/interbotix_ws/src/interbotix_ros_toolboxes/interbotix_common_toolbox/interbotix_common_modules': PYTHONPATH=/home/inouemakoto/interbotix_ws/build/interbotix_common_modules/prefix_override:/home/inouemakoto/interbotix_ws/install/interbotix_common_modules/lib/python3.10/site-packages:${PYTHONPATH} /usr/bin/python3 setup.py egg_info --egg-base ../../../../build/interbotix_common_modules build --build-base /home/inouemakoto/interbotix_ws/build/interbotix_common_modules/build install --record /home/inouemakoto/interbotix_ws/build/interbotix_common_modules/install.log --single-version-externally-managed
[1.993s] running egg_info
[1.995s] writing ../../../../build/interbotix_common_modules/interbotix_common_modules.egg-info/PKG-INFO
[1.995s] writing dependency_links to ../../../../build/interbotix_common_modules/interbotix_common_modules.egg-info/dependency_links.txt
[1.995s] writing entry points to ../../../../build/interbotix_common_modules/interbotix_common_modules.egg-info/entry_points.txt
[1.996s] writing requirements to ../../../../build/interbotix_common_modules/interbotix_common_modules.egg-info/requires.txt
[1.996s] writing top-level names to ../../../../build/interbotix_common_modules/interbotix_common_modules.egg-info/top_level.txt
[1.997s] reading manifest file '../../../../build/interbotix_common_modules/interbotix_common_modules.egg-info/SOURCES.txt'
[1.998s] writing manifest file '../../../../build/interbotix_common_modules/interbotix_common_modules.egg-info/SOURCES.txt'
[1.999s] running build
[1.999s] running build_py
[1.999s] running install
[1.999s] /usr/lib/python3/dist-packages/setuptools/command/install.py:34: SetuptoolsDeprecationWarning: setup.py install is deprecated. Use build and pip and other standards-based tools.
[2.000s]   warnings.warn(
[2.000s] running install_lib
[2.000s] creating /home/inouemakoto/interbotix_ws/install/interbotix_common_modules/lib/python3.10/site-packages/interbotix_common_modules
[2.000s] creating /home/inouemakoto/interbotix_ws/install/interbotix_common_modules/lib/python3.10/site-packages/interbotix_common_modules/py_common
[2.001s] copying /home/inouemakoto/interbotix_ws/build/interbotix_common_modules/build/lib/interbotix_common_modules/py_common/params.py -> /home/inouemakoto/interbotix_ws/install/interbotix_common_modules/lib/python3.10/site-packages/interbotix_common_modules/py_common
[2.001s] copying /home/inouemakoto/interbotix_ws/build/interbotix_common_modules/build/lib/interbotix_common_modules/py_common/__init__.py -> /home/inouemakoto/interbotix_ws/install/interbotix_common_modules/lib/python3.10/site-packages/interbotix_common_modules/py_common
[2.002s] creating /home/inouemakoto/interbotix_ws/install/interbotix_common_modules/lib/python3.10/site-packages/interbotix_common_modules/launch
[2.002s] copying /home/inouemakoto/interbotix_ws/build/interbotix_common_modules/build/lib/interbotix_common_modules/launch/and_condition.py -> /home/inouemakoto/interbotix_ws/install/interbotix_common_modules/lib/python3.10/site-packages/interbotix_common_modules/launch
[2.002s] copying /home/inouemakoto/interbotix_ws/build/interbotix_common_modules/build/lib/interbotix_common_modules/launch/or_condition.py -> /home/inouemakoto/interbotix_ws/install/interbotix_common_modules/lib/python3.10/site-packages/interbotix_common_modules/launch
[2.002s] copying /home/inouemakoto/interbotix_ws/build/interbotix_common_modules/build/lib/interbotix_common_modules/launch/__init__.py -> /home/inouemakoto/interbotix_ws/install/interbotix_common_modules/lib/python3.10/site-packages/interbotix_common_modules/launch
[2.003s] copying /home/inouemakoto/interbotix_ws/build/interbotix_common_modules/build/lib/interbotix_common_modules/__init__.py -> /home/inouemakoto/interbotix_ws/install/interbotix_common_modules/lib/python3.10/site-packages/interbotix_common_modules
[2.003s] creating /home/inouemakoto/interbotix_ws/install/interbotix_common_modules/lib/python3.10/site-packages/interbotix_common_modules/angle_manipulation
[2.003s] copying /home/inouemakoto/interbotix_ws/build/interbotix_common_modules/build/lib/interbotix_common_modules/angle_manipulation/__init__.py -> /home/inouemakoto/interbotix_ws/install/interbotix_common_modules/lib/python3.10/site-packages/interbotix_common_modules/angle_manipulation
[2.003s] copying /home/inouemakoto/interbotix_ws/build/interbotix_common_modules/build/lib/interbotix_common_modules/angle_manipulation/angle_manipulation.py -> /home/inouemakoto/interbotix_ws/install/interbotix_common_modules/lib/python3.10/site-packages/interbotix_common_modules/angle_manipulation
[2.004s] byte-compiling /home/inouemakoto/interbotix_ws/install/interbotix_common_modules/lib/python3.10/site-packages/interbotix_common_modules/py_common/params.py to params.cpython-310.pyc
[2.004s] byte-compiling /home/inouemakoto/interbotix_ws/install/interbotix_common_modules/lib/python3.10/site-packages/interbotix_common_modules/py_common/__init__.py to __init__.cpython-310.pyc
[2.004s] byte-compiling /home/inouemakoto/interbotix_ws/install/interbotix_common_modules/lib/python3.10/site-packages/interbotix_common_modules/launch/and_condition.py to and_condition.cpython-310.pyc
[2.005s] byte-compiling /home/inouemakoto/interbotix_ws/install/interbotix_common_modules/lib/python3.10/site-packages/interbotix_common_modules/launch/or_condition.py to or_condition.cpython-310.pyc
[2.005s] byte-compiling /home/inouemakoto/interbotix_ws/install/interbotix_common_modules/lib/python3.10/site-packages/interbotix_common_modules/launch/__init__.py to __init__.cpython-310.pyc
[2.005s] byte-compiling /home/inouemakoto/interbotix_ws/install/interbotix_common_modules/lib/python3.10/site-packages/interbotix_common_modules/__init__.py to __init__.cpython-310.pyc
[2.006s] byte-compiling /home/inouemakoto/interbotix_ws/install/interbotix_common_modules/lib/python3.10/site-packages/interbotix_common_modules/angle_manipulation/__init__.py to __init__.cpython-310.pyc
[2.006s] byte-compiling /home/inouemakoto/interbotix_ws/install/interbotix_common_modules/lib/python3.10/site-packages/interbotix_common_modules/angle_manipulation/angle_manipulation.py to angle_manipulation.cpython-310.pyc
[2.006s] running install_data
[2.007s] running install_egg_info
[2.009s] Copying ../../../../build/interbotix_common_modules/interbotix_common_modules.egg-info to /home/inouemakoto/interbotix_ws/install/interbotix_common_modules/lib/python3.10/site-packages/interbotix_common_modules-0.0.0-py3.10.egg-info
[2.010s] running install_scripts
[2.032s] writing list of installed files to '/home/inouemakoto/interbotix_ws/build/interbotix_common_modules/install.log'
[2.061s] Invoked command in '/home/inouemakoto/interbotix_ws/src/interbotix_ros_toolboxes/interbotix_common_toolbox/interbotix_common_modules' returned '0': PYTHONPATH=/home/inouemakoto/interbotix_ws/build/interbotix_common_modules/prefix_override:/home/inouemakoto/interbotix_ws/install/interbotix_common_modules/lib/python3.10/site-packages:${PYTHONPATH} /usr/bin/python3 setup.py egg_info --egg-base ../../../../build/interbotix_common_modules build --build-base /home/inouemakoto/interbotix_ws/build/interbotix_common_modules/build install --record /home/inouemakoto/interbotix_ws/build/interbotix_common_modules/install.log --single-version-externally-managed
