[4.865s] Invoking command in '/home/inouemakoto/interbotix_ws/src/camera': PYTHONPATH=/home/inouemakoto/interbotix_ws/build/camera/prefix_override:/home/inouemakoto/interbotix_ws/install/camera/lib/python3.10/site-packages:${PYTHONPATH} /usr/bin/python3 setup.py egg_info --egg-base ../../build/camera build --build-base /home/inouemakoto/interbotix_ws/build/camera/build install --record /home/inouemakoto/interbotix_ws/build/camera/install.log --single-version-externally-managed
[5.122s] running egg_info
[5.140s] writing ../../build/camera/camera.egg-info/PKG-INFO
[5.140s] writing dependency_links to ../../build/camera/camera.egg-info/dependency_links.txt
[5.140s] writing entry points to ../../build/camera/camera.egg-info/entry_points.txt
[5.141s] writing requirements to ../../build/camera/camera.egg-info/requires.txt
[5.141s] writing top-level names to ../../build/camera/camera.egg-info/top_level.txt
[5.176s] reading manifest file '../../build/camera/camera.egg-info/SOURCES.txt'
[5.176s] writing manifest file '../../build/camera/camera.egg-info/SOURCES.txt'
[5.177s] running build
[5.177s] running build_py
[5.177s] running install
[5.177s] /home/inouemakoto/.local/lib/python3.10/site-packages/setuptools/_distutils/cmd.py:66: SetuptoolsDeprecationWarning: setup.py install is deprecated.
[5.177s] !!
[5.177s] 
[5.178s]         ********************************************************************************
[5.178s]         Please avoid running ``setup.py`` directly.
[5.178s]         Instead, use pypa/build, pypa/installer or other
[5.178s]         standards-based tools.
[5.178s] 
[5.178s]         See https://blog.ganssle.io/articles/2021/10/setup-py-deprecated.html for details.
[5.178s]         ********************************************************************************
[5.178s] 
[5.178s] !!
[5.178s]   self.initialize_options()
[5.184s] running install_lib
[5.201s] running install_data
[5.219s] running install_egg_info
[5.238s] removing '/home/inouemakoto/interbotix_ws/install/camera/lib/python3.10/site-packages/camera-0.0.0-py3.10.egg-info' (and everything under it)
[5.238s] Copying ../../build/camera/camera.egg-info to /home/inouemakoto/interbotix_ws/install/camera/lib/python3.10/site-packages/camera-0.0.0-py3.10.egg-info
[5.239s] running install_scripts
[5.399s] Installing camera_imu.py script to /home/inouemakoto/interbotix_ws/install/camera/lib/camera
[5.399s] writing list of installed files to '/home/inouemakoto/interbotix_ws/build/camera/install.log'
[6.320s] Invoked command in '/home/inouemakoto/interbotix_ws/src/camera' returned '0': PYTHONPATH=/home/inouemakoto/interbotix_ws/build/camera/prefix_override:/home/inouemakoto/interbotix_ws/install/camera/lib/python3.10/site-packages:${PYTHONPATH} /usr/bin/python3 setup.py egg_info --egg-base ../../build/camera build --build-base /home/inouemakoto/interbotix_ws/build/camera/build install --record /home/inouemakoto/interbotix_ws/build/camera/install.log --single-version-externally-managed
