[3.835s] Invoking command in '/home/inouemakoto/interbotix_ws/build/graph_msgs': CMAKE_PREFIX_PATH=${CMAKE_PREFIX_PATH}:/home/inouemakoto/interbotix_ws/install/yolov5_ros2:/home/inouemakoto/interbotix_ws/install/interbotix_landmark_modules:/home/inouemakoto/interbotix_ws/install/interbotix_perception_modules:/home/inouemakoto/interbotix_ws/install/pick_vision:/home/inouemakoto/interbotix_ws/install/moveit_service:/home/inouemakoto/interbotix_ws/install/opencv_tests:/home/inouemakoto/interbotix_ws/install/opencv_ros2:/home/inouemakoto/interbotix_ws/install/makoto:/home/inouemakoto/interbotix_ws/install/interbotix_xs_modules:/home/inouemakoto/interbotix_ws/install/interbotix_rpi_modules:/home/inouemakoto/interbotix_ws/install/interbotix_common_modules:/home/inouemakoto/interbotix_ws/install/camera:/home/inouemakoto/ws_moveit2/install/moveit_configs_utils:/home/inouemakoto/ws_moveit2/install/launch_param_builder:/home/inouemakoto/install/moveit_service:/home/inouemakoto/install/interbotix_xs_modules:/home/inouemakoto/install/interbotix_moveit_interface_msgs:/home/inouemakoto/install/interbotix_common_modules:/home/inouemakoto/install/camera:/opt/ros/humble /usr/bin/cmake --build /home/inouemakoto/interbotix_ws/build/graph_msgs -- -j20 -l20
[6.851s] [ 10%] Built target graph_msgs__rosidl_generator_c
[6.852s] [ 12%] Built target graph_msgs__cpp
[6.852s] [ 12%] Built target ament_cmake_python_copy_graph_msgs
[6.852s] [ 23%] Built target graph_msgs__rosidl_typesupport_fastrtps_c
[6.852s] [ 33%] Built target graph_msgs__rosidl_typesupport_c
[6.852s] [ 43%] Built target graph_msgs__rosidl_typesupport_introspection_cpp
[6.852s] [ 53%] Built target graph_msgs__rosidl_typesupport_introspection_c
[6.852s] [ 64%] Built target graph_msgs__rosidl_typesupport_fastrtps_cpp
[6.852s] [ 74%] Built target graph_msgs__rosidl_typesupport_cpp
[6.852s] [ 74%] Built target graph_msgs
[6.853s] [ 76%] Built target graph_msgs__py
[6.853s] [ 84%] Built target graph_msgs__rosidl_generator_py
[6.853s] [ 89%] Built target graph_msgs__rosidl_typesupport_introspection_c__pyext
[6.853s] [ 94%] Built target graph_msgs__rosidl_typesupport_fastrtps_c__pyext
[6.853s] running egg_info
[6.853s] writing graph_msgs.egg-info/PKG-INFO
[6.853s] [100%] Built target graph_msgs__rosidl_typesupport_c__pyext
[6.853s] writing dependency_links to graph_msgs.egg-info/dependency_links.txt
[6.853s] writing top-level names to graph_msgs.egg-info/top_level.txt
[6.853s] reading manifest file 'graph_msgs.egg-info/SOURCES.txt'
[6.854s] writing manifest file 'graph_msgs.egg-info/SOURCES.txt'
[6.854s] [100%] Built target ament_cmake_python_build_graph_msgs_egg
[6.872s] Invoked command in '/home/inouemakoto/interbotix_ws/build/graph_msgs' returned '0': CMAKE_PREFIX_PATH=${CMAKE_PREFIX_PATH}:/home/inouemakoto/interbotix_ws/install/yolov5_ros2:/home/inouemakoto/interbotix_ws/install/interbotix_landmark_modules:/home/inouemakoto/interbotix_ws/install/interbotix_perception_modules:/home/inouemakoto/interbotix_ws/install/pick_vision:/home/inouemakoto/interbotix_ws/install/moveit_service:/home/inouemakoto/interbotix_ws/install/opencv_tests:/home/inouemakoto/interbotix_ws/install/opencv_ros2:/home/inouemakoto/interbotix_ws/install/makoto:/home/inouemakoto/interbotix_ws/install/interbotix_xs_modules:/home/inouemakoto/interbotix_ws/install/interbotix_rpi_modules:/home/inouemakoto/interbotix_ws/install/interbotix_common_modules:/home/inouemakoto/interbotix_ws/install/camera:/home/inouemakoto/ws_moveit2/install/moveit_configs_utils:/home/inouemakoto/ws_moveit2/install/launch_param_builder:/home/inouemakoto/install/moveit_service:/home/inouemakoto/install/interbotix_xs_modules:/home/inouemakoto/install/interbotix_moveit_interface_msgs:/home/inouemakoto/install/interbotix_common_modules:/home/inouemakoto/install/camera:/opt/ros/humble /usr/bin/cmake --build /home/inouemakoto/interbotix_ws/build/graph_msgs -- -j20 -l20
[7.705s] Invoking command in '/home/inouemakoto/interbotix_ws/build/graph_msgs': CMAKE_PREFIX_PATH=${CMAKE_PREFIX_PATH}:/home/inouemakoto/interbotix_ws/install/yolov5_ros2:/home/inouemakoto/interbotix_ws/install/interbotix_landmark_modules:/home/inouemakoto/interbotix_ws/install/interbotix_perception_modules:/home/inouemakoto/interbotix_ws/install/pick_vision:/home/inouemakoto/interbotix_ws/install/moveit_service:/home/inouemakoto/interbotix_ws/install/opencv_tests:/home/inouemakoto/interbotix_ws/install/opencv_ros2:/home/inouemakoto/interbotix_ws/install/makoto:/home/inouemakoto/interbotix_ws/install/interbotix_xs_modules:/home/inouemakoto/interbotix_ws/install/interbotix_rpi_modules:/home/inouemakoto/interbotix_ws/install/interbotix_common_modules:/home/inouemakoto/interbotix_ws/install/camera:/home/inouemakoto/ws_moveit2/install/moveit_configs_utils:/home/inouemakoto/ws_moveit2/install/launch_param_builder:/home/inouemakoto/install/moveit_service:/home/inouemakoto/install/interbotix_xs_modules:/home/inouemakoto/install/interbotix_moveit_interface_msgs:/home/inouemakoto/install/interbotix_common_modules:/home/inouemakoto/install/camera:/opt/ros/humble /usr/bin/cmake --install /home/inouemakoto/interbotix_ws/build/graph_msgs
[7.760s] -- Install configuration: ""
[7.760s] -- Up-to-date: /home/inouemakoto/interbotix_ws/install/graph_msgs/share/ament_index/resource_index/rosidl_interfaces/graph_msgs
[7.760s] -- Up-to-date: /home/inouemakoto/interbotix_ws/install/graph_msgs/include/graph_msgs/graph_msgs
[7.760s] -- Up-to-date: /home/inouemakoto/interbotix_ws/install/graph_msgs/include/graph_msgs/graph_msgs/msg
[7.760s] -- Up-to-date: /home/inouemakoto/interbotix_ws/install/graph_msgs/include/graph_msgs/graph_msgs/msg/edges.h
[7.760s] -- Up-to-date: /home/inouemakoto/interbotix_ws/install/graph_msgs/include/graph_msgs/graph_msgs/msg/geometry_graph.h
[7.760s] -- Up-to-date: /home/inouemakoto/interbotix_ws/install/graph_msgs/include/graph_msgs/graph_msgs/msg/rosidl_generator_c__visibility_control.h
[7.760s] -- Up-to-date: /home/inouemakoto/interbotix_ws/install/graph_msgs/include/graph_msgs/graph_msgs/msg/detail
[7.760s] -- Up-to-date: /home/inouemakoto/interbotix_ws/install/graph_msgs/include/graph_msgs/graph_msgs/msg/detail/edges__functions.h
[7.760s] -- Up-to-date: /home/inouemakoto/interbotix_ws/install/graph_msgs/include/graph_msgs/graph_msgs/msg/detail/geometry_graph__functions.c
[7.760s] -- Up-to-date: /home/inouemakoto/interbotix_ws/install/graph_msgs/include/graph_msgs/graph_msgs/msg/detail/geometry_graph__type_support.h
[7.760s] -- Up-to-date: /home/inouemakoto/interbotix_ws/install/graph_msgs/include/graph_msgs/graph_msgs/msg/detail/geometry_graph__functions.h
[7.761s] -- Up-to-date: /home/inouemakoto/interbotix_ws/install/graph_msgs/include/graph_msgs/graph_msgs/msg/detail/geometry_graph__struct.h
[7.761s] -- Up-to-date: /home/inouemakoto/interbotix_ws/install/graph_msgs/include/graph_msgs/graph_msgs/msg/detail/edges__functions.c
[7.761s] -- Up-to-date: /home/inouemakoto/interbotix_ws/install/graph_msgs/include/graph_msgs/graph_msgs/msg/detail/edges__type_support.h
[7.761s] -- Up-to-date: /home/inouemakoto/interbotix_ws/install/graph_msgs/include/graph_msgs/graph_msgs/msg/detail/edges__struct.h
[7.761s] -- Up-to-date: /home/inouemakoto/interbotix_ws/install/graph_msgs/share/graph_msgs/environment/library_path.sh
[7.761s] -- Up-to-date: /home/inouemakoto/interbotix_ws/install/graph_msgs/share/graph_msgs/environment/library_path.dsv
[7.761s] -- Up-to-date: /home/inouemakoto/interbotix_ws/install/graph_msgs/lib/libgraph_msgs__rosidl_generator_c.so
[7.761s] -- Up-to-date: /home/inouemakoto/interbotix_ws/install/graph_msgs/include/graph_msgs/graph_msgs
[7.761s] -- Up-to-date: /home/inouemakoto/interbotix_ws/install/graph_msgs/include/graph_msgs/graph_msgs/msg
[7.761s] -- Up-to-date: /home/inouemakoto/interbotix_ws/install/graph_msgs/include/graph_msgs/graph_msgs/msg/detail
[7.782s] -- Up-to-date: /home/inouemakoto/interbotix_ws/install/graph_msgs/include/graph_msgs/graph_msgs/msg/detail/geometry_graph__rosidl_typesupport_fastrtps_c.h
[7.782s] -- Up-to-date: /home/inouemakoto/interbotix_ws/install/graph_msgs/include/graph_msgs/graph_msgs/msg/detail/edges__rosidl_typesupport_fastrtps_c.h
[7.782s] -- Up-to-date: /home/inouemakoto/interbotix_ws/install/graph_msgs/include/graph_msgs/graph_msgs/msg/rosidl_typesupport_fastrtps_c__visibility_control.h
[7.782s] -- Up-to-date: /home/inouemakoto/interbotix_ws/install/graph_msgs/lib/libgraph_msgs__rosidl_typesupport_fastrtps_c.so
[7.782s] -- Up-to-date: /home/inouemakoto/interbotix_ws/install/graph_msgs/include/graph_msgs/graph_msgs
[7.782s] -- Up-to-date: /home/inouemakoto/interbotix_ws/install/graph_msgs/include/graph_msgs/graph_msgs/msg
[7.782s] -- Up-to-date: /home/inouemakoto/interbotix_ws/install/graph_msgs/include/graph_msgs/graph_msgs/msg/rosidl_typesupport_introspection_c__visibility_control.h
[7.782s] -- Up-to-date: /home/inouemakoto/interbotix_ws/install/graph_msgs/include/graph_msgs/graph_msgs/msg/detail
[7.782s] -- Up-to-date: /home/inouemakoto/interbotix_ws/install/graph_msgs/include/graph_msgs/graph_msgs/msg/detail/edges__type_support.c
[7.782s] -- Up-to-date: /home/inouemakoto/interbotix_ws/install/graph_msgs/include/graph_msgs/graph_msgs/msg/detail/geometry_graph__type_support.c
[7.782s] -- Up-to-date: /home/inouemakoto/interbotix_ws/install/graph_msgs/include/graph_msgs/graph_msgs/msg/detail/geometry_graph__rosidl_typesupport_introspection_c.h
[7.783s] -- Up-to-date: /home/inouemakoto/interbotix_ws/install/graph_msgs/include/graph_msgs/graph_msgs/msg/detail/edges__rosidl_typesupport_introspection_c.h
[7.783s] -- Up-to-date: /home/inouemakoto/interbotix_ws/install/graph_msgs/lib/libgraph_msgs__rosidl_typesupport_introspection_c.so
[7.783s] -- Up-to-date: /home/inouemakoto/interbotix_ws/install/graph_msgs/lib/libgraph_msgs__rosidl_typesupport_c.so
[7.783s] -- Up-to-date: /home/inouemakoto/interbotix_ws/install/graph_msgs/include/graph_msgs/graph_msgs
[7.783s] -- Up-to-date: /home/inouemakoto/interbotix_ws/install/graph_msgs/include/graph_msgs/graph_msgs/msg
[7.783s] -- Up-to-date: /home/inouemakoto/interbotix_ws/install/graph_msgs/include/graph_msgs/graph_msgs/msg/geometry_graph.hpp
[7.783s] -- Up-to-date: /home/inouemakoto/interbotix_ws/install/graph_msgs/include/graph_msgs/graph_msgs/msg/detail
[7.783s] -- Up-to-date: /home/inouemakoto/interbotix_ws/install/graph_msgs/include/graph_msgs/graph_msgs/msg/detail/geometry_graph__traits.hpp
[7.783s] -- Up-to-date: /home/inouemakoto/interbotix_ws/install/graph_msgs/include/graph_msgs/graph_msgs/msg/detail/geometry_graph__builder.hpp
[7.783s] -- Up-to-date: /home/inouemakoto/interbotix_ws/install/graph_msgs/include/graph_msgs/graph_msgs/msg/detail/edges__builder.hpp
[7.783s] -- Up-to-date: /home/inouemakoto/interbotix_ws/install/graph_msgs/include/graph_msgs/graph_msgs/msg/detail/edges__struct.hpp
[7.783s] -- Up-to-date: /home/inouemakoto/interbotix_ws/install/graph_msgs/include/graph_msgs/graph_msgs/msg/detail/edges__traits.hpp
[7.783s] -- Up-to-date: /home/inouemakoto/interbotix_ws/install/graph_msgs/include/graph_msgs/graph_msgs/msg/detail/geometry_graph__struct.hpp
[7.783s] -- Up-to-date: /home/inouemakoto/interbotix_ws/install/graph_msgs/include/graph_msgs/graph_msgs/msg/edges.hpp
[7.784s] -- Up-to-date: /home/inouemakoto/interbotix_ws/install/graph_msgs/include/graph_msgs/graph_msgs
[7.784s] -- Up-to-date: /home/inouemakoto/interbotix_ws/install/graph_msgs/include/graph_msgs/graph_msgs/msg
[7.784s] -- Up-to-date: /home/inouemakoto/interbotix_ws/install/graph_msgs/include/graph_msgs/graph_msgs/msg/rosidl_typesupport_fastrtps_cpp__visibility_control.h
[7.784s] -- Up-to-date: /home/inouemakoto/interbotix_ws/install/graph_msgs/include/graph_msgs/graph_msgs/msg/detail
[7.784s] -- Up-to-date: /home/inouemakoto/interbotix_ws/install/graph_msgs/include/graph_msgs/graph_msgs/msg/detail/dds_fastrtps
[7.784s] -- Up-to-date: /home/inouemakoto/interbotix_ws/install/graph_msgs/include/graph_msgs/graph_msgs/msg/detail/edges__rosidl_typesupport_fastrtps_cpp.hpp
[7.784s] -- Up-to-date: /home/inouemakoto/interbotix_ws/install/graph_msgs/include/graph_msgs/graph_msgs/msg/detail/geometry_graph__rosidl_typesupport_fastrtps_cpp.hpp
[7.784s] -- Up-to-date: /home/inouemakoto/interbotix_ws/install/graph_msgs/lib/libgraph_msgs__rosidl_typesupport_fastrtps_cpp.so
[7.784s] -- Up-to-date: /home/inouemakoto/interbotix_ws/install/graph_msgs/include/graph_msgs/graph_msgs
[7.784s] -- Up-to-date: /home/inouemakoto/interbotix_ws/install/graph_msgs/include/graph_msgs/graph_msgs/msg
[7.784s] -- Up-to-date: /home/inouemakoto/interbotix_ws/install/graph_msgs/include/graph_msgs/graph_msgs/msg/detail
[7.784s] -- Up-to-date: /home/inouemakoto/interbotix_ws/install/graph_msgs/include/graph_msgs/graph_msgs/msg/detail/geometry_graph__type_support.cpp
[7.784s] -- Up-to-date: /home/inouemakoto/interbotix_ws/install/graph_msgs/include/graph_msgs/graph_msgs/msg/detail/geometry_graph__rosidl_typesupport_introspection_cpp.hpp
[7.784s] -- Up-to-date: /home/inouemakoto/interbotix_ws/install/graph_msgs/include/graph_msgs/graph_msgs/msg/detail/edges__rosidl_typesupport_introspection_cpp.hpp
[7.785s] -- Up-to-date: /home/inouemakoto/interbotix_ws/install/graph_msgs/include/graph_msgs/graph_msgs/msg/detail/edges__type_support.cpp
[7.785s] -- Up-to-date: /home/inouemakoto/interbotix_ws/install/graph_msgs/lib/libgraph_msgs__rosidl_typesupport_introspection_cpp.so
[7.785s] -- Up-to-date: /home/inouemakoto/interbotix_ws/install/graph_msgs/lib/libgraph_msgs__rosidl_typesupport_cpp.so
[7.785s] -- Up-to-date: /home/inouemakoto/interbotix_ws/install/graph_msgs/share/graph_msgs/environment/pythonpath.sh
[7.785s] -- Up-to-date: /home/inouemakoto/interbotix_ws/install/graph_msgs/share/graph_msgs/environment/pythonpath.dsv
[7.785s] -- Up-to-date: /home/inouemakoto/interbotix_ws/install/graph_msgs/local/lib/python3.10/dist-packages/graph_msgs-0.2.0-py3.10.egg-info
[7.785s] -- Installing: /home/inouemakoto/interbotix_ws/install/graph_msgs/local/lib/python3.10/dist-packages/graph_msgs-0.2.0-py3.10.egg-info/top_level.txt
[7.785s] -- Installing: /home/inouemakoto/interbotix_ws/install/graph_msgs/local/lib/python3.10/dist-packages/graph_msgs-0.2.0-py3.10.egg-info/dependency_links.txt
[7.786s] -- Installing: /home/inouemakoto/interbotix_ws/install/graph_msgs/local/lib/python3.10/dist-packages/graph_msgs-0.2.0-py3.10.egg-info/SOURCES.txt
[7.786s] -- Installing: /home/inouemakoto/interbotix_ws/install/graph_msgs/local/lib/python3.10/dist-packages/graph_msgs-0.2.0-py3.10.egg-info/PKG-INFO
[7.786s] -- Up-to-date: /home/inouemakoto/interbotix_ws/install/graph_msgs/local/lib/python3.10/dist-packages/graph_msgs
[7.786s] -- Up-to-date: /home/inouemakoto/interbotix_ws/install/graph_msgs/local/lib/python3.10/dist-packages/graph_msgs/graph_msgs_s__rosidl_typesupport_introspection_c.cpython-310-x86_64-linux-gnu.so
[7.786s] -- Up-to-date: /home/inouemakoto/interbotix_ws/install/graph_msgs/local/lib/python3.10/dist-packages/graph_msgs/msg
[7.786s] -- Up-to-date: /home/inouemakoto/interbotix_ws/install/graph_msgs/local/lib/python3.10/dist-packages/graph_msgs/msg/_edges_s.c
[7.786s] -- Up-to-date: /home/inouemakoto/interbotix_ws/install/graph_msgs/local/lib/python3.10/dist-packages/graph_msgs/msg/_geometry_graph.py
[7.786s] -- Up-to-date: /home/inouemakoto/interbotix_ws/install/graph_msgs/local/lib/python3.10/dist-packages/graph_msgs/msg/__init__.py
[7.786s] -- Up-to-date: /home/inouemakoto/interbotix_ws/install/graph_msgs/local/lib/python3.10/dist-packages/graph_msgs/msg/_edges.py
[7.786s] -- Up-to-date: /home/inouemakoto/interbotix_ws/install/graph_msgs/local/lib/python3.10/dist-packages/graph_msgs/msg/_geometry_graph_s.c
[7.786s] -- Up-to-date: /home/inouemakoto/interbotix_ws/install/graph_msgs/local/lib/python3.10/dist-packages/graph_msgs/_graph_msgs_s.ep.rosidl_typesupport_fastrtps_c.c
[7.786s] -- Up-to-date: /home/inouemakoto/interbotix_ws/install/graph_msgs/local/lib/python3.10/dist-packages/graph_msgs/_graph_msgs_s.ep.rosidl_typesupport_introspection_c.c
[7.786s] -- Up-to-date: /home/inouemakoto/interbotix_ws/install/graph_msgs/local/lib/python3.10/dist-packages/graph_msgs/graph_msgs_s__rosidl_typesupport_c.cpython-310-x86_64-linux-gnu.so
[7.786s] -- Up-to-date: /home/inouemakoto/interbotix_ws/install/graph_msgs/local/lib/python3.10/dist-packages/graph_msgs/__init__.py
[7.787s] -- Up-to-date: /home/inouemakoto/interbotix_ws/install/graph_msgs/local/lib/python3.10/dist-packages/graph_msgs/graph_msgs_s__rosidl_typesupport_fastrtps_c.cpython-310-x86_64-linux-gnu.so
[7.787s] -- Up-to-date: /home/inouemakoto/interbotix_ws/install/graph_msgs/local/lib/python3.10/dist-packages/graph_msgs/_graph_msgs_s.ep.rosidl_typesupport_c.c
[7.787s] -- Up-to-date: /home/inouemakoto/interbotix_ws/install/graph_msgs/local/lib/python3.10/dist-packages/graph_msgs/libgraph_msgs__rosidl_generator_py.so
[7.893s] Listing '/home/inouemakoto/interbotix_ws/install/graph_msgs/local/lib/python3.10/dist-packages/graph_msgs'...
[7.893s] Listing '/home/inouemakoto/interbotix_ws/install/graph_msgs/local/lib/python3.10/dist-packages/graph_msgs/msg'...
[7.893s] -- Up-to-date: /home/inouemakoto/interbotix_ws/install/graph_msgs/local/lib/python3.10/dist-packages/graph_msgs/graph_msgs_s__rosidl_typesupport_fastrtps_c.cpython-310-x86_64-linux-gnu.so
[7.893s] -- Up-to-date: /home/inouemakoto/interbotix_ws/install/graph_msgs/local/lib/python3.10/dist-packages/graph_msgs/graph_msgs_s__rosidl_typesupport_introspection_c.cpython-310-x86_64-linux-gnu.so
[7.893s] -- Up-to-date: /home/inouemakoto/interbotix_ws/install/graph_msgs/local/lib/python3.10/dist-packages/graph_msgs/graph_msgs_s__rosidl_typesupport_c.cpython-310-x86_64-linux-gnu.so
[7.894s] -- Up-to-date: /home/inouemakoto/interbotix_ws/install/graph_msgs/lib/libgraph_msgs__rosidl_generator_py.so
[7.895s] -- Up-to-date: /home/inouemakoto/interbotix_ws/install/graph_msgs/share/graph_msgs/msg/Edges.idl
[7.895s] -- Up-to-date: /home/inouemakoto/interbotix_ws/install/graph_msgs/share/graph_msgs/msg/GeometryGraph.idl
[7.895s] -- Up-to-date: /home/inouemakoto/interbotix_ws/install/graph_msgs/share/graph_msgs/msg/Edges.msg
[7.897s] -- Up-to-date: /home/inouemakoto/interbotix_ws/install/graph_msgs/share/graph_msgs/msg/GeometryGraph.msg
[7.897s] -- Up-to-date: /home/inouemakoto/interbotix_ws/install/graph_msgs/share/ament_index/resource_index/package_run_dependencies/graph_msgs
[7.897s] -- Up-to-date: /home/inouemakoto/interbotix_ws/install/graph_msgs/share/ament_index/resource_index/parent_prefix_path/graph_msgs
[7.898s] -- Up-to-date: /home/inouemakoto/interbotix_ws/install/graph_msgs/share/graph_msgs/environment/ament_prefix_path.sh
[7.898s] -- Up-to-date: /home/inouemakoto/interbotix_ws/install/graph_msgs/share/graph_msgs/environment/ament_prefix_path.dsv
[7.898s] -- Up-to-date: /home/inouemakoto/interbotix_ws/install/graph_msgs/share/graph_msgs/environment/path.sh
[7.898s] -- Up-to-date: /home/inouemakoto/interbotix_ws/install/graph_msgs/share/graph_msgs/environment/path.dsv
[7.898s] -- Up-to-date: /home/inouemakoto/interbotix_ws/install/graph_msgs/share/graph_msgs/local_setup.bash
[7.898s] -- Up-to-date: /home/inouemakoto/interbotix_ws/install/graph_msgs/share/graph_msgs/local_setup.sh
[7.898s] -- Up-to-date: /home/inouemakoto/interbotix_ws/install/graph_msgs/share/graph_msgs/local_setup.zsh
[7.899s] -- Up-to-date: /home/inouemakoto/interbotix_ws/install/graph_msgs/share/graph_msgs/local_setup.dsv
[7.899s] -- Installing: /home/inouemakoto/interbotix_ws/install/graph_msgs/share/graph_msgs/package.dsv
[7.899s] -- Up-to-date: /home/inouemakoto/interbotix_ws/install/graph_msgs/share/ament_index/resource_index/packages/graph_msgs
[7.899s] -- Up-to-date: /home/inouemakoto/interbotix_ws/install/graph_msgs/share/graph_msgs/cmake/export_graph_msgs__rosidl_generator_cExport.cmake
[7.899s] -- Up-to-date: /home/inouemakoto/interbotix_ws/install/graph_msgs/share/graph_msgs/cmake/export_graph_msgs__rosidl_generator_cExport-noconfig.cmake
[7.899s] -- Up-to-date: /home/inouemakoto/interbotix_ws/install/graph_msgs/share/graph_msgs/cmake/export_graph_msgs__rosidl_typesupport_fastrtps_cExport.cmake
[7.899s] -- Up-to-date: /home/inouemakoto/interbotix_ws/install/graph_msgs/share/graph_msgs/cmake/export_graph_msgs__rosidl_typesupport_fastrtps_cExport-noconfig.cmake
[7.899s] -- Up-to-date: /home/inouemakoto/interbotix_ws/install/graph_msgs/share/graph_msgs/cmake/graph_msgs__rosidl_typesupport_introspection_cExport.cmake
[7.899s] -- Up-to-date: /home/inouemakoto/interbotix_ws/install/graph_msgs/share/graph_msgs/cmake/graph_msgs__rosidl_typesupport_introspection_cExport-noconfig.cmake
[7.900s] -- Up-to-date: /home/inouemakoto/interbotix_ws/install/graph_msgs/share/graph_msgs/cmake/graph_msgs__rosidl_typesupport_cExport.cmake
[7.900s] -- Up-to-date: /home/inouemakoto/interbotix_ws/install/graph_msgs/share/graph_msgs/cmake/graph_msgs__rosidl_typesupport_cExport-noconfig.cmake
[7.900s] -- Up-to-date: /home/inouemakoto/interbotix_ws/install/graph_msgs/share/graph_msgs/cmake/export_graph_msgs__rosidl_generator_cppExport.cmake
[7.900s] -- Up-to-date: /home/inouemakoto/interbotix_ws/install/graph_msgs/share/graph_msgs/cmake/export_graph_msgs__rosidl_typesupport_fastrtps_cppExport.cmake
[7.900s] -- Up-to-date: /home/inouemakoto/interbotix_ws/install/graph_msgs/share/graph_msgs/cmake/export_graph_msgs__rosidl_typesupport_fastrtps_cppExport-noconfig.cmake
[7.900s] -- Up-to-date: /home/inouemakoto/interbotix_ws/install/graph_msgs/share/graph_msgs/cmake/graph_msgs__rosidl_typesupport_introspection_cppExport.cmake
[7.900s] -- Up-to-date: /home/inouemakoto/interbotix_ws/install/graph_msgs/share/graph_msgs/cmake/graph_msgs__rosidl_typesupport_introspection_cppExport-noconfig.cmake
[7.900s] -- Up-to-date: /home/inouemakoto/interbotix_ws/install/graph_msgs/share/graph_msgs/cmake/graph_msgs__rosidl_typesupport_cppExport.cmake
[7.901s] -- Up-to-date: /home/inouemakoto/interbotix_ws/install/graph_msgs/share/graph_msgs/cmake/graph_msgs__rosidl_typesupport_cppExport-noconfig.cmake
[7.901s] -- Up-to-date: /home/inouemakoto/interbotix_ws/install/graph_msgs/share/graph_msgs/cmake/export_graph_msgs__rosidl_generator_pyExport.cmake
[7.901s] -- Up-to-date: /home/inouemakoto/interbotix_ws/install/graph_msgs/share/graph_msgs/cmake/export_graph_msgs__rosidl_generator_pyExport-noconfig.cmake
[7.901s] -- Up-to-date: /home/inouemakoto/interbotix_ws/install/graph_msgs/share/graph_msgs/cmake/rosidl_cmake-extras.cmake
[7.901s] -- Up-to-date: /home/inouemakoto/interbotix_ws/install/graph_msgs/share/graph_msgs/cmake/ament_cmake_export_dependencies-extras.cmake
[7.901s] -- Up-to-date: /home/inouemakoto/interbotix_ws/install/graph_msgs/share/graph_msgs/cmake/ament_cmake_export_include_directories-extras.cmake
[7.902s] -- Up-to-date: /home/inouemakoto/interbotix_ws/install/graph_msgs/share/graph_msgs/cmake/ament_cmake_export_libraries-extras.cmake
[7.902s] -- Up-to-date: /home/inouemakoto/interbotix_ws/install/graph_msgs/share/graph_msgs/cmake/ament_cmake_export_targets-extras.cmake
[7.902s] -- Up-to-date: /home/inouemakoto/interbotix_ws/install/graph_msgs/share/graph_msgs/cmake/rosidl_cmake_export_typesupport_targets-extras.cmake
[7.902s] -- Up-to-date: /home/inouemakoto/interbotix_ws/install/graph_msgs/share/graph_msgs/cmake/rosidl_cmake_export_typesupport_libraries-extras.cmake
[7.902s] -- Up-to-date: /home/inouemakoto/interbotix_ws/install/graph_msgs/share/graph_msgs/cmake/graph_msgsConfig.cmake
[7.902s] -- Up-to-date: /home/inouemakoto/interbotix_ws/install/graph_msgs/share/graph_msgs/cmake/graph_msgsConfig-version.cmake
[7.902s] -- Up-to-date: /home/inouemakoto/interbotix_ws/install/graph_msgs/share/graph_msgs/package.xml
[8.988s] Invoked command in '/home/inouemakoto/interbotix_ws/build/graph_msgs' returned '0': CMAKE_PREFIX_PATH=${CMAKE_PREFIX_PATH}:/home/inouemakoto/interbotix_ws/install/yolov5_ros2:/home/inouemakoto/interbotix_ws/install/interbotix_landmark_modules:/home/inouemakoto/interbotix_ws/install/interbotix_perception_modules:/home/inouemakoto/interbotix_ws/install/pick_vision:/home/inouemakoto/interbotix_ws/install/moveit_service:/home/inouemakoto/interbotix_ws/install/opencv_tests:/home/inouemakoto/interbotix_ws/install/opencv_ros2:/home/inouemakoto/interbotix_ws/install/makoto:/home/inouemakoto/interbotix_ws/install/interbotix_xs_modules:/home/inouemakoto/interbotix_ws/install/interbotix_rpi_modules:/home/inouemakoto/interbotix_ws/install/interbotix_common_modules:/home/inouemakoto/interbotix_ws/install/camera:/home/inouemakoto/ws_moveit2/install/moveit_configs_utils:/home/inouemakoto/ws_moveit2/install/launch_param_builder:/home/inouemakoto/install/moveit_service:/home/inouemakoto/install/interbotix_xs_modules:/home/inouemakoto/install/interbotix_moveit_interface_msgs:/home/inouemakoto/install/interbotix_common_modules:/home/inouemakoto/install/camera:/opt/ros/humble /usr/bin/cmake --install /home/inouemakoto/interbotix_ws/build/graph_msgs
