[3.804s] Invoking command in '/home/inouemakoto/interbotix_ws/src/chapter5/opencv_ros2': PYTHONPATH=/home/inouemakoto/interbotix_ws/build/opencv_ros2/prefix_override:/home/inouemakoto/interbotix_ws/install/opencv_ros2/lib/python3.10/site-packages:${PYTHONPATH} /usr/bin/python3 setup.py egg_info --egg-base ../../../build/opencv_ros2 build --build-base /home/inouemakoto/interbotix_ws/build/opencv_ros2/build install --record /home/inouemakoto/interbotix_ws/build/opencv_ros2/install.log --install-scripts $base/lib/opencv_ros2 --single-version-externally-managed
[3.976s] /home/inouemakoto/.local/lib/python3.10/site-packages/setuptools/dist.py:498: SetuptoolsDeprecationWarning: Invalid dash-separated options
[3.977s] !!
[3.977s] 
[3.977s]         ********************************************************************************
[3.977s]         Usage of dash-separated 'script-dir' will not be supported in future
[3.978s]         versions. Please use the underscore name 'script_dir' instead.
[3.978s] 
[3.978s]         This deprecation is overdue, please update your project and remove deprecated
[3.978s]         calls to avoid build errors in the future.
[3.978s] 
[3.978s]         See https://setuptools.pypa.io/en/latest/userguide/declarative_config.html for details.
[3.978s]         ********************************************************************************
[3.979s] 
[3.979s] !!
[3.979s]   opt = self.warn_dash_deprecation(opt, section)
[4.104s] running egg_info
[4.124s] writing ../../../build/opencv_ros2/opencv_ros2.egg-info/PKG-INFO
[4.124s] writing dependency_links to ../../../build/opencv_ros2/opencv_ros2.egg-info/dependency_links.txt
[4.124s] writing entry points to ../../../build/opencv_ros2/opencv_ros2.egg-info/entry_points.txt
[4.124s] writing requirements to ../../../build/opencv_ros2/opencv_ros2.egg-info/requires.txt
[4.125s] writing top-level names to ../../../build/opencv_ros2/opencv_ros2.egg-info/top_level.txt
[4.164s] reading manifest file '../../../build/opencv_ros2/opencv_ros2.egg-info/SOURCES.txt'
[4.164s] adding license file 'LICENSE'
[4.166s] writing manifest file '../../../build/opencv_ros2/opencv_ros2.egg-info/SOURCES.txt'
[4.166s] running build
[4.166s] running build_py
[4.167s] running install
[4.167s] /home/inouemakoto/.local/lib/python3.10/site-packages/setuptools/_distutils/cmd.py:66: SetuptoolsDeprecationWarning: setup.py install is deprecated.
[4.167s] !!
[4.168s] 
[4.168s]         ********************************************************************************
[4.168s]         Please avoid running ``setup.py`` directly.
[4.168s]         Instead, use pypa/build, pypa/installer or other
[4.168s]         standards-based tools.
[4.169s] 
[4.169s]         See https://blog.ganssle.io/articles/2021/10/setup-py-deprecated.html for details.
[4.170s]         ********************************************************************************
[4.170s] 
[4.170s] !!
[4.171s]   self.initialize_options()
[4.172s] running install_lib
[4.193s] running install_data
[4.213s] running install_egg_info
[4.234s] removing '/home/inouemakoto/interbotix_ws/install/opencv_ros2/lib/python3.10/site-packages/opencv_ros2-1.0.0-py3.10.egg-info' (and everything under it)
[4.234s] Copying ../../../build/opencv_ros2/opencv_ros2.egg-info to /home/inouemakoto/interbotix_ws/install/opencv_ros2/lib/python3.10/site-packages/opencv_ros2-1.0.0-py3.10.egg-info
[4.234s] running install_scripts
[4.419s] Installing aruco_node_tf script to /home/inouemakoto/interbotix_ws/install/opencv_ros2/lib/opencv_ros2
[4.419s] Installing canny_edge_detection script to /home/inouemakoto/interbotix_ws/install/opencv_ros2/lib/opencv_ros2
[4.419s] Installing challenge5_1_say_hello script to /home/inouemakoto/interbotix_ws/install/opencv_ros2/lib/opencv_ros2
[4.419s] Installing challenge5_2_cup_direction script to /home/inouemakoto/interbotix_ws/install/opencv_ros2/lib/opencv_ros2
[4.420s] Installing face_detection script to /home/inouemakoto/interbotix_ws/install/opencv_ros2/lib/opencv_ros2
[4.420s] Installing imgproc_opencv_ros script to /home/inouemakoto/interbotix_ws/install/opencv_ros2/lib/opencv_ros2
[4.420s] Installing qrcode_detector script to /home/inouemakoto/interbotix_ws/install/opencv_ros2/lib/opencv_ros2
[4.420s] Installing quiz5_1_smile_detection script to /home/inouemakoto/interbotix_ws/install/opencv_ros2/lib/opencv_ros2
[4.420s] writing list of installed files to '/home/inouemakoto/interbotix_ws/build/opencv_ros2/install.log'
[5.128s] Invoked command in '/home/inouemakoto/interbotix_ws/src/chapter5/opencv_ros2' returned '0': PYTHONPATH=/home/inouemakoto/interbotix_ws/build/opencv_ros2/prefix_override:/home/inouemakoto/interbotix_ws/install/opencv_ros2/lib/python3.10/site-packages:${PYTHONPATH} /usr/bin/python3 setup.py egg_info --egg-base ../../../build/opencv_ros2 build --build-base /home/inouemakoto/interbotix_ws/build/opencv_ros2/build install --record /home/inouemakoto/interbotix_ws/build/opencv_ros2/install.log --install-scripts $base/lib/opencv_ros2 --single-version-externally-managed
