[0.015s] Invoking command in '/home/inouemakoto/interbotix_ws/src/build/interbotix_xs_ros_control': AMENT_PREFIX_PATH=/home/inouemakoto/interbotix_ws/src/install/interbotix_xs_msgs:${AMENT_PREFIX_PATH} CMAKE_PREFIX_PATH=/home/inouemakoto/interbotix_ws/src/install/interbotix_xs_msgs:/home/inouemakoto/interbotix_ws/install/interbotix_ros_xsarms_examples:/home/inouemakoto/interbotix_ws/install/interbotix_xsarm_moveit_interface:/home/inouemakoto/interbotix_ws/install/interbotix_moveit_interface:/home/inouemakoto/interbotix_ws/install/moveit_visual_tools:/home/inouemakoto/interbotix_ws/install/rviz_visual_tools:/home/inouemakoto/interbotix_ws/install/interbotix_ros_xsarms:/home/inouemakoto/interbotix_ws/install/interbotix_xsarm_moveit:/home/inouemakoto/interbotix_ws/install/interbotix_xsarm_sim:/home/inouemakoto/interbotix_ws/install/interbotix_xsarm_ros_control:/home/inouemakoto/interbotix_ws/install/interbotix_xsarm_joy:/home/inouemakoto/interbotix_ws/install/interbotix_xsarm_control:/home/inouemakoto/interbotix_ws/install/interbotix_xsarm_descriptions:/home/inouemakoto/interbotix_ws/install/interbotix_xs_toolbox:/home/inouemakoto/interbotix_ws/install/interbotix_xs_rviz:/home/inouemakoto/interbotix_ws/install/interbotix_ros_xseries:/home/inouemakoto/interbotix_ws/install/interbotix_xs_sdk:/home/inouemakoto/interbotix_ws/install/interbotix_xs_ros_control:/home/inouemakoto/interbotix_ws/install/interbotix_xs_msgs:/home/inouemakoto/interbotix_ws/install/interbotix_xs_driver:/home/inouemakoto/interbotix_ws/install/interbotix_tf_tools:/home/inouemakoto/interbotix_ws/install/interbotix_moveit_interface_msgs:/home/inouemakoto/interbotix_ws/install/interbotix_common_toolbox:/home/inouemakoto/interbotix_ws/install/interbotix_common_sim:/home/inouemakoto/interbotix_ws/install/graph_msgs:/home/inouemakoto/interbotix_ws/install/dynamixel_workbench_toolbox:/home/inouemakoto/robotis_ws/install/dynamixel_sdk_examples:/home/inouemakoto/robotis_ws/install/dynamixel_sdk_custom_interfaces:/home/inouemakoto/robotis_ws/install/dynamixel_sdk:/home/inouemakoto/interbotix_ws/install/interbotix_xs_modules:/home/inouemakoto/interbotix_ws/install/interbotix_common_modules:/opt/ros/humble LD_LIBRARY_PATH=/home/inouemakoto/interbotix_ws/src/install/interbotix_xs_msgs/lib:/home/inouemakoto/interbotix_ws/install/moveit_visual_tools/lib:/home/inouemakoto/interbotix_ws/install/rviz_visual_tools/lib:/home/inouemakoto/interbotix_ws/install/interbotix_xs_rviz/lib:/home/inouemakoto/interbotix_ws/install/interbotix_xs_ros_control/lib:/home/inouemakoto/interbotix_ws/install/interbotix_xs_msgs/lib:/home/inouemakoto/interbotix_ws/install/interbotix_xs_driver/lib:/home/inouemakoto/interbotix_ws/install/interbotix_tf_tools/lib:/home/inouemakoto/interbotix_ws/install/interbotix_moveit_interface_msgs/lib:/home/inouemakoto/interbotix_ws/install/graph_msgs/lib:/home/inouemakoto/interbotix_ws/install/dynamixel_workbench_toolbox/lib:/home/inouemakoto/robotis_ws/install/dynamixel_sdk_custom_interfaces/lib:/home/inouemakoto/robotis_ws/install/dynamixel_sdk/lib:/usr/lib/x86_64-linux-gnu/gazebo-11/plugins:/opt/ros/humble/opt/rviz_ogre_vendor/lib:/opt/ros/humble/lib/x86_64-linux-gnu:/opt/ros/humble/lib:/usr/lib/x86_64-linux-gnu/gazebo-11/plugins PYTHONPATH=/home/inouemakoto/interbotix_ws/src/install/interbotix_xs_msgs/local/lib/python3.10/dist-packages:${PYTHONPATH} /usr/bin/cmake /home/inouemakoto/interbotix_ws/src/interbotix_ros_toolboxes/interbotix_xs_toolbox/interbotix_xs_ros_control -DCMAKE_INSTALL_PREFIX=/home/inouemakoto/interbotix_ws/src/install/interbotix_xs_ros_control
[0.066s] -- The C compiler identification is GNU 11.3.0
[0.115s] -- The CXX compiler identification is GNU 11.3.0
[0.121s] -- Detecting C compiler ABI info
[0.176s] -- Detecting C compiler ABI info - done
[0.183s] -- Check for working C compiler: /usr/bin/cc - skipped
[0.183s] -- Detecting C compile features
[0.184s] -- Detecting C compile features - done
[0.186s] -- Detecting CXX compiler ABI info
[0.253s] -- Detecting CXX compiler ABI info - done
[0.260s] -- Check for working CXX compiler: /usr/bin/c++ - skipped
[0.260s] -- Detecting CXX compile features
[0.261s] -- Detecting CXX compile features - done
[0.265s] -- Found ament_cmake: 1.3.4 (/opt/ros/humble/share/ament_cmake/cmake)
[0.435s] -- Found Python3: /usr/bin/python3.10 (found version "3.10.6") found components: Interpreter 
[0.546s] -- Found hardware_interface: 2.25.2 (/opt/ros/humble/share/hardware_interface/cmake)
[0.605s] -- Found rosidl_generator_c: 3.1.4 (/opt/ros/humble/share/rosidl_generator_c/cmake)
[0.613s] -- Found rosidl_adapter: 3.1.4 (/opt/ros/humble/share/rosidl_adapter/cmake)
[0.624s] -- Found rosidl_generator_cpp: 3.1.4 (/opt/ros/humble/share/rosidl_generator_cpp/cmake)
[0.642s] -- Using all available rosidl_typesupport_c: rosidl_typesupport_fastrtps_c;rosidl_typesupport_introspection_c
[0.666s] -- Using all available rosidl_typesupport_cpp: rosidl_typesupport_fastrtps_cpp;rosidl_typesupport_introspection_cpp
[1.405s] -- Found rmw_implementation_cmake: 6.1.1 (/opt/ros/humble/share/rmw_implementation_cmake/cmake)
[1.410s] -- Found rmw_fastrtps_cpp: 6.2.2 (/opt/ros/humble/share/rmw_fastrtps_cpp/cmake)
[1.514s] -- Found OpenSSL: /usr/lib/x86_64-linux-gnu/libcrypto.so (found version "3.0.2")  
[1.547s] -- Found FastRTPS: /opt/ros/humble/include  
[1.600s] -- Using RMW implementation 'rmw_fastrtps_cpp' as default
[1.614s] -- Looking for pthread.h
[1.674s] -- Looking for pthread.h - found
[1.675s] -- Performing Test CMAKE_HAVE_LIBC_PTHREAD
[1.741s] -- Performing Test CMAKE_HAVE_LIBC_PTHREAD - Success
[1.742s] -- Found Threads: TRUE  
[1.916s] -- Found interbotix_xs_msgs: 0.0.0 (/home/inouemakoto/interbotix_ws/src/install/interbotix_xs_msgs/share/interbotix_xs_msgs/cmake)
[2.072s] -- Found ament_lint_auto: 0.12.6 (/opt/ros/humble/share/ament_lint_auto/cmake)
[2.179s] -- Found ros2_control_test_assets: 2.25.2 (/opt/ros/humble/share/ros2_control_test_assets/cmake)
[2.183s] -- Found gmock sources under '/opt/ros/humble/src/gmock_vendor': C++ tests using 'Google Mock' will be built
[2.192s] -- Found ament_cmake_gtest: 1.3.4 (/opt/ros/humble/share/ament_cmake_gtest/cmake)
[2.193s] -- Found gtest sources under '/opt/ros/humble/src/gtest_vendor': C++ tests using 'Google Test' will be built
[2.268s] -- Added test 'copyright' to check source files copyright and LICENSE
[2.269s] -- Added test 'cppcheck' to perform static code analysis on C / C++ code
[2.269s] -- Configured cppcheck include dirs: $<BUILD_INTERFACE:/home/inouemakoto/interbotix_ws/src/interbotix_ros_toolboxes/interbotix_xs_toolbox/interbotix_xs_ros_control/include>;/home/inouemakoto/interbotix_ws/src/interbotix_ros_toolboxes/interbotix_xs_toolbox/interbotix_xs_ros_control/include
[2.269s] -- Configured cppcheck exclude dirs and/or files: 
[2.271s] -- Added test 'cpplint' to check C / C++ code against the Google style
[2.271s] -- Configured cpplint exclude dirs and/or files: 
[2.272s] -- Added test 'lint_cmake' to check CMake code style
[2.273s] -- Added test 'uncrustify' to check C / C++ code style
[2.273s] -- Configured uncrustify additional arguments: 
[2.274s] -- Added test 'xmllint' to check XML markup files
[2.277s] -- Configuring done
[2.320s] -- Generating done
[2.323s] -- Build files have been written to: /home/inouemakoto/interbotix_ws/src/build/interbotix_xs_ros_control
[2.338s] Invoked command in '/home/inouemakoto/interbotix_ws/src/build/interbotix_xs_ros_control' returned '0': AMENT_PREFIX_PATH=/home/inouemakoto/interbotix_ws/src/install/interbotix_xs_msgs:${AMENT_PREFIX_PATH} CMAKE_PREFIX_PATH=/home/inouemakoto/interbotix_ws/src/install/interbotix_xs_msgs:/home/inouemakoto/interbotix_ws/install/interbotix_ros_xsarms_examples:/home/inouemakoto/interbotix_ws/install/interbotix_xsarm_moveit_interface:/home/inouemakoto/interbotix_ws/install/interbotix_moveit_interface:/home/inouemakoto/interbotix_ws/install/moveit_visual_tools:/home/inouemakoto/interbotix_ws/install/rviz_visual_tools:/home/inouemakoto/interbotix_ws/install/interbotix_ros_xsarms:/home/inouemakoto/interbotix_ws/install/interbotix_xsarm_moveit:/home/inouemakoto/interbotix_ws/install/interbotix_xsarm_sim:/home/inouemakoto/interbotix_ws/install/interbotix_xsarm_ros_control:/home/inouemakoto/interbotix_ws/install/interbotix_xsarm_joy:/home/inouemakoto/interbotix_ws/install/interbotix_xsarm_control:/home/inouemakoto/interbotix_ws/install/interbotix_xsarm_descriptions:/home/inouemakoto/interbotix_ws/install/interbotix_xs_toolbox:/home/inouemakoto/interbotix_ws/install/interbotix_xs_rviz:/home/inouemakoto/interbotix_ws/install/interbotix_ros_xseries:/home/inouemakoto/interbotix_ws/install/interbotix_xs_sdk:/home/inouemakoto/interbotix_ws/install/interbotix_xs_ros_control:/home/inouemakoto/interbotix_ws/install/interbotix_xs_msgs:/home/inouemakoto/interbotix_ws/install/interbotix_xs_driver:/home/inouemakoto/interbotix_ws/install/interbotix_tf_tools:/home/inouemakoto/interbotix_ws/install/interbotix_moveit_interface_msgs:/home/inouemakoto/interbotix_ws/install/interbotix_common_toolbox:/home/inouemakoto/interbotix_ws/install/interbotix_common_sim:/home/inouemakoto/interbotix_ws/install/graph_msgs:/home/inouemakoto/interbotix_ws/install/dynamixel_workbench_toolbox:/home/inouemakoto/robotis_ws/install/dynamixel_sdk_examples:/home/inouemakoto/robotis_ws/install/dynamixel_sdk_custom_interfaces:/home/inouemakoto/robotis_ws/install/dynamixel_sdk:/home/inouemakoto/interbotix_ws/install/interbotix_xs_modules:/home/inouemakoto/interbotix_ws/install/interbotix_common_modules:/opt/ros/humble LD_LIBRARY_PATH=/home/inouemakoto/interbotix_ws/src/install/interbotix_xs_msgs/lib:/home/inouemakoto/interbotix_ws/install/moveit_visual_tools/lib:/home/inouemakoto/interbotix_ws/install/rviz_visual_tools/lib:/home/inouemakoto/interbotix_ws/install/interbotix_xs_rviz/lib:/home/inouemakoto/interbotix_ws/install/interbotix_xs_ros_control/lib:/home/inouemakoto/interbotix_ws/install/interbotix_xs_msgs/lib:/home/inouemakoto/interbotix_ws/install/interbotix_xs_driver/lib:/home/inouemakoto/interbotix_ws/install/interbotix_tf_tools/lib:/home/inouemakoto/interbotix_ws/install/interbotix_moveit_interface_msgs/lib:/home/inouemakoto/interbotix_ws/install/graph_msgs/lib:/home/inouemakoto/interbotix_ws/install/dynamixel_workbench_toolbox/lib:/home/inouemakoto/robotis_ws/install/dynamixel_sdk_custom_interfaces/lib:/home/inouemakoto/robotis_ws/install/dynamixel_sdk/lib:/usr/lib/x86_64-linux-gnu/gazebo-11/plugins:/opt/ros/humble/opt/rviz_ogre_vendor/lib:/opt/ros/humble/lib/x86_64-linux-gnu:/opt/ros/humble/lib:/usr/lib/x86_64-linux-gnu/gazebo-11/plugins PYTHONPATH=/home/inouemakoto/interbotix_ws/src/install/interbotix_xs_msgs/local/lib/python3.10/dist-packages:${PYTHONPATH} /usr/bin/cmake /home/inouemakoto/interbotix_ws/src/interbotix_ros_toolboxes/interbotix_xs_toolbox/interbotix_xs_ros_control -DCMAKE_INSTALL_PREFIX=/home/inouemakoto/interbotix_ws/src/install/interbotix_xs_ros_control
[2.339s] Invoking command in '/home/inouemakoto/interbotix_ws/src/build/interbotix_xs_ros_control': AMENT_PREFIX_PATH=/home/inouemakoto/interbotix_ws/src/install/interbotix_xs_msgs:${AMENT_PREFIX_PATH} CMAKE_PREFIX_PATH=/home/inouemakoto/interbotix_ws/src/install/interbotix_xs_msgs:/home/inouemakoto/interbotix_ws/install/interbotix_ros_xsarms_examples:/home/inouemakoto/interbotix_ws/install/interbotix_xsarm_moveit_interface:/home/inouemakoto/interbotix_ws/install/interbotix_moveit_interface:/home/inouemakoto/interbotix_ws/install/moveit_visual_tools:/home/inouemakoto/interbotix_ws/install/rviz_visual_tools:/home/inouemakoto/interbotix_ws/install/interbotix_ros_xsarms:/home/inouemakoto/interbotix_ws/install/interbotix_xsarm_moveit:/home/inouemakoto/interbotix_ws/install/interbotix_xsarm_sim:/home/inouemakoto/interbotix_ws/install/interbotix_xsarm_ros_control:/home/inouemakoto/interbotix_ws/install/interbotix_xsarm_joy:/home/inouemakoto/interbotix_ws/install/interbotix_xsarm_control:/home/inouemakoto/interbotix_ws/install/interbotix_xsarm_descriptions:/home/inouemakoto/interbotix_ws/install/interbotix_xs_toolbox:/home/inouemakoto/interbotix_ws/install/interbotix_xs_rviz:/home/inouemakoto/interbotix_ws/install/interbotix_ros_xseries:/home/inouemakoto/interbotix_ws/install/interbotix_xs_sdk:/home/inouemakoto/interbotix_ws/install/interbotix_xs_ros_control:/home/inouemakoto/interbotix_ws/install/interbotix_xs_msgs:/home/inouemakoto/interbotix_ws/install/interbotix_xs_driver:/home/inouemakoto/interbotix_ws/install/interbotix_tf_tools:/home/inouemakoto/interbotix_ws/install/interbotix_moveit_interface_msgs:/home/inouemakoto/interbotix_ws/install/interbotix_common_toolbox:/home/inouemakoto/interbotix_ws/install/interbotix_common_sim:/home/inouemakoto/interbotix_ws/install/graph_msgs:/home/inouemakoto/interbotix_ws/install/dynamixel_workbench_toolbox:/home/inouemakoto/robotis_ws/install/dynamixel_sdk_examples:/home/inouemakoto/robotis_ws/install/dynamixel_sdk_custom_interfaces:/home/inouemakoto/robotis_ws/install/dynamixel_sdk:/home/inouemakoto/interbotix_ws/install/interbotix_xs_modules:/home/inouemakoto/interbotix_ws/install/interbotix_common_modules:/opt/ros/humble LD_LIBRARY_PATH=/home/inouemakoto/interbotix_ws/src/install/interbotix_xs_msgs/lib:/home/inouemakoto/interbotix_ws/install/moveit_visual_tools/lib:/home/inouemakoto/interbotix_ws/install/rviz_visual_tools/lib:/home/inouemakoto/interbotix_ws/install/interbotix_xs_rviz/lib:/home/inouemakoto/interbotix_ws/install/interbotix_xs_ros_control/lib:/home/inouemakoto/interbotix_ws/install/interbotix_xs_msgs/lib:/home/inouemakoto/interbotix_ws/install/interbotix_xs_driver/lib:/home/inouemakoto/interbotix_ws/install/interbotix_tf_tools/lib:/home/inouemakoto/interbotix_ws/install/interbotix_moveit_interface_msgs/lib:/home/inouemakoto/interbotix_ws/install/graph_msgs/lib:/home/inouemakoto/interbotix_ws/install/dynamixel_workbench_toolbox/lib:/home/inouemakoto/robotis_ws/install/dynamixel_sdk_custom_interfaces/lib:/home/inouemakoto/robotis_ws/install/dynamixel_sdk/lib:/usr/lib/x86_64-linux-gnu/gazebo-11/plugins:/opt/ros/humble/opt/rviz_ogre_vendor/lib:/opt/ros/humble/lib/x86_64-linux-gnu:/opt/ros/humble/lib:/usr/lib/x86_64-linux-gnu/gazebo-11/plugins PYTHONPATH=/home/inouemakoto/interbotix_ws/src/install/interbotix_xs_msgs/local/lib/python3.10/dist-packages:${PYTHONPATH} /usr/bin/cmake --build /home/inouemakoto/interbotix_ws/src/build/interbotix_xs_ros_control -- -j20 -l20
[2.387s] [ 44%] [32mBuilding CXX object CMakeFiles/interbotix_xs_ros_control.dir/src/xs_hardware_interface.cpp.o[0m
[2.388s] [ 44%] [32mBuilding CXX object gmock/CMakeFiles/gmock.dir/src/gmock-all.cc.o[0m
[2.388s] [ 44%] [32mBuilding CXX object gmock/CMakeFiles/gmock_main.dir/src/gmock_main.cc.o[0m
[2.388s] [ 44%] [32mBuilding CXX object gmock/CMakeFiles/gmock.dir/opt/ros/humble/src/gtest_vendor/src/gtest-all.cc.o[0m
[3.292s] [ 55%] [32m[1mLinking CXX static library libgmock_main.a[0m
[3.333s] [ 55%] Built target gmock_main
[5.637s] [ 66%] [32m[1mLinking CXX static library libgmock.a[0m
[5.706s] [ 66%] Built target gmock
[5.729s] [ 77%] [32mBuilding CXX object CMakeFiles/test_load_xs_hardware_interface.dir/test/test_load_xs_hardware_interface.cpp.o[0m
[9.952s] [ 88%] [32m[1mLinking CXX executable test_load_xs_hardware_interface[0m
[10.218s] [ 88%] Built target test_load_xs_hardware_interface
[13.426s] [100%] [32m[1mLinking CXX shared library libinterbotix_xs_ros_control.so[0m
[13.894s] [100%] Built target interbotix_xs_ros_control
