[1.268s] Invoking command in '/home/inouemakoto/interbotix_ws/src/build/interbotix_common_sim': CMAKE_PREFIX_PATH=${CMAKE_PREFIX_PATH}:/home/inouemakoto/ws_moveit2/install/moveit_configs_utils:/home/inouemakoto/ws_moveit2/install/launch_param_builder:/home/inouemakoto/interbotix_ws/install/interbotix_xs_modules:/home/inouemakoto/interbotix_ws/install/interbotix_common_modules:/opt/ros/humble /usr/bin/cmake --build /home/inouemakoto/interbotix_ws/src/build/interbotix_common_sim -- -j20 -l20
[1.508s] Invoked command in '/home/inouemakoto/interbotix_ws/src/build/interbotix_common_sim' returned '0': CMAKE_PREFIX_PATH=${CMAKE_PREFIX_PATH}:/home/inouemakoto/ws_moveit2/install/moveit_configs_utils:/home/inouemakoto/ws_moveit2/install/launch_param_builder:/home/inouemakoto/interbotix_ws/install/interbotix_xs_modules:/home/inouemakoto/interbotix_ws/install/interbotix_common_modules:/opt/ros/humble /usr/bin/cmake --build /home/inouemakoto/interbotix_ws/src/build/interbotix_common_sim -- -j20 -l20
[1.725s] Invoking command in '/home/inouemakoto/interbotix_ws/src/build/interbotix_common_sim': CMAKE_PREFIX_PATH=${CMAKE_PREFIX_PATH}:/home/inouemakoto/ws_moveit2/install/moveit_configs_utils:/home/inouemakoto/ws_moveit2/install/launch_param_builder:/home/inouemakoto/interbotix_ws/install/interbotix_xs_modules:/home/inouemakoto/interbotix_ws/install/interbotix_common_modules:/opt/ros/humble /usr/bin/cmake --install /home/inouemakoto/interbotix_ws/src/build/interbotix_common_sim
[1.827s] -- Install configuration: ""
[1.836s] -- Up-to-date: /home/inouemakoto/interbotix_ws/src/install/interbotix_common_sim/share/interbotix_common_sim/models
[1.837s] -- Up-to-date: /home/inouemakoto/interbotix_ws/src/install/interbotix_common_sim/share/interbotix_common_sim/models/TrossenRoboticsOfficeBuilding
[1.838s] -- Up-to-date: /home/inouemakoto/interbotix_ws/src/install/interbotix_common_sim/share/interbotix_common_sim/models/TrossenRoboticsOfficeBuilding/model.config
[1.838s] -- Up-to-date: /home/inouemakoto/interbotix_ws/src/install/interbotix_common_sim/share/interbotix_common_sim/models/TrossenRoboticsOfficeBuilding/TrossenRoboticsOfficeBuilding.sdf
[1.838s] -- Up-to-date: /home/inouemakoto/interbotix_ws/src/install/interbotix_common_sim/share/interbotix_common_sim/models/RealSenseD415
[1.840s] -- Up-to-date: /home/inouemakoto/interbotix_ws/src/install/interbotix_common_sim/share/interbotix_common_sim/models/RealSenseD415/model.config
[1.844s] -- Up-to-date: /home/inouemakoto/interbotix_ws/src/install/interbotix_common_sim/share/interbotix_common_sim/models/RealSenseD415/RealSenseD415.sdf
[1.846s] -- Up-to-date: /home/inouemakoto/interbotix_ws/src/install/interbotix_common_sim/share/interbotix_common_sim/models/RealSenseD415/camera.stl
[1.847s] -- Up-to-date: /home/inouemakoto/interbotix_ws/src/install/interbotix_common_sim/share/interbotix_common_sim/models/VisionKit
[1.847s] -- Up-to-date: /home/inouemakoto/interbotix_ws/src/install/interbotix_common_sim/share/interbotix_common_sim/models/VisionKit/VisionKit.sdf
[1.847s] -- Up-to-date: /home/inouemakoto/interbotix_ws/src/install/interbotix_common_sim/share/interbotix_common_sim/models/VisionKit/model.config
[1.847s] -- Up-to-date: /home/inouemakoto/interbotix_ws/src/install/interbotix_common_sim/share/interbotix_common_sim/models/VisionKit/stand.stl
[1.847s] -- Up-to-date: /home/inouemakoto/interbotix_ws/src/install/interbotix_common_sim/share/interbotix_common_sim/worlds
[1.847s] -- Up-to-date: /home/inouemakoto/interbotix_ws/src/install/interbotix_common_sim/share/interbotix_common_sim/worlds/interbotix.world
[1.848s] -- Up-to-date: /home/inouemakoto/interbotix_ws/src/install/interbotix_common_sim/share/interbotix_common_sim/worlds/vision_kit.world
[1.848s] -- Up-to-date: /home/inouemakoto/interbotix_ws/src/install/interbotix_common_sim/share/interbotix_common_sim/media
[1.848s] -- Up-to-date: /home/inouemakoto/interbotix_ws/src/install/interbotix_common_sim/share/interbotix_common_sim/media/interbotix_black.png
[1.848s] -- Up-to-date: /home/inouemakoto/interbotix_ws/src/install/interbotix_common_sim/share/interbotix_common_sim/media/materials
[1.848s] -- Up-to-date: /home/inouemakoto/interbotix_ws/src/install/interbotix_common_sim/share/interbotix_common_sim/media/materials/textures
[1.848s] -- Up-to-date: /home/inouemakoto/interbotix_ws/src/install/interbotix_common_sim/share/interbotix_common_sim/media/materials/textures/interbotix_black.png
[1.848s] -- Up-to-date: /home/inouemakoto/interbotix_ws/src/install/interbotix_common_sim/share/interbotix_common_sim/media/materials/scripts
[1.848s] -- Up-to-date: /home/inouemakoto/interbotix_ws/src/install/interbotix_common_sim/share/interbotix_common_sim/media/materials/scripts/interbotix_texture.gazebo
[1.848s] -- Up-to-date: /home/inouemakoto/interbotix_ws/src/install/interbotix_common_sim/share/interbotix_common_sim/media/materials/scripts/interbotix_black.material
[1.849s] -- Up-to-date: /home/inouemakoto/interbotix_ws/src/install/interbotix_common_sim/share/ament_index/resource_index/package_run_dependencies/interbotix_common_sim
[1.850s] -- Up-to-date: /home/inouemakoto/interbotix_ws/src/install/interbotix_common_sim/share/ament_index/resource_index/parent_prefix_path/interbotix_common_sim
[1.853s] -- Up-to-date: /home/inouemakoto/interbotix_ws/src/install/interbotix_common_sim/share/interbotix_common_sim/environment/ament_prefix_path.sh
[1.853s] -- Up-to-date: /home/inouemakoto/interbotix_ws/src/install/interbotix_common_sim/share/interbotix_common_sim/environment/ament_prefix_path.dsv
[1.854s] -- Up-to-date: /home/inouemakoto/interbotix_ws/src/install/interbotix_common_sim/share/interbotix_common_sim/environment/path.sh
[1.854s] -- Up-to-date: /home/inouemakoto/interbotix_ws/src/install/interbotix_common_sim/share/interbotix_common_sim/environment/path.dsv
[1.854s] -- Up-to-date: /home/inouemakoto/interbotix_ws/src/install/interbotix_common_sim/share/interbotix_common_sim/local_setup.bash
[1.855s] -- Up-to-date: /home/inouemakoto/interbotix_ws/src/install/interbotix_common_sim/share/interbotix_common_sim/local_setup.sh
[1.855s] -- Up-to-date: /home/inouemakoto/interbotix_ws/src/install/interbotix_common_sim/share/interbotix_common_sim/local_setup.zsh
[1.855s] -- Up-to-date: /home/inouemakoto/interbotix_ws/src/install/interbotix_common_sim/share/interbotix_common_sim/local_setup.dsv
[1.859s] -- Installing: /home/inouemakoto/interbotix_ws/src/install/interbotix_common_sim/share/interbotix_common_sim/package.dsv
[1.863s] -- Up-to-date: /home/inouemakoto/interbotix_ws/src/install/interbotix_common_sim/share/ament_index/resource_index/packages/interbotix_common_sim
[1.864s] -- Up-to-date: /home/inouemakoto/interbotix_ws/src/install/interbotix_common_sim/share/interbotix_common_sim/cmake/interbotix_common_simConfig.cmake
[1.864s] -- Up-to-date: /home/inouemakoto/interbotix_ws/src/install/interbotix_common_sim/share/interbotix_common_sim/cmake/interbotix_common_simConfig-version.cmake
[1.865s] -- Up-to-date: /home/inouemakoto/interbotix_ws/src/install/interbotix_common_sim/share/interbotix_common_sim/package.xml
[1.956s] Invoked command in '/home/inouemakoto/interbotix_ws/src/build/interbotix_common_sim' returned '0': CMAKE_PREFIX_PATH=${CMAKE_PREFIX_PATH}:/home/inouemakoto/ws_moveit2/install/moveit_configs_utils:/home/inouemakoto/ws_moveit2/install/launch_param_builder:/home/inouemakoto/interbotix_ws/install/interbotix_xs_modules:/home/inouemakoto/interbotix_ws/install/interbotix_common_modules:/opt/ros/humble /usr/bin/cmake --install /home/inouemakoto/interbotix_ws/src/build/interbotix_common_sim
