[1.207s] Invoking command in '/home/inouemakoto/interbotix_ws/build/interbotix_tf_tools': CMAKE_PREFIX_PATH=${CMAKE_PREFIX_PATH}:/home/inouemakoto/ws_moveit2/install/moveit_configs_utils:/home/inouemakoto/ws_moveit2/install/launch_param_builder:/home/inouemakoto/interbotix_ws/install/interbotix_xs_modules:/home/inouemakoto/interbotix_ws/install/interbotix_common_modules:/opt/ros/humble /usr/bin/cmake --build /home/inouemakoto/interbotix_ws/build/interbotix_tf_tools -- -j20 -l20
[1.627s] [100%] Built target tf_rebroadcaster
[1.960s] Invoked command in '/home/inouemakoto/interbotix_ws/build/interbotix_tf_tools' returned '0': CMAKE_PREFIX_PATH=${CMAKE_PREFIX_PATH}:/home/inouemakoto/ws_moveit2/install/moveit_configs_utils:/home/inouemakoto/ws_moveit2/install/launch_param_builder:/home/inouemakoto/interbotix_ws/install/interbotix_xs_modules:/home/inouemakoto/interbotix_ws/install/interbotix_common_modules:/opt/ros/humble /usr/bin/cmake --build /home/inouemakoto/interbotix_ws/build/interbotix_tf_tools -- -j20 -l20
[2.166s] Invoking command in '/home/inouemakoto/interbotix_ws/build/interbotix_tf_tools': CMAKE_PREFIX_PATH=${CMAKE_PREFIX_PATH}:/home/inouemakoto/ws_moveit2/install/moveit_configs_utils:/home/inouemakoto/ws_moveit2/install/launch_param_builder:/home/inouemakoto/interbotix_ws/install/interbotix_xs_modules:/home/inouemakoto/interbotix_ws/install/interbotix_common_modules:/opt/ros/humble /usr/bin/cmake --install /home/inouemakoto/interbotix_ws/build/interbotix_tf_tools
[2.233s] -- Install configuration: ""
[2.234s] -- Up-to-date: /home/inouemakoto/interbotix_ws/install/interbotix_tf_tools/lib/libtf_rebroadcaster.so
[2.234s] -- Up-to-date: /home/inouemakoto/interbotix_ws/install/interbotix_tf_tools/lib/interbotix_tf_tools/static_trans_pub.py
[2.234s] -- Up-to-date: /home/inouemakoto/interbotix_ws/install/interbotix_tf_tools/share/interbotix_tf_tools//config
[2.235s] -- Up-to-date: /home/inouemakoto/interbotix_ws/install/interbotix_tf_tools/share/interbotix_tf_tools//config/tf_rebroadcaster.yaml
[2.235s] -- Up-to-date: /home/inouemakoto/interbotix_ws/install/interbotix_tf_tools/share/interbotix_tf_tools//launch
[2.235s] -- Up-to-date: /home/inouemakoto/interbotix_ws/install/interbotix_tf_tools/share/interbotix_tf_tools//launch/static_transform_pub.launch.py
[2.236s] -- Up-to-date: /home/inouemakoto/interbotix_ws/install/interbotix_tf_tools/share/interbotix_tf_tools//launch/tf_rebroadcaster.launch.py
[2.236s] -- Up-to-date: /home/inouemakoto/interbotix_ws/install/interbotix_tf_tools/share/ament_index/resource_index/package_run_dependencies/interbotix_tf_tools
[2.237s] -- Up-to-date: /home/inouemakoto/interbotix_ws/install/interbotix_tf_tools/share/ament_index/resource_index/parent_prefix_path/interbotix_tf_tools
[2.239s] -- Up-to-date: /home/inouemakoto/interbotix_ws/install/interbotix_tf_tools/share/interbotix_tf_tools/environment/ament_prefix_path.sh
[2.240s] -- Up-to-date: /home/inouemakoto/interbotix_ws/install/interbotix_tf_tools/share/interbotix_tf_tools/environment/ament_prefix_path.dsv
[2.241s] -- Up-to-date: /home/inouemakoto/interbotix_ws/install/interbotix_tf_tools/share/interbotix_tf_tools/environment/path.sh
[2.242s] -- Up-to-date: /home/inouemakoto/interbotix_ws/install/interbotix_tf_tools/share/interbotix_tf_tools/environment/path.dsv
[2.242s] -- Up-to-date: /home/inouemakoto/interbotix_ws/install/interbotix_tf_tools/share/interbotix_tf_tools/local_setup.bash
[2.242s] -- Up-to-date: /home/inouemakoto/interbotix_ws/install/interbotix_tf_tools/share/interbotix_tf_tools/local_setup.sh
[2.242s] -- Up-to-date: /home/inouemakoto/interbotix_ws/install/interbotix_tf_tools/share/interbotix_tf_tools/local_setup.zsh
[2.243s] -- Up-to-date: /home/inouemakoto/interbotix_ws/install/interbotix_tf_tools/share/interbotix_tf_tools/local_setup.dsv
[2.243s] -- Installing: /home/inouemakoto/interbotix_ws/install/interbotix_tf_tools/share/interbotix_tf_tools/package.dsv
[2.243s] -- Up-to-date: /home/inouemakoto/interbotix_ws/install/interbotix_tf_tools/share/ament_index/resource_index/packages/interbotix_tf_tools
[2.243s] -- Up-to-date: /home/inouemakoto/interbotix_ws/install/interbotix_tf_tools/share/ament_index/resource_index/rclcpp_components/interbotix_tf_tools
[2.243s] -- Up-to-date: /home/inouemakoto/interbotix_ws/install/interbotix_tf_tools/share/interbotix_tf_tools/cmake/interbotix_tf_toolsConfig.cmake
[2.244s] -- Up-to-date: /home/inouemakoto/interbotix_ws/install/interbotix_tf_tools/share/interbotix_tf_tools/cmake/interbotix_tf_toolsConfig-version.cmake
[2.249s] -- Up-to-date: /home/inouemakoto/interbotix_ws/install/interbotix_tf_tools/share/interbotix_tf_tools/package.xml
[2.451s] Invoked command in '/home/inouemakoto/interbotix_ws/build/interbotix_tf_tools' returned '0': CMAKE_PREFIX_PATH=${CMAKE_PREFIX_PATH}:/home/inouemakoto/ws_moveit2/install/moveit_configs_utils:/home/inouemakoto/ws_moveit2/install/launch_param_builder:/home/inouemakoto/interbotix_ws/install/interbotix_xs_modules:/home/inouemakoto/interbotix_ws/install/interbotix_common_modules:/opt/ros/humble /usr/bin/cmake --install /home/inouemakoto/interbotix_ws/build/interbotix_tf_tools
