[1.279s] Invoking command in '/home/inouemakoto/interbotix_ws/build/interbotix_rpi_msgs': CMAKE_PREFIX_PATH=${CMAKE_PREFIX_PATH}:/home/inouemakoto/interbotix_ws/install/interbotix_moveit_interface:/home/inouemakoto/interbotix_ws/install/moveit_service:/home/inouemakoto/interbotix_ws/install/makoto:/home/inouemakoto/interbotix_ws/install/interbotix_xs_modules:/home/inouemakoto/interbotix_ws/install/interbotix_rpi_modules:/home/inouemakoto/interbotix_ws/install/interbotix_common_modules:/home/inouemakoto/ws_moveit2/install/moveit_configs_utils:/home/inouemakoto/ws_moveit2/install/launch_param_builder:/home/inouemakoto/install/moveit_service:/home/inouemakoto/install/interbotix_xs_modules:/home/inouemakoto/install/interbotix_common_modules:/opt/ros/humble /usr/bin/cmake --build /home/inouemakoto/interbotix_ws/build/interbotix_rpi_msgs -- -j20 -l20
[1.948s] [  3%] Built target interbotix_rpi_msgs__cpp
[1.948s] [ 12%] Built target interbotix_rpi_msgs__rosidl_generator_c
[1.948s] [ 12%] Built target ament_cmake_python_copy_interbotix_rpi_msgs
[1.948s] [ 22%] Built target interbotix_rpi_msgs__rosidl_typesupport_fastrtps_cpp
[1.948s] [ 32%] Built target interbotix_rpi_msgs__rosidl_typesupport_cpp
[1.949s] [ 41%] Built target interbotix_rpi_msgs__rosidl_typesupport_introspection_cpp
[1.949s] [ 51%] Built target interbotix_rpi_msgs__rosidl_typesupport_fastrtps_c
[1.949s] [ 61%] Built target interbotix_rpi_msgs__rosidl_typesupport_introspection_c
[1.949s] [ 70%] Built target interbotix_rpi_msgs__rosidl_typesupport_c
[1.949s] [ 70%] Built target interbotix_rpi_msgs
[1.949s] [ 74%] Built target interbotix_rpi_msgs__py
[1.950s] [ 80%] Built target interbotix_rpi_msgs__rosidl_generator_py
[1.951s] [ 87%] Built target interbotix_rpi_msgs__rosidl_typesupport_introspection_c__pyext
[1.951s] [ 93%] Built target interbotix_rpi_msgs__rosidl_typesupport_fastrtps_c__pyext
[1.951s] [100%] Built target interbotix_rpi_msgs__rosidl_typesupport_c__pyext
[1.952s] running egg_info
[1.952s] writing interbotix_rpi_msgs.egg-info/PKG-INFO
[1.953s] writing dependency_links to interbotix_rpi_msgs.egg-info/dependency_links.txt
[1.954s] writing top-level names to interbotix_rpi_msgs.egg-info/top_level.txt
[1.954s] reading manifest file 'interbotix_rpi_msgs.egg-info/SOURCES.txt'
[1.954s] writing manifest file 'interbotix_rpi_msgs.egg-info/SOURCES.txt'
[1.954s] [100%] Built target ament_cmake_python_build_interbotix_rpi_msgs_egg
[1.975s] Invoked command in '/home/inouemakoto/interbotix_ws/build/interbotix_rpi_msgs' returned '0': CMAKE_PREFIX_PATH=${CMAKE_PREFIX_PATH}:/home/inouemakoto/interbotix_ws/install/interbotix_moveit_interface:/home/inouemakoto/interbotix_ws/install/moveit_service:/home/inouemakoto/interbotix_ws/install/makoto:/home/inouemakoto/interbotix_ws/install/interbotix_xs_modules:/home/inouemakoto/interbotix_ws/install/interbotix_rpi_modules:/home/inouemakoto/interbotix_ws/install/interbotix_common_modules:/home/inouemakoto/ws_moveit2/install/moveit_configs_utils:/home/inouemakoto/ws_moveit2/install/launch_param_builder:/home/inouemakoto/install/moveit_service:/home/inouemakoto/install/interbotix_xs_modules:/home/inouemakoto/install/interbotix_common_modules:/opt/ros/humble /usr/bin/cmake --build /home/inouemakoto/interbotix_ws/build/interbotix_rpi_msgs -- -j20 -l20
