[0.319s] Invoking command in '/home/inouemakoto/interbotix_ws/build/graph_msgs': CMAKE_PREFIX_PATH=${CMAKE_PREFIX_PATH}:/home/inouemakoto/interbotix_ws/install/interbotix_xs_modules:/home/inouemakoto/interbotix_ws/install/interbotix_common_modules:/home/inouemakoto/ws_moveit2/install/moveit_configs_utils:/home/inouemakoto/ws_moveit2/install/launch_param_builder:/opt/ros/humble /usr/bin/cmake --build /home/inouemakoto/interbotix_ws/build/graph_msgs -- -j20 -l20
[0.382s] [  2%] Built target graph_msgs__cpp
[0.387s] [ 12%] Built target graph_msgs__rosidl_generator_c
[0.406s] [ 12%] Built target ament_cmake_python_copy_graph_msgs
[0.427s] [ 23%] Built target graph_msgs__rosidl_typesupport_introspection_cpp
[0.436s] [ 33%] Built target graph_msgs__rosidl_typesupport_cpp
[0.445s] [ 43%] Built target graph_msgs__rosidl_typesupport_fastrtps_cpp
[0.448s] [ 53%] Built target graph_msgs__rosidl_typesupport_c
[0.462s] [ 64%] Built target graph_msgs__rosidl_typesupport_fastrtps_c
[0.467s] [ 74%] Built target graph_msgs__rosidl_typesupport_introspection_c
[0.499s] [ 74%] Built target graph_msgs
[0.535s] [ 76%] Built target graph_msgs__py
[0.561s] [ 84%] Built target graph_msgs__rosidl_generator_py
[0.595s] [ 89%] Built target graph_msgs__rosidl_typesupport_c__pyext
[0.595s] [ 94%] Built target graph_msgs__rosidl_typesupport_introspection_c__pyext
[0.604s] [100%] Built target graph_msgs__rosidl_typesupport_fastrtps_c__pyext
[0.828s] running egg_info
[0.828s] writing graph_msgs.egg-info/PKG-INFO
[0.829s] writing dependency_links to graph_msgs.egg-info/dependency_links.txt
[0.829s] writing top-level names to graph_msgs.egg-info/top_level.txt
[0.831s] reading manifest file 'graph_msgs.egg-info/SOURCES.txt'
[0.831s] writing manifest file 'graph_msgs.egg-info/SOURCES.txt'
[0.861s] [100%] Built target ament_cmake_python_build_graph_msgs_egg
[0.883s] Invoked command in '/home/inouemakoto/interbotix_ws/build/graph_msgs' returned '0': CMAKE_PREFIX_PATH=${CMAKE_PREFIX_PATH}:/home/inouemakoto/interbotix_ws/install/interbotix_xs_modules:/home/inouemakoto/interbotix_ws/install/interbotix_common_modules:/home/inouemakoto/ws_moveit2/install/moveit_configs_utils:/home/inouemakoto/ws_moveit2/install/launch_param_builder:/opt/ros/humble /usr/bin/cmake --build /home/inouemakoto/interbotix_ws/build/graph_msgs -- -j20 -l20
[0.986s] Invoking command in '/home/inouemakoto/interbotix_ws/build/graph_msgs': CMAKE_PREFIX_PATH=${CMAKE_PREFIX_PATH}:/home/inouemakoto/interbotix_ws/install/interbotix_xs_modules:/home/inouemakoto/interbotix_ws/install/interbotix_common_modules:/home/inouemakoto/ws_moveit2/install/moveit_configs_utils:/home/inouemakoto/ws_moveit2/install/launch_param_builder:/opt/ros/humble /usr/bin/cmake --install /home/inouemakoto/interbotix_ws/build/graph_msgs
[0.994s] -- Install configuration: "Debug"
[0.994s] -- Up-to-date: /home/inouemakoto/interbotix_ws/install/graph_msgs/share/ament_index/resource_index/rosidl_interfaces/graph_msgs
[0.994s] -- Up-to-date: /home/inouemakoto/interbotix_ws/install/graph_msgs/include/graph_msgs/graph_msgs
[0.994s] -- Up-to-date: /home/inouemakoto/interbotix_ws/install/graph_msgs/include/graph_msgs/graph_msgs/msg
[0.995s] -- Up-to-date: /home/inouemakoto/interbotix_ws/install/graph_msgs/include/graph_msgs/graph_msgs/msg/edges.h
[0.995s] -- Up-to-date: /home/inouemakoto/interbotix_ws/install/graph_msgs/include/graph_msgs/graph_msgs/msg/geometry_graph.h
[0.995s] -- Up-to-date: /home/inouemakoto/interbotix_ws/install/graph_msgs/include/graph_msgs/graph_msgs/msg/rosidl_generator_c__visibility_control.h
[0.995s] -- Up-to-date: /home/inouemakoto/interbotix_ws/install/graph_msgs/include/graph_msgs/graph_msgs/msg/detail
[0.995s] -- Up-to-date: /home/inouemakoto/interbotix_ws/install/graph_msgs/include/graph_msgs/graph_msgs/msg/detail/edges__functions.h
[0.995s] -- Up-to-date: /home/inouemakoto/interbotix_ws/install/graph_msgs/include/graph_msgs/graph_msgs/msg/detail/geometry_graph__functions.c
[0.995s] -- Up-to-date: /home/inouemakoto/interbotix_ws/install/graph_msgs/include/graph_msgs/graph_msgs/msg/detail/geometry_graph__type_support.h
[0.995s] -- Up-to-date: /home/inouemakoto/interbotix_ws/install/graph_msgs/include/graph_msgs/graph_msgs/msg/detail/geometry_graph__functions.h
[0.995s] -- Up-to-date: /home/inouemakoto/interbotix_ws/install/graph_msgs/include/graph_msgs/graph_msgs/msg/detail/geometry_graph__struct.h
[0.995s] -- Up-to-date: /home/inouemakoto/interbotix_ws/install/graph_msgs/include/graph_msgs/graph_msgs/msg/detail/edges__functions.c
[0.995s] -- Up-to-date: /home/inouemakoto/interbotix_ws/install/graph_msgs/include/graph_msgs/graph_msgs/msg/detail/edges__type_support.h
[0.995s] -- Up-to-date: /home/inouemakoto/interbotix_ws/install/graph_msgs/include/graph_msgs/graph_msgs/msg/detail/edges__struct.h
[0.995s] -- Up-to-date: /home/inouemakoto/interbotix_ws/install/graph_msgs/share/graph_msgs/environment/library_path.sh
[0.995s] -- Up-to-date: /home/inouemakoto/interbotix_ws/install/graph_msgs/share/graph_msgs/environment/library_path.dsv
[0.995s] -- Up-to-date: /home/inouemakoto/interbotix_ws/install/graph_msgs/lib/libgraph_msgs__rosidl_generator_c.so
[0.996s] -- Up-to-date: /home/inouemakoto/interbotix_ws/install/graph_msgs/include/graph_msgs/graph_msgs
[0.996s] -- Up-to-date: /home/inouemakoto/interbotix_ws/install/graph_msgs/include/graph_msgs/graph_msgs/msg
[0.996s] -- Up-to-date: /home/inouemakoto/interbotix_ws/install/graph_msgs/include/graph_msgs/graph_msgs/msg/detail
[0.997s] -- Up-to-date: /home/inouemakoto/interbotix_ws/install/graph_msgs/include/graph_msgs/graph_msgs/msg/detail/geometry_graph__rosidl_typesupport_fastrtps_c.h
[0.997s] -- Up-to-date: /home/inouemakoto/interbotix_ws/install/graph_msgs/include/graph_msgs/graph_msgs/msg/detail/edges__rosidl_typesupport_fastrtps_c.h
[0.997s] -- Up-to-date: /home/inouemakoto/interbotix_ws/install/graph_msgs/include/graph_msgs/graph_msgs/msg/rosidl_typesupport_fastrtps_c__visibility_control.h
[0.997s] -- Up-to-date: /home/inouemakoto/interbotix_ws/install/graph_msgs/lib/libgraph_msgs__rosidl_typesupport_fastrtps_c.so
[0.997s] -- Up-to-date: /home/inouemakoto/interbotix_ws/install/graph_msgs/include/graph_msgs/graph_msgs
[0.997s] -- Up-to-date: /home/inouemakoto/interbotix_ws/install/graph_msgs/include/graph_msgs/graph_msgs/msg
[0.997s] -- Up-to-date: /home/inouemakoto/interbotix_ws/install/graph_msgs/include/graph_msgs/graph_msgs/msg/rosidl_typesupport_introspection_c__visibility_control.h
[0.997s] -- Up-to-date: /home/inouemakoto/interbotix_ws/install/graph_msgs/include/graph_msgs/graph_msgs/msg/detail
[0.997s] -- Up-to-date: /home/inouemakoto/interbotix_ws/install/graph_msgs/include/graph_msgs/graph_msgs/msg/detail/edges__type_support.c
[0.997s] -- Up-to-date: /home/inouemakoto/interbotix_ws/install/graph_msgs/include/graph_msgs/graph_msgs/msg/detail/geometry_graph__type_support.c
[0.997s] -- Up-to-date: /home/inouemakoto/interbotix_ws/install/graph_msgs/include/graph_msgs/graph_msgs/msg/detail/geometry_graph__rosidl_typesupport_introspection_c.h
[0.997s] -- Up-to-date: /home/inouemakoto/interbotix_ws/install/graph_msgs/include/graph_msgs/graph_msgs/msg/detail/edges__rosidl_typesupport_introspection_c.h
[0.997s] -- Up-to-date: /home/inouemakoto/interbotix_ws/install/graph_msgs/lib/libgraph_msgs__rosidl_typesupport_introspection_c.so
[0.997s] -- Up-to-date: /home/inouemakoto/interbotix_ws/install/graph_msgs/lib/libgraph_msgs__rosidl_typesupport_c.so
[0.998s] -- Up-to-date: /home/inouemakoto/interbotix_ws/install/graph_msgs/include/graph_msgs/graph_msgs
[0.998s] -- Up-to-date: /home/inouemakoto/interbotix_ws/install/graph_msgs/include/graph_msgs/graph_msgs/msg
[0.998s] -- Up-to-date: /home/inouemakoto/interbotix_ws/install/graph_msgs/include/graph_msgs/graph_msgs/msg/geometry_graph.hpp
[0.998s] -- Up-to-date: /home/inouemakoto/interbotix_ws/install/graph_msgs/include/graph_msgs/graph_msgs/msg/detail
[0.998s] -- Up-to-date: /home/inouemakoto/interbotix_ws/install/graph_msgs/include/graph_msgs/graph_msgs/msg/detail/geometry_graph__traits.hpp
[0.998s] -- Up-to-date: /home/inouemakoto/interbotix_ws/install/graph_msgs/include/graph_msgs/graph_msgs/msg/detail/geometry_graph__builder.hpp
[0.998s] -- Up-to-date: /home/inouemakoto/interbotix_ws/install/graph_msgs/include/graph_msgs/graph_msgs/msg/detail/edges__builder.hpp
[0.998s] -- Up-to-date: /home/inouemakoto/interbotix_ws/install/graph_msgs/include/graph_msgs/graph_msgs/msg/detail/edges__struct.hpp
[0.998s] -- Up-to-date: /home/inouemakoto/interbotix_ws/install/graph_msgs/include/graph_msgs/graph_msgs/msg/detail/edges__traits.hpp
[1.003s] -- Up-to-date: /home/inouemakoto/interbotix_ws/install/graph_msgs/include/graph_msgs/graph_msgs/msg/detail/geometry_graph__struct.hpp
[1.003s] -- Up-to-date: /home/inouemakoto/interbotix_ws/install/graph_msgs/include/graph_msgs/graph_msgs/msg/edges.hpp
[1.003s] -- Up-to-date: /home/inouemakoto/interbotix_ws/install/graph_msgs/include/graph_msgs/graph_msgs
[1.003s] -- Up-to-date: /home/inouemakoto/interbotix_ws/install/graph_msgs/include/graph_msgs/graph_msgs/msg
[1.003s] -- Up-to-date: /home/inouemakoto/interbotix_ws/install/graph_msgs/include/graph_msgs/graph_msgs/msg/rosidl_typesupport_fastrtps_cpp__visibility_control.h
[1.003s] -- Up-to-date: /home/inouemakoto/interbotix_ws/install/graph_msgs/include/graph_msgs/graph_msgs/msg/detail
[1.003s] -- Up-to-date: /home/inouemakoto/interbotix_ws/install/graph_msgs/include/graph_msgs/graph_msgs/msg/detail/dds_fastrtps
[1.003s] -- Up-to-date: /home/inouemakoto/interbotix_ws/install/graph_msgs/include/graph_msgs/graph_msgs/msg/detail/edges__rosidl_typesupport_fastrtps_cpp.hpp
[1.003s] -- Up-to-date: /home/inouemakoto/interbotix_ws/install/graph_msgs/include/graph_msgs/graph_msgs/msg/detail/geometry_graph__rosidl_typesupport_fastrtps_cpp.hpp
[1.003s] -- Up-to-date: /home/inouemakoto/interbotix_ws/install/graph_msgs/lib/libgraph_msgs__rosidl_typesupport_fastrtps_cpp.so
[1.003s] -- Up-to-date: /home/inouemakoto/interbotix_ws/install/graph_msgs/include/graph_msgs/graph_msgs
[1.003s] -- Up-to-date: /home/inouemakoto/interbotix_ws/install/graph_msgs/include/graph_msgs/graph_msgs/msg
[1.003s] -- Up-to-date: /home/inouemakoto/interbotix_ws/install/graph_msgs/include/graph_msgs/graph_msgs/msg/detail
[1.004s] -- Up-to-date: /home/inouemakoto/interbotix_ws/install/graph_msgs/include/graph_msgs/graph_msgs/msg/detail/geometry_graph__type_support.cpp
[1.004s] -- Up-to-date: /home/inouemakoto/interbotix_ws/install/graph_msgs/include/graph_msgs/graph_msgs/msg/detail/geometry_graph__rosidl_typesupport_introspection_cpp.hpp
[1.004s] -- Up-to-date: /home/inouemakoto/interbotix_ws/install/graph_msgs/include/graph_msgs/graph_msgs/msg/detail/edges__rosidl_typesupport_introspection_cpp.hpp
[1.004s] -- Up-to-date: /home/inouemakoto/interbotix_ws/install/graph_msgs/include/graph_msgs/graph_msgs/msg/detail/edges__type_support.cpp
[1.004s] -- Up-to-date: /home/inouemakoto/interbotix_ws/install/graph_msgs/lib/libgraph_msgs__rosidl_typesupport_introspection_cpp.so
[1.004s] -- Up-to-date: /home/inouemakoto/interbotix_ws/install/graph_msgs/lib/libgraph_msgs__rosidl_typesupport_cpp.so
[1.006s] -- Up-to-date: /home/inouemakoto/interbotix_ws/install/graph_msgs/share/graph_msgs/environment/pythonpath.sh
[1.006s] -- Up-to-date: /home/inouemakoto/interbotix_ws/install/graph_msgs/share/graph_msgs/environment/pythonpath.dsv
[1.006s] -- Up-to-date: /home/inouemakoto/interbotix_ws/install/graph_msgs/local/lib/python3.10/dist-packages/graph_msgs-0.2.0-py3.10.egg-info
[1.006s] -- Installing: /home/inouemakoto/interbotix_ws/install/graph_msgs/local/lib/python3.10/dist-packages/graph_msgs-0.2.0-py3.10.egg-info/top_level.txt
[1.006s] -- Installing: /home/inouemakoto/interbotix_ws/install/graph_msgs/local/lib/python3.10/dist-packages/graph_msgs-0.2.0-py3.10.egg-info/dependency_links.txt
[1.006s] -- Installing: /home/inouemakoto/interbotix_ws/install/graph_msgs/local/lib/python3.10/dist-packages/graph_msgs-0.2.0-py3.10.egg-info/SOURCES.txt
[1.006s] -- Installing: /home/inouemakoto/interbotix_ws/install/graph_msgs/local/lib/python3.10/dist-packages/graph_msgs-0.2.0-py3.10.egg-info/PKG-INFO
[1.006s] -- Up-to-date: /home/inouemakoto/interbotix_ws/install/graph_msgs/local/lib/python3.10/dist-packages/graph_msgs
[1.006s] -- Up-to-date: /home/inouemakoto/interbotix_ws/install/graph_msgs/local/lib/python3.10/dist-packages/graph_msgs/graph_msgs_s__rosidl_typesupport_introspection_c.cpython-310-x86_64-linux-gnu.so
[1.006s] -- Up-to-date: /home/inouemakoto/interbotix_ws/install/graph_msgs/local/lib/python3.10/dist-packages/graph_msgs/msg
[1.006s] -- Up-to-date: /home/inouemakoto/interbotix_ws/install/graph_msgs/local/lib/python3.10/dist-packages/graph_msgs/msg/_edges_s.c
[1.006s] -- Up-to-date: /home/inouemakoto/interbotix_ws/install/graph_msgs/local/lib/python3.10/dist-packages/graph_msgs/msg/_geometry_graph.py
[1.006s] -- Up-to-date: /home/inouemakoto/interbotix_ws/install/graph_msgs/local/lib/python3.10/dist-packages/graph_msgs/msg/__init__.py
[1.006s] -- Up-to-date: /home/inouemakoto/interbotix_ws/install/graph_msgs/local/lib/python3.10/dist-packages/graph_msgs/msg/_edges.py
[1.006s] -- Up-to-date: /home/inouemakoto/interbotix_ws/install/graph_msgs/local/lib/python3.10/dist-packages/graph_msgs/msg/_geometry_graph_s.c
[1.006s] -- Up-to-date: /home/inouemakoto/interbotix_ws/install/graph_msgs/local/lib/python3.10/dist-packages/graph_msgs/_graph_msgs_s.ep.rosidl_typesupport_fastrtps_c.c
[1.008s] -- Up-to-date: /home/inouemakoto/interbotix_ws/install/graph_msgs/local/lib/python3.10/dist-packages/graph_msgs/_graph_msgs_s.ep.rosidl_typesupport_introspection_c.c
[1.008s] -- Up-to-date: /home/inouemakoto/interbotix_ws/install/graph_msgs/local/lib/python3.10/dist-packages/graph_msgs/graph_msgs_s__rosidl_typesupport_c.cpython-310-x86_64-linux-gnu.so
[1.008s] -- Up-to-date: /home/inouemakoto/interbotix_ws/install/graph_msgs/local/lib/python3.10/dist-packages/graph_msgs/__init__.py
[1.008s] -- Up-to-date: /home/inouemakoto/interbotix_ws/install/graph_msgs/local/lib/python3.10/dist-packages/graph_msgs/graph_msgs_s__rosidl_typesupport_fastrtps_c.cpython-310-x86_64-linux-gnu.so
[1.008s] -- Up-to-date: /home/inouemakoto/interbotix_ws/install/graph_msgs/local/lib/python3.10/dist-packages/graph_msgs/_graph_msgs_s.ep.rosidl_typesupport_c.c
[1.008s] -- Up-to-date: /home/inouemakoto/interbotix_ws/install/graph_msgs/local/lib/python3.10/dist-packages/graph_msgs/libgraph_msgs__rosidl_generator_py.so
[1.026s] Listing '/home/inouemakoto/interbotix_ws/install/graph_msgs/local/lib/python3.10/dist-packages/graph_msgs'...
[1.026s] Listing '/home/inouemakoto/interbotix_ws/install/graph_msgs/local/lib/python3.10/dist-packages/graph_msgs/msg'...
[1.029s] -- Up-to-date: /home/inouemakoto/interbotix_ws/install/graph_msgs/local/lib/python3.10/dist-packages/graph_msgs/graph_msgs_s__rosidl_typesupport_fastrtps_c.cpython-310-x86_64-linux-gnu.so
[1.029s] -- Up-to-date: /home/inouemakoto/interbotix_ws/install/graph_msgs/local/lib/python3.10/dist-packages/graph_msgs/graph_msgs_s__rosidl_typesupport_introspection_c.cpython-310-x86_64-linux-gnu.so
[1.030s] -- Up-to-date: /home/inouemakoto/interbotix_ws/install/graph_msgs/local/lib/python3.10/dist-packages/graph_msgs/graph_msgs_s__rosidl_typesupport_c.cpython-310-x86_64-linux-gnu.so
[1.030s] -- Up-to-date: /home/inouemakoto/interbotix_ws/install/graph_msgs/lib/libgraph_msgs__rosidl_generator_py.so
[1.030s] -- Up-to-date: /home/inouemakoto/interbotix_ws/install/graph_msgs/share/graph_msgs/msg/Edges.idl
[1.030s] -- Up-to-date: /home/inouemakoto/interbotix_ws/install/graph_msgs/share/graph_msgs/msg/GeometryGraph.idl
[1.030s] -- Up-to-date: /home/inouemakoto/interbotix_ws/install/graph_msgs/share/graph_msgs/msg/Edges.msg
[1.030s] -- Up-to-date: /home/inouemakoto/interbotix_ws/install/graph_msgs/share/graph_msgs/msg/GeometryGraph.msg
[1.030s] -- Up-to-date: /home/inouemakoto/interbotix_ws/install/graph_msgs/share/ament_index/resource_index/package_run_dependencies/graph_msgs
[1.030s] -- Up-to-date: /home/inouemakoto/interbotix_ws/install/graph_msgs/share/ament_index/resource_index/parent_prefix_path/graph_msgs
[1.030s] -- Up-to-date: /home/inouemakoto/interbotix_ws/install/graph_msgs/share/graph_msgs/environment/ament_prefix_path.sh
[1.030s] -- Up-to-date: /home/inouemakoto/interbotix_ws/install/graph_msgs/share/graph_msgs/environment/ament_prefix_path.dsv
[1.030s] -- Up-to-date: /home/inouemakoto/interbotix_ws/install/graph_msgs/share/graph_msgs/environment/path.sh
[1.031s] -- Up-to-date: /home/inouemakoto/interbotix_ws/install/graph_msgs/share/graph_msgs/environment/path.dsv
[1.031s] -- Up-to-date: /home/inouemakoto/interbotix_ws/install/graph_msgs/share/graph_msgs/local_setup.bash
[1.031s] -- Up-to-date: /home/inouemakoto/interbotix_ws/install/graph_msgs/share/graph_msgs/local_setup.sh
[1.031s] -- Up-to-date: /home/inouemakoto/interbotix_ws/install/graph_msgs/share/graph_msgs/local_setup.zsh
[1.031s] -- Up-to-date: /home/inouemakoto/interbotix_ws/install/graph_msgs/share/graph_msgs/local_setup.dsv
[1.031s] -- Installing: /home/inouemakoto/interbotix_ws/install/graph_msgs/share/graph_msgs/package.dsv
[1.031s] -- Up-to-date: /home/inouemakoto/interbotix_ws/install/graph_msgs/share/ament_index/resource_index/packages/graph_msgs
[1.031s] -- Up-to-date: /home/inouemakoto/interbotix_ws/install/graph_msgs/share/graph_msgs/cmake/export_graph_msgs__rosidl_generator_cExport.cmake
[1.031s] -- Up-to-date: /home/inouemakoto/interbotix_ws/install/graph_msgs/share/graph_msgs/cmake/export_graph_msgs__rosidl_generator_cExport-debug.cmake
[1.031s] -- Up-to-date: /home/inouemakoto/interbotix_ws/install/graph_msgs/share/graph_msgs/cmake/export_graph_msgs__rosidl_typesupport_fastrtps_cExport.cmake
[1.031s] -- Up-to-date: /home/inouemakoto/interbotix_ws/install/graph_msgs/share/graph_msgs/cmake/export_graph_msgs__rosidl_typesupport_fastrtps_cExport-debug.cmake
[1.031s] -- Up-to-date: /home/inouemakoto/interbotix_ws/install/graph_msgs/share/graph_msgs/cmake/graph_msgs__rosidl_typesupport_introspection_cExport.cmake
[1.031s] -- Up-to-date: /home/inouemakoto/interbotix_ws/install/graph_msgs/share/graph_msgs/cmake/graph_msgs__rosidl_typesupport_introspection_cExport-debug.cmake
[1.031s] -- Up-to-date: /home/inouemakoto/interbotix_ws/install/graph_msgs/share/graph_msgs/cmake/graph_msgs__rosidl_typesupport_cExport.cmake
[1.032s] -- Up-to-date: /home/inouemakoto/interbotix_ws/install/graph_msgs/share/graph_msgs/cmake/graph_msgs__rosidl_typesupport_cExport-debug.cmake
[1.032s] -- Up-to-date: /home/inouemakoto/interbotix_ws/install/graph_msgs/share/graph_msgs/cmake/export_graph_msgs__rosidl_generator_cppExport.cmake
[1.032s] -- Up-to-date: /home/inouemakoto/interbotix_ws/install/graph_msgs/share/graph_msgs/cmake/export_graph_msgs__rosidl_typesupport_fastrtps_cppExport.cmake
[1.032s] -- Up-to-date: /home/inouemakoto/interbotix_ws/install/graph_msgs/share/graph_msgs/cmake/export_graph_msgs__rosidl_typesupport_fastrtps_cppExport-debug.cmake
[1.032s] -- Up-to-date: /home/inouemakoto/interbotix_ws/install/graph_msgs/share/graph_msgs/cmake/graph_msgs__rosidl_typesupport_introspection_cppExport.cmake
[1.032s] -- Up-to-date: /home/inouemakoto/interbotix_ws/install/graph_msgs/share/graph_msgs/cmake/graph_msgs__rosidl_typesupport_introspection_cppExport-debug.cmake
[1.032s] -- Up-to-date: /home/inouemakoto/interbotix_ws/install/graph_msgs/share/graph_msgs/cmake/graph_msgs__rosidl_typesupport_cppExport.cmake
[1.032s] -- Up-to-date: /home/inouemakoto/interbotix_ws/install/graph_msgs/share/graph_msgs/cmake/graph_msgs__rosidl_typesupport_cppExport-debug.cmake
[1.032s] -- Up-to-date: /home/inouemakoto/interbotix_ws/install/graph_msgs/share/graph_msgs/cmake/export_graph_msgs__rosidl_generator_pyExport.cmake
[1.032s] -- Up-to-date: /home/inouemakoto/interbotix_ws/install/graph_msgs/share/graph_msgs/cmake/export_graph_msgs__rosidl_generator_pyExport-debug.cmake
[1.032s] -- Up-to-date: /home/inouemakoto/interbotix_ws/install/graph_msgs/share/graph_msgs/cmake/rosidl_cmake-extras.cmake
[1.032s] -- Up-to-date: /home/inouemakoto/interbotix_ws/install/graph_msgs/share/graph_msgs/cmake/ament_cmake_export_dependencies-extras.cmake
[1.032s] -- Up-to-date: /home/inouemakoto/interbotix_ws/install/graph_msgs/share/graph_msgs/cmake/ament_cmake_export_include_directories-extras.cmake
[1.032s] -- Up-to-date: /home/inouemakoto/interbotix_ws/install/graph_msgs/share/graph_msgs/cmake/ament_cmake_export_libraries-extras.cmake
[1.033s] -- Up-to-date: /home/inouemakoto/interbotix_ws/install/graph_msgs/share/graph_msgs/cmake/ament_cmake_export_targets-extras.cmake
[1.033s] -- Up-to-date: /home/inouemakoto/interbotix_ws/install/graph_msgs/share/graph_msgs/cmake/rosidl_cmake_export_typesupport_targets-extras.cmake
[1.033s] -- Up-to-date: /home/inouemakoto/interbotix_ws/install/graph_msgs/share/graph_msgs/cmake/rosidl_cmake_export_typesupport_libraries-extras.cmake
[1.033s] -- Up-to-date: /home/inouemakoto/interbotix_ws/install/graph_msgs/share/graph_msgs/cmake/graph_msgsConfig.cmake
[1.033s] -- Up-to-date: /home/inouemakoto/interbotix_ws/install/graph_msgs/share/graph_msgs/cmake/graph_msgsConfig-version.cmake
[1.033s] -- Up-to-date: /home/inouemakoto/interbotix_ws/install/graph_msgs/share/graph_msgs/package.xml
[1.064s] Invoked command in '/home/inouemakoto/interbotix_ws/build/graph_msgs' returned '0': CMAKE_PREFIX_PATH=${CMAKE_PREFIX_PATH}:/home/inouemakoto/interbotix_ws/install/interbotix_xs_modules:/home/inouemakoto/interbotix_ws/install/interbotix_common_modules:/home/inouemakoto/ws_moveit2/install/moveit_configs_utils:/home/inouemakoto/ws_moveit2/install/launch_param_builder:/opt/ros/humble /usr/bin/cmake --install /home/inouemakoto/interbotix_ws/build/graph_msgs
