[1.470s] Invoking command in '/home/inouemakoto/interbotix_ws/build/interbotix_rpi_msgs': CMAKE_PREFIX_PATH=${CMAKE_PREFIX_PATH}:/home/inouemakoto/interbotix_ws/install/yolov5_ros2:/home/inouemakoto/interbotix_ws/install/pick_vision:/home/inouemakoto/interbotix_ws/install/moveit_service:/home/inouemakoto/interbotix_ws/install/opencv_tests:/home/inouemakoto/interbotix_ws/install/opencv_ros2:/home/inouemakoto/interbotix_ws/install/makoto:/home/inouemakoto/interbotix_ws/install/interbotix_xs_modules:/home/inouemakoto/interbotix_ws/install/interbotix_landmark_modules:/home/inouemakoto/interbotix_ws/install/interbotix_perception_modules:/home/inouemakoto/interbotix_ws/install/interbotix_rpi_modules:/home/inouemakoto/interbotix_ws/install/interbotix_common_modules:/home/inouemakoto/interbotix_ws/install/camera:/home/inouemakoto/ws_moveit2/install/moveit_configs_utils:/home/inouemakoto/ws_moveit2/install/launch_param_builder:/home/inouemakoto/install/moveit_service:/home/inouemakoto/install/interbotix_xs_modules:/home/inouemakoto/install/interbotix_moveit_interface_msgs:/home/inouemakoto/install/interbotix_common_modules:/opt/ros/humble /usr/bin/cmake --build /home/inouemakoto/interbotix_ws/build/interbotix_rpi_msgs -- -j20 -l20
[2.357s] [  3%] Built target interbotix_rpi_msgs__cpp
[2.358s] [ 12%] Built target interbotix_rpi_msgs__rosidl_generator_c
[2.358s] [35m[1mConsolidate compiler generated dependencies of target interbotix_rpi_msgs__rosidl_typesupport_fastrtps_cpp[0m
[2.358s] [35m[1mConsolidate compiler generated dependencies of target interbotix_rpi_msgs__rosidl_typesupport_fastrtps_c[0m
[2.358s] [35m[1mConsolidate compiler generated dependencies of target interbotix_rpi_msgs__rosidl_typesupport_introspection_cpp[0m
[2.358s] [35m[1mConsolidate compiler generated dependencies of target interbotix_rpi_msgs__rosidl_typesupport_cpp[0m
[2.358s] [35m[1mConsolidate compiler generated dependencies of target interbotix_rpi_msgs__rosidl_typesupport_introspection_c[0m
[2.358s] [35m[1mConsolidate compiler generated dependencies of target interbotix_rpi_msgs__rosidl_typesupport_c[0m
[2.358s] [ 22%] Built target interbotix_rpi_msgs__rosidl_typesupport_introspection_cpp
[2.359s] [ 32%] Built target interbotix_rpi_msgs__rosidl_typesupport_fastrtps_cpp
[2.359s] [ 41%] Built target interbotix_rpi_msgs__rosidl_typesupport_cpp
[2.359s] [ 51%] Built target interbotix_rpi_msgs__rosidl_typesupport_fastrtps_c
[2.359s] [ 61%] Built target interbotix_rpi_msgs__rosidl_typesupport_c
[2.359s] [ 70%] Built target interbotix_rpi_msgs__rosidl_typesupport_introspection_c
[2.359s] failed to create symbolic link '/home/inouemakoto/interbotix_ws/build/interbotix_rpi_msgs/ament_cmake_python/interbotix_rpi_msgs/interbotix_rpi_msgs' because existing path cannot be removed: Is a directory
[2.359s] gmake[2]: *** [CMakeFiles/ament_cmake_python_symlink_interbotix_rpi_msgs.dir/build.make:70: CMakeFiles/ament_cmake_python_symlink_interbotix_rpi_msgs] Error 1
[2.359s] gmake[1]: *** [CMakeFiles/Makefile2:421: CMakeFiles/ament_cmake_python_symlink_interbotix_rpi_msgs.dir/all] Error 2
[2.359s] gmake[1]: *** Waiting for unfinished jobs....
[2.360s] gmake: *** [Makefile:146: all] Error 2
[2.372s] Invoked command in '/home/inouemakoto/interbotix_ws/build/interbotix_rpi_msgs' returned '2': CMAKE_PREFIX_PATH=${CMAKE_PREFIX_PATH}:/home/inouemakoto/interbotix_ws/install/yolov5_ros2:/home/inouemakoto/interbotix_ws/install/pick_vision:/home/inouemakoto/interbotix_ws/install/moveit_service:/home/inouemakoto/interbotix_ws/install/opencv_tests:/home/inouemakoto/interbotix_ws/install/opencv_ros2:/home/inouemakoto/interbotix_ws/install/makoto:/home/inouemakoto/interbotix_ws/install/interbotix_xs_modules:/home/inouemakoto/interbotix_ws/install/interbotix_landmark_modules:/home/inouemakoto/interbotix_ws/install/interbotix_perception_modules:/home/inouemakoto/interbotix_ws/install/interbotix_rpi_modules:/home/inouemakoto/interbotix_ws/install/interbotix_common_modules:/home/inouemakoto/interbotix_ws/install/camera:/home/inouemakoto/ws_moveit2/install/moveit_configs_utils:/home/inouemakoto/ws_moveit2/install/launch_param_builder:/home/inouemakoto/install/moveit_service:/home/inouemakoto/install/interbotix_xs_modules:/home/inouemakoto/install/interbotix_moveit_interface_msgs:/home/inouemakoto/install/interbotix_common_modules:/opt/ros/humble /usr/bin/cmake --build /home/inouemakoto/interbotix_ws/build/interbotix_rpi_msgs -- -j20 -l20
