[0.000000] (-) TimerEvent: {}
[0.000083] (-) JobUnselected: {'identifier': 'dynamixel_workbench_toolbox'}
[0.000105] (-) JobUnselected: {'identifier': 'graph_msgs'}
[0.000119] (-) JobUnselected: {'identifier': 'hello_moveit2'}
[0.000132] (-) JobUnselected: {'identifier': 'interbotix_common_modules'}
[0.000144] (-) JobUnselected: {'identifier': 'interbotix_common_sim'}
[0.000156] (-) JobUnselected: {'identifier': 'interbotix_common_toolbox'}
[0.000168] (-) JobUnselected: {'identifier': 'interbotix_moveit_interface'}
[0.000179] (-) JobUnselected: {'identifier': 'interbotix_moveit_interface_msgs'}
[0.000191] (-) JobUnselected: {'identifier': 'interbotix_ros_xsarms'}
[0.000203] (-) JobUnselected: {'identifier': 'interbotix_ros_xsarms_examples'}
[0.000214] (-) JobUnselected: {'identifier': 'interbotix_ros_xseries'}
[0.000226] (-) JobUnselected: {'identifier': 'interbotix_tf_tools'}
[0.000237] (-) JobUnselected: {'identifier': 'interbotix_xs_driver'}
[0.000248] (-) JobUnselected: {'identifier': 'interbotix_xs_modules'}
[0.000260] (-) JobUnselected: {'identifier': 'interbotix_xs_msgs'}
[0.000271] (-) JobUnselected: {'identifier': 'interbotix_xs_ros_control'}
[0.000282] (-) JobUnselected: {'identifier': 'interbotix_xs_rviz'}
[0.000293] (-) JobUnselected: {'identifier': 'interbotix_xs_sdk'}
[0.000305] (-) JobUnselected: {'identifier': 'interbotix_xs_toolbox'}
[0.000319] (-) JobUnselected: {'identifier': 'interbotix_xsarm_control'}
[0.000331] (-) JobUnselected: {'identifier': 'interbotix_xsarm_descriptions'}
[0.000342] (-) JobUnselected: {'identifier': 'interbotix_xsarm_joy'}
[0.000353] (-) JobUnselected: {'identifier': 'interbotix_xsarm_moveit'}
[0.000365] (-) JobUnselected: {'identifier': 'interbotix_xsarm_moveit_interface'}
[0.000376] (-) JobUnselected: {'identifier': 'interbotix_xsarm_ros_control'}
[0.000387] (-) JobUnselected: {'identifier': 'interbotix_xsarm_sim'}
[0.000399] (-) JobUnselected: {'identifier': 'moveit_interbotix_test1'}
[0.000410] (-) JobUnselected: {'identifier': 'moveit_visual_tools'}
[0.000421] (-) JobUnselected: {'identifier': 'rviz_visual_tools'}
[0.000432] (-) JobUnselected: {'identifier': 'vx300s_moveit_config'}
[0.000443] (-) JobUnselected: {'identifier': 'vx300s_run_move_group'}
[0.000455] (-) EventReactorShutdown: {}
