[6.519s] Invoking command in '/home/inouemakoto/interbotix_ws/src/chapter5/opencv_ros2': PYTHONPATH=/home/inouemakoto/interbotix_ws/build/opencv_ros2/prefix_override:/home/inouemakoto/interbotix_ws/install/opencv_ros2/lib/python3.10/site-packages:${PYTHONPATH} /usr/bin/python3 setup.py egg_info --egg-base ../../../build/opencv_ros2 build --build-base /home/inouemakoto/interbotix_ws/build/opencv_ros2/build install --record /home/inouemakoto/interbotix_ws/build/opencv_ros2/install.log --install-scripts $base/lib/opencv_ros2 --single-version-externally-managed
[7.252s] running egg_info
[7.252s] writing ../../../build/opencv_ros2/opencv_ros2.egg-info/PKG-INFO
[7.253s] writing dependency_links to ../../../build/opencv_ros2/opencv_ros2.egg-info/dependency_links.txt
[7.253s] writing entry points to ../../../build/opencv_ros2/opencv_ros2.egg-info/entry_points.txt
[7.253s] writing requirements to ../../../build/opencv_ros2/opencv_ros2.egg-info/requires.txt
[7.253s] writing top-level names to ../../../build/opencv_ros2/opencv_ros2.egg-info/top_level.txt
[7.253s] reading manifest file '../../../build/opencv_ros2/opencv_ros2.egg-info/SOURCES.txt'
[7.253s] adding license file 'LICENSE'
[7.254s] writing manifest file '../../../build/opencv_ros2/opencv_ros2.egg-info/SOURCES.txt'
[7.254s] running build
[7.254s] running build_py
[7.254s] running install
[7.254s] running install_lib
[7.254s] running install_data
[7.254s] running install_egg_info
[7.255s] removing '/home/inouemakoto/interbotix_ws/install/opencv_ros2/lib/python3.10/site-packages/opencv_ros2-1.0.0-py3.10.egg-info' (and everything under it)
[7.255s] Copying ../../../build/opencv_ros2/opencv_ros2.egg-info to /home/inouemakoto/interbotix_ws/install/opencv_ros2/lib/python3.10/site-packages/opencv_ros2-1.0.0-py3.10.egg-info
[7.255s] running install_scripts
[7.255s] Installing aruco_node_tf script to /home/inouemakoto/interbotix_ws/install/opencv_ros2/lib/opencv_ros2
[7.255s] Installing canny_edge_detection script to /home/inouemakoto/interbotix_ws/install/opencv_ros2/lib/opencv_ros2
[7.255s] Installing challenge5_1_say_hello script to /home/inouemakoto/interbotix_ws/install/opencv_ros2/lib/opencv_ros2
[7.255s] Installing challenge5_2_cup_direction script to /home/inouemakoto/interbotix_ws/install/opencv_ros2/lib/opencv_ros2
[7.255s] Installing face_detection script to /home/inouemakoto/interbotix_ws/install/opencv_ros2/lib/opencv_ros2
[7.256s] Installing imgproc_opencv_ros script to /home/inouemakoto/interbotix_ws/install/opencv_ros2/lib/opencv_ros2
[7.256s] Installing qrcode_detector script to /home/inouemakoto/interbotix_ws/install/opencv_ros2/lib/opencv_ros2
[7.256s] Installing quiz5_1_smile_detection script to /home/inouemakoto/interbotix_ws/install/opencv_ros2/lib/opencv_ros2
[7.257s] writing list of installed files to '/home/inouemakoto/interbotix_ws/build/opencv_ros2/install.log'
[7.257s] /home/inouemakoto/.local/lib/python3.10/site-packages/setuptools/dist.py:717: UserWarning: Usage of dash-separated 'script-dir' will not be supported in future versions. Please use the underscore name 'script_dir' instead
[7.257s]   warnings.warn(
[8.687s] Invoked command in '/home/inouemakoto/interbotix_ws/src/chapter5/opencv_ros2' returned '0': PYTHONPATH=/home/inouemakoto/interbotix_ws/build/opencv_ros2/prefix_override:/home/inouemakoto/interbotix_ws/install/opencv_ros2/lib/python3.10/site-packages:${PYTHONPATH} /usr/bin/python3 setup.py egg_info --egg-base ../../../build/opencv_ros2 build --build-base /home/inouemakoto/interbotix_ws/build/opencv_ros2/build install --record /home/inouemakoto/interbotix_ws/build/opencv_ros2/install.log --install-scripts $base/lib/opencv_ros2 --single-version-externally-managed
