/home/inouemakoto/interbotix_ws/install/moveit_service/lib/python3.10/site-packages/moveit_service/target_server.py
/home/inouemakoto/interbotix_ws/install/moveit_service/lib/python3.10/site-packages/moveit_service/camera_imu.py
/home/inouemakoto/interbotix_ws/install/moveit_service/lib/python3.10/site-packages/moveit_service/moveit_debug.py
/home/inouemakoto/interbotix_ws/install/moveit_service/lib/python3.10/site-packages/moveit_service/moveit_order.py
/home/inouemakoto/interbotix_ws/install/moveit_service/lib/python3.10/site-packages/moveit_service/__init__.py
/home/inouemakoto/interbotix_ws/install/moveit_service/lib/python3.10/site-packages/moveit_service/interbotix_gripper.py
/home/inouemakoto/interbotix_ws/install/moveit_service/lib/python3.10/site-packages/moveit_service/test_server.py
/home/inouemakoto/interbotix_ws/install/moveit_service/lib/python3.10/site-packages/moveit_service/__pycache__/target_server.cpython-310.pyc
/home/inouemakoto/interbotix_ws/install/moveit_service/lib/python3.10/site-packages/moveit_service/__pycache__/camera_imu.cpython-310.pyc
/home/inouemakoto/interbotix_ws/install/moveit_service/lib/python3.10/site-packages/moveit_service/__pycache__/moveit_debug.cpython-310.pyc
/home/inouemakoto/interbotix_ws/install/moveit_service/lib/python3.10/site-packages/moveit_service/__pycache__/moveit_order.cpython-310.pyc
/home/inouemakoto/interbotix_ws/install/moveit_service/lib/python3.10/site-packages/moveit_service/__pycache__/__init__.cpython-310.pyc
/home/inouemakoto/interbotix_ws/install/moveit_service/lib/python3.10/site-packages/moveit_service/__pycache__/interbotix_gripper.cpython-310.pyc
/home/inouemakoto/interbotix_ws/install/moveit_service/lib/python3.10/site-packages/moveit_service/__pycache__/test_server.cpython-310.pyc
/home/inouemakoto/interbotix_ws/install/moveit_service/share/ament_index/resource_index/packages/moveit_service
/home/inouemakoto/interbotix_ws/install/moveit_service/share/moveit_service/package.xml
/home/inouemakoto/interbotix_ws/install/moveit_service/lib/python3.10/site-packages/moveit_service-0.0.0-py3.10.egg-info/top_level.txt
/home/inouemakoto/interbotix_ws/install/moveit_service/lib/python3.10/site-packages/moveit_service-0.0.0-py3.10.egg-info/dependency_links.txt
/home/inouemakoto/interbotix_ws/install/moveit_service/lib/python3.10/site-packages/moveit_service-0.0.0-py3.10.egg-info/SOURCES.txt
/home/inouemakoto/interbotix_ws/install/moveit_service/lib/python3.10/site-packages/moveit_service-0.0.0-py3.10.egg-info/zip-safe
/home/inouemakoto/interbotix_ws/install/moveit_service/lib/python3.10/site-packages/moveit_service-0.0.0-py3.10.egg-info/PKG-INFO
/home/inouemakoto/interbotix_ws/install/moveit_service/lib/python3.10/site-packages/moveit_service-0.0.0-py3.10.egg-info/entry_points.txt
/home/inouemakoto/interbotix_ws/install/moveit_service/lib/python3.10/site-packages/moveit_service-0.0.0-py3.10.egg-info/requires.txt
/home/inouemakoto/interbotix_ws/install/moveit_service/lib/moveit_service/camera_imu
/home/inouemakoto/interbotix_ws/install/moveit_service/lib/moveit_service/interbotix_gripper
/home/inouemakoto/interbotix_ws/install/moveit_service/lib/moveit_service/moveit_order
/home/inouemakoto/interbotix_ws/install/moveit_service/lib/moveit_service/target_server
/home/inouemakoto/interbotix_ws/install/moveit_service/lib/moveit_service/test_server
