[1.750s] Invoking command in '/home/inouemakoto/interbotix_ws/src/makoto': PYTHONPATH=/home/inouemakoto/interbotix_ws/build/makoto/prefix_override:/home/inouemakoto/interbotix_ws/install/makoto/lib/python3.10/site-packages:${PYTHONPATH} /usr/bin/python3 setup.py egg_info --egg-base ../../build/makoto build --build-base /home/inouemakoto/interbotix_ws/build/makoto/build install --record /home/inouemakoto/interbotix_ws/build/makoto/install.log --single-version-externally-managed
[2.041s] running egg_info
[2.042s] writing ../../build/makoto/makoto.egg-info/PKG-INFO
[2.042s] writing dependency_links to ../../build/makoto/makoto.egg-info/dependency_links.txt
[2.042s] writing entry points to ../../build/makoto/makoto.egg-info/entry_points.txt
[2.042s] writing requirements to ../../build/makoto/makoto.egg-info/requires.txt
[2.042s] writing top-level names to ../../build/makoto/makoto.egg-info/top_level.txt
[2.044s] reading manifest file '../../build/makoto/makoto.egg-info/SOURCES.txt'
[2.045s] writing manifest file '../../build/makoto/makoto.egg-info/SOURCES.txt'
[2.045s] running build
[2.045s] running build_py
[2.045s] copying makoto/pick__place.py -> /home/inouemakoto/interbotix_ws/build/makoto/build/lib/makoto
[2.045s] running install
[2.045s] running install_lib
[2.046s] copying /home/inouemakoto/interbotix_ws/build/makoto/build/lib/makoto/pick__place.py -> /home/inouemakoto/interbotix_ws/install/makoto/lib/python3.10/site-packages/makoto
[2.047s] byte-compiling /home/inouemakoto/interbotix_ws/install/makoto/lib/python3.10/site-packages/makoto/pick__place.py to pick__place.cpython-310.pyc
[2.047s] running install_data
[2.048s] running install_egg_info
[2.049s] removing '/home/inouemakoto/interbotix_ws/install/makoto/lib/python3.10/site-packages/makoto-0.0.0-py3.10.egg-info' (and everything under it)
[2.049s] Copying ../../build/makoto/makoto.egg-info to /home/inouemakoto/interbotix_ws/install/makoto/lib/python3.10/site-packages/makoto-0.0.0-py3.10.egg-info
[2.050s] running install_scripts
[2.072s] Installing pick__place script to /home/inouemakoto/interbotix_ws/install/makoto/lib/makoto
[2.072s] writing list of installed files to '/home/inouemakoto/interbotix_ws/build/makoto/install.log'
[2.102s] Invoked command in '/home/inouemakoto/interbotix_ws/src/makoto' returned '0': PYTHONPATH=/home/inouemakoto/interbotix_ws/build/makoto/prefix_override:/home/inouemakoto/interbotix_ws/install/makoto/lib/python3.10/site-packages:${PYTHONPATH} /usr/bin/python3 setup.py egg_info --egg-base ../../build/makoto build --build-base /home/inouemakoto/interbotix_ws/build/makoto/build install --record /home/inouemakoto/interbotix_ws/build/makoto/install.log --single-version-externally-managed
