[2.683s] Invoking command in '/home/inouemakoto/interbotix_ws/src/makoto': PYTHONPATH=/home/inouemakoto/interbotix_ws/build/makoto/prefix_override:/home/inouemakoto/interbotix_ws/install/makoto/lib/python3.10/site-packages:${PYTHONPATH} /usr/bin/python3 setup.py egg_info --egg-base ../../build/makoto build --build-base /home/inouemakoto/interbotix_ws/build/makoto/build install --record /home/inouemakoto/interbotix_ws/build/makoto/install.log --single-version-externally-managed
[2.979s] running egg_info
[2.980s] writing ../../build/makoto/makoto.egg-info/PKG-INFO
[2.980s] writing dependency_links to ../../build/makoto/makoto.egg-info/dependency_links.txt
[2.980s] writing entry points to ../../build/makoto/makoto.egg-info/entry_points.txt
[2.981s] writing requirements to ../../build/makoto/makoto.egg-info/requires.txt
[2.981s] writing top-level names to ../../build/makoto/makoto.egg-info/top_level.txt
[2.982s] reading manifest file '../../build/makoto/makoto.egg-info/SOURCES.txt'
[2.983s] writing manifest file '../../build/makoto/makoto.egg-info/SOURCES.txt'
[2.983s] running build
[2.983s] running build_py
[2.983s] running install
[2.983s] running install_lib
[2.986s] running install_data
[2.986s] running install_egg_info
[2.987s] removing '/home/inouemakoto/interbotix_ws/install/makoto/lib/python3.10/site-packages/makoto-0.0.0-py3.10.egg-info' (and everything under it)
[2.988s] Copying ../../build/makoto/makoto.egg-info to /home/inouemakoto/interbotix_ws/install/makoto/lib/python3.10/site-packages/makoto-0.0.0-py3.10.egg-info
[2.988s] running install_scripts
[3.010s] Installing pick__place script to /home/inouemakoto/interbotix_ws/install/makoto/lib/makoto
[3.010s] writing list of installed files to '/home/inouemakoto/interbotix_ws/build/makoto/install.log'
[3.800s] Invoked command in '/home/inouemakoto/interbotix_ws/src/makoto' returned '0': PYTHONPATH=/home/inouemakoto/interbotix_ws/build/makoto/prefix_override:/home/inouemakoto/interbotix_ws/install/makoto/lib/python3.10/site-packages:${PYTHONPATH} /usr/bin/python3 setup.py egg_info --egg-base ../../build/makoto build --build-base /home/inouemakoto/interbotix_ws/build/makoto/build install --record /home/inouemakoto/interbotix_ws/build/makoto/install.log --single-version-externally-managed
