[0.294s] Invoking command in '/home/inouemakoto/interbotix_ws/build/move_group_node': CMAKE_PREFIX_PATH=${CMAKE_PREFIX_PATH}:/home/inouemakoto/interbotix_ws/install/interbotix_xs_modules:/home/inouemakoto/interbotix_ws/install/interbotix_common_modules:/home/inouemakoto/install/interbotix_xs_modules:/home/inouemakoto/install/interbotix_common_modules:/home/inouemakoto/ws_moveit2/install/moveit_configs_utils:/home/inouemakoto/ws_moveit2/install/launch_param_builder:/opt/ros/humble /usr/bin/cmake /home/inouemakoto/interbotix_ws/src/move_group_node -DCMAKE_BUILD_TYPE=Debug -DCMAKE_INSTALL_PREFIX=/home/inouemakoto/interbotix_ws/install/move_group_node
[0.350s] -- The C compiler identification is GNU 11.3.0
[0.409s] -- The CXX compiler identification is GNU 11.3.0
[0.419s] -- Detecting C compiler ABI info
[0.507s] -- Detecting C compiler ABI info - done
[0.520s] -- Check for working C compiler: /usr/bin/cc - skipped
[0.521s] -- Detecting C compile features
[0.521s] -- Detecting C compile features - done
[0.525s] -- Detecting CXX compiler ABI info
[0.608s] -- Detecting CXX compiler ABI info - done
[0.614s] -- Check for working CXX compiler: /usr/bin/c++ - skipped
[0.614s] -- Detecting CXX compile features
[0.614s] -- Detecting CXX compile features - done
[0.622s] -- Found ament_cmake: 1.3.4 (/opt/ros/humble/share/ament_cmake/cmake)
[0.827s] -- Found Python3: /usr/bin/python3.10 (found version "3.10.6") found components: Interpreter 
[1.018s] -- Found moveit_ros_planning_interface: 2.5.4 (/home/inouemakoto/ws_moveit2/install/moveit_ros_planning_interface/share/moveit_ros_planning_interface/cmake)
[1.243s] -- Found Boost: /usr/lib/x86_64-linux-gnu/cmake/Boost-1.74.0/BoostConfig.cmake (found version "1.74.0") found components: date_time filesystem program_options system thread 
[1.355s] -- Found rosidl_generator_c: 3.1.4 (/opt/ros/humble/share/rosidl_generator_c/cmake)
[1.371s] -- Found rosidl_adapter: 3.1.4 (/opt/ros/humble/share/rosidl_adapter/cmake)
[1.390s] -- Found rosidl_generator_cpp: 3.1.4 (/opt/ros/humble/share/rosidl_generator_cpp/cmake)
[1.422s] -- Using all available rosidl_typesupport_c: rosidl_typesupport_fastrtps_c;rosidl_typesupport_introspection_c
[1.468s] -- Using all available rosidl_typesupport_cpp: rosidl_typesupport_fastrtps_cpp;rosidl_typesupport_introspection_cpp
[2.485s] -- Found Boost: /usr/lib/x86_64-linux-gnu/cmake/Boost-1.74.0/BoostConfig.cmake (found version "1.74.0") found components: chrono date_time filesystem iostreams program_options regex serialization system thread 
[2.526s] -- Found parameter_traits: 0.3.3 (/opt/ros/humble/share/parameter_traits/cmake)
[2.646s] -- Found rmw_implementation_cmake: 6.1.1 (/opt/ros/humble/share/rmw_implementation_cmake/cmake)
[2.658s] -- Found rmw_fastrtps_cpp: 6.2.2 (/opt/ros/humble/share/rmw_fastrtps_cpp/cmake)
[2.798s] -- Found OpenSSL: /usr/lib/x86_64-linux-gnu/libcrypto.so (found version "3.0.2")  
[2.835s] -- Found FastRTPS: /opt/ros/humble/include  
[2.897s] -- Using RMW implementation 'rmw_fastrtps_cpp' as default
[2.924s] -- Found Threads: TRUE  
[3.109s] -- Found rclcpp_lifecycle: 16.0.4 (/opt/ros/humble/share/rclcpp_lifecycle/cmake)
[3.168s] -- Found Boost: /usr/lib/x86_64-linux-gnu/cmake/Boost-1.74.0/BoostConfig.cmake (found version "1.74.0") found components: filesystem 
[3.320s] -- library: /usr/lib/x86_64-linux-gnu/libcurl.so
[3.506s] -- Found Eigen3: TRUE (found version "3.4.0") 
[3.506s] -- Ensuring Eigen3 include directory is part of orocos-kdl CMake target
[4.136s] -- Found Boost: /usr/lib/x86_64-linux-gnu/cmake/Boost-1.74.0/BoostConfig.cmake (found version "1.74.0") found components: system filesystem date_time program_options thread chrono 
[4.704s] -- Found Boost: /usr/lib/x86_64-linux-gnu/cmake/Boost-1.74.0/BoostConfig.cmake (found version "1.74.0") found components: thread system filesystem regex date_time program_options 
[4.967s] -- Found Boost: /usr/lib/x86_64-linux-gnu/cmake/Boost-1.74.0/BoostConfig.cmake (found version "1.74.0") found components: system filesystem date_time program_options thread 
[5.432s] -- Found ament_lint_auto: 0.12.6 (/opt/ros/humble/share/ament_lint_auto/cmake)
[5.544s] -- Added test 'cppcheck' to perform static code analysis on C / C++ code
[5.544s] -- Configured cppcheck include dirs: $<BUILD_INTERFACE:/home/inouemakoto/interbotix_ws/src/move_group_node/include>
[5.544s] -- Configured cppcheck exclude dirs and/or files: 
[5.545s] -- Added test 'lint_cmake' to check CMake code style
[5.547s] -- Added test 'uncrustify' to check C / C++ code style
[5.547s] -- Configured uncrustify additional arguments: 
[5.549s] -- Added test 'xmllint' to check XML markup files
[5.552s] -- Configuring done
[5.575s] -- Generating done
[5.577s] -- Build files have been written to: /home/inouemakoto/interbotix_ws/build/move_group_node
[5.586s] Invoked command in '/home/inouemakoto/interbotix_ws/build/move_group_node' returned '0': CMAKE_PREFIX_PATH=${CMAKE_PREFIX_PATH}:/home/inouemakoto/interbotix_ws/install/interbotix_xs_modules:/home/inouemakoto/interbotix_ws/install/interbotix_common_modules:/home/inouemakoto/install/interbotix_xs_modules:/home/inouemakoto/install/interbotix_common_modules:/home/inouemakoto/ws_moveit2/install/moveit_configs_utils:/home/inouemakoto/ws_moveit2/install/launch_param_builder:/opt/ros/humble /usr/bin/cmake /home/inouemakoto/interbotix_ws/src/move_group_node -DCMAKE_BUILD_TYPE=Debug -DCMAKE_INSTALL_PREFIX=/home/inouemakoto/interbotix_ws/install/move_group_node
[5.587s] Invoking command in '/home/inouemakoto/interbotix_ws/build/move_group_node': CMAKE_PREFIX_PATH=${CMAKE_PREFIX_PATH}:/home/inouemakoto/interbotix_ws/install/interbotix_xs_modules:/home/inouemakoto/interbotix_ws/install/interbotix_common_modules:/home/inouemakoto/install/interbotix_xs_modules:/home/inouemakoto/install/interbotix_common_modules:/home/inouemakoto/ws_moveit2/install/moveit_configs_utils:/home/inouemakoto/ws_moveit2/install/launch_param_builder:/opt/ros/humble /usr/bin/cmake --build /home/inouemakoto/interbotix_ws/build/move_group_node -- -j20 -l20
[5.640s] [ 50%] [32mBuilding CXX object CMakeFiles/run_move_group.dir/src/run_move_group.cpp.o[0m
[12.594s] [100%] [32m[1mLinking CXX executable run_move_group[0m
[13.240s] [100%] Built target run_move_group
[13.251s] Invoked command in '/home/inouemakoto/interbotix_ws/build/move_group_node' returned '0': CMAKE_PREFIX_PATH=${CMAKE_PREFIX_PATH}:/home/inouemakoto/interbotix_ws/install/interbotix_xs_modules:/home/inouemakoto/interbotix_ws/install/interbotix_common_modules:/home/inouemakoto/install/interbotix_xs_modules:/home/inouemakoto/install/interbotix_common_modules:/home/inouemakoto/ws_moveit2/install/moveit_configs_utils:/home/inouemakoto/ws_moveit2/install/launch_param_builder:/opt/ros/humble /usr/bin/cmake --build /home/inouemakoto/interbotix_ws/build/move_group_node -- -j20 -l20
[13.290s] Invoking command in '/home/inouemakoto/interbotix_ws/build/move_group_node': CMAKE_PREFIX_PATH=${CMAKE_PREFIX_PATH}:/home/inouemakoto/interbotix_ws/install/interbotix_xs_modules:/home/inouemakoto/interbotix_ws/install/interbotix_common_modules:/home/inouemakoto/install/interbotix_xs_modules:/home/inouemakoto/install/interbotix_common_modules:/home/inouemakoto/ws_moveit2/install/moveit_configs_utils:/home/inouemakoto/ws_moveit2/install/launch_param_builder:/opt/ros/humble /usr/bin/cmake --install /home/inouemakoto/interbotix_ws/build/move_group_node
[13.300s] -- Install configuration: "Debug"
[13.300s] -- Installing: /home/inouemakoto/interbotix_ws/install/move_group_node/lib/move_group_node/run_move_group
[13.304s] -- Set runtime path of "/home/inouemakoto/interbotix_ws/install/move_group_node/lib/move_group_node/run_move_group" to ""
[13.304s] -- Installing: /home/inouemakoto/interbotix_ws/install/move_group_node/share/ament_index/resource_index/package_run_dependencies/move_group_node
[13.304s] -- Installing: /home/inouemakoto/interbotix_ws/install/move_group_node/share/ament_index/resource_index/parent_prefix_path/move_group_node
[13.304s] -- Installing: /home/inouemakoto/interbotix_ws/install/move_group_node/share/move_group_node/environment/ament_prefix_path.sh
[13.304s] -- Installing: /home/inouemakoto/interbotix_ws/install/move_group_node/share/move_group_node/environment/ament_prefix_path.dsv
[13.304s] -- Installing: /home/inouemakoto/interbotix_ws/install/move_group_node/share/move_group_node/environment/path.sh
[13.304s] -- Installing: /home/inouemakoto/interbotix_ws/install/move_group_node/share/move_group_node/environment/path.dsv
[13.304s] -- Installing: /home/inouemakoto/interbotix_ws/install/move_group_node/share/move_group_node/local_setup.bash
[13.304s] -- Installing: /home/inouemakoto/interbotix_ws/install/move_group_node/share/move_group_node/local_setup.sh
[13.304s] -- Installing: /home/inouemakoto/interbotix_ws/install/move_group_node/share/move_group_node/local_setup.zsh
[13.304s] -- Installing: /home/inouemakoto/interbotix_ws/install/move_group_node/share/move_group_node/local_setup.dsv
[13.305s] -- Installing: /home/inouemakoto/interbotix_ws/install/move_group_node/share/move_group_node/package.dsv
[13.305s] -- Installing: /home/inouemakoto/interbotix_ws/install/move_group_node/share/ament_index/resource_index/packages/move_group_node
[13.305s] -- Installing: /home/inouemakoto/interbotix_ws/install/move_group_node/share/move_group_node/cmake/move_group_nodeConfig.cmake
[13.305s] -- Installing: /home/inouemakoto/interbotix_ws/install/move_group_node/share/move_group_node/cmake/move_group_nodeConfig-version.cmake
[13.305s] -- Installing: /home/inouemakoto/interbotix_ws/install/move_group_node/share/move_group_node/package.xml
[13.308s] Invoked command in '/home/inouemakoto/interbotix_ws/build/move_group_node' returned '0': CMAKE_PREFIX_PATH=${CMAKE_PREFIX_PATH}:/home/inouemakoto/interbotix_ws/install/interbotix_xs_modules:/home/inouemakoto/interbotix_ws/install/interbotix_common_modules:/home/inouemakoto/install/interbotix_xs_modules:/home/inouemakoto/install/interbotix_common_modules:/home/inouemakoto/ws_moveit2/install/moveit_configs_utils:/home/inouemakoto/ws_moveit2/install/launch_param_builder:/opt/ros/humble /usr/bin/cmake --install /home/inouemakoto/interbotix_ws/build/move_group_node
